Linux 6.12.33+kali-amd64 (two94) 	23/11/25 	_x86_64_	(12 CPU)

04:59:30 PM IST       DEV       tps     rkB/s     wkB/s     dkB/s   areq-sz    aqu-sz     await     %util
04:59:31 PM IST   nvme0n1      0.00      0.00      0.00      0.00      0.00      0.00      0.00      0.00
04:59:31 PM IST       sda     82.00      8.00    640.00      0.00      7.90      2.56     21.17     91.20

04:59:31 PM IST       DEV       tps     rkB/s     wkB/s     dkB/s   areq-sz    aqu-sz     await     %util
04:59:32 PM IST   nvme0n1      0.00      0.00      0.00      0.00      0.00      0.00      0.00      0.00
04:59:32 PM IST       sda     42.00      0.00    272.00      0.00      6.48      1.95     23.21     98.00

04:59:32 PM IST       DEV       tps     rkB/s     wkB/s     dkB/s   areq-sz    aqu-sz     await     %util
04:59:33 PM IST   nvme0n1      0.00      0.00      0.00      0.00      0.00      0.00      0.00      0.00
04:59:33 PM IST       sda     42.00      0.00    288.00      0.00      6.86      1.93     22.98     97.60

04:59:33 PM IST       DEV       tps     rkB/s     wkB/s     dkB/s   areq-sz    aqu-sz     await     %util
04:59:34 PM IST   nvme0n1      0.00      0.00      0.00      0.00      0.00      0.00      0.00      0.00
04:59:34 PM IST       sda     44.00      0.00    324.00      0.00      7.36      2.12     25.00    101.60

04:59:34 PM IST       DEV       tps     rkB/s     wkB/s     dkB/s   areq-sz    aqu-sz     await     %util
04:59:35 PM IST   nvme0n1      0.00      0.00      0.00      0.00      0.00      0.00      0.00      0.00
04:59:35 PM IST       sda    180.00      4.00   1256.00      0.00      7.00      1.94      6.26     84.40

04:59:35 PM IST       DEV       tps     rkB/s     wkB/s     dkB/s   areq-sz    aqu-sz     await     %util
04:59:36 PM IST   nvme0n1      0.00      0.00      0.00      0.00      0.00      0.00      0.00      0.00
04:59:36 PM IST       sda    445.00      0.00   2304.00      0.00      5.18      0.24      0.30     11.60

04:59:36 PM IST       DEV       tps     rkB/s     wkB/s     dkB/s   areq-sz    aqu-sz     await     %util
04:59:37 PM IST   nvme0n1      0.00      0.00      0.00      0.00      0.00      0.00      0.00      0.00
04:59:37 PM IST       sda    392.00      0.00   1856.00      0.00      4.73      0.23      0.32      8.00

04:59:37 PM IST       DEV       tps     rkB/s     wkB/s     dkB/s   areq-sz    aqu-sz     await     %util
04:59:38 PM IST   nvme0n1      0.00      0.00      0.00      0.00      0.00      0.00      0.00      0.00
04:59:38 PM IST       sda    425.00      0.00   2172.00      0.00      5.11      0.25      0.32     16.80

04:59:38 PM IST       DEV       tps     rkB/s     wkB/s     dkB/s   areq-sz    aqu-sz     await     %util
04:59:39 PM IST   nvme0n1      0.00      0.00      0.00      0.00      0.00      0.00      0.00      0.00
04:59:39 PM IST       sda    487.00      0.00   2280.00      0.00      4.68      0.30      0.34     14.40

04:59:39 PM IST       DEV       tps     rkB/s     wkB/s     dkB/s   areq-sz    aqu-sz     await     %util
04:59:40 PM IST   nvme0n1      0.00      0.00      0.00      0.00      0.00      0.00      0.00      0.00
04:59:40 PM IST       sda    412.00      0.00   2044.00      0.00      4.96      0.23      0.30     13.60

04:59:40 PM IST       DEV       tps     rkB/s     wkB/s     dkB/s   areq-sz    aqu-sz     await     %util
04:59:41 PM IST   nvme0n1      0.00      0.00      0.00      0.00      0.00      0.00      0.00      0.00
04:59:41 PM IST       sda    400.00      0.00   1896.00      0.00      4.74      0.22      0.29     12.80

04:59:41 PM IST       DEV       tps     rkB/s     wkB/s     dkB/s   areq-sz    aqu-sz     await     %util
04:59:42 PM IST   nvme0n1      0.00      0.00      0.00      0.00      0.00      0.00      0.00      0.00
04:59:42 PM IST       sda    406.00      0.00   1928.00      0.00      4.75      0.23      0.30     14.00

04:59:42 PM IST       DEV       tps     rkB/s     wkB/s     dkB/s   areq-sz    aqu-sz     await     %util
04:59:43 PM IST   nvme0n1      0.00      0.00      0.00      0.00      0.00      0.00      0.00      0.00
04:59:43 PM IST       sda    421.00      0.00   1980.00      0.00      4.70      0.23      0.30     11.20

04:59:43 PM IST       DEV       tps     rkB/s     wkB/s     dkB/s   areq-sz    aqu-sz     await     %util
04:59:44 PM IST   nvme0n1      0.00      0.00      0.00      0.00      0.00      0.00      0.00      0.00
04:59:44 PM IST       sda    386.00     52.00   1840.00      0.00      4.90      0.25      0.38      8.40

04:59:44 PM IST       DEV       tps     rkB/s     wkB/s     dkB/s   areq-sz    aqu-sz     await     %util
04:59:45 PM IST   nvme0n1      0.00      0.00      0.00      0.00      0.00      0.00      0.00      0.00
04:59:45 PM IST       sda    406.00      0.00   1972.00      0.00      4.86      0.23      0.31     14.00

04:59:45 PM IST       DEV       tps     rkB/s     wkB/s     dkB/s   areq-sz    aqu-sz     await     %util
04:59:46 PM IST   nvme0n1      0.00      0.00      0.00      0.00      0.00      0.00      0.00      0.00
04:59:46 PM IST       sda    385.00      0.00   1840.00      0.00      4.78      0.22      0.31     10.80

04:59:46 PM IST       DEV       tps     rkB/s     wkB/s     dkB/s   areq-sz    aqu-sz     await     %util
04:59:47 PM IST   nvme0n1      0.00      0.00      0.00      0.00      0.00      0.00      0.00      0.00
04:59:47 PM IST       sda    394.00      0.00   1888.00      0.00      4.79      0.22      0.29     12.00

04:59:47 PM IST       DEV       tps     rkB/s     wkB/s     dkB/s   areq-sz    aqu-sz     await     %util
04:59:48 PM IST   nvme0n1      0.00      0.00      0.00      0.00      0.00      0.00      0.00      0.00
04:59:48 PM IST       sda    400.00      0.00   1920.00      0.00      4.80      0.22      0.30     15.60

04:59:48 PM IST       DEV       tps     rkB/s     wkB/s     dkB/s   areq-sz    aqu-sz     await     %util
04:59:49 PM IST   nvme0n1      0.00      0.00      0.00      0.00      0.00      0.00      0.00      0.00
04:59:49 PM IST       sda    424.00      0.00   2036.00      0.00      4.80      0.23      0.30     12.40

04:59:49 PM IST       DEV       tps     rkB/s     wkB/s     dkB/s   areq-sz    aqu-sz     await     %util
04:59:50 PM IST   nvme0n1      0.00      0.00      0.00      0.00      0.00      0.00      0.00      0.00
04:59:50 PM IST       sda    428.00      0.00   1992.00      0.00      4.65      0.21      0.26     10.80

04:59:50 PM IST       DEV       tps     rkB/s     wkB/s     dkB/s   areq-sz    aqu-sz     await     %util
04:59:51 PM IST   nvme0n1      0.00      0.00      0.00      0.00      0.00      0.00      0.00      0.00
04:59:51 PM IST       sda    427.00      0.00   2104.00      0.00      4.93      0.26      0.33     15.20

04:59:51 PM IST       DEV       tps     rkB/s     wkB/s     dkB/s   areq-sz    aqu-sz     await     %util
04:59:52 PM IST   nvme0n1      0.00      0.00      0.00      0.00      0.00      0.00      0.00      0.00
04:59:52 PM IST       sda    439.00      0.00   2164.00      0.00      4.93      0.21      0.27     10.40

04:59:52 PM IST       DEV       tps     rkB/s     wkB/s     dkB/s   areq-sz    aqu-sz     await     %util
04:59:53 PM IST   nvme0n1      0.00      0.00      0.00      0.00      0.00      0.00      0.00      0.00
04:59:53 PM IST       sda    443.00      0.00   2184.00      0.00      4.93      0.22      0.28     10.00

04:59:53 PM IST       DEV       tps     rkB/s     wkB/s     dkB/s   areq-sz    aqu-sz     await     %util
04:59:54 PM IST   nvme0n1      0.00      0.00      0.00      0.00      0.00      0.00      0.00      0.00
04:59:54 PM IST       sda    438.00      0.00   2072.00      0.00      4.73      0.22      0.27     11.60

04:59:54 PM IST       DEV       tps     rkB/s     wkB/s     dkB/s   areq-sz    aqu-sz     await     %util
04:59:55 PM IST   nvme0n1      0.00      0.00      0.00      0.00      0.00      0.00      0.00      0.00
04:59:55 PM IST       sda    419.00      0.00   1952.00      0.00      4.66      0.20      0.26     11.60

04:59:55 PM IST       DEV       tps     rkB/s     wkB/s     dkB/s   areq-sz    aqu-sz     await     %util
04:59:56 PM IST   nvme0n1      0.00      0.00      0.00      0.00      0.00      0.00      0.00      0.00
04:59:56 PM IST       sda    424.00      0.00   2148.00      0.00      5.07      0.21      0.27     10.80

04:59:56 PM IST       DEV       tps     rkB/s     wkB/s     dkB/s   areq-sz    aqu-sz     await     %util
04:59:57 PM IST   nvme0n1      0.00      0.00      0.00      0.00      0.00      0.00      0.00      0.00
04:59:57 PM IST       sda    431.00      0.00   2036.00      0.00      4.72      0.21      0.27      8.00

04:59:57 PM IST       DEV       tps     rkB/s     wkB/s     dkB/s   areq-sz    aqu-sz     await     %util
04:59:58 PM IST   nvme0n1      0.00      0.00      0.00      0.00      0.00      0.00      0.00      0.00
04:59:58 PM IST       sda    428.00      0.00   2040.00      0.00      4.77      0.21      0.29     10.40

04:59:58 PM IST       DEV       tps     rkB/s     wkB/s     dkB/s   areq-sz    aqu-sz     await     %util
04:59:59 PM IST   nvme0n1      0.00      0.00      0.00      0.00      0.00      0.00      0.00      0.00
04:59:59 PM IST       sda    441.00      0.00   2072.00      0.00      4.70      0.23      0.29     13.60

04:59:59 PM IST       DEV       tps     rkB/s     wkB/s     dkB/s   areq-sz    aqu-sz     await     %util
05:00:00 PM IST   nvme0n1      0.00      0.00      0.00      0.00      0.00      0.00      0.00      0.00
05:00:00 PM IST       sda    410.00      0.00   1940.00      0.00      4.73      0.20      0.26     10.00

05:00:00 PM IST       DEV       tps     rkB/s     wkB/s     dkB/s   areq-sz    aqu-sz     await     %util
05:00:01 PM IST   nvme0n1      0.00      0.00      0.00      0.00      0.00      0.00      0.00      0.00
05:00:01 PM IST       sda    428.00      0.00   2032.00      0.00      4.75      0.22      0.28     10.80

05:00:01 PM IST       DEV       tps     rkB/s     wkB/s     dkB/s   areq-sz    aqu-sz     await     %util
05:00:02 PM IST   nvme0n1      0.00      0.00      0.00      0.00      0.00      0.00      0.00      0.00
05:00:02 PM IST       sda    449.00    248.00   2028.00      0.00      5.07      0.28      0.38     16.40

05:00:02 PM IST       DEV       tps     rkB/s     wkB/s     dkB/s   areq-sz    aqu-sz     await     %util
05:00:03 PM IST   nvme0n1      0.00      0.00      0.00      0.00      0.00      0.00      0.00      0.00
05:00:03 PM IST       sda   1148.00  38048.00  40736.00      0.00     68.63      1.87      1.53     43.20

05:00:03 PM IST       DEV       tps     rkB/s     wkB/s     dkB/s   areq-sz    aqu-sz     await     %util
05:00:04 PM IST   nvme0n1      0.00      0.00      0.00      0.00      0.00      0.00      0.00      0.00
05:00:04 PM IST       sda    489.00      0.00   2340.00      0.00      4.79      0.28      0.33     12.80

05:00:04 PM IST       DEV       tps     rkB/s     wkB/s     dkB/s   areq-sz    aqu-sz     await     %util
05:00:05 PM IST   nvme0n1      0.00      0.00      0.00      0.00      0.00      0.00      0.00      0.00
05:00:05 PM IST       sda    548.00      0.00   2624.00      0.00      4.79      0.28      0.33     15.20

05:00:05 PM IST       DEV       tps     rkB/s     wkB/s     dkB/s   areq-sz    aqu-sz     await     %util
05:00:06 PM IST   nvme0n1      0.00      0.00      0.00      0.00      0.00      0.00      0.00      0.00
05:00:06 PM IST       sda    396.00      0.00   1952.00      0.00      4.93      0.21      0.28     11.60

05:00:06 PM IST       DEV       tps     rkB/s     wkB/s     dkB/s   areq-sz    aqu-sz     await     %util
05:00:07 PM IST   nvme0n1      0.00      0.00      0.00      0.00      0.00      0.00      0.00      0.00
05:00:07 PM IST       sda    421.00      0.00   1976.00      0.00      4.69      0.21      0.27      8.00

05:00:07 PM IST       DEV       tps     rkB/s     wkB/s     dkB/s   areq-sz    aqu-sz     await     %util
05:00:08 PM IST   nvme0n1      0.00      0.00      0.00      0.00      0.00      0.00      0.00      0.00
05:00:08 PM IST       sda    429.00      0.00   2000.00      0.00      4.66      0.22      0.27     12.80

05:00:08 PM IST       DEV       tps     rkB/s     wkB/s     dkB/s   areq-sz    aqu-sz     await     %util
05:00:09 PM IST   nvme0n1      0.00      0.00      0.00      0.00      0.00      0.00      0.00      0.00
05:00:09 PM IST       sda    405.00      0.00   1940.00      0.00      4.79      0.22      0.29     12.40

05:00:09 PM IST       DEV       tps     rkB/s     wkB/s     dkB/s   areq-sz    aqu-sz     await     %util
05:00:10 PM IST   nvme0n1      0.00      0.00      0.00      0.00      0.00      0.00      0.00      0.00
05:00:10 PM IST       sda    398.00      0.00   1932.00      0.00      4.85      0.21      0.28     12.00

05:00:10 PM IST       DEV       tps     rkB/s     wkB/s     dkB/s   areq-sz    aqu-sz     await     %util
05:00:11 PM IST   nvme0n1      0.00      0.00      0.00      0.00      0.00      0.00      0.00      0.00
05:00:11 PM IST       sda    403.96      0.00   1900.99      0.00      4.71      0.20      0.27      8.71

05:00:11 PM IST       DEV       tps     rkB/s     wkB/s     dkB/s   areq-sz    aqu-sz     await     %util
05:00:12 PM IST   nvme0n1      0.00      0.00      0.00      0.00      0.00      0.00      0.00      0.00
05:00:12 PM IST       sda    431.00      0.00   2076.00      0.00      4.82      0.21      0.26     10.40

05:00:12 PM IST       DEV       tps     rkB/s     wkB/s     dkB/s   areq-sz    aqu-sz     await     %util
05:00:13 PM IST   nvme0n1      0.00      0.00      0.00      0.00      0.00      0.00      0.00      0.00
05:00:13 PM IST       sda    439.00      0.00   2116.00      0.00      4.82      0.23      0.28     12.00

05:00:13 PM IST       DEV       tps     rkB/s     wkB/s     dkB/s   areq-sz    aqu-sz     await     %util
05:00:14 PM IST   nvme0n1      0.00      0.00      0.00      0.00      0.00      0.00      0.00      0.00
05:00:14 PM IST       sda    443.00      0.00   2144.00      0.00      4.84      0.24      0.29     16.00

05:00:14 PM IST       DEV       tps     rkB/s     wkB/s     dkB/s   areq-sz    aqu-sz     await     %util
05:00:15 PM IST   nvme0n1      0.00      0.00      0.00      0.00      0.00      0.00      0.00      0.00
05:00:15 PM IST       sda    405.00      0.00   1936.00      0.00      4.78      0.22      0.28     14.80

05:00:15 PM IST       DEV       tps     rkB/s     wkB/s     dkB/s   areq-sz    aqu-sz     await     %util
05:00:16 PM IST   nvme0n1      0.00      0.00      0.00      0.00      0.00      0.00      0.00      0.00
05:00:16 PM IST       sda    413.00      0.00   2080.00      0.00      5.04      0.23      0.31     11.20

05:00:16 PM IST       DEV       tps     rkB/s     wkB/s     dkB/s   areq-sz    aqu-sz     await     %util
05:00:17 PM IST   nvme0n1      0.00      0.00      0.00      0.00      0.00      0.00      0.00      0.00
05:00:17 PM IST       sda    372.00      0.00   1768.00      0.00      4.75      0.25      0.37     14.80

05:00:17 PM IST       DEV       tps     rkB/s     wkB/s     dkB/s   areq-sz    aqu-sz     await     %util
05:00:18 PM IST   nvme0n1      0.00      0.00      0.00      0.00      0.00      0.00      0.00      0.00
05:00:18 PM IST       sda    394.00      0.00   1964.00      0.00      4.98      0.22      0.30     13.60

05:00:18 PM IST       DEV       tps     rkB/s     wkB/s     dkB/s   areq-sz    aqu-sz     await     %util
05:00:19 PM IST   nvme0n1      0.00      0.00      0.00      0.00      0.00      0.00      0.00      0.00
05:00:19 PM IST       sda    391.00      0.00   1872.00      0.00      4.79      0.22      0.31     10.00

05:00:19 PM IST       DEV       tps     rkB/s     wkB/s     dkB/s   areq-sz    aqu-sz     await     %util
05:00:20 PM IST   nvme0n1      0.00      0.00      0.00      0.00      0.00      0.00      0.00      0.00
05:00:20 PM IST       sda    425.00      0.00   2040.00      0.00      4.80      0.23      0.29     12.40

05:00:20 PM IST       DEV       tps     rkB/s     wkB/s     dkB/s   areq-sz    aqu-sz     await     %util
05:00:21 PM IST   nvme0n1      0.00      0.00      0.00      0.00      0.00      0.00      0.00      0.00
05:00:21 PM IST       sda    386.00      0.00   1840.00      0.00      4.77      0.22      0.31      9.60

05:00:21 PM IST       DEV       tps     rkB/s     wkB/s     dkB/s   areq-sz    aqu-sz     await     %util
05:00:22 PM IST   nvme0n1      0.00      0.00      0.00      0.00      0.00      0.00      0.00      0.00
05:00:22 PM IST       sda    388.00      0.00   1848.00      0.00      4.76      0.22      0.30     10.00

05:00:22 PM IST       DEV       tps     rkB/s     wkB/s     dkB/s   areq-sz    aqu-sz     await     %util
05:00:23 PM IST   nvme0n1      0.00      0.00      0.00      0.00      0.00      0.00      0.00      0.00
05:00:23 PM IST       sda    396.00      0.00   2064.00      0.00      5.21      0.23      0.31     12.80

05:00:23 PM IST       DEV       tps     rkB/s     wkB/s     dkB/s   areq-sz    aqu-sz     await     %util
05:00:24 PM IST   nvme0n1      0.00      0.00      0.00      0.00      0.00      0.00      0.00      0.00
05:00:24 PM IST       sda    397.00      0.00   1884.00      0.00      4.75      0.23      0.31     14.80

05:00:24 PM IST       DEV       tps     rkB/s     wkB/s     dkB/s   areq-sz    aqu-sz     await     %util
05:00:25 PM IST   nvme0n1      0.00      0.00      0.00      0.00      0.00      0.00      0.00      0.00
05:00:25 PM IST       sda    485.00      0.00   3108.00      0.00      6.41      0.24      0.28     10.80

05:00:25 PM IST       DEV       tps     rkB/s     wkB/s     dkB/s   areq-sz    aqu-sz     await     %util
05:00:26 PM IST   nvme0n1      0.00      0.00      0.00      0.00      0.00      0.00      0.00      0.00
05:00:26 PM IST       sda    418.00      0.00   2128.00      0.00      5.09      0.22      0.29     14.00

05:00:26 PM IST       DEV       tps     rkB/s     wkB/s     dkB/s   areq-sz    aqu-sz     await     %util
05:00:27 PM IST   nvme0n1      0.00      0.00      0.00      0.00      0.00      0.00      0.00      0.00
05:00:27 PM IST       sda    516.00      0.00   2532.00      0.00      4.91      0.26      0.27     16.00

05:00:27 PM IST       DEV       tps     rkB/s     wkB/s     dkB/s   areq-sz    aqu-sz     await     %util
05:00:28 PM IST   nvme0n1      0.00      0.00      0.00      0.00      0.00      0.00      0.00      0.00
05:00:28 PM IST       sda    433.00      0.00   4636.00      0.00     10.71      0.29      0.38     12.00

05:00:28 PM IST       DEV       tps     rkB/s     wkB/s     dkB/s   areq-sz    aqu-sz     await     %util
05:00:29 PM IST   nvme0n1      0.00      0.00      0.00      0.00      0.00      0.00      0.00      0.00
05:00:29 PM IST       sda    426.00      0.00   2032.00      0.00      4.77      0.21      0.27     10.40

05:00:29 PM IST       DEV       tps     rkB/s     wkB/s     dkB/s   areq-sz    aqu-sz     await     %util
05:00:30 PM IST   nvme0n1      0.00      0.00      0.00      0.00      0.00      0.00      0.00      0.00
05:00:30 PM IST       sda    450.00      0.00   2248.00      0.00      5.00      0.22      0.28     13.20

05:00:30 PM IST       DEV       tps     rkB/s     wkB/s     dkB/s   areq-sz    aqu-sz     await     %util
05:00:31 PM IST   nvme0n1      0.00      0.00      0.00      0.00      0.00      0.00      0.00      0.00
05:00:31 PM IST       sda    430.00      0.00   2088.00      0.00      4.86      0.21      0.26     13.60

05:00:31 PM IST       DEV       tps     rkB/s     wkB/s     dkB/s   areq-sz    aqu-sz     await     %util
05:00:32 PM IST   nvme0n1      0.00      0.00      0.00      0.00      0.00      0.00      0.00      0.00
05:00:32 PM IST       sda    472.00      0.00   2228.00      0.00      4.72      0.24      0.29     12.40

05:00:32 PM IST       DEV       tps     rkB/s     wkB/s     dkB/s   areq-sz    aqu-sz     await     %util
05:00:33 PM IST   nvme0n1      0.00      0.00      0.00      0.00      0.00      0.00      0.00      0.00
05:00:33 PM IST       sda    421.00      0.00   1984.00      0.00      4.71      0.20      0.26     10.40

05:00:33 PM IST       DEV       tps     rkB/s     wkB/s     dkB/s   areq-sz    aqu-sz     await     %util
05:00:34 PM IST   nvme0n1      0.00      0.00      0.00      0.00      0.00      0.00      0.00      0.00
05:00:34 PM IST       sda    419.00      0.00   1988.00      0.00      4.74      0.21      0.27     12.40

05:00:34 PM IST       DEV       tps     rkB/s     wkB/s     dkB/s   areq-sz    aqu-sz     await     %util
05:00:35 PM IST   nvme0n1      0.00      0.00      0.00      0.00      0.00      0.00      0.00      0.00
05:00:35 PM IST       sda    455.00      0.00   2120.00      0.00      4.66      0.22      0.25     12.40

05:00:35 PM IST       DEV       tps     rkB/s     wkB/s     dkB/s   areq-sz    aqu-sz     await     %util
05:00:36 PM IST   nvme0n1      0.00      0.00      0.00      0.00      0.00      0.00      0.00      0.00
05:00:36 PM IST       sda    570.00      0.00   2692.00      0.00      4.72      0.23      0.24     11.60

05:00:36 PM IST       DEV       tps     rkB/s     wkB/s     dkB/s   areq-sz    aqu-sz     await     %util
05:00:37 PM IST   nvme0n1      0.00      0.00      0.00      0.00      0.00      0.00      0.00      0.00
05:00:37 PM IST       sda    424.00      0.00   2028.00      0.00      4.78      0.22      0.29     11.20

05:00:37 PM IST       DEV       tps     rkB/s     wkB/s     dkB/s   areq-sz    aqu-sz     await     %util
05:00:38 PM IST   nvme0n1      0.00      0.00      0.00      0.00      0.00      0.00      0.00      0.00
05:00:38 PM IST       sda    475.00      0.00   2260.00      0.00      4.76      0.24      0.29     10.40

05:00:38 PM IST       DEV       tps     rkB/s     wkB/s     dkB/s   areq-sz    aqu-sz     await     %util
05:00:39 PM IST   nvme0n1      0.00      0.00      0.00      0.00      0.00      0.00      0.00      0.00
05:00:39 PM IST       sda    416.00      0.00   1960.00      0.00      4.71      0.22      0.29     12.80

05:00:39 PM IST       DEV       tps     rkB/s     wkB/s     dkB/s   areq-sz    aqu-sz     await     %util
05:00:40 PM IST   nvme0n1      0.00      0.00      0.00      0.00      0.00      0.00      0.00      0.00
05:00:40 PM IST       sda    401.00      0.00   1896.00      0.00      4.73      0.25      0.33      9.60

05:00:40 PM IST       DEV       tps     rkB/s     wkB/s     dkB/s   areq-sz    aqu-sz     await     %util
05:00:41 PM IST   nvme0n1      0.00      0.00      0.00      0.00      0.00      0.00      0.00      0.00
05:00:41 PM IST       sda    451.00      0.00   2120.00      0.00      4.70      0.22      0.27     10.00

05:00:41 PM IST       DEV       tps     rkB/s     wkB/s     dkB/s   areq-sz    aqu-sz     await     %util
05:00:42 PM IST   nvme0n1      0.00      0.00      0.00      0.00      0.00      0.00      0.00      0.00
05:00:42 PM IST       sda    452.00      0.00   2176.00      0.00      4.81      0.22      0.26     13.60

05:00:42 PM IST       DEV       tps     rkB/s     wkB/s     dkB/s   areq-sz    aqu-sz     await     %util
05:00:43 PM IST   nvme0n1      0.00      0.00      0.00      0.00      0.00      0.00      0.00      0.00
05:00:43 PM IST       sda    422.00      0.00   1992.00      0.00      4.72      0.22      0.29      9.60

05:00:43 PM IST       DEV       tps     rkB/s     wkB/s     dkB/s   areq-sz    aqu-sz     await     %util
05:00:44 PM IST   nvme0n1      0.00      0.00      0.00      0.00      0.00      0.00      0.00      0.00
05:00:44 PM IST       sda    443.00      0.00   2088.00      0.00      4.71      0.22      0.28     14.00

05:00:44 PM IST       DEV       tps     rkB/s     wkB/s     dkB/s   areq-sz    aqu-sz     await     %util
05:00:45 PM IST   nvme0n1      0.00      0.00      0.00      0.00      0.00      0.00      0.00      0.00
05:00:45 PM IST       sda    436.00      0.00   2108.00      0.00      4.83      0.22      0.26      8.40

05:00:45 PM IST       DEV       tps     rkB/s     wkB/s     dkB/s   areq-sz    aqu-sz     await     %util
05:00:46 PM IST   nvme0n1      0.00      0.00      0.00      0.00      0.00      0.00      0.00      0.00
05:00:46 PM IST       sda    447.00      0.00   2080.00      0.00      4.65      0.23      0.28     13.20

05:00:46 PM IST       DEV       tps     rkB/s     wkB/s     dkB/s   areq-sz    aqu-sz     await     %util
05:00:47 PM IST   nvme0n1      0.00      0.00      0.00      0.00      0.00      0.00      0.00      0.00
05:00:47 PM IST       sda    405.00      0.00   1904.00      0.00      4.70      0.21      0.29      7.20

05:00:47 PM IST       DEV       tps     rkB/s     wkB/s     dkB/s   areq-sz    aqu-sz     await     %util
05:00:48 PM IST   nvme0n1      0.00      0.00      0.00      0.00      0.00      0.00      0.00      0.00
05:00:48 PM IST       sda    434.00     16.00   2068.00      0.00      4.80      0.31      0.46     14.80

05:00:48 PM IST       DEV       tps     rkB/s     wkB/s     dkB/s   areq-sz    aqu-sz     await     %util
05:00:49 PM IST   nvme0n1      0.00      0.00      0.00      0.00      0.00      0.00      0.00      0.00
05:00:49 PM IST       sda    407.00      0.00   1940.00      0.00      4.77      0.21      0.30     13.20

05:00:49 PM IST       DEV       tps     rkB/s     wkB/s     dkB/s   areq-sz    aqu-sz     await     %util
05:00:50 PM IST   nvme0n1      0.00      0.00      0.00      0.00      0.00      0.00      0.00      0.00
05:00:50 PM IST       sda    439.00      0.00   2072.00      0.00      4.72      0.22      0.26     11.60

05:00:50 PM IST       DEV       tps     rkB/s     wkB/s     dkB/s   areq-sz    aqu-sz     await     %util
05:00:51 PM IST   nvme0n1      0.00      0.00      0.00      0.00      0.00      0.00      0.00      0.00
05:00:51 PM IST       sda    403.00      0.00   1912.00      0.00      4.74      0.23      0.34     11.20

05:00:51 PM IST       DEV       tps     rkB/s     wkB/s     dkB/s   areq-sz    aqu-sz     await     %util
05:00:52 PM IST   nvme0n1      0.00      0.00      0.00      0.00      0.00      0.00      0.00      0.00
05:00:52 PM IST       sda    397.00      0.00   1888.00      0.00      4.76      0.22      0.29     11.20

05:00:52 PM IST       DEV       tps     rkB/s     wkB/s     dkB/s   areq-sz    aqu-sz     await     %util
05:00:53 PM IST   nvme0n1      0.00      0.00      0.00      0.00      0.00      0.00      0.00      0.00
05:00:53 PM IST       sda    457.00      0.00   2228.00      0.00      4.88      0.25      0.31     15.60

05:00:53 PM IST       DEV       tps     rkB/s     wkB/s     dkB/s   areq-sz    aqu-sz     await     %util
05:00:54 PM IST   nvme0n1      0.00      0.00      0.00      0.00      0.00      0.00      0.00      0.00
05:00:54 PM IST       sda    419.00      0.00   1968.00      0.00      4.70      0.22      0.31     14.40

05:00:54 PM IST       DEV       tps     rkB/s     wkB/s     dkB/s   areq-sz    aqu-sz     await     %util
05:00:55 PM IST   nvme0n1      0.00      0.00      0.00      0.00      0.00      0.00      0.00      0.00
05:00:55 PM IST       sda    412.00      0.00   1920.00      0.00      4.66      0.21      0.27     10.00

05:00:55 PM IST       DEV       tps     rkB/s     wkB/s     dkB/s   areq-sz    aqu-sz     await     %util
05:00:56 PM IST   nvme0n1      0.00      0.00      0.00      0.00      0.00      0.00      0.00      0.00
05:00:56 PM IST       sda    394.00      0.00   1952.00      0.00      4.95      0.23      0.34     13.60

05:00:56 PM IST       DEV       tps     rkB/s     wkB/s     dkB/s   areq-sz    aqu-sz     await     %util
05:00:57 PM IST   nvme0n1      0.00      0.00      0.00      0.00      0.00      0.00      0.00      0.00
05:00:57 PM IST       sda    395.00      0.00   1824.00      0.00      4.62      0.20      0.26      9.20

05:00:57 PM IST       DEV       tps     rkB/s     wkB/s     dkB/s   areq-sz    aqu-sz     await     %util
05:00:58 PM IST   nvme0n1      0.00      0.00      0.00      0.00      0.00      0.00      0.00      0.00
05:00:58 PM IST       sda    433.00      0.00   2188.00      0.00      5.05      0.22      0.29     12.80

05:00:58 PM IST       DEV       tps     rkB/s     wkB/s     dkB/s   areq-sz    aqu-sz     await     %util
05:00:59 PM IST   nvme0n1      0.00      0.00      0.00      0.00      0.00      0.00      0.00      0.00
05:00:59 PM IST       sda    411.00      0.00   1924.00      0.00      4.68      0.22      0.30     14.00

05:00:59 PM IST       DEV       tps     rkB/s     wkB/s     dkB/s   areq-sz    aqu-sz     await     %util
05:01:00 PM IST   nvme0n1      0.00      0.00      0.00      0.00      0.00      0.00      0.00      0.00
05:01:00 PM IST       sda    392.00      0.00   1856.00      0.00      4.73      0.22      0.30     13.60

05:01:00 PM IST       DEV       tps     rkB/s     wkB/s     dkB/s   areq-sz    aqu-sz     await     %util
05:01:01 PM IST   nvme0n1      0.00      0.00      0.00      0.00      0.00      0.00      0.00      0.00
05:01:01 PM IST       sda    401.00      0.00   1872.00      0.00      4.67      0.23      0.32      7.60

05:01:01 PM IST       DEV       tps     rkB/s     wkB/s     dkB/s   areq-sz    aqu-sz     await     %util
05:01:02 PM IST   nvme0n1      0.00      0.00      0.00      0.00      0.00      0.00      0.00      0.00
05:01:02 PM IST       sda    397.00      0.00   2016.00      0.00      5.08      0.21      0.29      9.60

05:01:02 PM IST       DEV       tps     rkB/s     wkB/s     dkB/s   areq-sz    aqu-sz     await     %util
05:01:03 PM IST   nvme0n1      0.00      0.00      0.00      0.00      0.00      0.00      0.00      0.00
05:01:03 PM IST       sda    401.00      0.00   1980.00      0.00      4.94      0.26      0.37     12.00

05:01:03 PM IST       DEV       tps     rkB/s     wkB/s     dkB/s   areq-sz    aqu-sz     await     %util
05:01:04 PM IST   nvme0n1      0.00      0.00      0.00      0.00      0.00      0.00      0.00      0.00
05:01:04 PM IST       sda    421.00      0.00   2068.00      0.00      4.91      0.24      0.31     12.80

05:01:04 PM IST       DEV       tps     rkB/s     wkB/s     dkB/s   areq-sz    aqu-sz     await     %util
05:01:05 PM IST   nvme0n1      0.00      0.00      0.00      0.00      0.00      0.00      0.00      0.00
05:01:05 PM IST       sda    374.00      0.00   1776.00      0.00      4.75      0.21      0.29      8.80

05:01:05 PM IST       DEV       tps     rkB/s     wkB/s     dkB/s   areq-sz    aqu-sz     await     %util
05:01:06 PM IST   nvme0n1      0.00      0.00      0.00      0.00      0.00      0.00      0.00      0.00
05:01:06 PM IST       sda    392.00      0.00   1880.00      0.00      4.80      0.23      0.31     12.00

05:01:06 PM IST       DEV       tps     rkB/s     wkB/s     dkB/s   areq-sz    aqu-sz     await     %util
05:01:07 PM IST   nvme0n1      0.00      0.00      0.00      0.00      0.00      0.00      0.00      0.00
05:01:07 PM IST       sda    558.00      0.00   2648.00      0.00      4.75      0.24      0.25     13.20

05:01:07 PM IST       DEV       tps     rkB/s     wkB/s     dkB/s   areq-sz    aqu-sz     await     %util
05:01:08 PM IST   nvme0n1      0.00      0.00      0.00      0.00      0.00      0.00      0.00      0.00
05:01:08 PM IST       sda    384.00      0.00   1892.00      0.00      4.93      0.25      0.39     12.40

05:01:08 PM IST       DEV       tps     rkB/s     wkB/s     dkB/s   areq-sz    aqu-sz     await     %util
05:01:09 PM IST   nvme0n1      0.00      0.00      0.00      0.00      0.00      0.00      0.00      0.00
05:01:09 PM IST       sda    391.00      0.00   1868.00      0.00      4.78      0.23      0.32     17.60

05:01:09 PM IST       DEV       tps     rkB/s     wkB/s     dkB/s   areq-sz    aqu-sz     await     %util
05:01:10 PM IST   nvme0n1      0.00      0.00      0.00      0.00      0.00      0.00      0.00      0.00
05:01:10 PM IST       sda    397.00      0.00   1924.00      0.00      4.85      0.22      0.29     10.00

05:01:10 PM IST       DEV       tps     rkB/s     wkB/s     dkB/s   areq-sz    aqu-sz     await     %util
05:01:11 PM IST   nvme0n1      0.00      0.00      0.00      0.00      0.00      0.00      0.00      0.00
05:01:11 PM IST       sda    390.00      0.00   1944.00      0.00      4.98      0.23      0.33     14.00

05:01:11 PM IST       DEV       tps     rkB/s     wkB/s     dkB/s   areq-sz    aqu-sz     await     %util
05:01:12 PM IST   nvme0n1      0.00      0.00      0.00      0.00      0.00      0.00      0.00      0.00
05:01:12 PM IST       sda    399.00      0.00   1892.00      0.00      4.74      0.21      0.28      8.00

05:01:12 PM IST       DEV       tps     rkB/s     wkB/s     dkB/s   areq-sz    aqu-sz     await     %util
05:01:13 PM IST   nvme0n1      0.00      0.00      0.00      0.00      0.00      0.00      0.00      0.00
05:01:13 PM IST       sda    409.00     12.00   4440.00      0.00     10.89      0.29      0.40     18.00

05:01:13 PM IST       DEV       tps     rkB/s     wkB/s     dkB/s   areq-sz    aqu-sz     await     %util
05:01:14 PM IST   nvme0n1      0.00      0.00      0.00      0.00      0.00      0.00      0.00      0.00
05:01:14 PM IST       sda    372.00      0.00   4904.00      0.00     13.18      0.25      0.35     14.80

05:01:14 PM IST       DEV       tps     rkB/s     wkB/s     dkB/s   areq-sz    aqu-sz     await     %util
05:01:15 PM IST   nvme0n1      0.00      0.00      0.00      0.00      0.00      0.00      0.00      0.00
05:01:15 PM IST       sda    428.00      0.00   2792.00      0.00      6.52      0.20      0.25      8.80

05:01:15 PM IST       DEV       tps     rkB/s     wkB/s     dkB/s   areq-sz    aqu-sz     await     %util
05:01:16 PM IST   nvme0n1      0.00      0.00      0.00      0.00      0.00      0.00      0.00      0.00
05:01:16 PM IST       sda    422.00      0.00   2616.00      0.00      6.20      0.21      0.28     12.00

05:01:16 PM IST       DEV       tps     rkB/s     wkB/s     dkB/s   areq-sz    aqu-sz     await     %util
05:01:17 PM IST   nvme0n1      0.00      0.00      0.00      0.00      0.00      0.00      0.00      0.00
05:01:17 PM IST       sda    448.00      0.00   2456.00      0.00      5.48      0.21      0.26     16.40

05:01:17 PM IST       DEV       tps     rkB/s     wkB/s     dkB/s   areq-sz    aqu-sz     await     %util
05:01:18 PM IST   nvme0n1      0.00      0.00      0.00      0.00      0.00      0.00      0.00      0.00
05:01:18 PM IST       sda    437.00      0.00   2100.00      0.00      4.81      0.23      0.29     14.40

05:01:18 PM IST       DEV       tps     rkB/s     wkB/s     dkB/s   areq-sz    aqu-sz     await     %util
05:01:19 PM IST   nvme0n1      0.00      0.00      0.00      0.00      0.00      0.00      0.00      0.00
05:01:19 PM IST       sda    408.00      0.00   2248.00      0.00      5.51      0.20      0.28     10.00

05:01:19 PM IST       DEV       tps     rkB/s     wkB/s     dkB/s   areq-sz    aqu-sz     await     %util
05:01:20 PM IST   nvme0n1      0.00      0.00      0.00      0.00      0.00      0.00      0.00      0.00
05:01:20 PM IST       sda    423.00      0.00   2056.00      0.00      4.86      0.21      0.26     10.00

05:01:20 PM IST       DEV       tps     rkB/s     wkB/s     dkB/s   areq-sz    aqu-sz     await     %util
05:01:21 PM IST   nvme0n1      0.00      0.00      0.00      0.00      0.00      0.00      0.00      0.00
05:01:21 PM IST       sda    422.00      0.00   2076.00      0.00      4.92      0.21      0.28     11.20

05:01:21 PM IST       DEV       tps     rkB/s     wkB/s     dkB/s   areq-sz    aqu-sz     await     %util
05:01:22 PM IST   nvme0n1      0.00      0.00      0.00      0.00      0.00      0.00      0.00      0.00
05:01:22 PM IST       sda    431.00      0.00   2040.00      0.00      4.73      0.21      0.26     10.00

05:01:22 PM IST       DEV       tps     rkB/s     wkB/s     dkB/s   areq-sz    aqu-sz     await     %util
05:01:23 PM IST   nvme0n1      0.00      0.00      0.00      0.00      0.00      0.00      0.00      0.00
05:01:23 PM IST       sda    410.00      0.00   2208.00      0.00      5.39      0.21      0.29     13.20

05:01:23 PM IST       DEV       tps     rkB/s     wkB/s     dkB/s   areq-sz    aqu-sz     await     %util
05:01:24 PM IST   nvme0n1      0.00      0.00      0.00      0.00      0.00      0.00      0.00      0.00
05:01:24 PM IST       sda    422.00      0.00   2988.00      0.00      7.08      0.23      0.30     10.40

05:01:24 PM IST       DEV       tps     rkB/s     wkB/s     dkB/s   areq-sz    aqu-sz     await     %util
05:01:25 PM IST   nvme0n1      0.00      0.00      0.00      0.00      0.00      0.00      0.00      0.00
05:01:25 PM IST       sda    427.00      0.00   2100.00      0.00      4.92      0.23      0.28     10.80

05:01:25 PM IST       DEV       tps     rkB/s     wkB/s     dkB/s   areq-sz    aqu-sz     await     %util
05:01:26 PM IST   nvme0n1      0.00      0.00      0.00      0.00      0.00      0.00      0.00      0.00
05:01:26 PM IST       sda    428.00      0.00   2248.00      0.00      5.25      0.24      0.30     11.60

05:01:26 PM IST       DEV       tps     rkB/s     wkB/s     dkB/s   areq-sz    aqu-sz     await     %util
05:01:27 PM IST   nvme0n1      0.00      0.00      0.00      0.00      0.00      0.00      0.00      0.00
05:01:27 PM IST       sda    501.00      0.00   2280.00      0.00      4.55      0.24      0.26     11.20

05:01:27 PM IST       DEV       tps     rkB/s     wkB/s     dkB/s   areq-sz    aqu-sz     await     %util
05:01:28 PM IST   nvme0n1      0.00      0.00      0.00      0.00      0.00      0.00      0.00      0.00
05:01:28 PM IST       sda    428.00      0.00   2044.00      0.00      4.78      0.21      0.27      8.80

05:01:28 PM IST       DEV       tps     rkB/s     wkB/s     dkB/s   areq-sz    aqu-sz     await     %util
05:01:29 PM IST   nvme0n1      0.00      0.00      0.00      0.00      0.00      0.00      0.00      0.00
05:01:29 PM IST       sda    386.00      0.00   2068.00      0.00      5.36      0.20      0.28     12.00

05:01:29 PM IST       DEV       tps     rkB/s     wkB/s     dkB/s   areq-sz    aqu-sz     await     %util
05:01:30 PM IST   nvme0n1      0.00      0.00      0.00      0.00      0.00      0.00      0.00      0.00
05:01:30 PM IST       sda    375.00      0.00   1936.00      0.00      5.16      0.19      0.27     10.40

05:01:30 PM IST       DEV       tps     rkB/s     wkB/s     dkB/s   areq-sz    aqu-sz     await     %util
05:01:31 PM IST   nvme0n1      0.00      0.00      0.00      0.00      0.00      0.00      0.00      0.00
05:01:31 PM IST       sda    393.00      0.00   1840.00      0.00      4.68      0.20      0.28     10.80

05:01:31 PM IST       DEV       tps     rkB/s     wkB/s     dkB/s   areq-sz    aqu-sz     await     %util
05:01:32 PM IST   nvme0n1      0.00      0.00      0.00      0.00      0.00      0.00      0.00      0.00
05:01:32 PM IST       sda    359.00      0.00   1936.00      0.00      5.39      0.18      0.27     12.40

05:01:32 PM IST       DEV       tps     rkB/s     wkB/s     dkB/s   areq-sz    aqu-sz     await     %util
05:01:33 PM IST   nvme0n1      0.00      0.00      0.00      0.00      0.00      0.00      0.00      0.00
05:01:33 PM IST       sda    365.00      0.00   1760.00      0.00      4.82      0.19      0.28     11.60

05:01:33 PM IST       DEV       tps     rkB/s     wkB/s     dkB/s   areq-sz    aqu-sz     await     %util
05:01:34 PM IST   nvme0n1      0.00      0.00      0.00      0.00      0.00      0.00      0.00      0.00
05:01:34 PM IST       sda    431.00      0.00   2032.00      0.00      4.71      0.21      0.26     12.80

05:01:34 PM IST       DEV       tps     rkB/s     wkB/s     dkB/s   areq-sz    aqu-sz     await     %util
05:01:35 PM IST   nvme0n1      0.00      0.00      0.00      0.00      0.00      0.00      0.00      0.00
05:01:35 PM IST       sda    426.00      0.00   2116.00      0.00      4.97      0.22      0.28     11.20

05:01:35 PM IST       DEV       tps     rkB/s     wkB/s     dkB/s   areq-sz    aqu-sz     await     %util
05:01:36 PM IST   nvme0n1      0.00      0.00      0.00      0.00      0.00      0.00      0.00      0.00
05:01:36 PM IST       sda    435.00      0.00   2264.00      0.00      5.20      0.22      0.28     12.00

05:01:36 PM IST       DEV       tps     rkB/s     wkB/s     dkB/s   areq-sz    aqu-sz     await     %util
05:01:37 PM IST   nvme0n1      0.00      0.00      0.00      0.00      0.00      0.00      0.00      0.00
05:01:37 PM IST       sda    407.00      0.00   1932.00      0.00      4.75      0.20      0.26     11.20

05:01:37 PM IST       DEV       tps     rkB/s     wkB/s     dkB/s   areq-sz    aqu-sz     await     %util
05:01:38 PM IST   nvme0n1      0.00      0.00      0.00      0.00      0.00      0.00      0.00      0.00
05:01:38 PM IST       sda    521.00     16.00   2628.00      0.00      5.07      0.32      0.45     11.60

05:01:38 PM IST       DEV       tps     rkB/s     wkB/s     dkB/s   areq-sz    aqu-sz     await     %util
05:01:39 PM IST   nvme0n1      0.00      0.00      0.00      0.00      0.00      0.00      0.00      0.00
05:01:39 PM IST       sda    402.00      0.00   2252.00      0.00      5.60      0.23      0.32     12.80

05:01:39 PM IST       DEV       tps     rkB/s     wkB/s     dkB/s   areq-sz    aqu-sz     await     %util
05:01:40 PM IST   nvme0n1      0.00      0.00      0.00      0.00      0.00      0.00      0.00      0.00
05:01:40 PM IST       sda    389.00      0.00   1816.00      0.00      4.67      0.20      0.28      8.40

05:01:40 PM IST       DEV       tps     rkB/s     wkB/s     dkB/s   areq-sz    aqu-sz     await     %util
05:01:41 PM IST   nvme0n1      0.00      0.00      0.00      0.00      0.00      0.00      0.00      0.00
05:01:41 PM IST       sda    357.00      0.00   1780.00      0.00      4.99      0.19      0.30     10.80

05:01:41 PM IST       DEV       tps     rkB/s     wkB/s     dkB/s   areq-sz    aqu-sz     await     %util
05:01:42 PM IST   nvme0n1      0.00      0.00      0.00      0.00      0.00      0.00      0.00      0.00
05:01:42 PM IST       sda    381.00      0.00   2060.00      0.00      5.41      0.21      0.30      9.60

05:01:42 PM IST       DEV       tps     rkB/s     wkB/s     dkB/s   areq-sz    aqu-sz     await     %util
05:01:43 PM IST   nvme0n1      0.00      0.00      0.00      0.00      0.00      0.00      0.00      0.00
05:01:43 PM IST       sda    408.00      0.00   1876.00      0.00      4.60      0.22      0.32      7.20

05:01:43 PM IST       DEV       tps     rkB/s     wkB/s     dkB/s   areq-sz    aqu-sz     await     %util
05:01:44 PM IST   nvme0n1      0.00      0.00      0.00      0.00      0.00      0.00      0.00      0.00
05:01:44 PM IST       sda    339.00      0.00   1608.00      0.00      4.74      0.19      0.29      8.40

05:01:44 PM IST       DEV       tps     rkB/s     wkB/s     dkB/s   areq-sz    aqu-sz     await     %util
05:01:45 PM IST   nvme0n1      0.00      0.00      0.00      0.00      0.00      0.00      0.00      0.00
05:01:45 PM IST       sda    349.00      0.00   1888.00      0.00      5.41      0.19      0.31      9.60

05:01:45 PM IST       DEV       tps     rkB/s     wkB/s     dkB/s   areq-sz    aqu-sz     await     %util
05:01:46 PM IST   nvme0n1      0.00      0.00      0.00      0.00      0.00      0.00      0.00      0.00
05:01:46 PM IST       sda    358.00      0.00   1772.00      0.00      4.95      0.19      0.30      8.00

05:01:46 PM IST       DEV       tps     rkB/s     wkB/s     dkB/s   areq-sz    aqu-sz     await     %util
05:01:47 PM IST   nvme0n1      0.00      0.00      0.00      0.00      0.00      0.00      0.00      0.00
05:01:47 PM IST       sda    345.00      0.00   1772.00      0.00      5.14      0.23      0.45      9.20

05:01:47 PM IST       DEV       tps     rkB/s     wkB/s     dkB/s   areq-sz    aqu-sz     await     %util
05:01:48 PM IST   nvme0n1      0.00      0.00      0.00      0.00      0.00      0.00      0.00      0.00
05:01:48 PM IST       sda    288.00      0.00   1772.00      0.00      6.15      0.16      0.31      9.60

05:01:48 PM IST       DEV       tps     rkB/s     wkB/s     dkB/s   areq-sz    aqu-sz     await     %util
05:01:49 PM IST   nvme0n1      0.00      0.00      0.00      0.00      0.00      0.00      0.00      0.00
05:01:49 PM IST       sda    307.00      0.00   1480.00      0.00      4.82      0.17      0.31      7.60

05:01:49 PM IST       DEV       tps     rkB/s     wkB/s     dkB/s   areq-sz    aqu-sz     await     %util
05:01:50 PM IST   nvme0n1      0.00      0.00      0.00      0.00      0.00      0.00      0.00      0.00
05:01:50 PM IST       sda    326.00      0.00   1496.00      0.00      4.59      0.20      0.35     11.60

05:01:50 PM IST       DEV       tps     rkB/s     wkB/s     dkB/s   areq-sz    aqu-sz     await     %util
05:01:51 PM IST   nvme0n1      0.00      0.00      0.00      0.00      0.00      0.00      0.00      0.00
05:01:51 PM IST       sda    281.00      0.00   1420.00      0.00      5.05      0.18      0.36      6.80

05:01:51 PM IST       DEV       tps     rkB/s     wkB/s     dkB/s   areq-sz    aqu-sz     await     %util
05:01:52 PM IST   nvme0n1      0.00      0.00      0.00      0.00      0.00      0.00      0.00      0.00
05:01:52 PM IST       sda    297.00      0.00   1676.00      0.00      5.64      0.23      0.41     12.40

05:01:52 PM IST       DEV       tps     rkB/s     wkB/s     dkB/s   areq-sz    aqu-sz     await     %util
05:01:53 PM IST   nvme0n1      0.00      0.00      0.00      0.00      0.00      0.00      0.00      0.00
05:01:53 PM IST       sda    275.00      0.00   1280.00      0.00      4.65      0.17      0.34      9.20

05:01:53 PM IST       DEV       tps     rkB/s     wkB/s     dkB/s   areq-sz    aqu-sz     await     %util
05:01:54 PM IST   nvme0n1      0.00      0.00      0.00      0.00      0.00      0.00      0.00      0.00
05:01:54 PM IST       sda    276.00      0.00   1272.00      0.00      4.61      0.17      0.32      8.00

05:01:54 PM IST       DEV       tps     rkB/s     wkB/s     dkB/s   areq-sz    aqu-sz     await     %util
05:01:55 PM IST   nvme0n1      0.00      0.00      0.00      0.00      0.00      0.00      0.00      0.00
05:01:55 PM IST       sda    232.00      0.00   1312.00      0.00      5.66      0.14      0.35      6.40

05:01:55 PM IST       DEV       tps     rkB/s     wkB/s     dkB/s   areq-sz    aqu-sz     await     %util
05:01:56 PM IST   nvme0n1      0.00      0.00      0.00      0.00      0.00      0.00      0.00      0.00
05:01:56 PM IST       sda    290.00      0.00   1608.00      0.00      5.54      0.16      0.31      7.60

05:01:56 PM IST       DEV       tps     rkB/s     wkB/s     dkB/s   areq-sz    aqu-sz     await     %util
05:01:57 PM IST   nvme0n1      0.00      0.00      0.00      0.00      0.00      0.00      0.00      0.00
05:01:57 PM IST       sda    476.00    152.00  19908.00      0.00     42.14      1.07      2.08     12.00

05:01:57 PM IST       DEV       tps     rkB/s     wkB/s     dkB/s   areq-sz    aqu-sz     await     %util
05:01:58 PM IST   nvme0n1      0.00      0.00      0.00      0.00      0.00      0.00      0.00      0.00
05:01:58 PM IST       sda    360.00      4.00   1664.00      0.00      4.63      0.20      0.31     10.00

05:01:58 PM IST       DEV       tps     rkB/s     wkB/s     dkB/s   areq-sz    aqu-sz     await     %util
05:01:59 PM IST   nvme0n1      0.00      0.00      0.00      0.00      0.00      0.00      0.00      0.00
05:01:59 PM IST       sda    350.00    128.00   2176.00      0.00      6.58      0.19      0.32     12.80

05:01:59 PM IST       DEV       tps     rkB/s     wkB/s     dkB/s   areq-sz    aqu-sz     await     %util
05:02:00 PM IST   nvme0n1      0.00      0.00      0.00      0.00      0.00      0.00      0.00      0.00
05:02:00 PM IST       sda   1340.00     16.00  28772.00      0.00     21.48      1.17      0.78     21.60

05:02:00 PM IST       DEV       tps     rkB/s     wkB/s     dkB/s   areq-sz    aqu-sz     await     %util
05:02:01 PM IST   nvme0n1      0.00      0.00      0.00      0.00      0.00      0.00      0.00      0.00
05:02:01 PM IST       sda    635.00     16.00  10116.00      0.00     15.96      0.43      0.54     10.40

05:02:01 PM IST       DEV       tps     rkB/s     wkB/s     dkB/s   areq-sz    aqu-sz     await     %util
05:02:02 PM IST   nvme0n1      0.00      0.00      0.00      0.00      0.00      0.00      0.00      0.00
05:02:02 PM IST       sda   1176.00    136.00  59864.00      0.00     51.02      1.48      1.14     22.80

05:02:02 PM IST       DEV       tps     rkB/s     wkB/s     dkB/s   areq-sz    aqu-sz     await     %util
05:02:03 PM IST   nvme0n1      0.00      0.00      0.00      0.00      0.00      0.00      0.00      0.00
05:02:03 PM IST       sda   1251.00     64.00  45116.00      0.00     36.12      1.30      0.92     27.20

05:02:03 PM IST       DEV       tps     rkB/s     wkB/s     dkB/s   areq-sz    aqu-sz     await     %util
05:02:04 PM IST   nvme0n1      0.00      0.00      0.00      0.00      0.00      0.00      0.00      0.00
05:02:04 PM IST       sda   1152.00      0.00  57128.00      0.00     49.59      1.45      1.16     21.20

05:02:04 PM IST       DEV       tps     rkB/s     wkB/s     dkB/s   areq-sz    aqu-sz     await     %util
05:02:05 PM IST   nvme0n1      0.00      0.00      0.00      0.00      0.00      0.00      0.00      0.00
05:02:05 PM IST       sda    370.00      4.00   1980.00      0.00      5.36      0.21      0.33     10.00

05:02:05 PM IST       DEV       tps     rkB/s     wkB/s     dkB/s   areq-sz    aqu-sz     await     %util
05:02:06 PM IST   nvme0n1      0.00      0.00      0.00      0.00      0.00      0.00      0.00      0.00
05:02:06 PM IST       sda    894.00    384.00  20788.00      0.00     23.68      2.21      2.34     22.80

05:02:06 PM IST       DEV       tps     rkB/s     wkB/s     dkB/s   areq-sz    aqu-sz     await     %util
05:02:07 PM IST   nvme0n1      0.00      0.00      0.00      0.00      0.00      0.00      0.00      0.00
05:02:07 PM IST       sda    836.00    164.00  24676.00      0.00     29.71      1.74      1.97     18.80

05:02:07 PM IST       DEV       tps     rkB/s     wkB/s     dkB/s   areq-sz    aqu-sz     await     %util
05:02:08 PM IST   nvme0n1      0.00      0.00      0.00      0.00      0.00      0.00      0.00      0.00
05:02:08 PM IST       sda    378.00     64.00   2036.00      0.00      5.56      0.21      0.31     10.80

05:02:08 PM IST       DEV       tps     rkB/s     wkB/s     dkB/s   areq-sz    aqu-sz     await     %util
05:02:09 PM IST   nvme0n1      0.00      0.00      0.00      0.00      0.00      0.00      0.00      0.00
05:02:09 PM IST       sda    516.00     32.00   3164.00      0.00      6.19      0.27      0.34      8.00

05:02:09 PM IST       DEV       tps     rkB/s     wkB/s     dkB/s   areq-sz    aqu-sz     await     %util
05:02:10 PM IST   nvme0n1      0.00      0.00      0.00      0.00      0.00      0.00      0.00      0.00
05:02:10 PM IST       sda    398.00     12.00   1992.00      0.00      5.04      0.20      0.28     10.80

05:02:10 PM IST       DEV       tps     rkB/s     wkB/s     dkB/s   areq-sz    aqu-sz     await     %util
05:02:11 PM IST   nvme0n1      0.00      0.00      0.00      0.00      0.00      0.00      0.00      0.00
05:02:11 PM IST       sda    428.00     20.00   2104.00      0.00      4.96      0.23      0.29     13.60

05:02:11 PM IST       DEV       tps     rkB/s     wkB/s     dkB/s   areq-sz    aqu-sz     await     %util
05:02:12 PM IST   nvme0n1      0.00      0.00      0.00      0.00      0.00      0.00      0.00      0.00
05:02:12 PM IST       sda    363.00    336.00   1884.00      0.00      6.12      0.20      0.31     10.40

05:02:12 PM IST       DEV       tps     rkB/s     wkB/s     dkB/s   areq-sz    aqu-sz     await     %util
05:02:13 PM IST   nvme0n1      0.00      0.00      0.00      0.00      0.00      0.00      0.00      0.00
05:02:13 PM IST       sda    514.00   1128.00   2624.00      0.00      7.30      0.36      0.52     10.00

05:02:13 PM IST       DEV       tps     rkB/s     wkB/s     dkB/s   areq-sz    aqu-sz     await     %util
05:02:14 PM IST   nvme0n1      0.00      0.00      0.00      0.00      0.00      0.00      0.00      0.00
05:02:14 PM IST       sda    626.00   2544.00   3008.00      0.00      8.87      0.46      0.60     17.20

05:02:14 PM IST       DEV       tps     rkB/s     wkB/s     dkB/s   areq-sz    aqu-sz     await     %util
05:02:15 PM IST   nvme0n1      0.00      0.00      0.00      0.00      0.00      0.00      0.00      0.00
05:02:15 PM IST       sda    446.00   1236.00   2348.00      0.00      8.04      0.30      0.44     16.00

05:02:15 PM IST       DEV       tps     rkB/s     wkB/s     dkB/s   areq-sz    aqu-sz     await     %util
05:02:16 PM IST   nvme0n1      0.00      0.00      0.00      0.00      0.00      0.00      0.00      0.00
05:02:16 PM IST       sda    612.00   6736.00   1904.00      0.00     14.12      0.36      0.42     20.40

05:02:16 PM IST       DEV       tps     rkB/s     wkB/s     dkB/s   areq-sz    aqu-sz     await     %util
05:02:17 PM IST   nvme0n1      0.00      0.00      0.00      0.00      0.00      0.00      0.00      0.00
05:02:17 PM IST       sda    380.00     28.00   1820.00      0.00      4.86      0.22      0.31     10.80

05:02:17 PM IST       DEV       tps     rkB/s     wkB/s     dkB/s   areq-sz    aqu-sz     await     %util
05:02:18 PM IST   nvme0n1      0.00      0.00      0.00      0.00      0.00      0.00      0.00      0.00
05:02:18 PM IST       sda    439.00     52.00   2476.00      0.00      5.76      0.32      0.46     15.60

05:02:18 PM IST       DEV       tps     rkB/s     wkB/s     dkB/s   areq-sz    aqu-sz     await     %util
05:02:19 PM IST   nvme0n1      0.00      0.00      0.00      0.00      0.00      0.00      0.00      0.00
05:02:19 PM IST       sda    504.00    156.00   2456.00      0.00      5.18      0.36      0.50     14.80

05:02:19 PM IST       DEV       tps     rkB/s     wkB/s     dkB/s   areq-sz    aqu-sz     await     %util
05:02:20 PM IST   nvme0n1      0.00      0.00      0.00      0.00      0.00      0.00      0.00      0.00
05:02:20 PM IST       sda    360.00    212.00   1624.00      0.00      5.10      0.21      0.33     10.00

05:02:20 PM IST       DEV       tps     rkB/s     wkB/s     dkB/s   areq-sz    aqu-sz     await     %util
05:02:21 PM IST   nvme0n1      0.00      0.00      0.00      0.00      0.00      0.00      0.00      0.00
05:02:21 PM IST       sda    361.00     40.00   1928.00      0.00      5.45      0.20      0.31     10.40

05:02:21 PM IST       DEV       tps     rkB/s     wkB/s     dkB/s   areq-sz    aqu-sz     await     %util
05:02:22 PM IST   nvme0n1      0.00      0.00      0.00      0.00      0.00      0.00      0.00      0.00
05:02:22 PM IST       sda    496.00   2080.00   1868.00      0.00      7.96      0.32      0.44     14.40

05:02:22 PM IST       DEV       tps     rkB/s     wkB/s     dkB/s   areq-sz    aqu-sz     await     %util
05:02:23 PM IST   nvme0n1      0.00      0.00      0.00      0.00      0.00      0.00      0.00      0.00
05:02:23 PM IST       sda    374.00    188.00   1724.00      0.00      5.11      0.22      0.32     12.40

05:02:23 PM IST       DEV       tps     rkB/s     wkB/s     dkB/s   areq-sz    aqu-sz     await     %util
05:02:24 PM IST   nvme0n1      0.00      0.00      0.00      0.00      0.00      0.00      0.00      0.00
05:02:24 PM IST       sda    387.00      0.00   2976.00      0.00      7.69      0.23      0.34     10.00

05:02:24 PM IST       DEV       tps     rkB/s     wkB/s     dkB/s   areq-sz    aqu-sz     await     %util
05:02:25 PM IST   nvme0n1      0.00      0.00      0.00      0.00      0.00      0.00      0.00      0.00
05:02:25 PM IST       sda    409.00    552.00   2196.00      0.00      6.72      0.26      0.39     12.00

05:02:25 PM IST       DEV       tps     rkB/s     wkB/s     dkB/s   areq-sz    aqu-sz     await     %util
05:02:26 PM IST   nvme0n1      0.00      0.00      0.00      0.00      0.00      0.00      0.00      0.00
05:02:26 PM IST       sda    415.00    404.00   1768.00      0.00      5.23      0.24      0.34      8.80

05:02:26 PM IST       DEV       tps     rkB/s     wkB/s     dkB/s   areq-sz    aqu-sz     await     %util
05:02:27 PM IST   nvme0n1      0.00      0.00      0.00      0.00      0.00      0.00      0.00      0.00
05:02:27 PM IST       sda    412.00    972.00   1668.00      0.00      6.41      0.29      0.47     14.40

05:02:27 PM IST       DEV       tps     rkB/s     wkB/s     dkB/s   areq-sz    aqu-sz     await     %util
05:02:28 PM IST   nvme0n1      0.00      0.00      0.00      0.00      0.00      0.00      0.00      0.00
05:02:28 PM IST       sda    477.00   4208.00   1716.00      0.00     12.42      0.27      0.41      9.60

05:02:28 PM IST       DEV       tps     rkB/s     wkB/s     dkB/s   areq-sz    aqu-sz     await     %util
05:02:29 PM IST   nvme0n1      0.00      0.00      0.00      0.00      0.00      0.00      0.00      0.00
05:02:29 PM IST       sda    516.00    756.00   1904.00      0.00      5.16      0.25      0.32     14.00

05:02:29 PM IST       DEV       tps     rkB/s     wkB/s     dkB/s   areq-sz    aqu-sz     await     %util
05:02:30 PM IST   nvme0n1      0.00      0.00      0.00      0.00      0.00      0.00      0.00      0.00
05:02:30 PM IST       sda    416.00     44.00   2124.00      0.00      5.21      0.21      0.29     13.20

05:02:30 PM IST       DEV       tps     rkB/s     wkB/s     dkB/s   areq-sz    aqu-sz     await     %util
05:02:31 PM IST   nvme0n1      0.00      0.00      0.00      0.00      0.00      0.00      0.00      0.00
05:02:31 PM IST       sda    395.00      0.00   2188.00      0.00      5.54      0.26      0.35     13.60

05:02:31 PM IST       DEV       tps     rkB/s     wkB/s     dkB/s   areq-sz    aqu-sz     await     %util
05:02:32 PM IST   nvme0n1      0.00      0.00      0.00      0.00      0.00      0.00      0.00      0.00
05:02:32 PM IST       sda    414.00    480.00   1812.00      0.00      5.54      0.22      0.33      7.60

05:02:32 PM IST       DEV       tps     rkB/s     wkB/s     dkB/s   areq-sz    aqu-sz     await     %util
05:02:33 PM IST   nvme0n1      0.00      0.00      0.00      0.00      0.00      0.00      0.00      0.00
05:02:33 PM IST       sda    420.00    372.00   1856.00      0.00      5.30      0.21      0.29      9.20

05:02:33 PM IST       DEV       tps     rkB/s     wkB/s     dkB/s   areq-sz    aqu-sz     await     %util
05:02:34 PM IST   nvme0n1      0.00      0.00      0.00      0.00      0.00      0.00      0.00      0.00
05:02:34 PM IST       sda    487.00      0.00   2432.00      0.00      4.99      0.23      0.28     14.40

05:02:34 PM IST       DEV       tps     rkB/s     wkB/s     dkB/s   areq-sz    aqu-sz     await     %util
05:02:35 PM IST   nvme0n1      0.00      0.00      0.00      0.00      0.00      0.00      0.00      0.00
05:02:35 PM IST       sda    388.00      0.00   2080.00      0.00      5.36      0.20      0.28      8.80

05:02:35 PM IST       DEV       tps     rkB/s     wkB/s     dkB/s   areq-sz    aqu-sz     await     %util
05:02:36 PM IST   nvme0n1      0.00      0.00      0.00      0.00      0.00      0.00      0.00      0.00
05:02:36 PM IST       sda    392.00      0.00   1916.00      0.00      4.89      0.20      0.27     11.60

05:02:36 PM IST       DEV       tps     rkB/s     wkB/s     dkB/s   areq-sz    aqu-sz     await     %util
05:02:37 PM IST   nvme0n1      0.00      0.00      0.00      0.00      0.00      0.00      0.00      0.00
05:02:37 PM IST       sda    438.00    612.00   2232.00      0.00      6.49      0.24      0.33     12.80

05:02:37 PM IST       DEV       tps     rkB/s     wkB/s     dkB/s   areq-sz    aqu-sz     await     %util
05:02:38 PM IST   nvme0n1      0.00      0.00      0.00      0.00      0.00      0.00      0.00      0.00
05:02:38 PM IST       sda    412.00     52.00   2096.00      0.00      5.21      0.21      0.29     13.20

05:02:38 PM IST       DEV       tps     rkB/s     wkB/s     dkB/s   areq-sz    aqu-sz     await     %util
05:02:39 PM IST   nvme0n1      0.00      0.00      0.00      0.00      0.00      0.00      0.00      0.00
05:02:39 PM IST       sda    528.00      0.00   3368.00      0.00      6.38      0.26      0.32     10.80

05:02:39 PM IST       DEV       tps     rkB/s     wkB/s     dkB/s   areq-sz    aqu-sz     await     %util
05:02:40 PM IST   nvme0n1      0.00      0.00      0.00      0.00      0.00      0.00      0.00      0.00
05:02:40 PM IST       sda    403.00     56.00   1864.00      0.00      4.76      0.20      0.29     10.80

05:02:40 PM IST       DEV       tps     rkB/s     wkB/s     dkB/s   areq-sz    aqu-sz     await     %util
05:02:41 PM IST   nvme0n1      0.00      0.00      0.00      0.00      0.00      0.00      0.00      0.00
05:02:41 PM IST       sda    427.00     60.00   2212.00      0.00      5.32      0.26      0.39     11.60

05:02:41 PM IST       DEV       tps     rkB/s     wkB/s     dkB/s   areq-sz    aqu-sz     await     %util
05:02:42 PM IST   nvme0n1      0.00      0.00      0.00      0.00      0.00      0.00      0.00      0.00
05:02:42 PM IST       sda    397.00     56.00   2008.00      0.00      5.20      0.21      0.30     12.40

05:02:42 PM IST       DEV       tps     rkB/s     wkB/s     dkB/s   areq-sz    aqu-sz     await     %util
05:02:43 PM IST   nvme0n1      0.00      0.00      0.00      0.00      0.00      0.00      0.00      0.00
05:02:43 PM IST       sda    363.00     60.00   1656.00      0.00      4.73      0.20      0.31      7.60

05:02:43 PM IST       DEV       tps     rkB/s     wkB/s     dkB/s   areq-sz    aqu-sz     await     %util
05:02:44 PM IST   nvme0n1      0.00      0.00      0.00      0.00      0.00      0.00      0.00      0.00
05:02:44 PM IST       sda    313.86     83.17   1869.31      0.00      6.22      0.24      0.43     13.86

05:02:44 PM IST       DEV       tps     rkB/s     wkB/s     dkB/s   areq-sz    aqu-sz     await     %util
05:02:45 PM IST   nvme0n1      0.00      0.00      0.00      0.00      0.00      0.00      0.00      0.00
05:02:45 PM IST       sda    430.00      0.00   2020.00      0.00      4.70      0.20      0.27      9.20

05:02:45 PM IST       DEV       tps     rkB/s     wkB/s     dkB/s   areq-sz    aqu-sz     await     %util
05:02:46 PM IST   nvme0n1      0.00      0.00      0.00      0.00      0.00      0.00      0.00      0.00
05:02:46 PM IST       sda    370.00    252.00   1672.00      0.00      5.20      0.20      0.31     12.00

05:02:46 PM IST       DEV       tps     rkB/s     wkB/s     dkB/s   areq-sz    aqu-sz     await     %util
05:02:47 PM IST   nvme0n1      0.00      0.00      0.00      0.00      0.00      0.00      0.00      0.00
05:02:47 PM IST       sda    396.00    116.00   1832.00      0.00      4.92      0.20      0.29      9.60

05:02:47 PM IST       DEV       tps     rkB/s     wkB/s     dkB/s   areq-sz    aqu-sz     await     %util
05:02:48 PM IST   nvme0n1      0.00      0.00      0.00      0.00      0.00      0.00      0.00      0.00
05:02:48 PM IST       sda    387.00      0.00   2048.00      0.00      5.29      0.21      0.30     10.80

05:02:48 PM IST       DEV       tps     rkB/s     wkB/s     dkB/s   areq-sz    aqu-sz     await     %util
05:02:49 PM IST   nvme0n1      0.00      0.00      0.00      0.00      0.00      0.00      0.00      0.00
05:02:49 PM IST       sda    438.00      0.00   2444.00      0.00      5.58      0.21      0.27     12.00

05:02:49 PM IST       DEV       tps     rkB/s     wkB/s     dkB/s   areq-sz    aqu-sz     await     %util
05:02:50 PM IST   nvme0n1      0.00      0.00      0.00      0.00      0.00      0.00      0.00      0.00
05:02:50 PM IST       sda    422.00     88.00   2044.00      0.00      5.05      0.24      0.34     10.80

05:02:50 PM IST       DEV       tps     rkB/s     wkB/s     dkB/s   areq-sz    aqu-sz     await     %util
05:02:51 PM IST   nvme0n1      0.00      0.00      0.00      0.00      0.00      0.00      0.00      0.00
05:02:51 PM IST       sda    391.00      0.00   1928.00      0.00      4.93      0.20      0.29     12.00

05:02:51 PM IST       DEV       tps     rkB/s     wkB/s     dkB/s   areq-sz    aqu-sz     await     %util
05:02:52 PM IST   nvme0n1      0.00      0.00      0.00      0.00      0.00      0.00      0.00      0.00
05:02:52 PM IST       sda    398.00     24.00   1984.00      0.00      5.05      0.20      0.28     10.40

05:02:52 PM IST       DEV       tps     rkB/s     wkB/s     dkB/s   areq-sz    aqu-sz     await     %util
05:02:53 PM IST   nvme0n1      0.00      0.00      0.00      0.00      0.00      0.00      0.00      0.00
05:02:53 PM IST       sda    389.00      0.00   1816.00      0.00      4.67      0.20      0.28      8.80

05:02:53 PM IST       DEV       tps     rkB/s     wkB/s     dkB/s   areq-sz    aqu-sz     await     %util
05:02:54 PM IST   nvme0n1      0.00      0.00      0.00      0.00      0.00      0.00      0.00      0.00
05:02:54 PM IST       sda    379.00      0.00   2016.00      0.00      5.32      0.19      0.27      9.20

05:02:54 PM IST       DEV       tps     rkB/s     wkB/s     dkB/s   areq-sz    aqu-sz     await     %util
05:02:55 PM IST   nvme0n1      0.00      0.00      0.00      0.00      0.00      0.00      0.00      0.00
05:02:55 PM IST       sda    387.00      0.00   1844.00      0.00      4.76      0.20      0.28     11.20

05:02:55 PM IST       DEV       tps     rkB/s     wkB/s     dkB/s   areq-sz    aqu-sz     await     %util
05:02:56 PM IST   nvme0n1      0.00      0.00      0.00      0.00      0.00      0.00      0.00      0.00
05:02:56 PM IST       sda    366.00      4.00   1856.00      0.00      5.08      0.19      0.31     10.80

05:02:56 PM IST       DEV       tps     rkB/s     wkB/s     dkB/s   areq-sz    aqu-sz     await     %util
05:02:57 PM IST   nvme0n1      0.00      0.00      0.00      0.00      0.00      0.00      0.00      0.00
05:02:57 PM IST       sda    381.00    100.00   2100.00      0.00      5.77      0.23      0.33     12.00

05:02:57 PM IST       DEV       tps     rkB/s     wkB/s     dkB/s   areq-sz    aqu-sz     await     %util
05:02:58 PM IST   nvme0n1      0.00      0.00      0.00      0.00      0.00      0.00      0.00      0.00
05:02:58 PM IST       sda    357.00     40.00   1636.00      0.00      4.69      0.21      0.32     16.80

05:02:58 PM IST       DEV       tps     rkB/s     wkB/s     dkB/s   areq-sz    aqu-sz     await     %util
05:02:59 PM IST   nvme0n1      0.00      0.00      0.00      0.00      0.00      0.00      0.00      0.00
05:02:59 PM IST       sda    367.00    204.00   1812.00      0.00      5.49      0.20      0.29      8.00

05:02:59 PM IST       DEV       tps     rkB/s     wkB/s     dkB/s   areq-sz    aqu-sz     await     %util
05:03:00 PM IST   nvme0n1      0.00      0.00      0.00      0.00      0.00      0.00      0.00      0.00
05:03:00 PM IST       sda    361.00   2544.00   1544.00      0.00     11.32      0.21      0.38     11.60

05:03:00 PM IST       DEV       tps     rkB/s     wkB/s     dkB/s   areq-sz    aqu-sz     await     %util
05:03:01 PM IST   nvme0n1      0.00      0.00      0.00      0.00      0.00      0.00      0.00      0.00
05:03:01 PM IST       sda    685.00  24440.00   1836.00      0.00     38.36      0.43      0.55     19.20

05:03:01 PM IST       DEV       tps     rkB/s     wkB/s     dkB/s   areq-sz    aqu-sz     await     %util
05:03:02 PM IST   nvme0n1      0.00      0.00      0.00      0.00      0.00      0.00      0.00      0.00
05:03:02 PM IST       sda    345.00      0.00   1632.00      0.00      4.73      0.19      0.30      9.60

05:03:02 PM IST       DEV       tps     rkB/s     wkB/s     dkB/s   areq-sz    aqu-sz     await     %util
05:03:03 PM IST   nvme0n1      0.00      0.00      0.00      0.00      0.00      0.00      0.00      0.00
05:03:03 PM IST       sda    362.00    108.00   1616.00      0.00      4.76      0.20      0.31     10.00

05:03:03 PM IST       DEV       tps     rkB/s     wkB/s     dkB/s   areq-sz    aqu-sz     await     %util
05:03:04 PM IST   nvme0n1      0.00      0.00      0.00      0.00      0.00      0.00      0.00      0.00
05:03:04 PM IST       sda    405.00    488.00   2368.00      0.00      7.05      0.26      0.40     10.00

05:03:04 PM IST       DEV       tps     rkB/s     wkB/s     dkB/s   areq-sz    aqu-sz     await     %util
05:03:05 PM IST   nvme0n1      0.00      0.00      0.00      0.00      0.00      0.00      0.00      0.00
05:03:05 PM IST       sda    490.00   1124.00   1616.00      0.00      5.59      0.22      0.28     11.20

05:03:05 PM IST       DEV       tps     rkB/s     wkB/s     dkB/s   areq-sz    aqu-sz     await     %util
05:03:06 PM IST   nvme0n1      0.00      0.00      0.00      0.00      0.00      0.00      0.00      0.00
05:03:06 PM IST       sda    414.00    328.00   1912.00      0.00      5.41      0.23      0.32     12.00

05:03:06 PM IST       DEV       tps     rkB/s     wkB/s     dkB/s   areq-sz    aqu-sz     await     %util
05:03:07 PM IST   nvme0n1      0.00      0.00      0.00      0.00      0.00      0.00      0.00      0.00
05:03:07 PM IST       sda    467.00      4.00   2504.00      0.00      5.37      0.26      0.33     11.20

05:03:07 PM IST       DEV       tps     rkB/s     wkB/s     dkB/s   areq-sz    aqu-sz     await     %util
05:03:08 PM IST   nvme0n1      0.00      0.00      0.00      0.00      0.00      0.00      0.00      0.00
05:03:08 PM IST       sda    386.00     32.00   1832.00      0.00      4.83      0.22      0.31     11.20

05:03:08 PM IST       DEV       tps     rkB/s     wkB/s     dkB/s   areq-sz    aqu-sz     await     %util
05:03:09 PM IST   nvme0n1      0.00      0.00      0.00      0.00      0.00      0.00      0.00      0.00
05:03:09 PM IST       sda    425.00     68.00   2236.00      0.00      5.42      0.22      0.30     10.80

05:03:09 PM IST       DEV       tps     rkB/s     wkB/s     dkB/s   areq-sz    aqu-sz     await     %util
05:03:10 PM IST   nvme0n1      0.00      0.00      0.00      0.00      0.00      0.00      0.00      0.00
05:03:10 PM IST       sda    475.00   1688.00   1992.00      0.00      7.75      0.24      0.33     12.80

05:03:10 PM IST       DEV       tps     rkB/s     wkB/s     dkB/s   areq-sz    aqu-sz     await     %util
05:03:11 PM IST   nvme0n1      0.00      0.00      0.00      0.00      0.00      0.00      0.00      0.00
05:03:11 PM IST       sda    354.00    180.00   1804.00      0.00      5.60      0.28      0.44     16.00

05:03:11 PM IST       DEV       tps     rkB/s     wkB/s     dkB/s   areq-sz    aqu-sz     await     %util
05:03:12 PM IST   nvme0n1      0.00      0.00      0.00      0.00      0.00      0.00      0.00      0.00
05:03:12 PM IST       sda    569.00      0.00   3376.00      0.00      5.93      0.29      0.34     10.80

05:03:12 PM IST       DEV       tps     rkB/s     wkB/s     dkB/s   areq-sz    aqu-sz     await     %util
05:03:13 PM IST   nvme0n1      0.00      0.00      0.00      0.00      0.00      0.00      0.00      0.00
05:03:13 PM IST       sda    386.00     88.00   1776.00      0.00      4.83      0.22      0.32     11.60

05:03:13 PM IST       DEV       tps     rkB/s     wkB/s     dkB/s   areq-sz    aqu-sz     await     %util
05:03:14 PM IST   nvme0n1      0.00      0.00      0.00      0.00      0.00      0.00      0.00      0.00
05:03:14 PM IST       sda    374.00      0.00   1812.00      0.00      4.84      0.22      0.31     10.00

05:03:14 PM IST       DEV       tps     rkB/s     wkB/s     dkB/s   areq-sz    aqu-sz     await     %util
05:03:15 PM IST   nvme0n1      0.00      0.00      0.00      0.00      0.00      0.00      0.00      0.00
05:03:15 PM IST       sda    369.00      0.00   1752.00      0.00      4.75      0.21      0.31     10.00

05:03:15 PM IST       DEV       tps     rkB/s     wkB/s     dkB/s   areq-sz    aqu-sz     await     %util
05:03:16 PM IST   nvme0n1      0.00      0.00      0.00      0.00      0.00      0.00      0.00      0.00
05:03:16 PM IST       sda    395.00    176.00   2760.00      0.00      7.43      0.24      0.35     13.20

05:03:16 PM IST       DEV       tps     rkB/s     wkB/s     dkB/s   areq-sz    aqu-sz     await     %util
05:03:17 PM IST   nvme0n1      0.00      0.00      0.00      0.00      0.00      0.00      0.00      0.00
05:03:17 PM IST       sda    380.00      0.00   1804.00      0.00      4.75      0.21      0.31      9.20

05:03:17 PM IST       DEV       tps     rkB/s     wkB/s     dkB/s   areq-sz    aqu-sz     await     %util
05:03:18 PM IST   nvme0n1      0.00      0.00      0.00      0.00      0.00      0.00      0.00      0.00
05:03:18 PM IST       sda    362.00      0.00   1704.00      0.00      4.71      0.21      0.31     10.80

05:03:18 PM IST       DEV       tps     rkB/s     wkB/s     dkB/s   areq-sz    aqu-sz     await     %util
05:03:19 PM IST   nvme0n1      0.00      0.00      0.00      0.00      0.00      0.00      0.00      0.00
05:03:19 PM IST       sda    369.00      0.00   1740.00      0.00      4.72      0.21      0.31      9.60

05:03:19 PM IST       DEV       tps     rkB/s     wkB/s     dkB/s   areq-sz    aqu-sz     await     %util
05:03:20 PM IST   nvme0n1      0.00      0.00      0.00      0.00      0.00      0.00      0.00      0.00
05:03:20 PM IST       sda    419.00     36.00   2272.00      0.00      5.51      0.24      0.32     12.00

05:03:20 PM IST       DEV       tps     rkB/s     wkB/s     dkB/s   areq-sz    aqu-sz     await     %util
05:03:21 PM IST   nvme0n1      0.00      0.00      0.00      0.00      0.00      0.00      0.00      0.00
05:03:21 PM IST       sda    398.00      0.00   1864.00      0.00      4.68      0.22      0.30      8.00

05:03:21 PM IST       DEV       tps     rkB/s     wkB/s     dkB/s   areq-sz    aqu-sz     await     %util
05:03:22 PM IST   nvme0n1      0.00      0.00      0.00      0.00      0.00      0.00      0.00      0.00
05:03:22 PM IST       sda    444.00      0.00   3080.00      0.00      6.94      0.21      0.28      8.80

05:03:22 PM IST       DEV       tps     rkB/s     wkB/s     dkB/s   areq-sz    aqu-sz     await     %util
05:03:23 PM IST   nvme0n1      0.00      0.00      0.00      0.00      0.00      0.00      0.00      0.00
05:03:23 PM IST       sda    381.00      0.00   1792.00      0.00      4.70      0.26      0.37     14.40

05:03:23 PM IST       DEV       tps     rkB/s     wkB/s     dkB/s   areq-sz    aqu-sz     await     %util
05:03:24 PM IST   nvme0n1      0.00      0.00      0.00      0.00      0.00      0.00      0.00      0.00
05:03:24 PM IST       sda    405.00      0.00   2072.00      0.00      5.12      0.20      0.26     10.00

05:03:24 PM IST       DEV       tps     rkB/s     wkB/s     dkB/s   areq-sz    aqu-sz     await     %util
05:03:25 PM IST   nvme0n1      0.00      0.00      0.00      0.00      0.00      0.00      0.00      0.00
05:03:25 PM IST       sda    426.00    120.00   1952.00      0.00      4.86      0.23      0.33     14.40

05:03:25 PM IST       DEV       tps     rkB/s     wkB/s     dkB/s   areq-sz    aqu-sz     await     %util
05:03:26 PM IST   nvme0n1      0.00      0.00      0.00      0.00      0.00      0.00      0.00      0.00
05:03:26 PM IST       sda    437.00      0.00   1992.00      0.00      4.56      0.22      0.28      9.20

05:03:26 PM IST       DEV       tps     rkB/s     wkB/s     dkB/s   areq-sz    aqu-sz     await     %util
05:03:27 PM IST   nvme0n1      0.00      0.00      0.00      0.00      0.00      0.00      0.00      0.00
05:03:27 PM IST       sda    482.00     68.00   3172.00      0.00      6.72      0.25      0.30     12.40

05:03:27 PM IST       DEV       tps     rkB/s     wkB/s     dkB/s   areq-sz    aqu-sz     await     %util
05:03:28 PM IST   nvme0n1      0.00      0.00      0.00      0.00      0.00      0.00      0.00      0.00
05:03:28 PM IST       sda    450.00      0.00   2060.00      0.00      4.58      0.23      0.28     11.60

05:03:28 PM IST       DEV       tps     rkB/s     wkB/s     dkB/s   areq-sz    aqu-sz     await     %util
05:03:29 PM IST   nvme0n1      0.00      0.00      0.00      0.00      0.00      0.00      0.00      0.00
05:03:29 PM IST       sda    451.00      0.00   2272.00      0.00      5.04      0.22      0.27      8.40

05:03:29 PM IST       DEV       tps     rkB/s     wkB/s     dkB/s   areq-sz    aqu-sz     await     %util
05:03:30 PM IST   nvme0n1      0.00      0.00      0.00      0.00      0.00      0.00      0.00      0.00
05:03:30 PM IST       sda    424.00      4.00   2112.00      0.00      4.99      0.22      0.29     12.00

05:03:30 PM IST       DEV       tps     rkB/s     wkB/s     dkB/s   areq-sz    aqu-sz     await     %util
05:03:31 PM IST   nvme0n1      0.00      0.00      0.00      0.00      0.00      0.00      0.00      0.00
05:03:31 PM IST       sda    417.00      0.00   1960.00      0.00      4.70      0.21      0.28     13.20

05:03:31 PM IST       DEV       tps     rkB/s     wkB/s     dkB/s   areq-sz    aqu-sz     await     %util
05:03:32 PM IST   nvme0n1      0.00      0.00      0.00      0.00      0.00      0.00      0.00      0.00
05:03:32 PM IST       sda    453.00     68.00   2156.00      0.00      4.91      0.22      0.27      9.60

05:03:32 PM IST       DEV       tps     rkB/s     wkB/s     dkB/s   areq-sz    aqu-sz     await     %util
05:03:33 PM IST   nvme0n1      0.00      0.00      0.00      0.00      0.00      0.00      0.00      0.00
05:03:33 PM IST       sda    434.00      0.00   2028.00      0.00      4.67      0.22      0.27     10.40

05:03:33 PM IST       DEV       tps     rkB/s     wkB/s     dkB/s   areq-sz    aqu-sz     await     %util
05:03:34 PM IST   nvme0n1      0.00      0.00      0.00      0.00      0.00      0.00      0.00      0.00
05:03:34 PM IST       sda    465.00      0.00   2180.00      0.00      4.69      0.24      0.28     12.80

05:03:34 PM IST       DEV       tps     rkB/s     wkB/s     dkB/s   areq-sz    aqu-sz     await     %util
05:03:35 PM IST   nvme0n1      0.00      0.00      0.00      0.00      0.00      0.00      0.00      0.00
05:03:35 PM IST       sda    427.00      0.00   2292.00      0.00      5.37      0.26      0.35     15.20

05:03:35 PM IST       DEV       tps     rkB/s     wkB/s     dkB/s   areq-sz    aqu-sz     await     %util
05:03:36 PM IST   nvme0n1      0.00      0.00      0.00      0.00      0.00      0.00      0.00      0.00
05:03:36 PM IST       sda    417.00      8.00   1960.00      0.00      4.72      0.20      0.27      9.60

05:03:36 PM IST       DEV       tps     rkB/s     wkB/s     dkB/s   areq-sz    aqu-sz     await     %util
05:03:37 PM IST   nvme0n1      0.00      0.00      0.00      0.00      0.00      0.00      0.00      0.00
05:03:37 PM IST       sda    423.00      0.00   2068.00      0.00      4.89      0.22      0.28     11.60

05:03:37 PM IST       DEV       tps     rkB/s     wkB/s     dkB/s   areq-sz    aqu-sz     await     %util
05:03:38 PM IST   nvme0n1      0.00      0.00      0.00      0.00      0.00      0.00      0.00      0.00
05:03:38 PM IST       sda    435.00      0.00   2144.00      0.00      4.93      0.21      0.27     12.00

05:03:38 PM IST       DEV       tps     rkB/s     wkB/s     dkB/s   areq-sz    aqu-sz     await     %util
05:03:39 PM IST   nvme0n1      0.00      0.00      0.00      0.00      0.00      0.00      0.00      0.00
05:03:39 PM IST       sda    442.00      0.00   2104.00      0.00      4.76      0.21      0.26     10.80

05:03:39 PM IST       DEV       tps     rkB/s     wkB/s     dkB/s   areq-sz    aqu-sz     await     %util
05:03:40 PM IST   nvme0n1      0.00      0.00      0.00      0.00      0.00      0.00      0.00      0.00
05:03:40 PM IST       sda    415.00     84.00   1912.00      0.00      4.81      0.29      0.49     12.80

05:03:40 PM IST       DEV       tps     rkB/s     wkB/s     dkB/s   areq-sz    aqu-sz     await     %util
05:03:41 PM IST   nvme0n1      0.00      0.00      0.00      0.00      0.00      0.00      0.00      0.00
05:03:41 PM IST       sda    509.00    100.00   2336.00      0.00      4.79      0.22      0.26     13.60

05:03:41 PM IST       DEV       tps     rkB/s     wkB/s     dkB/s   areq-sz    aqu-sz     await     %util
05:03:42 PM IST   nvme0n1      0.00      0.00      0.00      0.00      0.00      0.00      0.00      0.00
05:03:42 PM IST       sda    397.00      0.00   1944.00      0.00      4.90      0.20      0.27     12.00

05:03:42 PM IST       DEV       tps     rkB/s     wkB/s     dkB/s   areq-sz    aqu-sz     await     %util
05:03:43 PM IST   nvme0n1      0.00      0.00      0.00      0.00      0.00      0.00      0.00      0.00
05:03:43 PM IST       sda    514.00     76.00   2608.00      0.00      5.22      0.26      0.33     10.80

05:03:43 PM IST       DEV       tps     rkB/s     wkB/s     dkB/s   areq-sz    aqu-sz     await     %util
05:03:44 PM IST   nvme0n1      0.00      0.00      0.00      0.00      0.00      0.00      0.00      0.00
05:03:44 PM IST       sda    432.00    812.00   2016.00      0.00      6.55      0.31      0.50     11.20

05:03:44 PM IST       DEV       tps     rkB/s     wkB/s     dkB/s   areq-sz    aqu-sz     await     %util
05:03:45 PM IST   nvme0n1      0.00      0.00      0.00      0.00      0.00      0.00      0.00      0.00
05:03:45 PM IST       sda    394.00      0.00   1824.00      0.00      4.63      0.21      0.29     11.60

05:03:45 PM IST       DEV       tps     rkB/s     wkB/s     dkB/s   areq-sz    aqu-sz     await     %util
05:03:46 PM IST   nvme0n1      0.00      0.00      0.00      0.00      0.00      0.00      0.00      0.00
05:03:46 PM IST       sda    376.00      0.00   1792.00      0.00      4.77      0.20      0.29     12.40

05:03:46 PM IST       DEV       tps     rkB/s     wkB/s     dkB/s   areq-sz    aqu-sz     await     %util
05:03:47 PM IST   nvme0n1      0.00      0.00      0.00      0.00      0.00      0.00      0.00      0.00
05:03:47 PM IST       sda    376.00     64.00   1792.00      0.00      4.94      0.26      0.38     16.00

05:03:47 PM IST       DEV       tps     rkB/s     wkB/s     dkB/s   areq-sz    aqu-sz     await     %util
05:03:48 PM IST   nvme0n1      0.00      0.00      0.00      0.00      0.00      0.00      0.00      0.00
05:03:48 PM IST       sda    403.00     68.00   1956.00      0.00      5.02      0.22      0.30     13.20

05:03:48 PM IST       DEV       tps     rkB/s     wkB/s     dkB/s   areq-sz    aqu-sz     await     %util
05:03:49 PM IST   nvme0n1      0.00      0.00      0.00      0.00      0.00      0.00      0.00      0.00
05:03:49 PM IST       sda    381.00      0.00   1948.00      0.00      5.11      0.22      0.32      8.00

05:03:49 PM IST       DEV       tps     rkB/s     wkB/s     dkB/s   areq-sz    aqu-sz     await     %util
05:03:50 PM IST   nvme0n1      0.00      0.00      0.00      0.00      0.00      0.00      0.00      0.00
05:03:50 PM IST       sda    432.00     76.00   1984.00      0.00      4.77      0.27      0.39     14.40

05:03:50 PM IST       DEV       tps     rkB/s     wkB/s     dkB/s   areq-sz    aqu-sz     await     %util
05:03:51 PM IST   nvme0n1      0.00      0.00      0.00      0.00      0.00      0.00      0.00      0.00
05:03:51 PM IST       sda    450.00     24.00   2272.00      0.00      5.10      0.23      0.28     14.00

05:03:51 PM IST       DEV       tps     rkB/s     wkB/s     dkB/s   areq-sz    aqu-sz     await     %util
05:03:52 PM IST   nvme0n1      0.00      0.00      0.00      0.00      0.00      0.00      0.00      0.00
05:03:52 PM IST       sda    402.00     16.00   1880.00      0.00      4.72      0.22      0.30     10.80

05:03:52 PM IST       DEV       tps     rkB/s     wkB/s     dkB/s   areq-sz    aqu-sz     await     %util
05:03:53 PM IST   nvme0n1      0.00      0.00      0.00      0.00      0.00      0.00      0.00      0.00
05:03:53 PM IST       sda    474.00      0.00   2420.00      0.00      5.11      0.23      0.27     14.40

05:03:53 PM IST       DEV       tps     rkB/s     wkB/s     dkB/s   areq-sz    aqu-sz     await     %util
05:03:54 PM IST   nvme0n1      0.00      0.00      0.00      0.00      0.00      0.00      0.00      0.00
05:03:54 PM IST       sda    410.00      0.00   1956.00      0.00      4.77      0.21      0.28      9.20

05:03:54 PM IST       DEV       tps     rkB/s     wkB/s     dkB/s   areq-sz    aqu-sz     await     %util
05:03:55 PM IST   nvme0n1      0.00      0.00      0.00      0.00      0.00      0.00      0.00      0.00
05:03:55 PM IST       sda    422.00      0.00   1976.00      0.00      4.68      0.21      0.27      9.20

05:03:55 PM IST       DEV       tps     rkB/s     wkB/s     dkB/s   areq-sz    aqu-sz     await     %util
05:03:56 PM IST   nvme0n1      0.00      0.00      0.00      0.00      0.00      0.00      0.00      0.00
05:03:56 PM IST       sda    412.00      0.00   2056.00      0.00      4.99      0.22      0.29     13.60

05:03:56 PM IST       DEV       tps     rkB/s     wkB/s     dkB/s   areq-sz    aqu-sz     await     %util
05:03:57 PM IST   nvme0n1      0.00      0.00      0.00      0.00      0.00      0.00      0.00      0.00
05:03:57 PM IST       sda    384.00      0.00   1808.00      0.00      4.71      0.22      0.30      9.60

05:03:57 PM IST       DEV       tps     rkB/s     wkB/s     dkB/s   areq-sz    aqu-sz     await     %util
05:03:58 PM IST   nvme0n1      0.00      0.00      0.00      0.00      0.00      0.00      0.00      0.00
05:03:58 PM IST       sda    394.00      0.00   1860.00      0.00      4.72      0.21      0.29     11.60

05:03:58 PM IST       DEV       tps     rkB/s     wkB/s     dkB/s   areq-sz    aqu-sz     await     %util
05:03:59 PM IST   nvme0n1      0.00      0.00      0.00      0.00      0.00      0.00      0.00      0.00
05:03:59 PM IST       sda    433.00    128.00   2120.00      0.00      5.19      0.23      0.31      9.60

05:03:59 PM IST       DEV       tps     rkB/s     wkB/s     dkB/s   areq-sz    aqu-sz     await     %util
05:04:00 PM IST   nvme0n1      0.00      0.00      0.00      0.00      0.00      0.00      0.00      0.00
05:04:00 PM IST       sda    349.00      0.00   1648.00      0.00      4.72      0.23      0.36      7.60

05:04:00 PM IST       DEV       tps     rkB/s     wkB/s     dkB/s   areq-sz    aqu-sz     await     %util
05:04:01 PM IST   nvme0n1      0.00      0.00      0.00      0.00      0.00      0.00      0.00      0.00
05:04:01 PM IST       sda    408.00      0.00   2000.00      0.00      4.90      0.22      0.29     12.00

05:04:01 PM IST       DEV       tps     rkB/s     wkB/s     dkB/s   areq-sz    aqu-sz     await     %util
05:04:02 PM IST   nvme0n1      0.00      0.00      0.00      0.00      0.00      0.00      0.00      0.00
05:04:02 PM IST       sda    381.00      0.00   1808.00      0.00      4.75      0.21      0.30      8.80

05:04:02 PM IST       DEV       tps     rkB/s     wkB/s     dkB/s   areq-sz    aqu-sz     await     %util
05:04:03 PM IST   nvme0n1      0.00      0.00      0.00      0.00      0.00      0.00      0.00      0.00
05:04:03 PM IST       sda    379.00      0.00   1824.00      0.00      4.81      0.21      0.30     12.40

05:04:03 PM IST       DEV       tps     rkB/s     wkB/s     dkB/s   areq-sz    aqu-sz     await     %util
05:04:04 PM IST   nvme0n1      0.00      0.00      0.00      0.00      0.00      0.00      0.00      0.00
05:04:04 PM IST       sda    424.00     88.00   2124.00      0.00      5.22      0.24      0.33     13.20

05:04:04 PM IST       DEV       tps     rkB/s     wkB/s     dkB/s   areq-sz    aqu-sz     await     %util
05:04:05 PM IST   nvme0n1      0.00      0.00      0.00      0.00      0.00      0.00      0.00      0.00
05:04:05 PM IST       sda    368.00      0.00   1760.00      0.00      4.78      0.21      0.32     11.60

05:04:05 PM IST       DEV       tps     rkB/s     wkB/s     dkB/s   areq-sz    aqu-sz     await     %util
05:04:06 PM IST   nvme0n1      0.00      0.00      0.00      0.00      0.00      0.00      0.00      0.00
05:04:06 PM IST       sda    383.00      0.00   1820.00      0.00      4.75      0.21      0.30     10.40

05:04:06 PM IST       DEV       tps     rkB/s     wkB/s     dkB/s   areq-sz    aqu-sz     await     %util
05:04:07 PM IST   nvme0n1      0.00      0.00      0.00      0.00      0.00      0.00      0.00      0.00
05:04:07 PM IST       sda    377.00      0.00   1800.00      0.00      4.77      0.23      0.35     11.20

05:04:07 PM IST       DEV       tps     rkB/s     wkB/s     dkB/s   areq-sz    aqu-sz     await     %util
05:04:08 PM IST   nvme0n1      0.00      0.00      0.00      0.00      0.00      0.00      0.00      0.00
05:04:08 PM IST       sda    350.00      8.00   1640.00      0.00      4.71      0.21      0.34      9.20

05:04:08 PM IST       DEV       tps     rkB/s     wkB/s     dkB/s   areq-sz    aqu-sz     await     %util
05:04:09 PM IST   nvme0n1      0.00      0.00      0.00      0.00      0.00      0.00      0.00      0.00
05:04:09 PM IST       sda    418.00      0.00   2124.00      0.00      5.08      0.21      0.28     12.80

05:04:09 PM IST       DEV       tps     rkB/s     wkB/s     dkB/s   areq-sz    aqu-sz     await     %util
05:04:10 PM IST   nvme0n1      0.00      0.00      0.00      0.00      0.00      0.00      0.00      0.00
05:04:10 PM IST       sda    387.00      0.00   1808.00      0.00      4.67      0.21      0.29      8.40

05:04:10 PM IST       DEV       tps     rkB/s     wkB/s     dkB/s   areq-sz    aqu-sz     await     %util
05:04:11 PM IST   nvme0n1      0.00      0.00      0.00      0.00      0.00      0.00      0.00      0.00
05:04:11 PM IST       sda    376.00      0.00   1776.00      0.00      4.72      0.19      0.27     12.00

05:04:11 PM IST       DEV       tps     rkB/s     wkB/s     dkB/s   areq-sz    aqu-sz     await     %util
05:04:12 PM IST   nvme0n1      0.00      0.00      0.00      0.00      0.00      0.00      0.00      0.00
05:04:12 PM IST       sda    555.00      0.00   2672.00      0.00      4.81      0.23      0.25     15.20

05:04:12 PM IST       DEV       tps     rkB/s     wkB/s     dkB/s   areq-sz    aqu-sz     await     %util
05:04:13 PM IST   nvme0n1      0.00      0.00      0.00      0.00      0.00      0.00      0.00      0.00
05:04:13 PM IST       sda    383.00      0.00   1808.00      0.00      4.72      0.24      0.34     13.60

05:04:13 PM IST       DEV       tps     rkB/s     wkB/s     dkB/s   areq-sz    aqu-sz     await     %util
05:04:14 PM IST   nvme0n1      0.00      0.00      0.00      0.00      0.00      0.00      0.00      0.00
05:04:14 PM IST       sda    456.00      0.00   2252.00      0.00      4.94      0.22      0.26      8.40

05:04:14 PM IST       DEV       tps     rkB/s     wkB/s     dkB/s   areq-sz    aqu-sz     await     %util
05:04:15 PM IST   nvme0n1      0.00      0.00      0.00      0.00      0.00      0.00      0.00      0.00
05:04:15 PM IST       sda    424.00      0.00   1992.00      0.00      4.70      0.21      0.26     12.00

05:04:15 PM IST       DEV       tps     rkB/s     wkB/s     dkB/s   areq-sz    aqu-sz     await     %util
05:04:16 PM IST   nvme0n1      0.00      0.00      0.00      0.00      0.00      0.00      0.00      0.00
05:04:16 PM IST       sda    402.00      4.00   2016.00      0.00      5.02      0.20      0.26     11.60

05:04:16 PM IST       DEV       tps     rkB/s     wkB/s     dkB/s   areq-sz    aqu-sz     await     %util
05:04:17 PM IST   nvme0n1      0.00      0.00      0.00      0.00      0.00      0.00      0.00      0.00
05:04:17 PM IST       sda    457.00     72.00   2256.00      0.00      5.09      0.22      0.27      8.00

05:04:17 PM IST       DEV       tps     rkB/s     wkB/s     dkB/s   areq-sz    aqu-sz     await     %util
05:04:18 PM IST   nvme0n1      0.00      0.00      0.00      0.00      0.00      0.00      0.00      0.00
05:04:18 PM IST       sda    989.00   5440.00   2172.00      0.00      7.70      0.53      0.44     21.60

05:04:18 PM IST       DEV       tps     rkB/s     wkB/s     dkB/s   areq-sz    aqu-sz     await     %util
05:04:19 PM IST   nvme0n1      0.00      0.00      0.00      0.00      0.00      0.00      0.00      0.00
05:04:19 PM IST       sda    436.00      0.00   2060.00      0.00      4.72      0.21      0.26     14.40

05:04:19 PM IST       DEV       tps     rkB/s     wkB/s     dkB/s   areq-sz    aqu-sz     await     %util
05:04:20 PM IST   nvme0n1      0.00      0.00      0.00      0.00      0.00      0.00      0.00      0.00
05:04:20 PM IST       sda    493.00    956.00   1872.00      0.00      5.74      0.22      0.26     11.20

05:04:20 PM IST       DEV       tps     rkB/s     wkB/s     dkB/s   areq-sz    aqu-sz     await     %util
05:04:21 PM IST   nvme0n1      0.00      0.00      0.00      0.00      0.00      0.00      0.00      0.00
05:04:21 PM IST       sda    472.00     32.00   2172.00      0.00      4.67      0.21      0.25     11.20

05:04:21 PM IST       DEV       tps     rkB/s     wkB/s     dkB/s   areq-sz    aqu-sz     await     %util
05:04:22 PM IST   nvme0n1      0.00      0.00      0.00      0.00      0.00      0.00      0.00      0.00
05:04:22 PM IST       sda    427.00      0.00   2016.00      0.00      4.72      0.21      0.26     11.60

05:04:22 PM IST       DEV       tps     rkB/s     wkB/s     dkB/s   areq-sz    aqu-sz     await     %util
05:04:23 PM IST   nvme0n1      0.00      0.00      0.00      0.00      0.00      0.00      0.00      0.00
05:04:23 PM IST       sda    384.00      0.00   2056.00      0.00      5.35      0.20      0.27     14.40

05:04:23 PM IST       DEV       tps     rkB/s     wkB/s     dkB/s   areq-sz    aqu-sz     await     %util
05:04:24 PM IST   nvme0n1      0.00      0.00      0.00      0.00      0.00      0.00      0.00      0.00
05:04:24 PM IST       sda    426.00      0.00   2044.00      0.00      4.80      0.23      0.28     13.60

05:04:24 PM IST       DEV       tps     rkB/s     wkB/s     dkB/s   areq-sz    aqu-sz     await     %util
05:04:25 PM IST   nvme0n1      0.00      0.00      0.00      0.00      0.00      0.00      0.00      0.00
05:04:25 PM IST       sda    425.00     36.00   2012.00      0.00      4.82      0.25      0.32     13.60

05:04:25 PM IST       DEV       tps     rkB/s     wkB/s     dkB/s   areq-sz    aqu-sz     await     %util
05:04:26 PM IST   nvme0n1      0.00      0.00      0.00      0.00      0.00      0.00      0.00      0.00
05:04:26 PM IST       sda    439.00      0.00   2032.00      0.00      4.63      0.21      0.26      9.60

05:04:26 PM IST       DEV       tps     rkB/s     wkB/s     dkB/s   areq-sz    aqu-sz     await     %util
05:04:27 PM IST   nvme0n1      0.00      0.00      0.00      0.00      0.00      0.00      0.00      0.00
05:04:27 PM IST       sda    440.00      0.00   2128.00      0.00      4.84      0.22      0.27      9.60

05:04:27 PM IST       DEV       tps     rkB/s     wkB/s     dkB/s   areq-sz    aqu-sz     await     %util
05:04:28 PM IST   nvme0n1      0.00      0.00      0.00      0.00      0.00      0.00      0.00      0.00
05:04:28 PM IST       sda    456.00   1316.00   2076.00      0.00      7.44      0.23      0.29      9.60

05:04:28 PM IST       DEV       tps     rkB/s     wkB/s     dkB/s   areq-sz    aqu-sz     await     %util
05:04:29 PM IST   nvme0n1      0.00      0.00      0.00      0.00      0.00      0.00      0.00      0.00
05:04:29 PM IST       sda    416.00     48.00   1996.00      0.00      4.91      0.21      0.27      9.20

05:04:29 PM IST       DEV       tps     rkB/s     wkB/s     dkB/s   areq-sz    aqu-sz     await     %util
05:04:30 PM IST   nvme0n1      0.00      0.00      0.00      0.00      0.00      0.00      0.00      0.00
05:04:30 PM IST       sda    461.00     28.00   2464.00      0.00      5.41      0.21      0.26     10.40

05:04:30 PM IST       DEV       tps     rkB/s     wkB/s     dkB/s   areq-sz    aqu-sz     await     %util
05:04:31 PM IST   nvme0n1      0.00      0.00      0.00      0.00      0.00      0.00      0.00      0.00
05:04:31 PM IST       sda    413.00      0.00   2024.00      0.00      4.90      0.21      0.27      8.80

05:04:31 PM IST       DEV       tps     rkB/s     wkB/s     dkB/s   areq-sz    aqu-sz     await     %util
05:04:32 PM IST   nvme0n1      0.00      0.00      0.00      0.00      0.00      0.00      0.00      0.00
05:04:32 PM IST       sda    411.00     12.00   1928.00      0.00      4.72      0.21      0.27     14.00
