Linux 6.12.33+kali-amd64 (two94) 	22/11/25 	_x86_64_	(12 CPU)

11:56:39 PM IST  CPU    %usr   %nice    %sys %iowait    %irq   %soft  %steal  %guest  %gnice   %idle
11:56:40 PM IST  all    2.68    0.00    2.18    5.95    0.00    0.08    0.00    0.00    0.00   89.11
11:56:41 PM IST  all    4.61    0.00    3.94    5.95    0.00    0.59    0.00    0.00    0.00   84.92
11:56:42 PM IST  all    6.93    0.00    3.55    2.87    0.00    0.93    0.00    0.00    0.00   85.71
11:56:43 PM IST  all    8.47    0.00    5.08    0.08    0.00    0.93    0.00    0.00    0.00   85.42
11:56:44 PM IST  all    9.78    0.00    4.97    0.00    0.00    1.18    0.00    0.00    0.00   84.06
11:56:45 PM IST  all    9.70    0.00    5.14    0.00    0.00    0.93    0.00    0.00    0.00   84.23
11:56:46 PM IST  all    8.19    0.00    5.83    0.00    0.00    1.01    0.00    0.00    0.00   84.97
11:56:47 PM IST  all    9.10    0.00    5.48    0.00    0.00    0.93    0.00    0.00    0.00   84.50
11:56:48 PM IST  all    8.06    0.00    5.85    0.00    0.00    1.36    0.00    0.00    0.00   84.73
11:56:49 PM IST  all   10.89    0.00    4.73    0.00    0.00    1.01    0.00    0.00    0.00   83.38
11:56:50 PM IST  all    9.00    0.00    5.43    0.00    0.00    1.19    0.00    0.00    0.00   84.38
11:56:51 PM IST  all    9.49    0.00    5.34    0.00    0.00    1.10    0.00    0.00    0.00   84.07
11:56:52 PM IST  all    9.87    0.00    4.77    0.00    0.00    1.11    0.00    0.00    0.00   84.26
11:56:53 PM IST  all    9.40    0.00    5.76    0.00    0.00    0.76    0.00    0.00    0.00   84.08
11:56:54 PM IST  all    8.32    0.00    5.26    0.00    0.00    1.10    0.00    0.00    0.00   85.31
11:56:55 PM IST  all   25.64    0.00    5.26    0.00    0.00    1.02    0.00    0.00    0.00   68.08
11:56:56 PM IST  all    9.21    0.00    5.32    0.00    0.00    0.84    0.00    0.00    0.00   84.63
11:56:57 PM IST  all    9.44    0.00    5.14    0.00    0.00    0.93    0.00    0.00    0.00   84.50
11:56:58 PM IST  all   10.04    0.00    4.98    0.00    0.00    1.10    0.00    0.00    0.00   83.88
11:56:59 PM IST  all    9.77    0.00    4.89    0.00    0.00    1.01    0.00    0.00    0.00   84.33
11:57:00 PM IST  all    9.76    0.00    5.26    0.08    0.00    0.51    0.00    0.00    0.00   84.38
11:57:01 PM IST  all    9.04    0.00    5.32    0.00    0.00    1.60    0.00    0.00    0.00   84.04
11:57:02 PM IST  all    9.18    0.00    5.73    0.00    0.00    0.93    0.00    0.00    0.00   84.16
11:57:03 PM IST  all    8.83    0.00    5.60    0.00    0.00    1.02    0.00    0.00    0.00   84.55
11:57:04 PM IST  all    9.14    0.00    5.92    0.00    0.00    0.68    0.00    0.00    0.00   84.26
11:57:05 PM IST  all    8.81    0.00    6.21    0.00    0.00    1.17    0.00    0.00    0.00   83.81
11:57:06 PM IST  all    9.78    0.00    5.65    0.08    0.00    0.76    0.00    0.00    0.00   83.73
11:57:07 PM IST  all    8.21    0.00    5.67    0.08    0.00    1.18    0.00    0.00    0.00   84.86
11:57:08 PM IST  all    8.46    0.00    5.08    0.00    0.00    1.10    0.00    0.00    0.00   85.36
11:57:09 PM IST  all    8.75    0.00    5.01    0.00    0.00    1.44    0.00    0.00    0.00   84.79
11:57:10 PM IST  all    8.84    0.00    4.93    0.00    0.00    1.27    0.00    0.00    0.00   84.96
11:57:11 PM IST  all    8.62    0.00    5.66    0.00    0.00    1.18    0.00    0.00    0.00   84.53
11:57:12 PM IST  all    9.47    0.00    4.65    0.00    0.00    1.01    0.00    0.00    0.00   84.87
11:57:13 PM IST  all    9.35    0.00    5.10    0.00    0.00    1.02    0.00    0.00    0.00   84.54
11:57:14 PM IST  all    9.92    0.00    5.29    0.00    0.00    0.92    0.00    0.00    0.00   83.87
11:57:15 PM IST  all    9.11    0.00    5.40    0.00    0.00    1.10    0.00    0.00    0.00   84.40
11:57:16 PM IST  all    9.14    0.00    5.50    0.00    0.00    0.85    0.00    0.00    0.00   84.52
11:57:17 PM IST  all    8.44    0.00    5.49    0.08    0.00    0.93    0.00    0.00    0.00   85.06
11:57:18 PM IST  all   10.23    0.00    4.73    0.08    0.00    0.68    0.00    0.00    0.00   84.28
11:57:19 PM IST  all    9.92    0.00    5.55    0.00    0.00    1.18    0.00    0.00    0.00   83.36
11:57:20 PM IST  all    9.38    0.00    5.58    0.00    0.00    0.93    0.00    0.00    0.00   84.11
11:57:21 PM IST  all    9.31    0.00    5.50    0.00    0.00    0.93    0.00    0.00    0.00   84.25
11:57:22 PM IST  all    9.41    0.00    5.17    0.00    0.00    1.10    0.00    0.00    0.00   84.32
11:57:23 PM IST  all    8.52    0.00    5.82    0.00    0.00    0.84    0.00    0.00    0.00   84.82
11:57:24 PM IST  all    9.56    0.00    5.16    0.00    0.00    0.76    0.00    0.00    0.00   84.52
11:57:25 PM IST  all    9.87    0.00    5.14    0.00    0.00    0.84    0.00    0.00    0.00   84.15
11:57:26 PM IST  all    9.25    0.00    5.43    0.00    0.00    1.10    0.00    0.00    0.00   84.22
11:57:27 PM IST  all    9.69    0.00    5.14    0.00    0.00    0.93    0.00    0.00    0.00   84.25
11:57:28 PM IST  all   10.37    0.00    4.47    0.00    0.00    1.01    0.00    0.00    0.00   84.15
11:57:29 PM IST  all    8.68    0.00    5.90    0.00    0.00    1.10    0.00    0.00    0.00   84.33
11:57:30 PM IST  all    9.65    0.00    5.25    0.00    0.00    0.93    0.00    0.00    0.00   84.17
11:57:31 PM IST  all    8.79    0.00    6.26    0.00    0.00    1.10    0.00    0.00    0.00   83.85
11:57:32 PM IST  all    9.66    0.00    5.54    0.00    0.00    0.84    0.00    0.00    0.00   83.96
11:57:33 PM IST  all    9.92    0.00    5.47    0.00    0.00    1.09    0.00    0.00    0.00   83.52
11:57:34 PM IST  all    9.41    0.00    5.26    0.00    0.00    1.02    0.00    0.00    0.00   84.31
11:57:35 PM IST  all    8.95    0.00    5.49    0.00    0.00    1.01    0.00    0.00    0.00   84.56
11:57:36 PM IST  all    8.21    0.00    6.26    0.00    0.00    0.59    0.00    0.00    0.00   84.94
11:57:37 PM IST  all    9.63    0.00    5.15    0.08    0.00    1.10    0.00    0.00    0.00   84.04
11:57:38 PM IST  all    8.98    0.00    5.25    0.00    0.00    0.68    0.00    0.00    0.00   85.10
11:57:39 PM IST  all    8.25    0.00    6.06    0.00    0.00    1.18    0.00    0.00    0.00   84.51
11:57:40 PM IST  all    8.40    0.00    5.43    0.00    0.00    0.93    0.00    0.00    0.00   85.23
11:57:41 PM IST  all    9.21    0.00    5.33    0.00    0.00    0.76    0.00    0.00    0.00   84.70
11:57:42 PM IST  all    9.40    0.00    5.00    0.00    0.00    1.10    0.00    0.00    0.00   84.50
11:57:43 PM IST  all    9.28    0.00    5.32    0.00    0.00    0.84    0.00    0.00    0.00   84.56
11:57:44 PM IST  all    9.56    0.00    5.45    0.00    0.00    0.92    0.00    0.00    0.00   84.07
11:57:45 PM IST  all    9.00    0.00    5.26    0.00    0.00    0.85    0.00    0.00    0.00   84.89
11:57:46 PM IST  all    9.96    0.00    5.32    0.00    0.00    1.01    0.00    0.00    0.00   83.71
11:57:47 PM IST  all    9.51    0.00    4.67    0.00    0.00    0.93    0.00    0.00    0.00   84.89
11:57:48 PM IST  all    9.49    0.00    5.17    0.08    0.00    0.93    0.00    0.00    0.00   84.32
11:57:49 PM IST  all    9.01    0.00    5.48    0.08    0.00    0.93    0.00    0.00    0.00   84.50
11:57:50 PM IST  all    8.89    0.00    5.87    0.00    0.00    0.84    0.00    0.00    0.00   84.40
11:57:51 PM IST  all    9.33    0.00    5.17    0.00    0.00    0.68    0.00    0.00    0.00   84.82
11:57:52 PM IST  all    9.03    0.00    5.11    0.00    0.00    0.60    0.00    0.00    0.00   85.26
11:57:53 PM IST  all    9.34    0.00    5.26    0.00    0.00    0.76    0.00    0.00    0.00   84.63
11:57:54 PM IST  all    9.55    0.00    5.86    0.00    0.00    1.09    0.00    0.00    0.00   83.50
11:57:55 PM IST  all    9.18    0.00    5.19    0.00    0.00    0.68    0.00    0.00    0.00   84.95
11:57:56 PM IST  all    9.53    0.00    5.65    0.00    0.00    1.01    0.00    0.00    0.00   83.81
11:57:57 PM IST  all    9.14    0.00    4.91    0.00    0.00    0.85    0.00    0.00    0.00   85.10
11:57:58 PM IST  all    8.62    0.00    5.86    0.00    0.00    1.00    0.00    0.00    0.00   84.52
11:57:59 PM IST  all    9.28    0.00    5.15    0.00    0.00    0.93    0.00    0.00    0.00   84.64
11:58:00 PM IST  all    8.91    0.00    5.97    0.00    0.00    0.92    0.00    0.00    0.00   84.20
11:58:01 PM IST  all    9.02    0.00    5.23    0.00    0.00    1.18    0.00    0.00    0.00   84.57
11:58:02 PM IST  all    9.38    0.00    5.33    0.00    0.00    1.10    0.00    0.00    0.00   84.19
11:58:03 PM IST  all    9.56    0.00    5.78    0.00    0.00    1.17    0.00    0.00    0.00   83.49
11:58:04 PM IST  all    8.67    0.00    5.27    0.00    0.00    1.10    0.00    0.00    0.00   84.96
11:58:05 PM IST  all   10.20    0.00    5.65    0.00    0.00    0.76    0.00    0.00    0.00   83.39
11:58:06 PM IST  all    9.04    0.00    5.66    0.00    0.00    0.93    0.00    0.00    0.00   84.38
11:58:07 PM IST  all    9.12    0.00    5.15    0.08    0.00    0.84    0.00    0.00    0.00   84.80
11:58:08 PM IST  all    9.75    0.00    4.87    0.00    0.00    1.09    0.00    0.00    0.00   84.29
11:58:09 PM IST  all    9.08    0.00    6.03    0.00    0.00    0.51    0.00    0.00    0.00   84.38
11:58:10 PM IST  all    8.62    0.00    6.09    0.00    0.00    0.76    0.00    0.00    0.00   84.53
11:58:11 PM IST  all    9.47    0.00    5.41    0.00    0.00    0.85    0.00    0.00    0.00   84.28
11:58:12 PM IST  all    9.81    0.00    5.08    0.00    0.00    1.10    0.00    0.00    0.00   84.01
11:58:13 PM IST  all    9.40    0.00    5.37    0.00    0.00    0.76    0.00    0.00    0.00   84.47
11:58:14 PM IST  all    9.06    0.00    5.50    0.00    0.00    0.93    0.00    0.00    0.00   84.50
11:58:15 PM IST  all    8.76    0.00    5.31    0.00    0.00    1.18    0.00    0.00    0.00   84.75
11:58:16 PM IST  all    9.29    0.00    5.74    0.00    0.00    0.93    0.00    0.00    0.00   84.04
11:58:17 PM IST  all    9.46    0.00    5.32    0.00    0.00    0.93    0.00    0.00    0.00   84.29
11:58:18 PM IST  all    9.17    0.00    5.55    0.00    0.00    1.18    0.00    0.00    0.00   84.10
11:58:19 PM IST  all    8.69    0.00    5.49    0.00    0.00    1.01    0.00    0.00    0.00   84.81
11:58:20 PM IST  all    9.63    0.00    5.07    0.00    0.00    1.18    0.00    0.00    0.00   84.12
11:58:21 PM IST  all    8.94    0.00    6.24    0.00    0.00    1.01    0.00    0.00    0.00   83.81
11:58:22 PM IST  all    8.42    0.00    5.44    0.00    0.00    1.28    0.00    0.00    0.00   84.86
11:58:23 PM IST  all    9.55    0.00    5.49    0.00    0.00    1.18    0.00    0.00    0.00   83.77
11:58:24 PM IST  all    9.02    0.00    5.06    0.00    0.00    1.26    0.00    0.00    0.00   84.65
11:58:25 PM IST  all   10.24    0.00    4.95    0.00    0.00    1.43    0.00    0.00    0.00   83.38
11:58:26 PM IST  all    9.70    0.00    5.23    0.00    0.00    0.84    0.00    0.00    0.00   84.23
11:58:27 PM IST  all   10.23    0.00    5.07    0.08    0.00    0.76    0.00    0.00    0.00   83.85
11:58:28 PM IST  all   10.03    0.00    5.22    0.00    0.00    1.26    0.00    0.00    0.00   83.49
11:58:29 PM IST  all    9.09    0.00    5.98    0.00    0.00    0.93    0.00    0.00    0.00   84.01
11:58:30 PM IST  all    9.12    0.00    5.41    0.00    0.00    1.10    0.00    0.00    0.00   84.38
11:58:31 PM IST  all    9.20    0.00    5.23    0.00    0.00    0.59    0.00    0.00    0.00   84.98
11:58:32 PM IST  all    8.64    0.00    5.59    0.00    0.00    1.02    0.00    0.00    0.00   84.76
11:58:33 PM IST  all    8.57    0.00    5.43    0.00    0.00    0.76    0.00    0.00    0.00   85.23
11:58:34 PM IST  all    8.95    0.00    5.49    0.00    0.00    1.10    0.00    0.00    0.00   84.46
11:58:35 PM IST  all    8.22    0.00    6.02    0.00    0.00    1.02    0.00    0.00    0.00   84.75
11:58:36 PM IST  all    9.56    0.00    5.58    0.00    0.00    0.93    0.00    0.00    0.00   83.93
11:58:37 PM IST  all    9.05    0.00    5.67    0.00    0.00    0.85    0.00    0.00    0.00   84.43
11:58:38 PM IST  all    9.31    0.00    5.59    0.00    0.00    0.85    0.00    0.00    0.00   84.25
11:58:39 PM IST  all    9.66    0.00    5.63    0.00    0.00    0.84    0.00    0.00    0.00   83.87
11:58:40 PM IST  all    9.19    0.00    5.23    0.00    0.00    1.01    0.00    0.00    0.00   84.57
11:58:41 PM IST  all    9.39    0.00    5.50    0.00    0.00    0.93    0.00    0.00    0.00   84.18
11:58:42 PM IST  all    8.89    0.00    6.04    0.00    0.00    0.76    0.00    0.00    0.00   84.31
11:58:43 PM IST  all    9.83    0.00    5.21    0.08    0.00    0.84    0.00    0.00    0.00   84.03
11:58:44 PM IST  all    8.49    0.00    5.43    0.00    0.00    0.85    0.00    0.00    0.00   85.23
11:58:45 PM IST  all    9.35    0.00    5.90    0.00    0.00    0.76    0.00    0.00    0.00   83.99
11:58:46 PM IST  all    9.20    0.00    5.15    0.00    0.00    1.10    0.00    0.00    0.00   84.56
11:58:47 PM IST  all    8.98    0.00    5.51    0.00    0.00    0.93    0.00    0.00    0.00   84.58
11:58:48 PM IST  all    9.77    0.00    5.05    0.00    0.00    1.35    0.00    0.00    0.00   83.82
11:58:49 PM IST  all    8.89    0.00    5.93    0.00    0.00    0.85    0.00    0.00    0.00   84.34
11:58:50 PM IST  all    9.21    0.00    5.24    0.00    0.00    0.68    0.00    0.00    0.00   84.88
11:58:51 PM IST  all    9.63    0.00    5.61    0.08    0.00    0.92    0.00    0.00    0.00   83.75
11:58:52 PM IST  all    9.67    0.00    5.34    0.00    0.00    1.19    0.00    0.00    0.00   83.80
11:58:53 PM IST  all    8.61    0.00    5.57    0.17    0.00    1.10    0.00    0.00    0.00   84.54
11:58:54 PM IST  all    9.44    0.00    4.68    0.00    0.00    0.85    0.00    0.00    0.00   85.03
11:58:55 PM IST  all    8.68    0.00    5.48    0.00    0.00    1.26    0.00    0.00    0.00   84.58
11:58:56 PM IST  all    8.72    0.00    5.50    0.00    0.00    1.02    0.00    0.00    0.00   84.76
11:58:57 PM IST  all    9.79    0.00    4.64    0.00    0.00    0.84    0.00    0.00    0.00   84.73
11:58:58 PM IST  all    8.88    0.00    5.58    0.00    0.00    0.93    0.00    0.00    0.00   84.60
11:58:59 PM IST  all    8.78    0.00    5.49    0.00    0.00    1.27    0.00    0.00    0.00   84.47
11:59:00 PM IST  all    9.23    0.00    5.62    0.00    0.00    1.17    0.00    0.00    0.00   83.98
11:59:01 PM IST  all   10.25    0.00    5.29    0.00    0.00    1.01    0.00    0.00    0.00   83.45
11:59:02 PM IST  all    9.39    0.00    5.75    0.00    0.00    0.76    0.00    0.00    0.00   84.09
11:59:03 PM IST  all    9.27    0.00    5.56    0.00    0.00    1.18    0.00    0.00    0.00   83.99
11:59:04 PM IST  all    8.89    0.00    5.33    0.00    0.00    1.02    0.00    0.00    0.00   84.76
11:59:05 PM IST  all    9.99    0.00    5.08    0.00    0.00    0.51    0.00    0.00    0.00   84.42
11:59:06 PM IST  all    9.04    0.00    5.83    0.00    0.00    1.01    0.00    0.00    0.00   84.11
11:59:07 PM IST  all    8.74    0.00    5.80    0.00    0.00    1.01    0.00    0.00    0.00   84.45
11:59:08 PM IST  all    8.21    0.00    5.76    0.00    0.00    0.76    0.00    0.00    0.00   85.27
11:59:09 PM IST  all    9.32    0.00    5.71    0.00    0.00    1.09    0.00    0.00    0.00   83.88
11:59:10 PM IST  all    8.64    0.00    6.01    0.00    0.00    1.10    0.00    0.00    0.00   84.25
11:59:11 PM IST  all    9.31    0.00    5.33    0.00    0.00    0.85    0.00    0.00    0.00   84.52
11:59:12 PM IST  all    7.65    0.00    6.29    0.00    0.00    1.02    0.00    0.00    0.00   85.05
11:59:13 PM IST  all    8.91    0.00    6.13    0.00    0.00    0.76    0.00    0.00    0.00   84.20
11:59:14 PM IST  all    9.20    0.00    5.23    0.00    0.00    1.27    0.00    0.00    0.00   84.30
11:59:15 PM IST  all    9.12    0.00    5.41    0.00    0.00    0.93    0.00    0.00    0.00   84.54
11:59:16 PM IST  all   10.29    0.00    5.23    0.00    0.00    0.67    0.00    0.00    0.00   83.81
11:59:17 PM IST  all    9.56    0.00    5.08    0.08    0.00    1.02    0.00    0.00    0.00   84.26
11:59:18 PM IST  all    9.34    0.00    5.77    2.04    0.00    1.02    0.00    0.00    0.00   81.83
11:59:19 PM IST  all    8.54    0.00    6.17    3.80    0.00    1.10    0.00    0.00    0.00   80.39
11:59:20 PM IST  all    9.35    0.00    5.61    5.18    0.00    1.10    0.00    0.00    0.00   78.76
11:59:21 PM IST  all    9.56    0.00    5.79    3.27    0.00    1.17    0.00    0.00    0.00   80.20
11:59:22 PM IST  all    9.60    0.00    5.64    3.87    0.00    0.93    0.00    0.00    0.00   79.97
11:59:23 PM IST  all    9.97    0.00    5.41    3.29    0.00    1.10    0.00    0.00    0.00   80.24
11:59:24 PM IST  all    8.78    0.00    6.24    2.19    0.00    1.10    0.00    0.00    0.00   81.69
11:59:25 PM IST  all    9.58    0.00    4.83    1.69    0.00    0.93    0.00    0.00    0.00   82.97
11:59:26 PM IST  all    9.74    0.00    4.91    1.19    0.00    0.93    0.00    0.00    0.00   83.23
11:59:27 PM IST  all    9.38    0.00    5.53    0.67    0.00    1.09    0.00    0.00    0.00   83.33
11:59:28 PM IST  all    9.30    0.00    6.00    0.00    0.00    0.76    0.00    0.00    0.00   83.94
11:59:29 PM IST  all    8.65    0.00    6.05    0.00    0.00    0.76    0.00    0.00    0.00   84.55
11:59:30 PM IST  all    8.36    0.00    5.49    0.00    0.00    1.35    0.00    0.00    0.00   84.80
11:59:31 PM IST  all    9.39    0.00    5.58    0.00    0.00    0.85    0.00    0.00    0.00   84.18
11:59:32 PM IST  all    8.83    0.00    5.94    0.00    0.00    0.68    0.00    0.00    0.00   84.55
11:59:33 PM IST  all    8.76    0.00    5.64    0.08    0.00    1.10    0.00    0.00    0.00   84.41
11:59:34 PM IST  all    9.04    0.00    5.41    0.00    0.00    0.85    0.00    0.00    0.00   84.70
11:59:35 PM IST  all    9.35    0.00    5.56    0.00    0.00    0.93    0.00    0.00    0.00   84.16
11:59:36 PM IST  all    8.47    0.00    6.10    0.00    0.00    0.85    0.00    0.00    0.00   84.59
11:59:37 PM IST  all    9.34    0.00    5.47    0.08    0.00    1.01    0.00    0.00    0.00   84.09
11:59:38 PM IST  all    9.26    0.00    5.81    0.00    0.00    0.59    0.00    0.00    0.00   84.34
11:59:39 PM IST  all    9.45    0.00    5.32    0.00    0.00    1.18    0.00    0.00    0.00   84.05
11:59:40 PM IST  all    9.34    0.00    5.98    0.17    0.00    0.93    0.00    0.00    0.00   83.59
11:59:41 PM IST  all    8.47    0.00    5.34    0.08    0.00    0.93    0.00    0.00    0.00   85.17
11:59:42 PM IST  all    8.38    0.00    5.58    0.00    0.00    0.68    0.00    0.00    0.00   85.36
11:59:43 PM IST  all    9.42    0.00    5.35    0.00    0.00    0.76    0.00    0.00    0.00   84.47
11:59:44 PM IST  all    9.99    0.00    4.57    0.00    0.00    0.93    0.00    0.00    0.00   84.50
11:59:45 PM IST  all    9.02    0.00    5.82    0.00    0.00    1.26    0.00    0.00    0.00   83.90
11:59:46 PM IST  all    9.31    0.00    5.70    0.00    0.00    0.92    0.00    0.00    0.00   84.06
11:59:47 PM IST  all    9.31    0.00    5.25    0.00    0.00    0.68    0.00    0.00    0.00   84.77
11:59:48 PM IST  all    8.83    0.00    5.77    0.00    0.00    0.85    0.00    0.00    0.00   84.55
11:59:49 PM IST  all    9.64    0.00    5.70    0.00    0.00    1.26    0.00    0.00    0.00   83.40
11:59:50 PM IST  all    8.46    0.00    5.75    0.00    0.00    0.93    0.00    0.00    0.00   84.86
11:59:51 PM IST  all    8.45    0.00    5.49    0.00    0.00    1.10    0.00    0.00    0.00   84.97
11:59:52 PM IST  all    9.74    0.00    5.08    0.00    0.00    0.93    0.00    0.00    0.00   84.25
11:59:53 PM IST  all    9.24    0.00    5.79    0.00    0.00    1.09    0.00    0.00    0.00   83.88
11:59:54 PM IST  all    8.60    0.00    5.28    0.00    0.00    0.94    0.00    0.00    0.00   85.19
11:59:55 PM IST  all    9.37    0.00    5.40    0.00    0.00    0.84    0.00    0.00    0.00   84.39
11:59:56 PM IST  all    9.92    0.00    4.92    0.00    0.00    0.93    0.00    0.00    0.00   84.22
11:59:57 PM IST  all    9.33    0.00    5.38    0.00    0.00    0.92    0.00    0.00    0.00   84.37
11:59:58 PM IST  all    8.80    0.00    5.25    0.00    0.00    0.85    0.00    0.00    0.00   85.11
11:59:59 PM IST  all    9.98    0.00    4.99    0.00    0.00    0.51    0.00    0.00    0.00   84.52
12:00:00 AM IST  all    9.18    0.00    5.47    0.08    0.00    1.01    0.00    0.00    0.00   84.26
12:00:01 AM IST  all    8.33    0.00    5.53    0.60    0.00    1.19    0.00    0.00    0.00   84.35
12:00:02 AM IST  all   11.04    0.51    5.64    1.26    0.00    1.26    0.00    0.00    0.00   80.29
12:00:03 AM IST  all    8.93    0.00    5.70    0.00    0.00    0.68    0.00    0.00    0.00   84.69
12:00:04 AM IST  all    8.95    0.00    5.57    0.00    0.00    0.84    0.00    0.00    0.00   84.64
12:00:05 AM IST  all    9.21    0.00    5.24    0.00    0.00    0.84    0.00    0.00    0.00   84.71
12:00:06 AM IST  all   25.92    0.00    5.37    0.00    0.00    0.92    0.00    0.00    0.00   67.79
12:00:07 AM IST  all    8.63    0.00    6.09    0.00    0.00    1.10    0.00    0.00    0.00   84.18
12:00:08 AM IST  all    9.71    0.00    4.51    0.00    0.00    0.94    0.00    0.00    0.00   84.84
12:00:09 AM IST  all    9.84    0.00    5.72    0.00    0.00    0.93    0.00    0.00    0.00   83.52
12:00:10 AM IST  all    9.09    0.00    5.56    0.00    0.00    0.67    0.00    0.00    0.00   84.68
12:00:11 AM IST  all    8.22    0.00    5.85    0.00    0.00    1.10    0.00    0.00    0.00   84.83
12:00:12 AM IST  all    9.86    0.00    4.85    0.00    0.00    0.94    0.00    0.00    0.00   84.35
12:00:13 AM IST  all    9.46    0.00    4.98    0.00    0.00    0.84    0.00    0.00    0.00   84.71
12:00:14 AM IST  all    8.80    0.00    5.16    0.00    0.00    0.76    0.00    0.00    0.00   85.28
12:00:15 AM IST  all    9.38    0.00    4.98    0.00    0.00    0.93    0.00    0.00    0.00   84.71
12:00:16 AM IST  all    8.08    0.00    6.29    0.00    0.00    0.85    0.00    0.00    0.00   84.78
12:00:17 AM IST  all    9.69    0.00    5.73    0.00    0.00    0.84    0.00    0.00    0.00   83.74
12:00:18 AM IST  all   10.09    0.00    4.71    0.00    0.00    1.43    0.00    0.00    0.00   83.77
12:00:19 AM IST  all    8.61    0.00    5.91    0.00    0.00    0.93    0.00    0.00    0.00   84.56
12:00:20 AM IST  all    9.28    0.00    4.98    0.00    0.00    1.18    0.00    0.00    0.00   84.56
12:00:21 AM IST  all    8.44    0.00    6.08    0.00    0.00    1.01    0.00    0.00    0.00   84.47
12:00:22 AM IST  all    9.25    0.00    5.47    0.00    0.00    0.84    0.00    0.00    0.00   84.44
12:00:23 AM IST  all    9.78    0.00    4.81    0.00    0.00    0.76    0.00    0.00    0.00   84.65
12:00:24 AM IST  all    9.35    0.00    4.68    0.00    0.00    1.02    0.00    0.00    0.00   84.95
12:00:25 AM IST  all    9.79    0.00    4.98    0.00    0.00    1.01    0.00    0.00    0.00   84.22
12:00:26 AM IST  all    9.03    0.00    4.94    0.00    0.00    1.02    0.00    0.00    0.00   85.01
12:00:27 AM IST  all    9.83    0.00    4.79    0.00    0.00    1.18    0.00    0.00    0.00   84.20
12:00:28 AM IST  all   10.18    0.00    4.88    0.00    0.00    0.84    0.00    0.00    0.00   84.10
12:00:29 AM IST  all    8.39    0.00    5.76    0.00    0.00    1.19    0.00    0.00    0.00   84.66
12:00:30 AM IST  all    8.98    0.00    5.70    0.08    0.00    1.01    0.00    0.00    0.00   84.23
12:00:31 AM IST  all    9.61    0.00    5.06    0.00    0.00    0.76    0.00    0.00    0.00   84.57
12:00:32 AM IST  all    8.78    0.00    5.57    0.00    0.00    1.01    0.00    0.00    0.00   84.63
12:00:33 AM IST  all    9.79    0.00    4.98    0.00    0.00    1.01    0.00    0.00    0.00   84.22
12:00:34 AM IST  all    8.50    0.00    5.81    0.00    0.00    1.01    0.00    0.00    0.00   84.68
12:00:35 AM IST  all    8.52    0.00    5.82    0.00    0.00    1.18    0.00    0.00    0.00   84.47
12:00:36 AM IST  all    9.87    0.00    5.40    0.00    0.00    0.84    0.00    0.00    0.00   83.90
12:00:37 AM IST  all    8.85    0.00    5.48    0.00    0.00    1.18    0.00    0.00    0.00   84.49
12:00:38 AM IST  all    7.96    0.00    5.65    0.00    0.00    0.77    0.00    0.00    0.00   85.62
12:00:39 AM IST  all    9.59    0.00    5.47    0.08    0.00    0.84    0.00    0.00    0.00   84.02
12:00:40 AM IST  all    9.57    0.00    5.17    0.00    0.00    0.85    0.00    0.00    0.00   84.42
12:00:41 AM IST  all    7.76    0.00    6.41    0.00    0.00    1.01    0.00    0.00    0.00   84.82
12:00:42 AM IST  all    9.00    0.00    5.26    0.00    0.00    0.76    0.00    0.00    0.00   84.97
12:00:43 AM IST  all    9.05    0.00    5.16    0.00    0.00    1.18    0.00    0.00    0.00   84.60
12:00:44 AM IST  all    9.14    0.00    5.25    0.08    0.00    1.02    0.00    0.00    0.00   84.52
12:00:45 AM IST  all    9.34    0.00    5.55    0.00    0.00    1.01    0.00    0.00    0.00   84.10
12:00:46 AM IST  all    9.33    0.00    5.43    0.00    0.00    0.76    0.00    0.00    0.00   84.48
12:00:47 AM IST  all    9.01    0.00    5.64    0.00    0.00    0.93    0.00    0.00    0.00   84.41
12:00:48 AM IST  all    9.23    0.00    5.59    0.00    0.00    0.76    0.00    0.00    0.00   84.42
12:00:49 AM IST  all    8.88    0.00    5.92    0.00    0.00    1.01    0.00    0.00    0.00   84.19
12:00:50 AM IST  all    8.74    0.00    5.18    0.00    0.00    0.76    0.00    0.00    0.00   85.31
12:00:51 AM IST  all    8.75    0.00    5.01    0.00    0.00    1.36    0.00    0.00    0.00   84.88
12:00:52 AM IST  all    9.17    0.00    5.43    0.00    0.00    0.93    0.00    0.00    0.00   84.47
12:00:53 AM IST  all    9.09    0.00    5.89    0.00    0.00    1.18    0.00    0.00    0.00   83.84
12:00:54 AM IST  all    8.75    0.00    5.01    0.00    0.00    1.02    0.00    0.00    0.00   85.22
12:00:55 AM IST  all    8.87    0.00    5.49    0.00    0.00    0.93    0.00    0.00    0.00   84.71
12:00:56 AM IST  all    8.93    0.00    5.22    0.00    0.00    1.26    0.00    0.00    0.00   84.58
12:00:57 AM IST  all    9.42    0.00    5.72    0.00    0.00    0.76    0.00    0.00    0.00   84.10
12:00:58 AM IST  all    8.81    0.00    5.85    0.00    0.00    1.02    0.00    0.00    0.00   84.32
12:00:59 AM IST  all    8.50    0.00    5.52    0.00    0.00    0.51    0.00    0.00    0.00   85.47
12:01:00 AM IST  all   10.04    0.00    5.27    0.00    0.00    1.17    0.00    0.00    0.00   83.51
12:01:01 AM IST  all    8.30    0.00    5.56    0.00    0.00    0.68    0.00    0.00    0.00   85.46
12:01:02 AM IST  all    9.00    0.00    5.43    0.00    0.00    0.85    0.00    0.00    0.00   84.72
12:01:03 AM IST  all    8.99    0.00    6.19    0.08    0.00    0.68    0.00    0.00    0.00   84.05
12:01:04 AM IST  all    9.01    0.00    5.39    0.00    0.00    1.18    0.00    0.00    0.00   84.43
12:01:05 AM IST  all    9.31    0.00    4.91    0.00    0.00    0.93    0.00    0.00    0.00   84.84
12:01:06 AM IST  all    9.27    0.00    5.56    0.00    0.00    1.01    0.00    0.00    0.00   84.16
12:01:07 AM IST  all    8.73    0.00    6.02    0.00    0.00    1.02    0.00    0.00    0.00   84.24
12:01:08 AM IST  all    9.95    0.00    4.97    0.00    0.00    1.18    0.00    0.00    0.00   83.90
12:01:09 AM IST  all    7.97    0.00    5.94    0.00    0.00    0.76    0.00    0.00    0.00   85.33
12:01:10 AM IST  all    9.67    0.00    5.30    0.00    0.00    0.84    0.00    0.00    0.00   84.19
12:01:11 AM IST  all    8.55    0.00    5.39    0.00    0.00    0.94    0.00    0.00    0.00   85.12
12:01:12 AM IST  all    9.24    0.00    5.46    0.00    0.00    0.67    0.00    0.00    0.00   84.62
12:01:13 AM IST  all    8.73    0.00    5.76    0.00    0.00    0.85    0.00    0.00    0.00   84.66
12:01:14 AM IST  all    9.01    0.00    5.39    0.00    0.00    1.43    0.00    0.00    0.00   84.18
12:01:15 AM IST  all    9.31    0.00    5.58    0.00    0.00    0.76    0.00    0.00    0.00   84.35
12:01:16 AM IST  all    9.54    0.00    5.49    0.00    0.00    1.10    0.00    0.00    0.00   83.88
12:01:17 AM IST  all    9.13    0.00    5.24    0.00    0.00    0.85    0.00    0.00    0.00   84.78
12:01:18 AM IST  all   10.19    0.00    5.05    0.00    0.00    0.84    0.00    0.00    0.00   83.91
12:01:19 AM IST  all    9.57    0.00    5.37    0.08    0.00    1.09    0.00    0.00    0.00   83.88
12:01:20 AM IST  all    9.32    0.00    5.79    0.00    0.00    0.84    0.00    0.00    0.00   84.05
12:01:21 AM IST  all    8.47    0.00    5.93    0.00    0.00    0.93    0.00    0.00    0.00   84.66
12:01:22 AM IST  all    9.87    0.00    4.89    0.08    0.00    1.01    0.00    0.00    0.00   84.15
12:01:23 AM IST  all    8.87    0.00    5.74    0.00    0.00    0.84    0.00    0.00    0.00   84.54
12:01:24 AM IST  all    9.13    0.00    6.11    0.00    0.00    0.92    0.00    0.00    0.00   83.84
12:01:25 AM IST  all    9.53    0.00    5.56    0.00    0.00    0.84    0.00    0.00    0.00   84.06
12:01:26 AM IST  all    9.55    0.00    5.16    0.00    0.00    1.10    0.00    0.00    0.00   84.19
12:01:27 AM IST  all    9.47    0.00    5.16    0.00    0.00    1.10    0.00    0.00    0.00   84.28
12:01:28 AM IST  all    9.59    0.00    4.92    0.00    0.00    1.10    0.00    0.00    0.00   84.38
12:01:29 AM IST  all    9.71    0.00    4.81    0.00    0.00    0.93    0.00    0.00    0.00   84.54
12:01:30 AM IST  all    8.54    0.00    5.67    0.00    0.00    1.02    0.00    0.00    0.00   84.77
12:01:31 AM IST  all    8.28    0.00    5.74    0.00    0.00    1.10    0.00    0.00    0.00   84.88
12:01:32 AM IST  all    9.56    0.00    5.37    0.00    0.00    0.92    0.00    0.00    0.00   84.14
12:01:33 AM IST  all    9.10    0.00    5.36    0.00    0.00    0.85    0.00    0.00    0.00   84.69
12:01:34 AM IST  all    8.19    0.00    5.57    0.00    0.00    1.01    0.00    0.00    0.00   85.22
12:01:35 AM IST  all    8.60    0.00    5.82    0.00    0.00    0.93    0.00    0.00    0.00   84.65
12:01:36 AM IST  all    9.18    0.00    4.97    0.00    0.00    1.01    0.00    0.00    0.00   84.84
12:01:37 AM IST  all    9.69    0.00    4.68    0.00    0.00    1.19    0.00    0.00    0.00   84.44
12:01:38 AM IST  all    8.79    0.00    5.92    0.00    0.00    0.93    0.00    0.00    0.00   84.36
12:01:39 AM IST  all    9.27    0.00    4.85    0.09    0.00    0.85    0.00    0.00    0.00   84.95
12:01:40 AM IST  all    9.72    0.00    5.07    0.08    0.00    0.76    0.00    0.00    0.00   84.36
