Linux 6.12.33+kali-amd64 (two94) 	23/11/25 	_x86_64_	(12 CPU)

04:43:53 PM IST       DEV       tps     rkB/s     wkB/s     dkB/s   areq-sz    aqu-sz     await     %util
04:43:54 PM IST   nvme0n1      0.00      0.00      0.00      0.00      0.00      0.00      0.00      0.00
04:43:54 PM IST       sda    252.00    656.00   3488.00      0.00     16.44      5.74     19.99     70.40

04:43:54 PM IST       DEV       tps     rkB/s     wkB/s     dkB/s   areq-sz    aqu-sz     await     %util
04:43:55 PM IST   nvme0n1      0.00      0.00      0.00      0.00      0.00      0.00      0.00      0.00
04:43:55 PM IST       sda    394.00      0.00   2060.00      0.00      5.23      0.22      0.30     11.20

04:43:55 PM IST       DEV       tps     rkB/s     wkB/s     dkB/s   areq-sz    aqu-sz     await     %util
04:43:56 PM IST   nvme0n1      0.00      0.00      0.00      0.00      0.00      0.00      0.00      0.00
04:43:56 PM IST       sda    406.00    224.00   2068.00      0.00      5.65      0.29      0.40     15.60

04:43:56 PM IST       DEV       tps     rkB/s     wkB/s     dkB/s   areq-sz    aqu-sz     await     %util
04:43:57 PM IST   nvme0n1      0.00      0.00      0.00      0.00      0.00      0.00      0.00      0.00
04:43:57 PM IST       sda    382.00      0.00   1800.00      0.00      4.71      0.21      0.29     11.60

04:43:57 PM IST       DEV       tps     rkB/s     wkB/s     dkB/s   areq-sz    aqu-sz     await     %util
04:43:58 PM IST   nvme0n1      0.00      0.00      0.00      0.00      0.00      0.00      0.00      0.00
04:43:58 PM IST       sda    395.00      0.00   1912.00      0.00      4.84      0.22      0.30     12.00

04:43:58 PM IST       DEV       tps     rkB/s     wkB/s     dkB/s   areq-sz    aqu-sz     await     %util
04:43:59 PM IST   nvme0n1      0.00      0.00      0.00      0.00      0.00      0.00      0.00      0.00
04:43:59 PM IST       sda    469.00      0.00   6496.00      0.00     13.85      0.28      0.37     13.60

04:43:59 PM IST       DEV       tps     rkB/s     wkB/s     dkB/s   areq-sz    aqu-sz     await     %util
04:44:00 PM IST   nvme0n1      0.00      0.00      0.00      0.00      0.00      0.00      0.00      0.00
04:44:00 PM IST       sda    365.00      0.00   4804.00      0.00     13.16      0.26      0.45     12.40

04:44:00 PM IST       DEV       tps     rkB/s     wkB/s     dkB/s   areq-sz    aqu-sz     await     %util
04:44:01 PM IST   nvme0n1      0.00      0.00      0.00      0.00      0.00      0.00      0.00      0.00
04:44:01 PM IST       sda    390.00     20.00   2180.00      0.00      5.64      0.21      0.30     10.00

04:44:01 PM IST       DEV       tps     rkB/s     wkB/s     dkB/s   areq-sz    aqu-sz     await     %util
04:44:02 PM IST   nvme0n1      0.00      0.00      0.00      0.00      0.00      0.00      0.00      0.00
04:44:02 PM IST       sda    404.00      0.00   2040.00      0.00      5.05      0.22      0.29      7.20

04:44:02 PM IST       DEV       tps     rkB/s     wkB/s     dkB/s   areq-sz    aqu-sz     await     %util
04:44:03 PM IST   nvme0n1      0.00      0.00      0.00      0.00      0.00      0.00      0.00      0.00
04:44:03 PM IST       sda    410.00    396.00   2144.00      0.00      6.20      0.22      0.30     16.40

04:44:03 PM IST       DEV       tps     rkB/s     wkB/s     dkB/s   areq-sz    aqu-sz     await     %util
04:44:04 PM IST   nvme0n1      0.00      0.00      0.00      0.00      0.00      0.00      0.00      0.00
04:44:04 PM IST       sda    378.00      0.00   1784.00      0.00      4.72      0.19      0.28     14.80

04:44:04 PM IST       DEV       tps     rkB/s     wkB/s     dkB/s   areq-sz    aqu-sz     await     %util
04:44:05 PM IST   nvme0n1      0.00      0.00      0.00      0.00      0.00      0.00      0.00      0.00
04:44:05 PM IST       sda    474.00      0.00   2520.00      0.00      5.32      0.22      0.26     13.20

04:44:05 PM IST       DEV       tps     rkB/s     wkB/s     dkB/s   areq-sz    aqu-sz     await     %util
04:44:06 PM IST   nvme0n1      0.00      0.00      0.00      0.00      0.00      0.00      0.00      0.00
04:44:06 PM IST       sda    427.00      0.00   2024.00      0.00      4.74      0.29      0.36     15.20

04:44:06 PM IST       DEV       tps     rkB/s     wkB/s     dkB/s   areq-sz    aqu-sz     await     %util
04:44:07 PM IST   nvme0n1      0.00      0.00      0.00      0.00      0.00      0.00      0.00      0.00
04:44:07 PM IST       sda    411.00      8.00   1972.00      0.00      4.82      0.21      0.28     10.40

04:44:07 PM IST       DEV       tps     rkB/s     wkB/s     dkB/s   areq-sz    aqu-sz     await     %util
04:44:08 PM IST   nvme0n1      0.00      0.00      0.00      0.00      0.00      0.00      0.00      0.00
04:44:08 PM IST       sda    470.00    200.00   2176.00      0.00      5.06      0.25      0.30     12.40

04:44:08 PM IST       DEV       tps     rkB/s     wkB/s     dkB/s   areq-sz    aqu-sz     await     %util
04:44:09 PM IST   nvme0n1      0.00      0.00      0.00      0.00      0.00      0.00      0.00      0.00
04:44:09 PM IST       sda    418.00      0.00   3824.00      0.00      9.15      0.22      0.31     13.60

04:44:09 PM IST       DEV       tps     rkB/s     wkB/s     dkB/s   areq-sz    aqu-sz     await     %util
04:44:10 PM IST   nvme0n1      0.00      0.00      0.00      0.00      0.00      0.00      0.00      0.00
04:44:10 PM IST       sda    355.00      0.00   1664.00      0.00      4.69      0.19      0.29      8.40

04:44:10 PM IST       DEV       tps     rkB/s     wkB/s     dkB/s   areq-sz    aqu-sz     await     %util
04:44:11 PM IST   nvme0n1      0.00      0.00      0.00      0.00      0.00      0.00      0.00      0.00
04:44:11 PM IST       sda    370.00      4.00   2188.00      0.00      5.92      0.18      0.27     11.20

04:44:11 PM IST       DEV       tps     rkB/s     wkB/s     dkB/s   areq-sz    aqu-sz     await     %util
04:44:12 PM IST   nvme0n1      0.00      0.00      0.00      0.00      0.00      0.00      0.00      0.00
04:44:12 PM IST       sda    732.00  10660.00   2332.00      0.00     17.75      0.44      0.48     19.60

04:44:12 PM IST       DEV       tps     rkB/s     wkB/s     dkB/s   areq-sz    aqu-sz     await     %util
04:44:13 PM IST   nvme0n1      0.00      0.00      0.00      0.00      0.00      0.00      0.00      0.00
04:44:13 PM IST       sda    433.00      0.00   2096.00      0.00      4.84      0.21      0.27      8.00

04:44:13 PM IST       DEV       tps     rkB/s     wkB/s     dkB/s   areq-sz    aqu-sz     await     %util
04:44:14 PM IST   nvme0n1      0.00      0.00      0.00      0.00      0.00      0.00      0.00      0.00
04:44:14 PM IST       sda    515.00      0.00   2888.00      0.00      5.61      0.23      0.26     11.20

04:44:14 PM IST       DEV       tps     rkB/s     wkB/s     dkB/s   areq-sz    aqu-sz     await     %util
04:44:15 PM IST   nvme0n1      0.00      0.00      0.00      0.00      0.00      0.00      0.00      0.00
04:44:15 PM IST       sda    522.00      0.00   4236.00      0.00      8.11      0.27      0.31     14.00

04:44:15 PM IST       DEV       tps     rkB/s     wkB/s     dkB/s   areq-sz    aqu-sz     await     %util
04:44:16 PM IST   nvme0n1      0.00      0.00      0.00      0.00      0.00      0.00      0.00      0.00
04:44:16 PM IST       sda    567.00      0.00   2612.00      0.00      4.61      0.25      0.25     10.80

04:44:16 PM IST       DEV       tps     rkB/s     wkB/s     dkB/s   areq-sz    aqu-sz     await     %util
04:44:17 PM IST   nvme0n1      0.00      0.00      0.00      0.00      0.00      0.00      0.00      0.00
04:44:17 PM IST       sda    450.00    336.00   2156.00      0.00      5.54      0.31      0.38     14.40

04:44:17 PM IST       DEV       tps     rkB/s     wkB/s     dkB/s   areq-sz    aqu-sz     await     %util
04:44:18 PM IST   nvme0n1      0.00      0.00      0.00      0.00      0.00      0.00      0.00      0.00
04:44:18 PM IST       sda    412.00      0.00   1956.00      0.00      4.75      0.20      0.26     10.40

04:44:18 PM IST       DEV       tps     rkB/s     wkB/s     dkB/s   areq-sz    aqu-sz     await     %util
04:44:19 PM IST   nvme0n1      0.00      0.00      0.00      0.00      0.00      0.00      0.00      0.00
04:44:19 PM IST       sda    422.00      0.00   1968.00      0.00      4.66      0.21      0.27     11.60

04:44:19 PM IST       DEV       tps     rkB/s     wkB/s     dkB/s   areq-sz    aqu-sz     await     %util
04:44:20 PM IST   nvme0n1      0.00      0.00      0.00      0.00      0.00      0.00      0.00      0.00
04:44:20 PM IST       sda    398.00      0.00   1864.00      0.00      4.68      0.20      0.27     14.00

04:44:20 PM IST       DEV       tps     rkB/s     wkB/s     dkB/s   areq-sz    aqu-sz     await     %util
04:44:21 PM IST   nvme0n1      0.00      0.00      0.00      0.00      0.00      0.00      0.00      0.00
04:44:21 PM IST       sda    413.00      8.00   1912.00      0.00      4.65      0.21      0.27     11.60

04:44:21 PM IST       DEV       tps     rkB/s     wkB/s     dkB/s   areq-sz    aqu-sz     await     %util
04:44:22 PM IST   nvme0n1      0.00      0.00      0.00      0.00      0.00      0.00      0.00      0.00
04:44:22 PM IST       sda    417.00      0.00   2076.00      0.00      4.98      0.21      0.27     11.60

04:44:22 PM IST       DEV       tps     rkB/s     wkB/s     dkB/s   areq-sz    aqu-sz     await     %util
04:44:23 PM IST   nvme0n1      0.00      0.00      0.00      0.00      0.00      0.00      0.00      0.00
04:44:23 PM IST       sda    429.00      0.00   2032.00      0.00      4.74      0.21      0.27     13.20

04:44:23 PM IST       DEV       tps     rkB/s     wkB/s     dkB/s   areq-sz    aqu-sz     await     %util
04:44:24 PM IST   nvme0n1      0.00      0.00      0.00      0.00      0.00      0.00      0.00      0.00
04:44:24 PM IST       sda    440.00      0.00   2056.00      0.00      4.67      0.22      0.26     11.60

04:44:24 PM IST       DEV       tps     rkB/s     wkB/s     dkB/s   areq-sz    aqu-sz     await     %util
04:44:25 PM IST   nvme0n1      0.00      0.00      0.00      0.00      0.00      0.00      0.00      0.00
04:44:25 PM IST       sda    476.00      0.00   2292.00      0.00      4.82      0.23      0.26     12.00

04:44:25 PM IST       DEV       tps     rkB/s     wkB/s     dkB/s   areq-sz    aqu-sz     await     %util
04:44:26 PM IST   nvme0n1      0.00      0.00      0.00      0.00      0.00      0.00      0.00      0.00
04:44:26 PM IST       sda    527.00      0.00   2396.00      0.00      4.55      0.25      0.27     14.00

04:44:26 PM IST       DEV       tps     rkB/s     wkB/s     dkB/s   areq-sz    aqu-sz     await     %util
04:44:27 PM IST   nvme0n1      0.00      0.00      0.00      0.00      0.00      0.00      0.00      0.00
04:44:27 PM IST       sda    474.00      0.00   2172.00      0.00      4.58      0.24      0.27     13.20

04:44:27 PM IST       DEV       tps     rkB/s     wkB/s     dkB/s   areq-sz    aqu-sz     await     %util
04:44:28 PM IST   nvme0n1      0.00      0.00      0.00      0.00      0.00      0.00      0.00      0.00
04:44:28 PM IST       sda    450.00      0.00   2172.00      0.00      4.83      0.23      0.27     11.20

04:44:28 PM IST       DEV       tps     rkB/s     wkB/s     dkB/s   areq-sz    aqu-sz     await     %util
04:44:29 PM IST   nvme0n1      0.00      0.00      0.00      0.00      0.00      0.00      0.00      0.00
04:44:29 PM IST       sda    424.00      0.00   2112.00      0.00      4.98      0.24      0.29     12.00

04:44:29 PM IST       DEV       tps     rkB/s     wkB/s     dkB/s   areq-sz    aqu-sz     await     %util
04:44:30 PM IST   nvme0n1      0.00      0.00      0.00      0.00      0.00      0.00      0.00      0.00
04:44:30 PM IST       sda    405.00      0.00   1916.00      0.00      4.73      0.23      0.30     12.00

04:44:30 PM IST       DEV       tps     rkB/s     wkB/s     dkB/s   areq-sz    aqu-sz     await     %util
04:44:31 PM IST   nvme0n1      0.00      0.00      0.00      0.00      0.00      0.00      0.00      0.00
04:44:31 PM IST       sda    483.00      0.00   2432.00      0.00      5.04      0.24      0.27     11.60

04:44:31 PM IST       DEV       tps     rkB/s     wkB/s     dkB/s   areq-sz    aqu-sz     await     %util
04:44:32 PM IST   nvme0n1      0.00      0.00      0.00      0.00      0.00      0.00      0.00      0.00
04:44:32 PM IST       sda    428.00      0.00   2000.00      0.00      4.67      0.22      0.27     10.80

04:44:32 PM IST       DEV       tps     rkB/s     wkB/s     dkB/s   areq-sz    aqu-sz     await     %util
04:44:33 PM IST   nvme0n1      0.00      0.00      0.00      0.00      0.00      0.00      0.00      0.00
04:44:33 PM IST       sda    424.00      0.00   2012.00      0.00      4.75      0.23      0.29     12.40

04:44:33 PM IST       DEV       tps     rkB/s     wkB/s     dkB/s   areq-sz    aqu-sz     await     %util
04:44:34 PM IST   nvme0n1      0.00      0.00      0.00      0.00      0.00      0.00      0.00      0.00
04:44:34 PM IST       sda    459.00      0.00   2216.00      0.00      4.83      0.24      0.28      9.60

04:44:34 PM IST       DEV       tps     rkB/s     wkB/s     dkB/s   areq-sz    aqu-sz     await     %util
04:44:35 PM IST   nvme0n1      0.00      0.00      0.00      0.00      0.00      0.00      0.00      0.00
04:44:35 PM IST       sda    415.00      0.00   2044.00      0.00      4.93      0.23      0.29      9.60

04:44:35 PM IST       DEV       tps     rkB/s     wkB/s     dkB/s   areq-sz    aqu-sz     await     %util
04:44:36 PM IST   nvme0n1      0.00      0.00      0.00      0.00      0.00      0.00      0.00      0.00
04:44:36 PM IST       sda    441.00      0.00   2052.00      0.00      4.65      0.22      0.27     12.00

04:44:36 PM IST       DEV       tps     rkB/s     wkB/s     dkB/s   areq-sz    aqu-sz     await     %util
04:44:37 PM IST   nvme0n1      0.00      0.00      0.00      0.00      0.00      0.00      0.00      0.00
04:44:37 PM IST       sda    457.00      0.00   2268.00      0.00      4.96      0.23      0.27     12.40

04:44:37 PM IST       DEV       tps     rkB/s     wkB/s     dkB/s   areq-sz    aqu-sz     await     %util
04:44:38 PM IST   nvme0n1      0.00      0.00      0.00      0.00      0.00      0.00      0.00      0.00
04:44:38 PM IST       sda    434.00      0.00   2104.00      0.00      4.85      0.24      0.29     11.60

04:44:38 PM IST       DEV       tps     rkB/s     wkB/s     dkB/s   areq-sz    aqu-sz     await     %util
04:44:39 PM IST   nvme0n1      0.00      0.00      0.00      0.00      0.00      0.00      0.00      0.00
04:44:39 PM IST       sda    421.00      0.00   1996.00      0.00      4.74      0.23      0.29     10.00

04:44:39 PM IST       DEV       tps     rkB/s     wkB/s     dkB/s   areq-sz    aqu-sz     await     %util
04:44:40 PM IST   nvme0n1      0.00      0.00      0.00      0.00      0.00      0.00      0.00      0.00
04:44:40 PM IST       sda    416.00      0.00   1952.00      0.00      4.69      0.23      0.30      9.60

04:44:40 PM IST       DEV       tps     rkB/s     wkB/s     dkB/s   areq-sz    aqu-sz     await     %util
04:44:41 PM IST   nvme0n1      0.00      0.00      0.00      0.00      0.00      0.00      0.00      0.00
04:44:41 PM IST       sda    402.00      0.00   1884.00      0.00      4.69      0.26      0.36     12.80

04:44:41 PM IST       DEV       tps     rkB/s     wkB/s     dkB/s   areq-sz    aqu-sz     await     %util
04:44:42 PM IST   nvme0n1      0.00      0.00      0.00      0.00      0.00      0.00      0.00      0.00
04:44:42 PM IST       sda    383.00      0.00   1784.00      0.00      4.66      0.22      0.30      9.20

04:44:42 PM IST       DEV       tps     rkB/s     wkB/s     dkB/s   areq-sz    aqu-sz     await     %util
04:44:43 PM IST   nvme0n1      0.00      0.00      0.00      0.00      0.00      0.00      0.00      0.00
04:44:43 PM IST       sda    404.00      0.00   1944.00      0.00      4.81      0.23      0.30      8.80

04:44:43 PM IST       DEV       tps     rkB/s     wkB/s     dkB/s   areq-sz    aqu-sz     await     %util
04:44:44 PM IST   nvme0n1      0.00      0.00      0.00      0.00      0.00      0.00      0.00      0.00
04:44:44 PM IST       sda    353.00      0.00   1656.00      0.00      4.69      0.20      0.31     13.20

04:44:44 PM IST       DEV       tps     rkB/s     wkB/s     dkB/s   areq-sz    aqu-sz     await     %util
04:44:45 PM IST   nvme0n1      0.00      0.00      0.00      0.00      0.00      0.00      0.00      0.00
04:44:45 PM IST       sda    365.00      0.00   1728.00      0.00      4.73      0.21      0.30     11.20

04:44:45 PM IST       DEV       tps     rkB/s     wkB/s     dkB/s   areq-sz    aqu-sz     await     %util
04:44:46 PM IST   nvme0n1      0.00      0.00      0.00      0.00      0.00      0.00      0.00      0.00
04:44:46 PM IST       sda    380.00      0.00   1816.00      0.00      4.78      0.21      0.30     11.20

04:44:46 PM IST       DEV       tps     rkB/s     wkB/s     dkB/s   areq-sz    aqu-sz     await     %util
04:44:47 PM IST   nvme0n1      0.00      0.00      0.00      0.00      0.00      0.00      0.00      0.00
04:44:47 PM IST       sda    469.00      0.00   2120.00      0.00      4.52      0.23      0.27     10.00

04:44:47 PM IST       DEV       tps     rkB/s     wkB/s     dkB/s   areq-sz    aqu-sz     await     %util
04:44:48 PM IST   nvme0n1      0.00      0.00      0.00      0.00      0.00      0.00      0.00      0.00
04:44:48 PM IST       sda    406.00    112.00   1940.00      0.00      5.05      0.23      0.32     10.80

04:44:48 PM IST       DEV       tps     rkB/s     wkB/s     dkB/s   areq-sz    aqu-sz     await     %util
04:44:49 PM IST   nvme0n1      0.00      0.00      0.00      0.00      0.00      0.00      0.00      0.00
04:44:49 PM IST       sda    390.00      0.00   1928.00      0.00      4.94      0.22      0.31     12.80

04:44:49 PM IST       DEV       tps     rkB/s     wkB/s     dkB/s   areq-sz    aqu-sz     await     %util
04:44:50 PM IST   nvme0n1      0.00      0.00      0.00      0.00      0.00      0.00      0.00      0.00
04:44:50 PM IST       sda    391.00      0.00   1840.00      0.00      4.71      0.22      0.30     11.60

04:44:50 PM IST       DEV       tps     rkB/s     wkB/s     dkB/s   areq-sz    aqu-sz     await     %util
04:44:51 PM IST   nvme0n1      0.00      0.00      0.00      0.00      0.00      0.00      0.00      0.00
04:44:51 PM IST       sda    393.00      0.00   1840.00      0.00      4.68      0.22      0.30     10.40

04:44:51 PM IST       DEV       tps     rkB/s     wkB/s     dkB/s   areq-sz    aqu-sz     await     %util
04:44:52 PM IST   nvme0n1      0.00      0.00      0.00      0.00      0.00      0.00      0.00      0.00
04:44:52 PM IST       sda    373.00      0.00   1744.00      0.00      4.68      0.21      0.29     12.40

04:44:52 PM IST       DEV       tps     rkB/s     wkB/s     dkB/s   areq-sz    aqu-sz     await     %util
04:44:53 PM IST   nvme0n1      0.00      0.00      0.00      0.00      0.00      0.00      0.00      0.00
04:44:53 PM IST       sda    402.00      0.00   1908.00      0.00      4.75      0.21      0.28      8.00

04:44:53 PM IST       DEV       tps     rkB/s     wkB/s     dkB/s   areq-sz    aqu-sz     await     %util
04:44:54 PM IST   nvme0n1      0.00      0.00      0.00      0.00      0.00      0.00      0.00      0.00
04:44:54 PM IST       sda    438.00      0.00   2076.00      0.00      4.74      0.21      0.26     11.60

04:44:54 PM IST       DEV       tps     rkB/s     wkB/s     dkB/s   areq-sz    aqu-sz     await     %util
04:44:55 PM IST   nvme0n1      0.00      0.00      0.00      0.00      0.00      0.00      0.00      0.00
04:44:55 PM IST       sda    383.00      0.00   1884.00      0.00      4.92      0.24      0.33     11.20

04:44:55 PM IST       DEV       tps     rkB/s     wkB/s     dkB/s   areq-sz    aqu-sz     await     %util
04:44:56 PM IST   nvme0n1      0.00      0.00      0.00      0.00      0.00      0.00      0.00      0.00
04:44:56 PM IST       sda    386.00      0.00   1840.00      0.00      4.77      0.20      0.27     11.20

04:44:56 PM IST       DEV       tps     rkB/s     wkB/s     dkB/s   areq-sz    aqu-sz     await     %util
04:44:57 PM IST   nvme0n1      0.00      0.00      0.00      0.00      0.00      0.00      0.00      0.00
04:44:57 PM IST       sda    418.00    712.00   1728.00      0.00      5.84      0.20      0.28      7.60

04:44:57 PM IST       DEV       tps     rkB/s     wkB/s     dkB/s   areq-sz    aqu-sz     await     %util
04:44:58 PM IST   nvme0n1      0.00      0.00      0.00      0.00      0.00      0.00      0.00      0.00
04:44:58 PM IST       sda    437.00    240.00   2200.00      0.00      5.58      0.21      0.27     10.00

04:44:58 PM IST       DEV       tps     rkB/s     wkB/s     dkB/s   areq-sz    aqu-sz     await     %util
04:44:59 PM IST   nvme0n1      0.00      0.00      0.00      0.00      0.00      0.00      0.00      0.00
04:44:59 PM IST       sda    431.00     56.00   2008.00      0.00      4.79      0.21      0.26     12.40

04:44:59 PM IST       DEV       tps     rkB/s     wkB/s     dkB/s   areq-sz    aqu-sz     await     %util
04:45:00 PM IST   nvme0n1      0.00      0.00      0.00      0.00      0.00      0.00      0.00      0.00
04:45:00 PM IST       sda    490.00    104.00   2556.00      0.00      5.43      0.24      0.27      9.60

04:45:00 PM IST       DEV       tps     rkB/s     wkB/s     dkB/s   areq-sz    aqu-sz     await     %util
04:45:01 PM IST   nvme0n1      0.00      0.00      0.00      0.00      0.00      0.00      0.00      0.00
04:45:01 PM IST       sda    428.00    764.00   1808.00      0.00      6.01      0.20      0.27      7.60

04:45:01 PM IST       DEV       tps     rkB/s     wkB/s     dkB/s   areq-sz    aqu-sz     await     %util
04:45:02 PM IST   nvme0n1      0.00      0.00      0.00      0.00      0.00      0.00      0.00      0.00
04:45:02 PM IST       sda    455.00    428.00   2772.00      0.00      7.03      0.23      0.29     12.80

04:45:02 PM IST       DEV       tps     rkB/s     wkB/s     dkB/s   areq-sz    aqu-sz     await     %util
04:45:03 PM IST   nvme0n1      0.00      0.00      0.00      0.00      0.00      0.00      0.00      0.00
04:45:03 PM IST       sda    426.00    456.00   5516.00      0.00     14.02      0.22      0.33     11.60

04:45:03 PM IST       DEV       tps     rkB/s     wkB/s     dkB/s   areq-sz    aqu-sz     await     %util
04:45:04 PM IST   nvme0n1      0.00      0.00      0.00      0.00      0.00      0.00      0.00      0.00
04:45:04 PM IST       sda    343.00      8.00   1924.00      0.00      5.63      0.18      0.28      8.40

04:45:04 PM IST       DEV       tps     rkB/s     wkB/s     dkB/s   areq-sz    aqu-sz     await     %util
04:45:05 PM IST   nvme0n1      0.00      0.00      0.00      0.00      0.00      0.00      0.00      0.00
04:45:05 PM IST       sda    510.00      0.00   4628.00      0.00      9.07      0.28      0.33     10.80

04:45:05 PM IST       DEV       tps     rkB/s     wkB/s     dkB/s   areq-sz    aqu-sz     await     %util
04:45:06 PM IST   nvme0n1      0.00      0.00      0.00      0.00      0.00      0.00      0.00      0.00
04:45:06 PM IST       sda    433.00      0.00   2000.00      0.00      4.62      0.21      0.26     10.40

04:45:06 PM IST       DEV       tps     rkB/s     wkB/s     dkB/s   areq-sz    aqu-sz     await     %util
04:45:07 PM IST   nvme0n1      0.00      0.00      0.00      0.00      0.00      0.00      0.00      0.00
04:45:07 PM IST       sda    401.00      0.00   2156.00      0.00      5.38      0.20      0.26     12.00

04:45:07 PM IST       DEV       tps     rkB/s     wkB/s     dkB/s   areq-sz    aqu-sz     await     %util
04:45:08 PM IST   nvme0n1      0.00      0.00      0.00      0.00      0.00      0.00      0.00      0.00
04:45:08 PM IST       sda    455.00     16.00   2304.00      0.00      5.10      0.22      0.27      9.20

04:45:08 PM IST       DEV       tps     rkB/s     wkB/s     dkB/s   areq-sz    aqu-sz     await     %util
04:45:09 PM IST   nvme0n1      0.00      0.00      0.00      0.00      0.00      0.00      0.00      0.00
04:45:09 PM IST       sda    448.00      8.00   2176.00      0.00      4.88      0.21      0.26     11.20

04:45:09 PM IST       DEV       tps     rkB/s     wkB/s     dkB/s   areq-sz    aqu-sz     await     %util
04:45:10 PM IST   nvme0n1      0.00      0.00      0.00      0.00      0.00      0.00      0.00      0.00
04:45:10 PM IST       sda    598.00     72.00   3136.00      0.00      5.36      0.25      0.26     10.80

04:45:10 PM IST       DEV       tps     rkB/s     wkB/s     dkB/s   areq-sz    aqu-sz     await     %util
04:45:11 PM IST   nvme0n1      0.00      0.00      0.00      0.00      0.00      0.00      0.00      0.00
04:45:11 PM IST       sda    453.00      0.00   2104.00      0.00      4.64      0.22      0.26     10.80

04:45:11 PM IST       DEV       tps     rkB/s     wkB/s     dkB/s   areq-sz    aqu-sz     await     %util
04:45:12 PM IST   nvme0n1      0.00      0.00      0.00      0.00      0.00      0.00      0.00      0.00
04:45:12 PM IST       sda    435.00      0.00   2016.00      0.00      4.63      0.21      0.26     12.00

04:45:12 PM IST       DEV       tps     rkB/s     wkB/s     dkB/s   areq-sz    aqu-sz     await     %util
04:45:13 PM IST   nvme0n1      0.00      0.00      0.00      0.00      0.00      0.00      0.00      0.00
04:45:13 PM IST       sda    457.00      0.00   2136.00      0.00      4.67      0.23      0.27     10.40

04:45:13 PM IST       DEV       tps     rkB/s     wkB/s     dkB/s   areq-sz    aqu-sz     await     %util
04:45:14 PM IST   nvme0n1      0.00      0.00      0.00      0.00      0.00      0.00      0.00      0.00
04:45:14 PM IST       sda    426.00      0.00   1992.00      0.00      4.68      0.21      0.26     11.60

04:45:14 PM IST       DEV       tps     rkB/s     wkB/s     dkB/s   areq-sz    aqu-sz     await     %util
04:45:15 PM IST   nvme0n1      0.00      0.00      0.00      0.00      0.00      0.00      0.00      0.00
04:45:15 PM IST       sda    528.00      0.00   3704.00      0.00      7.02      0.24      0.27     11.20

04:45:15 PM IST       DEV       tps     rkB/s     wkB/s     dkB/s   areq-sz    aqu-sz     await     %util
04:45:16 PM IST   nvme0n1      0.00      0.00      0.00      0.00      0.00      0.00      0.00      0.00
04:45:16 PM IST       sda    408.00      0.00   1932.00      0.00      4.74      0.26      0.34     16.80

04:45:16 PM IST       DEV       tps     rkB/s     wkB/s     dkB/s   areq-sz    aqu-sz     await     %util
04:45:17 PM IST   nvme0n1      0.00      0.00      0.00      0.00      0.00      0.00      0.00      0.00
04:45:17 PM IST       sda    553.00      0.00   2548.00      0.00      4.61      0.25      0.25     11.20

04:45:17 PM IST       DEV       tps     rkB/s     wkB/s     dkB/s   areq-sz    aqu-sz     await     %util
04:45:18 PM IST   nvme0n1      0.00      0.00      0.00      0.00      0.00      0.00      0.00      0.00
04:45:18 PM IST       sda    442.00      0.00   2076.00      0.00      4.70      0.23      0.28     11.60

04:45:18 PM IST       DEV       tps     rkB/s     wkB/s     dkB/s   areq-sz    aqu-sz     await     %util
04:45:19 PM IST   nvme0n1      0.00      0.00      0.00      0.00      0.00      0.00      0.00      0.00
04:45:19 PM IST       sda    435.00      0.00   3912.00      0.00      8.99      0.25      0.35     15.20

04:45:19 PM IST       DEV       tps     rkB/s     wkB/s     dkB/s   areq-sz    aqu-sz     await     %util
04:45:20 PM IST   nvme0n1      0.00      0.00      0.00      0.00      0.00      0.00      0.00      0.00
04:45:20 PM IST       sda    473.00      0.00   2388.00      0.00      5.05      0.24      0.27     12.00

04:45:20 PM IST       DEV       tps     rkB/s     wkB/s     dkB/s   areq-sz    aqu-sz     await     %util
04:45:21 PM IST   nvme0n1      0.00      0.00      0.00      0.00      0.00      0.00      0.00      0.00
04:45:21 PM IST       sda    457.00     20.00   2128.00      0.00      4.70      0.23      0.28     12.40

04:45:21 PM IST       DEV       tps     rkB/s     wkB/s     dkB/s   areq-sz    aqu-sz     await     %util
04:45:22 PM IST   nvme0n1      0.00      0.00      0.00      0.00      0.00      0.00      0.00      0.00
04:45:22 PM IST       sda    499.00      0.00   2452.00      0.00      4.91      0.22      0.24     12.00

04:45:22 PM IST       DEV       tps     rkB/s     wkB/s     dkB/s   areq-sz    aqu-sz     await     %util
04:45:23 PM IST   nvme0n1      0.00      0.00      0.00      0.00      0.00      0.00      0.00      0.00
04:45:23 PM IST       sda    432.00      0.00   2068.00      0.00      4.79      0.21      0.26     13.60

04:45:23 PM IST       DEV       tps     rkB/s     wkB/s     dkB/s   areq-sz    aqu-sz     await     %util
04:45:24 PM IST   nvme0n1      0.00      0.00      0.00      0.00      0.00      0.00      0.00      0.00
04:45:24 PM IST       sda    431.68      0.00   2178.22      0.00      5.05      0.22      0.27     12.28

04:45:24 PM IST       DEV       tps     rkB/s     wkB/s     dkB/s   areq-sz    aqu-sz     await     %util
04:45:25 PM IST   nvme0n1      0.00      0.00      0.00      0.00      0.00      0.00      0.00      0.00
04:45:25 PM IST       sda    435.00      0.00   2068.00      0.00      4.75      0.24      0.29     12.80

04:45:25 PM IST       DEV       tps     rkB/s     wkB/s     dkB/s   areq-sz    aqu-sz     await     %util
04:45:26 PM IST   nvme0n1      0.00      0.00      0.00      0.00      0.00      0.00      0.00      0.00
04:45:26 PM IST       sda    558.00      8.00   2800.00      0.00      5.03      0.27      0.27     12.40

04:45:26 PM IST       DEV       tps     rkB/s     wkB/s     dkB/s   areq-sz    aqu-sz     await     %util
04:45:27 PM IST   nvme0n1      0.00      0.00      0.00      0.00      0.00      0.00      0.00      0.00
04:45:27 PM IST       sda    465.00      0.00   2140.00      0.00      4.60      0.32      0.35     17.60

04:45:27 PM IST       DEV       tps     rkB/s     wkB/s     dkB/s   areq-sz    aqu-sz     await     %util
04:45:28 PM IST   nvme0n1      0.00      0.00      0.00      0.00      0.00      0.00      0.00      0.00
04:45:28 PM IST       sda    437.00      0.00   2240.00      0.00      5.13      0.25      0.30      8.80

04:45:28 PM IST       DEV       tps     rkB/s     wkB/s     dkB/s   areq-sz    aqu-sz     await     %util
04:45:29 PM IST   nvme0n1      0.00      0.00      0.00      0.00      0.00      0.00      0.00      0.00
04:45:29 PM IST       sda    422.00      0.00   1984.00      0.00      4.70      0.23      0.29     11.60

04:45:29 PM IST       DEV       tps     rkB/s     wkB/s     dkB/s   areq-sz    aqu-sz     await     %util
04:45:30 PM IST   nvme0n1      0.00      0.00      0.00      0.00      0.00      0.00      0.00      0.00
04:45:30 PM IST       sda    434.00      0.00   2048.00      0.00      4.72      0.24      0.29     14.80

04:45:30 PM IST       DEV       tps     rkB/s     wkB/s     dkB/s   areq-sz    aqu-sz     await     %util
04:45:31 PM IST   nvme0n1      0.00      0.00      0.00      0.00      0.00      0.00      0.00      0.00
04:45:31 PM IST       sda    525.00      0.00   2488.00      0.00      4.74      0.26      0.27     12.40

04:45:31 PM IST       DEV       tps     rkB/s     wkB/s     dkB/s   areq-sz    aqu-sz     await     %util
04:45:32 PM IST   nvme0n1      0.00      0.00      0.00      0.00      0.00      0.00      0.00      0.00
04:45:32 PM IST       sda    444.00      0.00   2176.00      0.00      4.90      0.25      0.30     11.60

04:45:32 PM IST       DEV       tps     rkB/s     wkB/s     dkB/s   areq-sz    aqu-sz     await     %util
04:45:33 PM IST   nvme0n1      0.00      0.00      0.00      0.00      0.00      0.00      0.00      0.00
04:45:33 PM IST       sda    467.00      0.00   2352.00      0.00      5.04      0.27      0.31     11.60

04:45:33 PM IST       DEV       tps     rkB/s     wkB/s     dkB/s   areq-sz    aqu-sz     await     %util
04:45:34 PM IST   nvme0n1      0.00      0.00      0.00      0.00      0.00      0.00      0.00      0.00
04:45:34 PM IST       sda    441.00      0.00   2088.00      0.00      4.73      0.25      0.30     15.60

04:45:34 PM IST       DEV       tps     rkB/s     wkB/s     dkB/s   areq-sz    aqu-sz     await     %util
04:45:35 PM IST   nvme0n1      0.00      0.00      0.00      0.00      0.00      0.00      0.00      0.00
04:45:35 PM IST       sda    435.00      0.00   2212.00      0.00      5.09      0.24      0.30     12.80

04:45:35 PM IST       DEV       tps     rkB/s     wkB/s     dkB/s   areq-sz    aqu-sz     await     %util
04:45:36 PM IST   nvme0n1      0.00      0.00      0.00      0.00      0.00      0.00      0.00      0.00
04:45:36 PM IST       sda    545.00      0.00   2600.00      0.00      4.77      0.26      0.28     10.40

04:45:36 PM IST       DEV       tps     rkB/s     wkB/s     dkB/s   areq-sz    aqu-sz     await     %util
04:45:37 PM IST   nvme0n1      0.00      0.00      0.00      0.00      0.00      0.00      0.00      0.00
04:45:37 PM IST       sda    519.00      0.00   2432.00      0.00      4.69      0.24      0.25     14.40

04:45:37 PM IST       DEV       tps     rkB/s     wkB/s     dkB/s   areq-sz    aqu-sz     await     %util
04:45:38 PM IST   nvme0n1      0.00      0.00      0.00      0.00      0.00      0.00      0.00      0.00
04:45:38 PM IST       sda    472.00      0.00   2200.00      0.00      4.66      0.28      0.32     16.00

04:45:38 PM IST       DEV       tps     rkB/s     wkB/s     dkB/s   areq-sz    aqu-sz     await     %util
04:45:39 PM IST   nvme0n1      0.00      0.00      0.00      0.00      0.00      0.00      0.00      0.00
04:45:39 PM IST       sda    448.00      0.00   2084.00      0.00      4.65      0.22      0.26      6.00

04:45:39 PM IST       DEV       tps     rkB/s     wkB/s     dkB/s   areq-sz    aqu-sz     await     %util
04:45:40 PM IST   nvme0n1      0.00      0.00      0.00      0.00      0.00      0.00      0.00      0.00
04:45:40 PM IST       sda    452.00      0.00   2216.00      0.00      4.90      0.23      0.27     12.00

04:45:40 PM IST       DEV       tps     rkB/s     wkB/s     dkB/s   areq-sz    aqu-sz     await     %util
04:45:41 PM IST   nvme0n1      0.00      0.00      0.00      0.00      0.00      0.00      0.00      0.00
04:45:41 PM IST       sda    442.00      0.00   2060.00      0.00      4.66      0.21      0.26     10.40

04:45:41 PM IST       DEV       tps     rkB/s     wkB/s     dkB/s   areq-sz    aqu-sz     await     %util
04:45:42 PM IST   nvme0n1      0.00      0.00      0.00      0.00      0.00      0.00      0.00      0.00
04:45:42 PM IST       sda    480.00      0.00   2344.00      0.00      4.88      0.23      0.25     12.40

04:45:42 PM IST       DEV       tps     rkB/s     wkB/s     dkB/s   areq-sz    aqu-sz     await     %util
04:45:43 PM IST   nvme0n1      0.00      0.00      0.00      0.00      0.00      0.00      0.00      0.00
04:45:43 PM IST       sda    482.00      0.00   2296.00      0.00      4.76      0.23      0.27      7.20

04:45:43 PM IST       DEV       tps     rkB/s     wkB/s     dkB/s   areq-sz    aqu-sz     await     %util
04:45:44 PM IST   nvme0n1      0.00      0.00      0.00      0.00      0.00      0.00      0.00      0.00
04:45:44 PM IST       sda    432.00      0.00   2032.00      0.00      4.70      0.21      0.26     11.20

04:45:44 PM IST       DEV       tps     rkB/s     wkB/s     dkB/s   areq-sz    aqu-sz     await     %util
04:45:45 PM IST   nvme0n1      0.00      0.00      0.00      0.00      0.00      0.00      0.00      0.00
04:45:45 PM IST       sda    454.00      0.00   2104.00      0.00      4.63      0.22      0.26      7.60

04:45:45 PM IST       DEV       tps     rkB/s     wkB/s     dkB/s   areq-sz    aqu-sz     await     %util
04:45:46 PM IST   nvme0n1      0.00      0.00      0.00      0.00      0.00      0.00      0.00      0.00
04:45:46 PM IST       sda    443.00      0.00   2108.00      0.00      4.76      0.21      0.26     10.00

04:45:46 PM IST       DEV       tps     rkB/s     wkB/s     dkB/s   areq-sz    aqu-sz     await     %util
04:45:47 PM IST   nvme0n1      0.00      0.00      0.00      0.00      0.00      0.00      0.00      0.00
04:45:47 PM IST       sda    472.00      0.00   2220.00      0.00      4.70      0.23      0.26     10.40

04:45:47 PM IST       DEV       tps     rkB/s     wkB/s     dkB/s   areq-sz    aqu-sz     await     %util
04:45:48 PM IST   nvme0n1      0.00      0.00      0.00      0.00      0.00      0.00      0.00      0.00
04:45:48 PM IST       sda    522.00      0.00   2408.00      0.00      4.61      0.23      0.25     12.40

04:45:48 PM IST       DEV       tps     rkB/s     wkB/s     dkB/s   areq-sz    aqu-sz     await     %util
04:45:49 PM IST   nvme0n1      0.00      0.00      0.00      0.00      0.00      0.00      0.00      0.00
04:45:49 PM IST       sda    407.00      0.00   1936.00      0.00      4.76      0.21      0.27     10.40

04:45:49 PM IST       DEV       tps     rkB/s     wkB/s     dkB/s   areq-sz    aqu-sz     await     %util
04:45:50 PM IST   nvme0n1      0.00      0.00      0.00      0.00      0.00      0.00      0.00      0.00
04:45:50 PM IST       sda    431.00      0.00   2024.00      0.00      4.70      0.26      0.32     14.00

04:45:50 PM IST       DEV       tps     rkB/s     wkB/s     dkB/s   areq-sz    aqu-sz     await     %util
04:45:51 PM IST   nvme0n1      0.00      0.00      0.00      0.00      0.00      0.00      0.00      0.00
04:45:51 PM IST       sda    468.00      0.00   2188.00      0.00      4.68      0.23      0.26     13.20

04:45:51 PM IST       DEV       tps     rkB/s     wkB/s     dkB/s   areq-sz    aqu-sz     await     %util
04:45:52 PM IST   nvme0n1      0.00      0.00      0.00      0.00      0.00      0.00      0.00      0.00
04:45:52 PM IST       sda    444.00      0.00   2108.00      0.00      4.75      0.21      0.26      7.20

04:45:52 PM IST       DEV       tps     rkB/s     wkB/s     dkB/s   areq-sz    aqu-sz     await     %util
04:45:53 PM IST   nvme0n1      0.00      0.00      0.00      0.00      0.00      0.00      0.00      0.00
04:45:53 PM IST       sda    454.00      0.00   2184.00      0.00      4.81      0.22      0.26     15.60

04:45:53 PM IST       DEV       tps     rkB/s     wkB/s     dkB/s   areq-sz    aqu-sz     await     %util
04:45:54 PM IST   nvme0n1      0.00      0.00      0.00      0.00      0.00      0.00      0.00      0.00
04:45:54 PM IST       sda    384.00      0.00   1760.00      0.00      4.58      0.19      0.26     10.00

04:45:54 PM IST       DEV       tps     rkB/s     wkB/s     dkB/s   areq-sz    aqu-sz     await     %util
04:45:55 PM IST   nvme0n1      0.00      0.00      0.00      0.00      0.00      0.00      0.00      0.00
04:45:55 PM IST       sda    434.00      0.00   2196.00      0.00      5.06      0.22      0.27     10.80

04:45:55 PM IST       DEV       tps     rkB/s     wkB/s     dkB/s   areq-sz    aqu-sz     await     %util
04:45:56 PM IST   nvme0n1      0.00      0.00      0.00      0.00      0.00      0.00      0.00      0.00
04:45:56 PM IST       sda    437.00      0.00   2040.00      0.00      4.67      0.21      0.26     10.40

04:45:56 PM IST       DEV       tps     rkB/s     wkB/s     dkB/s   areq-sz    aqu-sz     await     %util
04:45:57 PM IST   nvme0n1      0.00      0.00      0.00      0.00      0.00      0.00      0.00      0.00
04:45:57 PM IST       sda    434.00      0.00   2032.00      0.00      4.68      0.21      0.26      9.60

04:45:57 PM IST       DEV       tps     rkB/s     wkB/s     dkB/s   areq-sz    aqu-sz     await     %util
04:45:58 PM IST   nvme0n1      0.00      0.00      0.00      0.00      0.00      0.00      0.00      0.00
04:45:58 PM IST       sda    434.00      0.00   2060.00      0.00      4.75      0.22      0.27     15.20

04:45:58 PM IST       DEV       tps     rkB/s     wkB/s     dkB/s   areq-sz    aqu-sz     await     %util
04:45:59 PM IST   nvme0n1      0.00      0.00      0.00      0.00      0.00      0.00      0.00      0.00
04:45:59 PM IST       sda    425.00     24.00   1968.00      0.00      4.69      0.21      0.26     10.80

04:45:59 PM IST       DEV       tps     rkB/s     wkB/s     dkB/s   areq-sz    aqu-sz     await     %util
04:46:00 PM IST   nvme0n1      0.00      0.00      0.00      0.00      0.00      0.00      0.00      0.00
04:46:00 PM IST       sda    437.00      0.00   2224.00      0.00      5.09      0.21      0.26      8.80

04:46:00 PM IST       DEV       tps     rkB/s     wkB/s     dkB/s   areq-sz    aqu-sz     await     %util
04:46:01 PM IST   nvme0n1      0.00      0.00      0.00      0.00      0.00      0.00      0.00      0.00
04:46:01 PM IST       sda    459.00      0.00   2164.00      0.00      4.71      0.23      0.26     10.80

04:46:01 PM IST       DEV       tps     rkB/s     wkB/s     dkB/s   areq-sz    aqu-sz     await     %util
04:46:02 PM IST   nvme0n1      0.00      0.00      0.00      0.00      0.00      0.00      0.00      0.00
04:46:02 PM IST       sda    416.00      0.00   1968.00      0.00      4.73      0.23      0.30     14.00

04:46:02 PM IST       DEV       tps     rkB/s     wkB/s     dkB/s   areq-sz    aqu-sz     await     %util
04:46:03 PM IST   nvme0n1      0.00      0.00      0.00      0.00      0.00      0.00      0.00      0.00
04:46:03 PM IST       sda    444.00      0.00   2064.00      0.00      4.65      0.24      0.28     12.00

04:46:03 PM IST       DEV       tps     rkB/s     wkB/s     dkB/s   areq-sz    aqu-sz     await     %util
04:46:04 PM IST   nvme0n1      0.00      0.00      0.00      0.00      0.00      0.00      0.00      0.00
04:46:04 PM IST       sda    443.00      0.00   2072.00      0.00      4.68      0.23      0.27     13.60

04:46:04 PM IST       DEV       tps     rkB/s     wkB/s     dkB/s   areq-sz    aqu-sz     await     %util
04:46:05 PM IST   nvme0n1      0.00      0.00      0.00      0.00      0.00      0.00      0.00      0.00
04:46:05 PM IST       sda    448.00      0.00   2124.00      0.00      4.74      0.22      0.26      8.00

04:46:05 PM IST       DEV       tps     rkB/s     wkB/s     dkB/s   areq-sz    aqu-sz     await     %util
04:46:06 PM IST   nvme0n1      0.00      0.00      0.00      0.00      0.00      0.00      0.00      0.00
04:46:06 PM IST       sda    463.00      0.00   2188.00      0.00      4.73      0.23      0.27     12.80

04:46:06 PM IST       DEV       tps     rkB/s     wkB/s     dkB/s   areq-sz    aqu-sz     await     %util
04:46:07 PM IST   nvme0n1      0.00      0.00      0.00      0.00      0.00      0.00      0.00      0.00
04:46:07 PM IST       sda    443.00      0.00   2224.00      0.00      5.02      0.23      0.28     13.60

04:46:07 PM IST       DEV       tps     rkB/s     wkB/s     dkB/s   areq-sz    aqu-sz     await     %util
04:46:08 PM IST   nvme0n1      0.00      0.00      0.00      0.00      0.00      0.00      0.00      0.00
04:46:08 PM IST       sda    440.00      0.00   2148.00      0.00      4.88      0.23      0.28     12.40

04:46:08 PM IST       DEV       tps     rkB/s     wkB/s     dkB/s   areq-sz    aqu-sz     await     %util
04:46:09 PM IST   nvme0n1      0.00      0.00      0.00      0.00      0.00      0.00      0.00      0.00
04:46:09 PM IST       sda    446.00      0.00   2064.00      0.00      4.63      0.22      0.26     13.20

04:46:09 PM IST       DEV       tps     rkB/s     wkB/s     dkB/s   areq-sz    aqu-sz     await     %util
04:46:10 PM IST   nvme0n1      0.00      0.00      0.00      0.00      0.00      0.00      0.00      0.00
04:46:10 PM IST       sda    431.00      0.00   2032.00      0.00      4.71      0.21      0.26     11.20

04:46:10 PM IST       DEV       tps     rkB/s     wkB/s     dkB/s   areq-sz    aqu-sz     await     %util
04:46:11 PM IST   nvme0n1      0.00      0.00      0.00      0.00      0.00      0.00      0.00      0.00
04:46:11 PM IST       sda    438.00      0.00   2048.00      0.00      4.68      0.24      0.29     12.40

04:46:11 PM IST       DEV       tps     rkB/s     wkB/s     dkB/s   areq-sz    aqu-sz     await     %util
04:46:12 PM IST   nvme0n1      0.00      0.00      0.00      0.00      0.00      0.00      0.00      0.00
04:46:12 PM IST       sda    423.00      0.00   2008.00      0.00      4.75      0.23      0.29     15.60

04:46:12 PM IST       DEV       tps     rkB/s     wkB/s     dkB/s   areq-sz    aqu-sz     await     %util
04:46:13 PM IST   nvme0n1      0.00      0.00      0.00      0.00      0.00      0.00      0.00      0.00
04:46:13 PM IST       sda    468.00     12.00   7604.00      0.00     16.27      0.26      0.32     15.60

04:46:13 PM IST       DEV       tps     rkB/s     wkB/s     dkB/s   areq-sz    aqu-sz     await     %util
04:46:14 PM IST   nvme0n1      0.00      0.00      0.00      0.00      0.00      0.00      0.00      0.00
04:46:14 PM IST       sda    411.00      0.00   2984.00      0.00      7.26      0.23      0.29     10.80

04:46:14 PM IST       DEV       tps     rkB/s     wkB/s     dkB/s   areq-sz    aqu-sz     await     %util
04:46:15 PM IST   nvme0n1      0.00      0.00      0.00      0.00      0.00      0.00      0.00      0.00
04:46:15 PM IST       sda    448.00      4.00   2972.00      0.00      6.64      0.24      0.28     10.80

04:46:15 PM IST       DEV       tps     rkB/s     wkB/s     dkB/s   areq-sz    aqu-sz     await     %util
04:46:16 PM IST   nvme0n1      0.00      0.00      0.00      0.00      0.00      0.00      0.00      0.00
04:46:16 PM IST       sda    425.00      0.00   2184.00      0.00      5.14      0.23      0.29     12.40

04:46:16 PM IST       DEV       tps     rkB/s     wkB/s     dkB/s   areq-sz    aqu-sz     await     %util
04:46:17 PM IST   nvme0n1      0.00      0.00      0.00      0.00      0.00      0.00      0.00      0.00
04:46:17 PM IST       sda    435.00      0.00   2204.00      0.00      5.07      0.24      0.29     15.20

04:46:17 PM IST       DEV       tps     rkB/s     wkB/s     dkB/s   areq-sz    aqu-sz     await     %util
04:46:18 PM IST   nvme0n1      0.00      0.00      0.00      0.00      0.00      0.00      0.00      0.00
04:46:18 PM IST       sda    439.00      0.00   2132.00      0.00      4.86      0.25      0.29     12.00

04:46:18 PM IST       DEV       tps     rkB/s     wkB/s     dkB/s   areq-sz    aqu-sz     await     %util
04:46:19 PM IST   nvme0n1      0.00      0.00      0.00      0.00      0.00      0.00      0.00      0.00
04:46:19 PM IST       sda    540.00      0.00   2764.00      0.00      5.12      0.26      0.26     12.80

04:46:19 PM IST       DEV       tps     rkB/s     wkB/s     dkB/s   areq-sz    aqu-sz     await     %util
04:46:20 PM IST   nvme0n1      0.00      0.00      0.00      0.00      0.00      0.00      0.00      0.00
04:46:20 PM IST       sda    460.00      0.00   2284.00      0.00      4.97      0.24      0.28     12.80

04:46:20 PM IST       DEV       tps     rkB/s     wkB/s     dkB/s   areq-sz    aqu-sz     await     %util
04:46:21 PM IST   nvme0n1      0.00      0.00      0.00      0.00      0.00      0.00      0.00      0.00
04:46:21 PM IST       sda    471.00      0.00   2312.00      0.00      4.91      0.24      0.27     14.00

04:46:21 PM IST       DEV       tps     rkB/s     wkB/s     dkB/s   areq-sz    aqu-sz     await     %util
04:46:22 PM IST   nvme0n1      0.00      0.00      0.00      0.00      0.00      0.00      0.00      0.00
04:46:22 PM IST       sda    456.00      0.00   2376.00      0.00      5.21      0.22      0.26     12.40

04:46:22 PM IST       DEV       tps     rkB/s     wkB/s     dkB/s   areq-sz    aqu-sz     await     %util
04:46:23 PM IST   nvme0n1      0.00      0.00      0.00      0.00      0.00      0.00      0.00      0.00
04:46:23 PM IST       sda    465.00      0.00   2264.00      0.00      4.87      0.23      0.26     11.20

04:46:23 PM IST       DEV       tps     rkB/s     wkB/s     dkB/s   areq-sz    aqu-sz     await     %util
04:46:24 PM IST   nvme0n1      0.00      0.00      0.00      0.00      0.00      0.00      0.00      0.00
04:46:24 PM IST       sda    437.00      0.00   2056.00      0.00      4.70      0.28      0.33     16.00

04:46:24 PM IST       DEV       tps     rkB/s     wkB/s     dkB/s   areq-sz    aqu-sz     await     %util
04:46:25 PM IST   nvme0n1      0.00      0.00      0.00      0.00      0.00      0.00      0.00      0.00
04:46:25 PM IST       sda    495.00      0.00   2540.00      0.00      5.13      0.23      0.26      9.60

04:46:25 PM IST       DEV       tps     rkB/s     wkB/s     dkB/s   areq-sz    aqu-sz     await     %util
04:46:26 PM IST   nvme0n1      0.00      0.00      0.00      0.00      0.00      0.00      0.00      0.00
04:46:26 PM IST       sda    486.00      0.00   2204.00      0.00      4.53      0.23      0.25     11.60

04:46:26 PM IST       DEV       tps     rkB/s     wkB/s     dkB/s   areq-sz    aqu-sz     await     %util
04:46:27 PM IST   nvme0n1      0.00      0.00      0.00      0.00      0.00      0.00      0.00      0.00
04:46:27 PM IST       sda    484.00      0.00   2192.00      0.00      4.53      0.24      0.26     11.20

04:46:27 PM IST       DEV       tps     rkB/s     wkB/s     dkB/s   areq-sz    aqu-sz     await     %util
04:46:28 PM IST   nvme0n1      0.00      0.00      0.00      0.00      0.00      0.00      0.00      0.00
04:46:28 PM IST       sda    461.00      0.00   2560.00      0.00      5.55      0.23      0.26     14.40

04:46:28 PM IST       DEV       tps     rkB/s     wkB/s     dkB/s   areq-sz    aqu-sz     await     %util
04:46:29 PM IST   nvme0n1      0.00      0.00      0.00      0.00      0.00      0.00      0.00      0.00
04:46:29 PM IST       sda    450.00      0.00   2116.00      0.00      4.70      0.22      0.26     12.40

04:46:29 PM IST       DEV       tps     rkB/s     wkB/s     dkB/s   areq-sz    aqu-sz     await     %util
04:46:30 PM IST   nvme0n1      0.00      0.00      0.00      0.00      0.00      0.00      0.00      0.00
04:46:30 PM IST       sda    460.00      0.00   2128.00      0.00      4.63      0.22      0.25     14.40

04:46:30 PM IST       DEV       tps     rkB/s     wkB/s     dkB/s   areq-sz    aqu-sz     await     %util
04:46:31 PM IST   nvme0n1      0.00      0.00      0.00      0.00      0.00      0.00      0.00      0.00
04:46:31 PM IST       sda    454.00      0.00   2128.00      0.00      4.69      0.21      0.25      9.20

04:46:31 PM IST       DEV       tps     rkB/s     wkB/s     dkB/s   areq-sz    aqu-sz     await     %util
04:46:32 PM IST   nvme0n1      0.00      0.00      0.00      0.00      0.00      0.00      0.00      0.00
04:46:32 PM IST       sda    432.00     16.00   2268.00      0.00      5.29      0.21      0.26     10.00

04:46:32 PM IST       DEV       tps     rkB/s     wkB/s     dkB/s   areq-sz    aqu-sz     await     %util
04:46:33 PM IST   nvme0n1      0.00      0.00      0.00      0.00      0.00      0.00      0.00      0.00
04:46:33 PM IST       sda    432.00      0.00   2144.00      0.00      4.96      0.22      0.27     11.20

04:46:33 PM IST       DEV       tps     rkB/s     wkB/s     dkB/s   areq-sz    aqu-sz     await     %util
04:46:34 PM IST   nvme0n1      0.00      0.00      0.00      0.00      0.00      0.00      0.00      0.00
04:46:34 PM IST       sda    420.00      0.00   1976.00      0.00      4.70      0.22      0.28     10.80

04:46:34 PM IST       DEV       tps     rkB/s     wkB/s     dkB/s   areq-sz    aqu-sz     await     %util
04:46:35 PM IST   nvme0n1      0.00      0.00      0.00      0.00      0.00      0.00      0.00      0.00
04:46:35 PM IST       sda    459.00      4.00   2580.00      0.00      5.63      0.24      0.29     13.20

04:46:35 PM IST       DEV       tps     rkB/s     wkB/s     dkB/s   areq-sz    aqu-sz     await     %util
04:46:36 PM IST   nvme0n1      0.00      0.00      0.00      0.00      0.00      0.00      0.00      0.00
04:46:36 PM IST       sda    454.00      0.00   2096.00      0.00      4.62      0.22      0.26     12.40

04:46:36 PM IST       DEV       tps     rkB/s     wkB/s     dkB/s   areq-sz    aqu-sz     await     %util
04:46:37 PM IST   nvme0n1      0.00      0.00      0.00      0.00      0.00      0.00      0.00      0.00
04:46:37 PM IST       sda    458.00      0.00   2152.00      0.00      4.70      0.22      0.26     13.20

04:46:37 PM IST       DEV       tps     rkB/s     wkB/s     dkB/s   areq-sz    aqu-sz     await     %util
04:46:38 PM IST   nvme0n1      0.00      0.00      0.00      0.00      0.00      0.00      0.00      0.00
04:46:38 PM IST       sda    434.00      0.00   2292.00      0.00      5.28      0.21      0.26     10.80

04:46:38 PM IST       DEV       tps     rkB/s     wkB/s     dkB/s   areq-sz    aqu-sz     await     %util
04:46:39 PM IST   nvme0n1      0.00      0.00      0.00      0.00      0.00      0.00      0.00      0.00
04:46:39 PM IST       sda    418.00     48.00   1920.00      0.00      4.71      0.20      0.26     10.00

04:46:39 PM IST       DEV       tps     rkB/s     wkB/s     dkB/s   areq-sz    aqu-sz     await     %util
04:46:40 PM IST   nvme0n1      0.00      0.00      0.00      0.00      0.00      0.00      0.00      0.00
04:46:40 PM IST       sda    442.00      0.00   2140.00      0.00      4.84      0.22      0.27     10.00

04:46:40 PM IST       DEV       tps     rkB/s     wkB/s     dkB/s   areq-sz    aqu-sz     await     %util
04:46:41 PM IST   nvme0n1      0.00      0.00      0.00      0.00      0.00      0.00      0.00      0.00
04:46:41 PM IST       sda    396.00      0.00   2104.00      0.00      5.31      0.19      0.26      8.40

04:46:41 PM IST       DEV       tps     rkB/s     wkB/s     dkB/s   areq-sz    aqu-sz     await     %util
04:46:42 PM IST   nvme0n1      0.00      0.00      0.00      0.00      0.00      0.00      0.00      0.00
04:46:42 PM IST       sda    406.00      0.00   1904.00      0.00      4.69      0.20      0.26     11.20

04:46:42 PM IST       DEV       tps     rkB/s     wkB/s     dkB/s   areq-sz    aqu-sz     await     %util
04:46:43 PM IST   nvme0n1      0.00      0.00      0.00      0.00      0.00      0.00      0.00      0.00
04:46:43 PM IST       sda    472.00      0.00   2196.00      0.00      4.65      0.24      0.27     10.80

04:46:43 PM IST       DEV       tps     rkB/s     wkB/s     dkB/s   areq-sz    aqu-sz     await     %util
04:46:44 PM IST   nvme0n1      0.00      0.00      0.00      0.00      0.00      0.00      0.00      0.00
04:46:44 PM IST       sda    496.00      0.00   2364.00      0.00      4.77      0.23      0.26     10.40

04:46:44 PM IST       DEV       tps     rkB/s     wkB/s     dkB/s   areq-sz    aqu-sz     await     %util
04:46:45 PM IST   nvme0n1      0.00      0.00      0.00      0.00      0.00      0.00      0.00      0.00
04:46:45 PM IST       sda    439.00      0.00   2352.00      0.00      5.36      0.21      0.26     11.60

04:46:45 PM IST       DEV       tps     rkB/s     wkB/s     dkB/s   areq-sz    aqu-sz     await     %util
04:46:46 PM IST   nvme0n1      0.00      0.00      0.00      0.00      0.00      0.00      0.00      0.00
04:46:46 PM IST       sda    440.00     36.00   2364.00      0.00      5.45      0.23      0.29     10.80

04:46:46 PM IST       DEV       tps     rkB/s     wkB/s     dkB/s   areq-sz    aqu-sz     await     %util
04:46:47 PM IST   nvme0n1      0.00      0.00      0.00      0.00      0.00      0.00      0.00      0.00
04:46:47 PM IST       sda    416.00      0.00   1960.00      0.00      4.71      0.22      0.28     12.00

04:46:47 PM IST       DEV       tps     rkB/s     wkB/s     dkB/s   areq-sz    aqu-sz     await     %util
04:46:48 PM IST   nvme0n1      0.00      0.00      0.00      0.00      0.00      0.00      0.00      0.00
04:46:48 PM IST       sda    450.00      0.00   2456.00      0.00      5.46      0.24      0.29     10.00

04:46:48 PM IST       DEV       tps     rkB/s     wkB/s     dkB/s   areq-sz    aqu-sz     await     %util
04:46:49 PM IST   nvme0n1      0.00      0.00      0.00      0.00      0.00      0.00      0.00      0.00
04:46:49 PM IST       sda    452.00      0.00   2112.00      0.00      4.67      0.22      0.26     10.00

04:46:49 PM IST       DEV       tps     rkB/s     wkB/s     dkB/s   areq-sz    aqu-sz     await     %util
04:46:50 PM IST   nvme0n1      0.00      0.00      0.00      0.00      0.00      0.00      0.00      0.00
04:46:50 PM IST       sda    568.00      0.00   2692.00      0.00      4.74      0.24      0.24     10.40

04:46:50 PM IST       DEV       tps     rkB/s     wkB/s     dkB/s   areq-sz    aqu-sz     await     %util
04:46:51 PM IST   nvme0n1      0.00      0.00      0.00      0.00      0.00      0.00      0.00      0.00
04:46:51 PM IST       sda    450.00      0.00   2368.00      0.00      5.26      0.23      0.27     15.60

04:46:51 PM IST       DEV       tps     rkB/s     wkB/s     dkB/s   areq-sz    aqu-sz     await     %util
04:46:52 PM IST   nvme0n1      0.00      0.00      0.00      0.00      0.00      0.00      0.00      0.00
04:46:52 PM IST       sda    440.00      0.00   2064.00      0.00      4.69      0.23      0.27     13.20

04:46:52 PM IST       DEV       tps     rkB/s     wkB/s     dkB/s   areq-sz    aqu-sz     await     %util
04:46:53 PM IST   nvme0n1      0.00      0.00      0.00      0.00      0.00      0.00      0.00      0.00
04:46:53 PM IST       sda    445.00      0.00   2152.00      0.00      4.84      0.22      0.26     11.60

04:46:53 PM IST       DEV       tps     rkB/s     wkB/s     dkB/s   areq-sz    aqu-sz     await     %util
04:46:54 PM IST   nvme0n1      0.00      0.00      0.00      0.00      0.00      0.00      0.00      0.00
04:46:54 PM IST       sda    445.00      0.00   2392.00      0.00      5.38      0.20      0.25      8.40

04:46:54 PM IST       DEV       tps     rkB/s     wkB/s     dkB/s   areq-sz    aqu-sz     await     %util
04:46:55 PM IST   nvme0n1      0.00      0.00      0.00      0.00      0.00      0.00      0.00      0.00
04:46:55 PM IST       sda    403.00     28.00   2028.00      0.00      5.10      0.21      0.28     10.80

04:46:55 PM IST       DEV       tps     rkB/s     wkB/s     dkB/s   areq-sz    aqu-sz     await     %util
04:46:56 PM IST   nvme0n1      0.00      0.00      0.00      0.00      0.00      0.00      0.00      0.00
04:46:56 PM IST       sda    444.00      0.00   2068.00      0.00      4.66      0.24      0.29     11.20

04:46:56 PM IST       DEV       tps     rkB/s     wkB/s     dkB/s   areq-sz    aqu-sz     await     %util
04:46:57 PM IST   nvme0n1      0.00      0.00      0.00      0.00      0.00      0.00      0.00      0.00
04:46:57 PM IST       sda    418.00      0.00   1968.00      0.00      4.71      0.23      0.29     10.80

04:46:57 PM IST       DEV       tps     rkB/s     wkB/s     dkB/s   areq-sz    aqu-sz     await     %util
04:46:58 PM IST   nvme0n1      0.00      0.00      0.00      0.00      0.00      0.00      0.00      0.00
04:46:58 PM IST       sda    406.00      0.00   2176.00      0.00      5.36      0.27      0.34     15.20

04:46:58 PM IST       DEV       tps     rkB/s     wkB/s     dkB/s   areq-sz    aqu-sz     await     %util
04:46:59 PM IST   nvme0n1      0.00      0.00      0.00      0.00      0.00      0.00      0.00      0.00
04:46:59 PM IST       sda    443.00      0.00   2112.00      0.00      4.77      0.24      0.28     14.80

04:46:59 PM IST       DEV       tps     rkB/s     wkB/s     dkB/s   areq-sz    aqu-sz     await     %util
04:47:00 PM IST   nvme0n1      0.00      0.00      0.00      0.00      0.00      0.00      0.00      0.00
04:47:00 PM IST       sda    456.00      0.00   2280.00      0.00      5.00      0.23      0.27      9.60

04:47:00 PM IST       DEV       tps     rkB/s     wkB/s     dkB/s   areq-sz    aqu-sz     await     %util
04:47:01 PM IST   nvme0n1      0.00      0.00      0.00      0.00      0.00      0.00      0.00      0.00
04:47:01 PM IST       sda    446.00      0.00   2556.00      0.00      5.73      0.25      0.30     12.00

04:47:01 PM IST       DEV       tps     rkB/s     wkB/s     dkB/s   areq-sz    aqu-sz     await     %util
04:47:02 PM IST   nvme0n1      0.00      0.00      0.00      0.00      0.00      0.00      0.00      0.00
04:47:02 PM IST       sda    418.00      0.00   1976.00      0.00      4.73      0.23      0.30     10.40

04:47:02 PM IST       DEV       tps     rkB/s     wkB/s     dkB/s   areq-sz    aqu-sz     await     %util
04:47:03 PM IST   nvme0n1      0.00      0.00      0.00      0.00      0.00      0.00      0.00      0.00
04:47:03 PM IST       sda    414.00      0.00   1968.00      0.00      4.75      0.23      0.29     11.60

04:47:03 PM IST       DEV       tps     rkB/s     wkB/s     dkB/s   areq-sz    aqu-sz     await     %util
04:47:04 PM IST   nvme0n1      0.00      0.00      0.00      0.00      0.00      0.00      0.00      0.00
04:47:04 PM IST       sda    425.00      0.00   2336.00      0.00      5.50      0.24      0.30     12.40

04:47:04 PM IST       DEV       tps     rkB/s     wkB/s     dkB/s   areq-sz    aqu-sz     await     %util
04:47:05 PM IST   nvme0n1      0.00      0.00      0.00      0.00      0.00      0.00      0.00      0.00
04:47:05 PM IST       sda    424.00      0.00   2016.00      0.00      4.75      0.24      0.30     10.80

04:47:05 PM IST       DEV       tps     rkB/s     wkB/s     dkB/s   areq-sz    aqu-sz     await     %util
04:47:06 PM IST   nvme0n1      0.00      0.00      0.00      0.00      0.00      0.00      0.00      0.00
04:47:06 PM IST       sda    417.00      0.00   1976.00      0.00      4.74      0.23      0.29     13.60

04:47:06 PM IST       DEV       tps     rkB/s     wkB/s     dkB/s   areq-sz    aqu-sz     await     %util
04:47:07 PM IST   nvme0n1      0.00      0.00      0.00      0.00      0.00      0.00      0.00      0.00
04:47:07 PM IST       sda    439.00      0.00   2280.00      0.00      5.19      0.22      0.27     13.60

04:47:07 PM IST       DEV       tps     rkB/s     wkB/s     dkB/s   areq-sz    aqu-sz     await     %util
04:47:08 PM IST   nvme0n1      0.00      0.00      0.00      0.00      0.00      0.00      0.00      0.00
04:47:08 PM IST       sda    468.00      0.00   2168.00      0.00      4.63      0.23      0.26     12.40

04:47:08 PM IST       DEV       tps     rkB/s     wkB/s     dkB/s   areq-sz    aqu-sz     await     %util
04:47:09 PM IST   nvme0n1      0.00      0.00      0.00      0.00      0.00      0.00      0.00      0.00
04:47:09 PM IST       sda    453.00      0.00   2164.00      0.00      4.78      0.22      0.26     10.00

04:47:09 PM IST       DEV       tps     rkB/s     wkB/s     dkB/s   areq-sz    aqu-sz     await     %util
04:47:10 PM IST   nvme0n1      0.00      0.00      0.00      0.00      0.00      0.00      0.00      0.00
04:47:10 PM IST       sda    463.00      0.00   2216.00      0.00      4.79      0.28      0.32     16.80

04:47:10 PM IST       DEV       tps     rkB/s     wkB/s     dkB/s   areq-sz    aqu-sz     await     %util
04:47:11 PM IST   nvme0n1      0.00      0.00      0.00      0.00      0.00      0.00      0.00      0.00
04:47:11 PM IST       sda    457.00      0.00   2392.00      0.00      5.23      0.23      0.26     14.00

04:47:11 PM IST       DEV       tps     rkB/s     wkB/s     dkB/s   areq-sz    aqu-sz     await     %util
04:47:12 PM IST   nvme0n1      0.00      0.00      0.00      0.00      0.00      0.00      0.00      0.00
04:47:12 PM IST       sda    443.00      0.00   2064.00      0.00      4.66      0.21      0.26     12.00

04:47:12 PM IST       DEV       tps     rkB/s     wkB/s     dkB/s   areq-sz    aqu-sz     await     %util
04:47:13 PM IST   nvme0n1      0.00      0.00      0.00      0.00      0.00      0.00      0.00      0.00
04:47:13 PM IST       sda    451.00     16.00   2072.00      0.00      4.63      0.22      0.26      8.80

04:47:13 PM IST       DEV       tps     rkB/s     wkB/s     dkB/s   areq-sz    aqu-sz     await     %util
04:47:14 PM IST   nvme0n1      0.00      0.00      0.00      0.00      0.00      0.00      0.00      0.00
04:47:14 PM IST       sda    463.00     12.00   2468.00      0.00      5.36      0.22      0.25     12.00

04:47:14 PM IST       DEV       tps     rkB/s     wkB/s     dkB/s   areq-sz    aqu-sz     await     %util
04:47:15 PM IST   nvme0n1      0.00      0.00      0.00      0.00      0.00      0.00      0.00      0.00
04:47:15 PM IST       sda    455.00    128.00   2296.00      0.00      5.33      0.24      0.29     12.00

04:47:15 PM IST       DEV       tps     rkB/s     wkB/s     dkB/s   areq-sz    aqu-sz     await     %util
04:47:16 PM IST   nvme0n1      0.00      0.00      0.00      0.00      0.00      0.00      0.00      0.00
04:47:16 PM IST       sda    460.00      0.00   2128.00      0.00      4.63      0.23      0.26      6.80

04:47:16 PM IST       DEV       tps     rkB/s     wkB/s     dkB/s   areq-sz    aqu-sz     await     %util
04:47:17 PM IST   nvme0n1      0.00      0.00      0.00      0.00      0.00      0.00      0.00      0.00
04:47:17 PM IST       sda    442.00      0.00   2312.00      0.00      5.23      0.21      0.26     11.20

04:47:17 PM IST       DEV       tps     rkB/s     wkB/s     dkB/s   areq-sz    aqu-sz     await     %util
04:47:18 PM IST   nvme0n1      0.00      0.00      0.00      0.00      0.00      0.00      0.00      0.00
04:47:18 PM IST       sda    458.00      0.00   2128.00      0.00      4.65      0.22      0.26     10.40

04:47:18 PM IST       DEV       tps     rkB/s     wkB/s     dkB/s   areq-sz    aqu-sz     await     %util
04:47:19 PM IST   nvme0n1      0.00      0.00      0.00      0.00      0.00      0.00      0.00      0.00
04:47:19 PM IST       sda    450.00      0.00   2112.00      0.00      4.69      0.22      0.26     13.60

04:47:19 PM IST       DEV       tps     rkB/s     wkB/s     dkB/s   areq-sz    aqu-sz     await     %util
04:47:20 PM IST   nvme0n1      0.00      0.00      0.00      0.00      0.00      0.00      0.00      0.00
04:47:20 PM IST       sda    454.00      0.00   2468.00      0.00      5.44      0.23      0.27     10.80

04:47:20 PM IST       DEV       tps     rkB/s     wkB/s     dkB/s   areq-sz    aqu-sz     await     %util
04:47:21 PM IST   nvme0n1      0.00      0.00      0.00      0.00      0.00      0.00      0.00      0.00
04:47:21 PM IST       sda    570.00      0.00   2676.00      0.00      4.69      0.27      0.28     14.00

04:47:21 PM IST       DEV       tps     rkB/s     wkB/s     dkB/s   areq-sz    aqu-sz     await     %util
04:47:22 PM IST   nvme0n1      0.00      0.00      0.00      0.00      0.00      0.00      0.00      0.00
04:47:22 PM IST       sda    447.00      0.00   2088.00      0.00      4.67      0.22      0.26     14.80

04:47:22 PM IST       DEV       tps     rkB/s     wkB/s     dkB/s   areq-sz    aqu-sz     await     %util
04:47:23 PM IST   nvme0n1      0.00      0.00      0.00      0.00      0.00      0.00      0.00      0.00
04:47:23 PM IST       sda    465.00      0.00   2416.00      0.00      5.20      0.23      0.26     10.00

04:47:23 PM IST       DEV       tps     rkB/s     wkB/s     dkB/s   areq-sz    aqu-sz     await     %util
04:47:24 PM IST   nvme0n1      0.00      0.00      0.00      0.00      0.00      0.00      0.00      0.00
04:47:24 PM IST       sda    464.00      0.00   2168.00      0.00      4.67      0.23      0.26     12.80

04:47:24 PM IST       DEV       tps     rkB/s     wkB/s     dkB/s   areq-sz    aqu-sz     await     %util
04:47:25 PM IST   nvme0n1      0.00      0.00      0.00      0.00      0.00      0.00      0.00      0.00
04:47:25 PM IST       sda    480.00      0.00   2316.00      0.00      4.83      0.24      0.26     12.80

04:47:25 PM IST       DEV       tps     rkB/s     wkB/s     dkB/s   areq-sz    aqu-sz     await     %util
04:47:26 PM IST   nvme0n1      0.00      0.00      0.00      0.00      0.00      0.00      0.00      0.00
04:47:26 PM IST       sda    541.00      0.00   2452.00      0.00      4.53      0.24      0.25     10.40

04:47:26 PM IST       DEV       tps     rkB/s     wkB/s     dkB/s   areq-sz    aqu-sz     await     %util
04:47:27 PM IST   nvme0n1      0.00      0.00      0.00      0.00      0.00      0.00      0.00      0.00
04:47:27 PM IST       sda    485.00      0.00   2496.00      0.00      5.15      0.24      0.26     13.60

04:47:27 PM IST       DEV       tps     rkB/s     wkB/s     dkB/s   areq-sz    aqu-sz     await     %util
04:47:28 PM IST   nvme0n1      0.00      0.00      0.00      0.00      0.00      0.00      0.00      0.00
04:47:28 PM IST       sda    461.00      0.00   2224.00      0.00      4.82      0.23      0.27     13.20

04:47:28 PM IST       DEV       tps     rkB/s     wkB/s     dkB/s   areq-sz    aqu-sz     await     %util
04:47:29 PM IST   nvme0n1      0.00      0.00      0.00      0.00      0.00      0.00      0.00      0.00
04:47:29 PM IST       sda    438.00      0.00   2264.00      0.00      5.17      0.21      0.26      9.60

04:47:29 PM IST       DEV       tps     rkB/s     wkB/s     dkB/s   areq-sz    aqu-sz     await     %util
04:47:30 PM IST   nvme0n1      0.00      0.00      0.00      0.00      0.00      0.00      0.00      0.00
04:47:30 PM IST       sda    457.00      0.00   2456.00      0.00      5.37      0.23      0.26     10.00

04:47:30 PM IST       DEV       tps     rkB/s     wkB/s     dkB/s   areq-sz    aqu-sz     await     %util
04:47:31 PM IST   nvme0n1      0.00      0.00      0.00      0.00      0.00      0.00      0.00      0.00
04:47:31 PM IST       sda    469.00      0.00   2180.00      0.00      4.65      0.22      0.26      9.20

04:47:31 PM IST       DEV       tps     rkB/s     wkB/s     dkB/s   areq-sz    aqu-sz     await     %util
04:47:32 PM IST   nvme0n1      0.00      0.00      0.00      0.00      0.00      0.00      0.00      0.00
04:47:32 PM IST       sda    460.00      0.00   2352.00      0.00      5.11      0.27      0.31     11.60

04:47:32 PM IST       DEV       tps     rkB/s     wkB/s     dkB/s   areq-sz    aqu-sz     await     %util
04:47:33 PM IST   nvme0n1      0.00      0.00      0.00      0.00      0.00      0.00      0.00      0.00
04:47:33 PM IST       sda    447.00      0.00   2352.00      0.00      5.26      0.25      0.29     13.20

04:47:33 PM IST       DEV       tps     rkB/s     wkB/s     dkB/s   areq-sz    aqu-sz     await     %util
04:47:34 PM IST   nvme0n1      0.00      0.00      0.00      0.00      0.00      0.00      0.00      0.00
04:47:34 PM IST       sda    477.00      0.00   3076.00      0.00      6.45      0.23      0.27     12.40

04:47:34 PM IST       DEV       tps     rkB/s     wkB/s     dkB/s   areq-sz    aqu-sz     await     %util
04:47:35 PM IST   nvme0n1      0.00      0.00      0.00      0.00      0.00      0.00      0.00      0.00
04:47:35 PM IST       sda    475.00      0.00   2352.00      0.00      4.95      0.23      0.26     16.40

04:47:35 PM IST       DEV       tps     rkB/s     wkB/s     dkB/s   areq-sz    aqu-sz     await     %util
04:47:36 PM IST   nvme0n1      0.00      0.00      0.00      0.00      0.00      0.00      0.00      0.00
04:47:36 PM IST       sda    427.00      0.00   2272.00      0.00      5.32      0.23      0.28     13.20

04:47:36 PM IST       DEV       tps     rkB/s     wkB/s     dkB/s   areq-sz    aqu-sz     await     %util
04:47:37 PM IST   nvme0n1      0.00      0.00      0.00      0.00      0.00      0.00      0.00      0.00
04:47:37 PM IST       sda    475.00      0.00   2276.00      0.00      4.79      0.24      0.27      9.60

04:47:37 PM IST       DEV       tps     rkB/s     wkB/s     dkB/s   areq-sz    aqu-sz     await     %util
04:47:38 PM IST   nvme0n1      0.00      0.00      0.00      0.00      0.00      0.00      0.00      0.00
04:47:38 PM IST       sda    461.00      0.00   2128.00      0.00      4.62      0.22      0.26      9.60

04:47:38 PM IST       DEV       tps     rkB/s     wkB/s     dkB/s   areq-sz    aqu-sz     await     %util
04:47:39 PM IST   nvme0n1      0.00      0.00      0.00      0.00      0.00      0.00      0.00      0.00
04:47:39 PM IST       sda    452.00      0.00   2196.00      0.00      4.86      0.23      0.27     13.20

04:47:39 PM IST       DEV       tps     rkB/s     wkB/s     dkB/s   areq-sz    aqu-sz     await     %util
04:47:40 PM IST   nvme0n1      0.00      0.00      0.00      0.00      0.00      0.00      0.00      0.00
04:47:40 PM IST       sda    426.00      0.00   2276.00      0.00      5.34      0.23      0.28     11.60

04:47:40 PM IST       DEV       tps     rkB/s     wkB/s     dkB/s   areq-sz    aqu-sz     await     %util
04:47:41 PM IST   nvme0n1      0.00      0.00      0.00      0.00      0.00      0.00      0.00      0.00
04:47:41 PM IST       sda    426.00      0.00   2076.00      0.00      4.87      0.24      0.29     11.60

04:47:41 PM IST       DEV       tps     rkB/s     wkB/s     dkB/s   areq-sz    aqu-sz     await     %util
04:47:42 PM IST   nvme0n1      0.00      0.00      0.00      0.00      0.00      0.00      0.00      0.00
04:47:42 PM IST       sda    398.02      0.00   1992.08      0.00      5.00      0.22      0.29      9.50

04:47:42 PM IST       DEV       tps     rkB/s     wkB/s     dkB/s   areq-sz    aqu-sz     await     %util
04:47:43 PM IST   nvme0n1      0.00      0.00      0.00      0.00      0.00      0.00      0.00      0.00
04:47:43 PM IST       sda    449.00      0.00   7000.00      0.00     15.59      0.50      0.88     18.00

04:47:43 PM IST       DEV       tps     rkB/s     wkB/s     dkB/s   areq-sz    aqu-sz     await     %util
04:47:44 PM IST   nvme0n1      0.00      0.00      0.00      0.00      0.00      0.00      0.00      0.00
04:47:44 PM IST       sda    431.00      0.00   2024.00      0.00      4.70      0.24      0.29     12.40

04:47:44 PM IST       DEV       tps     rkB/s     wkB/s     dkB/s   areq-sz    aqu-sz     await     %util
04:47:45 PM IST   nvme0n1      0.00      0.00      0.00      0.00      0.00      0.00      0.00      0.00
04:47:45 PM IST       sda    427.00      0.00   2012.00      0.00      4.71      0.24      0.29     10.00

04:47:45 PM IST       DEV       tps     rkB/s     wkB/s     dkB/s   areq-sz    aqu-sz     await     %util
04:47:46 PM IST   nvme0n1      0.00      0.00      0.00      0.00      0.00      0.00      0.00      0.00
04:47:46 PM IST       sda    437.00      0.00   2312.00      0.00      5.29      0.24      0.29     14.40

04:47:46 PM IST       DEV       tps     rkB/s     wkB/s     dkB/s   areq-sz    aqu-sz     await     %util
04:47:47 PM IST   nvme0n1      0.00      0.00      0.00      0.00      0.00      0.00      0.00      0.00
04:47:47 PM IST       sda    440.00      0.00   2088.00      0.00      4.75      0.24      0.29     12.40

04:47:47 PM IST       DEV       tps     rkB/s     wkB/s     dkB/s   areq-sz    aqu-sz     await     %util
04:47:48 PM IST   nvme0n1      0.00      0.00      0.00      0.00      0.00      0.00      0.00      0.00
04:47:48 PM IST       sda    433.00      0.00   6272.00      0.00     14.48      0.27      0.35     16.40

04:47:48 PM IST       DEV       tps     rkB/s     wkB/s     dkB/s   areq-sz    aqu-sz     await     %util
04:47:49 PM IST   nvme0n1      0.00      0.00      0.00      0.00      0.00      0.00      0.00      0.00
04:47:49 PM IST       sda    466.00      0.00   2336.00      0.00      5.01      0.25      0.28     12.80

04:47:49 PM IST       DEV       tps     rkB/s     wkB/s     dkB/s   areq-sz    aqu-sz     await     %util
04:47:50 PM IST   nvme0n1      0.00      0.00      0.00      0.00      0.00      0.00      0.00      0.00
04:47:50 PM IST       sda    437.00      0.00   2044.00      0.00      4.68      0.22      0.27      8.80

04:47:50 PM IST       DEV       tps     rkB/s     wkB/s     dkB/s   areq-sz    aqu-sz     await     %util
04:47:51 PM IST   nvme0n1      0.00      0.00      0.00      0.00      0.00      0.00      0.00      0.00
04:47:51 PM IST       sda    553.00      0.00   2532.00      0.00      4.58      0.24      0.24      9.60

04:47:51 PM IST       DEV       tps     rkB/s     wkB/s     dkB/s   areq-sz    aqu-sz     await     %util
04:47:52 PM IST   nvme0n1      0.00      0.00      0.00      0.00      0.00      0.00      0.00      0.00
04:47:52 PM IST       sda    488.00      0.00   2384.00      0.00      4.89      0.26      0.29     14.40

04:47:52 PM IST       DEV       tps     rkB/s     wkB/s     dkB/s   areq-sz    aqu-sz     await     %util
04:47:53 PM IST   nvme0n1      0.00      0.00      0.00      0.00      0.00      0.00      0.00      0.00
04:47:53 PM IST       sda    440.00      0.00   2556.00      0.00      5.81      0.22      0.26      9.20

04:47:53 PM IST       DEV       tps     rkB/s     wkB/s     dkB/s   areq-sz    aqu-sz     await     %util
04:47:54 PM IST   nvme0n1      0.00      0.00      0.00      0.00      0.00      0.00      0.00      0.00
04:47:54 PM IST       sda    395.00     52.00   1868.00      0.00      4.86      0.19      0.26     14.80

04:47:54 PM IST       DEV       tps     rkB/s     wkB/s     dkB/s   areq-sz    aqu-sz     await     %util
04:47:55 PM IST   nvme0n1      0.00      0.00      0.00      0.00      0.00      0.00      0.00      0.00
04:47:55 PM IST       sda    445.00      0.00   2208.00      0.00      4.96      0.22      0.26     10.40

04:47:55 PM IST       DEV       tps     rkB/s     wkB/s     dkB/s   areq-sz    aqu-sz     await     %util
04:47:56 PM IST   nvme0n1      0.00      0.00      0.00      0.00      0.00      0.00      0.00      0.00
04:47:56 PM IST       sda    457.00      0.00   2376.00      0.00      5.20      0.22      0.26     10.00

04:47:56 PM IST       DEV       tps     rkB/s     wkB/s     dkB/s   areq-sz    aqu-sz     await     %util
04:47:57 PM IST   nvme0n1      0.00      0.00      0.00      0.00      0.00      0.00      0.00      0.00
04:47:57 PM IST       sda    461.00      0.00   2128.00      0.00      4.62      0.23      0.26     12.40

04:47:57 PM IST       DEV       tps     rkB/s     wkB/s     dkB/s   areq-sz    aqu-sz     await     %util
04:47:58 PM IST   nvme0n1      0.00      0.00      0.00      0.00      0.00      0.00      0.00      0.00
04:47:58 PM IST       sda    442.00      0.00   2148.00      0.00      4.86      0.22      0.26     11.20

04:47:58 PM IST       DEV       tps     rkB/s     wkB/s     dkB/s   areq-sz    aqu-sz     await     %util
04:47:59 PM IST   nvme0n1      0.00      0.00      0.00      0.00      0.00      0.00      0.00      0.00
04:47:59 PM IST       sda    444.00      0.00   2336.00      0.00      5.26      0.21      0.26     13.60

04:47:59 PM IST       DEV       tps     rkB/s     wkB/s     dkB/s   areq-sz    aqu-sz     await     %util
04:48:00 PM IST   nvme0n1      0.00      0.00      0.00      0.00      0.00      0.00      0.00      0.00
04:48:00 PM IST       sda    439.00      0.00   2084.00      0.00      4.75      0.21      0.25     10.00

04:48:00 PM IST       DEV       tps     rkB/s     wkB/s     dkB/s   areq-sz    aqu-sz     await     %util
04:48:01 PM IST   nvme0n1      0.00      0.00      0.00      0.00      0.00      0.00      0.00      0.00
04:48:01 PM IST       sda    436.00      0.00   2020.00      0.00      4.63      0.21      0.26     10.80

04:48:01 PM IST       DEV       tps     rkB/s     wkB/s     dkB/s   areq-sz    aqu-sz     await     %util
04:48:02 PM IST   nvme0n1      0.00      0.00      0.00      0.00      0.00      0.00      0.00      0.00
04:48:02 PM IST       sda    559.00      0.00   2924.00      0.00      5.23      0.26      0.26     10.40

04:48:02 PM IST       DEV       tps     rkB/s     wkB/s     dkB/s   areq-sz    aqu-sz     await     %util
04:48:03 PM IST   nvme0n1      0.00      0.00      0.00      0.00      0.00      0.00      0.00      0.00
04:48:03 PM IST       sda    455.00     80.00  10276.00      0.00     22.76      0.50      0.87     11.60

04:48:03 PM IST       DEV       tps     rkB/s     wkB/s     dkB/s   areq-sz    aqu-sz     await     %util
04:48:04 PM IST   nvme0n1      0.00      0.00      0.00      0.00      0.00      0.00      0.00      0.00
04:48:04 PM IST       sda    435.00      0.00   2048.00      0.00      4.71      0.22      0.26      8.80

04:48:04 PM IST       DEV       tps     rkB/s     wkB/s     dkB/s   areq-sz    aqu-sz     await     %util
04:48:05 PM IST   nvme0n1      0.00      0.00      0.00      0.00      0.00      0.00      0.00      0.00
04:48:05 PM IST       sda    435.00      0.00   2088.00      0.00      4.80      0.21      0.26     13.60

04:48:05 PM IST       DEV       tps     rkB/s     wkB/s     dkB/s   areq-sz    aqu-sz     await     %util
04:48:06 PM IST   nvme0n1      0.00      0.00      0.00      0.00      0.00      0.00      0.00      0.00
04:48:06 PM IST       sda    446.00      0.00   2088.00      0.00      4.68      0.22      0.26     10.40

04:48:06 PM IST       DEV       tps     rkB/s     wkB/s     dkB/s   areq-sz    aqu-sz     await     %util
04:48:07 PM IST   nvme0n1      0.00      0.00      0.00      0.00      0.00      0.00      0.00      0.00
04:48:07 PM IST       sda    486.00      8.00   2424.00      0.00      5.00      0.23      0.26      6.40

04:48:07 PM IST       DEV       tps     rkB/s     wkB/s     dkB/s   areq-sz    aqu-sz     await     %util
04:48:08 PM IST   nvme0n1      0.00      0.00      0.00      0.00      0.00      0.00      0.00      0.00
04:48:08 PM IST       sda    461.00      0.00   3500.00      0.00      7.59      0.23      0.28     13.60

04:48:08 PM IST       DEV       tps     rkB/s     wkB/s     dkB/s   areq-sz    aqu-sz     await     %util
04:48:09 PM IST   nvme0n1      0.00      0.00      0.00      0.00      0.00      0.00      0.00      0.00
04:48:09 PM IST       sda    459.00      0.00   2208.00      0.00      4.81      0.22      0.26     14.40

04:48:09 PM IST       DEV       tps     rkB/s     wkB/s     dkB/s   areq-sz    aqu-sz     await     %util
04:48:10 PM IST   nvme0n1      0.00      0.00      0.00      0.00      0.00      0.00      0.00      0.00
04:48:10 PM IST       sda    457.00      0.00   2388.00      0.00      5.23      0.23      0.26     13.60

04:48:10 PM IST       DEV       tps     rkB/s     wkB/s     dkB/s   areq-sz    aqu-sz     await     %util
04:48:11 PM IST   nvme0n1      0.00      0.00      0.00      0.00      0.00      0.00      0.00      0.00
04:48:11 PM IST       sda    457.00      0.00   2152.00      0.00      4.71      0.22      0.26      9.20

04:48:11 PM IST       DEV       tps     rkB/s     wkB/s     dkB/s   areq-sz    aqu-sz     await     %util
04:48:12 PM IST   nvme0n1      0.00      0.00      0.00      0.00      0.00      0.00      0.00      0.00
04:48:12 PM IST       sda    434.00      4.00   2064.00      0.00      4.76      0.25      0.31     14.80

04:48:12 PM IST       DEV       tps     rkB/s     wkB/s     dkB/s   areq-sz    aqu-sz     await     %util
04:48:13 PM IST   nvme0n1      0.00      0.00      0.00      0.00      0.00      0.00      0.00      0.00
04:48:13 PM IST       sda    421.00      0.00   1984.00      0.00      4.71      0.23      0.29     11.20

04:48:13 PM IST       DEV       tps     rkB/s     wkB/s     dkB/s   areq-sz    aqu-sz     await     %util
04:48:14 PM IST   nvme0n1      0.00      0.00      0.00      0.00      0.00      0.00      0.00      0.00
04:48:14 PM IST       sda    431.00      0.00   2032.00      0.00      4.71      0.23      0.29     10.00

04:48:14 PM IST       DEV       tps     rkB/s     wkB/s     dkB/s   areq-sz    aqu-sz     await     %util
04:48:15 PM IST   nvme0n1      0.00      0.00      0.00      0.00      0.00      0.00      0.00      0.00
04:48:15 PM IST       sda    465.00      0.00   2312.00      0.00      4.97      0.23      0.26     12.80

04:48:15 PM IST       DEV       tps     rkB/s     wkB/s     dkB/s   areq-sz    aqu-sz     await     %util
04:48:16 PM IST   nvme0n1      0.00      0.00      0.00      0.00      0.00      0.00      0.00      0.00
04:48:16 PM IST       sda    448.00      0.00   2104.00      0.00      4.70      0.23      0.27      9.20

04:48:16 PM IST       DEV       tps     rkB/s     wkB/s     dkB/s   areq-sz    aqu-sz     await     %util
04:48:17 PM IST   nvme0n1      0.00      0.00      0.00      0.00      0.00      0.00      0.00      0.00
04:48:17 PM IST       sda    441.00      0.00   2096.00      0.00      4.75      0.23      0.28     10.40

04:48:17 PM IST       DEV       tps     rkB/s     wkB/s     dkB/s   areq-sz    aqu-sz     await     %util
04:48:18 PM IST   nvme0n1      0.00      0.00      0.00      0.00      0.00      0.00      0.00      0.00
04:48:18 PM IST       sda    433.00      0.00   2032.00      0.00      4.69      0.23      0.28     11.60

04:48:18 PM IST       DEV       tps     rkB/s     wkB/s     dkB/s   areq-sz    aqu-sz     await     %util
04:48:19 PM IST   nvme0n1      0.00      0.00      0.00      0.00      0.00      0.00      0.00      0.00
04:48:19 PM IST       sda    484.00      0.00   2256.00      0.00      4.66      0.23      0.25     10.40

04:48:19 PM IST       DEV       tps     rkB/s     wkB/s     dkB/s   areq-sz    aqu-sz     await     %util
04:48:20 PM IST   nvme0n1      0.00      0.00      0.00      0.00      0.00      0.00      0.00      0.00
04:48:20 PM IST       sda    444.00      0.00   2148.00      0.00      4.84      0.22      0.26     12.40

04:48:20 PM IST       DEV       tps     rkB/s     wkB/s     dkB/s   areq-sz    aqu-sz     await     %util
04:48:21 PM IST   nvme0n1      0.00      0.00      0.00      0.00      0.00      0.00      0.00      0.00
04:48:21 PM IST       sda    455.00      0.00   2224.00      0.00      4.89      0.24      0.28     11.60

04:48:21 PM IST       DEV       tps     rkB/s     wkB/s     dkB/s   areq-sz    aqu-sz     await     %util
04:48:22 PM IST   nvme0n1      0.00      0.00      0.00      0.00      0.00      0.00      0.00      0.00
04:48:22 PM IST       sda    542.00      8.00   2492.00      0.00      4.61      0.25      0.26     12.00

04:48:22 PM IST       DEV       tps     rkB/s     wkB/s     dkB/s   areq-sz    aqu-sz     await     %util
04:48:23 PM IST   nvme0n1      0.00      0.00      0.00      0.00      0.00      0.00      0.00      0.00
04:48:23 PM IST       sda    440.00     52.00   2064.00      0.00      4.81      0.24      0.30     16.40

04:48:23 PM IST       DEV       tps     rkB/s     wkB/s     dkB/s   areq-sz    aqu-sz     await     %util
04:48:24 PM IST   nvme0n1      0.00      0.00      0.00      0.00      0.00      0.00      0.00      0.00
04:48:24 PM IST       sda    428.00      0.00   2008.00      0.00      4.69      0.26      0.32     14.80

04:48:24 PM IST       DEV       tps     rkB/s     wkB/s     dkB/s   areq-sz    aqu-sz     await     %util
04:48:25 PM IST   nvme0n1      0.00      0.00      0.00      0.00      0.00      0.00      0.00      0.00
04:48:25 PM IST       sda    428.00      0.00   2016.00      0.00      4.71      0.23      0.29     13.60

04:48:25 PM IST       DEV       tps     rkB/s     wkB/s     dkB/s   areq-sz    aqu-sz     await     %util
04:48:26 PM IST   nvme0n1      0.00      0.00      0.00      0.00      0.00      0.00      0.00      0.00
04:48:26 PM IST       sda    471.00      0.00   2208.00      0.00      4.69      0.26      0.30     14.00

04:48:26 PM IST       DEV       tps     rkB/s     wkB/s     dkB/s   areq-sz    aqu-sz     await     %util
04:48:27 PM IST   nvme0n1      0.00      0.00      0.00      0.00      0.00      0.00      0.00      0.00
04:48:27 PM IST       sda    499.00      0.00   2268.00      0.00      4.55      0.28      0.30     13.60

04:48:27 PM IST       DEV       tps     rkB/s     wkB/s     dkB/s   areq-sz    aqu-sz     await     %util
04:48:28 PM IST   nvme0n1      0.00      0.00      0.00      0.00      0.00      0.00      0.00      0.00
04:48:28 PM IST       sda    456.00      0.00   2276.00      0.00      4.99      0.23      0.28      8.40

04:48:28 PM IST       DEV       tps     rkB/s     wkB/s     dkB/s   areq-sz    aqu-sz     await     %util
04:48:29 PM IST   nvme0n1      0.00      0.00      0.00      0.00      0.00      0.00      0.00      0.00
04:48:29 PM IST       sda    414.00      0.00   1952.00      0.00      4.71      0.23      0.29     11.20

04:48:29 PM IST       DEV       tps     rkB/s     wkB/s     dkB/s   areq-sz    aqu-sz     await     %util
04:48:30 PM IST   nvme0n1      0.00      0.00      0.00      0.00      0.00      0.00      0.00      0.00
04:48:30 PM IST       sda    408.00      0.00   1936.00      0.00      4.75      0.23      0.29     11.20

04:48:30 PM IST       DEV       tps     rkB/s     wkB/s     dkB/s   areq-sz    aqu-sz     await     %util
04:48:31 PM IST   nvme0n1      0.00      0.00      0.00      0.00      0.00      0.00      0.00      0.00
04:48:31 PM IST       sda    439.00      0.00   2116.00      0.00      4.82      0.24      0.29     11.60

04:48:31 PM IST       DEV       tps     rkB/s     wkB/s     dkB/s   areq-sz    aqu-sz     await     %util
04:48:32 PM IST   nvme0n1      0.00      0.00      0.00      0.00      0.00      0.00      0.00      0.00
04:48:32 PM IST       sda    441.00      0.00   2104.00      0.00      4.77      0.25      0.30     13.60

04:48:32 PM IST       DEV       tps     rkB/s     wkB/s     dkB/s   areq-sz    aqu-sz     await     %util
04:48:33 PM IST   nvme0n1      0.00      0.00      0.00      0.00      0.00      0.00      0.00      0.00
04:48:33 PM IST       sda    438.00      0.00   2056.00      0.00      4.69      0.23      0.28     14.00

04:48:33 PM IST       DEV       tps     rkB/s     wkB/s     dkB/s   areq-sz    aqu-sz     await     %util
04:48:34 PM IST   nvme0n1      0.00      0.00      0.00      0.00      0.00      0.00      0.00      0.00
04:48:34 PM IST       sda    461.00      0.00   2472.00      0.00      5.36      0.23      0.27     15.20

04:48:34 PM IST       DEV       tps     rkB/s     wkB/s     dkB/s   areq-sz    aqu-sz     await     %util
04:48:35 PM IST   nvme0n1      0.00      0.00      0.00      0.00      0.00      0.00      0.00      0.00
04:48:35 PM IST       sda    430.00      0.00   2092.00      0.00      4.87      0.21      0.26     12.80

04:48:35 PM IST       DEV       tps     rkB/s     wkB/s     dkB/s   areq-sz    aqu-sz     await     %util
04:48:36 PM IST   nvme0n1      0.00      0.00      0.00      0.00      0.00      0.00      0.00      0.00
04:48:36 PM IST       sda    441.00      0.00   2068.00      0.00      4.69      0.23      0.28     14.00

04:48:36 PM IST       DEV       tps     rkB/s     wkB/s     dkB/s   areq-sz    aqu-sz     await     %util
04:48:37 PM IST   nvme0n1      0.00      0.00      0.00      0.00      0.00      0.00      0.00      0.00
04:48:37 PM IST       sda    447.00      0.00   2212.00      0.00      4.95      0.23      0.27     12.40

04:48:37 PM IST       DEV       tps     rkB/s     wkB/s     dkB/s   areq-sz    aqu-sz     await     %util
04:48:38 PM IST   nvme0n1      0.00      0.00      0.00      0.00      0.00      0.00      0.00      0.00
04:48:38 PM IST       sda    508.00     28.00   2316.00      0.00      4.61      0.24      0.27     14.40

04:48:38 PM IST       DEV       tps     rkB/s     wkB/s     dkB/s   areq-sz    aqu-sz     await     %util
04:48:39 PM IST   nvme0n1      0.00      0.00      0.00      0.00      0.00      0.00      0.00      0.00
04:48:39 PM IST       sda    428.00      0.00   2080.00      0.00      4.86      0.21      0.26     10.40

04:48:39 PM IST       DEV       tps     rkB/s     wkB/s     dkB/s   areq-sz    aqu-sz     await     %util
04:48:40 PM IST   nvme0n1      0.00      0.00      0.00      0.00      0.00      0.00      0.00      0.00
04:48:40 PM IST       sda    452.00      0.00   2116.00      0.00      4.68      0.22      0.26     10.00

04:48:40 PM IST       DEV       tps     rkB/s     wkB/s     dkB/s   areq-sz    aqu-sz     await     %util
04:48:41 PM IST   nvme0n1      0.00      0.00      0.00      0.00      0.00      0.00      0.00      0.00
04:48:41 PM IST       sda    452.00      0.00   2100.00      0.00      4.65      0.22      0.26     12.80

04:48:41 PM IST       DEV       tps     rkB/s     wkB/s     dkB/s   areq-sz    aqu-sz     await     %util
04:48:42 PM IST   nvme0n1      0.00      0.00      0.00      0.00      0.00      0.00      0.00      0.00
04:48:42 PM IST       sda    442.00      0.00   2160.00      0.00      4.89      0.22      0.26     11.20

04:48:42 PM IST       DEV       tps     rkB/s     wkB/s     dkB/s   areq-sz    aqu-sz     await     %util
04:48:43 PM IST   nvme0n1      0.00      0.00      0.00      0.00      0.00      0.00      0.00      0.00
04:48:43 PM IST       sda    474.00      0.00   2204.00      0.00      4.65      0.23      0.25      9.20

04:48:43 PM IST       DEV       tps     rkB/s     wkB/s     dkB/s   areq-sz    aqu-sz     await     %util
04:48:44 PM IST   nvme0n1      0.00      0.00      0.00      0.00      0.00      0.00      0.00      0.00
04:48:44 PM IST       sda    479.00      0.00   2188.00      0.00      4.57      0.23      0.25     10.00

04:48:44 PM IST       DEV       tps     rkB/s     wkB/s     dkB/s   areq-sz    aqu-sz     await     %util
04:48:45 PM IST   nvme0n1      0.00      0.00      0.00      0.00      0.00      0.00      0.00      0.00
04:48:45 PM IST       sda    425.00      0.00   2000.00      0.00      4.71      0.21      0.26     16.00

04:48:45 PM IST       DEV       tps     rkB/s     wkB/s     dkB/s   areq-sz    aqu-sz     await     %util
04:48:46 PM IST   nvme0n1      0.00      0.00      0.00      0.00      0.00      0.00      0.00      0.00
04:48:46 PM IST       sda    444.00      0.00   2112.00      0.00      4.76      0.23      0.27     12.40

04:48:46 PM IST       DEV       tps     rkB/s     wkB/s     dkB/s   areq-sz    aqu-sz     await     %util
04:48:47 PM IST   nvme0n1      0.00      0.00      0.00      0.00      0.00      0.00      0.00      0.00
04:48:47 PM IST       sda    411.00      0.00   2072.00      0.00      5.04      0.27      0.34     16.40

04:48:47 PM IST       DEV       tps     rkB/s     wkB/s     dkB/s   areq-sz    aqu-sz     await     %util
04:48:48 PM IST   nvme0n1      0.00      0.00      0.00      0.00      0.00      0.00      0.00      0.00
04:48:48 PM IST       sda    432.00      0.00   2040.00      0.00      4.72      0.21      0.26      9.20

04:48:48 PM IST       DEV       tps     rkB/s     wkB/s     dkB/s   areq-sz    aqu-sz     await     %util
04:48:49 PM IST   nvme0n1      0.00      0.00      0.00      0.00      0.00      0.00      0.00      0.00
04:48:49 PM IST       sda    449.00      0.00   2140.00      0.00      4.77      0.22      0.26      8.00

04:48:49 PM IST       DEV       tps     rkB/s     wkB/s     dkB/s   areq-sz    aqu-sz     await     %util
04:48:50 PM IST   nvme0n1      0.00      0.00      0.00      0.00      0.00      0.00      0.00      0.00
04:48:50 PM IST       sda    461.00      0.00   2160.00      0.00      4.69      0.23      0.26     12.40

04:48:50 PM IST       DEV       tps     rkB/s     wkB/s     dkB/s   areq-sz    aqu-sz     await     %util
04:48:51 PM IST   nvme0n1      0.00      0.00      0.00      0.00      0.00      0.00      0.00      0.00
04:48:51 PM IST       sda    454.00      0.00   2128.00      0.00      4.69      0.22      0.26     12.80

04:48:51 PM IST       DEV       tps     rkB/s     wkB/s     dkB/s   areq-sz    aqu-sz     await     %util
04:48:52 PM IST   nvme0n1      0.00      0.00      0.00      0.00      0.00      0.00      0.00      0.00
04:48:52 PM IST       sda    470.00      0.00   2284.00      0.00      4.86      0.23      0.26     10.80

04:48:52 PM IST       DEV       tps     rkB/s     wkB/s     dkB/s   areq-sz    aqu-sz     await     %util
04:48:53 PM IST   nvme0n1      0.00      0.00      0.00      0.00      0.00      0.00      0.00      0.00
04:48:53 PM IST       sda    449.00      0.00   2176.00      0.00      4.85      0.22      0.26     11.20

04:48:53 PM IST       DEV       tps     rkB/s     wkB/s     dkB/s   areq-sz    aqu-sz     await     %util
04:48:54 PM IST   nvme0n1      0.00      0.00      0.00      0.00      0.00      0.00      0.00      0.00
04:48:54 PM IST       sda    425.00      0.00   1896.00      0.00      4.46      0.18      0.24      5.20
