Linux 6.12.33+kali-amd64 (two94) 	23/11/25 	_x86_64_	(12 CPU)

03:14:06 PM IST       DEV       tps     rkB/s     wkB/s     dkB/s   areq-sz    aqu-sz     await     %util
03:14:07 PM IST   nvme0n1      0.00      0.00      0.00      0.00      0.00      0.00      0.00      0.00
03:14:07 PM IST       sda    150.00      0.00   2776.00      0.00     18.51      0.11      0.41      6.80

03:14:07 PM IST       DEV       tps     rkB/s     wkB/s     dkB/s   areq-sz    aqu-sz     await     %util
03:14:08 PM IST   nvme0n1      0.00      0.00      0.00      0.00      0.00      0.00      0.00      0.00
03:14:08 PM IST       sda      9.00      0.00     40.00      0.00      4.44      0.01      0.56      0.00

03:14:08 PM IST       DEV       tps     rkB/s     wkB/s     dkB/s   areq-sz    aqu-sz     await     %util
03:14:09 PM IST   nvme0n1      0.00      0.00      0.00      0.00      0.00      0.00      0.00      0.00
03:14:09 PM IST       sda      2.00      0.00     88.00      0.00     44.00      0.00      1.00      0.00

03:14:09 PM IST       DEV       tps     rkB/s     wkB/s     dkB/s   areq-sz    aqu-sz     await     %util
03:14:10 PM IST   nvme0n1      0.00      0.00      0.00      0.00      0.00      0.00      0.00      0.00
03:14:10 PM IST       sda      4.95      0.00     95.05      0.00     19.20      0.00      0.40      0.40

03:14:10 PM IST       DEV       tps     rkB/s     wkB/s     dkB/s   areq-sz    aqu-sz     await     %util
03:14:11 PM IST   nvme0n1      0.00      0.00      0.00      0.00      0.00      0.00      0.00      0.00
03:14:11 PM IST       sda      2.00      0.00      8.00      0.00      4.00      0.00      0.50      0.00

03:14:11 PM IST       DEV       tps     rkB/s     wkB/s     dkB/s   areq-sz    aqu-sz     await     %util
03:14:12 PM IST   nvme0n1      0.00      0.00      0.00      0.00      0.00      0.00      0.00      0.00
03:14:12 PM IST       sda      9.00      0.00     48.00      0.00      5.33      0.00      0.22      0.00

03:14:12 PM IST       DEV       tps     rkB/s     wkB/s     dkB/s   areq-sz    aqu-sz     await     %util
03:14:13 PM IST   nvme0n1      0.00      0.00      0.00      0.00      0.00      0.00      0.00      0.00
03:14:13 PM IST       sda      0.00      0.00      0.00      0.00      0.00      0.00      0.00      0.00

03:14:13 PM IST       DEV       tps     rkB/s     wkB/s     dkB/s   areq-sz    aqu-sz     await     %util
03:14:14 PM IST   nvme0n1      0.00      0.00      0.00      0.00      0.00      0.00      0.00      0.00
03:14:14 PM IST       sda      0.00      0.00      0.00      0.00      0.00      0.00      0.00      0.00

03:14:14 PM IST       DEV       tps     rkB/s     wkB/s     dkB/s   areq-sz    aqu-sz     await     %util
03:14:15 PM IST   nvme0n1      0.00      0.00      0.00      0.00      0.00      0.00      0.00      0.00
03:14:15 PM IST       sda      2.00      0.00     28.00      0.00     14.00      0.00      0.50      0.00

03:14:15 PM IST       DEV       tps     rkB/s     wkB/s     dkB/s   areq-sz    aqu-sz     await     %util
03:41:51 PM IST   nvme0n1      0.00      0.00      0.00      0.00      0.00      0.00      0.00      0.00
03:41:51 PM IST       sda      0.63      6.51      1.12      0.00     12.06      0.00      1.60      0.01

03:41:51 PM IST       DEV       tps     rkB/s     wkB/s     dkB/s   areq-sz    aqu-sz     await     %util
03:41:52 PM IST   nvme0n1      0.00      0.00      0.00      0.00      0.00      0.00      0.00      0.00
03:41:52 PM IST       sda    904.00   9556.00    612.00      0.00     11.25      0.94      1.01     16.00

03:41:52 PM IST       DEV       tps     rkB/s     wkB/s     dkB/s   areq-sz    aqu-sz     await     %util
03:41:53 PM IST   nvme0n1      0.00      0.00      0.00      0.00      0.00      0.00      0.00      0.00
03:41:53 PM IST       sda      6.00      4.00    124.00      0.00     21.33      0.01      0.50      0.40

03:41:53 PM IST       DEV       tps     rkB/s     wkB/s     dkB/s   areq-sz    aqu-sz     await     %util
03:41:54 PM IST   nvme0n1      0.00      0.00      0.00      0.00      0.00      0.00      0.00      0.00
03:41:54 PM IST       sda      5.00     32.00      0.00      0.00      6.40      0.00      0.40      0.00

03:41:54 PM IST       DEV       tps     rkB/s     wkB/s     dkB/s   areq-sz    aqu-sz     await     %util
03:41:55 PM IST   nvme0n1      0.00      0.00      0.00      0.00      0.00      0.00      0.00      0.00
03:41:55 PM IST       sda     56.00    400.00    284.00      0.00     12.21      0.03      0.34      0.40

03:41:55 PM IST       DEV       tps     rkB/s     wkB/s     dkB/s   areq-sz    aqu-sz     await     %util
03:41:56 PM IST   nvme0n1      0.00      0.00      0.00      0.00      0.00      0.00      0.00      0.00
03:41:56 PM IST       sda      6.00     24.00      4.00      0.00      4.67      0.00      0.33      0.00

03:41:56 PM IST       DEV       tps     rkB/s     wkB/s     dkB/s   areq-sz    aqu-sz     await     %util
03:41:57 PM IST   nvme0n1      0.00      0.00      0.00      0.00      0.00      0.00      0.00      0.00
03:41:57 PM IST       sda      4.00      0.00    124.00      0.00     31.00      0.00      0.50      0.40

03:41:57 PM IST       DEV       tps     rkB/s     wkB/s     dkB/s   areq-sz    aqu-sz     await     %util
03:41:58 PM IST   nvme0n1      0.00      0.00      0.00      0.00      0.00      0.00      0.00      0.00
03:41:58 PM IST       sda      0.00      0.00      0.00      0.00      0.00      0.00      0.00      0.00

03:41:58 PM IST       DEV       tps     rkB/s     wkB/s     dkB/s   areq-sz    aqu-sz     await     %util
03:41:59 PM IST   nvme0n1      0.00      0.00      0.00      0.00      0.00      0.00      0.00      0.00
03:41:59 PM IST       sda      0.00      0.00      0.00      0.00      0.00      0.00      0.00      0.00

03:41:59 PM IST       DEV       tps     rkB/s     wkB/s     dkB/s   areq-sz    aqu-sz     await     %util
03:42:00 PM IST   nvme0n1      0.00      0.00      0.00      0.00      0.00      0.00      0.00      0.00
03:42:00 PM IST       sda      5.00      0.00    104.00      0.00     20.80      0.00      0.40      0.40

03:42:00 PM IST       DEV       tps     rkB/s     wkB/s     dkB/s   areq-sz    aqu-sz     await     %util
03:42:01 PM IST   nvme0n1      0.00      0.00      0.00      0.00      0.00      0.00      0.00      0.00
03:42:01 PM IST       sda      2.00      0.00     20.00      0.00     10.00      0.00      0.50      0.00

03:42:01 PM IST       DEV       tps     rkB/s     wkB/s     dkB/s   areq-sz    aqu-sz     await     %util
03:42:02 PM IST   nvme0n1      0.00      0.00      0.00      0.00      0.00      0.00      0.00      0.00
03:42:02 PM IST       sda    256.00   2284.00    296.00      0.00     10.08      0.08      0.31      4.40

03:42:02 PM IST       DEV       tps     rkB/s     wkB/s     dkB/s   areq-sz    aqu-sz     await     %util
03:42:03 PM IST   nvme0n1      0.00      0.00      0.00      0.00      0.00      0.00      0.00      0.00
03:42:03 PM IST       sda    591.00   6748.00      4.00      0.00     11.42      0.21      0.35      4.80

03:42:03 PM IST       DEV       tps     rkB/s     wkB/s     dkB/s   areq-sz    aqu-sz     await     %util
03:42:04 PM IST   nvme0n1      0.00      0.00      0.00      0.00      0.00      0.00      0.00      0.00
03:42:04 PM IST       sda     93.00    588.00      0.00      0.00      6.32      0.02      0.19      1.60

03:42:04 PM IST       DEV       tps     rkB/s     wkB/s     dkB/s   areq-sz    aqu-sz     await     %util
03:42:05 PM IST   nvme0n1      0.00      0.00      0.00      0.00      0.00      0.00      0.00      0.00
03:42:05 PM IST       sda     82.00    824.00      0.00      0.00     10.05      0.02      0.27      1.60

03:42:05 PM IST       DEV       tps     rkB/s     wkB/s     dkB/s   areq-sz    aqu-sz     await     %util
03:42:06 PM IST   nvme0n1      0.00      0.00      0.00      0.00      0.00      0.00      0.00      0.00
03:42:06 PM IST       sda      5.00      0.00    140.00      0.00     28.00      0.01      0.60      0.40

03:42:06 PM IST       DEV       tps     rkB/s     wkB/s     dkB/s   areq-sz    aqu-sz     await     %util
03:42:07 PM IST   nvme0n1      0.00      0.00      0.00      0.00      0.00      0.00      0.00      0.00
03:42:07 PM IST       sda     33.00      0.00    160.00      0.00      4.85      0.02      0.48      0.40

03:42:07 PM IST       DEV       tps     rkB/s     wkB/s     dkB/s   areq-sz    aqu-sz     await     %util
03:42:08 PM IST   nvme0n1      0.00      0.00      0.00      0.00      0.00      0.00      0.00      0.00
03:42:08 PM IST       sda      0.00      0.00      0.00      0.00      0.00      0.00      0.00      0.00

03:42:08 PM IST       DEV       tps     rkB/s     wkB/s     dkB/s   areq-sz    aqu-sz     await     %util
03:42:09 PM IST   nvme0n1      0.00      0.00      0.00      0.00      0.00      0.00      0.00      0.00
03:42:09 PM IST       sda      2.00      0.00      8.00      0.00      4.00      0.00      0.50      0.00

03:42:09 PM IST       DEV       tps     rkB/s     wkB/s     dkB/s   areq-sz    aqu-sz     await     %util
03:42:10 PM IST   nvme0n1      0.00      0.00      0.00      0.00      0.00      0.00      0.00      0.00
03:42:10 PM IST       sda      0.00      0.00      0.00      0.00      0.00      0.00      0.00      0.00

03:42:10 PM IST       DEV       tps     rkB/s     wkB/s     dkB/s   areq-sz    aqu-sz     await     %util
03:42:11 PM IST   nvme0n1      0.00      0.00      0.00      0.00      0.00      0.00      0.00      0.00
03:42:11 PM IST       sda      3.00      4.00     28.00      0.00     10.67      0.00      1.00      0.00

03:42:11 PM IST       DEV       tps     rkB/s     wkB/s     dkB/s   areq-sz    aqu-sz     await     %util
03:42:12 PM IST   nvme0n1      0.00      0.00      0.00      0.00      0.00      0.00      0.00      0.00
03:42:12 PM IST       sda     14.00     48.00     24.00      0.00      5.14      0.00      0.14      0.40

03:42:12 PM IST       DEV       tps     rkB/s     wkB/s     dkB/s   areq-sz    aqu-sz     await     %util
03:42:13 PM IST   nvme0n1      0.00      0.00      0.00      0.00      0.00      0.00      0.00      0.00
03:42:13 PM IST       sda      0.00      0.00      0.00      0.00      0.00      0.00      0.00      0.00

03:42:13 PM IST       DEV       tps     rkB/s     wkB/s     dkB/s   areq-sz    aqu-sz     await     %util
03:42:14 PM IST   nvme0n1      0.00      0.00      0.00      0.00      0.00      0.00      0.00      0.00
03:42:14 PM IST       sda      1.00      4.00      0.00      0.00      4.00      0.00      0.00      0.00

03:42:14 PM IST       DEV       tps     rkB/s     wkB/s     dkB/s   areq-sz    aqu-sz     await     %util
03:42:15 PM IST   nvme0n1      0.00      0.00      0.00      0.00      0.00      0.00      0.00      0.00
03:42:15 PM IST       sda      2.00      0.00      8.00      0.00      4.00      0.00      1.00      0.00

03:42:15 PM IST       DEV       tps     rkB/s     wkB/s     dkB/s   areq-sz    aqu-sz     await     %util
03:42:16 PM IST   nvme0n1      0.00      0.00      0.00      0.00      0.00      0.00      0.00      0.00
03:42:16 PM IST       sda      3.00      0.00     76.00      0.00     25.33      0.00      0.33      0.00

03:42:16 PM IST       DEV       tps     rkB/s     wkB/s     dkB/s   areq-sz    aqu-sz     await     %util
03:42:17 PM IST   nvme0n1      0.00      0.00      0.00      0.00      0.00      0.00      0.00      0.00
03:42:17 PM IST       sda     16.00     16.00     48.00      0.00      4.00      0.00      0.19      0.00

03:42:17 PM IST       DEV       tps     rkB/s     wkB/s     dkB/s   areq-sz    aqu-sz     await     %util
03:42:18 PM IST   nvme0n1      0.00      0.00      0.00      0.00      0.00      0.00      0.00      0.00
03:42:18 PM IST       sda      2.00      0.00     20.00      0.00     10.00      0.00      1.00      0.40

03:42:18 PM IST       DEV       tps     rkB/s     wkB/s     dkB/s   areq-sz    aqu-sz     await     %util
03:42:19 PM IST   nvme0n1      0.00      0.00      0.00      0.00      0.00      0.00      0.00      0.00
03:42:19 PM IST       sda     37.00     72.00   1124.00      0.00     32.32      0.03      0.46      1.20

03:42:19 PM IST       DEV       tps     rkB/s     wkB/s     dkB/s   areq-sz    aqu-sz     await     %util
03:42:20 PM IST   nvme0n1      0.00      0.00      0.00      0.00      0.00      0.00      0.00      0.00
03:42:20 PM IST       sda    746.00     48.00   5284.00      0.00      7.15      0.12      0.13      5.20

03:42:20 PM IST       DEV       tps     rkB/s     wkB/s     dkB/s   areq-sz    aqu-sz     await     %util
03:42:21 PM IST   nvme0n1      0.00      0.00      0.00      0.00      0.00      0.00      0.00      0.00
03:42:21 PM IST       sda     36.00     28.00    144.00      0.00      4.78      0.00      0.11      0.00

03:42:21 PM IST       DEV       tps     rkB/s     wkB/s     dkB/s   areq-sz    aqu-sz     await     %util
03:42:22 PM IST   nvme0n1      0.00      0.00      0.00      0.00      0.00      0.00      0.00      0.00
03:42:22 PM IST       sda     32.00    152.00    444.00      0.00     18.62      0.02      0.38      1.20

03:42:22 PM IST       DEV       tps     rkB/s     wkB/s     dkB/s   areq-sz    aqu-sz     await     %util
03:42:23 PM IST   nvme0n1      0.00      0.00      0.00      0.00      0.00      0.00      0.00      0.00
03:42:23 PM IST       sda     43.00      0.00    324.00      0.00      7.53      0.01      0.16      0.40

03:42:23 PM IST       DEV       tps     rkB/s     wkB/s     dkB/s   areq-sz    aqu-sz     await     %util
03:42:24 PM IST   nvme0n1      0.00      0.00      0.00      0.00      0.00      0.00      0.00      0.00
03:42:24 PM IST       sda     91.00     20.00    536.00      0.00      6.11      0.02      0.18      0.00

03:42:24 PM IST       DEV       tps     rkB/s     wkB/s     dkB/s   areq-sz    aqu-sz     await     %util
03:42:25 PM IST   nvme0n1      0.00      0.00      0.00      0.00      0.00      0.00      0.00      0.00
03:42:25 PM IST       sda     57.00    308.00  10676.00      0.00    192.70      0.13      2.14      4.80

03:42:25 PM IST       DEV       tps     rkB/s     wkB/s     dkB/s   areq-sz    aqu-sz     await     %util
03:42:26 PM IST   nvme0n1      0.00      0.00      0.00      0.00      0.00      0.00      0.00      0.00
03:42:26 PM IST       sda     11.00      0.00    168.00      0.00     15.27      0.01      0.36      0.40

03:42:26 PM IST       DEV       tps     rkB/s     wkB/s     dkB/s   areq-sz    aqu-sz     await     %util
03:42:27 PM IST   nvme0n1      0.00      0.00      0.00      0.00      0.00      0.00      0.00      0.00
03:42:27 PM IST       sda      1.00      0.00      8.00      0.00      8.00      0.00      1.00      0.00

03:42:27 PM IST       DEV       tps     rkB/s     wkB/s     dkB/s   areq-sz    aqu-sz     await     %util
03:42:28 PM IST   nvme0n1      0.00      0.00      0.00      0.00      0.00      0.00      0.00      0.00
03:42:28 PM IST       sda      0.00      0.00      0.00      0.00      0.00      0.00      0.00      0.00

03:42:28 PM IST       DEV       tps     rkB/s     wkB/s     dkB/s   areq-sz    aqu-sz     await     %util
03:42:29 PM IST   nvme0n1      0.00      0.00      0.00      0.00      0.00      0.00      0.00      0.00
03:42:29 PM IST       sda     84.00    412.00   1808.00      0.00     26.43      0.06      0.62      2.40

03:42:29 PM IST       DEV       tps     rkB/s     wkB/s     dkB/s   areq-sz    aqu-sz     await     %util
03:42:30 PM IST   nvme0n1      0.00      0.00      0.00      0.00      0.00      0.00      0.00      0.00
03:42:30 PM IST       sda    120.00      0.00   1932.00      0.00     16.10      0.05      0.33      1.20

03:42:30 PM IST       DEV       tps     rkB/s     wkB/s     dkB/s   areq-sz    aqu-sz     await     %util
03:42:31 PM IST   nvme0n1      0.00      0.00      0.00      0.00      0.00      0.00      0.00      0.00
03:42:31 PM IST       sda     43.00    736.00    648.00      0.00     32.19      0.02      0.40      0.80

03:42:31 PM IST       DEV       tps     rkB/s     wkB/s     dkB/s   areq-sz    aqu-sz     await     %util
03:42:32 PM IST   nvme0n1      0.00      0.00      0.00      0.00      0.00      0.00      0.00      0.00
03:42:32 PM IST       sda     64.00    828.00    520.00      0.00     21.06      0.04      0.44      1.60

03:42:32 PM IST       DEV       tps     rkB/s     wkB/s     dkB/s   areq-sz    aqu-sz     await     %util
03:42:33 PM IST   nvme0n1      0.00      0.00      0.00      0.00      0.00      0.00      0.00      0.00
03:42:33 PM IST       sda      1.00      0.00      4.00      0.00      4.00      0.00      1.00      0.00

03:42:33 PM IST       DEV       tps     rkB/s     wkB/s     dkB/s   areq-sz    aqu-sz     await     %util
03:42:34 PM IST   nvme0n1      0.00      0.00      0.00      0.00      0.00      0.00      0.00      0.00
03:42:34 PM IST       sda     48.00      0.00    748.00      0.00     15.58      0.04      0.83      2.00

03:42:34 PM IST       DEV       tps     rkB/s     wkB/s     dkB/s   areq-sz    aqu-sz     await     %util
03:42:35 PM IST   nvme0n1      0.00      0.00      0.00      0.00      0.00      0.00      0.00      0.00
03:42:35 PM IST       sda      0.00      0.00      0.00      0.00      0.00      0.00      0.00      0.00

03:42:35 PM IST       DEV       tps     rkB/s     wkB/s     dkB/s   areq-sz    aqu-sz     await     %util
03:42:36 PM IST   nvme0n1      0.00      0.00      0.00      0.00      0.00      0.00      0.00      0.00
03:42:36 PM IST       sda      1.00      0.00      4.00      0.00      4.00      0.00      1.00      0.00

03:42:36 PM IST       DEV       tps     rkB/s     wkB/s     dkB/s   areq-sz    aqu-sz     await     %util
03:42:37 PM IST   nvme0n1      0.00      0.00      0.00      0.00      0.00      0.00      0.00      0.00
03:42:37 PM IST       sda      0.00      0.00      0.00      0.00      0.00      0.00      0.00      0.00

03:42:37 PM IST       DEV       tps     rkB/s     wkB/s     dkB/s   areq-sz    aqu-sz     await     %util
03:42:38 PM IST   nvme0n1      0.00      0.00      0.00      0.00      0.00      0.00      0.00      0.00
03:42:38 PM IST       sda      0.00      0.00      0.00      0.00      0.00      0.00      0.00      0.00

03:42:38 PM IST       DEV       tps     rkB/s     wkB/s     dkB/s   areq-sz    aqu-sz     await     %util
03:42:39 PM IST   nvme0n1      0.00      0.00      0.00      0.00      0.00      0.00      0.00      0.00
03:42:39 PM IST       sda    168.00      0.00   4968.00      0.00     29.57      0.44      2.57      9.60

03:42:39 PM IST       DEV       tps     rkB/s     wkB/s     dkB/s   areq-sz    aqu-sz     await     %util
03:42:40 PM IST   nvme0n1      0.00      0.00      0.00      0.00      0.00      0.00      0.00      0.00
03:42:40 PM IST       sda      2.00      0.00     20.00      0.00     10.00      0.00      0.50      0.40

03:42:40 PM IST       DEV       tps     rkB/s     wkB/s     dkB/s   areq-sz    aqu-sz     await     %util
03:42:41 PM IST   nvme0n1      0.00      0.00      0.00      0.00      0.00      0.00      0.00      0.00
03:42:41 PM IST       sda      2.00      8.00      0.00      0.00      4.00      0.00      0.50      0.00

03:42:41 PM IST       DEV       tps     rkB/s     wkB/s     dkB/s   areq-sz    aqu-sz     await     %util
03:42:42 PM IST   nvme0n1      0.00      0.00      0.00      0.00      0.00      0.00      0.00      0.00
03:42:42 PM IST       sda      7.00    108.00     12.00      0.00     17.14      0.00      0.43      0.00

03:42:42 PM IST       DEV       tps     rkB/s     wkB/s     dkB/s   areq-sz    aqu-sz     await     %util
03:42:43 PM IST   nvme0n1      0.00      0.00      0.00      0.00      0.00      0.00      0.00      0.00
03:42:43 PM IST       sda     39.00   2200.00      0.00      0.00     56.41      0.02      0.46      1.20

03:42:43 PM IST       DEV       tps     rkB/s     wkB/s     dkB/s   areq-sz    aqu-sz     await     %util
03:42:44 PM IST   nvme0n1      0.00      0.00      0.00      0.00      0.00      0.00      0.00      0.00
03:42:44 PM IST       sda     24.00    436.00    500.00      0.00     39.00      0.02      0.67      1.20

03:42:44 PM IST       DEV       tps     rkB/s     wkB/s     dkB/s   areq-sz    aqu-sz     await     %util
03:42:45 PM IST   nvme0n1      0.00      0.00      0.00      0.00      0.00      0.00      0.00      0.00
03:42:45 PM IST       sda     41.00      0.00   1956.00      0.00     47.71      0.02      0.41      0.40

03:42:45 PM IST       DEV       tps     rkB/s     wkB/s     dkB/s   areq-sz    aqu-sz     await     %util
03:42:46 PM IST   nvme0n1      0.00      0.00      0.00      0.00      0.00      0.00      0.00      0.00
03:42:46 PM IST       sda      5.00      0.00    288.00      0.00     57.60      0.01      0.60      0.00

03:42:46 PM IST       DEV       tps     rkB/s     wkB/s     dkB/s   areq-sz    aqu-sz     await     %util
03:42:47 PM IST   nvme0n1      0.00      0.00      0.00      0.00      0.00      0.00      0.00      0.00
03:42:47 PM IST       sda      0.00      0.00      0.00      0.00      0.00      0.00      0.00      0.00

03:42:47 PM IST       DEV       tps     rkB/s     wkB/s     dkB/s   areq-sz    aqu-sz     await     %util
03:42:48 PM IST   nvme0n1      0.00      0.00      0.00      0.00      0.00      0.00      0.00      0.00
03:42:48 PM IST       sda      7.00      0.00     28.00      0.00      4.00      0.01      0.71      0.00

03:42:48 PM IST       DEV       tps     rkB/s     wkB/s     dkB/s   areq-sz    aqu-sz     await     %util
03:42:49 PM IST   nvme0n1      0.00      0.00      0.00      0.00      0.00      0.00      0.00      0.00
03:42:49 PM IST       sda      7.00      0.00    220.00      0.00     31.43      0.01      0.43      0.40

03:42:49 PM IST       DEV       tps     rkB/s     wkB/s     dkB/s   areq-sz    aqu-sz     await     %util
03:42:50 PM IST   nvme0n1      0.00      0.00      0.00      0.00      0.00      0.00      0.00      0.00
03:42:50 PM IST       sda    177.00      0.00   9044.00      0.00     51.10      0.09      0.52      2.00

03:42:50 PM IST       DEV       tps     rkB/s     wkB/s     dkB/s   areq-sz    aqu-sz     await     %util
03:42:51 PM IST   nvme0n1      0.00      0.00      0.00      0.00      0.00      0.00      0.00      0.00
03:42:51 PM IST       sda    109.00    104.00    728.00      0.00      7.63      0.02      0.20      0.40

03:42:51 PM IST       DEV       tps     rkB/s     wkB/s     dkB/s   areq-sz    aqu-sz     await     %util
03:42:52 PM IST   nvme0n1      0.00      0.00      0.00      0.00      0.00      0.00      0.00      0.00
03:42:52 PM IST       sda     16.00      8.00    208.00      0.00     13.50      0.01      0.31      0.40

03:42:52 PM IST       DEV       tps     rkB/s     wkB/s     dkB/s   areq-sz    aqu-sz     await     %util
03:42:53 PM IST   nvme0n1      0.00      0.00      0.00      0.00      0.00      0.00      0.00      0.00
03:42:53 PM IST       sda     60.00      0.00    540.00      0.00      9.00      0.02      0.25      0.80

03:42:53 PM IST       DEV       tps     rkB/s     wkB/s     dkB/s   areq-sz    aqu-sz     await     %util
03:42:54 PM IST   nvme0n1      0.00      0.00      0.00      0.00      0.00      0.00      0.00      0.00
03:42:54 PM IST       sda     24.00      0.00    300.00      0.00     12.50      0.01      0.33      1.20

03:42:54 PM IST       DEV       tps     rkB/s     wkB/s     dkB/s   areq-sz    aqu-sz     await     %util
03:42:55 PM IST   nvme0n1      0.00      0.00      0.00      0.00      0.00      0.00      0.00      0.00
03:42:55 PM IST       sda      7.00      0.00   4096.00      0.00    585.14      0.03      4.86      0.80

03:42:55 PM IST       DEV       tps     rkB/s     wkB/s     dkB/s   areq-sz    aqu-sz     await     %util
03:42:56 PM IST   nvme0n1      0.00      0.00      0.00      0.00      0.00      0.00      0.00      0.00
03:42:56 PM IST       sda      5.00      0.00     40.00      0.00      8.00      0.00      0.40      0.00

03:42:56 PM IST       DEV       tps     rkB/s     wkB/s     dkB/s   areq-sz    aqu-sz     await     %util
03:42:57 PM IST   nvme0n1      0.00      0.00      0.00      0.00      0.00      0.00      0.00      0.00
03:42:57 PM IST       sda     42.00     60.00    168.00      0.00      5.43      0.01      0.12      0.00

03:42:57 PM IST       DEV       tps     rkB/s     wkB/s     dkB/s   areq-sz    aqu-sz     await     %util
03:42:58 PM IST   nvme0n1      0.00      0.00      0.00      0.00      0.00      0.00      0.00      0.00
03:42:58 PM IST       sda     15.00    472.00     52.00      0.00     34.93      0.01      0.80      0.40

03:42:58 PM IST       DEV       tps     rkB/s     wkB/s     dkB/s   areq-sz    aqu-sz     await     %util
03:42:59 PM IST   nvme0n1      0.00      0.00      0.00      0.00      0.00      0.00      0.00      0.00
03:42:59 PM IST       sda     16.00      0.00    404.00      0.00     25.25      0.01      0.44      0.80

03:42:59 PM IST       DEV       tps     rkB/s     wkB/s     dkB/s   areq-sz    aqu-sz     await     %util
03:43:00 PM IST   nvme0n1      0.00      0.00      0.00      0.00      0.00      0.00      0.00      0.00
03:43:00 PM IST       sda      0.00      0.00      0.00      0.00      0.00      0.00      0.00      0.00

03:43:00 PM IST       DEV       tps     rkB/s     wkB/s     dkB/s   areq-sz    aqu-sz     await     %util
03:43:01 PM IST   nvme0n1      0.00      0.00      0.00      0.00      0.00      0.00      0.00      0.00
03:43:01 PM IST       sda      9.00      8.00    884.00      0.00     99.11      0.01      1.11      0.00

03:43:01 PM IST       DEV       tps     rkB/s     wkB/s     dkB/s   areq-sz    aqu-sz     await     %util
03:43:02 PM IST   nvme0n1      0.00      0.00      0.00      0.00      0.00      0.00      0.00      0.00
03:43:02 PM IST       sda     10.00      0.00    156.00      0.00     15.60      0.01      0.30      0.00

03:43:02 PM IST       DEV       tps     rkB/s     wkB/s     dkB/s   areq-sz    aqu-sz     await     %util
03:43:03 PM IST   nvme0n1      0.00      0.00      0.00      0.00      0.00      0.00      0.00      0.00
03:43:03 PM IST       sda      1.00      0.00      4.00      0.00      4.00      0.00      1.00      0.00

03:43:03 PM IST       DEV       tps     rkB/s     wkB/s     dkB/s   areq-sz    aqu-sz     await     %util
03:43:04 PM IST   nvme0n1      0.00      0.00      0.00      0.00      0.00      0.00      0.00      0.00
03:43:04 PM IST       sda      1.00      4.00      0.00      0.00      4.00      0.00      0.00      0.00

03:43:04 PM IST       DEV       tps     rkB/s     wkB/s     dkB/s   areq-sz    aqu-sz     await     %util
03:43:05 PM IST   nvme0n1      0.00      0.00      0.00      0.00      0.00      0.00      0.00      0.00
03:43:05 PM IST       sda     18.00      0.00    184.00      0.00     10.22      0.01      0.50      0.00

03:43:05 PM IST       DEV       tps     rkB/s     wkB/s     dkB/s   areq-sz    aqu-sz     await     %util
03:43:06 PM IST   nvme0n1      0.00      0.00      0.00      0.00      0.00      0.00      0.00      0.00
03:43:06 PM IST       sda     26.00      0.00    372.00      0.00     14.31      0.02      0.35      1.20

03:43:06 PM IST       DEV       tps     rkB/s     wkB/s     dkB/s   areq-sz    aqu-sz     await     %util
03:43:07 PM IST   nvme0n1      0.00      0.00      0.00      0.00      0.00      0.00      0.00      0.00
03:43:07 PM IST       sda      5.00      0.00    152.00      0.00     30.40      0.01      0.60      0.00

03:43:07 PM IST       DEV       tps     rkB/s     wkB/s     dkB/s   areq-sz    aqu-sz     await     %util
03:43:08 PM IST   nvme0n1      0.00      0.00      0.00      0.00      0.00      0.00      0.00      0.00
03:43:08 PM IST       sda      0.00      0.00      0.00      0.00      0.00      0.00      0.00      0.00

03:43:08 PM IST       DEV       tps     rkB/s     wkB/s     dkB/s   areq-sz    aqu-sz     await     %util
03:43:09 PM IST   nvme0n1      0.00      0.00      0.00      0.00      0.00      0.00      0.00      0.00
03:43:09 PM IST       sda      1.00      0.00      8.00      0.00      8.00      0.00      1.00      0.00

03:43:09 PM IST       DEV       tps     rkB/s     wkB/s     dkB/s   areq-sz    aqu-sz     await     %util
03:43:10 PM IST   nvme0n1      0.00      0.00      0.00      0.00      0.00      0.00      0.00      0.00
03:43:10 PM IST       sda    137.00      0.00   5880.00      0.00     42.92      0.09      0.64      0.80

03:43:10 PM IST       DEV       tps     rkB/s     wkB/s     dkB/s   areq-sz    aqu-sz     await     %util
03:43:11 PM IST   nvme0n1      0.00      0.00      0.00      0.00      0.00      0.00      0.00      0.00
03:43:11 PM IST       sda      1.00      0.00      4.00      0.00      4.00      0.00      0.00      0.00

03:43:11 PM IST       DEV       tps     rkB/s     wkB/s     dkB/s   areq-sz    aqu-sz     await     %util
03:43:12 PM IST   nvme0n1      0.00      0.00      0.00      0.00      0.00      0.00      0.00      0.00
03:43:12 PM IST       sda     11.00      8.00    240.00      0.00     22.55      0.01      0.64      0.80

03:43:12 PM IST       DEV       tps     rkB/s     wkB/s     dkB/s   areq-sz    aqu-sz     await     %util
03:43:13 PM IST   nvme0n1      0.00      0.00      0.00      0.00      0.00      0.00      0.00      0.00
03:43:13 PM IST       sda     18.00      0.00    160.00      0.00      8.89      0.01      0.44      0.80

03:43:13 PM IST       DEV       tps     rkB/s     wkB/s     dkB/s   areq-sz    aqu-sz     await     %util
03:43:14 PM IST   nvme0n1      0.00      0.00      0.00      0.00      0.00      0.00      0.00      0.00
03:43:14 PM IST       sda      0.00      0.00      0.00      0.00      0.00      0.00      0.00      0.00

03:43:14 PM IST       DEV       tps     rkB/s     wkB/s     dkB/s   areq-sz    aqu-sz     await     %util
03:43:15 PM IST   nvme0n1      0.00      0.00      0.00      0.00      0.00      0.00      0.00      0.00
03:43:15 PM IST       sda     37.00      0.00    812.00      0.00     21.95      0.03      0.46      0.80

03:43:15 PM IST       DEV       tps     rkB/s     wkB/s     dkB/s   areq-sz    aqu-sz     await     %util
03:43:16 PM IST   nvme0n1      0.00      0.00      0.00      0.00      0.00      0.00      0.00      0.00
03:43:16 PM IST       sda      0.00      0.00      0.00      0.00      0.00      0.00      0.00      0.00

03:43:16 PM IST       DEV       tps     rkB/s     wkB/s     dkB/s   areq-sz    aqu-sz     await     %util
03:43:17 PM IST   nvme0n1      0.00      0.00      0.00      0.00      0.00      0.00      0.00      0.00
03:43:17 PM IST       sda      0.00      0.00      0.00      0.00      0.00      0.00      0.00      0.00

03:43:17 PM IST       DEV       tps     rkB/s     wkB/s     dkB/s   areq-sz    aqu-sz     await     %util
03:43:18 PM IST   nvme0n1      0.00      0.00      0.00      0.00      0.00      0.00      0.00      0.00
03:43:18 PM IST       sda      2.00      0.00     20.00      0.00     10.00      0.00      1.00      0.00

03:43:18 PM IST       DEV       tps     rkB/s     wkB/s     dkB/s   areq-sz    aqu-sz     await     %util
03:43:19 PM IST   nvme0n1      0.00      0.00      0.00      0.00      0.00      0.00      0.00      0.00
03:43:19 PM IST       sda      0.00      0.00      0.00      0.00      0.00      0.00      0.00      0.00

03:43:19 PM IST       DEV       tps     rkB/s     wkB/s     dkB/s   areq-sz    aqu-sz     await     %util
03:43:20 PM IST   nvme0n1      0.00      0.00      0.00      0.00      0.00      0.00      0.00      0.00
03:43:20 PM IST       sda      2.00      0.00     68.00      0.00     34.00      0.00      0.50      0.00

03:43:20 PM IST       DEV       tps     rkB/s     wkB/s     dkB/s   areq-sz    aqu-sz     await     %util
03:43:21 PM IST   nvme0n1      0.00      0.00      0.00      0.00      0.00      0.00      0.00      0.00
03:43:21 PM IST       sda      0.00      0.00      0.00      0.00      0.00      0.00      0.00      0.00

03:43:21 PM IST       DEV       tps     rkB/s     wkB/s     dkB/s   areq-sz    aqu-sz     await     %util
03:43:22 PM IST   nvme0n1      0.00      0.00      0.00      0.00      0.00      0.00      0.00      0.00
03:43:22 PM IST       sda    103.00      4.00   1432.00      0.00     13.94      0.02      0.19      0.00

03:43:22 PM IST       DEV       tps     rkB/s     wkB/s     dkB/s   areq-sz    aqu-sz     await     %util
03:43:23 PM IST   nvme0n1      0.00      0.00      0.00      0.00      0.00      0.00      0.00      0.00
03:43:23 PM IST       sda     14.00      0.00    172.00      0.00     12.29      0.01      0.36      0.40

03:43:23 PM IST       DEV       tps     rkB/s     wkB/s     dkB/s   areq-sz    aqu-sz     await     %util
03:43:24 PM IST   nvme0n1      0.00      0.00      0.00      0.00      0.00      0.00      0.00      0.00
03:43:24 PM IST       sda     46.00      0.00    408.00      0.00      8.87      0.01      0.24      0.40

03:43:24 PM IST       DEV       tps     rkB/s     wkB/s     dkB/s   areq-sz    aqu-sz     await     %util
03:43:25 PM IST   nvme0n1      0.00      0.00      0.00      0.00      0.00      0.00      0.00      0.00
03:43:25 PM IST       sda     87.00      0.00    700.00      0.00      8.05      0.02      0.25      0.40

03:43:25 PM IST       DEV       tps     rkB/s     wkB/s     dkB/s   areq-sz    aqu-sz     await     %util
03:43:26 PM IST   nvme0n1      0.00      0.00      0.00      0.00      0.00      0.00      0.00      0.00
03:43:26 PM IST       sda      0.00      0.00      0.00      0.00      0.00      0.00      0.00      0.00

03:43:26 PM IST       DEV       tps     rkB/s     wkB/s     dkB/s   areq-sz    aqu-sz     await     %util
03:43:27 PM IST   nvme0n1      0.00      0.00      0.00      0.00      0.00      0.00      0.00      0.00
03:43:27 PM IST       sda      4.00      0.00     16.00      0.00      4.00      0.00      0.00      0.00

03:43:27 PM IST       DEV       tps     rkB/s     wkB/s     dkB/s   areq-sz    aqu-sz     await     %util
03:43:28 PM IST   nvme0n1      0.00      0.00      0.00      0.00      0.00      0.00      0.00      0.00
03:43:28 PM IST       sda      1.00      0.00      4.00      0.00      4.00      0.00      0.00      0.00

03:43:28 PM IST       DEV       tps     rkB/s     wkB/s     dkB/s   areq-sz    aqu-sz     await     %util
03:43:29 PM IST   nvme0n1      0.00      0.00      0.00      0.00      0.00      0.00      0.00      0.00
03:43:29 PM IST       sda      5.00      0.00    168.00      0.00     33.60      0.01      0.60      0.00

03:43:29 PM IST       DEV       tps     rkB/s     wkB/s     dkB/s   areq-sz    aqu-sz     await     %util
03:43:30 PM IST   nvme0n1      0.00      0.00      0.00      0.00      0.00      0.00      0.00      0.00
03:43:30 PM IST       sda      3.00      0.00    112.00      0.00     37.33      0.00      0.67      0.00

03:43:30 PM IST       DEV       tps     rkB/s     wkB/s     dkB/s   areq-sz    aqu-sz     await     %util
03:43:31 PM IST   nvme0n1      0.00      0.00      0.00      0.00      0.00      0.00      0.00      0.00
03:43:31 PM IST       sda     41.00      0.00    252.00      0.00      6.15      0.01      0.22      0.00

03:43:31 PM IST       DEV       tps     rkB/s     wkB/s     dkB/s   areq-sz    aqu-sz     await     %util
03:43:32 PM IST   nvme0n1      0.00      0.00      0.00      0.00      0.00      0.00      0.00      0.00
03:43:32 PM IST       sda     29.00      0.00    124.00      0.00      4.28      0.00      0.10      0.00

03:43:32 PM IST       DEV       tps     rkB/s     wkB/s     dkB/s   areq-sz    aqu-sz     await     %util
03:43:33 PM IST   nvme0n1      0.00      0.00      0.00      0.00      0.00      0.00      0.00      0.00
03:43:33 PM IST       sda      0.00      0.00      0.00      0.00      0.00      0.00      0.00      0.00

03:43:33 PM IST       DEV       tps     rkB/s     wkB/s     dkB/s   areq-sz    aqu-sz     await     %util
03:43:34 PM IST   nvme0n1      0.00      0.00      0.00      0.00      0.00      0.00      0.00      0.00
03:43:34 PM IST       sda      1.00      0.00      4.00      0.00      4.00      0.00      1.00      0.00

03:43:34 PM IST       DEV       tps     rkB/s     wkB/s     dkB/s   areq-sz    aqu-sz     await     %util
03:43:35 PM IST   nvme0n1      0.00      0.00      0.00      0.00      0.00      0.00      0.00      0.00
03:43:35 PM IST       sda      4.00      0.00    128.00      0.00     32.00      0.00      0.75      0.00

03:43:35 PM IST       DEV       tps     rkB/s     wkB/s     dkB/s   areq-sz    aqu-sz     await     %util
03:43:36 PM IST   nvme0n1      0.00      0.00      0.00      0.00      0.00      0.00      0.00      0.00
03:43:36 PM IST       sda     53.00      0.00    392.00      0.00      7.40      0.01      0.23      0.00

03:43:36 PM IST       DEV       tps     rkB/s     wkB/s     dkB/s   areq-sz    aqu-sz     await     %util
03:43:37 PM IST   nvme0n1      0.00      0.00      0.00      0.00      0.00      0.00      0.00      0.00
03:43:37 PM IST       sda      3.00      0.00     40.00      0.00     13.33      0.00      0.33      0.00

03:43:37 PM IST       DEV       tps     rkB/s     wkB/s     dkB/s   areq-sz    aqu-sz     await     %util
03:43:38 PM IST   nvme0n1      0.00      0.00      0.00      0.00      0.00      0.00      0.00      0.00
03:43:38 PM IST       sda      6.00    432.00      0.00      0.00     72.00      0.00      0.50      0.40

03:43:38 PM IST       DEV       tps     rkB/s     wkB/s     dkB/s   areq-sz    aqu-sz     await     %util
03:43:39 PM IST   nvme0n1      0.00      0.00      0.00      0.00      0.00      0.00      0.00      0.00
03:43:39 PM IST       sda      7.00      0.00    448.00      0.00     64.00      0.01      0.43      0.40

03:43:39 PM IST       DEV       tps     rkB/s     wkB/s     dkB/s   areq-sz    aqu-sz     await     %util
03:43:40 PM IST   nvme0n1      0.00      0.00      0.00      0.00      0.00      0.00      0.00      0.00
03:43:40 PM IST       sda      8.00     32.00      4.00      0.00      4.50      0.01      0.62      0.80

03:43:40 PM IST       DEV       tps     rkB/s     wkB/s     dkB/s   areq-sz    aqu-sz     await     %util
03:43:41 PM IST   nvme0n1      0.00      0.00      0.00      0.00      0.00      0.00      0.00      0.00
03:43:41 PM IST       sda    109.00      0.00   6468.00      0.00     59.34      0.09      0.78      0.80

03:43:41 PM IST       DEV       tps     rkB/s     wkB/s     dkB/s   areq-sz    aqu-sz     await     %util
03:43:42 PM IST   nvme0n1      0.00      0.00      0.00      0.00      0.00      0.00      0.00      0.00
03:43:42 PM IST       sda     30.00      8.00    284.00      0.00      9.73      0.01      0.30      0.40

03:43:42 PM IST       DEV       tps     rkB/s     wkB/s     dkB/s   areq-sz    aqu-sz     await     %util
03:43:43 PM IST   nvme0n1      0.00      0.00      0.00      0.00      0.00      0.00      0.00      0.00
03:43:43 PM IST       sda      0.00      0.00      0.00      0.00      0.00      0.00      0.00      0.00

03:43:43 PM IST       DEV       tps     rkB/s     wkB/s     dkB/s   areq-sz    aqu-sz     await     %util
03:43:44 PM IST   nvme0n1      0.00      0.00      0.00      0.00      0.00      0.00      0.00      0.00
03:43:44 PM IST       sda      0.00      0.00      0.00      0.00      0.00      0.00      0.00      0.00

03:43:44 PM IST       DEV       tps     rkB/s     wkB/s     dkB/s   areq-sz    aqu-sz     await     %util
03:43:45 PM IST   nvme0n1      0.00      0.00      0.00      0.00      0.00      0.00      0.00      0.00
03:43:45 PM IST       sda     83.00    528.00   1240.00      0.00     21.30      0.18      1.23      4.00

03:43:45 PM IST       DEV       tps     rkB/s     wkB/s     dkB/s   areq-sz    aqu-sz     await     %util
03:43:46 PM IST   nvme0n1      0.00      0.00      0.00      0.00      0.00      0.00      0.00      0.00
03:43:46 PM IST       sda     93.00    820.00   1468.00      0.00     24.60      0.06      0.42      3.20

03:43:46 PM IST       DEV       tps     rkB/s     wkB/s     dkB/s   areq-sz    aqu-sz     await     %util
03:43:47 PM IST   nvme0n1      0.00      0.00      0.00      0.00      0.00      0.00      0.00      0.00
03:43:47 PM IST       sda    105.00   2176.00   1124.00      0.00     31.43      0.07      0.49      3.20

03:43:47 PM IST       DEV       tps     rkB/s     wkB/s     dkB/s   areq-sz    aqu-sz     await     %util
03:43:48 PM IST   nvme0n1      0.00      0.00      0.00      0.00      0.00      0.00      0.00      0.00
03:43:48 PM IST       sda     41.00    316.00    608.00      0.00     22.54      0.06      1.27      1.20

03:43:48 PM IST       DEV       tps     rkB/s     wkB/s     dkB/s   areq-sz    aqu-sz     await     %util
03:43:49 PM IST   nvme0n1      0.00      0.00      0.00      0.00      0.00      0.00      0.00      0.00
03:43:49 PM IST       sda     11.00    372.00      0.00      0.00     33.82      0.00      0.27      0.00

03:43:49 PM IST       DEV       tps     rkB/s     wkB/s     dkB/s   areq-sz    aqu-sz     await     %util
03:43:50 PM IST   nvme0n1      0.00      0.00      0.00      0.00      0.00      0.00      0.00      0.00
03:43:50 PM IST       sda     58.00      0.00    980.00      0.00     16.90      0.02      0.26      1.20

03:43:50 PM IST       DEV       tps     rkB/s     wkB/s     dkB/s   areq-sz    aqu-sz     await     %util
03:43:51 PM IST   nvme0n1      0.00      0.00      0.00      0.00      0.00      0.00      0.00      0.00
03:43:51 PM IST       sda      8.00      0.00     32.00      0.00      4.00      0.00      0.50      0.00

03:43:51 PM IST       DEV       tps     rkB/s     wkB/s     dkB/s   areq-sz    aqu-sz     await     %util
03:43:52 PM IST   nvme0n1      0.00      0.00      0.00      0.00      0.00      0.00      0.00      0.00
03:43:52 PM IST       sda     13.00     12.00    352.00      0.00     28.00      0.01      0.46      0.80

03:43:52 PM IST       DEV       tps     rkB/s     wkB/s     dkB/s   areq-sz    aqu-sz     await     %util
03:43:53 PM IST   nvme0n1      0.00      0.00      0.00      0.00      0.00      0.00      0.00      0.00
03:43:53 PM IST       sda    117.00      4.00    716.00      0.00      6.15      0.02      0.13      0.40

03:43:53 PM IST       DEV       tps     rkB/s     wkB/s     dkB/s   areq-sz    aqu-sz     await     %util
03:43:54 PM IST   nvme0n1      0.00      0.00      0.00      0.00      0.00      0.00      0.00      0.00
03:43:54 PM IST       sda     13.00      0.00    164.00      0.00     12.62      0.01      0.31      0.40

03:43:54 PM IST       DEV       tps     rkB/s     wkB/s     dkB/s   areq-sz    aqu-sz     await     %util
03:43:55 PM IST   nvme0n1      0.00      0.00      0.00      0.00      0.00      0.00      0.00      0.00
03:43:55 PM IST       sda     84.00     52.00   1828.00      0.00     22.38      0.02      0.26      1.20

03:43:55 PM IST       DEV       tps     rkB/s     wkB/s     dkB/s   areq-sz    aqu-sz     await     %util
03:43:56 PM IST   nvme0n1      0.00      0.00      0.00      0.00      0.00      0.00      0.00      0.00
03:43:56 PM IST       sda    181.00      0.00  10020.00      0.00     55.36      0.12      0.64      2.00

03:43:56 PM IST       DEV       tps     rkB/s     wkB/s     dkB/s   areq-sz    aqu-sz     await     %util
03:43:57 PM IST   nvme0n1      0.00      0.00      0.00      0.00      0.00      0.00      0.00      0.00
03:43:57 PM IST       sda     26.00      0.00    660.00      0.00     25.38      0.01      0.38      0.80

03:43:57 PM IST       DEV       tps     rkB/s     wkB/s     dkB/s   areq-sz    aqu-sz     await     %util
03:43:58 PM IST   nvme0n1      0.00      0.00      0.00      0.00      0.00      0.00      0.00      0.00
03:43:58 PM IST       sda      2.00      0.00     28.00      0.00     14.00      0.00      0.50      0.00

03:43:58 PM IST       DEV       tps     rkB/s     wkB/s     dkB/s   areq-sz    aqu-sz     await     %util
03:43:59 PM IST   nvme0n1      0.00      0.00      0.00      0.00      0.00      0.00      0.00      0.00
03:43:59 PM IST       sda     13.00      0.00    164.00      0.00     12.62      0.01      0.38      0.40

03:43:59 PM IST       DEV       tps     rkB/s     wkB/s     dkB/s   areq-sz    aqu-sz     await     %util
03:44:00 PM IST   nvme0n1      0.00      0.00      0.00      0.00      0.00      0.00      0.00      0.00
03:44:00 PM IST       sda     13.00     84.00     44.00      0.00      9.85      0.00      0.15      0.40

03:44:00 PM IST       DEV       tps     rkB/s     wkB/s     dkB/s   areq-sz    aqu-sz     await     %util
03:44:01 PM IST   nvme0n1      0.00      0.00      0.00      0.00      0.00      0.00      0.00      0.00
03:44:01 PM IST       sda     16.00      0.00    568.00      0.00     35.50      0.49     30.50      5.20

03:44:01 PM IST       DEV       tps     rkB/s     wkB/s     dkB/s   areq-sz    aqu-sz     await     %util
03:44:02 PM IST   nvme0n1      0.00      0.00      0.00      0.00      0.00      0.00      0.00      0.00
03:44:02 PM IST       sda      2.00      8.00      0.00      0.00      4.00      0.00      0.00      0.40

03:44:02 PM IST       DEV       tps     rkB/s     wkB/s     dkB/s   areq-sz    aqu-sz     await     %util
03:44:03 PM IST   nvme0n1      0.00      0.00      0.00      0.00      0.00      0.00      0.00      0.00
03:44:03 PM IST       sda    451.00   5028.00    280.00      0.00     11.77      0.15      0.33      7.20

03:44:03 PM IST       DEV       tps     rkB/s     wkB/s     dkB/s   areq-sz    aqu-sz     await     %util
03:44:04 PM IST   nvme0n1      0.00      0.00      0.00      0.00      0.00      0.00      0.00      0.00
03:44:04 PM IST       sda     14.00    216.00    212.00      0.00     30.57      0.01      0.36      0.80

03:44:04 PM IST       DEV       tps     rkB/s     wkB/s     dkB/s   areq-sz    aqu-sz     await     %util
03:44:05 PM IST   nvme0n1      0.00      0.00      0.00      0.00      0.00      0.00      0.00      0.00
03:44:05 PM IST       sda     61.00     32.00   4948.00      0.00     81.64      0.06      0.95      1.60

03:44:05 PM IST       DEV       tps     rkB/s     wkB/s     dkB/s   areq-sz    aqu-sz     await     %util
03:44:06 PM IST   nvme0n1      0.00      0.00      0.00      0.00      0.00      0.00      0.00      0.00
03:44:06 PM IST       sda      5.00      0.00    108.00      0.00     21.60      0.00      0.40      0.00

03:44:06 PM IST       DEV       tps     rkB/s     wkB/s     dkB/s   areq-sz    aqu-sz     await     %util
03:44:07 PM IST   nvme0n1      0.00      0.00      0.00      0.00      0.00      0.00      0.00      0.00
03:44:07 PM IST       sda      0.00      0.00      0.00      0.00      0.00      0.00      0.00      0.00

03:44:07 PM IST       DEV       tps     rkB/s     wkB/s     dkB/s   areq-sz    aqu-sz     await     %util
03:44:08 PM IST   nvme0n1      0.00      0.00      0.00      0.00      0.00      0.00      0.00      0.00
03:44:08 PM IST       sda     17.00      0.00     72.00      0.00      4.24      0.00      0.24      0.00

03:44:08 PM IST       DEV       tps     rkB/s     wkB/s     dkB/s   areq-sz    aqu-sz     await     %util
03:44:09 PM IST   nvme0n1      0.00      0.00      0.00      0.00      0.00      0.00      0.00      0.00
03:44:09 PM IST       sda      3.00      0.00     32.00      0.00     10.67      0.00      0.33      0.00

03:44:09 PM IST       DEV       tps     rkB/s     wkB/s     dkB/s   areq-sz    aqu-sz     await     %util
03:44:10 PM IST   nvme0n1      0.00      0.00      0.00      0.00      0.00      0.00      0.00      0.00
03:44:10 PM IST       sda     23.00    344.00   4096.00      0.00    193.04      0.05      2.13      0.80

03:44:10 PM IST       DEV       tps     rkB/s     wkB/s     dkB/s   areq-sz    aqu-sz     await     %util
03:44:11 PM IST   nvme0n1      0.00      0.00      0.00      0.00      0.00      0.00      0.00      0.00
03:44:11 PM IST       sda     59.00    224.00    228.00      0.00      7.66      0.02      0.32      1.20

03:44:11 PM IST       DEV       tps     rkB/s     wkB/s     dkB/s   areq-sz    aqu-sz     await     %util
03:44:12 PM IST   nvme0n1      0.00      0.00      0.00      0.00      0.00      0.00      0.00      0.00
03:44:12 PM IST       sda     19.00      0.00     76.00      0.00      4.00      0.01      0.37      0.00

03:44:12 PM IST       DEV       tps     rkB/s     wkB/s     dkB/s   areq-sz    aqu-sz     await     %util
03:44:13 PM IST   nvme0n1      0.00      0.00      0.00      0.00      0.00      0.00      0.00      0.00
03:44:13 PM IST       sda    109.00      0.00   1468.00      0.00     13.47      0.03      0.27      0.40

03:44:13 PM IST       DEV       tps     rkB/s     wkB/s     dkB/s   areq-sz    aqu-sz     await     %util
03:44:14 PM IST   nvme0n1      0.00      0.00      0.00      0.00      0.00      0.00      0.00      0.00
03:44:14 PM IST       sda      0.00      0.00      0.00      0.00      0.00      0.00      0.00      0.00

03:44:14 PM IST       DEV       tps     rkB/s     wkB/s     dkB/s   areq-sz    aqu-sz     await     %util
03:44:15 PM IST   nvme0n1      0.00      0.00      0.00      0.00      0.00      0.00      0.00      0.00
03:44:15 PM IST       sda     60.00     68.00    844.00      0.00     15.20      0.04      0.40      1.60

03:44:15 PM IST       DEV       tps     rkB/s     wkB/s     dkB/s   areq-sz    aqu-sz     await     %util
03:44:16 PM IST   nvme0n1      0.00      0.00      0.00      0.00      0.00      0.00      0.00      0.00
03:44:16 PM IST       sda      1.00      0.00      8.00      0.00      8.00      0.00      0.00      0.00

03:44:16 PM IST       DEV       tps     rkB/s     wkB/s     dkB/s   areq-sz    aqu-sz     await     %util
03:44:17 PM IST   nvme0n1      0.00      0.00      0.00      0.00      0.00      0.00      0.00      0.00
03:44:17 PM IST       sda     23.76      0.00    396.04      0.00     16.67      0.01      0.33      0.40

03:44:17 PM IST       DEV       tps     rkB/s     wkB/s     dkB/s   areq-sz    aqu-sz     await     %util
03:44:18 PM IST   nvme0n1      0.00      0.00      0.00      0.00      0.00      0.00      0.00      0.00
03:44:18 PM IST       sda      2.02     28.28      0.00      0.00     14.00      0.00      0.00      0.00

03:44:18 PM IST       DEV       tps     rkB/s     wkB/s     dkB/s   areq-sz    aqu-sz     await     %util
03:44:19 PM IST   nvme0n1      0.00      0.00      0.00      0.00      0.00      0.00      0.00      0.00
03:44:19 PM IST       sda     83.17     43.56    867.33      0.00     10.95      0.02      0.18      0.79

03:44:19 PM IST       DEV       tps     rkB/s     wkB/s     dkB/s   areq-sz    aqu-sz     await     %util
03:44:20 PM IST   nvme0n1      0.00      0.00      0.00      0.00      0.00      0.00      0.00      0.00
03:44:20 PM IST       sda     27.00      0.00    496.00      0.00     18.37      0.01      0.26      1.20

03:44:20 PM IST       DEV       tps     rkB/s     wkB/s     dkB/s   areq-sz    aqu-sz     await     %util
03:44:21 PM IST   nvme0n1      0.00      0.00      0.00      0.00      0.00      0.00      0.00      0.00
03:44:21 PM IST       sda      1.00      4.00      0.00      0.00      4.00      0.00      0.00      0.00

03:44:21 PM IST       DEV       tps     rkB/s     wkB/s     dkB/s   areq-sz    aqu-sz     await     %util
03:44:22 PM IST   nvme0n1      0.00      0.00      0.00      0.00      0.00      0.00      0.00      0.00
03:44:22 PM IST       sda      9.00      0.00     36.00      0.00      4.00      0.00      0.11      0.00

03:44:22 PM IST       DEV       tps     rkB/s     wkB/s     dkB/s   areq-sz    aqu-sz     await     %util
03:44:23 PM IST   nvme0n1      0.00      0.00      0.00      0.00      0.00      0.00      0.00      0.00
03:44:23 PM IST       sda    141.00      0.00   5248.00      0.00     37.22      0.07      0.52      0.80

03:44:23 PM IST       DEV       tps     rkB/s     wkB/s     dkB/s   areq-sz    aqu-sz     await     %util
03:44:24 PM IST   nvme0n1      0.00      0.00      0.00      0.00      0.00      0.00      0.00      0.00
03:44:24 PM IST       sda    131.00      0.00   1000.00      0.00      7.63      0.13      0.56      5.60

03:44:24 PM IST       DEV       tps     rkB/s     wkB/s     dkB/s   areq-sz    aqu-sz     await     %util
03:44:25 PM IST   nvme0n1      0.00      0.00      0.00      0.00      0.00      0.00      0.00      0.00
03:44:25 PM IST       sda      0.00      0.00      0.00      0.00      0.00      0.00      0.00      0.00

03:44:25 PM IST       DEV       tps     rkB/s     wkB/s     dkB/s   areq-sz    aqu-sz     await     %util
03:44:26 PM IST   nvme0n1      0.00      0.00      0.00      0.00      0.00      0.00      0.00      0.00
03:44:26 PM IST       sda    125.00      0.00  13412.00      0.00    107.30      0.16      1.27      2.80

03:44:26 PM IST       DEV       tps     rkB/s     wkB/s     dkB/s   areq-sz    aqu-sz     await     %util
03:44:27 PM IST   nvme0n1      0.00      0.00      0.00      0.00      0.00      0.00      0.00      0.00
03:44:27 PM IST       sda      9.00      0.00    196.00      0.00     21.78      0.00      0.22      0.00

03:44:27 PM IST       DEV       tps     rkB/s     wkB/s     dkB/s   areq-sz    aqu-sz     await     %util
03:44:28 PM IST   nvme0n1      0.00      0.00      0.00      0.00      0.00      0.00      0.00      0.00
03:44:28 PM IST       sda      0.00      0.00      0.00      0.00      0.00      0.00      0.00      0.00

03:44:28 PM IST       DEV       tps     rkB/s     wkB/s     dkB/s   areq-sz    aqu-sz     await     %util
03:44:29 PM IST   nvme0n1      0.00      0.00      0.00      0.00      0.00      0.00      0.00      0.00
03:44:29 PM IST       sda     24.00      0.00    100.00      0.00      4.17      0.01      0.29      0.00

03:44:29 PM IST       DEV       tps     rkB/s     wkB/s     dkB/s   areq-sz    aqu-sz     await     %util
03:44:30 PM IST   nvme0n1      0.00      0.00      0.00      0.00      0.00      0.00      0.00      0.00
03:44:30 PM IST       sda      0.00      0.00      0.00      0.00      0.00      0.00      0.00      0.00

03:44:30 PM IST       DEV       tps     rkB/s     wkB/s     dkB/s   areq-sz    aqu-sz     await     %util
03:44:31 PM IST   nvme0n1      0.00      0.00      0.00      0.00      0.00      0.00      0.00      0.00
03:44:31 PM IST       sda     16.00      0.00   4284.00      0.00    267.75      0.03      1.69      0.80

03:44:31 PM IST       DEV       tps     rkB/s     wkB/s     dkB/s   areq-sz    aqu-sz     await     %util
03:44:32 PM IST   nvme0n1      0.00      0.00      0.00      0.00      0.00      0.00      0.00      0.00
03:44:32 PM IST       sda      7.00      0.00    152.00      0.00     21.71      0.01      0.57      0.00

03:44:32 PM IST       DEV       tps     rkB/s     wkB/s     dkB/s   areq-sz    aqu-sz     await     %util
03:44:33 PM IST   nvme0n1      0.00      0.00      0.00      0.00      0.00      0.00      0.00      0.00
03:44:33 PM IST       sda      0.00      0.00      0.00      0.00      0.00      0.00      0.00      0.00

03:44:33 PM IST       DEV       tps     rkB/s     wkB/s     dkB/s   areq-sz    aqu-sz     await     %util
03:44:34 PM IST   nvme0n1      0.00      0.00      0.00      0.00      0.00      0.00      0.00      0.00
03:44:34 PM IST       sda      0.00      0.00      0.00      0.00      0.00      0.00      0.00      0.00

03:44:34 PM IST       DEV       tps     rkB/s     wkB/s     dkB/s   areq-sz    aqu-sz     await     %util
03:44:35 PM IST   nvme0n1      0.00      0.00      0.00      0.00      0.00      0.00      0.00      0.00
03:44:35 PM IST       sda      4.00      0.00     16.00      0.00      4.00      0.00      0.50      0.00

03:44:35 PM IST       DEV       tps     rkB/s     wkB/s     dkB/s   areq-sz    aqu-sz     await     %util
03:44:36 PM IST   nvme0n1      0.00      0.00      0.00      0.00      0.00      0.00      0.00      0.00
03:44:36 PM IST       sda      0.00      0.00      0.00      0.00      0.00      0.00      0.00      0.00

03:44:36 PM IST       DEV       tps     rkB/s     wkB/s     dkB/s   areq-sz    aqu-sz     await     %util
03:44:37 PM IST   nvme0n1      0.00      0.00      0.00      0.00      0.00      0.00      0.00      0.00
03:44:37 PM IST       sda      0.00      0.00      0.00      0.00      0.00      0.00      0.00      0.00

03:44:37 PM IST       DEV       tps     rkB/s     wkB/s     dkB/s   areq-sz    aqu-sz     await     %util
03:44:38 PM IST   nvme0n1      0.00      0.00      0.00      0.00      0.00      0.00      0.00      0.00
03:44:38 PM IST       sda      7.00      0.00     92.00      0.00     13.14      0.01      0.57      0.00

03:44:38 PM IST       DEV       tps     rkB/s     wkB/s     dkB/s   areq-sz    aqu-sz     await     %util
03:44:39 PM IST   nvme0n1      0.00      0.00      0.00      0.00      0.00      0.00      0.00      0.00
03:44:39 PM IST       sda     89.00      0.00    488.00      0.00      5.48      0.02      0.18      0.00

03:44:39 PM IST       DEV       tps     rkB/s     wkB/s     dkB/s   areq-sz    aqu-sz     await     %util
03:44:40 PM IST   nvme0n1      0.00      0.00      0.00      0.00      0.00      0.00      0.00      0.00
03:44:40 PM IST       sda      0.00      0.00      0.00      0.00      0.00      0.00      0.00      0.00

03:44:40 PM IST       DEV       tps     rkB/s     wkB/s     dkB/s   areq-sz    aqu-sz     await     %util
03:44:41 PM IST   nvme0n1      0.00      0.00      0.00      0.00      0.00      0.00      0.00      0.00
03:44:41 PM IST       sda      2.00      0.00      8.00      0.00      4.00      0.00      0.50      0.00

03:44:41 PM IST       DEV       tps     rkB/s     wkB/s     dkB/s   areq-sz    aqu-sz     await     %util
03:44:42 PM IST   nvme0n1      0.00      0.00      0.00      0.00      0.00      0.00      0.00      0.00
03:44:42 PM IST       sda      1.00      0.00      8.00      0.00      8.00      0.00      0.00      0.00

03:44:42 PM IST       DEV       tps     rkB/s     wkB/s     dkB/s   areq-sz    aqu-sz     await     %util
03:44:43 PM IST   nvme0n1      0.00      0.00      0.00      0.00      0.00      0.00      0.00      0.00
03:44:43 PM IST       sda     11.00      0.00    276.00      0.00     25.09      0.01      0.45      0.80

03:44:43 PM IST       DEV       tps     rkB/s     wkB/s     dkB/s   areq-sz    aqu-sz     await     %util
03:44:44 PM IST   nvme0n1      0.00      0.00      0.00      0.00      0.00      0.00      0.00      0.00
03:44:44 PM IST       sda      2.00      0.00     16.00      0.00      8.00      0.00      0.50      0.00

03:44:44 PM IST       DEV       tps     rkB/s     wkB/s     dkB/s   areq-sz    aqu-sz     await     %util
03:44:45 PM IST   nvme0n1      0.00      0.00      0.00      0.00      0.00      0.00      0.00      0.00
03:44:45 PM IST       sda     58.00      0.00    416.00      0.00      7.17      0.04      0.53      1.20

03:44:45 PM IST       DEV       tps     rkB/s     wkB/s     dkB/s   areq-sz    aqu-sz     await     %util
03:44:46 PM IST   nvme0n1      0.00      0.00      0.00      0.00      0.00      0.00      0.00      0.00
03:44:46 PM IST       sda     43.00      0.00   1700.00      0.00     39.53      0.01      0.21      0.40

03:44:46 PM IST       DEV       tps     rkB/s     wkB/s     dkB/s   areq-sz    aqu-sz     await     %util
03:44:47 PM IST   nvme0n1      0.00      0.00      0.00      0.00      0.00      0.00      0.00      0.00
03:44:47 PM IST       sda     27.00     36.00    284.00      0.00     11.85      0.01      0.37      1.20

03:44:47 PM IST       DEV       tps     rkB/s     wkB/s     dkB/s   areq-sz    aqu-sz     await     %util
03:44:48 PM IST   nvme0n1      0.00      0.00      0.00      0.00      0.00      0.00      0.00      0.00
03:44:48 PM IST       sda      9.00      0.00     36.00      0.00      4.00      0.01      0.78      0.00

03:44:48 PM IST       DEV       tps     rkB/s     wkB/s     dkB/s   areq-sz    aqu-sz     await     %util
03:44:49 PM IST   nvme0n1      0.00      0.00      0.00      0.00      0.00      0.00      0.00      0.00
03:44:49 PM IST       sda      3.00      4.00     20.00      0.00      8.00      0.00      1.00      0.80

03:44:49 PM IST       DEV       tps     rkB/s     wkB/s     dkB/s   areq-sz    aqu-sz     await     %util
03:44:50 PM IST   nvme0n1      0.00      0.00      0.00      0.00      0.00      0.00      0.00      0.00
03:44:50 PM IST       sda     35.00      0.00    984.00      0.00     28.11      0.02      0.49      0.00

03:44:50 PM IST       DEV       tps     rkB/s     wkB/s     dkB/s   areq-sz    aqu-sz     await     %util
03:44:51 PM IST   nvme0n1      0.00      0.00      0.00      0.00      0.00      0.00      0.00      0.00
03:44:51 PM IST       sda     19.00      4.00    696.00      0.00     36.84      0.01      0.21      0.40

03:44:51 PM IST       DEV       tps     rkB/s     wkB/s     dkB/s   areq-sz    aqu-sz     await     %util
03:44:52 PM IST   nvme0n1      0.00      0.00      0.00      0.00      0.00      0.00      0.00      0.00
03:44:52 PM IST       sda      0.00      0.00      0.00      0.00      0.00      0.00      0.00      0.00

03:44:52 PM IST       DEV       tps     rkB/s     wkB/s     dkB/s   areq-sz    aqu-sz     await     %util
03:44:53 PM IST   nvme0n1      0.00      0.00      0.00      0.00      0.00      0.00      0.00      0.00
03:44:53 PM IST       sda     13.00      8.00    160.00      0.00     12.92      0.00      0.23      0.00

03:44:53 PM IST       DEV       tps     rkB/s     wkB/s     dkB/s   areq-sz    aqu-sz     await     %util
03:44:54 PM IST   nvme0n1      0.00      0.00      0.00      0.00      0.00      0.00      0.00      0.00
03:44:54 PM IST       sda     13.00      0.00    172.00      0.00     13.23      0.01      0.31      0.40

03:44:54 PM IST       DEV       tps     rkB/s     wkB/s     dkB/s   areq-sz    aqu-sz     await     %util
03:44:55 PM IST   nvme0n1      0.00      0.00      0.00      0.00      0.00      0.00      0.00      0.00
03:44:55 PM IST       sda    123.00      0.00    800.00      0.00      6.50      0.03      0.20      0.80

03:44:55 PM IST       DEV       tps     rkB/s     wkB/s     dkB/s   areq-sz    aqu-sz     await     %util
03:44:56 PM IST   nvme0n1      0.00      0.00      0.00      0.00      0.00      0.00      0.00      0.00
03:44:56 PM IST       sda     17.00      0.00    548.00      0.00     32.24      0.00      0.18      0.00

03:44:56 PM IST       DEV       tps     rkB/s     wkB/s     dkB/s   areq-sz    aqu-sz     await     %util
03:44:57 PM IST   nvme0n1      0.00      0.00      0.00      0.00      0.00      0.00      0.00      0.00
03:44:57 PM IST       sda     69.00      0.00    732.00      0.00     10.61      0.02      0.19      0.80

03:44:57 PM IST       DEV       tps     rkB/s     wkB/s     dkB/s   areq-sz    aqu-sz     await     %util
03:44:58 PM IST   nvme0n1      0.00      0.00      0.00      0.00      0.00      0.00      0.00      0.00
03:44:58 PM IST       sda    108.00      0.00   2340.00      0.00     21.67      0.04      0.35      0.40

03:44:58 PM IST       DEV       tps     rkB/s     wkB/s     dkB/s   areq-sz    aqu-sz     await     %util
03:44:59 PM IST   nvme0n1      0.00      0.00      0.00      0.00      0.00      0.00      0.00      0.00
03:44:59 PM IST       sda      0.00      0.00      0.00      0.00      0.00      0.00      0.00      0.00

03:44:59 PM IST       DEV       tps     rkB/s     wkB/s     dkB/s   areq-sz    aqu-sz     await     %util
03:45:00 PM IST   nvme0n1      0.00      0.00      0.00      0.00      0.00      0.00      0.00      0.00
03:45:00 PM IST       sda      2.00      0.00     28.00      0.00     14.00      0.00      0.50      0.40

03:45:00 PM IST       DEV       tps     rkB/s     wkB/s     dkB/s   areq-sz    aqu-sz     await     %util
03:45:01 PM IST   nvme0n1      0.00      0.00      0.00      0.00      0.00      0.00      0.00      0.00
03:45:01 PM IST       sda     19.00      0.00    448.00      0.00     23.58      0.01      0.32      0.40

03:45:01 PM IST       DEV       tps     rkB/s     wkB/s     dkB/s   areq-sz    aqu-sz     await     %util
03:45:02 PM IST   nvme0n1      0.00      0.00      0.00      0.00      0.00      0.00      0.00      0.00
03:45:02 PM IST       sda     28.00      0.00    264.00      0.00      9.43      0.02      0.36      0.80

03:45:02 PM IST       DEV       tps     rkB/s     wkB/s     dkB/s   areq-sz    aqu-sz     await     %util
03:45:03 PM IST   nvme0n1      0.00      0.00      0.00      0.00      0.00      0.00      0.00      0.00
03:45:03 PM IST       sda      1.00      0.00      4.00      0.00      4.00      0.00      0.00      0.00

03:45:03 PM IST       DEV       tps     rkB/s     wkB/s     dkB/s   areq-sz    aqu-sz     await     %util
03:45:04 PM IST   nvme0n1      0.00      0.00      0.00      0.00      0.00      0.00      0.00      0.00
03:45:04 PM IST       sda     53.00     16.00   1448.00      0.00     27.62      0.02      0.36      0.40

03:45:04 PM IST       DEV       tps     rkB/s     wkB/s     dkB/s   areq-sz    aqu-sz     await     %util
03:45:05 PM IST   nvme0n1      0.00      0.00      0.00      0.00      0.00      0.00      0.00      0.00
03:45:05 PM IST       sda      3.00      0.00    288.00      0.00     96.00      0.00      0.67      0.40

03:45:05 PM IST       DEV       tps     rkB/s     wkB/s     dkB/s   areq-sz    aqu-sz     await     %util
03:45:06 PM IST   nvme0n1      0.00      0.00      0.00      0.00      0.00      0.00      0.00      0.00
03:45:06 PM IST       sda      5.00      0.00    144.00      0.00     28.80      0.00      0.40      0.40

03:45:06 PM IST       DEV       tps     rkB/s     wkB/s     dkB/s   areq-sz    aqu-sz     await     %util
03:45:07 PM IST   nvme0n1      0.00      0.00      0.00      0.00      0.00      0.00      0.00      0.00
03:45:07 PM IST       sda     13.00      0.00    284.00      0.00     21.85      0.01      0.31      0.40

03:45:07 PM IST       DEV       tps     rkB/s     wkB/s     dkB/s   areq-sz    aqu-sz     await     %util
03:45:08 PM IST   nvme0n1      0.00      0.00      0.00      0.00      0.00      0.00      0.00      0.00
03:45:08 PM IST       sda      0.00      0.00      0.00      0.00      0.00      0.00      0.00      0.00

03:45:08 PM IST       DEV       tps     rkB/s     wkB/s     dkB/s   areq-sz    aqu-sz     await     %util
03:45:09 PM IST   nvme0n1      0.00      0.00      0.00      0.00      0.00      0.00      0.00      0.00
03:45:09 PM IST       sda    133.00      0.00   1172.00      0.00      8.81      0.03      0.25      0.00

03:45:09 PM IST       DEV       tps     rkB/s     wkB/s     dkB/s   areq-sz    aqu-sz     await     %util
03:45:10 PM IST   nvme0n1      0.00      0.00      0.00      0.00      0.00      0.00      0.00      0.00
03:45:10 PM IST       sda      0.00      0.00      0.00      0.00      0.00      0.00      0.00      0.00

03:45:10 PM IST       DEV       tps     rkB/s     wkB/s     dkB/s   areq-sz    aqu-sz     await     %util
03:45:11 PM IST   nvme0n1      0.00      0.00      0.00      0.00      0.00      0.00      0.00      0.00
03:45:11 PM IST       sda      2.00      0.00     24.00      0.00     12.00      0.00      1.00      0.40

03:45:11 PM IST       DEV       tps     rkB/s     wkB/s     dkB/s   areq-sz    aqu-sz     await     %util
03:45:12 PM IST   nvme0n1      0.00      0.00      0.00      0.00      0.00      0.00      0.00      0.00
03:45:12 PM IST       sda     10.00      0.00    264.00      0.00     26.40      0.01      0.40      0.80

03:45:12 PM IST       DEV       tps     rkB/s     wkB/s     dkB/s   areq-sz    aqu-sz     await     %util
03:45:13 PM IST   nvme0n1      0.00      0.00      0.00      0.00      0.00      0.00      0.00      0.00
03:45:13 PM IST       sda     23.00    312.00    196.00      0.00     22.09      0.02      0.57      0.40

03:45:13 PM IST       DEV       tps     rkB/s     wkB/s     dkB/s   areq-sz    aqu-sz     await     %util
03:45:14 PM IST   nvme0n1      0.00      0.00      0.00      0.00      0.00      0.00      0.00      0.00
03:45:14 PM IST       sda      5.00    144.00      0.00      0.00     28.80      0.00      0.60      0.40

03:45:14 PM IST       DEV       tps     rkB/s     wkB/s     dkB/s   areq-sz    aqu-sz     await     %util
03:45:15 PM IST   nvme0n1      0.00      0.00      0.00      0.00      0.00      0.00      0.00      0.00
03:45:15 PM IST       sda    115.00     12.00   1280.00      0.00     11.23      0.04      0.30      1.20

03:45:15 PM IST       DEV       tps     rkB/s     wkB/s     dkB/s   areq-sz    aqu-sz     await     %util
03:45:16 PM IST   nvme0n1      0.00      0.00      0.00      0.00      0.00      0.00      0.00      0.00
03:45:16 PM IST       sda      5.00      0.00     52.00      0.00     10.40      0.00      0.20      0.00

03:45:16 PM IST       DEV       tps     rkB/s     wkB/s     dkB/s   areq-sz    aqu-sz     await     %util
03:45:17 PM IST   nvme0n1      0.00      0.00      0.00      0.00      0.00      0.00      0.00      0.00
03:45:17 PM IST       sda     25.00      0.00    336.00      0.00     13.44      0.01      0.28      0.80

03:45:17 PM IST       DEV       tps     rkB/s     wkB/s     dkB/s   areq-sz    aqu-sz     await     %util
03:45:18 PM IST   nvme0n1      0.00      0.00      0.00      0.00      0.00      0.00      0.00      0.00
03:45:18 PM IST       sda     15.00      0.00     64.00      0.00      4.27      0.00      0.27      0.00

03:45:18 PM IST       DEV       tps     rkB/s     wkB/s     dkB/s   areq-sz    aqu-sz     await     %util
03:45:19 PM IST   nvme0n1      0.00      0.00      0.00      0.00      0.00      0.00      0.00      0.00
03:45:19 PM IST       sda      6.00      0.00     24.00      0.00      4.00      0.00      0.00      0.00

03:45:19 PM IST       DEV       tps     rkB/s     wkB/s     dkB/s   areq-sz    aqu-sz     await     %util
03:45:20 PM IST   nvme0n1      0.00      0.00      0.00      0.00      0.00      0.00      0.00      0.00
03:45:20 PM IST       sda     27.00      0.00    132.00      0.00      4.89      0.01      0.26      0.00

03:45:20 PM IST       DEV       tps     rkB/s     wkB/s     dkB/s   areq-sz    aqu-sz     await     %util
03:45:21 PM IST   nvme0n1      0.00      0.00      0.00      0.00      0.00      0.00      0.00      0.00
03:45:21 PM IST       sda     16.00      0.00    260.00      0.00     16.25      0.01      0.31      0.40

03:45:21 PM IST       DEV       tps     rkB/s     wkB/s     dkB/s   areq-sz    aqu-sz     await     %util
03:45:22 PM IST   nvme0n1      0.00      0.00      0.00      0.00      0.00      0.00      0.00      0.00
03:45:22 PM IST       sda      2.00      0.00     24.00      0.00     12.00      0.00      1.00      0.00

03:45:22 PM IST       DEV       tps     rkB/s     wkB/s     dkB/s   areq-sz    aqu-sz     await     %util
03:45:23 PM IST   nvme0n1      0.00      0.00      0.00      0.00      0.00      0.00      0.00      0.00
03:45:23 PM IST       sda     54.00      0.00   1512.00      0.00     28.00      0.04      0.69      0.40

03:45:23 PM IST       DEV       tps     rkB/s     wkB/s     dkB/s   areq-sz    aqu-sz     await     %util
03:45:24 PM IST   nvme0n1      0.00      0.00      0.00      0.00      0.00      0.00      0.00      0.00
03:45:24 PM IST       sda    169.00      0.00    752.00      0.00      4.45      0.04      0.25      0.40

03:45:24 PM IST       DEV       tps     rkB/s     wkB/s     dkB/s   areq-sz    aqu-sz     await     %util
03:45:25 PM IST   nvme0n1      0.00      0.00      0.00      0.00      0.00      0.00      0.00      0.00
03:45:25 PM IST       sda     19.00      0.00    292.00      0.00     15.37      0.01      0.37      0.40

03:45:25 PM IST       DEV       tps     rkB/s     wkB/s     dkB/s   areq-sz    aqu-sz     await     %util
03:45:26 PM IST   nvme0n1      0.00      0.00      0.00      0.00      0.00      0.00      0.00      0.00
03:45:26 PM IST       sda    105.00      0.00    708.00      0.00      6.74      0.03      0.32      0.00

03:45:26 PM IST       DEV       tps     rkB/s     wkB/s     dkB/s   areq-sz    aqu-sz     await     %util
03:45:27 PM IST   nvme0n1      0.00      0.00      0.00      0.00      0.00      0.00      0.00      0.00
03:45:27 PM IST       sda      1.00      0.00      4.00      0.00      4.00      0.00      0.00      0.00

03:45:27 PM IST       DEV       tps     rkB/s     wkB/s     dkB/s   areq-sz    aqu-sz     await     %util
03:45:28 PM IST   nvme0n1      0.00      0.00      0.00      0.00      0.00      0.00      0.00      0.00
03:45:28 PM IST       sda     28.00      0.00    164.00      0.00      5.86      0.01      0.29      0.00

03:45:28 PM IST       DEV       tps     rkB/s     wkB/s     dkB/s   areq-sz    aqu-sz     await     %util
03:45:29 PM IST   nvme0n1      0.00      0.00      0.00      0.00      0.00      0.00      0.00      0.00
03:45:29 PM IST       sda      5.00      0.00    192.00      0.00     38.40      0.01      0.40      0.00

03:45:29 PM IST       DEV       tps     rkB/s     wkB/s     dkB/s   areq-sz    aqu-sz     await     %util
03:45:30 PM IST   nvme0n1      0.00      0.00      0.00      0.00      0.00      0.00      0.00      0.00
03:45:30 PM IST       sda      0.00      0.00      0.00      0.00      0.00      0.00      0.00      0.00

03:45:30 PM IST       DEV       tps     rkB/s     wkB/s     dkB/s   areq-sz    aqu-sz     await     %util
03:45:31 PM IST   nvme0n1      0.00      0.00      0.00      0.00      0.00      0.00      0.00      0.00
03:45:31 PM IST       sda      0.00      0.00      0.00      0.00      0.00      0.00      0.00      0.00

03:45:31 PM IST       DEV       tps     rkB/s     wkB/s     dkB/s   areq-sz    aqu-sz     await     %util
03:45:32 PM IST   nvme0n1      0.00      0.00      0.00      0.00      0.00      0.00      0.00      0.00
03:45:32 PM IST       sda     24.00      0.00    224.00      0.00      9.33      0.01      0.33      0.40

03:45:32 PM IST       DEV       tps     rkB/s     wkB/s     dkB/s   areq-sz    aqu-sz     await     %util
03:45:33 PM IST   nvme0n1      0.00      0.00      0.00      0.00      0.00      0.00      0.00      0.00
03:45:33 PM IST       sda     34.00      0.00    248.00      0.00      7.29      0.01      0.15      0.00

03:45:33 PM IST       DEV       tps     rkB/s     wkB/s     dkB/s   areq-sz    aqu-sz     await     %util
03:45:34 PM IST   nvme0n1      0.00      0.00      0.00      0.00      0.00      0.00      0.00      0.00
03:45:34 PM IST       sda      3.00      0.00     12.00      0.00      4.00      0.00      0.00      0.00

03:45:34 PM IST       DEV       tps     rkB/s     wkB/s     dkB/s   areq-sz    aqu-sz     await     %util
03:45:35 PM IST   nvme0n1      0.00      0.00      0.00      0.00      0.00      0.00      0.00      0.00
03:45:35 PM IST       sda     27.00     12.00    240.00      0.00      9.33      0.01      0.33      0.00

03:45:35 PM IST       DEV       tps     rkB/s     wkB/s     dkB/s   areq-sz    aqu-sz     await     %util
03:45:36 PM IST   nvme0n1      0.00      0.00      0.00      0.00      0.00      0.00      0.00      0.00
03:45:36 PM IST       sda      0.00      0.00      0.00      0.00      0.00      0.00      0.00      0.00

03:45:36 PM IST       DEV       tps     rkB/s     wkB/s     dkB/s   areq-sz    aqu-sz     await     %util
03:45:37 PM IST   nvme0n1      0.00      0.00      0.00      0.00      0.00      0.00      0.00      0.00
03:45:37 PM IST       sda      0.00      0.00      0.00      0.00      0.00      0.00      0.00      0.00

03:45:37 PM IST       DEV       tps     rkB/s     wkB/s     dkB/s   areq-sz    aqu-sz     await     %util
03:45:38 PM IST   nvme0n1      0.00      0.00      0.00      0.00      0.00      0.00      0.00      0.00
03:45:38 PM IST       sda      5.00      0.00    184.00      0.00     36.80      0.01      0.60      0.00

03:45:38 PM IST       DEV       tps     rkB/s     wkB/s     dkB/s   areq-sz    aqu-sz     await     %util
03:45:39 PM IST   nvme0n1      0.00      0.00      0.00      0.00      0.00      0.00      0.00      0.00
03:45:39 PM IST       sda     39.00      0.00    356.00      0.00      9.13      0.10      2.59      2.40

03:45:39 PM IST       DEV       tps     rkB/s     wkB/s     dkB/s   areq-sz    aqu-sz     await     %util
03:45:40 PM IST   nvme0n1      0.00      0.00      0.00      0.00      0.00      0.00      0.00      0.00
03:45:40 PM IST       sda     31.00      0.00    160.00      0.00      5.16      0.02      0.55      0.00

03:45:40 PM IST       DEV       tps     rkB/s     wkB/s     dkB/s   areq-sz    aqu-sz     await     %util
03:45:41 PM IST   nvme0n1      0.00      0.00      0.00      0.00      0.00      0.00      0.00      0.00
03:45:41 PM IST       sda      0.00      0.00      0.00      0.00      0.00      0.00      0.00      0.00

03:45:41 PM IST       DEV       tps     rkB/s     wkB/s     dkB/s   areq-sz    aqu-sz     await     %util
03:45:42 PM IST   nvme0n1      0.00      0.00      0.00      0.00      0.00      0.00      0.00      0.00
03:45:42 PM IST       sda     11.00      0.00     48.00      0.00      4.36      0.01      0.73      0.00

03:45:42 PM IST       DEV       tps     rkB/s     wkB/s     dkB/s   areq-sz    aqu-sz     await     %util
03:45:43 PM IST   nvme0n1      0.00      0.00      0.00      0.00      0.00      0.00      0.00      0.00
03:45:43 PM IST       sda      0.00      0.00      0.00      0.00      0.00      0.00      0.00      0.00

03:45:43 PM IST       DEV       tps     rkB/s     wkB/s     dkB/s   areq-sz    aqu-sz     await     %util
03:45:44 PM IST   nvme0n1      0.00      0.00      0.00      0.00      0.00      0.00      0.00      0.00
03:45:44 PM IST       sda      3.00      0.00    152.00      0.00     50.67      0.00      0.67      0.40

03:45:44 PM IST       DEV       tps     rkB/s     wkB/s     dkB/s   areq-sz    aqu-sz     await     %util
03:45:45 PM IST   nvme0n1      0.00      0.00      0.00      0.00      0.00      0.00      0.00      0.00
03:45:45 PM IST       sda      8.00     28.00      4.00      0.00      4.00      0.00      0.12      0.00

03:45:45 PM IST       DEV       tps     rkB/s     wkB/s     dkB/s   areq-sz    aqu-sz     await     %util
03:45:46 PM IST   nvme0n1      0.00      0.00      0.00      0.00      0.00      0.00      0.00      0.00
03:45:46 PM IST       sda      5.00      0.00     96.00      0.00     19.20      0.00      0.60      0.40

03:45:46 PM IST       DEV       tps     rkB/s     wkB/s     dkB/s   areq-sz    aqu-sz     await     %util
03:45:47 PM IST   nvme0n1      0.00      0.00      0.00      0.00      0.00      0.00      0.00      0.00
03:45:47 PM IST       sda      0.00      0.00      0.00      0.00      0.00      0.00      0.00      0.00

03:45:47 PM IST       DEV       tps     rkB/s     wkB/s     dkB/s   areq-sz    aqu-sz     await     %util
03:45:48 PM IST   nvme0n1      0.00      0.00      0.00      0.00      0.00      0.00      0.00      0.00
03:45:48 PM IST       sda     30.00      4.00    660.00      0.00     22.13      0.01      0.50      0.00

03:45:48 PM IST       DEV       tps     rkB/s     wkB/s     dkB/s   areq-sz    aqu-sz     await     %util
03:45:49 PM IST   nvme0n1      0.00      0.00      0.00      0.00      0.00      0.00      0.00      0.00
03:45:49 PM IST       sda     28.00      0.00    476.00      0.00     17.00      0.02      0.39      1.20

03:45:49 PM IST       DEV       tps     rkB/s     wkB/s     dkB/s   areq-sz    aqu-sz     await     %util
03:45:50 PM IST   nvme0n1      0.00      0.00      0.00      0.00      0.00      0.00      0.00      0.00
03:45:50 PM IST       sda      5.00     52.00      8.00      0.00     12.00      0.00      0.60      0.00

03:45:50 PM IST       DEV       tps     rkB/s     wkB/s     dkB/s   areq-sz    aqu-sz     await     %util
03:45:51 PM IST   nvme0n1      0.00      0.00      0.00      0.00      0.00      0.00      0.00      0.00
03:45:51 PM IST       sda      5.00      0.00    212.00      0.00     42.40      0.00      0.40      0.00

03:45:51 PM IST       DEV       tps     rkB/s     wkB/s     dkB/s   areq-sz    aqu-sz     await     %util
03:45:52 PM IST   nvme0n1      0.00      0.00      0.00      0.00      0.00      0.00      0.00      0.00
03:45:52 PM IST       sda      4.00      0.00    256.00      0.00     64.00      0.00      0.50      0.00

03:45:52 PM IST       DEV       tps     rkB/s     wkB/s     dkB/s   areq-sz    aqu-sz     await     %util
03:45:53 PM IST   nvme0n1      0.00      0.00      0.00      0.00      0.00      0.00      0.00      0.00
03:45:53 PM IST       sda      2.00      8.00      0.00      0.00      4.00      0.00      0.00      0.00

03:45:53 PM IST       DEV       tps     rkB/s     wkB/s     dkB/s   areq-sz    aqu-sz     await     %util
03:45:54 PM IST   nvme0n1      0.00      0.00      0.00      0.00      0.00      0.00      0.00      0.00
03:45:54 PM IST       sda     52.00      0.00    272.00      0.00      5.23      0.03      0.50      0.00

03:45:54 PM IST       DEV       tps     rkB/s     wkB/s     dkB/s   areq-sz    aqu-sz     await     %util
03:45:55 PM IST   nvme0n1      0.00      0.00      0.00      0.00      0.00      0.00      0.00      0.00
03:45:55 PM IST       sda     14.00      0.00    260.00      0.00     18.57      0.01      0.36      0.40

03:45:55 PM IST       DEV       tps     rkB/s     wkB/s     dkB/s   areq-sz    aqu-sz     await     %util
03:45:56 PM IST   nvme0n1      0.00      0.00      0.00      0.00      0.00      0.00      0.00      0.00
03:45:56 PM IST       sda    104.00     32.00    652.00      0.00      6.58      0.01      0.12      0.00

03:45:56 PM IST       DEV       tps     rkB/s     wkB/s     dkB/s   areq-sz    aqu-sz     await     %util
03:45:57 PM IST   nvme0n1      0.00      0.00      0.00      0.00      0.00      0.00      0.00      0.00
03:45:57 PM IST       sda      5.00    140.00      4.00      0.00     28.80      0.00      0.40      0.40

03:45:57 PM IST       DEV       tps     rkB/s     wkB/s     dkB/s   areq-sz    aqu-sz     await     %util
03:45:58 PM IST   nvme0n1      0.00      0.00      0.00      0.00      0.00      0.00      0.00      0.00
03:45:58 PM IST       sda      0.00      0.00      0.00      0.00      0.00      0.00      0.00      0.00

03:45:58 PM IST       DEV       tps     rkB/s     wkB/s     dkB/s   areq-sz    aqu-sz     await     %util
03:45:59 PM IST   nvme0n1      0.00      0.00      0.00      0.00      0.00      0.00      0.00      0.00
03:45:59 PM IST       sda     44.00      0.00    500.00      0.00     11.36      0.01      0.20      0.00

03:45:59 PM IST       DEV       tps     rkB/s     wkB/s     dkB/s   areq-sz    aqu-sz     await     %util
03:46:00 PM IST   nvme0n1      0.00      0.00      0.00      0.00      0.00      0.00      0.00      0.00
03:46:00 PM IST       sda     11.00      0.00    148.00      0.00     13.45      0.00      0.09      0.00

03:46:00 PM IST       DEV       tps     rkB/s     wkB/s     dkB/s   areq-sz    aqu-sz     await     %util
03:46:01 PM IST   nvme0n1      0.00      0.00      0.00      0.00      0.00      0.00      0.00      0.00
03:46:01 PM IST       sda     18.00      0.00    320.00      0.00     17.78      0.01      0.39      0.80

03:46:01 PM IST       DEV       tps     rkB/s     wkB/s     dkB/s   areq-sz    aqu-sz     await     %util
03:46:02 PM IST   nvme0n1      0.00      0.00      0.00      0.00      0.00      0.00      0.00      0.00
03:46:02 PM IST       sda      9.00      0.00    256.00      0.00     28.44      0.00      0.33      0.00

03:46:02 PM IST       DEV       tps     rkB/s     wkB/s     dkB/s   areq-sz    aqu-sz     await     %util
03:46:03 PM IST   nvme0n1      0.00      0.00      0.00      0.00      0.00      0.00      0.00      0.00
03:46:03 PM IST       sda      1.00     60.00      0.00      0.00     60.00      0.00      1.00      0.00

03:46:03 PM IST       DEV       tps     rkB/s     wkB/s     dkB/s   areq-sz    aqu-sz     await     %util
03:46:04 PM IST   nvme0n1      0.00      0.00      0.00      0.00      0.00      0.00      0.00      0.00
03:46:04 PM IST       sda      0.00      0.00      0.00      0.00      0.00      0.00      0.00      0.00

03:46:04 PM IST       DEV       tps     rkB/s     wkB/s     dkB/s   areq-sz    aqu-sz     await     %util
03:46:05 PM IST   nvme0n1      0.00      0.00      0.00      0.00      0.00      0.00      0.00      0.00
03:46:05 PM IST       sda     55.00      0.00    492.00      0.00      8.95      0.02      0.25      1.20

03:46:05 PM IST       DEV       tps     rkB/s     wkB/s     dkB/s   areq-sz    aqu-sz     await     %util
03:46:06 PM IST   nvme0n1      0.00      0.00      0.00      0.00      0.00      0.00      0.00      0.00
03:46:06 PM IST       sda     48.00     20.00    304.00      0.00      6.75      0.01      0.29      0.40

03:46:06 PM IST       DEV       tps     rkB/s     wkB/s     dkB/s   areq-sz    aqu-sz     await     %util
03:46:07 PM IST   nvme0n1      0.00      0.00      0.00      0.00      0.00      0.00      0.00      0.00
03:46:07 PM IST       sda      3.00      0.00     96.00      0.00     32.00      0.00      0.33      0.00

03:46:07 PM IST       DEV       tps     rkB/s     wkB/s     dkB/s   areq-sz    aqu-sz     await     %util
03:46:08 PM IST   nvme0n1      0.00      0.00      0.00      0.00      0.00      0.00      0.00      0.00
03:46:08 PM IST       sda     28.00      0.00    256.00      0.00      9.14      0.01      0.32      0.00

03:46:08 PM IST       DEV       tps     rkB/s     wkB/s     dkB/s   areq-sz    aqu-sz     await     %util
03:46:09 PM IST   nvme0n1      0.00      0.00      0.00      0.00      0.00      0.00      0.00      0.00
03:46:09 PM IST       sda     39.00      0.00    584.00      0.00     14.97      0.01      0.21      0.00

03:46:09 PM IST       DEV       tps     rkB/s     wkB/s     dkB/s   areq-sz    aqu-sz     await     %util
03:46:10 PM IST   nvme0n1      0.00      0.00      0.00      0.00      0.00      0.00      0.00      0.00
03:46:10 PM IST       sda      4.00      0.00    128.00      0.00     32.00      0.00      0.25      0.40

03:46:10 PM IST       DEV       tps     rkB/s     wkB/s     dkB/s   areq-sz    aqu-sz     await     %util
03:46:11 PM IST   nvme0n1      0.00      0.00      0.00      0.00      0.00      0.00      0.00      0.00
03:46:11 PM IST       sda     25.00      0.00    140.00      0.00      5.60      0.01      0.20      0.00

03:46:11 PM IST       DEV       tps     rkB/s     wkB/s     dkB/s   areq-sz    aqu-sz     await     %util
03:46:12 PM IST   nvme0n1      0.00      0.00      0.00      0.00      0.00      0.00      0.00      0.00
03:46:12 PM IST       sda     21.00      0.00    256.00      0.00     12.19      0.00      0.19      0.00

03:46:12 PM IST       DEV       tps     rkB/s     wkB/s     dkB/s   areq-sz    aqu-sz     await     %util
03:46:13 PM IST   nvme0n1      0.00      0.00      0.00      0.00      0.00      0.00      0.00      0.00
03:46:13 PM IST       sda      0.00      0.00      0.00      0.00      0.00      0.00      0.00      0.00

03:46:13 PM IST       DEV       tps     rkB/s     wkB/s     dkB/s   areq-sz    aqu-sz     await     %util
03:46:14 PM IST   nvme0n1      0.00      0.00      0.00      0.00      0.00      0.00      0.00      0.00
03:46:14 PM IST       sda      1.00      0.00      8.00      0.00      8.00      0.00      1.00      0.00

03:46:14 PM IST       DEV       tps     rkB/s     wkB/s     dkB/s   areq-sz    aqu-sz     await     %util
03:46:15 PM IST   nvme0n1      0.00      0.00      0.00      0.00      0.00      0.00      0.00      0.00
03:46:15 PM IST       sda     24.00      0.00    504.00      0.00     21.00      0.01      0.25      0.00

03:46:15 PM IST       DEV       tps     rkB/s     wkB/s     dkB/s   areq-sz    aqu-sz     await     %util
03:46:16 PM IST   nvme0n1      0.00      0.00      0.00      0.00      0.00      0.00      0.00      0.00
03:46:16 PM IST       sda     19.00     12.00     84.00      0.00      5.05      0.01      0.21      0.00

03:46:16 PM IST       DEV       tps     rkB/s     wkB/s     dkB/s   areq-sz    aqu-sz     await     %util
03:46:17 PM IST   nvme0n1      0.00      0.00      0.00      0.00      0.00      0.00      0.00      0.00
03:46:17 PM IST       sda      3.00      0.00     24.00      0.00      8.00      0.00      0.00      0.00

03:46:17 PM IST       DEV       tps     rkB/s     wkB/s     dkB/s   areq-sz    aqu-sz     await     %util
03:46:18 PM IST   nvme0n1      0.00      0.00      0.00      0.00      0.00      0.00      0.00      0.00
03:46:18 PM IST       sda     41.00      0.00    512.00      0.00     12.49      0.02      0.41      0.40

03:46:18 PM IST       DEV       tps     rkB/s     wkB/s     dkB/s   areq-sz    aqu-sz     await     %util
03:46:19 PM IST   nvme0n1      0.00      0.00      0.00      0.00      0.00      0.00      0.00      0.00
03:46:19 PM IST       sda     14.00     52.00    116.00      0.00     12.00      0.01      0.29      0.40

03:46:19 PM IST       DEV       tps     rkB/s     wkB/s     dkB/s   areq-sz    aqu-sz     await     %util
03:46:20 PM IST   nvme0n1      0.00      0.00      0.00      0.00      0.00      0.00      0.00      0.00
03:46:20 PM IST       sda     42.00      0.00    248.00      0.00      5.90      0.01      0.21      0.00

03:46:20 PM IST       DEV       tps     rkB/s     wkB/s     dkB/s   areq-sz    aqu-sz     await     %util
03:46:21 PM IST   nvme0n1      0.00      0.00      0.00      0.00      0.00      0.00      0.00      0.00
03:46:21 PM IST       sda      2.00      0.00      8.00      0.00      4.00      0.00      0.50      0.00

03:46:21 PM IST       DEV       tps     rkB/s     wkB/s     dkB/s   areq-sz    aqu-sz     await     %util
03:46:22 PM IST   nvme0n1      0.00      0.00      0.00      0.00      0.00      0.00      0.00      0.00
03:46:22 PM IST       sda      0.00      0.00      0.00      0.00      0.00      0.00      0.00      0.00

03:46:22 PM IST       DEV       tps     rkB/s     wkB/s     dkB/s   areq-sz    aqu-sz     await     %util
03:46:23 PM IST   nvme0n1      0.00      0.00      0.00      0.00      0.00      0.00      0.00      0.00
03:46:23 PM IST       sda      2.00      0.00     12.00      0.00      6.00      0.00      0.50      0.00

03:46:23 PM IST       DEV       tps     rkB/s     wkB/s     dkB/s   areq-sz    aqu-sz     await     %util
03:46:24 PM IST   nvme0n1      0.00      0.00      0.00      0.00      0.00      0.00      0.00      0.00
03:46:24 PM IST       sda      2.00      0.00     24.00      0.00     12.00      0.00      1.00      0.00

03:46:24 PM IST       DEV       tps     rkB/s     wkB/s     dkB/s   areq-sz    aqu-sz     await     %util
03:46:25 PM IST   nvme0n1      0.00      0.00      0.00      0.00      0.00      0.00      0.00      0.00
03:46:25 PM IST       sda     11.00    108.00     68.00      0.00     16.00      0.01      0.36      0.80

03:46:25 PM IST       DEV       tps     rkB/s     wkB/s     dkB/s   areq-sz    aqu-sz     await     %util
03:46:26 PM IST   nvme0n1      0.00      0.00      0.00      0.00      0.00      0.00      0.00      0.00
03:46:26 PM IST       sda     14.00      0.00    152.00      0.00     10.86      0.01      0.43      0.00

03:46:26 PM IST       DEV       tps     rkB/s     wkB/s     dkB/s   areq-sz    aqu-sz     await     %util
03:46:27 PM IST   nvme0n1      0.00      0.00      0.00      0.00      0.00      0.00      0.00      0.00
03:46:27 PM IST       sda      0.00      0.00      0.00      0.00      0.00      0.00      0.00      0.00

03:46:27 PM IST       DEV       tps     rkB/s     wkB/s     dkB/s   areq-sz    aqu-sz     await     %util
03:46:28 PM IST   nvme0n1      0.00      0.00      0.00      0.00      0.00      0.00      0.00      0.00
03:46:28 PM IST       sda    103.00      0.00    432.00      0.00      4.19      0.01      0.11      0.00

03:46:28 PM IST       DEV       tps     rkB/s     wkB/s     dkB/s   areq-sz    aqu-sz     await     %util
03:46:29 PM IST   nvme0n1      0.00      0.00      0.00      0.00      0.00      0.00      0.00      0.00
03:46:29 PM IST       sda      7.00      0.00    216.00      0.00     30.86      0.01      0.57      0.00

03:46:29 PM IST       DEV       tps     rkB/s     wkB/s     dkB/s   areq-sz    aqu-sz     await     %util
03:46:30 PM IST   nvme0n1      0.00      0.00      0.00      0.00      0.00      0.00      0.00      0.00
03:46:30 PM IST       sda     52.00      0.00    304.00      0.00      5.85      0.01      0.23      0.40

03:46:30 PM IST       DEV       tps     rkB/s     wkB/s     dkB/s   areq-sz    aqu-sz     await     %util
03:46:31 PM IST   nvme0n1      0.00      0.00      0.00      0.00      0.00      0.00      0.00      0.00
03:46:31 PM IST       sda      6.00      0.00    260.00      0.00     43.33      0.01      0.33      0.40

03:46:31 PM IST       DEV       tps     rkB/s     wkB/s     dkB/s   areq-sz    aqu-sz     await     %util
03:46:32 PM IST   nvme0n1      0.00      0.00      0.00      0.00      0.00      0.00      0.00      0.00
03:46:32 PM IST       sda      0.00      0.00      0.00      0.00      0.00      0.00      0.00      0.00

03:46:32 PM IST       DEV       tps     rkB/s     wkB/s     dkB/s   areq-sz    aqu-sz     await     %util
03:46:33 PM IST   nvme0n1      0.00      0.00      0.00      0.00      0.00      0.00      0.00      0.00
03:46:33 PM IST       sda     25.00      0.00    104.00      0.00      4.16      0.01      0.40      0.00

03:46:33 PM IST       DEV       tps     rkB/s     wkB/s     dkB/s   areq-sz    aqu-sz     await     %util
03:46:34 PM IST   nvme0n1      0.00      0.00      0.00      0.00      0.00      0.00      0.00      0.00
03:46:34 PM IST       sda      3.00      0.00     16.00      0.00      5.33      0.00      0.00      0.00

03:46:34 PM IST       DEV       tps     rkB/s     wkB/s     dkB/s   areq-sz    aqu-sz     await     %util
03:46:35 PM IST   nvme0n1      0.00      0.00      0.00      0.00      0.00      0.00      0.00      0.00
03:46:35 PM IST       sda      3.00      0.00     32.00      0.00     10.67      0.00      0.67      0.00

03:46:35 PM IST       DEV       tps     rkB/s     wkB/s     dkB/s   areq-sz    aqu-sz     await     %util
03:46:36 PM IST   nvme0n1      0.00      0.00      0.00      0.00      0.00      0.00      0.00      0.00
03:46:36 PM IST       sda     55.00      0.00    432.00      0.00      7.85      0.01      0.22      0.80

03:46:36 PM IST       DEV       tps     rkB/s     wkB/s     dkB/s   areq-sz    aqu-sz     await     %util
03:46:37 PM IST   nvme0n1      0.00      0.00      0.00      0.00      0.00      0.00      0.00      0.00
03:46:37 PM IST       sda      0.00      0.00      0.00      0.00      0.00      0.00      0.00      0.00

03:46:37 PM IST       DEV       tps     rkB/s     wkB/s     dkB/s   areq-sz    aqu-sz     await     %util
03:46:38 PM IST   nvme0n1      0.00      0.00      0.00      0.00      0.00      0.00      0.00      0.00
03:46:38 PM IST       sda      0.00      0.00      0.00      0.00      0.00      0.00      0.00      0.00

03:46:38 PM IST       DEV       tps     rkB/s     wkB/s     dkB/s   areq-sz    aqu-sz     await     %util
03:46:39 PM IST   nvme0n1      0.00      0.00      0.00      0.00      0.00      0.00      0.00      0.00
03:46:39 PM IST       sda      0.00      0.00      0.00      0.00      0.00      0.00      0.00      0.00

03:46:39 PM IST       DEV       tps     rkB/s     wkB/s     dkB/s   areq-sz    aqu-sz     await     %util
03:46:40 PM IST   nvme0n1      0.00      0.00      0.00      0.00      0.00      0.00      0.00      0.00
03:46:40 PM IST       sda     62.00      0.00    600.00      0.00      9.68      0.02      0.27      0.80

03:46:40 PM IST       DEV       tps     rkB/s     wkB/s     dkB/s   areq-sz    aqu-sz     await     %util
03:46:41 PM IST   nvme0n1      0.00      0.00      0.00      0.00      0.00      0.00      0.00      0.00
03:46:41 PM IST       sda      6.00      0.00    116.00      0.00     19.33      0.01      0.33      0.40
