Linux 6.12.33+kali-amd64 (two94) 	23/11/25 	_x86_64_	(12 CPU)

03:03:41 PM IST     CPU     %user     %nice   %system   %iowait    %steal     %idle
03:03:42 PM IST     all     14.35      0.00      9.11      0.34      0.00     76.20
03:03:43 PM IST     all     16.18      0.00      8.60      0.00      0.00     75.21
03:03:44 PM IST     all     15.58      0.00      8.21      0.00      0.00     76.21
03:03:45 PM IST     all     15.80      0.00      8.37      0.00      0.00     75.83
03:03:46 PM IST     all     18.06      0.00      9.70      0.00      0.00     72.24
03:03:47 PM IST     all     16.43      0.00      8.34      0.00      0.00     75.23
03:03:48 PM IST     all     16.05      0.00      9.12      0.00      0.00     74.83
03:03:49 PM IST     all     15.72      0.00      9.04      0.00      0.00     75.23
03:03:50 PM IST     all     15.86      0.00      8.91      0.00      0.00     75.23
03:03:51 PM IST     all     16.51      0.00      9.28      0.00      0.00     74.21
03:03:52 PM IST     all     15.92      0.00      8.98      0.08      0.00     75.02
03:03:53 PM IST     all     16.85      0.00      8.34      0.00      0.00     74.81
03:03:54 PM IST     all     16.51      0.00      8.30      0.00      0.00     75.19
03:03:55 PM IST     all     15.19      0.00      8.87      0.00      0.00     75.94
03:03:56 PM IST     all     17.65      0.00      9.38      0.00      0.00     72.97
03:03:57 PM IST     all     15.90      0.00      8.76      0.00      0.00     75.34
03:03:58 PM IST     all     15.01      0.00      9.16      0.00      0.00     75.83
03:03:59 PM IST     all     16.06      0.00      8.62      0.00      0.00     75.32
03:04:00 PM IST     all     16.91      0.00      9.47      0.00      0.00     73.63
03:04:01 PM IST     all     16.36      0.00      9.27      0.00      0.00     74.37
03:04:02 PM IST     all     15.53      0.00      9.34      0.00      0.00     75.13
03:04:03 PM IST     all     16.33      0.00      8.76      0.00      0.00     74.91
03:04:04 PM IST     all     16.65      0.00      7.99      0.17      0.00     75.19
03:04:05 PM IST     all     14.68      0.00      8.96      0.00      0.00     76.37
03:04:06 PM IST     all     15.74      0.00      8.68      0.00      0.00     75.57
03:04:07 PM IST     all     15.41      0.00      8.98      0.00      0.00     75.61
03:04:08 PM IST     all     16.54      0.00      8.31      0.00      0.00     75.15
03:04:09 PM IST     all     16.23      0.00      9.29      0.00      0.00     74.48
03:04:10 PM IST     all     15.39      0.00      8.84      0.00      0.00     75.77
03:04:11 PM IST     all     14.70      0.00      9.74      0.00      0.00     75.56
03:04:12 PM IST     all     15.79      0.00      8.95      0.00      0.00     75.25
03:04:13 PM IST     all     14.77      0.00      9.51      0.00      0.00     75.72
03:04:14 PM IST     all     15.88      0.00      8.70      0.08      0.00     75.34
03:04:15 PM IST     all     16.62      0.00      8.65      0.00      0.00     74.73
03:04:16 PM IST     all     18.24      0.00      9.84      0.25      0.00     71.67
03:04:17 PM IST     all     15.31      0.00      9.69      5.70      0.00     69.30
03:04:18 PM IST     all     16.48      0.00      8.92      3.99      0.00     70.60
03:04:19 PM IST     all     16.79      0.00      9.37      2.95      0.00     70.89
03:04:20 PM IST     all     15.35      0.00      9.55      3.75      0.00     71.36
03:04:21 PM IST     all     16.18      0.00      9.52      2.36      0.00     71.95
03:04:22 PM IST     all     16.22      0.00      9.21      2.11      0.00     72.47
03:04:23 PM IST     all     15.89      0.00      9.77      1.36      0.00     72.98
03:04:24 PM IST     all     15.52      0.00      8.95      1.19      0.00     74.34
03:04:25 PM IST     all     16.07      0.00      8.38      1.18      0.00     74.37
03:04:26 PM IST     all     18.25      0.00      8.83      2.31      0.00     70.61
03:04:27 PM IST     all     18.22      0.00      8.73      1.53      0.00     71.53
03:04:28 PM IST     all     15.88      0.00      8.78      0.00      0.00     75.34
03:04:29 PM IST     all     17.39      0.00      7.89      0.00      0.00     74.72
03:04:30 PM IST     all     14.40      0.00      9.45      0.00      0.00     76.15
03:04:31 PM IST     all     15.90      0.00      8.16      0.00      0.00     75.95
03:04:32 PM IST     all     15.67      0.00      7.84      0.00      0.00     76.49
03:04:33 PM IST     all     15.87      0.00      7.98      0.17      0.00     75.98
03:04:34 PM IST     all     15.59      0.00      8.35      0.09      0.00     75.98
03:04:35 PM IST     all     15.27      0.00      8.95      0.00      0.00     75.78
03:04:36 PM IST     all     16.07      0.00      8.04      0.00      0.00     75.89
03:04:37 PM IST     all     14.89      0.00      8.60      0.00      0.00     76.51
03:04:38 PM IST     all     15.68      0.00      8.39      0.00      0.00     75.93
03:04:39 PM IST     all     14.12      0.00      9.69      0.00      0.00     76.19
03:04:40 PM IST     all     15.31      0.00      7.99      0.17      0.00     76.53
03:04:41 PM IST     all     15.15      0.00      8.34      0.00      0.00     76.51
03:04:42 PM IST     all     14.42      0.00      8.57      0.00      0.00     77.01
03:04:43 PM IST     all     15.72      0.00      8.16      0.00      0.00     76.13
03:04:44 PM IST     all     14.97      0.00      8.63      0.00      0.00     76.40
03:04:45 PM IST     all     15.34      0.00      8.64      0.00      0.00     76.02
03:04:46 PM IST     all     15.62      0.00      8.36      0.00      0.00     76.01
03:04:47 PM IST     all     14.81      0.00      8.97      0.00      0.00     76.23
03:04:48 PM IST     all     15.11      0.00      9.37      0.00      0.00     75.53
03:04:49 PM IST     all     15.41      0.00      8.47      0.00      0.00     76.12
03:04:50 PM IST     all     15.48      0.00      8.54      0.00      0.00     75.97
03:04:51 PM IST     all     14.22      0.00      8.74      0.00      0.00     77.04
03:04:52 PM IST     all     15.11      0.00      8.40      0.08      0.00     76.40
03:04:53 PM IST     all     15.77      0.08      8.68      0.00      0.00     75.46
03:04:54 PM IST     all     15.27      0.00      9.31      0.00      0.00     75.42
03:04:55 PM IST     all     15.11      0.08      9.11      0.08      0.00     75.61
03:04:56 PM IST     all     14.60      0.00      9.17      0.00      0.00     76.23
03:04:57 PM IST     all     15.35      0.00      8.35      0.09      0.00     76.21
03:04:58 PM IST     all     16.40      0.00      7.99      0.00      0.00     75.61
03:04:59 PM IST     all     15.29      0.00      8.87      0.00      0.00     75.84
03:05:00 PM IST     all     16.34      0.00      8.59      0.08      0.00     74.98
03:05:01 PM IST     all     16.18      0.00      8.34      0.17      0.00     75.32
03:05:02 PM IST     all     16.20      0.00      7.51      0.00      0.00     76.29
03:05:03 PM IST     all     15.71      0.00      8.70      0.00      0.00     75.59
03:05:04 PM IST     all     15.16      0.00      8.64      0.00      0.00     76.21
03:05:05 PM IST     all     15.44      0.00      8.86      0.00      0.00     75.70
03:05:06 PM IST     all     14.78      0.00      9.09      0.00      0.00     76.13
03:05:07 PM IST     all     15.67      0.00      8.51      0.00      0.00     75.82
03:05:08 PM IST     all     15.88      0.00      8.87      0.00      0.00     75.25
03:05:09 PM IST     all     15.45      0.00      7.89      0.00      0.00     76.66
03:05:10 PM IST     all     15.15      0.00      8.51      0.00      0.00     76.34
03:05:11 PM IST     all     14.83      0.00      9.10      0.00      0.00     76.07
03:05:12 PM IST     all     15.31      0.00      8.25      0.00      0.00     76.45
03:05:13 PM IST     all     14.83      0.00      9.77      0.00      0.00     75.40
03:05:14 PM IST     all     15.57      0.00      8.42      0.00      0.00     76.01
03:05:15 PM IST     all     15.44      0.00      9.08      0.00      0.00     75.49
03:05:16 PM IST     all     15.37      0.00      8.78      0.00      0.00     75.84
03:05:17 PM IST     all     15.48      0.00      9.08      0.00      0.00     75.44
03:05:18 PM IST     all     14.63      0.00      9.01      0.00      0.00     76.36
03:05:19 PM IST     all     15.29      0.00      8.41      0.08      0.00     76.21
03:05:20 PM IST     all     15.54      0.00      8.53      0.00      0.00     75.93
03:05:21 PM IST     all     16.16      0.00      7.70      0.00      0.00     76.14
03:05:22 PM IST     all     15.37      0.00      8.95      0.00      0.00     75.68
03:05:23 PM IST     all     15.60      0.00      9.02      0.00      0.00     75.38
03:05:24 PM IST     all     14.57      0.00      9.28      0.00      0.00     76.15
03:05:25 PM IST     all     15.48      0.00      8.80      0.00      0.00     75.72
03:05:26 PM IST     all     15.37      0.00      8.23      0.00      0.00     76.40
03:05:27 PM IST     all     15.81      0.00      8.20      0.00      0.00     75.99
03:05:28 PM IST     all     14.54      0.00      9.01      0.00      0.00     76.45
03:05:29 PM IST     all     15.38      0.00      8.71      0.00      0.00     75.91
03:05:30 PM IST     all     15.10      0.00      8.45      0.00      0.00     76.45
03:05:31 PM IST     all     15.35      0.00      8.10      0.00      0.00     76.56
03:05:32 PM IST     all     15.20      0.00      8.32      0.00      0.00     76.49
03:05:33 PM IST     all     14.53      0.00      9.09      0.00      0.00     76.38
03:05:34 PM IST     all     16.06      0.00      7.56      0.00      0.00     76.38
03:05:35 PM IST     all     15.41      0.00      8.72      0.17      0.00     75.70
03:05:36 PM IST     all     15.73      0.00      8.66      0.00      0.00     75.61
03:05:37 PM IST     all     15.40      0.00      8.71      0.00      0.00     75.89
03:05:38 PM IST     all     15.80      0.00      8.57      0.00      0.00     75.63
03:05:39 PM IST     all     15.50      0.00      8.55      0.00      0.00     75.95
03:05:40 PM IST     all     15.96      0.00      7.85      0.00      0.00     76.18
03:05:41 PM IST     all     14.72      0.00      8.51      0.00      0.00     76.77
03:05:42 PM IST     all     15.48      0.00      8.71      0.00      0.00     75.80
03:05:43 PM IST     all     14.96      0.00      9.04      0.00      0.00     75.99
03:05:44 PM IST     all     15.14      0.00      9.25      0.00      0.00     75.61
03:05:45 PM IST     all     15.12      0.00      7.94      0.09      0.00     76.86
03:05:46 PM IST     all     15.25      0.00      7.92      0.00      0.00     76.83
03:05:47 PM IST     all     15.25      0.00      9.07      0.00      0.00     75.68
03:05:48 PM IST     all     15.48      0.00      8.25      0.00      0.00     76.28
03:05:49 PM IST     all     15.16      0.00      9.31      0.00      0.00     75.53
03:05:50 PM IST     all     14.99      0.00      8.18      0.00      0.00     76.83
03:05:51 PM IST     all     14.87      0.00      8.50      0.00      0.00     76.64
03:05:52 PM IST     all     15.00      0.00      8.27      0.00      0.00     76.73
03:05:53 PM IST     all     15.21      0.00      8.67      0.00      0.00     76.13
03:05:54 PM IST     all     15.51      0.00      8.39      0.00      0.00     76.10
03:05:55 PM IST     all     14.68      0.00      9.54      0.00      0.00     75.78
03:05:56 PM IST     all     14.97      0.00      9.17      0.00      0.00     75.86
03:05:57 PM IST     all     15.55      0.00      9.08      0.00      0.00     75.38
03:05:58 PM IST     all     14.88      0.00      8.76      0.00      0.00     76.36
03:05:59 PM IST     all     14.53      0.00      8.92      0.00      0.00     76.55
03:06:00 PM IST     all     15.36      0.00      8.86      0.17      0.00     75.61
03:06:01 PM IST     all     15.57      0.00      8.46      0.00      0.00     75.97
03:06:02 PM IST     all     22.43      0.00      9.53      0.00      0.00     68.04
03:06:03 PM IST     all     16.13      0.00      7.64      0.00      0.00     76.23
03:06:04 PM IST     all     14.83      0.00      8.98      0.17      0.00     76.02
03:06:05 PM IST     all     15.96      0.00      9.64      0.00      0.00     74.40
03:06:06 PM IST     all     15.89      0.00      8.11      0.00      0.00     75.99
03:06:07 PM IST     all     15.25      0.00      8.64      0.00      0.00     76.10
03:06:08 PM IST     all     16.72      0.00      8.24      0.00      0.00     75.04
03:06:09 PM IST     all     15.97      0.00      8.57      0.00      0.00     75.46
03:06:10 PM IST     all     14.30      0.00      9.25      0.00      0.00     76.46
03:06:11 PM IST     all     15.69      0.00      8.14      0.00      0.00     76.17
03:06:12 PM IST     all     15.44      0.00      8.61      0.00      0.00     75.95
03:06:13 PM IST     all     15.17      0.00      8.39      0.00      0.00     76.44
03:06:14 PM IST     all     15.25      0.00      8.64      0.00      0.00     76.10
03:06:15 PM IST     all     15.20      0.00      8.23      0.00      0.00     76.57
03:06:16 PM IST     all     15.79      0.00      8.19      0.00      0.00     76.01
03:06:17 PM IST     all     15.83      0.00      8.13      0.00      0.00     76.04
03:06:18 PM IST     all     14.71      0.00      9.27      0.00      0.00     76.02
03:06:19 PM IST     all     16.07      0.00      7.95      0.00      0.00     75.97
03:06:20 PM IST     all     15.04      0.00      8.58      0.00      0.00     76.38
03:06:21 PM IST     all     16.05      0.00      7.94      0.00      0.00     76.01
03:06:22 PM IST     all     14.82      0.00      9.31      0.00      0.00     75.87
03:06:23 PM IST     all     16.07      0.00      8.25      0.00      0.00     75.68
03:06:24 PM IST     all     15.83      0.00      8.89      0.00      0.00     75.28
03:06:25 PM IST     all     15.11      0.00      8.66      0.00      0.00     76.23
03:06:26 PM IST     all     14.37      0.00      9.10      0.00      0.00     76.53
03:06:27 PM IST     all     14.65      0.00      9.31      0.00      0.00     76.04
03:06:28 PM IST     all     14.70      0.00      8.84      0.08      0.00     76.38
03:06:29 PM IST     all     14.65      0.00      8.77      0.00      0.00     76.58
03:06:30 PM IST     all     15.51      0.00      9.02      0.00      0.00     75.46
03:06:31 PM IST     all     16.23      0.00      7.61      0.00      0.00     76.16
03:06:32 PM IST     all     15.53      0.00      8.78      0.00      0.00     75.70
03:06:33 PM IST     all     16.16      0.00      7.95      0.00      0.00     75.89
03:06:34 PM IST     all     15.39      0.00      9.00      0.00      0.00     75.61
03:06:35 PM IST     all     15.66      0.00      8.88      0.00      0.00     75.46
03:06:36 PM IST     all     15.83      0.00      7.96      0.00      0.00     76.21
03:06:37 PM IST     all     15.20      0.00      8.49      0.00      0.00     76.32
03:06:38 PM IST     all     15.24      0.00      9.09      0.00      0.00     75.67
03:06:39 PM IST     all     15.62      0.00      8.28      0.17      0.00     75.93
03:06:40 PM IST     all     15.07      0.00      8.89      0.00      0.00     76.04
03:06:41 PM IST     all     14.88      0.00      8.93      0.00      0.00     76.19
03:06:42 PM IST     all     14.92      0.00      9.53      0.00      0.00     75.55
03:06:43 PM IST     all     15.83      0.00      8.21      0.00      0.00     75.95
03:06:44 PM IST     all     14.30      0.00      9.31      0.00      0.00     76.40
03:06:45 PM IST     all     15.36      0.00      8.86      0.00      0.00     75.78
03:06:46 PM IST     all     14.95      0.08      9.77      0.34      0.00     74.85
03:06:47 PM IST     all     15.25      0.00      7.92      0.00      0.00     76.83
03:06:48 PM IST     all     15.42      0.00      8.93      0.00      0.00     75.65
03:06:49 PM IST     all     14.72      0.00      9.14      0.00      0.00     76.14
03:06:50 PM IST     all     15.82      0.00      8.75      0.00      0.00     75.42
03:06:51 PM IST     all     15.44      0.00      8.61      0.00      0.00     75.95
03:06:52 PM IST     all     14.79      0.00      9.04      0.00      0.00     76.16
03:06:53 PM IST     all     15.65      0.00      8.54      0.00      0.00     75.80
03:06:54 PM IST     all     15.75      0.00      8.76      0.00      0.00     75.48
03:06:55 PM IST     all     16.26      0.00      7.83      0.08      0.00     75.82
03:06:56 PM IST     all     15.59      0.00      8.01      0.00      0.00     76.41
03:06:57 PM IST     all     15.72      0.00      8.20      0.00      0.00     76.08
03:06:58 PM IST     all     15.92      0.00      7.96      0.00      0.00     76.12
03:06:59 PM IST     all     15.39      0.00      8.25      0.00      0.00     76.36
03:07:00 PM IST     all     15.65      0.00      8.88      0.00      0.00     75.47
03:07:01 PM IST     all     15.53      0.00      7.68      0.00      0.00     76.79
03:07:02 PM IST     all     15.26      0.00      8.01      0.00      0.00     76.73
03:07:03 PM IST     all     15.04      0.00      8.41      0.00      0.00     76.55
03:07:04 PM IST     all     15.04      0.00      8.67      0.17      0.00     76.13
03:07:05 PM IST     all     15.65      0.00      8.38      0.00      0.00     75.97
03:07:06 PM IST     all     15.04      0.00      8.58      0.00      0.00     76.38
03:07:07 PM IST     all     16.00      0.00      8.13      0.00      0.00     75.87
03:07:08 PM IST     all     15.53      0.00      8.73      0.00      0.00     75.73
03:07:09 PM IST     all     14.61      0.00      8.84      0.00      0.00     76.55
03:07:10 PM IST     all     15.77      0.00      7.59      0.00      0.00     76.64
03:07:11 PM IST     all     16.26      0.00      8.26      0.00      0.00     75.48
03:07:12 PM IST     all     15.71      0.08      8.19      0.08      0.00     75.93
03:07:13 PM IST     all     15.55      0.00      8.62      0.00      0.00     75.82
03:07:14 PM IST     all     14.64      0.00      8.94      0.00      0.00     76.43
03:07:15 PM IST     all     14.95      0.00      9.01      0.00      0.00     76.04
03:07:16 PM IST     all     15.38      0.00      8.96      0.00      0.00     75.66
03:07:17 PM IST     all     15.14      0.00      9.31      0.00      0.00     75.55
03:07:18 PM IST     all     14.98      0.00      8.68      0.00      0.00     76.34
03:07:19 PM IST     all     15.40      0.00      8.00      0.00      0.00     76.60
03:07:20 PM IST     all     15.06      0.00      8.77      0.00      0.00     76.17
03:07:21 PM IST     all     15.27      0.00      8.69      0.08      0.00     75.95
03:07:22 PM IST     all     15.92      0.00      8.59      0.00      0.00     75.48
03:07:23 PM IST     all     15.35      0.00      8.70      0.00      0.00     75.96
03:07:24 PM IST     all     15.28      0.00      8.40      0.00      0.00     76.32
03:07:25 PM IST     all     15.30      0.00      8.96      0.00      0.00     75.74
03:07:26 PM IST     all     15.74      0.00      8.12      0.00      0.00     76.14
03:07:27 PM IST     all     15.44      0.00      9.20      0.00      0.00     75.36
03:07:28 PM IST     all     14.81      0.00      9.05      0.00      0.00     76.14
03:07:29 PM IST     all     15.69      0.08      9.58      0.00      0.00     74.64
03:07:30 PM IST     all     16.33      0.00      8.25      0.00      0.00     75.42
03:07:31 PM IST     all     15.81      0.00      8.54      0.00      0.00     75.66
03:07:32 PM IST     all     15.53      0.00      8.27      0.00      0.00     76.20
03:07:33 PM IST     all     15.84      0.00      8.17      0.00      0.00     75.99
03:07:34 PM IST     all     15.50      0.00      7.96      0.00      0.00     76.54
03:07:35 PM IST     all     14.75      0.00      8.35      0.09      0.00     76.81
03:07:36 PM IST     all     15.51      0.00      8.31      0.00      0.00     76.19
03:07:37 PM IST     all     15.19      0.00      8.11      0.00      0.00     76.71
03:07:38 PM IST     all     14.94      0.00      8.74      0.00      0.00     76.32
03:07:39 PM IST     all     15.42      0.00      8.31      0.00      0.00     76.27
03:07:40 PM IST     all     14.54      0.00      9.10      0.00      0.00     76.36
03:07:41 PM IST     all     15.41      0.00      8.55      0.00      0.00     76.04
03:07:42 PM IST     all     15.25      0.00      8.01      0.00      0.00     76.75
03:07:43 PM IST     all     15.22      0.00      8.96      0.00      0.00     75.82
03:07:44 PM IST     all     14.86      0.00      8.83      0.00      0.00     76.32
03:07:45 PM IST     all     15.35      0.00      9.06      0.08      0.00     75.50
03:07:46 PM IST     all     15.72      0.00      8.20      0.08      0.00     75.99
03:07:47 PM IST     all     14.70      0.00      9.26      0.00      0.00     76.04
03:07:48 PM IST     all     15.11      0.00      8.91      0.00      0.00     75.98
03:07:49 PM IST     all     15.57      0.00      8.26      0.00      0.00     76.17
03:07:50 PM IST     all     15.29      0.00      8.58      0.00      0.00     76.13
03:07:51 PM IST     all     15.78      0.00      8.35      0.00      0.00     75.86
03:07:52 PM IST     all     15.44      0.00      8.14      0.00      0.00     76.42
03:07:53 PM IST     all     15.13      0.00      8.12      0.00      0.00     76.75
03:07:54 PM IST     all     15.11      0.00      8.86      0.00      0.00     76.03
03:07:55 PM IST     all     14.90      0.00      8.89      0.00      0.00     76.21
03:07:56 PM IST     all     16.02      0.00      8.14      0.00      0.00     75.85
03:07:57 PM IST     all     15.37      0.00      8.66      0.00      0.00     75.98
03:07:58 PM IST     all     15.60      0.00      8.77      0.08      0.00     75.55
03:07:59 PM IST     all     14.90      0.00      8.72      0.00      0.00     76.38
03:08:00 PM IST     all     14.82      0.00      9.20      0.00      0.00     75.98
03:08:01 PM IST     all     16.53      0.00      7.93      0.00      0.00     75.55
03:08:02 PM IST     all     14.84      0.00      9.44      0.00      0.00     75.72
03:08:03 PM IST     all     14.86      0.00      9.08      0.00      0.00     76.06
03:08:04 PM IST     all     15.88      0.00      8.53      0.00      0.00     75.59
03:08:05 PM IST     all     15.81      0.00      8.11      0.00      0.00     76.08
03:08:06 PM IST     all     15.82      0.00      8.12      0.00      0.00     76.06
03:08:07 PM IST     all     14.71      0.00      8.30      0.00      0.00     76.99
03:08:08 PM IST     all     15.20      0.00      8.87      0.00      0.00     75.93
03:08:09 PM IST     all     15.30      0.00      9.13      0.00      0.00     75.57
03:08:10 PM IST     all     15.68      0.00      8.68      0.00      0.00     75.63
03:08:11 PM IST     all     14.88      0.00      8.84      0.00      0.00     76.28
03:08:12 PM IST     all     15.33      0.00      8.85      0.00      0.00     75.82
03:08:13 PM IST     all     15.76      0.00      7.97      0.00      0.00     76.27
03:08:14 PM IST     all     15.42      0.00      8.26      0.09      0.00     76.24
03:08:15 PM IST     all     15.00      0.00      8.90      0.00      0.00     76.10
03:08:16 PM IST     all     15.88      0.00      8.82      0.00      0.00     75.29
03:08:17 PM IST     all     16.39      0.00      8.02      0.00      0.00     75.59
03:08:18 PM IST     all     15.15      0.00      9.18      0.00      0.00     75.67
03:08:19 PM IST     all     15.60      0.00      8.94      0.00      0.00     75.46
03:08:20 PM IST     all     15.22      0.00      8.79      0.08      0.00     75.91
03:08:21 PM IST     all     15.67      0.00      8.59      0.00      0.00     75.74
03:08:22 PM IST     all     15.43      0.00      9.27      0.00      0.00     75.30
03:08:23 PM IST     all     15.03      0.00      9.42      0.00      0.00     75.55
03:08:24 PM IST     all     15.11      0.00      8.57      0.00      0.00     76.32
03:08:25 PM IST     all     15.04      0.00      9.77      0.00      0.00     75.19
03:08:26 PM IST     all     15.35      0.00      8.48      0.00      0.00     76.17
03:08:27 PM IST     all     15.04      0.00      8.67      0.00      0.00     76.30
03:08:28 PM IST     all     14.99      0.00      8.72      0.00      0.00     76.29
03:08:29 PM IST     all     15.14      0.00      8.67      0.00      0.00     76.19
03:08:30 PM IST     all     13.74      0.00      9.30      0.00      0.00     76.96
03:08:31 PM IST     all     14.96      0.00      9.47      0.00      0.00     75.57
03:08:32 PM IST     all     14.92      0.00      8.27      0.00      0.00     76.81
03:08:33 PM IST     all     15.11      0.00      8.83      0.00      0.00     76.06
03:08:34 PM IST     all     14.58      0.00      8.18      0.09      0.00     77.15
03:08:35 PM IST     all     14.71      0.00      9.18      0.00      0.00     76.11
03:08:36 PM IST     all     15.62      0.00      8.11      0.00      0.00     76.27
03:08:37 PM IST     all     15.10      0.00      8.19      0.00      0.00     76.71
03:08:38 PM IST     all     14.84      0.00      9.16      0.00      0.00     76.00
03:08:39 PM IST     all     14.08      0.00     10.09      0.00      0.00     75.83
03:08:40 PM IST     all     15.22      0.00      9.08      0.00      0.00     75.69
03:08:41 PM IST     all     14.33      0.00      8.87      0.34      0.00     76.45
03:08:42 PM IST     all      9.82      0.00      1.51      0.00      0.00     88.66
03:08:43 PM IST     all      8.39      0.17      0.66      0.00      0.00     90.78
