Linux 6.12.33+kali-amd64 (two94) 	23/11/25 	_x86_64_	(12 CPU)

03:03:41 PM IST       DEV       tps     rkB/s     wkB/s     dkB/s   areq-sz    aqu-sz     await     %util
03:03:42 PM IST   nvme0n1      0.00      0.00      0.00      0.00      0.00      0.00      0.00      0.00
03:03:42 PM IST       sda    164.00      0.00    856.00      0.00      5.22      0.09      0.30      3.60

03:03:42 PM IST       DEV       tps     rkB/s     wkB/s     dkB/s   areq-sz    aqu-sz     await     %util
03:03:43 PM IST   nvme0n1      0.00      0.00      0.00      0.00      0.00      0.00      0.00      0.00
03:03:43 PM IST       sda      4.00      0.00     16.00      0.00      4.00      0.00      0.75      0.40

03:03:43 PM IST       DEV       tps     rkB/s     wkB/s     dkB/s   areq-sz    aqu-sz     await     %util
03:03:44 PM IST   nvme0n1      0.00      0.00      0.00      0.00      0.00      0.00      0.00      0.00
03:03:44 PM IST       sda      0.00      0.00      0.00      0.00      0.00      0.00      0.00      0.00

03:03:44 PM IST       DEV       tps     rkB/s     wkB/s     dkB/s   areq-sz    aqu-sz     await     %util
03:03:45 PM IST   nvme0n1      0.00      0.00      0.00      0.00      0.00      0.00      0.00      0.00
03:03:45 PM IST       sda      0.00      0.00      0.00      0.00      0.00      0.00      0.00      0.00

03:03:45 PM IST       DEV       tps     rkB/s     wkB/s     dkB/s   areq-sz    aqu-sz     await     %util
03:03:46 PM IST   nvme0n1      0.00      0.00      0.00      0.00      0.00      0.00      0.00      0.00
03:03:46 PM IST       sda      2.00      0.00     80.00      0.00     40.00      0.00      1.00      0.00

03:03:46 PM IST       DEV       tps     rkB/s     wkB/s     dkB/s   areq-sz    aqu-sz     await     %util
03:03:47 PM IST   nvme0n1      0.00      0.00      0.00      0.00      0.00      0.00      0.00      0.00
03:03:47 PM IST       sda      2.00      0.00     24.00      0.00     12.00      0.00      0.50      0.00

03:03:47 PM IST       DEV       tps     rkB/s     wkB/s     dkB/s   areq-sz    aqu-sz     await     %util
03:03:48 PM IST   nvme0n1      0.00      0.00      0.00      0.00      0.00      0.00      0.00      0.00
03:03:48 PM IST       sda      0.00      0.00      0.00      0.00      0.00      0.00      0.00      0.00

03:03:48 PM IST       DEV       tps     rkB/s     wkB/s     dkB/s   areq-sz    aqu-sz     await     %util
03:03:49 PM IST   nvme0n1      0.00      0.00      0.00      0.00      0.00      0.00      0.00      0.00
03:03:49 PM IST       sda      7.00      0.00    108.00      0.00     15.43      0.01      0.57      0.40

03:03:49 PM IST       DEV       tps     rkB/s     wkB/s     dkB/s   areq-sz    aqu-sz     await     %util
03:03:50 PM IST   nvme0n1      0.00      0.00      0.00      0.00      0.00      0.00      0.00      0.00
03:03:50 PM IST       sda      0.00      0.00      0.00      0.00      0.00      0.00      0.00      0.00

03:03:50 PM IST       DEV       tps     rkB/s     wkB/s     dkB/s   areq-sz    aqu-sz     await     %util
03:03:51 PM IST   nvme0n1      0.00      0.00      0.00      0.00      0.00      0.00      0.00      0.00
03:03:51 PM IST       sda     18.00      0.00     84.00      0.00      4.67      0.00      0.11      0.00

03:03:51 PM IST       DEV       tps     rkB/s     wkB/s     dkB/s   areq-sz    aqu-sz     await     %util
03:03:52 PM IST   nvme0n1      0.00      0.00      0.00      0.00      0.00      0.00      0.00      0.00
03:03:52 PM IST       sda      2.00      0.00     24.00      0.00     12.00      0.00      0.50      0.00

03:03:52 PM IST       DEV       tps     rkB/s     wkB/s     dkB/s   areq-sz    aqu-sz     await     %util
03:03:53 PM IST   nvme0n1      0.00      0.00      0.00      0.00      0.00      0.00      0.00      0.00
03:03:53 PM IST       sda      0.00      0.00      0.00      0.00      0.00      0.00      0.00      0.00

03:03:53 PM IST       DEV       tps     rkB/s     wkB/s     dkB/s   areq-sz    aqu-sz     await     %util
03:03:54 PM IST   nvme0n1      0.00      0.00      0.00      0.00      0.00      0.00      0.00      0.00
03:03:54 PM IST       sda      2.00      0.00     28.00      0.00     14.00      0.00      1.00      0.00

03:03:54 PM IST       DEV       tps     rkB/s     wkB/s     dkB/s   areq-sz    aqu-sz     await     %util
03:03:55 PM IST   nvme0n1      0.00      0.00      0.00      0.00      0.00      0.00      0.00      0.00
03:03:55 PM IST       sda      0.00      0.00      0.00      0.00      0.00      0.00      0.00      0.00

03:03:55 PM IST       DEV       tps     rkB/s     wkB/s     dkB/s   areq-sz    aqu-sz     await     %util
03:03:56 PM IST   nvme0n1      0.00      0.00      0.00      0.00      0.00      0.00      0.00      0.00
03:03:56 PM IST       sda      0.00      0.00      0.00      0.00      0.00      0.00      0.00      0.00

03:03:56 PM IST       DEV       tps     rkB/s     wkB/s     dkB/s   areq-sz    aqu-sz     await     %util
03:03:57 PM IST   nvme0n1      0.00      0.00      0.00      0.00      0.00      0.00      0.00      0.00
03:03:57 PM IST       sda     46.00      0.00    200.00      0.00      4.35      0.41      9.00      1.60

03:03:57 PM IST       DEV       tps     rkB/s     wkB/s     dkB/s   areq-sz    aqu-sz     await     %util
03:03:58 PM IST   nvme0n1      0.00      0.00      0.00      0.00      0.00      0.00      0.00      0.00
03:03:58 PM IST       sda      3.00      0.00     28.00      0.00      9.33      0.00      0.33      0.00

03:03:58 PM IST       DEV       tps     rkB/s     wkB/s     dkB/s   areq-sz    aqu-sz     await     %util
03:03:59 PM IST   nvme0n1      0.00      0.00      0.00      0.00      0.00      0.00      0.00      0.00
03:03:59 PM IST       sda      2.00      0.00     44.00      0.00     22.00      0.00      1.00      0.00

03:03:59 PM IST       DEV       tps     rkB/s     wkB/s     dkB/s   areq-sz    aqu-sz     await     %util
03:04:00 PM IST   nvme0n1      0.00      0.00      0.00      0.00      0.00      0.00      0.00      0.00
03:04:00 PM IST       sda      0.00      0.00      0.00      0.00      0.00      0.00      0.00      0.00

03:04:00 PM IST       DEV       tps     rkB/s     wkB/s     dkB/s   areq-sz    aqu-sz     await     %util
03:04:01 PM IST   nvme0n1      0.00      0.00      0.00      0.00      0.00      0.00      0.00      0.00
03:04:01 PM IST       sda      0.00      0.00      0.00      0.00      0.00      0.00      0.00      0.00

03:04:01 PM IST       DEV       tps     rkB/s     wkB/s     dkB/s   areq-sz    aqu-sz     await     %util
03:04:02 PM IST   nvme0n1      0.00      0.00      0.00      0.00      0.00      0.00      0.00      0.00
03:04:02 PM IST       sda    103.00      0.00    524.00      0.00      5.09      0.02      0.16      0.40

03:04:02 PM IST       DEV       tps     rkB/s     wkB/s     dkB/s   areq-sz    aqu-sz     await     %util
03:04:03 PM IST   nvme0n1      0.00      0.00      0.00      0.00      0.00      0.00      0.00      0.00
03:04:03 PM IST       sda      0.00      0.00      0.00      0.00      0.00      0.00      0.00      0.00

03:04:03 PM IST       DEV       tps     rkB/s     wkB/s     dkB/s   areq-sz    aqu-sz     await     %util
03:04:04 PM IST   nvme0n1      0.00      0.00      0.00      0.00      0.00      0.00      0.00      0.00
03:04:04 PM IST       sda     20.00      0.00    236.00      0.00     11.80      0.02      0.90      1.60

03:04:04 PM IST       DEV       tps     rkB/s     wkB/s     dkB/s   areq-sz    aqu-sz     await     %util
03:04:05 PM IST   nvme0n1      0.00      0.00      0.00      0.00      0.00      0.00      0.00      0.00
03:04:05 PM IST       sda      0.00      0.00      0.00      0.00      0.00      0.00      0.00      0.00

03:04:05 PM IST       DEV       tps     rkB/s     wkB/s     dkB/s   areq-sz    aqu-sz     await     %util
03:04:06 PM IST   nvme0n1      0.00      0.00      0.00      0.00      0.00      0.00      0.00      0.00
03:04:06 PM IST       sda      1.00      0.00     12.00      0.00     12.00      0.00      0.00      0.00

03:04:06 PM IST       DEV       tps     rkB/s     wkB/s     dkB/s   areq-sz    aqu-sz     await     %util
03:04:07 PM IST   nvme0n1      0.00      0.00      0.00      0.00      0.00      0.00      0.00      0.00
03:04:07 PM IST       sda      7.00      0.00     28.00      0.00      4.00      0.00      0.14      0.00

03:04:07 PM IST       DEV       tps     rkB/s     wkB/s     dkB/s   areq-sz    aqu-sz     await     %util
03:04:08 PM IST   nvme0n1      0.00      0.00      0.00      0.00      0.00      0.00      0.00      0.00
03:04:08 PM IST       sda      0.00      0.00      0.00      0.00      0.00      0.00      0.00      0.00

03:04:08 PM IST       DEV       tps     rkB/s     wkB/s     dkB/s   areq-sz    aqu-sz     await     %util
03:04:09 PM IST   nvme0n1      0.00      0.00      0.00      0.00      0.00      0.00      0.00      0.00
03:04:09 PM IST       sda      6.00      0.00     48.00      0.00      8.00      0.01      0.50      0.40

03:04:09 PM IST       DEV       tps     rkB/s     wkB/s     dkB/s   areq-sz    aqu-sz     await     %util
03:04:10 PM IST   nvme0n1      0.00      0.00      0.00      0.00      0.00      0.00      0.00      0.00
03:04:10 PM IST       sda      0.00      0.00      0.00      0.00      0.00      0.00      0.00      0.00

03:04:10 PM IST       DEV       tps     rkB/s     wkB/s     dkB/s   areq-sz    aqu-sz     await     %util
03:04:11 PM IST   nvme0n1      0.00      0.00      0.00      0.00      0.00      0.00      0.00      0.00
03:04:11 PM IST       sda      0.00      0.00      0.00      0.00      0.00      0.00      0.00      0.00

03:04:11 PM IST       DEV       tps     rkB/s     wkB/s     dkB/s   areq-sz    aqu-sz     await     %util
03:04:12 PM IST   nvme0n1      0.00      0.00      0.00      0.00      0.00      0.00      0.00      0.00
03:04:12 PM IST       sda      0.00      0.00      0.00      0.00      0.00      0.00      0.00      0.00

03:04:12 PM IST       DEV       tps     rkB/s     wkB/s     dkB/s   areq-sz    aqu-sz     await     %util
03:04:13 PM IST   nvme0n1      0.00      0.00      0.00      0.00      0.00      0.00      0.00      0.00
03:04:13 PM IST       sda     44.00      0.00    224.00      0.00      5.09      0.01      0.23      0.00

03:04:13 PM IST       DEV       tps     rkB/s     wkB/s     dkB/s   areq-sz    aqu-sz     await     %util
03:04:14 PM IST   nvme0n1      0.00      0.00      0.00      0.00      0.00      0.00      0.00      0.00
03:04:14 PM IST       sda      6.00      0.00     80.00      0.00     13.33      0.01      0.33      0.40

03:04:14 PM IST       DEV       tps     rkB/s     wkB/s     dkB/s   areq-sz    aqu-sz     await     %util
03:04:15 PM IST   nvme0n1      0.00      0.00      0.00      0.00      0.00      0.00      0.00      0.00
03:04:15 PM IST       sda      5.00      0.00    104.00      0.00     20.80      0.00      0.60      0.00

03:04:15 PM IST       DEV       tps     rkB/s     wkB/s     dkB/s   areq-sz    aqu-sz     await     %util
03:04:16 PM IST   nvme0n1      0.00      0.00      0.00      0.00      0.00      0.00      0.00      0.00
03:04:16 PM IST       sda      4.00      4.00    128.00      0.00     33.00      0.00      0.25      0.40

03:04:16 PM IST       DEV       tps     rkB/s     wkB/s     dkB/s   areq-sz    aqu-sz     await     %util
03:04:17 PM IST   nvme0n1      0.00      0.00      0.00      0.00      0.00      0.00      0.00      0.00
03:04:17 PM IST       sda      1.00      4.00      0.00      0.00      4.00      0.00      1.00      0.00

03:04:17 PM IST       DEV       tps     rkB/s     wkB/s     dkB/s   areq-sz    aqu-sz     await     %util
03:04:18 PM IST   nvme0n1      0.00      0.00      0.00      0.00      0.00      0.00      0.00      0.00
03:04:18 PM IST       sda      4.00     48.00      0.00      0.00     12.00      0.00      1.00      0.40

03:04:18 PM IST       DEV       tps     rkB/s     wkB/s     dkB/s   areq-sz    aqu-sz     await     %util
03:04:19 PM IST   nvme0n1      0.00      0.00      0.00      0.00      0.00      0.00      0.00      0.00
03:04:19 PM IST       sda      2.00      0.00     16.00      0.00      8.00      0.00      0.50      0.00

03:04:19 PM IST       DEV       tps     rkB/s     wkB/s     dkB/s   areq-sz    aqu-sz     await     %util
03:04:20 PM IST   nvme0n1      0.00      0.00      0.00      0.00      0.00      0.00      0.00      0.00
03:04:20 PM IST       sda      0.00      0.00      0.00      0.00      0.00      0.00      0.00      0.00

03:04:20 PM IST       DEV       tps     rkB/s     wkB/s     dkB/s   areq-sz    aqu-sz     await     %util
03:04:21 PM IST   nvme0n1      0.00      0.00      0.00      0.00      0.00      0.00      0.00      0.00
03:04:21 PM IST       sda      2.00      0.00     60.00      0.00     30.00      0.00      0.50      0.00

03:04:21 PM IST       DEV       tps     rkB/s     wkB/s     dkB/s   areq-sz    aqu-sz     await     %util
03:04:22 PM IST   nvme0n1      0.00      0.00      0.00      0.00      0.00      0.00      0.00      0.00
03:04:22 PM IST       sda      0.00      0.00      0.00      0.00      0.00      0.00      0.00      0.00

03:04:22 PM IST       DEV       tps     rkB/s     wkB/s     dkB/s   areq-sz    aqu-sz     await     %util
03:04:23 PM IST   nvme0n1      0.00      0.00      0.00      0.00      0.00      0.00      0.00      0.00
03:04:23 PM IST       sda      0.00      0.00      0.00      0.00      0.00      0.00      0.00      0.00

03:04:23 PM IST       DEV       tps     rkB/s     wkB/s     dkB/s   areq-sz    aqu-sz     await     %util
03:04:24 PM IST   nvme0n1      0.00      0.00      0.00      0.00      0.00      0.00      0.00      0.00
03:04:24 PM IST       sda      0.00      0.00      0.00      0.00      0.00      0.00      0.00      0.00

03:04:24 PM IST       DEV       tps     rkB/s     wkB/s     dkB/s   areq-sz    aqu-sz     await     %util
03:04:25 PM IST   nvme0n1      0.00      0.00      0.00      0.00      0.00      0.00      0.00      0.00
03:04:25 PM IST       sda      2.97      0.00     19.80      0.00      6.67      0.00      0.67      0.40

03:04:25 PM IST       DEV       tps     rkB/s     wkB/s     dkB/s   areq-sz    aqu-sz     await     %util
03:04:26 PM IST   nvme0n1      0.00      0.00      0.00      0.00      0.00      0.00      0.00      0.00
03:04:26 PM IST       sda    474.00   5184.00    424.00      0.00     11.83      0.38      0.79     10.80

03:04:26 PM IST       DEV       tps     rkB/s     wkB/s     dkB/s   areq-sz    aqu-sz     await     %util
03:04:27 PM IST   nvme0n1      0.00      0.00      0.00      0.00      0.00      0.00      0.00      0.00
03:04:27 PM IST       sda    879.00  17800.00      0.00      0.00     20.25      0.33      0.37     16.40

03:04:27 PM IST       DEV       tps     rkB/s     wkB/s     dkB/s   areq-sz    aqu-sz     await     %util
03:04:28 PM IST   nvme0n1      0.00      0.00      0.00      0.00      0.00      0.00      0.00      0.00
03:04:28 PM IST       sda      0.00      0.00      0.00      0.00      0.00      0.00      0.00      0.00

03:04:28 PM IST       DEV       tps     rkB/s     wkB/s     dkB/s   areq-sz    aqu-sz     await     %util
03:04:29 PM IST   nvme0n1      0.00      0.00      0.00      0.00      0.00      0.00      0.00      0.00
03:04:29 PM IST       sda     20.00    148.00    132.00      0.00     14.00      0.01      0.35      0.00

03:04:29 PM IST       DEV       tps     rkB/s     wkB/s     dkB/s   areq-sz    aqu-sz     await     %util
03:04:30 PM IST   nvme0n1      0.00      0.00      0.00      0.00      0.00      0.00      0.00      0.00
03:04:30 PM IST       sda     39.00      0.00    164.00      0.00      4.21      0.01      0.15      0.00

03:04:30 PM IST       DEV       tps     rkB/s     wkB/s     dkB/s   areq-sz    aqu-sz     await     %util
03:04:31 PM IST   nvme0n1      0.00      0.00      0.00      0.00      0.00      0.00      0.00      0.00
03:04:31 PM IST       sda      2.00      0.00     16.00      0.00      8.00      0.00      1.00      0.00

03:04:31 PM IST       DEV       tps     rkB/s     wkB/s     dkB/s   areq-sz    aqu-sz     await     %util
03:04:32 PM IST   nvme0n1      0.00      0.00      0.00      0.00      0.00      0.00      0.00      0.00
03:04:32 PM IST       sda      0.00      0.00      0.00      0.00      0.00      0.00      0.00      0.00

03:04:32 PM IST       DEV       tps     rkB/s     wkB/s     dkB/s   areq-sz    aqu-sz     await     %util
03:04:33 PM IST   nvme0n1      0.00      0.00      0.00      0.00      0.00      0.00      0.00      0.00
03:04:33 PM IST       sda    114.00    220.00    368.00      0.00      5.16      0.03      0.27      2.40

03:04:33 PM IST       DEV       tps     rkB/s     wkB/s     dkB/s   areq-sz    aqu-sz     await     %util
03:04:34 PM IST   nvme0n1      0.00      0.00      0.00      0.00      0.00      0.00      0.00      0.00
03:04:34 PM IST       sda      9.00     28.00     40.00      0.00      7.56      0.03      1.78      2.00

03:04:34 PM IST       DEV       tps     rkB/s     wkB/s     dkB/s   areq-sz    aqu-sz     await     %util
03:04:35 PM IST   nvme0n1      0.00      0.00      0.00      0.00      0.00      0.00      0.00      0.00
03:04:35 PM IST       sda      4.00      0.00     60.00      0.00     15.00      0.00      0.00      0.00

03:04:35 PM IST       DEV       tps     rkB/s     wkB/s     dkB/s   areq-sz    aqu-sz     await     %util
03:04:36 PM IST   nvme0n1      0.00      0.00      0.00      0.00      0.00      0.00      0.00      0.00
03:04:36 PM IST       sda      3.00      0.00     88.00      0.00     29.33      0.00      0.67      0.00

03:04:36 PM IST       DEV       tps     rkB/s     wkB/s     dkB/s   areq-sz    aqu-sz     await     %util
03:04:37 PM IST   nvme0n1      0.00      0.00      0.00      0.00      0.00      0.00      0.00      0.00
03:04:37 PM IST       sda      0.00      0.00      0.00      0.00      0.00      0.00      0.00      0.00

03:04:37 PM IST       DEV       tps     rkB/s     wkB/s     dkB/s   areq-sz    aqu-sz     await     %util
03:04:38 PM IST   nvme0n1      0.00      0.00      0.00      0.00      0.00      0.00      0.00      0.00
03:04:38 PM IST       sda      2.00      0.00     16.00      0.00      8.00      0.00      1.00      0.00

03:04:38 PM IST       DEV       tps     rkB/s     wkB/s     dkB/s   areq-sz    aqu-sz     await     %util
03:04:39 PM IST   nvme0n1      0.00      0.00      0.00      0.00      0.00      0.00      0.00      0.00
03:04:39 PM IST       sda      0.00      0.00      0.00      0.00      0.00      0.00      0.00      0.00

03:04:39 PM IST       DEV       tps     rkB/s     wkB/s     dkB/s   areq-sz    aqu-sz     await     %util
03:04:40 PM IST   nvme0n1      0.00      0.00      0.00      0.00      0.00      0.00      0.00      0.00
03:04:40 PM IST       sda      4.00      4.00     16.00      0.00      5.00      0.02      4.25      1.60

03:04:40 PM IST       DEV       tps     rkB/s     wkB/s     dkB/s   areq-sz    aqu-sz     await     %util
03:04:41 PM IST   nvme0n1      0.00      0.00      0.00      0.00      0.00      0.00      0.00      0.00
03:04:41 PM IST       sda     25.00    208.00     60.00      0.00     10.72      0.01      0.40      0.40

03:04:41 PM IST       DEV       tps     rkB/s     wkB/s     dkB/s   areq-sz    aqu-sz     await     %util
03:04:42 PM IST   nvme0n1      0.00      0.00      0.00      0.00      0.00      0.00      0.00      0.00
03:04:42 PM IST       sda      5.00      0.00    100.00      0.00     20.00      0.00      0.40      0.00

03:04:42 PM IST       DEV       tps     rkB/s     wkB/s     dkB/s   areq-sz    aqu-sz     await     %util
03:04:43 PM IST   nvme0n1      0.00      0.00      0.00      0.00      0.00      0.00      0.00      0.00
03:04:43 PM IST       sda      0.00      0.00      0.00      0.00      0.00      0.00      0.00      0.00

03:04:43 PM IST       DEV       tps     rkB/s     wkB/s     dkB/s   areq-sz    aqu-sz     await     %util
03:04:44 PM IST   nvme0n1      0.00      0.00      0.00      0.00      0.00      0.00      0.00      0.00
03:04:44 PM IST       sda      0.00      0.00      0.00      0.00      0.00      0.00      0.00      0.00

03:04:44 PM IST       DEV       tps     rkB/s     wkB/s     dkB/s   areq-sz    aqu-sz     await     %util
03:04:45 PM IST   nvme0n1      0.00      0.00      0.00      0.00      0.00      0.00      0.00      0.00
03:04:45 PM IST       sda      3.00      0.00     28.00      0.00      9.33      0.00      1.00      0.00

03:04:45 PM IST       DEV       tps     rkB/s     wkB/s     dkB/s   areq-sz    aqu-sz     await     %util
03:04:46 PM IST   nvme0n1      0.00      0.00      0.00      0.00      0.00      0.00      0.00      0.00
03:04:46 PM IST       sda      2.00      0.00     16.00      0.00      8.00      0.00      0.50      0.00

03:04:46 PM IST       DEV       tps     rkB/s     wkB/s     dkB/s   areq-sz    aqu-sz     await     %util
03:04:47 PM IST   nvme0n1      0.00      0.00      0.00      0.00      0.00      0.00      0.00      0.00
03:04:47 PM IST       sda      2.00      0.00     40.00      0.00     20.00      0.00      0.50      0.40

03:04:47 PM IST       DEV       tps     rkB/s     wkB/s     dkB/s   areq-sz    aqu-sz     await     %util
03:04:48 PM IST   nvme0n1      0.00      0.00      0.00      0.00      0.00      0.00      0.00      0.00
03:04:48 PM IST       sda      0.00      0.00      0.00      0.00      0.00      0.00      0.00      0.00

03:04:48 PM IST       DEV       tps     rkB/s     wkB/s     dkB/s   areq-sz    aqu-sz     await     %util
03:04:49 PM IST   nvme0n1      0.00      0.00      0.00      0.00      0.00      0.00      0.00      0.00
03:04:49 PM IST       sda      0.00      0.00      0.00      0.00      0.00      0.00      0.00      0.00

03:04:49 PM IST       DEV       tps     rkB/s     wkB/s     dkB/s   areq-sz    aqu-sz     await     %util
03:04:50 PM IST   nvme0n1      0.00      0.00      0.00      0.00      0.00      0.00      0.00      0.00
03:04:50 PM IST       sda      0.00      0.00      0.00      0.00      0.00      0.00      0.00      0.00

03:04:50 PM IST       DEV       tps     rkB/s     wkB/s     dkB/s   areq-sz    aqu-sz     await     %util
03:04:51 PM IST   nvme0n1      0.00      0.00      0.00      0.00      0.00      0.00      0.00      0.00
03:04:51 PM IST       sda      0.00      0.00      0.00      0.00      0.00      0.00      0.00      0.00

03:04:51 PM IST       DEV       tps     rkB/s     wkB/s     dkB/s   areq-sz    aqu-sz     await     %util
03:04:52 PM IST   nvme0n1      0.00      0.00      0.00      0.00      0.00      0.00      0.00      0.00
03:04:52 PM IST       sda      2.00      0.00     24.00      0.00     12.00      0.00      0.50      0.00

03:04:52 PM IST       DEV       tps     rkB/s     wkB/s     dkB/s   areq-sz    aqu-sz     await     %util
03:04:53 PM IST   nvme0n1      0.00      0.00      0.00      0.00      0.00      0.00      0.00      0.00
03:04:53 PM IST       sda      0.00      0.00      0.00      0.00      0.00      0.00      0.00      0.00

03:04:53 PM IST       DEV       tps     rkB/s     wkB/s     dkB/s   areq-sz    aqu-sz     await     %util
03:04:54 PM IST   nvme0n1      0.00      0.00      0.00      0.00      0.00      0.00      0.00      0.00
03:04:54 PM IST       sda      0.00      0.00      0.00      0.00      0.00      0.00      0.00      0.00

03:04:54 PM IST       DEV       tps     rkB/s     wkB/s     dkB/s   areq-sz    aqu-sz     await     %util
03:04:55 PM IST   nvme0n1      0.00      0.00      0.00      0.00      0.00      0.00      0.00      0.00
03:04:55 PM IST       sda      5.00      0.00    100.00      0.00     20.00      0.02      4.20      2.00

03:04:55 PM IST       DEV       tps     rkB/s     wkB/s     dkB/s   areq-sz    aqu-sz     await     %util
03:04:56 PM IST   nvme0n1      0.00      0.00      0.00      0.00      0.00      0.00      0.00      0.00
03:04:56 PM IST       sda      0.00      0.00      0.00      0.00      0.00      0.00      0.00      0.00

03:04:56 PM IST       DEV       tps     rkB/s     wkB/s     dkB/s   areq-sz    aqu-sz     await     %util
03:04:57 PM IST   nvme0n1      0.00      0.00      0.00      0.00      0.00      0.00      0.00      0.00
03:04:57 PM IST       sda     23.00      0.00    136.00      0.00      5.91      0.01      0.43      0.00

03:04:57 PM IST       DEV       tps     rkB/s     wkB/s     dkB/s   areq-sz    aqu-sz     await     %util
03:04:58 PM IST   nvme0n1      0.00      0.00      0.00      0.00      0.00      0.00      0.00      0.00
03:04:58 PM IST       sda      0.00      0.00      0.00      0.00      0.00      0.00      0.00      0.00

03:04:58 PM IST       DEV       tps     rkB/s     wkB/s     dkB/s   areq-sz    aqu-sz     await     %util
03:04:59 PM IST   nvme0n1      0.00      0.00      0.00      0.00      0.00      0.00      0.00      0.00
03:04:59 PM IST       sda      0.00      0.00      0.00      0.00      0.00      0.00      0.00      0.00

03:04:59 PM IST       DEV       tps     rkB/s     wkB/s     dkB/s   areq-sz    aqu-sz     await     %util
03:05:00 PM IST   nvme0n1      0.00      0.00      0.00      0.00      0.00      0.00      0.00      0.00
03:05:00 PM IST       sda      5.00      0.00     68.00      0.00     13.60      0.00      0.40      0.40

03:05:00 PM IST       DEV       tps     rkB/s     wkB/s     dkB/s   areq-sz    aqu-sz     await     %util
03:05:01 PM IST   nvme0n1      0.00      0.00      0.00      0.00      0.00      0.00      0.00      0.00
03:05:01 PM IST       sda      2.00     40.00      0.00      0.00     20.00      0.04     17.50      2.00

03:05:01 PM IST       DEV       tps     rkB/s     wkB/s     dkB/s   areq-sz    aqu-sz     await     %util
03:05:02 PM IST   nvme0n1      0.00      0.00      0.00      0.00      0.00      0.00      0.00      0.00
03:05:02 PM IST       sda      0.00      0.00      0.00      0.00      0.00      0.00      0.00      0.00

03:05:02 PM IST       DEV       tps     rkB/s     wkB/s     dkB/s   areq-sz    aqu-sz     await     %util
03:05:03 PM IST   nvme0n1      0.00      0.00      0.00      0.00      0.00      0.00      0.00      0.00
03:05:03 PM IST       sda      0.00      0.00      0.00      0.00      0.00      0.00      0.00      0.00

03:05:03 PM IST       DEV       tps     rkB/s     wkB/s     dkB/s   areq-sz    aqu-sz     await     %util
03:05:04 PM IST   nvme0n1      0.00      0.00      0.00      0.00      0.00      0.00      0.00      0.00
03:05:04 PM IST       sda     11.00      0.00     92.00      0.00      8.36      0.01      0.45      0.00

03:05:04 PM IST       DEV       tps     rkB/s     wkB/s     dkB/s   areq-sz    aqu-sz     await     %util
03:05:05 PM IST   nvme0n1      0.00      0.00      0.00      0.00      0.00      0.00      0.00      0.00
03:05:05 PM IST       sda      1.00      0.00      4.00      0.00      4.00      0.00      0.00      0.00

03:05:05 PM IST       DEV       tps     rkB/s     wkB/s     dkB/s   areq-sz    aqu-sz     await     %util
03:05:06 PM IST   nvme0n1      0.00      0.00      0.00      0.00      0.00      0.00      0.00      0.00
03:05:06 PM IST       sda     33.00      0.00    148.00      0.00      4.48      0.02      0.64      0.00

03:05:06 PM IST       DEV       tps     rkB/s     wkB/s     dkB/s   areq-sz    aqu-sz     await     %util
03:05:07 PM IST   nvme0n1      0.00      0.00      0.00      0.00      0.00      0.00      0.00      0.00
03:05:07 PM IST       sda      1.00      0.00     12.00      0.00     12.00      0.00      0.00      0.00

03:05:07 PM IST       DEV       tps     rkB/s     wkB/s     dkB/s   areq-sz    aqu-sz     await     %util
03:05:08 PM IST   nvme0n1      0.00      0.00      0.00      0.00      0.00      0.00      0.00      0.00
03:05:08 PM IST       sda      0.00      0.00      0.00      0.00      0.00      0.00      0.00      0.00

03:05:08 PM IST       DEV       tps     rkB/s     wkB/s     dkB/s   areq-sz    aqu-sz     await     %util
03:05:09 PM IST   nvme0n1      0.00      0.00      0.00      0.00      0.00      0.00      0.00      0.00
03:05:09 PM IST       sda      5.00      0.00    104.00      0.00     20.80      0.00      0.40      0.00

03:05:09 PM IST       DEV       tps     rkB/s     wkB/s     dkB/s   areq-sz    aqu-sz     await     %util
03:05:10 PM IST   nvme0n1      0.00      0.00      0.00      0.00      0.00      0.00      0.00      0.00
03:05:10 PM IST       sda      4.00      0.00     56.00      0.00     14.00      0.00      0.75      0.00

03:05:10 PM IST       DEV       tps     rkB/s     wkB/s     dkB/s   areq-sz    aqu-sz     await     %util
03:05:11 PM IST   nvme0n1      0.00      0.00      0.00      0.00      0.00      0.00      0.00      0.00
03:05:11 PM IST       sda      0.00      0.00      0.00      0.00      0.00      0.00      0.00      0.00

03:05:11 PM IST       DEV       tps     rkB/s     wkB/s     dkB/s   areq-sz    aqu-sz     await     %util
03:05:12 PM IST   nvme0n1      0.00      0.00      0.00      0.00      0.00      0.00      0.00      0.00
03:05:12 PM IST       sda     39.00      0.00    164.00      0.00      4.21      0.00      0.10      0.00

03:05:12 PM IST       DEV       tps     rkB/s     wkB/s     dkB/s   areq-sz    aqu-sz     await     %util
03:05:13 PM IST   nvme0n1      0.00      0.00      0.00      0.00      0.00      0.00      0.00      0.00
03:05:13 PM IST       sda      2.00      0.00     16.00      0.00      8.00      0.00      0.50      0.00

03:05:13 PM IST       DEV       tps     rkB/s     wkB/s     dkB/s   areq-sz    aqu-sz     await     %util
03:05:14 PM IST   nvme0n1      0.00      0.00      0.00      0.00      0.00      0.00      0.00      0.00
03:05:14 PM IST       sda      2.00      0.00     56.00      0.00     28.00      0.00      1.00      0.00

03:05:14 PM IST       DEV       tps     rkB/s     wkB/s     dkB/s   areq-sz    aqu-sz     await     %util
03:05:15 PM IST   nvme0n1      0.00      0.00      0.00      0.00      0.00      0.00      0.00      0.00
03:05:15 PM IST       sda      2.00      0.00     20.00      0.00     10.00      0.00      0.50      0.00

03:05:15 PM IST       DEV       tps     rkB/s     wkB/s     dkB/s   areq-sz    aqu-sz     await     %util
03:05:16 PM IST   nvme0n1      0.00      0.00      0.00      0.00      0.00      0.00      0.00      0.00
03:05:16 PM IST       sda      0.00      0.00      0.00      0.00      0.00      0.00      0.00      0.00

03:05:16 PM IST       DEV       tps     rkB/s     wkB/s     dkB/s   areq-sz    aqu-sz     await     %util
03:05:17 PM IST   nvme0n1      0.00      0.00      0.00      0.00      0.00      0.00      0.00      0.00
03:05:17 PM IST       sda      3.00      0.00     12.00      0.00      4.00      0.00      0.00      0.00

03:05:17 PM IST       DEV       tps     rkB/s     wkB/s     dkB/s   areq-sz    aqu-sz     await     %util
03:05:18 PM IST   nvme0n1      0.00      0.00      0.00      0.00      0.00      0.00      0.00      0.00
03:05:18 PM IST       sda      1.00      0.00     64.00      0.00     64.00      0.00      0.00      0.00

03:05:18 PM IST       DEV       tps     rkB/s     wkB/s     dkB/s   areq-sz    aqu-sz     await     %util
03:05:19 PM IST   nvme0n1      0.00      0.00      0.00      0.00      0.00      0.00      0.00      0.00
03:05:19 PM IST       sda      2.00      0.00     64.00      0.00     32.00      0.00      1.00      0.00

03:05:19 PM IST       DEV       tps     rkB/s     wkB/s     dkB/s   areq-sz    aqu-sz     await     %util
03:05:20 PM IST   nvme0n1      0.00      0.00      0.00      0.00      0.00      0.00      0.00      0.00
03:05:20 PM IST       sda      0.00      0.00      0.00      0.00      0.00      0.00      0.00      0.00

03:05:20 PM IST       DEV       tps     rkB/s     wkB/s     dkB/s   areq-sz    aqu-sz     await     %util
03:05:21 PM IST   nvme0n1      0.00      0.00      0.00      0.00      0.00      0.00      0.00      0.00
03:05:21 PM IST       sda      2.00      0.00      8.00      0.00      4.00      0.00      0.00      0.00

03:05:21 PM IST       DEV       tps     rkB/s     wkB/s     dkB/s   areq-sz    aqu-sz     await     %util
03:05:22 PM IST   nvme0n1      0.00      0.00      0.00      0.00      0.00      0.00      0.00      0.00
03:05:22 PM IST       sda      5.00      0.00    100.00      0.00     20.00      0.01      0.60      0.40

03:05:22 PM IST       DEV       tps     rkB/s     wkB/s     dkB/s   areq-sz    aqu-sz     await     %util
03:05:23 PM IST   nvme0n1      0.00      0.00      0.00      0.00      0.00      0.00      0.00      0.00
03:05:23 PM IST       sda      0.00      0.00      0.00      0.00      0.00      0.00      0.00      0.00

03:05:23 PM IST       DEV       tps     rkB/s     wkB/s     dkB/s   areq-sz    aqu-sz     await     %util
03:05:24 PM IST   nvme0n1      0.00      0.00      0.00      0.00      0.00      0.00      0.00      0.00
03:05:24 PM IST       sda      0.00      0.00      0.00      0.00      0.00      0.00      0.00      0.00

03:05:24 PM IST       DEV       tps     rkB/s     wkB/s     dkB/s   areq-sz    aqu-sz     await     %util
03:05:25 PM IST   nvme0n1      0.00      0.00      0.00      0.00      0.00      0.00      0.00      0.00
03:05:25 PM IST       sda      0.00      0.00      0.00      0.00      0.00      0.00      0.00      0.00

03:05:25 PM IST       DEV       tps     rkB/s     wkB/s     dkB/s   areq-sz    aqu-sz     await     %util
03:05:26 PM IST   nvme0n1      0.00      0.00      0.00      0.00      0.00      0.00      0.00      0.00
03:05:26 PM IST       sda      0.00      0.00      0.00      0.00      0.00      0.00      0.00      0.00

03:05:26 PM IST       DEV       tps     rkB/s     wkB/s     dkB/s   areq-sz    aqu-sz     await     %util
03:05:27 PM IST   nvme0n1      0.00      0.00      0.00      0.00      0.00      0.00      0.00      0.00
03:05:27 PM IST       sda      4.00      0.00     44.00      0.00     11.00      0.00      0.75      0.00

03:05:27 PM IST       DEV       tps     rkB/s     wkB/s     dkB/s   areq-sz    aqu-sz     await     %util
03:05:28 PM IST   nvme0n1      0.00      0.00      0.00      0.00      0.00      0.00      0.00      0.00
03:05:28 PM IST       sda     14.00      0.00     76.00      0.00      5.43      0.00      0.07      0.00

03:05:28 PM IST       DEV       tps     rkB/s     wkB/s     dkB/s   areq-sz    aqu-sz     await     %util
03:05:29 PM IST   nvme0n1      0.00      0.00      0.00      0.00      0.00      0.00      0.00      0.00
03:05:29 PM IST       sda      0.00      0.00      0.00      0.00      0.00      0.00      0.00      0.00

03:05:29 PM IST       DEV       tps     rkB/s     wkB/s     dkB/s   areq-sz    aqu-sz     await     %util
03:05:30 PM IST   nvme0n1      0.00      0.00      0.00      0.00      0.00      0.00      0.00      0.00
03:05:30 PM IST       sda      0.00      0.00      0.00      0.00      0.00      0.00      0.00      0.00

03:05:30 PM IST       DEV       tps     rkB/s     wkB/s     dkB/s   areq-sz    aqu-sz     await     %util
03:05:31 PM IST   nvme0n1      0.00      0.00      0.00      0.00      0.00      0.00      0.00      0.00
03:05:31 PM IST       sda      1.00      0.00      4.00      0.00      4.00      0.00      1.00      0.00

03:05:31 PM IST       DEV       tps     rkB/s     wkB/s     dkB/s   areq-sz    aqu-sz     await     %util
03:05:32 PM IST   nvme0n1      0.00      0.00      0.00      0.00      0.00      0.00      0.00      0.00
03:05:32 PM IST       sda     64.00      0.00    300.00      0.00      4.69      0.01      0.14      0.00

03:05:32 PM IST       DEV       tps     rkB/s     wkB/s     dkB/s   areq-sz    aqu-sz     await     %util
03:05:33 PM IST   nvme0n1      0.00      0.00      0.00      0.00      0.00      0.00      0.00      0.00
03:05:33 PM IST       sda      0.00      0.00      0.00      0.00      0.00      0.00      0.00      0.00

03:05:33 PM IST       DEV       tps     rkB/s     wkB/s     dkB/s   areq-sz    aqu-sz     await     %util
03:05:34 PM IST   nvme0n1      0.00      0.00      0.00      0.00      0.00      0.00      0.00      0.00
03:05:34 PM IST       sda      0.00      0.00      0.00      0.00      0.00      0.00      0.00      0.00

03:05:34 PM IST       DEV       tps     rkB/s     wkB/s     dkB/s   areq-sz    aqu-sz     await     %util
03:05:35 PM IST   nvme0n1      0.00      0.00      0.00      0.00      0.00      0.00      0.00      0.00
03:05:35 PM IST       sda      7.00      0.00    128.00      0.00     18.29      0.02      2.86      2.00

03:05:35 PM IST       DEV       tps     rkB/s     wkB/s     dkB/s   areq-sz    aqu-sz     await     %util
03:05:36 PM IST   nvme0n1      0.00      0.00      0.00      0.00      0.00      0.00      0.00      0.00
03:05:36 PM IST       sda      0.00      0.00      0.00      0.00      0.00      0.00      0.00      0.00

03:05:36 PM IST       DEV       tps     rkB/s     wkB/s     dkB/s   areq-sz    aqu-sz     await     %util
03:05:37 PM IST   nvme0n1      0.00      0.00      0.00      0.00      0.00      0.00      0.00      0.00
03:05:37 PM IST       sda      0.00      0.00      0.00      0.00      0.00      0.00      0.00      0.00

03:05:37 PM IST       DEV       tps     rkB/s     wkB/s     dkB/s   areq-sz    aqu-sz     await     %util
03:05:38 PM IST   nvme0n1      0.00      0.00      0.00      0.00      0.00      0.00      0.00      0.00
03:05:38 PM IST       sda      1.00      0.00      4.00      0.00      4.00      0.00      1.00      0.00

03:05:38 PM IST       DEV       tps     rkB/s     wkB/s     dkB/s   areq-sz    aqu-sz     await     %util
03:05:39 PM IST   nvme0n1      0.00      0.00      0.00      0.00      0.00      0.00      0.00      0.00
03:05:39 PM IST       sda     20.00      0.00     92.00      0.00      4.60      0.00      0.15      0.00

03:05:39 PM IST       DEV       tps     rkB/s     wkB/s     dkB/s   areq-sz    aqu-sz     await     %util
03:05:40 PM IST   nvme0n1      0.00      0.00      0.00      0.00      0.00      0.00      0.00      0.00
03:05:40 PM IST       sda      2.00      0.00     28.00      0.00     14.00      0.00      0.50      0.00

03:05:40 PM IST       DEV       tps     rkB/s     wkB/s     dkB/s   areq-sz    aqu-sz     await     %util
03:05:41 PM IST   nvme0n1      0.00      0.00      0.00      0.00      0.00      0.00      0.00      0.00
03:05:41 PM IST       sda      1.00      0.00      8.00      0.00      8.00      0.00      0.00      0.00

03:05:41 PM IST       DEV       tps     rkB/s     wkB/s     dkB/s   areq-sz    aqu-sz     await     %util
03:05:42 PM IST   nvme0n1      0.00      0.00      0.00      0.00      0.00      0.00      0.00      0.00
03:05:42 PM IST       sda      0.00      0.00      0.00      0.00      0.00      0.00      0.00      0.00

03:05:42 PM IST       DEV       tps     rkB/s     wkB/s     dkB/s   areq-sz    aqu-sz     await     %util
03:05:43 PM IST   nvme0n1      0.00      0.00      0.00      0.00      0.00      0.00      0.00      0.00
03:05:43 PM IST       sda      0.00      0.00      0.00      0.00      0.00      0.00      0.00      0.00

03:05:43 PM IST       DEV       tps     rkB/s     wkB/s     dkB/s   areq-sz    aqu-sz     await     %util
03:05:44 PM IST   nvme0n1      0.00      0.00      0.00      0.00      0.00      0.00      0.00      0.00
03:05:44 PM IST       sda      0.00      0.00      0.00      0.00      0.00      0.00      0.00      0.00

03:05:44 PM IST       DEV       tps     rkB/s     wkB/s     dkB/s   areq-sz    aqu-sz     await     %util
03:05:45 PM IST   nvme0n1      0.00      0.00      0.00      0.00      0.00      0.00      0.00      0.00
03:05:45 PM IST       sda      2.00      0.00     36.00      0.00     18.00      0.00      1.00      0.40

03:05:45 PM IST       DEV       tps     rkB/s     wkB/s     dkB/s   areq-sz    aqu-sz     await     %util
03:05:46 PM IST   nvme0n1      0.00      0.00      0.00      0.00      0.00      0.00      0.00      0.00
03:05:46 PM IST       sda      8.00      0.00     80.00      0.00     10.00      0.00      0.12      0.00

03:05:46 PM IST       DEV       tps     rkB/s     wkB/s     dkB/s   areq-sz    aqu-sz     await     %util
03:05:47 PM IST   nvme0n1      0.00      0.00      0.00      0.00      0.00      0.00      0.00      0.00
03:05:47 PM IST       sda      0.00      0.00      0.00      0.00      0.00      0.00      0.00      0.00

03:05:47 PM IST       DEV       tps     rkB/s     wkB/s     dkB/s   areq-sz    aqu-sz     await     %util
03:05:48 PM IST   nvme0n1      0.00      0.00      0.00      0.00      0.00      0.00      0.00      0.00
03:05:48 PM IST       sda      5.00      0.00    124.00      0.00     24.80      0.00      0.60      0.40

03:05:48 PM IST       DEV       tps     rkB/s     wkB/s     dkB/s   areq-sz    aqu-sz     await     %util
03:05:49 PM IST   nvme0n1      0.00      0.00      0.00      0.00      0.00      0.00      0.00      0.00
03:05:49 PM IST       sda      0.00      0.00      0.00      0.00      0.00      0.00      0.00      0.00

03:05:49 PM IST       DEV       tps     rkB/s     wkB/s     dkB/s   areq-sz    aqu-sz     await     %util
03:05:50 PM IST   nvme0n1      0.00      0.00      0.00      0.00      0.00      0.00      0.00      0.00
03:05:50 PM IST       sda      0.00      0.00      0.00      0.00      0.00      0.00      0.00      0.00

03:05:50 PM IST       DEV       tps     rkB/s     wkB/s     dkB/s   areq-sz    aqu-sz     await     %util
03:05:51 PM IST   nvme0n1      0.00      0.00      0.00      0.00      0.00      0.00      0.00      0.00
03:05:51 PM IST       sda      0.00      0.00      0.00      0.00      0.00      0.00      0.00      0.00

03:05:51 PM IST       DEV       tps     rkB/s     wkB/s     dkB/s   areq-sz    aqu-sz     await     %util
03:05:52 PM IST   nvme0n1      0.00      0.00      0.00      0.00      0.00      0.00      0.00      0.00
03:05:52 PM IST       sda      0.00      0.00      0.00      0.00      0.00      0.00      0.00      0.00

03:05:52 PM IST       DEV       tps     rkB/s     wkB/s     dkB/s   areq-sz    aqu-sz     await     %util
03:05:53 PM IST   nvme0n1      0.00      0.00      0.00      0.00      0.00      0.00      0.00      0.00
03:05:53 PM IST       sda     46.00      0.00    228.00      0.00      4.96      0.01      0.26      0.00

03:05:53 PM IST       DEV       tps     rkB/s     wkB/s     dkB/s   areq-sz    aqu-sz     await     %util
03:05:54 PM IST   nvme0n1      0.00      0.00      0.00      0.00      0.00      0.00      0.00      0.00
03:05:54 PM IST       sda      0.00      0.00      0.00      0.00      0.00      0.00      0.00      0.00

03:05:54 PM IST       DEV       tps     rkB/s     wkB/s     dkB/s   areq-sz    aqu-sz     await     %util
03:05:55 PM IST   nvme0n1      0.00      0.00      0.00      0.00      0.00      0.00      0.00      0.00
03:05:55 PM IST       sda      0.00      0.00      0.00      0.00      0.00      0.00      0.00      0.00

03:05:55 PM IST       DEV       tps     rkB/s     wkB/s     dkB/s   areq-sz    aqu-sz     await     %util
03:05:56 PM IST   nvme0n1      0.00      0.00      0.00      0.00      0.00      0.00      0.00      0.00
03:05:56 PM IST       sda      2.00      0.00      8.00      0.00      4.00      0.00      1.00      0.00

03:05:56 PM IST       DEV       tps     rkB/s     wkB/s     dkB/s   areq-sz    aqu-sz     await     %util
03:05:57 PM IST   nvme0n1      0.00      0.00      0.00      0.00      0.00      0.00      0.00      0.00
03:05:57 PM IST       sda      3.00      0.00     12.00      0.00      4.00      0.00      0.33      0.00

03:05:57 PM IST       DEV       tps     rkB/s     wkB/s     dkB/s   areq-sz    aqu-sz     await     %util
03:05:58 PM IST   nvme0n1      0.00      0.00      0.00      0.00      0.00      0.00      0.00      0.00
03:05:58 PM IST       sda      0.00      0.00      0.00      0.00      0.00      0.00      0.00      0.00

03:05:58 PM IST       DEV       tps     rkB/s     wkB/s     dkB/s   areq-sz    aqu-sz     await     %util
03:05:59 PM IST   nvme0n1      0.00      0.00      0.00      0.00      0.00      0.00      0.00      0.00
03:05:59 PM IST       sda     21.00      0.00    140.00      0.00      6.67      0.01      0.57      0.00

03:05:59 PM IST       DEV       tps     rkB/s     wkB/s     dkB/s   areq-sz    aqu-sz     await     %util
03:06:00 PM IST   nvme0n1      0.00      0.00      0.00      0.00      0.00      0.00      0.00      0.00
03:06:00 PM IST       sda      1.00      4.00      0.00      0.00      4.00      0.02     18.00      2.00

03:06:00 PM IST       DEV       tps     rkB/s     wkB/s     dkB/s   areq-sz    aqu-sz     await     %util
03:06:01 PM IST   nvme0n1      0.00      0.00      0.00      0.00      0.00      0.00      0.00      0.00
03:06:01 PM IST       sda      0.00      0.00      0.00      0.00      0.00      0.00      0.00      0.00

03:06:01 PM IST       DEV       tps     rkB/s     wkB/s     dkB/s   areq-sz    aqu-sz     await     %util
03:06:02 PM IST   nvme0n1      0.00      0.00      0.00      0.00      0.00      0.00      0.00      0.00
03:06:02 PM IST       sda      6.00      0.00    112.00      0.00     18.67      0.01      0.50      0.40

03:06:02 PM IST       DEV       tps     rkB/s     wkB/s     dkB/s   areq-sz    aqu-sz     await     %util
03:06:03 PM IST   nvme0n1      0.00      0.00      0.00      0.00      0.00      0.00      0.00      0.00
03:06:03 PM IST       sda     18.00      0.00     76.00      0.00      4.22      0.00      0.11      0.00

03:06:03 PM IST       DEV       tps     rkB/s     wkB/s     dkB/s   areq-sz    aqu-sz     await     %util
03:06:04 PM IST   nvme0n1      0.00      0.00      0.00      0.00      0.00      0.00      0.00      0.00
03:06:04 PM IST       sda     12.00      0.00    120.00      0.00     10.00      0.01      0.33      0.40

03:06:04 PM IST       DEV       tps     rkB/s     wkB/s     dkB/s   areq-sz    aqu-sz     await     %util
03:06:05 PM IST   nvme0n1      0.00      0.00      0.00      0.00      0.00      0.00      0.00      0.00
03:06:05 PM IST       sda      0.00      0.00      0.00      0.00      0.00      0.00      0.00      0.00

03:06:05 PM IST       DEV       tps     rkB/s     wkB/s     dkB/s   areq-sz    aqu-sz     await     %util
03:06:06 PM IST   nvme0n1      0.00      0.00      0.00      0.00      0.00      0.00      0.00      0.00
03:06:06 PM IST       sda      2.00      0.00     16.00      0.00      8.00      0.00      0.50      0.00

03:06:06 PM IST       DEV       tps     rkB/s     wkB/s     dkB/s   areq-sz    aqu-sz     await     %util
03:06:07 PM IST   nvme0n1      0.00      0.00      0.00      0.00      0.00      0.00      0.00      0.00
03:06:07 PM IST       sda      0.00      0.00      0.00      0.00      0.00      0.00      0.00      0.00

03:06:07 PM IST       DEV       tps     rkB/s     wkB/s     dkB/s   areq-sz    aqu-sz     await     %util
03:06:08 PM IST   nvme0n1      0.00      0.00      0.00      0.00      0.00      0.00      0.00      0.00
03:06:08 PM IST       sda      0.00      0.00      0.00      0.00      0.00      0.00      0.00      0.00

03:06:08 PM IST       DEV       tps     rkB/s     wkB/s     dkB/s   areq-sz    aqu-sz     await     %util
03:06:09 PM IST   nvme0n1      0.00      0.00      0.00      0.00      0.00      0.00      0.00      0.00
03:06:09 PM IST       sda      2.00      0.00     28.00      0.00     14.00      0.00      1.00      0.00

03:06:09 PM IST       DEV       tps     rkB/s     wkB/s     dkB/s   areq-sz    aqu-sz     await     %util
03:06:10 PM IST   nvme0n1      0.00      0.00      0.00      0.00      0.00      0.00      0.00      0.00
03:06:10 PM IST       sda      0.00      0.00      0.00      0.00      0.00      0.00      0.00      0.00

03:06:10 PM IST       DEV       tps     rkB/s     wkB/s     dkB/s   areq-sz    aqu-sz     await     %util
03:06:11 PM IST   nvme0n1      0.00      0.00      0.00      0.00      0.00      0.00      0.00      0.00
03:06:11 PM IST       sda     24.00      0.00    108.00      0.00      4.50      0.01      0.50      0.00

03:06:11 PM IST       DEV       tps     rkB/s     wkB/s     dkB/s   areq-sz    aqu-sz     await     %util
03:06:12 PM IST   nvme0n1      0.00      0.00      0.00      0.00      0.00      0.00      0.00      0.00
03:06:12 PM IST       sda      3.00      0.00     28.00      0.00      9.33      0.00      0.33      0.00

03:06:12 PM IST       DEV       tps     rkB/s     wkB/s     dkB/s   areq-sz    aqu-sz     await     %util
03:06:13 PM IST   nvme0n1      0.00      0.00      0.00      0.00      0.00      0.00      0.00      0.00
03:06:13 PM IST       sda      0.00      0.00      0.00      0.00      0.00      0.00      0.00      0.00

03:06:13 PM IST       DEV       tps     rkB/s     wkB/s     dkB/s   areq-sz    aqu-sz     await     %util
03:06:14 PM IST   nvme0n1      0.00      0.00      0.00      0.00      0.00      0.00      0.00      0.00
03:06:14 PM IST       sda      2.00      0.00     40.00      0.00     20.00      0.00      0.50      0.00

03:06:14 PM IST       DEV       tps     rkB/s     wkB/s     dkB/s   areq-sz    aqu-sz     await     %util
03:06:15 PM IST   nvme0n1      0.00      0.00      0.00      0.00      0.00      0.00      0.00      0.00
03:06:15 PM IST       sda      5.00      0.00    100.00      0.00     20.00      0.00      0.40      0.00

03:06:15 PM IST       DEV       tps     rkB/s     wkB/s     dkB/s   areq-sz    aqu-sz     await     %util
03:06:16 PM IST   nvme0n1      0.00      0.00      0.00      0.00      0.00      0.00      0.00      0.00
03:06:16 PM IST       sda      0.00      0.00      0.00      0.00      0.00      0.00      0.00      0.00

03:06:16 PM IST       DEV       tps     rkB/s     wkB/s     dkB/s   areq-sz    aqu-sz     await     %util
03:06:17 PM IST   nvme0n1      0.00      0.00      0.00      0.00      0.00      0.00      0.00      0.00
03:06:17 PM IST       sda      6.00      0.00     76.00      0.00     12.67      0.02      4.00      1.60

03:06:17 PM IST       DEV       tps     rkB/s     wkB/s     dkB/s   areq-sz    aqu-sz     await     %util
03:06:18 PM IST   nvme0n1      0.00      0.00      0.00      0.00      0.00      0.00      0.00      0.00
03:06:18 PM IST       sda      0.00      0.00      0.00      0.00      0.00      0.00      0.00      0.00

03:06:18 PM IST       DEV       tps     rkB/s     wkB/s     dkB/s   areq-sz    aqu-sz     await     %util
03:06:19 PM IST   nvme0n1      0.00      0.00      0.00      0.00      0.00      0.00      0.00      0.00
03:06:19 PM IST       sda      2.00      0.00     16.00      0.00      8.00      0.00      0.50      0.00

03:06:19 PM IST       DEV       tps     rkB/s     wkB/s     dkB/s   areq-sz    aqu-sz     await     %util
03:06:20 PM IST   nvme0n1      0.00      0.00      0.00      0.00      0.00      0.00      0.00      0.00
03:06:20 PM IST       sda      2.00      0.00     76.00      0.00     38.00      0.00      0.50      0.00

03:06:20 PM IST       DEV       tps     rkB/s     wkB/s     dkB/s   areq-sz    aqu-sz     await     %util
03:06:21 PM IST   nvme0n1      0.00      0.00      0.00      0.00      0.00      0.00      0.00      0.00
03:06:21 PM IST       sda      0.00      0.00      0.00      0.00      0.00      0.00      0.00      0.00

03:06:21 PM IST       DEV       tps     rkB/s     wkB/s     dkB/s   areq-sz    aqu-sz     await     %util
03:06:22 PM IST   nvme0n1      0.00      0.00      0.00      0.00      0.00      0.00      0.00      0.00
03:06:22 PM IST       sda      0.00      0.00      0.00      0.00      0.00      0.00      0.00      0.00

03:06:22 PM IST       DEV       tps     rkB/s     wkB/s     dkB/s   areq-sz    aqu-sz     await     %util
03:06:23 PM IST   nvme0n1      0.00      0.00      0.00      0.00      0.00      0.00      0.00      0.00
03:06:23 PM IST       sda      0.00      0.00      0.00      0.00      0.00      0.00      0.00      0.00

03:06:23 PM IST       DEV       tps     rkB/s     wkB/s     dkB/s   areq-sz    aqu-sz     await     %util
03:06:24 PM IST   nvme0n1      0.00      0.00      0.00      0.00      0.00      0.00      0.00      0.00
03:06:24 PM IST       sda      0.00      0.00      0.00      0.00      0.00      0.00      0.00      0.00

03:06:24 PM IST       DEV       tps     rkB/s     wkB/s     dkB/s   areq-sz    aqu-sz     await     %util
03:06:25 PM IST   nvme0n1      0.00      0.00      0.00      0.00      0.00      0.00      0.00      0.00
03:06:25 PM IST       sda      2.00      0.00     28.00      0.00     14.00      0.00      1.00      0.00

03:06:25 PM IST       DEV       tps     rkB/s     wkB/s     dkB/s   areq-sz    aqu-sz     await     %util
03:06:26 PM IST   nvme0n1      0.00      0.00      0.00      0.00      0.00      0.00      0.00      0.00
03:06:26 PM IST       sda      0.00      0.00      0.00      0.00      0.00      0.00      0.00      0.00

03:06:26 PM IST       DEV       tps     rkB/s     wkB/s     dkB/s   areq-sz    aqu-sz     await     %util
03:06:27 PM IST   nvme0n1      0.00      0.00      0.00      0.00      0.00      0.00      0.00      0.00
03:06:27 PM IST       sda      0.99      0.00      3.96      0.00      4.00      0.00      1.00      0.00

03:06:27 PM IST       DEV       tps     rkB/s     wkB/s     dkB/s   areq-sz    aqu-sz     await     %util
03:06:28 PM IST   nvme0n1      0.00      0.00      0.00      0.00      0.00      0.00      0.00      0.00
03:06:28 PM IST       sda      5.00      0.00    104.00      0.00     20.80      0.00      0.40      0.40

03:06:28 PM IST       DEV       tps     rkB/s     wkB/s     dkB/s   areq-sz    aqu-sz     await     %util
03:06:29 PM IST   nvme0n1      0.00      0.00      0.00      0.00      0.00      0.00      0.00      0.00
03:06:29 PM IST       sda      8.00      0.00     32.00      0.00      4.00      0.01      0.62      0.00

03:06:29 PM IST       DEV       tps     rkB/s     wkB/s     dkB/s   areq-sz    aqu-sz     await     %util
03:06:30 PM IST   nvme0n1      0.00      0.00      0.00      0.00      0.00      0.00      0.00      0.00
03:06:30 PM IST       sda      0.00      0.00      0.00      0.00      0.00      0.00      0.00      0.00

03:06:30 PM IST       DEV       tps     rkB/s     wkB/s     dkB/s   areq-sz    aqu-sz     await     %util
03:06:31 PM IST   nvme0n1      0.00      0.00      0.00      0.00      0.00      0.00      0.00      0.00
03:06:31 PM IST       sda      0.00      0.00      0.00      0.00      0.00      0.00      0.00      0.00

03:06:31 PM IST       DEV       tps     rkB/s     wkB/s     dkB/s   areq-sz    aqu-sz     await     %util
03:06:32 PM IST   nvme0n1      0.00      0.00      0.00      0.00      0.00      0.00      0.00      0.00
03:06:32 PM IST       sda      2.00      0.00     16.00      0.00      8.00      0.00      1.00      0.00

03:06:32 PM IST       DEV       tps     rkB/s     wkB/s     dkB/s   areq-sz    aqu-sz     await     %util
03:06:33 PM IST   nvme0n1      0.00      0.00      0.00      0.00      0.00      0.00      0.00      0.00
03:06:33 PM IST       sda      3.00      0.00     44.00      0.00     14.67      0.00      0.33      0.00

03:06:33 PM IST       DEV       tps     rkB/s     wkB/s     dkB/s   areq-sz    aqu-sz     await     %util
03:06:34 PM IST   nvme0n1      0.00      0.00      0.00      0.00      0.00      0.00      0.00      0.00
03:06:34 PM IST       sda     63.00      8.00    300.00      0.00      4.89      0.01      0.14      0.40

03:06:34 PM IST       DEV       tps     rkB/s     wkB/s     dkB/s   areq-sz    aqu-sz     await     %util
03:06:35 PM IST   nvme0n1      0.00      0.00      0.00      0.00      0.00      0.00      0.00      0.00
03:06:35 PM IST       sda      0.00      0.00      0.00      0.00      0.00      0.00      0.00      0.00

03:06:35 PM IST       DEV       tps     rkB/s     wkB/s     dkB/s   areq-sz    aqu-sz     await     %util
03:06:36 PM IST   nvme0n1      0.00      0.00      0.00      0.00      0.00      0.00      0.00      0.00
03:06:36 PM IST       sda      0.00      0.00      0.00      0.00      0.00      0.00      0.00      0.00

03:06:36 PM IST       DEV       tps     rkB/s     wkB/s     dkB/s   areq-sz    aqu-sz     await     %util
03:06:37 PM IST   nvme0n1      0.00      0.00      0.00      0.00      0.00      0.00      0.00      0.00
03:06:37 PM IST       sda      0.00      0.00      0.00      0.00      0.00      0.00      0.00      0.00

03:06:37 PM IST       DEV       tps     rkB/s     wkB/s     dkB/s   areq-sz    aqu-sz     await     %util
03:06:38 PM IST   nvme0n1      0.00      0.00      0.00      0.00      0.00      0.00      0.00      0.00
03:06:38 PM IST       sda      0.00      0.00      0.00      0.00      0.00      0.00      0.00      0.00

03:06:38 PM IST       DEV       tps     rkB/s     wkB/s     dkB/s   areq-sz    aqu-sz     await     %util
03:06:39 PM IST   nvme0n1      0.00      0.00      0.00      0.00      0.00      0.00      0.00      0.00
03:06:39 PM IST       sda     22.00      0.00    116.00      0.00      5.27      0.13      5.91      2.00

03:06:39 PM IST       DEV       tps     rkB/s     wkB/s     dkB/s   areq-sz    aqu-sz     await     %util
03:06:40 PM IST   nvme0n1      0.00      0.00      0.00      0.00      0.00      0.00      0.00      0.00
03:06:40 PM IST       sda      0.00      0.00      0.00      0.00      0.00      0.00      0.00      0.00

03:06:40 PM IST       DEV       tps     rkB/s     wkB/s     dkB/s   areq-sz    aqu-sz     await     %util
03:06:41 PM IST   nvme0n1      0.00      0.00      0.00      0.00      0.00      0.00      0.00      0.00
03:06:41 PM IST       sda      0.00      0.00      0.00      0.00      0.00      0.00      0.00      0.00

03:06:41 PM IST       DEV       tps     rkB/s     wkB/s     dkB/s   areq-sz    aqu-sz     await     %util
03:06:42 PM IST   nvme0n1      0.00      0.00      0.00      0.00      0.00      0.00      0.00      0.00
03:06:42 PM IST       sda      5.00      0.00    100.00      0.00     20.00      0.01      0.80      0.40

03:06:42 PM IST       DEV       tps     rkB/s     wkB/s     dkB/s   areq-sz    aqu-sz     await     %util
03:06:43 PM IST   nvme0n1      0.00      0.00      0.00      0.00      0.00      0.00      0.00      0.00
03:06:43 PM IST       sda      1.00      0.00      8.00      0.00      8.00      0.00      0.00      0.00

03:06:43 PM IST       DEV       tps     rkB/s     wkB/s     dkB/s   areq-sz    aqu-sz     await     %util
03:06:44 PM IST   nvme0n1      0.00      0.00      0.00      0.00      0.00      0.00      0.00      0.00
03:06:44 PM IST       sda      0.00      0.00      0.00      0.00      0.00      0.00      0.00      0.00

03:06:44 PM IST       DEV       tps     rkB/s     wkB/s     dkB/s   areq-sz    aqu-sz     await     %util
03:06:45 PM IST   nvme0n1      0.00      0.00      0.00      0.00      0.00      0.00      0.00      0.00
03:06:45 PM IST       sda     23.00      0.00    104.00      0.00      4.52      0.01      0.48      0.00

03:06:45 PM IST       DEV       tps     rkB/s     wkB/s     dkB/s   areq-sz    aqu-sz     await     %util
03:06:46 PM IST   nvme0n1      0.00      0.00      0.00      0.00      0.00      0.00      0.00      0.00
03:06:46 PM IST       sda     45.00    368.00     16.00      0.00      8.53      0.03      0.71      2.00

03:06:46 PM IST       DEV       tps     rkB/s     wkB/s     dkB/s   areq-sz    aqu-sz     await     %util
03:06:47 PM IST   nvme0n1      0.00      0.00      0.00      0.00      0.00      0.00      0.00      0.00
03:06:47 PM IST       sda      3.00      0.00     40.00      0.00     13.33      0.00      0.33      0.00

03:06:47 PM IST       DEV       tps     rkB/s     wkB/s     dkB/s   areq-sz    aqu-sz     await     %util
03:06:48 PM IST   nvme0n1      0.00      0.00      0.00      0.00      0.00      0.00      0.00      0.00
03:06:48 PM IST       sda      7.00      0.00     72.00      0.00     10.29      0.00      0.29      0.00

03:06:48 PM IST       DEV       tps     rkB/s     wkB/s     dkB/s   areq-sz    aqu-sz     await     %util
03:06:49 PM IST   nvme0n1      0.00      0.00      0.00      0.00      0.00      0.00      0.00      0.00
03:06:49 PM IST       sda      0.00      0.00      0.00      0.00      0.00      0.00      0.00      0.00

03:06:49 PM IST       DEV       tps     rkB/s     wkB/s     dkB/s   areq-sz    aqu-sz     await     %util
03:06:50 PM IST   nvme0n1      0.00      0.00      0.00      0.00      0.00      0.00      0.00      0.00
03:06:50 PM IST       sda      0.00      0.00      0.00      0.00      0.00      0.00      0.00      0.00

03:06:50 PM IST       DEV       tps     rkB/s     wkB/s     dkB/s   areq-sz    aqu-sz     await     %util
03:06:51 PM IST   nvme0n1      0.00      0.00      0.00      0.00      0.00      0.00      0.00      0.00
03:06:51 PM IST       sda      0.00      0.00      0.00      0.00      0.00      0.00      0.00      0.00

03:06:51 PM IST       DEV       tps     rkB/s     wkB/s     dkB/s   areq-sz    aqu-sz     await     %util
03:06:52 PM IST   nvme0n1      0.00      0.00      0.00      0.00      0.00      0.00      0.00      0.00
03:06:52 PM IST       sda      2.00      0.00     64.00      0.00     32.00      0.00      1.00      0.00

03:06:52 PM IST       DEV       tps     rkB/s     wkB/s     dkB/s   areq-sz    aqu-sz     await     %util
03:06:53 PM IST   nvme0n1      0.00      0.00      0.00      0.00      0.00      0.00      0.00      0.00
03:06:53 PM IST       sda      2.00      0.00     16.00      0.00      8.00      0.00      0.50      0.00

03:06:53 PM IST       DEV       tps     rkB/s     wkB/s     dkB/s   areq-sz    aqu-sz     await     %util
03:06:54 PM IST   nvme0n1      0.00      0.00      0.00      0.00      0.00      0.00      0.00      0.00
03:06:54 PM IST       sda      0.00      0.00      0.00      0.00      0.00      0.00      0.00      0.00

03:06:54 PM IST       DEV       tps     rkB/s     wkB/s     dkB/s   areq-sz    aqu-sz     await     %util
03:06:55 PM IST   nvme0n1      0.00      0.00      0.00      0.00      0.00      0.00      0.00      0.00
03:06:55 PM IST       sda      5.00      0.00    100.00      0.00     20.00      0.01      0.60      0.00

03:06:55 PM IST       DEV       tps     rkB/s     wkB/s     dkB/s   areq-sz    aqu-sz     await     %util
03:06:56 PM IST   nvme0n1      0.00      0.00      0.00      0.00      0.00      0.00      0.00      0.00
03:06:56 PM IST       sda      0.00      0.00      0.00      0.00      0.00      0.00      0.00      0.00

03:06:56 PM IST       DEV       tps     rkB/s     wkB/s     dkB/s   areq-sz    aqu-sz     await     %util
03:06:57 PM IST   nvme0n1      0.00      0.00      0.00      0.00      0.00      0.00      0.00      0.00
03:06:57 PM IST       sda      0.00      0.00      0.00      0.00      0.00      0.00      0.00      0.00

03:06:57 PM IST       DEV       tps     rkB/s     wkB/s     dkB/s   areq-sz    aqu-sz     await     %util
03:06:58 PM IST   nvme0n1      0.00      0.00      0.00      0.00      0.00      0.00      0.00      0.00
03:06:58 PM IST       sda      5.00      0.00     76.00      0.00     15.20      0.00      0.40      0.40

03:06:58 PM IST       DEV       tps     rkB/s     wkB/s     dkB/s   areq-sz    aqu-sz     await     %util
03:06:59 PM IST   nvme0n1      0.00      0.00      0.00      0.00      0.00      0.00      0.00      0.00
03:06:59 PM IST       sda      2.00      0.00     20.00      0.00     10.00      0.00      1.00      0.00

03:06:59 PM IST       DEV       tps     rkB/s     wkB/s     dkB/s   areq-sz    aqu-sz     await     %util
03:07:00 PM IST   nvme0n1      0.00      0.00      0.00      0.00      0.00      0.00      0.00      0.00
03:07:00 PM IST       sda      0.00      0.00      0.00      0.00      0.00      0.00      0.00      0.00

03:07:00 PM IST       DEV       tps     rkB/s     wkB/s     dkB/s   areq-sz    aqu-sz     await     %util
03:07:01 PM IST   nvme0n1      0.00      0.00      0.00      0.00      0.00      0.00      0.00      0.00
03:07:01 PM IST       sda      0.00      0.00      0.00      0.00      0.00      0.00      0.00      0.00

03:07:01 PM IST       DEV       tps     rkB/s     wkB/s     dkB/s   areq-sz    aqu-sz     await     %util
03:07:02 PM IST   nvme0n1      0.00      0.00      0.00      0.00      0.00      0.00      0.00      0.00
03:07:02 PM IST       sda      0.00      0.00      0.00      0.00      0.00      0.00      0.00      0.00

03:07:02 PM IST       DEV       tps     rkB/s     wkB/s     dkB/s   areq-sz    aqu-sz     await     %util
03:07:03 PM IST   nvme0n1      0.00      0.00      0.00      0.00      0.00      0.00      0.00      0.00
03:07:03 PM IST       sda      5.00      0.00     84.00      0.00     16.80      0.01      0.80      0.00

03:07:03 PM IST       DEV       tps     rkB/s     wkB/s     dkB/s   areq-sz    aqu-sz     await     %util
03:07:04 PM IST   nvme0n1      0.00      0.00      0.00      0.00      0.00      0.00      0.00      0.00
03:07:04 PM IST       sda     13.00      0.00    116.00      0.00      8.92      0.02      1.69      2.40

03:07:04 PM IST       DEV       tps     rkB/s     wkB/s     dkB/s   areq-sz    aqu-sz     await     %util
03:07:05 PM IST   nvme0n1      0.00      0.00      0.00      0.00      0.00      0.00      0.00      0.00
03:07:05 PM IST       sda      1.00      0.00     12.00      0.00     12.00      0.00      1.00      0.00

03:07:05 PM IST       DEV       tps     rkB/s     wkB/s     dkB/s   areq-sz    aqu-sz     await     %util
03:07:06 PM IST   nvme0n1      0.00      0.00      0.00      0.00      0.00      0.00      0.00      0.00
03:07:06 PM IST       sda      0.00      0.00      0.00      0.00      0.00      0.00      0.00      0.00

03:07:06 PM IST       DEV       tps     rkB/s     wkB/s     dkB/s   areq-sz    aqu-sz     await     %util
03:07:07 PM IST   nvme0n1      0.00      0.00      0.00      0.00      0.00      0.00      0.00      0.00
03:07:07 PM IST       sda      0.00      0.00      0.00      0.00      0.00      0.00      0.00      0.00

03:07:07 PM IST       DEV       tps     rkB/s     wkB/s     dkB/s   areq-sz    aqu-sz     await     %util
03:07:08 PM IST   nvme0n1      0.00      0.00      0.00      0.00      0.00      0.00      0.00      0.00
03:07:08 PM IST       sda      5.00      0.00    116.00      0.00     23.20      0.01      0.60      0.40

03:07:08 PM IST       DEV       tps     rkB/s     wkB/s     dkB/s   areq-sz    aqu-sz     await     %util
03:07:09 PM IST   nvme0n1      0.00      0.00      0.00      0.00      0.00      0.00      0.00      0.00
03:07:09 PM IST       sda      0.00      0.00      0.00      0.00      0.00      0.00      0.00      0.00

03:07:09 PM IST       DEV       tps     rkB/s     wkB/s     dkB/s   areq-sz    aqu-sz     await     %util
03:07:10 PM IST   nvme0n1      0.00      0.00      0.00      0.00      0.00      0.00      0.00      0.00
03:07:10 PM IST       sda     17.00      0.00     80.00      0.00      4.71      0.01      0.41      0.00

03:07:10 PM IST       DEV       tps     rkB/s     wkB/s     dkB/s   areq-sz    aqu-sz     await     %util
03:07:11 PM IST   nvme0n1      0.00      0.00      0.00      0.00      0.00      0.00      0.00      0.00
03:07:11 PM IST       sda     60.00      0.00    260.00      0.00      4.33      0.01      0.10      0.00

03:07:11 PM IST       DEV       tps     rkB/s     wkB/s     dkB/s   areq-sz    aqu-sz     await     %util
03:07:12 PM IST   nvme0n1      0.00      0.00      0.00      0.00      0.00      0.00      0.00      0.00
03:07:12 PM IST       sda      2.00      0.00     16.00      0.00      8.00      0.00      1.00      0.00

03:07:12 PM IST       DEV       tps     rkB/s     wkB/s     dkB/s   areq-sz    aqu-sz     await     %util
03:07:13 PM IST   nvme0n1      0.00      0.00      0.00      0.00      0.00      0.00      0.00      0.00
03:07:13 PM IST       sda      3.00      0.00     32.00      0.00     10.67      0.00      0.33      0.40

03:07:13 PM IST       DEV       tps     rkB/s     wkB/s     dkB/s   areq-sz    aqu-sz     await     %util
03:07:14 PM IST   nvme0n1      0.00      0.00      0.00      0.00      0.00      0.00      0.00      0.00
03:07:14 PM IST       sda      0.00      0.00      0.00      0.00      0.00      0.00      0.00      0.00

03:07:14 PM IST       DEV       tps     rkB/s     wkB/s     dkB/s   areq-sz    aqu-sz     await     %util
03:07:15 PM IST   nvme0n1      0.00      0.00      0.00      0.00      0.00      0.00      0.00      0.00
03:07:15 PM IST       sda      0.00      0.00      0.00      0.00      0.00      0.00      0.00      0.00

03:07:15 PM IST       DEV       tps     rkB/s     wkB/s     dkB/s   areq-sz    aqu-sz     await     %util
03:07:16 PM IST   nvme0n1      0.00      0.00      0.00      0.00      0.00      0.00      0.00      0.00
03:07:16 PM IST       sda      0.00      0.00      0.00      0.00      0.00      0.00      0.00      0.00

03:07:16 PM IST       DEV       tps     rkB/s     wkB/s     dkB/s   areq-sz    aqu-sz     await     %util
03:07:17 PM IST   nvme0n1      0.00      0.00      0.00      0.00      0.00      0.00      0.00      0.00
03:07:17 PM IST       sda      0.00      0.00      0.00      0.00      0.00      0.00      0.00      0.00

03:07:17 PM IST       DEV       tps     rkB/s     wkB/s     dkB/s   areq-sz    aqu-sz     await     %util
03:07:18 PM IST   nvme0n1      0.00      0.00      0.00      0.00      0.00      0.00      0.00      0.00
03:07:18 PM IST       sda     40.00      0.00    224.00      0.00      5.60      0.02      0.38      0.40

03:07:18 PM IST       DEV       tps     rkB/s     wkB/s     dkB/s   areq-sz    aqu-sz     await     %util
03:07:19 PM IST   nvme0n1      0.00      0.00      0.00      0.00      0.00      0.00      0.00      0.00
03:07:19 PM IST       sda      0.00      0.00      0.00      0.00      0.00      0.00      0.00      0.00

03:07:19 PM IST       DEV       tps     rkB/s     wkB/s     dkB/s   areq-sz    aqu-sz     await     %util
03:07:20 PM IST   nvme0n1      0.00      0.00      0.00      0.00      0.00      0.00      0.00      0.00
03:07:20 PM IST       sda      0.00      0.00      0.00      0.00      0.00      0.00      0.00      0.00

03:07:20 PM IST       DEV       tps     rkB/s     wkB/s     dkB/s   areq-sz    aqu-sz     await     %util
03:07:21 PM IST   nvme0n1      0.00      0.00      0.00      0.00      0.00      0.00      0.00      0.00
03:07:21 PM IST       sda      5.00      0.00    120.00      0.00     24.00      0.00      0.60      0.40

03:07:21 PM IST       DEV       tps     rkB/s     wkB/s     dkB/s   areq-sz    aqu-sz     await     %util
03:07:22 PM IST   nvme0n1      0.00      0.00      0.00      0.00      0.00      0.00      0.00      0.00
03:07:22 PM IST       sda      2.00      0.00     20.00      0.00     10.00      0.00      0.50      0.00

03:07:22 PM IST       DEV       tps     rkB/s     wkB/s     dkB/s   areq-sz    aqu-sz     await     %util
03:07:23 PM IST   nvme0n1      0.00      0.00      0.00      0.00      0.00      0.00      0.00      0.00
03:07:23 PM IST       sda      4.00      0.00     24.00      0.00      6.00      0.00      0.75      0.00

03:07:23 PM IST       DEV       tps     rkB/s     wkB/s     dkB/s   areq-sz    aqu-sz     await     %util
03:07:24 PM IST   nvme0n1      0.00      0.00      0.00      0.00      0.00      0.00      0.00      0.00
03:07:24 PM IST       sda      0.00      0.00      0.00      0.00      0.00      0.00      0.00      0.00

03:07:24 PM IST       DEV       tps     rkB/s     wkB/s     dkB/s   areq-sz    aqu-sz     await     %util
03:07:25 PM IST   nvme0n1      0.00      0.00      0.00      0.00      0.00      0.00      0.00      0.00
03:07:25 PM IST       sda      0.00      0.00      0.00      0.00      0.00      0.00      0.00      0.00

03:07:25 PM IST       DEV       tps     rkB/s     wkB/s     dkB/s   areq-sz    aqu-sz     await     %util
03:07:26 PM IST   nvme0n1      0.00      0.00      0.00      0.00      0.00      0.00      0.00      0.00
03:07:26 PM IST       sda      1.00      0.00     52.00      0.00     52.00      0.00      1.00      0.00

03:07:26 PM IST       DEV       tps     rkB/s     wkB/s     dkB/s   areq-sz    aqu-sz     await     %util
03:07:27 PM IST   nvme0n1      0.00      0.00      0.00      0.00      0.00      0.00      0.00      0.00
03:07:27 PM IST       sda      1.00      0.00      4.00      0.00      4.00      0.00      1.00      0.40

03:07:27 PM IST       DEV       tps     rkB/s     wkB/s     dkB/s   areq-sz    aqu-sz     await     %util
03:07:28 PM IST   nvme0n1      0.00      0.00      0.00      0.00      0.00      0.00      0.00      0.00
03:07:28 PM IST       sda      0.00      0.00      0.00      0.00      0.00      0.00      0.00      0.00

03:07:28 PM IST       DEV       tps     rkB/s     wkB/s     dkB/s   areq-sz    aqu-sz     await     %util
03:07:29 PM IST   nvme0n1      0.00      0.00      0.00      0.00      0.00      0.00      0.00      0.00
03:07:29 PM IST       sda      2.00      0.00      8.00      0.00      4.00      0.00      1.00      0.00

03:07:29 PM IST       DEV       tps     rkB/s     wkB/s     dkB/s   areq-sz    aqu-sz     await     %util
03:07:30 PM IST   nvme0n1      0.00      0.00      0.00      0.00      0.00      0.00      0.00      0.00
03:07:30 PM IST       sda      0.00      0.00      0.00      0.00      0.00      0.00      0.00      0.00

03:07:30 PM IST       DEV       tps     rkB/s     wkB/s     dkB/s   areq-sz    aqu-sz     await     %util
03:07:31 PM IST   nvme0n1      0.00      0.00      0.00      0.00      0.00      0.00      0.00      0.00
03:07:31 PM IST       sda      4.00      0.00     52.00      0.00     13.00      0.00      0.50      0.00

03:07:31 PM IST       DEV       tps     rkB/s     wkB/s     dkB/s   areq-sz    aqu-sz     await     %util
03:07:32 PM IST   nvme0n1      0.00      0.00      0.00      0.00      0.00      0.00      0.00      0.00
03:07:32 PM IST       sda      1.00      0.00      4.00      0.00      4.00      0.00      1.00      0.40

03:07:32 PM IST       DEV       tps     rkB/s     wkB/s     dkB/s   areq-sz    aqu-sz     await     %util
03:07:33 PM IST   nvme0n1      0.00      0.00      0.00      0.00      0.00      0.00      0.00      0.00
03:07:33 PM IST       sda      0.00      0.00      0.00      0.00      0.00      0.00      0.00      0.00

03:07:33 PM IST       DEV       tps     rkB/s     wkB/s     dkB/s   areq-sz    aqu-sz     await     %util
03:07:34 PM IST   nvme0n1      0.00      0.00      0.00      0.00      0.00      0.00      0.00      0.00
03:07:34 PM IST       sda      2.00      8.00      0.00      0.00      4.00      0.00      0.50      0.00

03:07:34 PM IST       DEV       tps     rkB/s     wkB/s     dkB/s   areq-sz    aqu-sz     await     %util
03:07:35 PM IST   nvme0n1      0.00      0.00      0.00      0.00      0.00      0.00      0.00      0.00
03:07:35 PM IST       sda      6.00      0.00    112.00      0.00     18.67      0.00      0.33      0.40

03:07:35 PM IST       DEV       tps     rkB/s     wkB/s     dkB/s   areq-sz    aqu-sz     await     %util
03:07:36 PM IST   nvme0n1      0.00      0.00      0.00      0.00      0.00      0.00      0.00      0.00
03:07:36 PM IST       sda      0.00      0.00      0.00      0.00      0.00      0.00      0.00      0.00

03:07:36 PM IST       DEV       tps     rkB/s     wkB/s     dkB/s   areq-sz    aqu-sz     await     %util
03:07:37 PM IST   nvme0n1      0.00      0.00      0.00      0.00      0.00      0.00      0.00      0.00
03:07:37 PM IST       sda      0.00      0.00      0.00      0.00      0.00      0.00      0.00      0.00

03:07:37 PM IST       DEV       tps     rkB/s     wkB/s     dkB/s   areq-sz    aqu-sz     await     %util
03:07:38 PM IST   nvme0n1      0.00      0.00      0.00      0.00      0.00      0.00      0.00      0.00
03:07:38 PM IST       sda      0.00      0.00      0.00      0.00      0.00      0.00      0.00      0.00

03:07:38 PM IST       DEV       tps     rkB/s     wkB/s     dkB/s   areq-sz    aqu-sz     await     %util
03:07:39 PM IST   nvme0n1      0.00      0.00      0.00      0.00      0.00      0.00      0.00      0.00
03:07:39 PM IST       sda      3.00      0.00     20.00      0.00      6.67      0.00      0.67      0.00

03:07:39 PM IST       DEV       tps     rkB/s     wkB/s     dkB/s   areq-sz    aqu-sz     await     %util
03:07:40 PM IST   nvme0n1      0.00      0.00      0.00      0.00      0.00      0.00      0.00      0.00
03:07:40 PM IST       sda      2.00      0.00     24.00      0.00     12.00      0.00      0.50      0.00

03:07:40 PM IST       DEV       tps     rkB/s     wkB/s     dkB/s   areq-sz    aqu-sz     await     %util
03:07:41 PM IST   nvme0n1      0.00      0.00      0.00      0.00      0.00      0.00      0.00      0.00
03:07:41 PM IST       sda     77.00      0.00    328.00      0.00      4.26      0.02      0.23      0.40

03:07:41 PM IST       DEV       tps     rkB/s     wkB/s     dkB/s   areq-sz    aqu-sz     await     %util
03:07:42 PM IST   nvme0n1      0.00      0.00      0.00      0.00      0.00      0.00      0.00      0.00
03:07:42 PM IST       sda      0.00      0.00      0.00      0.00      0.00      0.00      0.00      0.00

03:07:42 PM IST       DEV       tps     rkB/s     wkB/s     dkB/s   areq-sz    aqu-sz     await     %util
03:07:43 PM IST   nvme0n1      0.00      0.00      0.00      0.00      0.00      0.00      0.00      0.00
03:07:43 PM IST       sda      3.00      0.00     12.00      0.00      4.00      0.00      0.67      0.00

03:07:43 PM IST       DEV       tps     rkB/s     wkB/s     dkB/s   areq-sz    aqu-sz     await     %util
03:07:44 PM IST   nvme0n1      0.00      0.00      0.00      0.00      0.00      0.00      0.00      0.00
03:07:44 PM IST       sda      0.00      0.00      0.00      0.00      0.00      0.00      0.00      0.00

03:07:44 PM IST       DEV       tps     rkB/s     wkB/s     dkB/s   areq-sz    aqu-sz     await     %util
03:07:45 PM IST   nvme0n1      0.00      0.00      0.00      0.00      0.00      0.00      0.00      0.00
03:07:45 PM IST       sda      2.00      0.00     24.00      0.00     12.00      0.00      1.00      0.00

03:07:45 PM IST       DEV       tps     rkB/s     wkB/s     dkB/s   areq-sz    aqu-sz     await     %util
03:07:46 PM IST   nvme0n1      0.00      0.00      0.00      0.00      0.00      0.00      0.00      0.00
03:07:46 PM IST       sda     25.00      0.00    136.00      0.00      5.44      0.05      1.84      0.40

03:07:46 PM IST       DEV       tps     rkB/s     wkB/s     dkB/s   areq-sz    aqu-sz     await     %util
03:07:47 PM IST   nvme0n1      0.00      0.00      0.00      0.00      0.00      0.00      0.00      0.00
03:07:47 PM IST       sda      3.00      0.00     16.00      0.00      5.33      0.00      0.67      0.40

03:07:47 PM IST       DEV       tps     rkB/s     wkB/s     dkB/s   areq-sz    aqu-sz     await     %util
03:07:48 PM IST   nvme0n1      0.00      0.00      0.00      0.00      0.00      0.00      0.00      0.00
03:07:48 PM IST       sda      5.00      0.00    104.00      0.00     20.80      0.00      0.40      0.40

03:07:48 PM IST       DEV       tps     rkB/s     wkB/s     dkB/s   areq-sz    aqu-sz     await     %util
03:07:49 PM IST   nvme0n1      0.00      0.00      0.00      0.00      0.00      0.00      0.00      0.00
03:07:49 PM IST       sda     23.00      0.00    100.00      0.00      4.35      0.01      0.43      0.00

03:07:49 PM IST       DEV       tps     rkB/s     wkB/s     dkB/s   areq-sz    aqu-sz     await     %util
03:07:50 PM IST   nvme0n1      0.00      0.00      0.00      0.00      0.00      0.00      0.00      0.00
03:07:50 PM IST       sda      0.00      0.00      0.00      0.00      0.00      0.00      0.00      0.00

03:07:50 PM IST       DEV       tps     rkB/s     wkB/s     dkB/s   areq-sz    aqu-sz     await     %util
03:07:51 PM IST   nvme0n1      0.00      0.00      0.00      0.00      0.00      0.00      0.00      0.00
03:07:51 PM IST       sda     37.00      0.00    156.00      0.00      4.22      0.01      0.24      0.00

03:07:51 PM IST       DEV       tps     rkB/s     wkB/s     dkB/s   areq-sz    aqu-sz     await     %util
03:07:52 PM IST   nvme0n1      0.00      0.00      0.00      0.00      0.00      0.00      0.00      0.00
03:07:52 PM IST       sda      2.00      0.00     16.00      0.00      8.00      0.00      0.50      0.00

03:07:52 PM IST       DEV       tps     rkB/s     wkB/s     dkB/s   areq-sz    aqu-sz     await     %util
03:07:53 PM IST   nvme0n1      0.00      0.00      0.00      0.00      0.00      0.00      0.00      0.00
03:07:53 PM IST       sda      2.00      0.00     36.00      0.00     18.00      0.00      0.50      0.40

03:07:53 PM IST       DEV       tps     rkB/s     wkB/s     dkB/s   areq-sz    aqu-sz     await     %util
03:07:54 PM IST   nvme0n1      0.00      0.00      0.00      0.00      0.00      0.00      0.00      0.00
03:07:54 PM IST       sda      7.00      0.00     76.00      0.00     10.86      0.00      0.29      0.00

03:07:54 PM IST       DEV       tps     rkB/s     wkB/s     dkB/s   areq-sz    aqu-sz     await     %util
03:07:55 PM IST   nvme0n1      0.00      0.00      0.00      0.00      0.00      0.00      0.00      0.00
03:07:55 PM IST       sda      0.00      0.00      0.00      0.00      0.00      0.00      0.00      0.00

03:07:55 PM IST       DEV       tps     rkB/s     wkB/s     dkB/s   areq-sz    aqu-sz     await     %util
03:07:56 PM IST   nvme0n1      0.00      0.00      0.00      0.00      0.00      0.00      0.00      0.00
03:07:56 PM IST       sda      0.00      0.00      0.00      0.00      0.00      0.00      0.00      0.00

03:07:56 PM IST       DEV       tps     rkB/s     wkB/s     dkB/s   areq-sz    aqu-sz     await     %util
03:07:57 PM IST   nvme0n1      0.00      0.00      0.00      0.00      0.00      0.00      0.00      0.00
03:07:57 PM IST       sda      0.00      0.00      0.00      0.00      0.00      0.00      0.00      0.00

03:07:57 PM IST       DEV       tps     rkB/s     wkB/s     dkB/s   areq-sz    aqu-sz     await     %util
03:07:58 PM IST   nvme0n1      0.00      0.00      0.00      0.00      0.00      0.00      0.00      0.00
03:07:58 PM IST       sda      2.00      0.00     72.00      0.00     36.00      0.00      1.00      0.40

03:07:58 PM IST       DEV       tps     rkB/s     wkB/s     dkB/s   areq-sz    aqu-sz     await     %util
03:07:59 PM IST   nvme0n1      0.00      0.00      0.00      0.00      0.00      0.00      0.00      0.00
03:07:59 PM IST       sda      0.00      0.00      0.00      0.00      0.00      0.00      0.00      0.00

03:07:59 PM IST       DEV       tps     rkB/s     wkB/s     dkB/s   areq-sz    aqu-sz     await     %util
03:08:00 PM IST   nvme0n1      0.00      0.00      0.00      0.00      0.00      0.00      0.00      0.00
03:08:00 PM IST       sda      0.00      0.00      0.00      0.00      0.00      0.00      0.00      0.00

03:08:00 PM IST       DEV       tps     rkB/s     wkB/s     dkB/s   areq-sz    aqu-sz     await     %util
03:08:01 PM IST   nvme0n1      0.00      0.00      0.00      0.00      0.00      0.00      0.00      0.00
03:08:01 PM IST       sda      5.00      0.00    104.00      0.00     20.80      0.01      0.60      0.40

03:08:01 PM IST       DEV       tps     rkB/s     wkB/s     dkB/s   areq-sz    aqu-sz     await     %util
03:08:02 PM IST   nvme0n1      0.00      0.00      0.00      0.00      0.00      0.00      0.00      0.00
03:08:02 PM IST       sda      0.00      0.00      0.00      0.00      0.00      0.00      0.00      0.00

03:08:02 PM IST       DEV       tps     rkB/s     wkB/s     dkB/s   areq-sz    aqu-sz     await     %util
03:08:03 PM IST   nvme0n1      0.00      0.00      0.00      0.00      0.00      0.00      0.00      0.00
03:08:03 PM IST       sda      0.00      0.00      0.00      0.00      0.00      0.00      0.00      0.00

03:08:03 PM IST       DEV       tps     rkB/s     wkB/s     dkB/s   areq-sz    aqu-sz     await     %util
03:08:04 PM IST   nvme0n1      0.00      0.00      0.00      0.00      0.00      0.00      0.00      0.00
03:08:04 PM IST       sda     14.00      0.00    120.00      0.00      8.57      0.01      0.29      0.40

03:08:04 PM IST       DEV       tps     rkB/s     wkB/s     dkB/s   areq-sz    aqu-sz     await     %util
03:08:05 PM IST   nvme0n1      0.00      0.00      0.00      0.00      0.00      0.00      0.00      0.00
03:08:05 PM IST       sda      0.00      0.00      0.00      0.00      0.00      0.00      0.00      0.00

03:08:05 PM IST       DEV       tps     rkB/s     wkB/s     dkB/s   areq-sz    aqu-sz     await     %util
03:08:06 PM IST   nvme0n1      0.00      0.00      0.00      0.00      0.00      0.00      0.00      0.00
03:08:06 PM IST       sda      4.00      0.00     36.00      0.00      9.00      0.00      0.75      0.00

03:08:06 PM IST       DEV       tps     rkB/s     wkB/s     dkB/s   areq-sz    aqu-sz     await     %util
03:08:07 PM IST   nvme0n1      0.00      0.00      0.00      0.00      0.00      0.00      0.00      0.00
03:08:07 PM IST       sda      0.00      0.00      0.00      0.00      0.00      0.00      0.00      0.00

03:08:07 PM IST       DEV       tps     rkB/s     wkB/s     dkB/s   areq-sz    aqu-sz     await     %util
03:08:08 PM IST   nvme0n1      0.00      0.00      0.00      0.00      0.00      0.00      0.00      0.00
03:08:08 PM IST       sda      0.00      0.00      0.00      0.00      0.00      0.00      0.00      0.00

03:08:08 PM IST       DEV       tps     rkB/s     wkB/s     dkB/s   areq-sz    aqu-sz     await     %util
03:08:09 PM IST   nvme0n1      0.00      0.00      0.00      0.00      0.00      0.00      0.00      0.00
03:08:09 PM IST       sda      2.00      0.00     48.00      0.00     24.00      0.00      1.00      0.40

03:08:09 PM IST       DEV       tps     rkB/s     wkB/s     dkB/s   areq-sz    aqu-sz     await     %util
03:08:10 PM IST   nvme0n1      0.00      0.00      0.00      0.00      0.00      0.00      0.00      0.00
03:08:10 PM IST       sda      0.00      0.00      0.00      0.00      0.00      0.00      0.00      0.00

03:08:10 PM IST       DEV       tps     rkB/s     wkB/s     dkB/s   areq-sz    aqu-sz     await     %util
03:08:11 PM IST   nvme0n1      0.00      0.00      0.00      0.00      0.00      0.00      0.00      0.00
03:08:11 PM IST       sda      0.00      0.00      0.00      0.00      0.00      0.00      0.00      0.00

03:08:11 PM IST       DEV       tps     rkB/s     wkB/s     dkB/s   areq-sz    aqu-sz     await     %util
03:08:12 PM IST   nvme0n1      0.00      0.00      0.00      0.00      0.00      0.00      0.00      0.00
03:08:12 PM IST       sda      3.00      0.00     16.00      0.00      5.33      0.00      0.33      0.40

03:08:12 PM IST       DEV       tps     rkB/s     wkB/s     dkB/s   areq-sz    aqu-sz     await     %util
03:08:13 PM IST   nvme0n1      0.00      0.00      0.00      0.00      0.00      0.00      0.00      0.00
03:08:13 PM IST       sda      0.00      0.00      0.00      0.00      0.00      0.00      0.00      0.00

03:08:13 PM IST       DEV       tps     rkB/s     wkB/s     dkB/s   areq-sz    aqu-sz     await     %util
03:08:14 PM IST   nvme0n1      0.00      0.00      0.00      0.00      0.00      0.00      0.00      0.00
03:08:14 PM IST       sda      2.00      0.00     28.00      0.00     14.00      0.00      1.00      0.00

03:08:14 PM IST       DEV       tps     rkB/s     wkB/s     dkB/s   areq-sz    aqu-sz     await     %util
03:08:15 PM IST   nvme0n1      0.00      0.00      0.00      0.00      0.00      0.00      0.00      0.00
03:08:15 PM IST       sda     17.00      0.00    228.00      0.00     13.41      0.01      0.41      0.80

03:08:15 PM IST       DEV       tps     rkB/s     wkB/s     dkB/s   areq-sz    aqu-sz     await     %util
03:08:16 PM IST   nvme0n1      0.00      0.00      0.00      0.00      0.00      0.00      0.00      0.00
03:08:16 PM IST       sda      0.00      0.00      0.00      0.00      0.00      0.00      0.00      0.00

03:08:16 PM IST       DEV       tps     rkB/s     wkB/s     dkB/s   areq-sz    aqu-sz     await     %util
03:08:17 PM IST   nvme0n1      0.00      0.00      0.00      0.00      0.00      0.00      0.00      0.00
03:08:17 PM IST       sda      0.00      0.00      0.00      0.00      0.00      0.00      0.00      0.00

03:08:17 PM IST       DEV       tps     rkB/s     wkB/s     dkB/s   areq-sz    aqu-sz     await     %util
03:08:18 PM IST   nvme0n1      0.00      0.00      0.00      0.00      0.00      0.00      0.00      0.00
03:08:18 PM IST       sda     11.88      0.00    300.99      0.00     25.33      0.01      0.67      0.40

03:08:18 PM IST       DEV       tps     rkB/s     wkB/s     dkB/s   areq-sz    aqu-sz     await     %util
03:08:19 PM IST   nvme0n1      0.00      0.00      0.00      0.00      0.00      0.00      0.00      0.00
03:08:19 PM IST       sda      0.00      0.00      0.00      0.00      0.00      0.00      0.00      0.00

03:08:19 PM IST       DEV       tps     rkB/s     wkB/s     dkB/s   areq-sz    aqu-sz     await     %util
03:08:20 PM IST   nvme0n1      0.00      0.00      0.00      0.00      0.00      0.00      0.00      0.00
03:08:20 PM IST       sda      5.00      0.00     56.00      0.00     11.20      0.01      1.60      0.80

03:08:20 PM IST       DEV       tps     rkB/s     wkB/s     dkB/s   areq-sz    aqu-sz     await     %util
03:08:21 PM IST   nvme0n1      0.00      0.00      0.00      0.00      0.00      0.00      0.00      0.00
03:08:21 PM IST       sda      0.00      0.00      0.00      0.00      0.00      0.00      0.00      0.00

03:08:21 PM IST       DEV       tps     rkB/s     wkB/s     dkB/s   areq-sz    aqu-sz     await     %util
03:08:22 PM IST   nvme0n1      0.00      0.00      0.00      0.00      0.00      0.00      0.00      0.00
03:08:22 PM IST       sda     12.00      0.00    316.00      0.00     26.33      0.00      0.25      0.00

03:08:22 PM IST       DEV       tps     rkB/s     wkB/s     dkB/s   areq-sz    aqu-sz     await     %util
03:08:23 PM IST   nvme0n1      0.00      0.00      0.00      0.00      0.00      0.00      0.00      0.00
03:08:23 PM IST       sda      0.00      0.00      0.00      0.00      0.00      0.00      0.00      0.00

03:08:23 PM IST       DEV       tps     rkB/s     wkB/s     dkB/s   areq-sz    aqu-sz     await     %util
03:08:24 PM IST   nvme0n1      0.00      0.00      0.00      0.00      0.00      0.00      0.00      0.00
03:08:24 PM IST       sda     27.00      0.00    116.00      0.00      4.30      0.01      0.48      0.00

03:08:24 PM IST       DEV       tps     rkB/s     wkB/s     dkB/s   areq-sz    aqu-sz     await     %util
03:08:25 PM IST   nvme0n1      0.00      0.00      0.00      0.00      0.00      0.00      0.00      0.00
03:08:25 PM IST       sda     15.00      0.00    420.00      0.00     28.00      0.01      0.33      0.00

03:08:25 PM IST       DEV       tps     rkB/s     wkB/s     dkB/s   areq-sz    aqu-sz     await     %util
03:08:26 PM IST   nvme0n1      0.00      0.00      0.00      0.00      0.00      0.00      0.00      0.00
03:08:26 PM IST       sda      0.00      0.00      0.00      0.00      0.00      0.00      0.00      0.00

03:08:26 PM IST       DEV       tps     rkB/s     wkB/s     dkB/s   areq-sz    aqu-sz     await     %util
03:08:27 PM IST   nvme0n1      0.00      0.00      0.00      0.00      0.00      0.00      0.00      0.00
03:08:27 PM IST       sda      0.00      0.00      0.00      0.00      0.00      0.00      0.00      0.00

03:08:27 PM IST       DEV       tps     rkB/s     wkB/s     dkB/s   areq-sz    aqu-sz     await     %util
03:08:28 PM IST   nvme0n1      0.00      0.00      0.00      0.00      0.00      0.00      0.00      0.00
03:08:28 PM IST       sda     14.00      0.00    360.00      0.00     25.71      0.01      0.43      0.40

03:08:28 PM IST       DEV       tps     rkB/s     wkB/s     dkB/s   areq-sz    aqu-sz     await     %util
03:08:29 PM IST   nvme0n1      0.00      0.00      0.00      0.00      0.00      0.00      0.00      0.00
03:08:29 PM IST       sda      0.00      0.00      0.00      0.00      0.00      0.00      0.00      0.00

03:08:29 PM IST       DEV       tps     rkB/s     wkB/s     dkB/s   areq-sz    aqu-sz     await     %util
03:08:30 PM IST   nvme0n1      0.00      0.00      0.00      0.00      0.00      0.00      0.00      0.00
03:08:30 PM IST       sda      0.00      0.00      0.00      0.00      0.00      0.00      0.00      0.00

03:08:30 PM IST       DEV       tps     rkB/s     wkB/s     dkB/s   areq-sz    aqu-sz     await     %util
03:08:31 PM IST   nvme0n1      0.00      0.00      0.00      0.00      0.00      0.00      0.00      0.00
03:08:31 PM IST       sda     32.00      0.00    288.00      0.00      9.00      0.01      0.19      0.40

03:08:31 PM IST       DEV       tps     rkB/s     wkB/s     dkB/s   areq-sz    aqu-sz     await     %util
03:08:32 PM IST   nvme0n1      0.00      0.00      0.00      0.00      0.00      0.00      0.00      0.00
03:08:32 PM IST       sda     40.00      0.00    172.00      0.00      4.30      0.00      0.10      0.00

03:08:32 PM IST       DEV       tps     rkB/s     wkB/s     dkB/s   areq-sz    aqu-sz     await     %util
03:08:33 PM IST   nvme0n1      0.00      0.00      0.00      0.00      0.00      0.00      0.00      0.00
03:08:33 PM IST       sda      2.00      0.00     28.00      0.00     14.00      0.00      0.50      0.00

03:08:33 PM IST       DEV       tps     rkB/s     wkB/s     dkB/s   areq-sz    aqu-sz     await     %util
03:08:34 PM IST   nvme0n1      0.00      0.00      0.00      0.00      0.00      0.00      0.00      0.00
03:08:34 PM IST       sda     28.00      0.00    256.00      0.00      9.14      0.03      1.07      0.40

03:08:34 PM IST       DEV       tps     rkB/s     wkB/s     dkB/s   areq-sz    aqu-sz     await     %util
03:08:35 PM IST   nvme0n1      0.00      0.00      0.00      0.00      0.00      0.00      0.00      0.00
03:08:35 PM IST       sda      4.00      0.00     16.00      0.00      4.00      0.00      0.00      0.00

03:08:35 PM IST       DEV       tps     rkB/s     wkB/s     dkB/s   areq-sz    aqu-sz     await     %util
03:08:36 PM IST   nvme0n1      0.00      0.00      0.00      0.00      0.00      0.00      0.00      0.00
03:08:36 PM IST       sda      2.00      0.00     20.00      0.00     10.00      0.00      0.50      0.00

03:08:36 PM IST       DEV       tps     rkB/s     wkB/s     dkB/s   areq-sz    aqu-sz     await     %util
03:08:37 PM IST   nvme0n1      0.00      0.00      0.00      0.00      0.00      0.00      0.00      0.00
03:08:37 PM IST       sda      1.00      0.00      8.00      0.00      8.00      0.00      1.00      0.00

03:08:37 PM IST       DEV       tps     rkB/s     wkB/s     dkB/s   areq-sz    aqu-sz     await     %util
03:08:38 PM IST   nvme0n1      0.00      0.00      0.00      0.00      0.00      0.00      0.00      0.00
03:08:38 PM IST       sda     23.00      0.00    308.00      0.00     13.39      0.01      0.17      0.00

03:08:38 PM IST       DEV       tps     rkB/s     wkB/s     dkB/s   areq-sz    aqu-sz     await     %util
03:08:39 PM IST   nvme0n1      0.00      0.00      0.00      0.00      0.00      0.00      0.00      0.00
03:08:39 PM IST       sda      0.00      0.00      0.00      0.00      0.00      0.00      0.00      0.00

03:08:39 PM IST       DEV       tps     rkB/s     wkB/s     dkB/s   areq-sz    aqu-sz     await     %util
03:08:40 PM IST   nvme0n1      0.00      0.00      0.00      0.00      0.00      0.00      0.00      0.00
03:08:40 PM IST       sda      0.00      0.00      0.00      0.00      0.00      0.00      0.00      0.00

03:08:40 PM IST       DEV       tps     rkB/s     wkB/s     dkB/s   areq-sz    aqu-sz     await     %util
03:08:41 PM IST   nvme0n1      0.00      0.00      0.00      0.00      0.00      0.00      0.00      0.00
03:08:41 PM IST       sda     29.00      0.00    428.00      0.00     14.76      0.08      1.48      3.60

03:08:41 PM IST       DEV       tps     rkB/s     wkB/s     dkB/s   areq-sz    aqu-sz     await     %util
03:08:42 PM IST   nvme0n1      0.00      0.00      0.00      0.00      0.00      0.00      0.00      0.00
03:08:42 PM IST       sda      0.00      0.00      0.00      0.00      0.00      0.00      0.00      0.00

03:08:42 PM IST       DEV       tps     rkB/s     wkB/s     dkB/s   areq-sz    aqu-sz     await     %util
03:08:43 PM IST   nvme0n1      0.00      0.00      0.00      0.00      0.00      0.00      0.00      0.00
03:08:43 PM IST       sda      0.00      0.00      0.00      0.00      0.00      0.00      0.00      0.00
