Linux 6.12.33+kali-amd64 (two94) 	23/11/25 	_x86_64_	(12 CPU)

03:57:14 PM IST       DEV       tps     rkB/s     wkB/s     dkB/s   areq-sz    aqu-sz     await     %util
03:57:15 PM IST   nvme0n1      0.00      0.00      0.00      0.00      0.00      0.00      0.00      0.00
03:57:15 PM IST       sda    180.00      4.00   3096.00      0.00     17.22      0.09      0.29      5.60

03:57:15 PM IST       DEV       tps     rkB/s     wkB/s     dkB/s   areq-sz    aqu-sz     await     %util
03:57:16 PM IST   nvme0n1      0.00      0.00      0.00      0.00      0.00      0.00      0.00      0.00
03:57:16 PM IST       sda     95.00      0.00    420.00      0.00      4.42      0.01      0.15      0.00

03:57:16 PM IST       DEV       tps     rkB/s     wkB/s     dkB/s   areq-sz    aqu-sz     await     %util
03:57:17 PM IST   nvme0n1      0.00      0.00      0.00      0.00      0.00      0.00      0.00      0.00
03:57:17 PM IST       sda     70.00      0.00    412.00      0.00      5.89      0.01      0.16      0.00

03:57:17 PM IST       DEV       tps     rkB/s     wkB/s     dkB/s   areq-sz    aqu-sz     await     %util
03:57:18 PM IST   nvme0n1      0.00      0.00      0.00      0.00      0.00      0.00      0.00      0.00
03:57:18 PM IST       sda      0.00      0.00      0.00      0.00      0.00      0.00      0.00      0.00

03:57:18 PM IST       DEV       tps     rkB/s     wkB/s     dkB/s   areq-sz    aqu-sz     await     %util
03:57:19 PM IST   nvme0n1      0.00      0.00      0.00      0.00      0.00      0.00      0.00      0.00
03:57:19 PM IST       sda      6.00     64.00      4.00      0.00     11.33      0.00      0.50      0.00

03:57:19 PM IST       DEV       tps     rkB/s     wkB/s     dkB/s   areq-sz    aqu-sz     await     %util
03:57:20 PM IST   nvme0n1      0.00      0.00      0.00      0.00      0.00      0.00      0.00      0.00
03:57:20 PM IST       sda      2.00      0.00     24.00      0.00     12.00      0.00      0.50      0.00

03:57:20 PM IST       DEV       tps     rkB/s     wkB/s     dkB/s   areq-sz    aqu-sz     await     %util
03:57:21 PM IST   nvme0n1      0.00      0.00      0.00      0.00      0.00      0.00      0.00      0.00
03:57:21 PM IST       sda      4.00      0.00    100.00      0.00     25.00      0.00      0.50      0.40

03:57:21 PM IST       DEV       tps     rkB/s     wkB/s     dkB/s   areq-sz    aqu-sz     await     %util
03:57:22 PM IST   nvme0n1      0.00      0.00      0.00      0.00      0.00      0.00      0.00      0.00
03:57:22 PM IST       sda     42.00      0.00    308.00      0.00      7.33      0.01      0.19      0.00

03:57:22 PM IST       DEV       tps     rkB/s     wkB/s     dkB/s   areq-sz    aqu-sz     await     %util
03:57:23 PM IST   nvme0n1      0.00      0.00      0.00      0.00      0.00      0.00      0.00      0.00
03:57:23 PM IST       sda      0.00      0.00      0.00      0.00      0.00      0.00      0.00      0.00

03:57:23 PM IST       DEV       tps     rkB/s     wkB/s     dkB/s   areq-sz    aqu-sz     await     %util
03:57:24 PM IST   nvme0n1      0.00      0.00      0.00      0.00      0.00      0.00      0.00      0.00
03:57:24 PM IST       sda      4.00      0.00     16.00      0.00      4.00      0.00      0.50      0.40

03:57:24 PM IST       DEV       tps     rkB/s     wkB/s     dkB/s   areq-sz    aqu-sz     await     %util
03:57:25 PM IST   nvme0n1      0.00      0.00      0.00      0.00      0.00      0.00      0.00      0.00
03:57:25 PM IST       sda      0.00      0.00      0.00      0.00      0.00      0.00      0.00      0.00

03:57:25 PM IST       DEV       tps     rkB/s     wkB/s     dkB/s   areq-sz    aqu-sz     await     %util
03:57:26 PM IST   nvme0n1      0.00      0.00      0.00      0.00      0.00      0.00      0.00      0.00
03:57:26 PM IST       sda      3.00      0.00     68.00      0.00     22.67      0.00      0.33      0.00

03:57:26 PM IST       DEV       tps     rkB/s     wkB/s     dkB/s   areq-sz    aqu-sz     await     %util
03:57:27 PM IST   nvme0n1      0.00      0.00      0.00      0.00      0.00      0.00      0.00      0.00
03:57:27 PM IST       sda     24.00      0.00    204.00      0.00      8.50      0.01      0.17      0.00

03:57:27 PM IST       DEV       tps     rkB/s     wkB/s     dkB/s   areq-sz    aqu-sz     await     %util
03:57:28 PM IST   nvme0n1      0.00      0.00      0.00      0.00      0.00      0.00      0.00      0.00
03:57:28 PM IST       sda      6.00      0.00     40.00      0.00      6.67      0.00      0.33      0.40

03:57:28 PM IST       DEV       tps     rkB/s     wkB/s     dkB/s   areq-sz    aqu-sz     await     %util
03:57:29 PM IST   nvme0n1      0.00      0.00      0.00      0.00      0.00      0.00      0.00      0.00
03:57:29 PM IST       sda     10.00      0.00    244.00      0.00     24.40      0.01      0.60      0.00

03:57:29 PM IST       DEV       tps     rkB/s     wkB/s     dkB/s   areq-sz    aqu-sz     await     %util
03:57:30 PM IST   nvme0n1      0.00      0.00      0.00      0.00      0.00      0.00      0.00      0.00
03:57:30 PM IST       sda      2.00     68.00      0.00      0.00     34.00      0.00      1.00      0.00

03:57:30 PM IST       DEV       tps     rkB/s     wkB/s     dkB/s   areq-sz    aqu-sz     await     %util
03:57:31 PM IST   nvme0n1      0.00      0.00      0.00      0.00      0.00      0.00      0.00      0.00
03:57:31 PM IST       sda     18.00      0.00    188.00      0.00     10.44      0.01      0.33      0.40

03:57:31 PM IST       DEV       tps     rkB/s     wkB/s     dkB/s   areq-sz    aqu-sz     await     %util
03:57:32 PM IST   nvme0n1      0.00      0.00      0.00      0.00      0.00      0.00      0.00      0.00
03:57:32 PM IST       sda     39.00      0.00    212.00      0.00      5.44      0.01      0.18      0.00

03:57:32 PM IST       DEV       tps     rkB/s     wkB/s     dkB/s   areq-sz    aqu-sz     await     %util
03:57:33 PM IST   nvme0n1      0.00      0.00      0.00      0.00      0.00      0.00      0.00      0.00
03:57:33 PM IST       sda      0.00      0.00      0.00      0.00      0.00      0.00      0.00      0.00

03:57:33 PM IST       DEV       tps     rkB/s     wkB/s     dkB/s   areq-sz    aqu-sz     await     %util
03:57:34 PM IST   nvme0n1      0.00      0.00      0.00      0.00      0.00      0.00      0.00      0.00
03:57:34 PM IST       sda      1.00      0.00      4.00      0.00      4.00      0.00      0.00      0.00

03:57:34 PM IST       DEV       tps     rkB/s     wkB/s     dkB/s   areq-sz    aqu-sz     await     %util
03:57:35 PM IST   nvme0n1      0.00      0.00      0.00      0.00      0.00      0.00      0.00      0.00
03:57:35 PM IST       sda      5.00      0.00    104.00      0.00     20.80      0.00      0.60      0.00

03:57:35 PM IST       DEV       tps     rkB/s     wkB/s     dkB/s   areq-sz    aqu-sz     await     %util
03:57:36 PM IST   nvme0n1      0.00      0.00      0.00      0.00      0.00      0.00      0.00      0.00
03:57:36 PM IST       sda      0.00      0.00      0.00      0.00      0.00      0.00      0.00      0.00

03:57:36 PM IST       DEV       tps     rkB/s     wkB/s     dkB/s   areq-sz    aqu-sz     await     %util
03:57:37 PM IST   nvme0n1      0.00      0.00      0.00      0.00      0.00      0.00      0.00      0.00
03:57:37 PM IST       sda     11.00      0.00     92.00      0.00      8.36      0.01      0.27      0.40

03:57:37 PM IST       DEV       tps     rkB/s     wkB/s     dkB/s   areq-sz    aqu-sz     await     %util
03:57:38 PM IST   nvme0n1      0.00      0.00      0.00      0.00      0.00      0.00      0.00      0.00
03:57:38 PM IST       sda     33.00      0.00    192.00      0.00      5.82      0.01      0.24      0.40

03:57:38 PM IST       DEV       tps     rkB/s     wkB/s     dkB/s   areq-sz    aqu-sz     await     %util
03:57:39 PM IST   nvme0n1      0.00      0.00      0.00      0.00      0.00      0.00      0.00      0.00
03:57:39 PM IST       sda      0.00      0.00      0.00      0.00      0.00      0.00      0.00      0.00

03:57:39 PM IST       DEV       tps     rkB/s     wkB/s     dkB/s   areq-sz    aqu-sz     await     %util
03:57:40 PM IST   nvme0n1      0.00      0.00      0.00      0.00      0.00      0.00      0.00      0.00
03:57:40 PM IST       sda      0.00      0.00      0.00      0.00      0.00      0.00      0.00      0.00

03:57:40 PM IST       DEV       tps     rkB/s     wkB/s     dkB/s   areq-sz    aqu-sz     await     %util
03:57:41 PM IST   nvme0n1      0.00      0.00      0.00      0.00      0.00      0.00      0.00      0.00
03:57:41 PM IST       sda      0.00      0.00      0.00      0.00      0.00      0.00      0.00      0.00

03:57:41 PM IST       DEV       tps     rkB/s     wkB/s     dkB/s   areq-sz    aqu-sz     await     %util
03:57:42 PM IST   nvme0n1      0.00      0.00      0.00      0.00      0.00      0.00      0.00      0.00
03:57:42 PM IST       sda      2.00      0.00     92.00      0.00     46.00      0.00      1.00      0.40

03:57:42 PM IST       DEV       tps     rkB/s     wkB/s     dkB/s   areq-sz    aqu-sz     await     %util
03:57:43 PM IST   nvme0n1      0.00      0.00      0.00      0.00      0.00      0.00      0.00      0.00
03:57:43 PM IST       sda     50.00      0.00    484.00      0.00      9.68      0.01      0.22      0.40

03:57:43 PM IST       DEV       tps     rkB/s     wkB/s     dkB/s   areq-sz    aqu-sz     await     %util
03:57:44 PM IST   nvme0n1      0.00      0.00      0.00      0.00      0.00      0.00      0.00      0.00
03:57:44 PM IST       sda     11.00      0.00    160.00      0.00     14.55      0.01      0.27      0.00

03:57:44 PM IST       DEV       tps     rkB/s     wkB/s     dkB/s   areq-sz    aqu-sz     await     %util
03:57:45 PM IST   nvme0n1      0.00      0.00      0.00      0.00      0.00      0.00      0.00      0.00
03:57:45 PM IST       sda      4.00      0.00     72.00      0.00     18.00      0.00      0.25      0.00

03:57:45 PM IST       DEV       tps     rkB/s     wkB/s     dkB/s   areq-sz    aqu-sz     await     %util
03:57:46 PM IST   nvme0n1      0.00      0.00      0.00      0.00      0.00      0.00      0.00      0.00
03:57:46 PM IST       sda    102.97      0.00    447.52      0.00      4.35      0.02      0.15      0.00

03:57:46 PM IST       DEV       tps     rkB/s     wkB/s     dkB/s   areq-sz    aqu-sz     await     %util
03:57:47 PM IST   nvme0n1      0.00      0.00      0.00      0.00      0.00      0.00      0.00      0.00
03:57:47 PM IST       sda      0.00      0.00      0.00      0.00      0.00      0.00      0.00      0.00

03:57:47 PM IST       DEV       tps     rkB/s     wkB/s     dkB/s   areq-sz    aqu-sz     await     %util
03:57:48 PM IST   nvme0n1      0.00      0.00      0.00      0.00      0.00      0.00      0.00      0.00
03:57:48 PM IST       sda     74.00      0.00    832.00      0.00     11.24      0.01      0.18      0.00

03:57:48 PM IST       DEV       tps     rkB/s     wkB/s     dkB/s   areq-sz    aqu-sz     await     %util
03:57:49 PM IST   nvme0n1      0.00      0.00      0.00      0.00      0.00      0.00      0.00      0.00
03:57:49 PM IST       sda      7.00      0.00    200.00      0.00     28.57      0.01      0.43      0.80

03:57:49 PM IST       DEV       tps     rkB/s     wkB/s     dkB/s   areq-sz    aqu-sz     await     %util
03:57:50 PM IST   nvme0n1      0.00      0.00      0.00      0.00      0.00      0.00      0.00      0.00
03:57:50 PM IST       sda      1.00      0.00      8.00      0.00      8.00      0.00      1.00      0.00

03:57:50 PM IST       DEV       tps     rkB/s     wkB/s     dkB/s   areq-sz    aqu-sz     await     %util
03:57:51 PM IST   nvme0n1      0.00      0.00      0.00      0.00      0.00      0.00      0.00      0.00
03:57:51 PM IST       sda      0.00      0.00      0.00      0.00      0.00      0.00      0.00      0.00

03:57:51 PM IST       DEV       tps     rkB/s     wkB/s     dkB/s   areq-sz    aqu-sz     await     %util
03:57:52 PM IST   nvme0n1      0.00      0.00      0.00      0.00      0.00      0.00      0.00      0.00
03:57:52 PM IST       sda      0.00      0.00      0.00      0.00      0.00      0.00      0.00      0.00

03:57:52 PM IST       DEV       tps     rkB/s     wkB/s     dkB/s   areq-sz    aqu-sz     await     %util
03:57:53 PM IST   nvme0n1      0.00      0.00      0.00      0.00      0.00      0.00      0.00      0.00
03:57:53 PM IST       sda     33.00      0.00    252.00      0.00      7.64      0.01      0.15      0.00

03:57:53 PM IST       DEV       tps     rkB/s     wkB/s     dkB/s   areq-sz    aqu-sz     await     %util
03:57:54 PM IST   nvme0n1      0.00      0.00      0.00      0.00      0.00      0.00      0.00      0.00
03:57:54 PM IST       sda     45.00      0.00    740.00      0.00     16.44      0.01      0.29      0.00

03:57:54 PM IST       DEV       tps     rkB/s     wkB/s     dkB/s   areq-sz    aqu-sz     await     %util
03:57:55 PM IST   nvme0n1      0.00      0.00      0.00      0.00      0.00      0.00      0.00      0.00
03:57:55 PM IST       sda      3.00      0.00    152.00      0.00     50.67      0.00      0.67      0.40

03:57:55 PM IST       DEV       tps     rkB/s     wkB/s     dkB/s   areq-sz    aqu-sz     await     %util
03:57:56 PM IST   nvme0n1      0.00      0.00      0.00      0.00      0.00      0.00      0.00      0.00
03:57:56 PM IST       sda      0.00      0.00      0.00      0.00      0.00      0.00      0.00      0.00

03:57:56 PM IST       DEV       tps     rkB/s     wkB/s     dkB/s   areq-sz    aqu-sz     await     %util
03:57:57 PM IST   nvme0n1      0.00      0.00      0.00      0.00      0.00      0.00      0.00      0.00
03:57:57 PM IST       sda      2.00      8.00      0.00      0.00      4.00      0.00      0.00      0.00

03:57:57 PM IST       DEV       tps     rkB/s     wkB/s     dkB/s   areq-sz    aqu-sz     await     %util
03:57:58 PM IST   nvme0n1      0.00      0.00      0.00      0.00      0.00      0.00      0.00      0.00
03:57:58 PM IST       sda     42.00      0.00    320.00      0.00      7.62      0.01      0.26      0.00

03:57:58 PM IST       DEV       tps     rkB/s     wkB/s     dkB/s   areq-sz    aqu-sz     await     %util
03:57:59 PM IST   nvme0n1      0.00      0.00      0.00      0.00      0.00      0.00      0.00      0.00
03:57:59 PM IST       sda      9.00      0.00    332.00      0.00     36.89      0.01      0.56      0.00

03:57:59 PM IST       DEV       tps     rkB/s     wkB/s     dkB/s   areq-sz    aqu-sz     await     %util
03:58:00 PM IST   nvme0n1      0.00      0.00      0.00      0.00      0.00      0.00      0.00      0.00
03:58:00 PM IST       sda      4.00      0.00    152.00      0.00     38.00      0.01      0.75      0.00

03:58:00 PM IST       DEV       tps     rkB/s     wkB/s     dkB/s   areq-sz    aqu-sz     await     %util
03:58:01 PM IST   nvme0n1      0.00      0.00      0.00      0.00      0.00      0.00      0.00      0.00
03:58:01 PM IST       sda      0.00      0.00      0.00      0.00      0.00      0.00      0.00      0.00

03:58:01 PM IST       DEV       tps     rkB/s     wkB/s     dkB/s   areq-sz    aqu-sz     await     %util
03:58:02 PM IST   nvme0n1      0.00      0.00      0.00      0.00      0.00      0.00      0.00      0.00
03:58:02 PM IST       sda      5.00      0.00    116.00      0.00     23.20      0.00      0.60      0.40

03:58:02 PM IST       DEV       tps     rkB/s     wkB/s     dkB/s   areq-sz    aqu-sz     await     %util
03:58:03 PM IST   nvme0n1      0.00      0.00      0.00      0.00      0.00      0.00      0.00      0.00
03:58:03 PM IST       sda     38.00      0.00    252.00      0.00      6.63      0.01      0.39      0.00

03:58:03 PM IST       DEV       tps     rkB/s     wkB/s     dkB/s   areq-sz    aqu-sz     await     %util
03:58:04 PM IST   nvme0n1      0.00      0.00      0.00      0.00      0.00      0.00      0.00      0.00
03:58:04 PM IST       sda      0.00      0.00      0.00      0.00      0.00      0.00      0.00      0.00

03:58:04 PM IST       DEV       tps     rkB/s     wkB/s     dkB/s   areq-sz    aqu-sz     await     %util
03:58:05 PM IST   nvme0n1      0.00      0.00      0.00      0.00      0.00      0.00      0.00      0.00
03:58:05 PM IST       sda      2.00      0.00     20.00      0.00     10.00      0.00      0.50      0.40

03:58:05 PM IST       DEV       tps     rkB/s     wkB/s     dkB/s   areq-sz    aqu-sz     await     %util
03:58:06 PM IST   nvme0n1      0.00      0.00      0.00      0.00      0.00      0.00      0.00      0.00
03:58:06 PM IST       sda     25.00      0.00    136.00      0.00      5.44      0.00      0.20      0.00

03:58:06 PM IST       DEV       tps     rkB/s     wkB/s     dkB/s   areq-sz    aqu-sz     await     %util
03:58:07 PM IST   nvme0n1      0.00      0.00      0.00      0.00      0.00      0.00      0.00      0.00
03:58:07 PM IST       sda     38.00      0.00    324.00      0.00      8.53      0.02      0.32      0.80

03:58:07 PM IST       DEV       tps     rkB/s     wkB/s     dkB/s   areq-sz    aqu-sz     await     %util
03:58:08 PM IST   nvme0n1      0.00      0.00      0.00      0.00      0.00      0.00      0.00      0.00
03:58:08 PM IST       sda     12.00      0.00    108.00      0.00      9.00      0.01      0.25      0.00

03:58:08 PM IST       DEV       tps     rkB/s     wkB/s     dkB/s   areq-sz    aqu-sz     await     %util
03:58:09 PM IST   nvme0n1      0.00      0.00      0.00      0.00      0.00      0.00      0.00      0.00
03:58:09 PM IST       sda     34.00      0.00    264.00      0.00      7.76      0.01      0.21      0.00

03:58:09 PM IST       DEV       tps     rkB/s     wkB/s     dkB/s   areq-sz    aqu-sz     await     %util
03:58:10 PM IST   nvme0n1      0.00      0.00      0.00      0.00      0.00      0.00      0.00      0.00
03:58:10 PM IST       sda     11.00      0.00    116.00      0.00     10.55      0.01      0.27      0.40

03:58:10 PM IST       DEV       tps     rkB/s     wkB/s     dkB/s   areq-sz    aqu-sz     await     %util
03:58:11 PM IST   nvme0n1      0.00      0.00      0.00      0.00      0.00      0.00      0.00      0.00
03:58:11 PM IST       sda      2.00      0.00     24.00      0.00     12.00      0.00      1.00      0.00

03:58:11 PM IST       DEV       tps     rkB/s     wkB/s     dkB/s   areq-sz    aqu-sz     await     %util
03:58:12 PM IST   nvme0n1      0.00      0.00      0.00      0.00      0.00      0.00      0.00      0.00
03:58:12 PM IST       sda     26.00      0.00    220.00      0.00      8.46      0.01      0.27      0.00

03:58:12 PM IST       DEV       tps     rkB/s     wkB/s     dkB/s   areq-sz    aqu-sz     await     %util
03:58:13 PM IST   nvme0n1      0.00      0.00      0.00      0.00      0.00      0.00      0.00      0.00
03:58:13 PM IST       sda      0.00      0.00      0.00      0.00      0.00      0.00      0.00      0.00

03:58:13 PM IST       DEV       tps     rkB/s     wkB/s     dkB/s   areq-sz    aqu-sz     await     %util
03:58:14 PM IST   nvme0n1      0.00      0.00      0.00      0.00      0.00      0.00      0.00      0.00
03:58:14 PM IST       sda      0.00      0.00      0.00      0.00      0.00      0.00      0.00      0.00

03:58:14 PM IST       DEV       tps     rkB/s     wkB/s     dkB/s   areq-sz    aqu-sz     await     %util
03:58:15 PM IST   nvme0n1      0.00      0.00      0.00      0.00      0.00      0.00      0.00      0.00
03:58:15 PM IST       sda      8.00      0.00    268.00      0.00     33.50      0.01      0.50      0.40

03:58:15 PM IST       DEV       tps     rkB/s     wkB/s     dkB/s   areq-sz    aqu-sz     await     %util
03:58:16 PM IST   nvme0n1      0.00      0.00      0.00      0.00      0.00      0.00      0.00      0.00
03:58:16 PM IST       sda     16.00      0.00    192.00      0.00     12.00      0.01      0.38      0.40

03:58:16 PM IST       DEV       tps     rkB/s     wkB/s     dkB/s   areq-sz    aqu-sz     await     %util
03:58:17 PM IST   nvme0n1      0.00      0.00      0.00      0.00      0.00      0.00      0.00      0.00
03:58:17 PM IST       sda     98.00      0.00    424.00      0.00      4.33      0.01      0.15      0.00

03:58:17 PM IST       DEV       tps     rkB/s     wkB/s     dkB/s   areq-sz    aqu-sz     await     %util
03:58:18 PM IST   nvme0n1      0.00      0.00      0.00      0.00      0.00      0.00      0.00      0.00
03:58:18 PM IST       sda     25.00      0.00    624.00      0.00     24.96      0.01      0.56      0.00

03:58:18 PM IST       DEV       tps     rkB/s     wkB/s     dkB/s   areq-sz    aqu-sz     await     %util
03:58:19 PM IST   nvme0n1      0.00      0.00      0.00      0.00      0.00      0.00      0.00      0.00
03:58:19 PM IST       sda     27.00      0.00    172.00      0.00      6.37      0.01      0.30      0.00

03:58:19 PM IST       DEV       tps     rkB/s     wkB/s     dkB/s   areq-sz    aqu-sz     await     %util
03:58:20 PM IST   nvme0n1      0.00      0.00      0.00      0.00      0.00      0.00      0.00      0.00
03:58:20 PM IST       sda      0.00      0.00      0.00      0.00      0.00      0.00      0.00      0.00

03:58:20 PM IST       DEV       tps     rkB/s     wkB/s     dkB/s   areq-sz    aqu-sz     await     %util
03:58:21 PM IST   nvme0n1      0.00      0.00      0.00      0.00      0.00      0.00      0.00      0.00
03:58:21 PM IST       sda     10.00      0.00    408.00      0.00     40.80      0.00      0.40      0.00

03:58:21 PM IST       DEV       tps     rkB/s     wkB/s     dkB/s   areq-sz    aqu-sz     await     %util
03:58:22 PM IST   nvme0n1      0.00      0.00      0.00      0.00      0.00      0.00      0.00      0.00
03:58:22 PM IST       sda      3.00      0.00     24.00      0.00      8.00      0.00      0.67      0.40

03:58:22 PM IST       DEV       tps     rkB/s     wkB/s     dkB/s   areq-sz    aqu-sz     await     %util
03:58:23 PM IST   nvme0n1      0.00      0.00      0.00      0.00      0.00      0.00      0.00      0.00
03:58:23 PM IST       sda     55.00      0.00    688.00      0.00     12.51      0.03      0.62      0.00

03:58:23 PM IST       DEV       tps     rkB/s     wkB/s     dkB/s   areq-sz    aqu-sz     await     %util
03:58:24 PM IST   nvme0n1      0.00      0.00      0.00      0.00      0.00      0.00      0.00      0.00
03:58:24 PM IST       sda      8.00      0.00    124.00      0.00     15.50      0.00      0.25      0.40

03:58:24 PM IST       DEV       tps     rkB/s     wkB/s     dkB/s   areq-sz    aqu-sz     await     %util
03:58:25 PM IST   nvme0n1      0.00      0.00      0.00      0.00      0.00      0.00      0.00      0.00
03:58:25 PM IST       sda      0.00      0.00      0.00      0.00      0.00      0.00      0.00      0.00

03:58:25 PM IST       DEV       tps     rkB/s     wkB/s     dkB/s   areq-sz    aqu-sz     await     %util
03:58:26 PM IST   nvme0n1      0.00      0.00      0.00      0.00      0.00      0.00      0.00      0.00
03:58:26 PM IST       sda      0.00      0.00      0.00      0.00      0.00      0.00      0.00      0.00

03:58:26 PM IST       DEV       tps     rkB/s     wkB/s     dkB/s   areq-sz    aqu-sz     await     %util
03:58:27 PM IST   nvme0n1      0.00      0.00      0.00      0.00      0.00      0.00      0.00      0.00
03:58:27 PM IST       sda      0.00      0.00      0.00      0.00      0.00      0.00      0.00      0.00

03:58:27 PM IST       DEV       tps     rkB/s     wkB/s     dkB/s   areq-sz    aqu-sz     await     %util
03:58:28 PM IST   nvme0n1      0.00      0.00      0.00      0.00      0.00      0.00      0.00      0.00
03:58:28 PM IST       sda      7.00      0.00    140.00      0.00     20.00      0.01      0.57      0.00

03:58:28 PM IST       DEV       tps     rkB/s     wkB/s     dkB/s   areq-sz    aqu-sz     await     %util
03:58:29 PM IST   nvme0n1      0.00      0.00      0.00      0.00      0.00      0.00      0.00      0.00
03:58:29 PM IST       sda     33.00      0.00    928.00      0.00     28.12      0.02      0.67      0.00

03:58:29 PM IST       DEV       tps     rkB/s     wkB/s     dkB/s   areq-sz    aqu-sz     await     %util
03:58:30 PM IST   nvme0n1      0.00      0.00      0.00      0.00      0.00      0.00      0.00      0.00
03:58:30 PM IST       sda      0.00      0.00      0.00      0.00      0.00      0.00      0.00      0.00

03:58:30 PM IST       DEV       tps     rkB/s     wkB/s     dkB/s   areq-sz    aqu-sz     await     %util
03:58:31 PM IST   nvme0n1      0.00      0.00      0.00      0.00      0.00      0.00      0.00      0.00
03:58:31 PM IST       sda      0.00      0.00      0.00      0.00      0.00      0.00      0.00      0.00

03:58:31 PM IST       DEV       tps     rkB/s     wkB/s     dkB/s   areq-sz    aqu-sz     await     %util
03:58:32 PM IST   nvme0n1      0.00      0.00      0.00      0.00      0.00      0.00      0.00      0.00
03:58:32 PM IST       sda      0.00      0.00      0.00      0.00      0.00      0.00      0.00      0.00

03:58:32 PM IST       DEV       tps     rkB/s     wkB/s     dkB/s   areq-sz    aqu-sz     await     %util
03:58:33 PM IST   nvme0n1      0.00      0.00      0.00      0.00      0.00      0.00      0.00      0.00
03:58:33 PM IST       sda      2.00      0.00     16.00      0.00      8.00      0.00      1.00      0.40

03:58:33 PM IST       DEV       tps     rkB/s     wkB/s     dkB/s   areq-sz    aqu-sz     await     %util
03:58:34 PM IST   nvme0n1      0.00      0.00      0.00      0.00      0.00      0.00      0.00      0.00
03:58:34 PM IST       sda      2.00      0.00    112.00      0.00     56.00      0.00      0.50      0.00

03:58:34 PM IST       DEV       tps     rkB/s     wkB/s     dkB/s   areq-sz    aqu-sz     await     %util
03:58:35 PM IST   nvme0n1      0.00      0.00      0.00      0.00      0.00      0.00      0.00      0.00
03:58:35 PM IST       sda     40.00      0.00    440.00      0.00     11.00      0.01      0.17      0.00

03:58:35 PM IST       DEV       tps     rkB/s     wkB/s     dkB/s   areq-sz    aqu-sz     await     %util
03:58:36 PM IST   nvme0n1      0.00      0.00      0.00      0.00      0.00      0.00      0.00      0.00
03:58:36 PM IST       sda      6.00      0.00     24.00      0.00      4.00      0.00      0.67      0.00

03:58:36 PM IST       DEV       tps     rkB/s     wkB/s     dkB/s   areq-sz    aqu-sz     await     %util
03:58:37 PM IST   nvme0n1      0.00      0.00      0.00      0.00      0.00      0.00      0.00      0.00
03:58:37 PM IST       sda      0.00      0.00      0.00      0.00      0.00      0.00      0.00      0.00

03:58:37 PM IST       DEV       tps     rkB/s     wkB/s     dkB/s   areq-sz    aqu-sz     await     %util
03:58:38 PM IST   nvme0n1      0.00      0.00      0.00      0.00      0.00      0.00      0.00      0.00
03:58:38 PM IST       sda     11.00      0.00    140.00      0.00     12.73      0.01      0.36      0.40

03:58:38 PM IST       DEV       tps     rkB/s     wkB/s     dkB/s   areq-sz    aqu-sz     await     %util
03:58:39 PM IST   nvme0n1      0.00      0.00      0.00      0.00      0.00      0.00      0.00      0.00
03:58:39 PM IST       sda     50.00      0.00    372.00      0.00      7.44      0.01      0.24      0.00

03:58:39 PM IST       DEV       tps     rkB/s     wkB/s     dkB/s   areq-sz    aqu-sz     await     %util
03:58:40 PM IST   nvme0n1      0.00      0.00      0.00      0.00      0.00      0.00      0.00      0.00
03:58:40 PM IST       sda      0.00      0.00      0.00      0.00      0.00      0.00      0.00      0.00

03:58:40 PM IST       DEV       tps     rkB/s     wkB/s     dkB/s   areq-sz    aqu-sz     await     %util
03:58:41 PM IST   nvme0n1      0.00      0.00      0.00      0.00      0.00      0.00      0.00      0.00
03:58:41 PM IST       sda     45.00      0.00    356.00      0.00      7.91      0.03      0.51      0.40

03:58:41 PM IST       DEV       tps     rkB/s     wkB/s     dkB/s   areq-sz    aqu-sz     await     %util
03:58:42 PM IST   nvme0n1      0.00      0.00      0.00      0.00      0.00      0.00      0.00      0.00
03:58:42 PM IST       sda      5.00      0.00    100.00      0.00     20.00      0.00      0.40      0.40

03:58:42 PM IST       DEV       tps     rkB/s     wkB/s     dkB/s   areq-sz    aqu-sz     await     %util
03:58:43 PM IST   nvme0n1      0.00      0.00      0.00      0.00      0.00      0.00      0.00      0.00
03:58:43 PM IST       sda      0.00      0.00      0.00      0.00      0.00      0.00      0.00      0.00

03:58:43 PM IST       DEV       tps     rkB/s     wkB/s     dkB/s   areq-sz    aqu-sz     await     %util
03:58:44 PM IST   nvme0n1      0.00      0.00      0.00      0.00      0.00      0.00      0.00      0.00
03:58:44 PM IST       sda      4.00      0.00     92.00      0.00     23.00      0.00      0.50      0.00

03:58:44 PM IST       DEV       tps     rkB/s     wkB/s     dkB/s   areq-sz    aqu-sz     await     %util
03:58:45 PM IST   nvme0n1      0.00      0.00      0.00      0.00      0.00      0.00      0.00      0.00
03:58:45 PM IST       sda      0.00      0.00      0.00      0.00      0.00      0.00      0.00      0.00

03:58:45 PM IST       DEV       tps     rkB/s     wkB/s     dkB/s   areq-sz    aqu-sz     await     %util
03:58:46 PM IST   nvme0n1      0.00      0.00      0.00      0.00      0.00      0.00      0.00      0.00
03:58:46 PM IST       sda      1.00      0.00      4.00      0.00      4.00      0.00      0.00      0.00

03:58:46 PM IST       DEV       tps     rkB/s     wkB/s     dkB/s   areq-sz    aqu-sz     await     %util
03:58:47 PM IST   nvme0n1      0.00      0.00      0.00      0.00      0.00      0.00      0.00      0.00
03:58:47 PM IST       sda     18.00      0.00    104.00      0.00      5.78      0.01      0.28      0.00

03:58:47 PM IST       DEV       tps     rkB/s     wkB/s     dkB/s   areq-sz    aqu-sz     await     %util
03:58:48 PM IST   nvme0n1      0.00      0.00      0.00      0.00      0.00      0.00      0.00      0.00
03:58:48 PM IST       sda    101.00      0.00    432.00      0.00      4.28      0.01      0.10      0.00

03:58:48 PM IST       DEV       tps     rkB/s     wkB/s     dkB/s   areq-sz    aqu-sz     await     %util
03:58:49 PM IST   nvme0n1      0.00      0.00      0.00      0.00      0.00      0.00      0.00      0.00
03:58:49 PM IST       sda      0.00      0.00      0.00      0.00      0.00      0.00      0.00      0.00

03:58:49 PM IST       DEV       tps     rkB/s     wkB/s     dkB/s   areq-sz    aqu-sz     await     %util
03:58:50 PM IST   nvme0n1      0.00      0.00      0.00      0.00      0.00      0.00      0.00      0.00
03:58:50 PM IST       sda     23.00      0.00    124.00      0.00      5.39      0.01      0.17      0.40

03:58:50 PM IST       DEV       tps     rkB/s     wkB/s     dkB/s   areq-sz    aqu-sz     await     %util
03:58:51 PM IST   nvme0n1      0.00      0.00      0.00      0.00      0.00      0.00      0.00      0.00
03:58:51 PM IST       sda      4.00      0.00     60.00      0.00     15.00      0.00      0.25      0.00

03:58:51 PM IST       DEV       tps     rkB/s     wkB/s     dkB/s   areq-sz    aqu-sz     await     %util
03:58:52 PM IST   nvme0n1      0.00      0.00      0.00      0.00      0.00      0.00      0.00      0.00
03:58:52 PM IST       sda      2.00      0.00    108.00      0.00     54.00      0.01      2.00      0.40

03:58:52 PM IST       DEV       tps     rkB/s     wkB/s     dkB/s   areq-sz    aqu-sz     await     %util
03:58:53 PM IST   nvme0n1      0.00      0.00      0.00      0.00      0.00      0.00      0.00      0.00
03:58:53 PM IST       sda      0.00      0.00      0.00      0.00      0.00      0.00      0.00      0.00

03:58:53 PM IST       DEV       tps     rkB/s     wkB/s     dkB/s   areq-sz    aqu-sz     await     %util
03:58:54 PM IST   nvme0n1      0.00      0.00      0.00      0.00      0.00      0.00      0.00      0.00
03:58:54 PM IST       sda     18.00      0.00    164.00      0.00      9.11      0.01      0.67      0.00

03:58:54 PM IST       DEV       tps     rkB/s     wkB/s     dkB/s   areq-sz    aqu-sz     await     %util
03:58:55 PM IST   nvme0n1      0.00      0.00      0.00      0.00      0.00      0.00      0.00      0.00
03:58:55 PM IST       sda     11.00      0.00    276.00      0.00     25.09      0.04      1.82      2.00

03:58:55 PM IST       DEV       tps     rkB/s     wkB/s     dkB/s   areq-sz    aqu-sz     await     %util
03:58:56 PM IST   nvme0n1      0.00      0.00      0.00      0.00      0.00      0.00      0.00      0.00
03:58:56 PM IST       sda      3.00      0.00     28.00      0.00      9.33      0.00      1.00      0.00

03:58:56 PM IST       DEV       tps     rkB/s     wkB/s     dkB/s   areq-sz    aqu-sz     await     %util
03:58:57 PM IST   nvme0n1      0.00      0.00      0.00      0.00      0.00      0.00      0.00      0.00
03:58:57 PM IST       sda      2.00      8.00      0.00      0.00      4.00      0.00      0.00      0.00

03:58:57 PM IST       DEV       tps     rkB/s     wkB/s     dkB/s   areq-sz    aqu-sz     await     %util
03:58:58 PM IST   nvme0n1      0.00      0.00      0.00      0.00      0.00      0.00      0.00      0.00
03:58:58 PM IST       sda      8.00      0.00    112.00      0.00     14.00      0.00      0.38      0.40

03:58:58 PM IST       DEV       tps     rkB/s     wkB/s     dkB/s   areq-sz    aqu-sz     await     %util
03:58:59 PM IST   nvme0n1      0.00      0.00      0.00      0.00      0.00      0.00      0.00      0.00
03:58:59 PM IST       sda     26.00      0.00    828.00      0.00     31.85      0.02      0.77      0.00

03:58:59 PM IST       DEV       tps     rkB/s     wkB/s     dkB/s   areq-sz    aqu-sz     await     %util
03:59:00 PM IST   nvme0n1      0.00      0.00      0.00      0.00      0.00      0.00      0.00      0.00
03:59:00 PM IST       sda      0.00      0.00      0.00      0.00      0.00      0.00      0.00      0.00

03:59:00 PM IST       DEV       tps     rkB/s     wkB/s     dkB/s   areq-sz    aqu-sz     await     %util
03:59:01 PM IST   nvme0n1      0.00      0.00      0.00      0.00      0.00      0.00      0.00      0.00
03:59:01 PM IST       sda      2.00      0.00     20.00      0.00     10.00      0.00      1.00      0.40

03:59:01 PM IST       DEV       tps     rkB/s     wkB/s     dkB/s   areq-sz    aqu-sz     await     %util
03:59:02 PM IST   nvme0n1      0.00      0.00      0.00      0.00      0.00      0.00      0.00      0.00
03:59:02 PM IST       sda      0.00      0.00      0.00      0.00      0.00      0.00      0.00      0.00

03:59:02 PM IST       DEV       tps     rkB/s     wkB/s     dkB/s   areq-sz    aqu-sz     await     %util
03:59:03 PM IST   nvme0n1      0.00      0.00      0.00      0.00      0.00      0.00      0.00      0.00
03:59:03 PM IST       sda      2.00      0.00    120.00      0.00     60.00      0.00      0.50      0.00

03:59:03 PM IST       DEV       tps     rkB/s     wkB/s     dkB/s   areq-sz    aqu-sz     await     %util
03:59:04 PM IST   nvme0n1      0.00      0.00      0.00      0.00      0.00      0.00      0.00      0.00
03:59:04 PM IST       sda      0.00      0.00      0.00      0.00      0.00      0.00      0.00      0.00

03:59:04 PM IST       DEV       tps     rkB/s     wkB/s     dkB/s   areq-sz    aqu-sz     await     %util
03:59:05 PM IST   nvme0n1      0.00      0.00      0.00      0.00      0.00      0.00      0.00      0.00
03:59:05 PM IST       sda      3.00      0.00     12.00      0.00      4.00      0.00      0.67      0.00

03:59:05 PM IST       DEV       tps     rkB/s     wkB/s     dkB/s   areq-sz    aqu-sz     await     %util
03:59:06 PM IST   nvme0n1      0.00      0.00      0.00      0.00      0.00      0.00      0.00      0.00
03:59:06 PM IST       sda      0.00      0.00      0.00      0.00      0.00      0.00      0.00      0.00

03:59:06 PM IST       DEV       tps     rkB/s     wkB/s     dkB/s   areq-sz    aqu-sz     await     %util
03:59:07 PM IST   nvme0n1      0.00      0.00      0.00      0.00      0.00      0.00      0.00      0.00
03:59:07 PM IST       sda      2.00      0.00     20.00      0.00     10.00      0.00      1.00      0.40

03:59:07 PM IST       DEV       tps     rkB/s     wkB/s     dkB/s   areq-sz    aqu-sz     await     %util
03:59:08 PM IST   nvme0n1      0.00      0.00      0.00      0.00      0.00      0.00      0.00      0.00
03:59:08 PM IST       sda     73.00      0.00    596.00      0.00      8.16      0.03      0.25      1.20

03:59:08 PM IST       DEV       tps     rkB/s     wkB/s     dkB/s   areq-sz    aqu-sz     await     %util
03:59:09 PM IST   nvme0n1      0.00      0.00      0.00      0.00      0.00      0.00      0.00      0.00
03:59:09 PM IST       sda      0.00      0.00      0.00      0.00      0.00      0.00      0.00      0.00

03:59:09 PM IST       DEV       tps     rkB/s     wkB/s     dkB/s   areq-sz    aqu-sz     await     %util
03:59:10 PM IST   nvme0n1      0.00      0.00      0.00      0.00      0.00      0.00      0.00      0.00
03:59:10 PM IST       sda     44.00      0.00    332.00      0.00      7.55      0.01      0.30      0.00

03:59:10 PM IST       DEV       tps     rkB/s     wkB/s     dkB/s   areq-sz    aqu-sz     await     %util
03:59:11 PM IST   nvme0n1      0.00      0.00      0.00      0.00      0.00      0.00      0.00      0.00
03:59:11 PM IST       sda      0.00      0.00      0.00      0.00      0.00      0.00      0.00      0.00

03:59:11 PM IST       DEV       tps     rkB/s     wkB/s     dkB/s   areq-sz    aqu-sz     await     %util
03:59:12 PM IST   nvme0n1      0.00      0.00      0.00      0.00      0.00      0.00      0.00      0.00
03:59:12 PM IST       sda      2.00      0.00     20.00      0.00     10.00      0.00      0.50      0.40

03:59:12 PM IST       DEV       tps     rkB/s     wkB/s     dkB/s   areq-sz    aqu-sz     await     %util
03:59:13 PM IST   nvme0n1      0.00      0.00      0.00      0.00      0.00      0.00      0.00      0.00
03:59:13 PM IST       sda     15.00      0.00     84.00      0.00      5.60      0.00      0.20      0.40

03:59:13 PM IST       DEV       tps     rkB/s     wkB/s     dkB/s   areq-sz    aqu-sz     await     %util
03:59:14 PM IST   nvme0n1      0.00      0.00      0.00      0.00      0.00      0.00      0.00      0.00
03:59:14 PM IST       sda      0.00      0.00      0.00      0.00      0.00      0.00      0.00      0.00

03:59:14 PM IST       DEV       tps     rkB/s     wkB/s     dkB/s   areq-sz    aqu-sz     await     %util
03:59:15 PM IST   nvme0n1      0.00      0.00      0.00      0.00      0.00      0.00      0.00      0.00
03:59:15 PM IST       sda      6.00      0.00    200.00      0.00     33.33      0.01      0.67      0.40

03:59:15 PM IST       DEV       tps     rkB/s     wkB/s     dkB/s   areq-sz    aqu-sz     await     %util
03:59:16 PM IST   nvme0n1      0.00      0.00      0.00      0.00      0.00      0.00      0.00      0.00
03:59:16 PM IST       sda      0.00      0.00      0.00      0.00      0.00      0.00      0.00      0.00

03:59:16 PM IST       DEV       tps     rkB/s     wkB/s     dkB/s   areq-sz    aqu-sz     await     %util
03:59:17 PM IST   nvme0n1      0.00      0.00      0.00      0.00      0.00      0.00      0.00      0.00
03:59:17 PM IST       sda      1.00     40.00      0.00      0.00     40.00      0.00      2.00      0.00

03:59:17 PM IST       DEV       tps     rkB/s     wkB/s     dkB/s   areq-sz    aqu-sz     await     %util
03:59:18 PM IST   nvme0n1      0.00      0.00      0.00      0.00      0.00      0.00      0.00      0.00
03:59:18 PM IST       sda      2.00      0.00     24.00      0.00     12.00      0.00      0.50      0.00

03:59:18 PM IST       DEV       tps     rkB/s     wkB/s     dkB/s   areq-sz    aqu-sz     await     %util
03:59:19 PM IST   nvme0n1      0.00      0.00      0.00      0.00      0.00      0.00      0.00      0.00
03:59:19 PM IST       sda    141.00      0.00    804.00      0.00      5.70      0.03      0.15      0.40

03:59:19 PM IST       DEV       tps     rkB/s     wkB/s     dkB/s   areq-sz    aqu-sz     await     %util
03:59:20 PM IST   nvme0n1      0.00      0.00      0.00      0.00      0.00      0.00      0.00      0.00
03:59:20 PM IST       sda     49.00      0.00    440.00      0.00      8.98      0.01      0.18      0.00

03:59:20 PM IST       DEV       tps     rkB/s     wkB/s     dkB/s   areq-sz    aqu-sz     await     %util
03:59:21 PM IST   nvme0n1      0.00      0.00      0.00      0.00      0.00      0.00      0.00      0.00
03:59:21 PM IST       sda     27.00      0.00    248.00      0.00      9.19      0.01      0.22      0.40

03:59:21 PM IST       DEV       tps     rkB/s     wkB/s     dkB/s   areq-sz    aqu-sz     await     %util
03:59:22 PM IST   nvme0n1      0.00      0.00      0.00      0.00      0.00      0.00      0.00      0.00
03:59:22 PM IST       sda      5.00      0.00     60.00      0.00     12.00      0.00      0.80      0.00

03:59:22 PM IST       DEV       tps     rkB/s     wkB/s     dkB/s   areq-sz    aqu-sz     await     %util
03:59:23 PM IST   nvme0n1      0.00      0.00      0.00      0.00      0.00      0.00      0.00      0.00
03:59:23 PM IST       sda      0.00      0.00      0.00      0.00      0.00      0.00      0.00      0.00

03:59:23 PM IST       DEV       tps     rkB/s     wkB/s     dkB/s   areq-sz    aqu-sz     await     %util
03:59:24 PM IST   nvme0n1      0.00      0.00      0.00      0.00      0.00      0.00      0.00      0.00
03:59:24 PM IST       sda     17.00      0.00    152.00      0.00      8.94      0.02      0.82      0.00

03:59:24 PM IST       DEV       tps     rkB/s     wkB/s     dkB/s   areq-sz    aqu-sz     await     %util
03:59:25 PM IST   nvme0n1      0.00      0.00      0.00      0.00      0.00      0.00      0.00      0.00
03:59:25 PM IST       sda     28.00      0.00    212.00      0.00      7.57      0.00      0.14      0.00

03:59:25 PM IST       DEV       tps     rkB/s     wkB/s     dkB/s   areq-sz    aqu-sz     await     %util
03:59:26 PM IST   nvme0n1      0.00      0.00      0.00      0.00      0.00      0.00      0.00      0.00
03:59:26 PM IST       sda      2.00      0.00    152.00      0.00     76.00      0.00      0.50      0.40

03:59:26 PM IST       DEV       tps     rkB/s     wkB/s     dkB/s   areq-sz    aqu-sz     await     %util
03:59:27 PM IST   nvme0n1      0.00      0.00      0.00      0.00      0.00      0.00      0.00      0.00
03:59:27 PM IST       sda      3.00      0.00     28.00      0.00      9.33      0.00      0.33      0.00

03:59:27 PM IST       DEV       tps     rkB/s     wkB/s     dkB/s   areq-sz    aqu-sz     await     %util
03:59:28 PM IST   nvme0n1      0.00      0.00      0.00      0.00      0.00      0.00      0.00      0.00
03:59:28 PM IST       sda      8.00      0.00     60.00      0.00      7.50      0.01      0.25      0.40

03:59:28 PM IST       DEV       tps     rkB/s     wkB/s     dkB/s   areq-sz    aqu-sz     await     %util
03:59:29 PM IST   nvme0n1      0.00      0.00      0.00      0.00      0.00      0.00      0.00      0.00
03:59:29 PM IST       sda      5.00      0.00    136.00      0.00     27.20      0.01      0.80      0.40

03:59:29 PM IST       DEV       tps     rkB/s     wkB/s     dkB/s   areq-sz    aqu-sz     await     %util
03:59:30 PM IST   nvme0n1      0.00      0.00      0.00      0.00      0.00      0.00      0.00      0.00
03:59:30 PM IST       sda     30.00      0.00    644.00      0.00     21.47      0.03      0.87      0.00

03:59:30 PM IST       DEV       tps     rkB/s     wkB/s     dkB/s   areq-sz    aqu-sz     await     %util
03:59:31 PM IST   nvme0n1      0.00      0.00      0.00      0.00      0.00      0.00      0.00      0.00
03:59:31 PM IST       sda      1.00      0.00     12.00      0.00     12.00      0.00      0.00      0.00

03:59:31 PM IST       DEV       tps     rkB/s     wkB/s     dkB/s   areq-sz    aqu-sz     await     %util
03:59:32 PM IST   nvme0n1      0.00      0.00      0.00      0.00      0.00      0.00      0.00      0.00
03:59:32 PM IST       sda      0.00      0.00      0.00      0.00      0.00      0.00      0.00      0.00

03:59:32 PM IST       DEV       tps     rkB/s     wkB/s     dkB/s   areq-sz    aqu-sz     await     %util
03:59:33 PM IST   nvme0n1      0.00      0.00      0.00      0.00      0.00      0.00      0.00      0.00
03:59:33 PM IST       sda      0.00      0.00      0.00      0.00      0.00      0.00      0.00      0.00

03:59:33 PM IST       DEV       tps     rkB/s     wkB/s     dkB/s   areq-sz    aqu-sz     await     %util
03:59:34 PM IST   nvme0n1      0.00      0.00      0.00      0.00      0.00      0.00      0.00      0.00
03:59:34 PM IST       sda      2.00      0.00    100.00      0.00     50.00      0.00      1.00      0.40

03:59:34 PM IST       DEV       tps     rkB/s     wkB/s     dkB/s   areq-sz    aqu-sz     await     %util
03:59:35 PM IST   nvme0n1      0.00      0.00      0.00      0.00      0.00      0.00      0.00      0.00
03:59:35 PM IST       sda      7.00      0.00    116.00      0.00     16.57      0.01      0.57      0.40

03:59:35 PM IST       DEV       tps     rkB/s     wkB/s     dkB/s   areq-sz    aqu-sz     await     %util
03:59:36 PM IST   nvme0n1      0.00      0.00      0.00      0.00      0.00      0.00      0.00      0.00
03:59:36 PM IST       sda     30.00      0.00    228.00      0.00      7.60      0.01      0.13      0.00

03:59:36 PM IST       DEV       tps     rkB/s     wkB/s     dkB/s   areq-sz    aqu-sz     await     %util
03:59:37 PM IST   nvme0n1      0.00      0.00      0.00      0.00      0.00      0.00      0.00      0.00
03:59:37 PM IST       sda      0.00      0.00      0.00      0.00      0.00      0.00      0.00      0.00

03:59:37 PM IST       DEV       tps     rkB/s     wkB/s     dkB/s   areq-sz    aqu-sz     await     %util
03:59:38 PM IST   nvme0n1      0.00      0.00      0.00      0.00      0.00      0.00      0.00      0.00
03:59:38 PM IST       sda      1.00      0.00      4.00      0.00      4.00      0.00      1.00      0.40

03:59:38 PM IST       DEV       tps     rkB/s     wkB/s     dkB/s   areq-sz    aqu-sz     await     %util
03:59:39 PM IST   nvme0n1      0.00      0.00      0.00      0.00      0.00      0.00      0.00      0.00
03:59:39 PM IST       sda     11.00      0.00    144.00      0.00     13.09      0.01      0.27      0.00

03:59:39 PM IST       DEV       tps     rkB/s     wkB/s     dkB/s   areq-sz    aqu-sz     await     %util
03:59:40 PM IST   nvme0n1      0.00      0.00      0.00      0.00      0.00      0.00      0.00      0.00
03:59:40 PM IST       sda     36.00      0.00    172.00      0.00      4.78      0.01      0.19      0.40

03:59:40 PM IST       DEV       tps     rkB/s     wkB/s     dkB/s   areq-sz    aqu-sz     await     %util
03:59:41 PM IST   nvme0n1      0.00      0.00      0.00      0.00      0.00      0.00      0.00      0.00
03:59:41 PM IST       sda      0.00      0.00      0.00      0.00      0.00      0.00      0.00      0.00

03:59:41 PM IST       DEV       tps     rkB/s     wkB/s     dkB/s   areq-sz    aqu-sz     await     %util
03:59:42 PM IST   nvme0n1      0.00      0.00      0.00      0.00      0.00      0.00      0.00      0.00
03:59:42 PM IST       sda      1.00      0.00      8.00      0.00      8.00      0.00      1.00      0.00

03:59:42 PM IST       DEV       tps     rkB/s     wkB/s     dkB/s   areq-sz    aqu-sz     await     %util
03:59:43 PM IST   nvme0n1      0.00      0.00      0.00      0.00      0.00      0.00      0.00      0.00
03:59:43 PM IST       sda      5.00      0.00     20.00      0.00      4.00      0.00      0.60      0.00

03:59:43 PM IST       DEV       tps     rkB/s     wkB/s     dkB/s   areq-sz    aqu-sz     await     %util
03:59:44 PM IST   nvme0n1      0.00      0.00      0.00      0.00      0.00      0.00      0.00      0.00
03:59:44 PM IST       sda      2.00      0.00     84.00      0.00     42.00      0.00      0.50      0.00

03:59:44 PM IST       DEV       tps     rkB/s     wkB/s     dkB/s   areq-sz    aqu-sz     await     %util
03:59:45 PM IST   nvme0n1      0.00      0.00      0.00      0.00      0.00      0.00      0.00      0.00
03:59:45 PM IST       sda      0.00      0.00      0.00      0.00      0.00      0.00      0.00      0.00

03:59:45 PM IST       DEV       tps     rkB/s     wkB/s     dkB/s   areq-sz    aqu-sz     await     %util
03:59:46 PM IST   nvme0n1      0.00      0.00      0.00      0.00      0.00      0.00      0.00      0.00
03:59:46 PM IST       sda      2.00      0.00     24.00      0.00     12.00      0.00      1.00      0.00

03:59:46 PM IST       DEV       tps     rkB/s     wkB/s     dkB/s   areq-sz    aqu-sz     await     %util
03:59:47 PM IST   nvme0n1      0.00      0.00      0.00      0.00      0.00      0.00      0.00      0.00
03:59:47 PM IST       sda     10.00      0.00    224.00      0.00     22.40      0.00      0.40      0.00

03:59:47 PM IST       DEV       tps     rkB/s     wkB/s     dkB/s   areq-sz    aqu-sz     await     %util
03:59:48 PM IST   nvme0n1      0.00      0.00      0.00      0.00      0.00      0.00      0.00      0.00
03:59:48 PM IST       sda      5.00      0.00    148.00      0.00     29.60      0.01      0.40      0.40

03:59:48 PM IST       DEV       tps     rkB/s     wkB/s     dkB/s   areq-sz    aqu-sz     await     %util
03:59:49 PM IST   nvme0n1      0.00      0.00      0.00      0.00      0.00      0.00      0.00      0.00
03:59:49 PM IST       sda      2.00      0.00      8.00      0.00      4.00      0.00      0.50      0.00

03:59:49 PM IST       DEV       tps     rkB/s     wkB/s     dkB/s   areq-sz    aqu-sz     await     %util
03:59:50 PM IST   nvme0n1      0.00      0.00      0.00      0.00      0.00      0.00      0.00      0.00
03:59:50 PM IST       sda    123.00      0.00    616.00      0.00      5.01      0.03      0.16      0.00

03:59:50 PM IST       DEV       tps     rkB/s     wkB/s     dkB/s   areq-sz    aqu-sz     await     %util
03:59:51 PM IST   nvme0n1      0.00      0.00      0.00      0.00      0.00      0.00      0.00      0.00
03:59:51 PM IST       sda      2.00      0.00     24.00      0.00     12.00      0.00      1.00      0.00

03:59:51 PM IST       DEV       tps     rkB/s     wkB/s     dkB/s   areq-sz    aqu-sz     await     %util
03:59:52 PM IST   nvme0n1      0.00      0.00      0.00      0.00      0.00      0.00      0.00      0.00
03:59:52 PM IST       sda     26.00      0.00    168.00      0.00      6.46      0.01      0.50      0.00

03:59:52 PM IST       DEV       tps     rkB/s     wkB/s     dkB/s   areq-sz    aqu-sz     await     %util
03:59:53 PM IST   nvme0n1      0.00      0.00      0.00      0.00      0.00      0.00      0.00      0.00
03:59:53 PM IST       sda      4.00      0.00     48.00      0.00     12.00      0.00      0.25      0.00

03:59:53 PM IST       DEV       tps     rkB/s     wkB/s     dkB/s   areq-sz    aqu-sz     await     %util
03:59:54 PM IST   nvme0n1      0.00      0.00      0.00      0.00      0.00      0.00      0.00      0.00
03:59:54 PM IST       sda      0.00      0.00      0.00      0.00      0.00      0.00      0.00      0.00

03:59:54 PM IST       DEV       tps     rkB/s     wkB/s     dkB/s   areq-sz    aqu-sz     await     %util
03:59:55 PM IST   nvme0n1      0.00      0.00      0.00      0.00      0.00      0.00      0.00      0.00
03:59:55 PM IST       sda      5.00      0.00    172.00      0.00     34.40      0.01      0.60      0.40

03:59:55 PM IST       DEV       tps     rkB/s     wkB/s     dkB/s   areq-sz    aqu-sz     await     %util
03:59:56 PM IST   nvme0n1      0.00      0.00      0.00      0.00      0.00      0.00      0.00      0.00
03:59:56 PM IST       sda      0.00      0.00      0.00      0.00      0.00      0.00      0.00      0.00

03:59:56 PM IST       DEV       tps     rkB/s     wkB/s     dkB/s   areq-sz    aqu-sz     await     %util
03:59:57 PM IST   nvme0n1      0.00      0.00      0.00      0.00      0.00      0.00      0.00      0.00
03:59:57 PM IST       sda     27.00      0.00    156.00      0.00      5.78      0.01      0.30      0.40

03:59:57 PM IST       DEV       tps     rkB/s     wkB/s     dkB/s   areq-sz    aqu-sz     await     %util
03:59:58 PM IST   nvme0n1      0.00      0.00      0.00      0.00      0.00      0.00      0.00      0.00
03:59:58 PM IST       sda      6.00      8.00     32.00      0.00      6.67      0.00      0.17      0.00

03:59:58 PM IST       DEV       tps     rkB/s     wkB/s     dkB/s   areq-sz    aqu-sz     await     %util
03:59:59 PM IST   nvme0n1      0.00      0.00      0.00      0.00      0.00      0.00      0.00      0.00
03:59:59 PM IST       sda      0.00      0.00      0.00      0.00      0.00      0.00      0.00      0.00

03:59:59 PM IST       DEV       tps     rkB/s     wkB/s     dkB/s   areq-sz    aqu-sz     await     %util
04:00:00 PM IST   nvme0n1      0.00      0.00      0.00      0.00      0.00      0.00      0.00      0.00
04:00:00 PM IST       sda     11.00      0.00    136.00      0.00     12.36      0.01      0.64      0.00

04:00:00 PM IST       DEV       tps     rkB/s     wkB/s     dkB/s   areq-sz    aqu-sz     await     %util
04:00:01 PM IST   nvme0n1      0.00      0.00      0.00      0.00      0.00      0.00      0.00      0.00
04:00:01 PM IST       sda      5.00      0.00     96.00      0.00     19.20      0.01      0.60      0.40

04:00:01 PM IST       DEV       tps     rkB/s     wkB/s     dkB/s   areq-sz    aqu-sz     await     %util
04:00:02 PM IST   nvme0n1      0.00      0.00      0.00      0.00      0.00      0.00      0.00      0.00
04:00:02 PM IST       sda     51.00    268.00  20700.00      0.00    411.14      0.24      4.61      4.00

04:00:02 PM IST       DEV       tps     rkB/s     wkB/s     dkB/s   areq-sz    aqu-sz     await     %util
04:00:03 PM IST   nvme0n1      0.00      0.00      0.00      0.00      0.00      0.00      0.00      0.00
04:00:03 PM IST       sda    147.00    520.00  17920.00      0.00    125.44      0.22      1.44      9.20

04:00:03 PM IST       DEV       tps     rkB/s     wkB/s     dkB/s   areq-sz    aqu-sz     await     %util
04:00:04 PM IST   nvme0n1      0.00      0.00      0.00      0.00      0.00      0.00      0.00      0.00
04:00:04 PM IST       sda      1.00      0.00      4.00      0.00      4.00      0.00      1.00      0.00

04:00:04 PM IST       DEV       tps     rkB/s     wkB/s     dkB/s   areq-sz    aqu-sz     await     %util
04:00:05 PM IST   nvme0n1      0.00      0.00      0.00      0.00      0.00      0.00      0.00      0.00
04:00:05 PM IST       sda     53.00      0.00    236.00      0.00      4.45      0.02      0.30      0.00

04:00:05 PM IST       DEV       tps     rkB/s     wkB/s     dkB/s   areq-sz    aqu-sz     await     %util
04:00:06 PM IST   nvme0n1      0.00      0.00      0.00      0.00      0.00      0.00      0.00      0.00
04:00:06 PM IST       sda      0.00      0.00      0.00      0.00      0.00      0.00      0.00      0.00

04:00:06 PM IST       DEV       tps     rkB/s     wkB/s     dkB/s   areq-sz    aqu-sz     await     %util
04:00:07 PM IST   nvme0n1      0.00      0.00      0.00      0.00      0.00      0.00      0.00      0.00
04:00:07 PM IST       sda     50.00      0.00    860.00      0.00     17.20      0.01      0.28      0.00

04:00:07 PM IST       DEV       tps     rkB/s     wkB/s     dkB/s   areq-sz    aqu-sz     await     %util
04:00:08 PM IST   nvme0n1      0.00      0.00      0.00      0.00      0.00      0.00      0.00      0.00
04:00:08 PM IST       sda      4.00      0.00    104.00      0.00     26.00      0.00      0.75      0.00

04:00:08 PM IST       DEV       tps     rkB/s     wkB/s     dkB/s   areq-sz    aqu-sz     await     %util
04:00:09 PM IST   nvme0n1      0.00      0.00      0.00      0.00      0.00      0.00      0.00      0.00
04:00:09 PM IST       sda     11.00      0.00    100.00      0.00      9.09      0.01      0.36      0.40

04:00:09 PM IST       DEV       tps     rkB/s     wkB/s     dkB/s   areq-sz    aqu-sz     await     %util
04:00:10 PM IST   nvme0n1      0.00      0.00      0.00      0.00      0.00      0.00      0.00      0.00
04:00:10 PM IST       sda     10.00      0.00     72.00      0.00      7.20      0.01      0.40      0.40

04:00:10 PM IST       DEV       tps     rkB/s     wkB/s     dkB/s   areq-sz    aqu-sz     await     %util
04:00:11 PM IST   nvme0n1      0.00      0.00      0.00      0.00      0.00      0.00      0.00      0.00
04:00:11 PM IST       sda      0.00      0.00      0.00      0.00      0.00      0.00      0.00      0.00

04:00:11 PM IST       DEV       tps     rkB/s     wkB/s     dkB/s   areq-sz    aqu-sz     await     %util
04:00:12 PM IST   nvme0n1      0.00      0.00      0.00      0.00      0.00      0.00      0.00      0.00
04:00:12 PM IST       sda     37.00      0.00    248.00      0.00      6.70      0.01      0.30      0.00

04:00:12 PM IST       DEV       tps     rkB/s     wkB/s     dkB/s   areq-sz    aqu-sz     await     %util
04:00:13 PM IST   nvme0n1      0.00      0.00      0.00      0.00      0.00      0.00      0.00      0.00
04:00:13 PM IST       sda      3.00      0.00     24.00      0.00      8.00      0.00      0.33      0.00

04:00:13 PM IST       DEV       tps     rkB/s     wkB/s     dkB/s   areq-sz    aqu-sz     await     %util
04:00:14 PM IST   nvme0n1      0.00      0.00      0.00      0.00      0.00      0.00      0.00      0.00
04:00:14 PM IST       sda      0.00      0.00      0.00      0.00      0.00      0.00      0.00      0.00

04:00:14 PM IST       DEV       tps     rkB/s     wkB/s     dkB/s   areq-sz    aqu-sz     await     %util
04:00:15 PM IST   nvme0n1      0.00      0.00      0.00      0.00      0.00      0.00      0.00      0.00
04:00:15 PM IST       sda     72.00      0.00    528.00      0.00      7.33      0.01      0.15      0.80

04:00:15 PM IST       DEV       tps     rkB/s     wkB/s     dkB/s   areq-sz    aqu-sz     await     %util
04:00:16 PM IST   nvme0n1      0.00      0.00      0.00      0.00      0.00      0.00      0.00      0.00
04:00:16 PM IST       sda      4.00      0.00     16.00      0.00      4.00      0.00      0.75      0.00

04:00:16 PM IST       DEV       tps     rkB/s     wkB/s     dkB/s   areq-sz    aqu-sz     await     %util
04:00:17 PM IST   nvme0n1      0.00      0.00      0.00      0.00      0.00      0.00      0.00      0.00
04:00:17 PM IST       sda     16.00      0.00     88.00      0.00      5.50      0.00      0.06      0.00

04:00:17 PM IST       DEV       tps     rkB/s     wkB/s     dkB/s   areq-sz    aqu-sz     await     %util
04:00:18 PM IST   nvme0n1      0.00      0.00      0.00      0.00      0.00      0.00      0.00      0.00
04:00:18 PM IST       sda      0.00      0.00      0.00      0.00      0.00      0.00      0.00      0.00

04:00:18 PM IST       DEV       tps     rkB/s     wkB/s     dkB/s   areq-sz    aqu-sz     await     %util
04:00:19 PM IST   nvme0n1      0.00      0.00      0.00      0.00      0.00      0.00      0.00      0.00
04:00:19 PM IST       sda      2.00      0.00     16.00      0.00      8.00      0.00      1.00      0.00

04:00:19 PM IST       DEV       tps     rkB/s     wkB/s     dkB/s   areq-sz    aqu-sz     await     %util
04:00:20 PM IST   nvme0n1      0.00      0.00      0.00      0.00      0.00      0.00      0.00      0.00
04:00:20 PM IST       sda    112.00      0.00    524.00      0.00      4.68      0.01      0.12      0.00

04:00:20 PM IST       DEV       tps     rkB/s     wkB/s     dkB/s   areq-sz    aqu-sz     await     %util
04:00:21 PM IST   nvme0n1      0.00      0.00      0.00      0.00      0.00      0.00      0.00      0.00
04:00:21 PM IST       sda      6.93      0.00    150.50      0.00     21.71      0.01      0.57      0.40

04:00:21 PM IST       DEV       tps     rkB/s     wkB/s     dkB/s   areq-sz    aqu-sz     await     %util
04:00:22 PM IST   nvme0n1      0.00      0.00      0.00      0.00      0.00      0.00      0.00      0.00
04:00:22 PM IST       sda      0.00      0.00      0.00      0.00      0.00      0.00      0.00      0.00

04:00:22 PM IST       DEV       tps     rkB/s     wkB/s     dkB/s   areq-sz    aqu-sz     await     %util
04:00:23 PM IST   nvme0n1      0.00      0.00      0.00      0.00      0.00      0.00      0.00      0.00
04:00:23 PM IST       sda     27.00      0.00    180.00      0.00      6.67      0.01      0.30      0.00

04:00:23 PM IST       DEV       tps     rkB/s     wkB/s     dkB/s   areq-sz    aqu-sz     await     %util
04:00:24 PM IST   nvme0n1      0.00      0.00      0.00      0.00      0.00      0.00      0.00      0.00
04:00:24 PM IST       sda      2.00      0.00     24.00      0.00     12.00      0.00      1.00      0.00

04:00:24 PM IST       DEV       tps     rkB/s     wkB/s     dkB/s   areq-sz    aqu-sz     await     %util
04:00:25 PM IST   nvme0n1      0.00      0.00      0.00      0.00      0.00      0.00      0.00      0.00
04:00:25 PM IST       sda     65.00      0.00    380.00      0.00      5.85      0.03      0.29      0.40

04:00:25 PM IST       DEV       tps     rkB/s     wkB/s     dkB/s   areq-sz    aqu-sz     await     %util
04:00:26 PM IST   nvme0n1      0.00      0.00      0.00      0.00      0.00      0.00      0.00      0.00
04:00:26 PM IST       sda     27.00      0.00    124.00      0.00      4.59      0.01      0.19      0.00

04:00:26 PM IST       DEV       tps     rkB/s     wkB/s     dkB/s   areq-sz    aqu-sz     await     %util
04:00:27 PM IST   nvme0n1      0.00      0.00      0.00      0.00      0.00      0.00      0.00      0.00
04:00:27 PM IST       sda     46.00    224.00    172.00      0.00      8.61      0.01      0.26      0.00

04:00:27 PM IST       DEV       tps     rkB/s     wkB/s     dkB/s   areq-sz    aqu-sz     await     %util
04:00:28 PM IST   nvme0n1      0.00      0.00      0.00      0.00      0.00      0.00      0.00      0.00
04:00:28 PM IST       sda      5.00      0.00    104.00      0.00     20.80      0.01      0.60      0.40

04:00:28 PM IST       DEV       tps     rkB/s     wkB/s     dkB/s   areq-sz    aqu-sz     await     %util
04:00:29 PM IST   nvme0n1      0.00      0.00      0.00      0.00      0.00      0.00      0.00      0.00
04:00:29 PM IST       sda     13.00      0.00    292.00      0.00     22.46      0.01      0.62      0.00

04:00:29 PM IST       DEV       tps     rkB/s     wkB/s     dkB/s   areq-sz    aqu-sz     await     %util
04:00:30 PM IST   nvme0n1      0.00      0.00      0.00      0.00      0.00      0.00      0.00      0.00
04:00:30 PM IST       sda      0.00      0.00      0.00      0.00      0.00      0.00      0.00      0.00

04:00:30 PM IST       DEV       tps     rkB/s     wkB/s     dkB/s   areq-sz    aqu-sz     await     %util
04:00:31 PM IST   nvme0n1      0.00      0.00      0.00      0.00      0.00      0.00      0.00      0.00
04:00:31 PM IST       sda      0.00      0.00      0.00      0.00      0.00      0.00      0.00      0.00

04:00:31 PM IST       DEV       tps     rkB/s     wkB/s     dkB/s   areq-sz    aqu-sz     await     %util
04:00:32 PM IST   nvme0n1      0.00      0.00      0.00      0.00      0.00      0.00      0.00      0.00
04:00:32 PM IST       sda      3.00      0.00     28.00      0.00      9.33      0.00      0.67      0.40

04:00:32 PM IST       DEV       tps     rkB/s     wkB/s     dkB/s   areq-sz    aqu-sz     await     %util
04:00:33 PM IST   nvme0n1      0.00      0.00      0.00      0.00      0.00      0.00      0.00      0.00
04:00:33 PM IST       sda     28.00      0.00   2720.00      0.00     97.14      0.02      0.86      0.80

04:00:33 PM IST       DEV       tps     rkB/s     wkB/s     dkB/s   areq-sz    aqu-sz     await     %util
04:00:34 PM IST   nvme0n1      0.00      0.00      0.00      0.00      0.00      0.00      0.00      0.00
04:00:34 PM IST       sda     11.00      0.00    172.00      0.00     15.64      0.01      0.36      0.40

04:00:34 PM IST       DEV       tps     rkB/s     wkB/s     dkB/s   areq-sz    aqu-sz     await     %util
04:00:35 PM IST   nvme0n1      0.00      0.00      0.00      0.00      0.00      0.00      0.00      0.00
04:00:35 PM IST       sda      0.00      0.00      0.00      0.00      0.00      0.00      0.00      0.00

04:00:35 PM IST       DEV       tps     rkB/s     wkB/s     dkB/s   areq-sz    aqu-sz     await     %util
04:00:36 PM IST   nvme0n1      0.00      0.00      0.00      0.00      0.00      0.00      0.00      0.00
04:00:36 PM IST       sda      0.00      0.00      0.00      0.00      0.00      0.00      0.00      0.00

04:00:36 PM IST       DEV       tps     rkB/s     wkB/s     dkB/s   areq-sz    aqu-sz     await     %util
04:00:37 PM IST   nvme0n1      0.00      0.00      0.00      0.00      0.00      0.00      0.00      0.00
04:00:37 PM IST       sda      3.00      4.00     20.00      0.00      8.00      0.00      0.67      0.00

04:00:37 PM IST       DEV       tps     rkB/s     wkB/s     dkB/s   areq-sz    aqu-sz     await     %util
04:00:38 PM IST   nvme0n1      0.00      0.00      0.00      0.00      0.00      0.00      0.00      0.00
04:00:38 PM IST       sda      5.00      8.00     52.00      0.00     12.00      0.00      0.20      0.00

04:00:38 PM IST       DEV       tps     rkB/s     wkB/s     dkB/s   areq-sz    aqu-sz     await     %util
04:00:39 PM IST   nvme0n1      0.00      0.00      0.00      0.00      0.00      0.00      0.00      0.00
04:00:39 PM IST       sda     21.00      0.00     88.00      0.00      4.19      0.02      0.81      0.00

04:00:39 PM IST       DEV       tps     rkB/s     wkB/s     dkB/s   areq-sz    aqu-sz     await     %util
04:00:40 PM IST   nvme0n1      0.00      0.00      0.00      0.00      0.00      0.00      0.00      0.00
04:00:40 PM IST       sda     11.00      0.00    128.00      0.00     11.64      0.01      0.36      0.40

04:00:40 PM IST       DEV       tps     rkB/s     wkB/s     dkB/s   areq-sz    aqu-sz     await     %util
04:00:41 PM IST   nvme0n1      0.00      0.00      0.00      0.00      0.00      0.00      0.00      0.00
04:00:41 PM IST       sda      5.00      0.00    100.00      0.00     20.00      0.01      0.80      0.40

04:00:41 PM IST       DEV       tps     rkB/s     wkB/s     dkB/s   areq-sz    aqu-sz     await     %util
04:00:42 PM IST   nvme0n1      0.00      0.00      0.00      0.00      0.00      0.00      0.00      0.00
04:00:42 PM IST       sda      0.00      0.00      0.00      0.00      0.00      0.00      0.00      0.00

04:00:42 PM IST       DEV       tps     rkB/s     wkB/s     dkB/s   areq-sz    aqu-sz     await     %util
04:00:43 PM IST   nvme0n1      0.00      0.00      0.00      0.00      0.00      0.00      0.00      0.00
04:00:43 PM IST       sda      2.00      0.00     20.00      0.00     10.00      0.00      0.50      0.00

04:00:43 PM IST       DEV       tps     rkB/s     wkB/s     dkB/s   areq-sz    aqu-sz     await     %util
04:00:44 PM IST   nvme0n1      0.00      0.00      0.00      0.00      0.00      0.00      0.00      0.00
04:00:44 PM IST       sda      1.00      0.00      8.00      0.00      8.00      0.00      0.00      0.00

04:00:44 PM IST       DEV       tps     rkB/s     wkB/s     dkB/s   areq-sz    aqu-sz     await     %util
04:00:45 PM IST   nvme0n1      0.00      0.00      0.00      0.00      0.00      0.00      0.00      0.00
04:00:45 PM IST       sda     19.00      0.00     88.00      0.00      4.63      0.01      0.63      0.00

04:00:45 PM IST       DEV       tps     rkB/s     wkB/s     dkB/s   areq-sz    aqu-sz     await     %util
04:00:46 PM IST   nvme0n1      0.00      0.00      0.00      0.00      0.00      0.00      0.00      0.00
04:00:46 PM IST       sda      2.00      0.00     40.00      0.00     20.00      0.00      1.00      0.00

04:00:46 PM IST       DEV       tps     rkB/s     wkB/s     dkB/s   areq-sz    aqu-sz     await     %util
04:00:47 PM IST   nvme0n1      0.00      0.00      0.00      0.00      0.00      0.00      0.00      0.00
04:00:47 PM IST       sda      0.00      0.00      0.00      0.00      0.00      0.00      0.00      0.00

04:00:47 PM IST       DEV       tps     rkB/s     wkB/s     dkB/s   areq-sz    aqu-sz     await     %util
04:00:48 PM IST   nvme0n1      0.00      0.00      0.00      0.00      0.00      0.00      0.00      0.00
04:00:48 PM IST       sda      2.00      0.00     20.00      0.00     10.00      0.00      0.50      0.40

04:00:48 PM IST       DEV       tps     rkB/s     wkB/s     dkB/s   areq-sz    aqu-sz     await     %util
04:00:49 PM IST   nvme0n1      0.00      0.00      0.00      0.00      0.00      0.00      0.00      0.00
04:00:49 PM IST       sda      0.00      0.00      0.00      0.00      0.00      0.00      0.00      0.00

04:00:49 PM IST       DEV       tps     rkB/s     wkB/s     dkB/s   areq-sz    aqu-sz     await     %util
04:00:50 PM IST   nvme0n1      0.00      0.00      0.00      0.00      0.00      0.00      0.00      0.00
04:00:50 PM IST       sda     15.00      0.00    144.00      0.00      9.60      0.01      0.40      1.60

04:00:50 PM IST       DEV       tps     rkB/s     wkB/s     dkB/s   areq-sz    aqu-sz     await     %util
04:00:51 PM IST   nvme0n1      0.00      0.00      0.00      0.00      0.00      0.00      0.00      0.00
04:00:51 PM IST       sda      2.00      0.00    212.00      0.00    106.00      0.00      1.00      0.00

04:00:51 PM IST       DEV       tps     rkB/s     wkB/s     dkB/s   areq-sz    aqu-sz     await     %util
04:00:52 PM IST   nvme0n1      0.00      0.00      0.00      0.00      0.00      0.00      0.00      0.00
04:00:52 PM IST       sda    143.00      0.00   1760.00      0.00     12.31      0.03      0.22      0.40

04:00:52 PM IST       DEV       tps     rkB/s     wkB/s     dkB/s   areq-sz    aqu-sz     await     %util
04:00:53 PM IST   nvme0n1      0.00      0.00      0.00      0.00      0.00      0.00      0.00      0.00
04:00:53 PM IST       sda      3.00      0.00    256.00      0.00     85.33      0.00      0.67      0.00

04:00:53 PM IST       DEV       tps     rkB/s     wkB/s     dkB/s   areq-sz    aqu-sz     await     %util
04:00:54 PM IST   nvme0n1      0.00      0.00      0.00      0.00      0.00      0.00      0.00      0.00
04:00:54 PM IST       sda     43.00      0.00    488.00      0.00     11.35      0.02      0.42      0.00

04:00:54 PM IST       DEV       tps     rkB/s     wkB/s     dkB/s   areq-sz    aqu-sz     await     %util
04:00:55 PM IST   nvme0n1      0.00      0.00      0.00      0.00      0.00      0.00      0.00      0.00
04:00:55 PM IST       sda      5.00      0.00    148.00      0.00     29.60      0.01      0.60      0.80

04:00:55 PM IST       DEV       tps     rkB/s     wkB/s     dkB/s   areq-sz    aqu-sz     await     %util
04:00:56 PM IST   nvme0n1      0.00      0.00      0.00      0.00      0.00      0.00      0.00      0.00
04:00:56 PM IST       sda      1.00      0.00    256.00      0.00    256.00      0.00      2.00      0.00

04:00:56 PM IST       DEV       tps     rkB/s     wkB/s     dkB/s   areq-sz    aqu-sz     await     %util
04:00:57 PM IST   nvme0n1      0.00      0.00      0.00      0.00      0.00      0.00      0.00      0.00
04:00:57 PM IST       sda     67.00      0.00    296.00      0.00      4.42      0.01      0.13      0.00

04:00:57 PM IST       DEV       tps     rkB/s     wkB/s     dkB/s   areq-sz    aqu-sz     await     %util
04:00:58 PM IST   nvme0n1      0.00      0.00      0.00      0.00      0.00      0.00      0.00      0.00
04:00:58 PM IST       sda     24.00      8.00    108.00      0.00      4.83      0.00      0.12      0.00

04:00:58 PM IST       DEV       tps     rkB/s     wkB/s     dkB/s   areq-sz    aqu-sz     await     %util
04:00:59 PM IST   nvme0n1      0.00      0.00      0.00      0.00      0.00      0.00      0.00      0.00
04:00:59 PM IST       sda     11.00      0.00    332.00      0.00     30.18      0.00      0.27      0.00

04:00:59 PM IST       DEV       tps     rkB/s     wkB/s     dkB/s   areq-sz    aqu-sz     await     %util
04:01:00 PM IST   nvme0n1      0.00      0.00      0.00      0.00      0.00      0.00      0.00      0.00
04:01:00 PM IST       sda      4.00      0.00    184.00      0.00     46.00      0.00      0.75      0.40

04:01:00 PM IST       DEV       tps     rkB/s     wkB/s     dkB/s   areq-sz    aqu-sz     await     %util
04:01:01 PM IST   nvme0n1      0.00      0.00      0.00      0.00      0.00      0.00      0.00      0.00
04:01:01 PM IST       sda      0.00      0.00      0.00      0.00      0.00      0.00      0.00      0.00

04:01:01 PM IST       DEV       tps     rkB/s     wkB/s     dkB/s   areq-sz    aqu-sz     await     %util
04:01:02 PM IST   nvme0n1      0.00      0.00      0.00      0.00      0.00      0.00      0.00      0.00
04:01:02 PM IST       sda      0.00      0.00      0.00      0.00      0.00      0.00      0.00      0.00

04:01:02 PM IST       DEV       tps     rkB/s     wkB/s     dkB/s   areq-sz    aqu-sz     await     %util
04:01:03 PM IST   nvme0n1      0.00      0.00      0.00      0.00      0.00      0.00      0.00      0.00
04:01:03 PM IST       sda      9.00      0.00    256.00      0.00     28.44      0.01      0.78      0.00

04:01:03 PM IST       DEV       tps     rkB/s     wkB/s     dkB/s   areq-sz    aqu-sz     await     %util
04:01:04 PM IST   nvme0n1      0.00      0.00      0.00      0.00      0.00      0.00      0.00      0.00
04:01:04 PM IST       sda     46.00      0.00    480.00      0.00     10.43      0.01      0.24      0.00

04:01:04 PM IST       DEV       tps     rkB/s     wkB/s     dkB/s   areq-sz    aqu-sz     await     %util
04:01:05 PM IST   nvme0n1      0.00      0.00      0.00      0.00      0.00      0.00      0.00      0.00
04:01:05 PM IST       sda      4.00      0.00     88.00      0.00     22.00      0.00      0.50      0.40

04:01:05 PM IST       DEV       tps     rkB/s     wkB/s     dkB/s   areq-sz    aqu-sz     await     %util
04:01:06 PM IST   nvme0n1      0.00      0.00      0.00      0.00      0.00      0.00      0.00      0.00
04:01:06 PM IST       sda     28.00      0.00    256.00      0.00      9.14      0.00      0.07      0.00

04:01:06 PM IST       DEV       tps     rkB/s     wkB/s     dkB/s   areq-sz    aqu-sz     await     %util
04:01:07 PM IST   nvme0n1      0.00      0.00      0.00      0.00      0.00      0.00      0.00      0.00
04:01:07 PM IST       sda      0.00      0.00      0.00      0.00      0.00      0.00      0.00      0.00

04:01:07 PM IST       DEV       tps     rkB/s     wkB/s     dkB/s   areq-sz    aqu-sz     await     %util
04:01:08 PM IST   nvme0n1      0.00      0.00      0.00      0.00      0.00      0.00      0.00      0.00
04:01:08 PM IST       sda      6.00      0.00    100.00      0.00     16.67      0.00      0.50      0.00

04:01:08 PM IST       DEV       tps     rkB/s     wkB/s     dkB/s   areq-sz    aqu-sz     await     %util
04:01:09 PM IST   nvme0n1      0.00      0.00      0.00      0.00      0.00      0.00      0.00      0.00
04:01:09 PM IST       sda     28.00      0.00    256.00      0.00      9.14      0.00      0.11      0.00

04:01:09 PM IST       DEV       tps     rkB/s     wkB/s     dkB/s   areq-sz    aqu-sz     await     %util
04:01:10 PM IST   nvme0n1      0.00      0.00      0.00      0.00      0.00      0.00      0.00      0.00
04:01:10 PM IST       sda     13.00      0.00    124.00      0.00      9.54      0.01      0.38      0.80

04:01:10 PM IST       DEV       tps     rkB/s     wkB/s     dkB/s   areq-sz    aqu-sz     await     %util
04:01:11 PM IST   nvme0n1      0.00      0.00      0.00      0.00      0.00      0.00      0.00      0.00
04:01:11 PM IST       sda     21.00      0.00     88.00      0.00      4.19      0.00      0.14      0.00

04:01:11 PM IST       DEV       tps     rkB/s     wkB/s     dkB/s   areq-sz    aqu-sz     await     %util
04:01:12 PM IST   nvme0n1      0.00      0.00      0.00      0.00      0.00      0.00      0.00      0.00
04:01:12 PM IST       sda     21.00      0.00    256.00      0.00     12.19      0.01      0.38      0.00

04:01:12 PM IST       DEV       tps     rkB/s     wkB/s     dkB/s   areq-sz    aqu-sz     await     %util
04:01:13 PM IST   nvme0n1      0.00      0.00      0.00      0.00      0.00      0.00      0.00      0.00
04:01:13 PM IST       sda      0.00      0.00      0.00      0.00      0.00      0.00      0.00      0.00

04:01:13 PM IST       DEV       tps     rkB/s     wkB/s     dkB/s   areq-sz    aqu-sz     await     %util
04:01:14 PM IST   nvme0n1      0.00      0.00      0.00      0.00      0.00      0.00      0.00      0.00
04:01:14 PM IST       sda      0.00      0.00      0.00      0.00      0.00      0.00      0.00      0.00

04:01:14 PM IST       DEV       tps     rkB/s     wkB/s     dkB/s   areq-sz    aqu-sz     await     %util
04:01:15 PM IST   nvme0n1      0.00      0.00      0.00      0.00      0.00      0.00      0.00      0.00
04:01:15 PM IST       sda      6.00      0.00    164.00      0.00     27.33      0.01      0.50      0.00

04:01:15 PM IST       DEV       tps     rkB/s     wkB/s     dkB/s   areq-sz    aqu-sz     await     %util
04:01:16 PM IST   nvme0n1      0.00      0.00      0.00      0.00      0.00      0.00      0.00      0.00
04:01:16 PM IST       sda     18.00      0.00    256.00      0.00     14.22      0.00      0.17      0.00

04:01:16 PM IST       DEV       tps     rkB/s     wkB/s     dkB/s   areq-sz    aqu-sz     await     %util
04:01:17 PM IST   nvme0n1      0.00      0.00      0.00      0.00      0.00      0.00      0.00      0.00
04:01:17 PM IST       sda      0.00      0.00      0.00      0.00      0.00      0.00      0.00      0.00

04:01:17 PM IST       DEV       tps     rkB/s     wkB/s     dkB/s   areq-sz    aqu-sz     await     %util
04:01:18 PM IST   nvme0n1      0.00      0.00      0.00      0.00      0.00      0.00      0.00      0.00
04:01:18 PM IST       sda     14.00      0.00    248.00      0.00     17.71      0.01      0.36      0.40

04:01:18 PM IST       DEV       tps     rkB/s     wkB/s     dkB/s   areq-sz    aqu-sz     await     %util
04:01:19 PM IST   nvme0n1      0.00      0.00      0.00      0.00      0.00      0.00      0.00      0.00
04:01:19 PM IST       sda     53.00    128.00    640.00      0.00     14.49      0.02      0.21      0.40

04:01:19 PM IST       DEV       tps     rkB/s     wkB/s     dkB/s   areq-sz    aqu-sz     await     %util
04:01:20 PM IST   nvme0n1      0.00      0.00      0.00      0.00      0.00      0.00      0.00      0.00
04:01:20 PM IST       sda     71.00      0.00    664.00      0.00      9.35      0.02      0.27      0.40

04:01:20 PM IST       DEV       tps     rkB/s     wkB/s     dkB/s   areq-sz    aqu-sz     await     %util
04:01:21 PM IST   nvme0n1      0.00      0.00      0.00      0.00      0.00      0.00      0.00      0.00
04:01:21 PM IST       sda      5.00      0.00    192.00      0.00     38.40      0.01      0.40      0.00

04:01:21 PM IST       DEV       tps     rkB/s     wkB/s     dkB/s   areq-sz    aqu-sz     await     %util
04:01:22 PM IST   nvme0n1      0.00      0.00      0.00      0.00      0.00      0.00      0.00      0.00
04:01:22 PM IST       sda     96.00      0.00    412.00      0.00      4.29      0.01      0.16      0.00

04:01:22 PM IST       DEV       tps     rkB/s     wkB/s     dkB/s   areq-sz    aqu-sz     await     %util
04:01:23 PM IST   nvme0n1      0.00      0.00      0.00      0.00      0.00      0.00      0.00      0.00
04:01:23 PM IST       sda     10.00      0.00    136.00      0.00     13.60      0.01      0.40      0.00

04:01:23 PM IST       DEV       tps     rkB/s     wkB/s     dkB/s   areq-sz    aqu-sz     await     %util
04:01:24 PM IST   nvme0n1      0.00      0.00      0.00      0.00      0.00      0.00      0.00      0.00
04:01:24 PM IST       sda      0.00      0.00      0.00      0.00      0.00      0.00      0.00      0.00

04:01:24 PM IST       DEV       tps     rkB/s     wkB/s     dkB/s   areq-sz    aqu-sz     await     %util
04:01:25 PM IST   nvme0n1      0.00      0.00      0.00      0.00      0.00      0.00      0.00      0.00
04:01:25 PM IST       sda     63.00      0.00   1004.00      0.00     15.94      0.02      0.30      0.00

04:01:25 PM IST       DEV       tps     rkB/s     wkB/s     dkB/s   areq-sz    aqu-sz     await     %util
04:01:26 PM IST   nvme0n1      0.00      0.00      0.00      0.00      0.00      0.00      0.00      0.00
04:01:26 PM IST       sda     38.00      0.00    400.00      0.00     10.53      0.01      0.18      0.00

04:01:26 PM IST       DEV       tps     rkB/s     wkB/s     dkB/s   areq-sz    aqu-sz     await     %util
04:01:27 PM IST   nvme0n1      0.00      0.00      0.00      0.00      0.00      0.00      0.00      0.00
04:01:27 PM IST       sda      0.00      0.00      0.00      0.00      0.00      0.00      0.00      0.00

04:01:27 PM IST       DEV       tps     rkB/s     wkB/s     dkB/s   areq-sz    aqu-sz     await     %util
04:01:28 PM IST   nvme0n1      0.00      0.00      0.00      0.00      0.00      0.00      0.00      0.00
04:01:28 PM IST       sda     30.00      0.00    416.00      0.00     13.87      0.02      0.30      0.40

04:01:28 PM IST       DEV       tps     rkB/s     wkB/s     dkB/s   areq-sz    aqu-sz     await     %util
04:01:29 PM IST   nvme0n1      0.00      0.00      0.00      0.00      0.00      0.00      0.00      0.00
04:01:29 PM IST       sda     28.00      0.00    276.00      0.00      9.86      0.02      0.54      0.40

04:01:29 PM IST       DEV       tps     rkB/s     wkB/s     dkB/s   areq-sz    aqu-sz     await     %util
04:01:30 PM IST   nvme0n1      0.00      0.00      0.00      0.00      0.00      0.00      0.00      0.00
04:01:30 PM IST       sda      9.00      0.00     88.00      0.00      9.78      0.00      0.33      0.00

04:01:30 PM IST       DEV       tps     rkB/s     wkB/s     dkB/s   areq-sz    aqu-sz     await     %util
04:01:31 PM IST   nvme0n1      0.00      0.00      0.00      0.00      0.00      0.00      0.00      0.00
04:01:31 PM IST       sda      0.00      0.00      0.00      0.00      0.00      0.00      0.00      0.00

04:01:31 PM IST       DEV       tps     rkB/s     wkB/s     dkB/s   areq-sz    aqu-sz     await     %util
04:01:32 PM IST   nvme0n1      0.00      0.00      0.00      0.00      0.00      0.00      0.00      0.00
04:01:32 PM IST       sda      0.00      0.00      0.00      0.00      0.00      0.00      0.00      0.00

04:01:32 PM IST       DEV       tps     rkB/s     wkB/s     dkB/s   areq-sz    aqu-sz     await     %util
04:01:33 PM IST   nvme0n1      0.00      0.00      0.00      0.00      0.00      0.00      0.00      0.00
04:01:33 PM IST       sda     20.00      0.00    336.00      0.00     16.80      0.01      0.65      0.00

04:01:33 PM IST       DEV       tps     rkB/s     wkB/s     dkB/s   areq-sz    aqu-sz     await     %util
04:01:34 PM IST   nvme0n1      0.00      0.00      0.00      0.00      0.00      0.00      0.00      0.00
04:01:34 PM IST       sda      5.00      0.00    184.00      0.00     36.80      0.01      0.60      0.40

04:01:34 PM IST       DEV       tps     rkB/s     wkB/s     dkB/s   areq-sz    aqu-sz     await     %util
04:01:35 PM IST   nvme0n1      0.00      0.00      0.00      0.00      0.00      0.00      0.00      0.00
04:01:35 PM IST       sda     47.00      0.00   1344.00      0.00     28.60      0.02      0.40      0.40

04:01:35 PM IST       DEV       tps     rkB/s     wkB/s     dkB/s   areq-sz    aqu-sz     await     %util
04:01:36 PM IST   nvme0n1      0.00      0.00      0.00      0.00      0.00      0.00      0.00      0.00
04:01:36 PM IST       sda      2.00      0.00     28.00      0.00     14.00      0.00      0.50      0.00

04:01:36 PM IST       DEV       tps     rkB/s     wkB/s     dkB/s   areq-sz    aqu-sz     await     %util
04:01:37 PM IST   nvme0n1      0.00      0.00      0.00      0.00      0.00      0.00      0.00      0.00
04:01:37 PM IST       sda      0.00      0.00      0.00      0.00      0.00      0.00      0.00      0.00

04:01:37 PM IST       DEV       tps     rkB/s     wkB/s     dkB/s   areq-sz    aqu-sz     await     %util
04:01:38 PM IST   nvme0n1      0.00      0.00      0.00      0.00      0.00      0.00      0.00      0.00
04:01:38 PM IST       sda      0.00      0.00      0.00      0.00      0.00      0.00      0.00      0.00

04:01:38 PM IST       DEV       tps     rkB/s     wkB/s     dkB/s   areq-sz    aqu-sz     await     %util
04:01:39 PM IST   nvme0n1      0.00      0.00      0.00      0.00      0.00      0.00      0.00      0.00
04:01:39 PM IST       sda     22.00      0.00    208.00      0.00      9.45      0.01      0.23      0.00

04:01:39 PM IST       DEV       tps     rkB/s     wkB/s     dkB/s   areq-sz    aqu-sz     await     %util
04:01:40 PM IST   nvme0n1      0.00      0.00      0.00      0.00      0.00      0.00      0.00      0.00
04:01:40 PM IST       sda      0.00      0.00      0.00      0.00      0.00      0.00      0.00      0.00

04:01:40 PM IST       DEV       tps     rkB/s     wkB/s     dkB/s   areq-sz    aqu-sz     await     %util
04:01:41 PM IST   nvme0n1      0.00      0.00      0.00      0.00      0.00      0.00      0.00      0.00
04:01:41 PM IST       sda     11.00      0.00     92.00      0.00      8.36      0.01      0.36      0.40

04:01:41 PM IST       DEV       tps     rkB/s     wkB/s     dkB/s   areq-sz    aqu-sz     await     %util
04:01:42 PM IST   nvme0n1      0.00      0.00      0.00      0.00      0.00      0.00      0.00      0.00
04:01:42 PM IST       sda      2.00      0.00     24.00      0.00     12.00      0.00      0.50      0.00

04:01:42 PM IST       DEV       tps     rkB/s     wkB/s     dkB/s   areq-sz    aqu-sz     await     %util
04:01:43 PM IST   nvme0n1      0.00      0.00      0.00      0.00      0.00      0.00      0.00      0.00
04:01:43 PM IST       sda      0.00      0.00      0.00      0.00      0.00      0.00      0.00      0.00

04:01:43 PM IST       DEV       tps     rkB/s     wkB/s     dkB/s   areq-sz    aqu-sz     await     %util
04:01:44 PM IST   nvme0n1      0.00      0.00      0.00      0.00      0.00      0.00      0.00      0.00
04:01:44 PM IST       sda      0.00      0.00      0.00      0.00      0.00      0.00      0.00      0.00

04:01:44 PM IST       DEV       tps     rkB/s     wkB/s     dkB/s   areq-sz    aqu-sz     await     %util
04:01:45 PM IST   nvme0n1      0.00      0.00      0.00      0.00      0.00      0.00      0.00      0.00
04:01:45 PM IST       sda     41.00      0.00    192.00      0.00      4.68      0.01      0.39      0.00

04:01:45 PM IST       DEV       tps     rkB/s     wkB/s     dkB/s   areq-sz    aqu-sz     await     %util
04:01:46 PM IST   nvme0n1      0.00      0.00      0.00      0.00      0.00      0.00      0.00      0.00
04:01:46 PM IST       sda      3.00      0.00     88.00      0.00     29.33      0.00      0.33      0.00

04:01:46 PM IST       DEV       tps     rkB/s     wkB/s     dkB/s   areq-sz    aqu-sz     await     %util
04:01:47 PM IST   nvme0n1      0.00      0.00      0.00      0.00      0.00      0.00      0.00      0.00
04:01:47 PM IST       sda      7.00      0.00    128.00      0.00     18.29      0.01      0.57      0.40

04:01:47 PM IST       DEV       tps     rkB/s     wkB/s     dkB/s   areq-sz    aqu-sz     await     %util
04:01:48 PM IST   nvme0n1      0.00      0.00      0.00      0.00      0.00      0.00      0.00      0.00
04:01:48 PM IST       sda     14.00      4.00    196.00      0.00     14.29      0.01      0.43      0.40

04:01:48 PM IST       DEV       tps     rkB/s     wkB/s     dkB/s   areq-sz    aqu-sz     await     %util
04:01:49 PM IST   nvme0n1      0.00      0.00      0.00      0.00      0.00      0.00      0.00      0.00
04:01:49 PM IST       sda      0.00      0.00      0.00      0.00      0.00      0.00      0.00      0.00

04:01:49 PM IST       DEV       tps     rkB/s     wkB/s     dkB/s   areq-sz    aqu-sz     await     %util
04:01:50 PM IST   nvme0n1      0.00      0.00      0.00      0.00      0.00      0.00      0.00      0.00
04:01:50 PM IST       sda     11.00      0.00     92.00      0.00      8.36      0.01      0.27      0.40

04:01:50 PM IST       DEV       tps     rkB/s     wkB/s     dkB/s   areq-sz    aqu-sz     await     %util
04:01:51 PM IST   nvme0n1      0.00      0.00      0.00      0.00      0.00      0.00      0.00      0.00
04:01:51 PM IST       sda     51.00      0.00    280.00      0.00      5.49      0.01      0.18      0.00

04:01:51 PM IST       DEV       tps     rkB/s     wkB/s     dkB/s   areq-sz    aqu-sz     await     %util
04:01:52 PM IST   nvme0n1      0.00      0.00      0.00      0.00      0.00      0.00      0.00      0.00
04:01:52 PM IST       sda      2.00      0.00     16.00      0.00      8.00      0.00      0.50      0.00

04:01:52 PM IST       DEV       tps     rkB/s     wkB/s     dkB/s   areq-sz    aqu-sz     await     %util
04:01:53 PM IST   nvme0n1      0.00      0.00      0.00      0.00      0.00      0.00      0.00      0.00
04:01:53 PM IST       sda      0.00      0.00      0.00      0.00      0.00      0.00      0.00      0.00

04:01:53 PM IST       DEV       tps     rkB/s     wkB/s     dkB/s   areq-sz    aqu-sz     await     %util
04:01:54 PM IST   nvme0n1      0.00      0.00      0.00      0.00      0.00      0.00      0.00      0.00
04:01:54 PM IST       sda     96.00      0.00    408.00      0.00      4.25      0.01      0.14      0.00

04:01:54 PM IST       DEV       tps     rkB/s     wkB/s     dkB/s   areq-sz    aqu-sz     await     %util
04:01:55 PM IST   nvme0n1      0.00      0.00      0.00      0.00      0.00      0.00      0.00      0.00
04:01:55 PM IST       sda      5.00      0.00    164.00      0.00     32.80      0.00      0.60      0.00

04:01:55 PM IST       DEV       tps     rkB/s     wkB/s     dkB/s   areq-sz    aqu-sz     await     %util
04:01:56 PM IST   nvme0n1      0.00      0.00      0.00      0.00      0.00      0.00      0.00      0.00
04:01:56 PM IST       sda     11.00      0.00     44.00      0.00      4.00      0.00      0.18      0.00

04:01:56 PM IST       DEV       tps     rkB/s     wkB/s     dkB/s   areq-sz    aqu-sz     await     %util
04:01:57 PM IST   nvme0n1      0.00      0.00      0.00      0.00      0.00      0.00      0.00      0.00
04:01:57 PM IST       sda     15.00      0.00     84.00      0.00      5.60      0.00      0.13      0.00

04:01:57 PM IST       DEV       tps     rkB/s     wkB/s     dkB/s   areq-sz    aqu-sz     await     %util
04:01:58 PM IST   nvme0n1      0.00      0.00      0.00      0.00      0.00      0.00      0.00      0.00
04:01:58 PM IST       sda      2.00      0.00     24.00      0.00     12.00      0.00      0.50      0.00

04:01:58 PM IST       DEV       tps     rkB/s     wkB/s     dkB/s   areq-sz    aqu-sz     await     %util
04:01:59 PM IST   nvme0n1      0.00      0.00      0.00      0.00      0.00      0.00      0.00      0.00
04:01:59 PM IST       sda      2.00      8.00      0.00      0.00      4.00      0.00      0.00      0.00

04:01:59 PM IST       DEV       tps     rkB/s     wkB/s     dkB/s   areq-sz    aqu-sz     await     %util
04:02:00 PM IST   nvme0n1      0.00      0.00      0.00      0.00      0.00      0.00      0.00      0.00
04:02:00 PM IST       sda     34.00      0.00    292.00      0.00      8.59      0.01      0.21      0.00

04:02:00 PM IST       DEV       tps     rkB/s     wkB/s     dkB/s   areq-sz    aqu-sz     await     %util
04:02:01 PM IST   nvme0n1      0.00      0.00      0.00      0.00      0.00      0.00      0.00      0.00
04:02:01 PM IST       sda     13.00      0.00    256.00      0.00     19.69      0.01      0.38      0.00

04:02:01 PM IST       DEV       tps     rkB/s     wkB/s     dkB/s   areq-sz    aqu-sz     await     %util
04:02:02 PM IST   nvme0n1      0.00      0.00      0.00      0.00      0.00      0.00      0.00      0.00
04:02:02 PM IST       sda      7.00      0.00    108.00      0.00     15.43      0.01      0.57      0.40

04:02:02 PM IST       DEV       tps     rkB/s     wkB/s     dkB/s   areq-sz    aqu-sz     await     %util
04:02:03 PM IST   nvme0n1      0.00      0.00      0.00      0.00      0.00      0.00      0.00      0.00
04:02:03 PM IST       sda      0.00      0.00      0.00      0.00      0.00      0.00      0.00      0.00

04:02:03 PM IST       DEV       tps     rkB/s     wkB/s     dkB/s   areq-sz    aqu-sz     await     %util
04:02:04 PM IST   nvme0n1      0.00      0.00      0.00      0.00      0.00      0.00      0.00      0.00
04:02:04 PM IST       sda      2.00      0.00     20.00      0.00     10.00      0.00      0.50      0.00

04:02:04 PM IST       DEV       tps     rkB/s     wkB/s     dkB/s   areq-sz    aqu-sz     await     %util
04:02:05 PM IST   nvme0n1      0.00      0.00      0.00      0.00      0.00      0.00      0.00      0.00
04:02:05 PM IST       sda      0.00      0.00      0.00      0.00      0.00      0.00      0.00      0.00

04:02:05 PM IST       DEV       tps     rkB/s     wkB/s     dkB/s   areq-sz    aqu-sz     await     %util
04:02:06 PM IST   nvme0n1      0.00      0.00      0.00      0.00      0.00      0.00      0.00      0.00
04:02:06 PM IST       sda     32.00      0.00    144.00      0.00      4.50      0.01      0.16      0.00

04:02:06 PM IST       DEV       tps     rkB/s     wkB/s     dkB/s   areq-sz    aqu-sz     await     %util
04:02:07 PM IST   nvme0n1      0.00      0.00      0.00      0.00      0.00      0.00      0.00      0.00
04:02:07 PM IST       sda      2.00      0.00    104.00      0.00     52.00      0.00      1.00      0.40

04:02:07 PM IST       DEV       tps     rkB/s     wkB/s     dkB/s   areq-sz    aqu-sz     await     %util
04:02:08 PM IST   nvme0n1      0.00      0.00      0.00      0.00      0.00      0.00      0.00      0.00
04:02:08 PM IST       sda      4.00      0.00     16.00      0.00      4.00      0.00      0.00      0.00

04:02:08 PM IST       DEV       tps     rkB/s     wkB/s     dkB/s   areq-sz    aqu-sz     await     %util
04:02:09 PM IST   nvme0n1      0.00      0.00      0.00      0.00      0.00      0.00      0.00      0.00
04:02:09 PM IST       sda      2.00      0.00     16.00      0.00      8.00      0.00      1.00      0.40

04:02:09 PM IST       DEV       tps     rkB/s     wkB/s     dkB/s   areq-sz    aqu-sz     await     %util
04:02:10 PM IST   nvme0n1      0.00      0.00      0.00      0.00      0.00      0.00      0.00      0.00
04:02:10 PM IST       sda      0.00      0.00      0.00      0.00      0.00      0.00      0.00      0.00

04:02:10 PM IST       DEV       tps     rkB/s     wkB/s     dkB/s   areq-sz    aqu-sz     await     %util
04:02:11 PM IST   nvme0n1      0.00      0.00      0.00      0.00      0.00      0.00      0.00      0.00
04:02:11 PM IST       sda     11.00      0.00    104.00      0.00      9.45      0.01      0.45      0.40

04:02:11 PM IST       DEV       tps     rkB/s     wkB/s     dkB/s   areq-sz    aqu-sz     await     %util
04:02:12 PM IST   nvme0n1      0.00      0.00      0.00      0.00      0.00      0.00      0.00      0.00
04:02:12 PM IST       sda      4.00      0.00     20.00      0.00      5.00      0.00      0.00      0.00

04:02:12 PM IST       DEV       tps     rkB/s     wkB/s     dkB/s   areq-sz    aqu-sz     await     %util
04:02:13 PM IST   nvme0n1      0.00      0.00      0.00      0.00      0.00      0.00      0.00      0.00
04:02:13 PM IST       sda     19.00      0.00     76.00      0.00      4.00      0.00      0.16      0.00

04:02:13 PM IST       DEV       tps     rkB/s     wkB/s     dkB/s   areq-sz    aqu-sz     await     %util
04:02:14 PM IST   nvme0n1      0.00      0.00      0.00      0.00      0.00      0.00      0.00      0.00
04:02:14 PM IST       sda     11.00      0.00    144.00      0.00     13.09      0.01      0.36      0.40

04:02:14 PM IST       DEV       tps     rkB/s     wkB/s     dkB/s   areq-sz    aqu-sz     await     %util
04:02:15 PM IST   nvme0n1      0.00      0.00      0.00      0.00      0.00      0.00      0.00      0.00
04:02:15 PM IST       sda      5.00      0.00    132.00      0.00     26.40      0.01      0.60      0.40
