Linux 6.12.33+kali-amd64 (two94) 	23/11/25 	_x86_64_	(12 CPU)

04:38:41 PM IST     CPU     %user     %nice   %system   %iowait    %steal     %idle
04:38:42 PM IST     all      2.94      0.00      1.68     18.39      0.00     76.99
04:38:43 PM IST     all      2.19      0.00      1.35      9.50      0.00     86.96
04:38:44 PM IST     all      2.43      0.00      1.43      7.89      0.00     88.25
04:38:45 PM IST     all     15.82      0.00      6.38      3.83      0.00     73.98
04:38:46 PM IST     all     34.27      0.00     12.13      1.53      0.00     52.08
04:38:47 PM IST     all     19.76      0.00      8.61      0.42      0.00     71.20
04:38:48 PM IST     all     14.71      0.00      6.59      0.51      0.00     78.19
04:38:49 PM IST     all     19.70      0.00      8.03      0.08      0.00     72.19
04:38:50 PM IST     all     27.57      0.00      8.65      1.78      0.00     62.00
04:38:51 PM IST     all     17.49      0.00      6.71      0.76      0.00     75.04
04:38:52 PM IST     all     18.17      0.00      7.09      1.38      0.00     73.36
04:38:53 PM IST     all     14.83      0.00      6.99      0.85      0.00     77.32
04:38:54 PM IST     all     18.35      0.00      8.58      3.31      0.00     69.75
04:38:55 PM IST     all     16.77      0.00      7.53      0.34      0.00     75.36
04:38:56 PM IST     all     21.27      0.00      8.90      0.59      0.00     69.24
04:38:57 PM IST     all     15.21      0.00      8.59      0.34      0.00     75.86
04:38:58 PM IST     all     14.70      0.00      6.67      1.88      0.00     76.75
04:38:59 PM IST     all     14.54      0.00      7.65      0.43      0.00     77.38
04:39:00 PM IST     all     16.88      0.00      7.59      0.60      0.00     74.94
04:39:01 PM IST     all     17.42      0.00      9.26      0.85      0.00     72.47
04:39:02 PM IST     all     15.96      0.00      6.57      0.26      0.00     77.22
04:39:03 PM IST     all     13.57      0.00      7.56      1.37      0.00     77.49
04:39:04 PM IST     all     13.91      0.00      7.76      0.34      0.00     77.99
04:39:05 PM IST     all     16.10      0.00      6.73      0.17      0.00     77.00
04:39:06 PM IST     all     20.81      0.00      7.11      0.51      0.00     71.57
04:39:07 PM IST     all     14.87      0.00      7.48      0.34      0.00     77.32
04:39:08 PM IST     all     17.88      0.00      6.67      0.60      0.00     74.85
04:39:09 PM IST     all     15.25      0.00      7.16      0.43      0.00     77.17
04:39:10 PM IST     all     16.08      0.00      8.04      0.51      0.00     75.36
04:39:11 PM IST     all     15.38      0.00      7.09      0.34      0.00     77.18
04:39:12 PM IST     all     14.60      0.00      6.46      0.17      0.00     78.78
04:39:13 PM IST     all     14.55      0.00      6.98      0.08      0.00     78.39
04:39:14 PM IST     all     12.69      0.00      6.60      0.34      0.00     80.37
04:39:15 PM IST     all     11.96      0.00      7.00      0.09      0.00     80.96
04:39:16 PM IST     all     12.62      0.00      7.20      0.25      0.00     79.93
04:39:17 PM IST     all     12.22      0.00      7.05      0.25      0.00     80.48
04:39:18 PM IST     all     12.39      0.00      6.50      0.09      0.00     81.03
04:39:19 PM IST     all     12.74      0.00      7.05      0.17      0.00     80.03
04:39:20 PM IST     all     12.54      0.00      6.78      0.08      0.00     80.59
04:39:21 PM IST     all     12.57      0.00      6.37      0.25      0.00     80.80
04:39:22 PM IST     all     13.63      0.00      6.44      0.08      0.00     79.85
04:39:23 PM IST     all     13.58      0.00      6.58      0.17      0.00     79.68
04:39:24 PM IST     all     12.20      0.00      6.95      0.25      0.00     80.59
04:39:25 PM IST     all     12.86      0.00      6.30      0.09      0.00     80.75
04:39:26 PM IST     all     12.29      0.00      5.80      0.09      0.00     81.83
04:39:27 PM IST     all     12.51      0.00      6.38      0.09      0.00     81.02
04:39:28 PM IST     all     13.12      0.00      6.22      0.09      0.00     80.58
04:39:29 PM IST     all     12.65      0.00      6.79      0.17      0.00     80.39
04:39:30 PM IST     all     13.32      0.00      6.79      0.25      0.00     79.64
04:39:31 PM IST     all     13.07      0.00      7.17      0.08      0.00     79.68
04:39:32 PM IST     all     12.20      0.00      6.95      0.25      0.00     80.59
04:39:33 PM IST     all     11.90      0.00      6.68      0.26      0.00     81.16
04:39:34 PM IST     all     12.89      0.00      6.96      0.17      0.00     79.98
04:39:35 PM IST     all     12.28      0.00      7.16      0.09      0.00     80.48
04:39:36 PM IST     all     13.15      0.00      6.02      0.08      0.00     80.75
04:39:37 PM IST     all     12.32      0.00      7.26      0.17      0.00     80.25
04:39:38 PM IST     all     12.43      0.00      7.02      0.17      0.00     80.39
04:39:39 PM IST     all     12.16      0.00      6.72      0.17      0.00     80.95
04:39:40 PM IST     all     13.67      0.00      6.28      0.17      0.00     79.88
04:39:41 PM IST     all     12.87      0.00      6.69      0.08      0.00     80.36
04:39:42 PM IST     all     13.41      0.00      5.89      0.43      0.00     80.27
04:39:43 PM IST     all     12.50      0.00      6.80      0.09      0.00     80.61
04:39:44 PM IST     all     13.03      0.00      6.81      0.17      0.00     79.98
04:39:45 PM IST     all     13.00      0.00      6.92      0.17      0.00     79.92
04:39:46 PM IST     all     12.71      0.09      5.97      0.09      0.00     81.14
04:39:47 PM IST     all     11.74      0.00      7.49      0.17      0.00     80.60
04:39:48 PM IST     all     12.98      0.00      6.45      0.08      0.00     80.49
04:39:49 PM IST     all     12.41      0.00      6.34      0.17      0.00     81.08
04:39:50 PM IST     all     12.36      0.00      7.20      0.08      0.00     80.36
04:39:51 PM IST     all     12.86      0.00      7.06      0.25      0.00     79.83
04:39:52 PM IST     all     13.35      0.00      5.78      0.09      0.00     80.78
04:39:53 PM IST     all     12.62      0.00      6.94      0.17      0.00     80.27
04:39:54 PM IST     all     12.16      0.00      6.80      0.17      0.00     80.87
04:39:55 PM IST     all     12.80      0.00      6.53      0.17      0.00     80.51
04:39:56 PM IST     all     12.33      0.00      7.28      0.09      0.00     80.31
04:39:57 PM IST     all     13.24      0.00      6.96      0.17      0.00     79.63
04:39:58 PM IST     all     12.65      0.00      6.07      0.17      0.00     81.11
04:39:59 PM IST     all     13.04      0.00      6.44      0.25      0.00     80.27
04:40:00 PM IST     all     13.18      0.00      6.42      0.17      0.00     80.24
04:40:01 PM IST     all     12.59      0.00      6.34      0.17      0.00     80.91
04:40:02 PM IST     all     12.84      0.00      7.48      0.17      0.00     79.51
04:40:03 PM IST     all     14.52      0.00      7.00      0.51      0.00     77.97
04:40:04 PM IST     all     17.11      0.00      8.43      0.52      0.00     73.95
04:40:05 PM IST     all     15.44      0.00      7.51      0.43      0.00     76.62
04:40:06 PM IST     all     12.91      0.00      7.26      0.09      0.00     79.74
04:40:07 PM IST     all     12.91      0.08      6.37      0.17      0.00     80.46
04:40:08 PM IST     all     12.05      0.00      7.52      0.09      0.00     80.34
04:40:09 PM IST     all     12.52      0.00      6.94      0.17      0.00     80.37
04:40:10 PM IST     all     12.89      0.08      6.79      0.08      0.00     80.15
04:40:11 PM IST     all     12.57      0.00      6.97      0.25      0.00     80.20
04:40:12 PM IST     all     14.04      0.00      6.77      0.17      0.00     79.02
04:40:13 PM IST     all     13.40      0.00      6.23      0.17      0.00     80.20
04:40:14 PM IST     all     12.72      0.00      6.87      0.17      0.00     80.24
04:40:15 PM IST     all     13.57      0.00      5.85      0.08      0.00     80.49
04:40:16 PM IST     all     12.66      0.08      7.17      0.25      0.00     79.83
04:40:17 PM IST     all     13.26      0.00      7.18      0.17      0.00     79.39
04:40:18 PM IST     all     11.79      0.00      6.50      0.26      0.00     81.45
04:40:19 PM IST     all     12.36      0.08      7.54      0.08      0.00     79.93
04:40:20 PM IST     all     13.23      0.00      6.74      0.25      0.00     79.78
04:40:21 PM IST     all     13.96      0.00      6.85      0.17      0.00     79.02
04:40:22 PM IST     all     16.09      0.00      6.21      0.34      0.00     77.36
04:40:23 PM IST     all     13.90      0.00      7.33      0.25      0.00     78.52
04:40:24 PM IST     all     12.73      0.00      6.96      0.25      0.00     80.05
04:40:25 PM IST     all     12.92      0.00      6.55      0.17      0.00     80.36
04:40:26 PM IST     all     12.05      0.00      6.32      0.09      0.00     81.54
04:40:27 PM IST     all     13.34      0.00      6.12      0.08      0.00     80.46
04:40:28 PM IST     all     12.68      0.00      6.89      0.26      0.00     80.17
04:40:29 PM IST     all     11.99      0.00      7.06      0.17      0.00     80.78
04:40:30 PM IST     all     13.61      0.00      6.85      0.51      0.00     79.04
04:40:31 PM IST     all     12.45      0.00      7.28      0.08      0.00     80.19
04:40:32 PM IST     all     13.73      0.00      7.08      0.17      0.00     79.02
04:40:33 PM IST     all     13.74      0.00      5.85      0.25      0.00     80.15
04:40:34 PM IST     all     12.45      0.00      7.11      0.08      0.00     80.36
04:40:35 PM IST     all     13.59      0.00      6.54      0.25      0.00     79.61
04:40:36 PM IST     all     12.91      0.00      7.26      0.34      0.00     79.49
04:40:37 PM IST     all     15.30      0.00      7.09      0.34      0.00     77.26
04:40:38 PM IST     all     14.73      0.00      7.79      1.11      0.00     76.37
04:40:39 PM IST     all     14.27      0.00      7.26      2.09      0.00     76.38
04:40:40 PM IST     all     15.22      0.00      6.80      0.68      0.00     77.30
04:40:41 PM IST     all     12.88      0.09      6.57      0.09      0.00     80.38
04:40:42 PM IST     all     12.30      0.00      5.98      0.17      0.00     81.55
04:40:43 PM IST     all     14.78      0.00      7.52      0.08      0.00     77.62
04:40:44 PM IST     all     13.01      0.00      6.59      0.17      0.00     80.24
04:40:45 PM IST     all     12.05      0.00      7.89      0.17      0.00     79.88
04:40:46 PM IST     all     13.53      0.00      6.55      0.17      0.00     79.75
04:40:47 PM IST     all     12.08      0.00      6.43      0.17      0.00     81.32
04:40:48 PM IST     all     12.64      0.00      6.62      0.17      0.00     80.58
04:40:49 PM IST     all     12.78      0.00      6.39      0.09      0.00     80.75
04:40:50 PM IST     all     12.62      0.00      6.73      0.17      0.00     80.48
04:40:51 PM IST     all     12.53      0.00      6.60      0.17      0.00     80.69
04:40:52 PM IST     all     13.04      0.00      6.44      0.17      0.00     80.36
04:40:53 PM IST     all     12.34      0.00      6.89      0.17      0.00     80.60
04:40:54 PM IST     all     12.52      0.00      6.94      0.25      0.00     80.29
04:40:55 PM IST     all     11.51      0.00      7.33      0.09      0.00     81.07
04:40:56 PM IST     all     13.48      0.00      5.46      0.17      0.00     80.89
04:40:57 PM IST     all     12.61      0.00      6.73      0.17      0.00     80.49
04:40:58 PM IST     all     11.82      0.00      7.11      0.09      0.00     80.99
04:40:59 PM IST     all     11.56      0.00      7.06      0.17      0.00     81.21
04:41:00 PM IST     all     12.93      0.00      6.59      0.17      0.00     80.30
04:41:01 PM IST     all     13.11      0.00      7.23      0.09      0.00     79.57
04:41:02 PM IST     all     12.73      0.00      6.62      0.17      0.00     80.48
04:41:03 PM IST     all     13.23      0.00      6.36      0.08      0.00     80.32
04:41:04 PM IST     all     11.77      0.00      7.62      0.25      0.00     80.36
04:41:05 PM IST     all     12.56      0.00      6.58      0.17      0.00     80.68
04:41:06 PM IST     all     13.11      0.00      5.79      0.09      0.00     81.02
04:41:07 PM IST     all     11.95      0.00      7.17      0.17      0.00     80.72
04:41:08 PM IST     all     13.06      0.00      6.36      0.08      0.00     80.49
04:41:09 PM IST     all     12.71      0.00      6.06      0.26      0.00     80.97
04:41:10 PM IST     all     13.14      0.00      7.34      0.09      0.00     79.44
04:41:11 PM IST     all     12.16      0.00      6.89      0.17      0.00     80.78
04:41:12 PM IST     all     13.05      0.00      6.19      0.25      0.00     80.51
04:41:13 PM IST     all     14.03      0.00      6.93      0.17      0.00     78.87
04:41:14 PM IST     all     13.44      0.00      6.55      0.09      0.00     79.93
04:41:15 PM IST     all     11.90      0.00      7.28      0.17      0.00     80.65
04:41:16 PM IST     all     14.18      0.00      7.89      0.17      0.00     77.76
04:41:17 PM IST     all     18.08      0.00      7.05      1.44      0.00     73.43
04:41:18 PM IST     all     14.08      0.00      7.59      0.60      0.00     77.73
04:41:19 PM IST     all     16.90      0.00     10.21      0.43      0.00     72.47
04:41:20 PM IST     all     13.96      0.00      8.51      0.34      0.00     77.19
04:41:21 PM IST     all     13.61      0.00      7.99      0.34      0.00     78.06
04:41:22 PM IST     all     14.30      0.00      6.50      0.26      0.00     78.94
04:41:23 PM IST     all     17.03      0.00      9.66      0.42      0.00     72.88
04:41:24 PM IST     all     14.51      0.00      7.93      0.34      0.00     77.22
04:41:25 PM IST     all     14.39      0.00      6.60      0.08      0.00     78.92
04:41:26 PM IST     all     18.29      0.00      9.91      0.42      0.00     71.38
04:41:27 PM IST     all     13.84      0.00      7.31      0.26      0.00     78.59
04:41:28 PM IST     all     14.08      0.00      8.09      0.67      0.00     77.15
04:41:29 PM IST     all     13.70      0.00      7.32      0.17      0.00     78.81
04:41:30 PM IST     all     13.35      0.00      6.63      0.09      0.00     79.93
04:41:31 PM IST     all     13.80      0.00      5.88      0.17      0.00     80.15
04:41:32 PM IST     all     12.96      0.00      7.08      0.09      0.00     79.88
04:41:33 PM IST     all     12.37      0.00      6.91      0.34      0.00     80.38
04:41:34 PM IST     all     12.69      0.00      6.73      0.17      0.00     80.41
04:41:35 PM IST     all     17.50      0.00      5.75      0.09      0.00     76.67
04:41:36 PM IST     all     17.22      0.00      5.91      0.17      0.00     76.69
04:41:37 PM IST     all     12.30      0.00      7.09      0.17      0.00     80.44
04:41:38 PM IST     all     12.51      0.00      6.98      0.09      0.00     80.43
04:41:39 PM IST     all     12.80      0.00      6.31      0.17      0.00     80.72
04:41:40 PM IST     all     13.49      0.00      6.49      0.26      0.00     79.76
04:41:41 PM IST     all     12.05      0.00      6.54      0.17      0.00     81.24
04:41:42 PM IST     all     12.93      0.00      6.85      0.08      0.00     80.14
04:41:43 PM IST     all     12.94      0.00      6.60      0.25      0.00     80.20
04:41:44 PM IST     all     13.24      0.00      6.20      0.08      0.00     80.48
04:41:45 PM IST     all     13.23      0.00      6.53      0.25      0.00     79.98
04:41:46 PM IST     all     12.55      0.00      7.17      0.17      0.00     80.10
04:41:47 PM IST     all     12.65      0.00      6.71      0.17      0.00     80.48
04:41:48 PM IST     all     12.77      0.00      6.38      0.09      0.00     80.77
04:41:49 PM IST     all     12.66      0.00      6.88      0.17      0.00     80.29
04:41:50 PM IST     all     12.56      0.00      6.96      0.08      0.00     80.39
04:41:51 PM IST     all     11.56      0.00      7.57      0.17      0.00     80.70
04:41:52 PM IST     all     15.57      0.00      6.76      0.09      0.00     77.59
04:41:53 PM IST     all     12.48      0.00      6.58      0.17      0.00     80.77
04:41:54 PM IST     all     12.65      0.00      6.15      0.17      0.00     81.03
04:41:55 PM IST     all     12.68      0.00      6.76      0.08      0.00     80.47
04:41:56 PM IST     all     12.81      0.00      6.87      0.25      0.00     80.07
04:41:57 PM IST     all     12.10      0.00      6.90      0.09      0.00     80.92
04:41:58 PM IST     all     11.99      0.00      6.51      0.17      0.00     81.34
04:41:59 PM IST     all     11.79      0.00      7.72      0.17      0.00     80.32
04:42:00 PM IST     all     13.10      0.00      6.21      0.09      0.00     80.61
04:42:01 PM IST     all     13.16      0.00      6.45      0.17      0.00     80.22
04:42:02 PM IST     all     13.16      0.00      6.45      0.08      0.00     80.31
04:42:03 PM IST     all     13.22      0.00      6.27      0.17      0.00     80.34
04:42:04 PM IST     all     13.55      0.00      6.31      0.34      0.00     79.80
04:42:05 PM IST     all     12.82      0.00      7.39      0.25      0.00     79.54
04:42:06 PM IST     all     13.09      0.00      6.84      0.08      0.00     79.98
04:42:07 PM IST     all     13.04      0.00      7.20      0.17      0.00     79.59
04:42:08 PM IST     all     13.81      0.00      7.55      0.26      0.00     78.39
04:42:09 PM IST     all     14.35      0.00      7.89      0.42      0.00     77.33
04:42:10 PM IST     all     12.36      0.00      7.50      0.09      0.00     80.05
04:42:11 PM IST     all     13.55      0.00      6.69      0.34      0.00     79.42
04:42:12 PM IST     all     14.72      0.00      7.70      0.42      0.00     77.16
04:42:13 PM IST     all     13.43      0.00      7.09      0.08      0.00     79.39
04:42:14 PM IST     all     16.40      0.00      6.80      0.25      0.00     76.55
04:42:15 PM IST     all     12.46      0.00      6.66      0.17      0.00     80.72
04:42:16 PM IST     all     12.48      0.00      7.59      0.25      0.00     79.68
04:42:17 PM IST     all     12.66      0.00      6.97      0.08      0.00     80.29
04:42:18 PM IST     all     14.26      0.00      6.80      0.34      0.00     78.61
04:42:19 PM IST     all     13.81      0.00      6.78      0.17      0.00     79.24
04:42:20 PM IST     all     13.76      0.00      7.17      0.34      0.00     78.73
04:42:21 PM IST     all     13.44      0.00      6.89      0.17      0.00     79.51
04:42:22 PM IST     all     13.87      0.00      7.11      0.17      0.00     78.85
04:42:23 PM IST     all     15.52      0.00      6.86      1.03      0.00     76.59
04:42:24 PM IST     all     18.10      0.00      6.88      0.42      0.00     74.60
04:42:25 PM IST     all     14.29      0.00      7.14      0.34      0.00     78.23
04:42:26 PM IST     all     14.05      0.00      5.91      0.26      0.00     79.78
04:42:27 PM IST     all     20.34      0.00      6.67      0.68      0.00     72.31
04:42:28 PM IST     all     13.50      0.00      7.64      0.17      0.00     78.69
04:42:29 PM IST     all     17.66      0.00      6.62      0.17      0.00     75.55
04:42:30 PM IST     all     13.20      0.00      6.51      0.25      0.00     80.03
04:42:31 PM IST     all     12.26      0.00      6.55      0.17      0.00     81.02
04:42:32 PM IST     all     13.40      0.00      6.53      0.17      0.00     79.90
04:42:33 PM IST     all     14.00      0.00      6.16      0.17      0.00     79.68
04:42:34 PM IST     all     13.24      0.00      6.49      0.25      0.00     80.02
04:42:35 PM IST     all     12.42      0.00      7.26      0.17      0.00     80.15
04:42:36 PM IST     all     13.21      0.00      6.86      0.25      0.00     79.68
04:42:37 PM IST     all     12.69      0.00      6.94      0.17      0.00     80.20
04:42:38 PM IST     all     12.63      0.00      6.91      0.17      0.00     80.29
04:42:39 PM IST     all     11.97      0.00      7.39      0.25      0.00     80.39
04:42:40 PM IST     all     13.39      0.00      6.02      0.08      0.00     80.51
04:42:41 PM IST     all     12.43      0.00      6.68      0.26      0.00     80.63
04:42:42 PM IST     all     12.76      0.00      8.56      0.68      0.00     78.00
04:42:43 PM IST     all     18.29      0.00      7.37      0.51      0.00     73.84
04:42:44 PM IST     all     14.53      0.00      6.75      0.85      0.00     77.86
04:42:45 PM IST     all     13.71      0.00      6.73      1.19      0.00     78.36
04:42:46 PM IST     all     16.71      0.00      7.42      0.77      0.00     75.11
04:42:47 PM IST     all     13.76      0.00      7.44      0.17      0.00     78.63
04:42:48 PM IST     all     16.87      0.00      7.28      0.26      0.00     75.60
04:42:49 PM IST     all     13.78      0.00      7.23      0.43      0.00     78.57
04:42:50 PM IST     all     14.04      0.00      6.63      0.60      0.00     78.73
04:42:51 PM IST     all     16.52      0.00      7.67      0.60      0.00     75.21
04:42:52 PM IST     all     14.55      0.00      7.06      0.68      0.00     77.70
04:42:53 PM IST     all     14.49      0.00      6.86      0.34      0.00     78.30
04:42:54 PM IST     all     13.31      0.00      7.76      0.09      0.00     78.84
04:42:55 PM IST     all     17.72      0.34      7.84      1.02      0.00     73.08
04:42:56 PM IST     all     14.79      0.00      6.96      0.86      0.00     77.39
04:42:57 PM IST     all     14.31      0.00      6.34      0.26      0.00     79.09
04:42:58 PM IST     all     16.11      0.00      6.91      0.26      0.00     76.73
04:42:59 PM IST     all     14.94      0.08      7.05      0.42      0.00     77.50
04:43:00 PM IST     all     18.36      0.00      7.45      0.76      0.00     73.43
04:43:01 PM IST     all     15.48      0.00      6.94      1.27      0.00     76.31
04:43:02 PM IST     all     16.64      0.00      7.56      0.25      0.00     75.55
04:43:03 PM IST     all     16.16      0.00      6.97      0.34      0.00     76.53
04:43:04 PM IST     all     18.89      0.00      7.52      0.43      0.00     73.16
04:43:05 PM IST     all     31.57      0.00     10.61      0.86      0.00     56.97
04:43:06 PM IST     all     28.31      0.00      9.12      0.95      0.00     61.62
04:43:07 PM IST     all     15.87      0.00      7.72      0.51      0.00     75.89
04:43:08 PM IST     all     17.38      0.00      7.16      0.43      0.00     75.04
04:43:09 PM IST     all     24.96      0.00      8.72      0.60      0.00     65.73
04:43:10 PM IST     all     23.51      0.00      8.61      0.60      0.00     67.27
04:43:11 PM IST     all     15.75      0.00      6.42      0.17      0.00     77.65
04:43:12 PM IST     all     14.99      0.00      7.49      0.09      0.00     77.43
04:43:13 PM IST     all     13.14      0.00      6.91      0.42      0.00     79.53
04:43:14 PM IST     all     17.97      0.00      7.16      0.09      0.00     74.79
04:43:15 PM IST     all     15.14      0.00      6.80      0.26      0.00     77.81
04:43:16 PM IST     all     15.64      0.00      7.19      0.68      0.00     76.50
04:43:17 PM IST     all     14.31      0.00      7.28      0.25      0.00     78.15
04:43:18 PM IST     all     13.75      0.00      6.58      0.26      0.00     79.42
04:43:19 PM IST     all     14.53      0.00      7.26      0.26      0.00     77.95
04:43:20 PM IST     all     14.57      0.00      7.07      0.17      0.00     78.19
04:43:21 PM IST     all     16.62      0.00      6.98      0.86      0.00     75.54
04:43:22 PM IST     all     14.41      0.00      6.86      0.26      0.00     78.47
04:43:23 PM IST     all     14.19      0.00      6.58      0.17      0.00     79.06
04:43:24 PM IST     all     18.33      0.00      6.31      0.77      0.00     74.60
04:43:25 PM IST     all     14.70      0.00      7.69      0.51      0.00     77.09
04:43:26 PM IST     all     13.81      0.00      6.17      0.26      0.00     79.76
04:43:27 PM IST     all     15.46      0.00      6.88      0.17      0.00     77.49
04:43:28 PM IST     all     18.66      0.00      7.38      0.51      0.00     73.45
04:43:29 PM IST     all     15.26      0.00      7.16      0.43      0.00     77.15
04:43:30 PM IST     all     20.49      0.00      7.59      0.51      0.00     71.42
04:43:31 PM IST     all     14.99      0.09      6.30      0.26      0.00     78.36
04:43:32 PM IST     all     15.93      0.00      6.73      0.26      0.00     77.09
04:43:33 PM IST     all     16.47      0.00      6.03      0.52      0.00     76.98
04:43:34 PM IST     all     15.82      0.00      7.23      0.68      0.00     76.28
04:43:35 PM IST     all     15.24      0.00      7.62      0.76      0.00     76.38
04:43:36 PM IST     all     16.18      0.00      6.25      0.60      0.00     76.97
04:43:37 PM IST     all     16.92      0.00      6.79      0.26      0.00     76.03
04:43:38 PM IST     all     17.38      0.00      7.19      0.60      0.00     74.83
04:43:39 PM IST     all     16.10      0.00      7.45      0.60      0.00     75.86
04:43:40 PM IST     all     14.33      0.00      7.85      0.17      0.00     77.65
04:43:41 PM IST     all     14.87      0.09      6.32      0.17      0.00     78.55
04:43:42 PM IST     all     15.48      0.00      7.53      0.59      0.00     76.40
04:43:43 PM IST     all     14.45      0.00      7.57      0.43      0.00     77.56
