Linux 6.12.33+kali-amd64 (two94) 	23/11/25 	_x86_64_	(12 CPU)

04:38:40 PM IST       DEV       tps     rkB/s     wkB/s     dkB/s   areq-sz    aqu-sz     await     %util
04:38:41 PM IST   nvme0n1      0.00      0.00      0.00      0.00      0.00      0.00      0.00      0.00
04:38:41 PM IST       sda    263.00     84.00   6080.00      0.00     23.44      8.79     30.72     90.00

04:38:41 PM IST       DEV       tps     rkB/s     wkB/s     dkB/s   areq-sz    aqu-sz     await     %util
04:38:42 PM IST   nvme0n1      0.00      0.00      0.00      0.00      0.00      0.00      0.00      0.00
04:38:42 PM IST       sda    130.00      0.00   2348.00      0.00     18.06      3.35     18.39    101.20

04:38:42 PM IST       DEV       tps     rkB/s     wkB/s     dkB/s   areq-sz    aqu-sz     await     %util
04:38:43 PM IST   nvme0n1      0.00      0.00      0.00      0.00      0.00      0.00      0.00      0.00
04:38:43 PM IST       sda     50.00      0.00    256.00      0.00      5.12      1.99     19.94    100.00

04:38:43 PM IST       DEV       tps     rkB/s     wkB/s     dkB/s   areq-sz    aqu-sz     await     %util
04:38:44 PM IST   nvme0n1      0.00      0.00      0.00      0.00      0.00      0.00      0.00      0.00
04:38:44 PM IST       sda    992.00    176.00   4268.00      0.00      4.48      1.33      0.82     55.60

04:38:44 PM IST       DEV       tps     rkB/s     wkB/s     dkB/s   areq-sz    aqu-sz     await     %util
04:38:45 PM IST   nvme0n1      0.00      0.00      0.00      0.00      0.00      0.00      0.00      0.00
04:38:45 PM IST       sda   2630.00    124.00  50632.00      0.00     19.30      1.56      0.48     40.40

04:38:45 PM IST       DEV       tps     rkB/s     wkB/s     dkB/s   areq-sz    aqu-sz     await     %util
04:38:46 PM IST   nvme0n1      0.00      0.00      0.00      0.00      0.00      0.00      0.00      0.00
04:38:46 PM IST       sda   1388.00    268.00   5844.00      0.00      4.40      0.71      0.27     40.00

04:38:46 PM IST       DEV       tps     rkB/s     wkB/s     dkB/s   areq-sz    aqu-sz     await     %util
04:38:47 PM IST   nvme0n1      0.00      0.00      0.00      0.00      0.00      0.00      0.00      0.00
04:38:47 PM IST       sda   1479.00      4.00   6492.00      0.00      4.39      0.81      0.29     45.60

04:38:47 PM IST       DEV       tps     rkB/s     wkB/s     dkB/s   areq-sz    aqu-sz     await     %util
04:38:48 PM IST   nvme0n1      0.00      0.00      0.00      0.00      0.00      0.00      0.00      0.00
04:38:48 PM IST       sda   1331.00      0.00   6080.00      0.00      4.57      0.78      0.31     40.00

04:38:48 PM IST       DEV       tps     rkB/s     wkB/s     dkB/s   areq-sz    aqu-sz     await     %util
04:38:49 PM IST   nvme0n1      0.00      0.00      0.00      0.00      0.00      0.00      0.00      0.00
04:38:49 PM IST       sda   1895.00      4.00  52888.00      0.00     27.91      1.50      0.63     46.40

04:38:49 PM IST       DEV       tps     rkB/s     wkB/s     dkB/s   areq-sz    aqu-sz     await     %util
04:38:50 PM IST   nvme0n1      0.00      0.00      0.00      0.00      0.00      0.00      0.00      0.00
04:38:50 PM IST       sda   1430.00     76.00   6248.00      0.00      4.42      0.72      0.27     39.20

04:38:50 PM IST       DEV       tps     rkB/s     wkB/s     dkB/s   areq-sz    aqu-sz     await     %util
04:38:51 PM IST   nvme0n1      0.00      0.00      0.00      0.00      0.00      0.00      0.00      0.00
04:38:51 PM IST       sda   1444.00      0.00   7136.00      0.00      4.94      0.78      0.30     40.80

04:38:51 PM IST       DEV       tps     rkB/s     wkB/s     dkB/s   areq-sz    aqu-sz     await     %util
04:38:52 PM IST   nvme0n1      0.00      0.00      0.00      0.00      0.00      0.00      0.00      0.00
04:38:52 PM IST       sda   1453.00      0.00   6200.00      0.00      4.27      0.72      0.26     40.00

04:38:52 PM IST       DEV       tps     rkB/s     wkB/s     dkB/s   areq-sz    aqu-sz     await     %util
04:38:53 PM IST   nvme0n1      0.00      0.00      0.00      0.00      0.00      0.00      0.00      0.00
04:38:53 PM IST       sda   2491.00  27188.00   6920.00      0.00     13.69      1.07      0.31     55.20

04:38:53 PM IST       DEV       tps     rkB/s     wkB/s     dkB/s   areq-sz    aqu-sz     await     %util
04:38:54 PM IST   nvme0n1      0.00      0.00      0.00      0.00      0.00      0.00      0.00      0.00
04:38:54 PM IST       sda   1460.00      4.00   8756.00      0.00      6.00      0.91      0.39     44.40

04:38:54 PM IST       DEV       tps     rkB/s     wkB/s     dkB/s   areq-sz    aqu-sz     await     %util
04:38:55 PM IST   nvme0n1      0.00      0.00      0.00      0.00      0.00      0.00      0.00      0.00
04:38:55 PM IST       sda   1366.00     12.00   6432.00      0.00      4.72      0.94      0.44     37.60

04:38:55 PM IST       DEV       tps     rkB/s     wkB/s     dkB/s   areq-sz    aqu-sz     await     %util
04:38:56 PM IST   nvme0n1      0.00      0.00      0.00      0.00      0.00      0.00      0.00      0.00
04:38:56 PM IST       sda   1505.00      0.00   6420.00      0.00      4.27      0.75      0.27     37.60

04:38:56 PM IST       DEV       tps     rkB/s     wkB/s     dkB/s   areq-sz    aqu-sz     await     %util
04:38:57 PM IST   nvme0n1      0.00      0.00      0.00      0.00      0.00      0.00      0.00      0.00
04:38:57 PM IST       sda   1356.00      0.00   5760.00      0.00      4.25      0.74      0.29     40.00

04:38:57 PM IST       DEV       tps     rkB/s     wkB/s     dkB/s   areq-sz    aqu-sz     await     %util
04:38:58 PM IST   nvme0n1      0.00      0.00      0.00      0.00      0.00      0.00      0.00      0.00
04:38:58 PM IST       sda   1347.00      0.00   5680.00      0.00      4.22      0.81      0.31     42.00

04:38:58 PM IST       DEV       tps     rkB/s     wkB/s     dkB/s   areq-sz    aqu-sz     await     %util
04:38:59 PM IST   nvme0n1      0.00      0.00      0.00      0.00      0.00      0.00      0.00      0.00
04:38:59 PM IST       sda   1357.00      0.00   5872.00      0.00      4.33      0.78      0.31     44.00

04:38:59 PM IST       DEV       tps     rkB/s     wkB/s     dkB/s   areq-sz    aqu-sz     await     %util
04:39:00 PM IST   nvme0n1      0.00      0.00      0.00      0.00      0.00      0.00      0.00      0.00
04:39:00 PM IST       sda   1414.00    988.00   6148.00      0.00      5.05      0.95      0.41     39.60

04:39:00 PM IST       DEV       tps     rkB/s     wkB/s     dkB/s   areq-sz    aqu-sz     await     %util
04:39:01 PM IST   nvme0n1      0.00      0.00      0.00      0.00      0.00      0.00      0.00      0.00
04:39:01 PM IST       sda   1403.00    160.00   5848.00      0.00      4.28      0.76      0.29     36.40

04:39:01 PM IST       DEV       tps     rkB/s     wkB/s     dkB/s   areq-sz    aqu-sz     await     %util
04:39:02 PM IST   nvme0n1      0.00      0.00      0.00      0.00      0.00      0.00      0.00      0.00
04:39:02 PM IST       sda   1752.00   9740.00   5740.00      0.00      8.84      1.04      0.40     44.40

04:39:02 PM IST       DEV       tps     rkB/s     wkB/s     dkB/s   areq-sz    aqu-sz     await     %util
04:39:03 PM IST   nvme0n1      0.00      0.00      0.00      0.00      0.00      0.00      0.00      0.00
04:39:03 PM IST       sda   1470.00      0.00   6284.00      0.00      4.27      0.73      0.26     30.80

04:39:03 PM IST       DEV       tps     rkB/s     wkB/s     dkB/s   areq-sz    aqu-sz     await     %util
04:39:04 PM IST   nvme0n1      0.00      0.00      0.00      0.00      0.00      0.00      0.00      0.00
04:39:04 PM IST       sda   1445.00      0.00   6072.00      0.00      4.20      0.71      0.26     38.00

04:39:04 PM IST       DEV       tps     rkB/s     wkB/s     dkB/s   areq-sz    aqu-sz     await     %util
04:39:05 PM IST   nvme0n1      0.00      0.00      0.00      0.00      0.00      0.00      0.00      0.00
04:39:05 PM IST       sda   1339.00     40.00   5696.00      0.00      4.28      0.71      0.28     37.60

04:39:05 PM IST       DEV       tps     rkB/s     wkB/s     dkB/s   areq-sz    aqu-sz     await     %util
04:39:06 PM IST   nvme0n1      0.00      0.00      0.00      0.00      0.00      0.00      0.00      0.00
04:39:06 PM IST       sda   1469.00      0.00   6272.00      0.00      4.27      0.73      0.26     39.20

04:39:06 PM IST       DEV       tps     rkB/s     wkB/s     dkB/s   areq-sz    aqu-sz     await     %util
04:39:07 PM IST   nvme0n1      0.00      0.00      0.00      0.00      0.00      0.00      0.00      0.00
04:39:07 PM IST       sda   1432.00      8.00   6116.00      0.00      4.28      0.72      0.27     37.60

04:39:07 PM IST       DEV       tps     rkB/s     wkB/s     dkB/s   areq-sz    aqu-sz     await     %util
04:39:08 PM IST   nvme0n1      0.00      0.00      0.00      0.00      0.00      0.00      0.00      0.00
04:39:08 PM IST       sda   1449.00      0.00   6104.00      0.00      4.21      0.73      0.27     34.40

04:39:08 PM IST       DEV       tps     rkB/s     wkB/s     dkB/s   areq-sz    aqu-sz     await     %util
04:39:09 PM IST   nvme0n1      0.00      0.00      0.00      0.00      0.00      0.00      0.00      0.00
04:39:09 PM IST       sda   1425.00      0.00   5992.00      0.00      4.20      0.75      0.28     38.80

04:39:09 PM IST       DEV       tps     rkB/s     wkB/s     dkB/s   areq-sz    aqu-sz     await     %util
04:39:10 PM IST   nvme0n1      0.00      0.00      0.00      0.00      0.00      0.00      0.00      0.00
04:39:10 PM IST       sda   1432.00      0.00   6188.00      0.00      4.32      0.75      0.28     37.20

04:39:10 PM IST       DEV       tps     rkB/s     wkB/s     dkB/s   areq-sz    aqu-sz     await     %util
04:39:11 PM IST   nvme0n1      0.00      0.00      0.00      0.00      0.00      0.00      0.00      0.00
04:39:11 PM IST       sda   1468.00      0.00   6196.00      0.00      4.22      0.76      0.28     35.20

04:39:11 PM IST       DEV       tps     rkB/s     wkB/s     dkB/s   areq-sz    aqu-sz     await     %util
04:39:12 PM IST   nvme0n1      0.00      0.00      0.00      0.00      0.00      0.00      0.00      0.00
04:39:12 PM IST       sda   1512.00      0.00   6684.00      0.00      4.42      0.82      0.29     38.40

04:39:12 PM IST       DEV       tps     rkB/s     wkB/s     dkB/s   areq-sz    aqu-sz     await     %util
04:39:13 PM IST   nvme0n1      0.00      0.00      0.00      0.00      0.00      0.00      0.00      0.00
04:39:13 PM IST       sda   1433.00      0.00   6048.00      0.00      4.22      0.82      0.30     47.60

04:39:13 PM IST       DEV       tps     rkB/s     wkB/s     dkB/s   areq-sz    aqu-sz     await     %util
04:39:14 PM IST   nvme0n1      0.00      0.00      0.00      0.00      0.00      0.00      0.00      0.00
04:39:14 PM IST       sda   1476.00      0.00   6484.00      0.00      4.39      0.84      0.30     43.20

04:39:14 PM IST       DEV       tps     rkB/s     wkB/s     dkB/s   areq-sz    aqu-sz     await     %util
04:39:15 PM IST   nvme0n1      0.00      0.00      0.00      0.00      0.00      0.00      0.00      0.00
04:39:15 PM IST       sda   1464.00      0.00   6436.00      0.00      4.40      0.82      0.30     38.40

04:39:15 PM IST       DEV       tps     rkB/s     wkB/s     dkB/s   areq-sz    aqu-sz     await     %util
04:39:16 PM IST   nvme0n1      0.00      0.00      0.00      0.00      0.00      0.00      0.00      0.00
04:39:16 PM IST       sda   1468.00      0.00   6216.00      0.00      4.23      0.78      0.28     44.00

04:39:16 PM IST       DEV       tps     rkB/s     wkB/s     dkB/s   areq-sz    aqu-sz     await     %util
04:39:17 PM IST   nvme0n1      0.00      0.00      0.00      0.00      0.00      0.00      0.00      0.00
04:39:17 PM IST       sda   1476.00      0.00   6336.00      0.00      4.29      0.74      0.26     37.20

04:39:17 PM IST       DEV       tps     rkB/s     wkB/s     dkB/s   areq-sz    aqu-sz     await     %util
04:39:18 PM IST   nvme0n1      0.00      0.00      0.00      0.00      0.00      0.00      0.00      0.00
04:39:18 PM IST       sda   1575.00      0.00   6780.00      0.00      4.30      0.77      0.26     38.00

04:39:18 PM IST       DEV       tps     rkB/s     wkB/s     dkB/s   areq-sz    aqu-sz     await     %util
04:39:19 PM IST   nvme0n1      0.00      0.00      0.00      0.00      0.00      0.00      0.00      0.00
04:39:19 PM IST       sda   1481.00      0.00   6232.00      0.00      4.21      0.75      0.27     38.00

04:39:19 PM IST       DEV       tps     rkB/s     wkB/s     dkB/s   areq-sz    aqu-sz     await     %util
04:39:20 PM IST   nvme0n1      0.00      0.00      0.00      0.00      0.00      0.00      0.00      0.00
04:39:20 PM IST       sda   1460.00      0.00   6136.00      0.00      4.20      0.78      0.28     44.80

04:39:20 PM IST       DEV       tps     rkB/s     wkB/s     dkB/s   areq-sz    aqu-sz     await     %util
04:39:21 PM IST   nvme0n1      0.00      0.00      0.00      0.00      0.00      0.00      0.00      0.00
04:39:21 PM IST       sda   1502.00      0.00   6448.00      0.00      4.29      0.74      0.26     35.60

04:39:21 PM IST       DEV       tps     rkB/s     wkB/s     dkB/s   areq-sz    aqu-sz     await     %util
04:39:22 PM IST   nvme0n1      0.00      0.00      0.00      0.00      0.00      0.00      0.00      0.00
04:39:22 PM IST       sda   1471.00      0.00   6256.00      0.00      4.25      0.74      0.27     44.40

04:39:22 PM IST       DEV       tps     rkB/s     wkB/s     dkB/s   areq-sz    aqu-sz     await     %util
04:39:23 PM IST   nvme0n1      0.00      0.00      0.00      0.00      0.00      0.00      0.00      0.00
04:39:23 PM IST       sda   1484.00      0.00   6292.00      0.00      4.24      0.78      0.28     44.80

04:39:23 PM IST       DEV       tps     rkB/s     wkB/s     dkB/s   areq-sz    aqu-sz     await     %util
04:39:24 PM IST   nvme0n1      0.00      0.00      0.00      0.00      0.00      0.00      0.00      0.00
04:39:24 PM IST       sda   1429.00      0.00   6008.00      0.00      4.20      0.76      0.28     39.20

04:39:24 PM IST       DEV       tps     rkB/s     wkB/s     dkB/s   areq-sz    aqu-sz     await     %util
04:39:25 PM IST   nvme0n1      0.00      0.00      0.00      0.00      0.00      0.00      0.00      0.00
04:39:25 PM IST       sda   1379.00      0.00   5792.00      0.00      4.20      0.74      0.28     40.00

04:39:25 PM IST       DEV       tps     rkB/s     wkB/s     dkB/s   areq-sz    aqu-sz     await     %util
04:39:26 PM IST   nvme0n1      0.00      0.00      0.00      0.00      0.00      0.00      0.00      0.00
04:39:26 PM IST       sda   1405.00      0.00   5972.00      0.00      4.25      0.75      0.28     38.40

04:39:26 PM IST       DEV       tps     rkB/s     wkB/s     dkB/s   areq-sz    aqu-sz     await     %util
04:39:27 PM IST   nvme0n1      0.00      0.00      0.00      0.00      0.00      0.00      0.00      0.00
04:39:27 PM IST       sda   1568.00      0.00   6700.00      0.00      4.27      0.86      0.30     47.20

04:39:27 PM IST       DEV       tps     rkB/s     wkB/s     dkB/s   areq-sz    aqu-sz     await     %util
04:39:28 PM IST   nvme0n1      0.00      0.00      0.00      0.00      0.00      0.00      0.00      0.00
04:39:28 PM IST       sda   1440.00      0.00   6080.00      0.00      4.22      0.82      0.30     42.00

04:39:28 PM IST       DEV       tps     rkB/s     wkB/s     dkB/s   areq-sz    aqu-sz     await     %util
04:39:29 PM IST   nvme0n1      0.00      0.00      0.00      0.00      0.00      0.00      0.00      0.00
04:39:29 PM IST       sda   1436.00      0.00   6148.00      0.00      4.28      0.82      0.30     46.40

04:39:29 PM IST       DEV       tps     rkB/s     wkB/s     dkB/s   areq-sz    aqu-sz     await     %util
04:39:30 PM IST   nvme0n1      0.00      0.00      0.00      0.00      0.00      0.00      0.00      0.00
04:39:30 PM IST       sda   1489.00      0.00   6380.00      0.00      4.28      0.79      0.28     40.80

04:39:30 PM IST       DEV       tps     rkB/s     wkB/s     dkB/s   areq-sz    aqu-sz     await     %util
04:39:31 PM IST   nvme0n1      0.00      0.00      0.00      0.00      0.00      0.00      0.00      0.00
04:39:31 PM IST       sda   1464.00      0.00   6192.00      0.00      4.23      0.76      0.27     37.20

04:39:31 PM IST       DEV       tps     rkB/s     wkB/s     dkB/s   areq-sz    aqu-sz     await     %util
04:39:32 PM IST   nvme0n1      0.00      0.00      0.00      0.00      0.00      0.00      0.00      0.00
04:39:32 PM IST       sda   1585.00     20.00   6696.00      0.00      4.24      0.75      0.26     41.20

04:39:32 PM IST       DEV       tps     rkB/s     wkB/s     dkB/s   areq-sz    aqu-sz     await     %util
04:39:33 PM IST   nvme0n1      0.00      0.00      0.00      0.00      0.00      0.00      0.00      0.00
04:39:33 PM IST       sda   1503.00     44.00   6304.00      0.00      4.22      0.74      0.26     40.80

04:39:33 PM IST       DEV       tps     rkB/s     wkB/s     dkB/s   areq-sz    aqu-sz     await     %util
04:39:34 PM IST   nvme0n1      0.00      0.00      0.00      0.00      0.00      0.00      0.00      0.00
04:39:34 PM IST       sda   1462.00      0.00   6144.00      0.00      4.20      0.76      0.27     34.40

04:39:34 PM IST       DEV       tps     rkB/s     wkB/s     dkB/s   areq-sz    aqu-sz     await     %util
04:39:35 PM IST   nvme0n1      0.00      0.00      0.00      0.00      0.00      0.00      0.00      0.00
04:39:35 PM IST       sda   1466.00      0.00   6300.00      0.00      4.30      0.72      0.26     37.60

04:39:35 PM IST       DEV       tps     rkB/s     wkB/s     dkB/s   areq-sz    aqu-sz     await     %util
04:39:36 PM IST   nvme0n1      0.00      0.00      0.00      0.00      0.00      0.00      0.00      0.00
04:39:36 PM IST       sda   1489.00      0.00   6460.00      0.00      4.34      0.74      0.26     37.20

04:39:36 PM IST       DEV       tps     rkB/s     wkB/s     dkB/s   areq-sz    aqu-sz     await     %util
04:39:37 PM IST   nvme0n1      0.00      0.00      0.00      0.00      0.00      0.00      0.00      0.00
04:39:37 PM IST       sda   1498.00      0.00   6396.00      0.00      4.27      0.75      0.26     40.00

04:39:37 PM IST       DEV       tps     rkB/s     wkB/s     dkB/s   areq-sz    aqu-sz     await     %util
04:39:38 PM IST   nvme0n1      0.00      0.00      0.00      0.00      0.00      0.00      0.00      0.00
04:39:38 PM IST       sda   1454.00      0.00   6104.00      0.00      4.20      0.78      0.28     42.80

04:39:38 PM IST       DEV       tps     rkB/s     wkB/s     dkB/s   areq-sz    aqu-sz     await     %util
04:39:39 PM IST   nvme0n1      0.00      0.00      0.00      0.00      0.00      0.00      0.00      0.00
04:39:39 PM IST       sda   1555.00    132.00   6620.00      0.00      4.34      0.80      0.28     38.40

04:39:39 PM IST       DEV       tps     rkB/s     wkB/s     dkB/s   areq-sz    aqu-sz     await     %util
04:39:40 PM IST   nvme0n1      0.00      0.00      0.00      0.00      0.00      0.00      0.00      0.00
04:39:40 PM IST       sda   1470.00      0.00   6192.00      0.00      4.21      0.75      0.27     44.40

04:39:40 PM IST       DEV       tps     rkB/s     wkB/s     dkB/s   areq-sz    aqu-sz     await     %util
04:39:41 PM IST   nvme0n1      0.00      0.00      0.00      0.00      0.00      0.00      0.00      0.00
04:39:41 PM IST       sda   1284.00      4.00   5628.00      0.00      4.39      0.77      0.32     36.00

04:39:41 PM IST       DEV       tps     rkB/s     wkB/s     dkB/s   areq-sz    aqu-sz     await     %util
04:39:42 PM IST   nvme0n1      0.00      0.00      0.00      0.00      0.00      0.00      0.00      0.00
04:39:42 PM IST       sda   1433.00      0.00   6032.00      0.00      4.21      0.81      0.30     43.60

04:39:42 PM IST       DEV       tps     rkB/s     wkB/s     dkB/s   areq-sz    aqu-sz     await     %util
04:39:43 PM IST   nvme0n1      0.00      0.00      0.00      0.00      0.00      0.00      0.00      0.00
04:39:43 PM IST       sda   1479.00      0.00   6396.00      0.00      4.32      0.83      0.30     44.00

04:39:43 PM IST       DEV       tps     rkB/s     wkB/s     dkB/s   areq-sz    aqu-sz     await     %util
04:39:44 PM IST   nvme0n1      0.00      0.00      0.00      0.00      0.00      0.00      0.00      0.00
04:39:44 PM IST       sda   1459.00      0.00   6148.00      0.00      4.21      0.79      0.29     40.40

04:39:44 PM IST       DEV       tps     rkB/s     wkB/s     dkB/s   areq-sz    aqu-sz     await     %util
04:39:45 PM IST   nvme0n1      0.00      0.00      0.00      0.00      0.00      0.00      0.00      0.00
04:39:45 PM IST       sda   1487.00      0.00   6340.00      0.00      4.26      0.77      0.27     45.60

04:39:45 PM IST       DEV       tps     rkB/s     wkB/s     dkB/s   areq-sz    aqu-sz     await     %util
04:39:46 PM IST   nvme0n1      0.00      0.00      0.00      0.00      0.00      0.00      0.00      0.00
04:39:46 PM IST       sda   1495.00      0.00   7072.00      0.00      4.73      0.74      0.27     43.60

04:39:46 PM IST       DEV       tps     rkB/s     wkB/s     dkB/s   areq-sz    aqu-sz     await     %util
04:39:47 PM IST   nvme0n1      0.00      0.00      0.00      0.00      0.00      0.00      0.00      0.00
04:39:47 PM IST       sda   1478.00      0.00   6224.00      0.00      4.21      0.73      0.26     34.00

04:39:47 PM IST       DEV       tps     rkB/s     wkB/s     dkB/s   areq-sz    aqu-sz     await     %util
04:39:48 PM IST   nvme0n1      0.00      0.00      0.00      0.00      0.00      0.00      0.00      0.00
04:39:48 PM IST       sda   1459.00      0.00   6160.00      0.00      4.22      0.76      0.27     37.20

04:39:48 PM IST       DEV       tps     rkB/s     wkB/s     dkB/s   areq-sz    aqu-sz     await     %util
04:39:49 PM IST   nvme0n1      0.00      0.00      0.00      0.00      0.00      0.00      0.00      0.00
04:39:49 PM IST       sda   1492.00      0.00   6280.00      0.00      4.21      0.73      0.26     44.40

04:39:49 PM IST       DEV       tps     rkB/s     wkB/s     dkB/s   areq-sz    aqu-sz     await     %util
04:39:50 PM IST   nvme0n1      0.00      0.00      0.00      0.00      0.00      0.00      0.00      0.00
04:39:50 PM IST       sda   1486.00      0.00   6332.00      0.00      4.26      0.73      0.26     41.60

04:39:50 PM IST       DEV       tps     rkB/s     wkB/s     dkB/s   areq-sz    aqu-sz     await     %util
04:39:51 PM IST   nvme0n1      0.00      0.00      0.00      0.00      0.00      0.00      0.00      0.00
04:39:51 PM IST       sda   1523.00      0.00   6428.00      0.00      4.22      0.76      0.26     44.40

04:39:51 PM IST       DEV       tps     rkB/s     wkB/s     dkB/s   areq-sz    aqu-sz     await     %util
04:39:52 PM IST   nvme0n1      0.00      0.00      0.00      0.00      0.00      0.00      0.00      0.00
04:39:52 PM IST       sda   1429.00      0.00   6024.00      0.00      4.22      0.77      0.28     38.80

04:39:52 PM IST       DEV       tps     rkB/s     wkB/s     dkB/s   areq-sz    aqu-sz     await     %util
04:39:54 PM IST   nvme0n1      0.00      0.00      0.00      0.00      0.00      0.00      0.00      0.00
04:39:54 PM IST       sda   1477.00      0.00   6232.00      0.00      4.22      0.76      0.27     38.40

04:39:54 PM IST       DEV       tps     rkB/s     wkB/s     dkB/s   areq-sz    aqu-sz     await     %util
04:39:55 PM IST   nvme0n1      0.00      0.00      0.00      0.00      0.00      0.00      0.00      0.00
04:39:55 PM IST       sda   1491.00      0.00   6280.00      0.00      4.21      0.77      0.27     42.00

04:39:55 PM IST       DEV       tps     rkB/s     wkB/s     dkB/s   areq-sz    aqu-sz     await     %util
04:39:56 PM IST   nvme0n1      0.00      0.00      0.00      0.00      0.00      0.00      0.00      0.00
04:39:56 PM IST       sda   1429.00      0.00   6216.00      0.00      4.35      0.80      0.29     38.40

04:39:56 PM IST       DEV       tps     rkB/s     wkB/s     dkB/s   areq-sz    aqu-sz     await     %util
04:39:57 PM IST   nvme0n1      0.00      0.00      0.00      0.00      0.00      0.00      0.00      0.00
04:39:57 PM IST       sda   1457.00      0.00   6340.00      0.00      4.35      0.83      0.30     46.40

04:39:57 PM IST       DEV       tps     rkB/s     wkB/s     dkB/s   areq-sz    aqu-sz     await     %util
04:39:58 PM IST   nvme0n1      0.00      0.00      0.00      0.00      0.00      0.00      0.00      0.00
04:39:58 PM IST       sda   1446.00      0.00   6088.00      0.00      4.21      0.82      0.30     44.40

04:39:58 PM IST       DEV       tps     rkB/s     wkB/s     dkB/s   areq-sz    aqu-sz     await     %util
04:39:59 PM IST   nvme0n1      0.00      0.00      0.00      0.00      0.00      0.00      0.00      0.00
04:39:59 PM IST       sda   1566.00      0.00   6656.00      0.00      4.25      0.83      0.28     39.20

04:39:59 PM IST       DEV       tps     rkB/s     wkB/s     dkB/s   areq-sz    aqu-sz     await     %util
04:40:00 PM IST   nvme0n1      0.00      0.00      0.00      0.00      0.00      0.00      0.00      0.00
04:40:00 PM IST       sda   1457.00      0.00   6136.00      0.00      4.21      0.76      0.28     50.00

04:40:00 PM IST       DEV       tps     rkB/s     wkB/s     dkB/s   areq-sz    aqu-sz     await     %util
04:40:01 PM IST   nvme0n1      0.00      0.00      0.00      0.00      0.00      0.00      0.00      0.00
04:40:01 PM IST       sda   1507.00      0.00   6332.00      0.00      4.20      0.75      0.26     39.20

04:40:01 PM IST       DEV       tps     rkB/s     wkB/s     dkB/s   areq-sz    aqu-sz     await     %util
04:40:02 PM IST   nvme0n1      0.00      0.00      0.00      0.00      0.00      0.00      0.00      0.00
04:40:02 PM IST       sda   1499.00      0.00   6340.00      0.00      4.23      0.74      0.26     42.40

04:40:02 PM IST       DEV       tps     rkB/s     wkB/s     dkB/s   areq-sz    aqu-sz     await     %util
04:40:03 PM IST   nvme0n1      0.00      0.00      0.00      0.00      0.00      0.00      0.00      0.00
04:40:03 PM IST       sda   1495.00      0.00   6384.00      0.00      4.27      0.75      0.26     42.80

04:40:03 PM IST       DEV       tps     rkB/s     wkB/s     dkB/s   areq-sz    aqu-sz     await     %util
04:40:04 PM IST   nvme0n1      0.00      0.00      0.00      0.00      0.00      0.00      0.00      0.00
04:40:04 PM IST       sda   1365.00     32.00   6156.00      0.00      4.53      0.69      0.27     36.40

04:40:04 PM IST       DEV       tps     rkB/s     wkB/s     dkB/s   areq-sz    aqu-sz     await     %util
04:40:05 PM IST   nvme0n1      0.00      0.00      0.00      0.00      0.00      0.00      0.00      0.00
04:40:05 PM IST       sda   1466.00      0.00   6168.00      0.00      4.21      0.72      0.26     39.20

04:40:05 PM IST       DEV       tps     rkB/s     wkB/s     dkB/s   areq-sz    aqu-sz     await     %util
04:40:06 PM IST   nvme0n1      0.00      0.00      0.00      0.00      0.00      0.00      0.00      0.00
04:40:06 PM IST       sda   1482.00      0.00   6232.00      0.00      4.21      0.74      0.27     40.00

04:40:06 PM IST       DEV       tps     rkB/s     wkB/s     dkB/s   areq-sz    aqu-sz     await     %util
04:40:07 PM IST   nvme0n1      0.00      0.00      0.00      0.00      0.00      0.00      0.00      0.00
04:40:07 PM IST       sda   1497.00      0.00   6336.00      0.00      4.23      0.77      0.27     38.40

04:40:07 PM IST       DEV       tps     rkB/s     wkB/s     dkB/s   areq-sz    aqu-sz     await     %util
04:40:08 PM IST   nvme0n1      0.00      0.00      0.00      0.00      0.00      0.00      0.00      0.00
04:40:08 PM IST       sda   1458.00      0.00   6152.00      0.00      4.22      0.76      0.28     40.00

04:40:08 PM IST       DEV       tps     rkB/s     wkB/s     dkB/s   areq-sz    aqu-sz     await     %util
04:40:09 PM IST   nvme0n1      0.00      0.00      0.00      0.00      0.00      0.00      0.00      0.00
04:40:09 PM IST       sda   1479.00      0.00   6284.00      0.00      4.25      0.77      0.28     40.00

04:40:09 PM IST       DEV       tps     rkB/s     wkB/s     dkB/s   areq-sz    aqu-sz     await     %util
04:40:10 PM IST   nvme0n1      0.00      0.00      0.00      0.00      0.00      0.00      0.00      0.00
04:40:10 PM IST       sda   1447.00      0.00   6096.00      0.00      4.21      0.78      0.28     42.40

04:40:10 PM IST       DEV       tps     rkB/s     wkB/s     dkB/s   areq-sz    aqu-sz     await     %util
04:40:11 PM IST   nvme0n1      0.00      0.00      0.00      0.00      0.00      0.00      0.00      0.00
04:40:11 PM IST       sda   1511.00      0.00   6628.00      0.00      4.39      0.85      0.30     42.40

04:40:11 PM IST       DEV       tps     rkB/s     wkB/s     dkB/s   areq-sz    aqu-sz     await     %util
04:40:12 PM IST   nvme0n1      0.00      0.00      0.00      0.00      0.00      0.00      0.00      0.00
04:40:12 PM IST       sda   1428.00      0.00   6068.00      0.00      4.25      0.81      0.30     43.20

04:40:12 PM IST       DEV       tps     rkB/s     wkB/s     dkB/s   areq-sz    aqu-sz     await     %util
04:40:13 PM IST   nvme0n1      0.00      0.00      0.00      0.00      0.00      0.00      0.00      0.00
04:40:13 PM IST       sda   1450.00      0.00   6192.00      0.00      4.27      0.82      0.30     38.80

04:40:13 PM IST       DEV       tps     rkB/s     wkB/s     dkB/s   areq-sz    aqu-sz     await     %util
04:40:14 PM IST   nvme0n1      0.00      0.00      0.00      0.00      0.00      0.00      0.00      0.00
04:40:14 PM IST       sda   1484.00      0.00   6296.00      0.00      4.24      0.77      0.28     44.40

04:40:14 PM IST       DEV       tps     rkB/s     wkB/s     dkB/s   areq-sz    aqu-sz     await     %util
04:40:15 PM IST   nvme0n1      0.00      0.00      0.00      0.00      0.00      0.00      0.00      0.00
04:40:15 PM IST       sda   1468.00      0.00   6212.00      0.00      4.23      0.72      0.26     32.80

04:40:15 PM IST       DEV       tps     rkB/s     wkB/s     dkB/s   areq-sz    aqu-sz     await     %util
04:40:16 PM IST   nvme0n1      0.00      0.00      0.00      0.00      0.00      0.00      0.00      0.00
04:40:16 PM IST       sda   1565.00      8.00   6740.00      0.00      4.31      0.76      0.26     38.40

04:40:16 PM IST       DEV       tps     rkB/s     wkB/s     dkB/s   areq-sz    aqu-sz     await     %util
04:40:17 PM IST   nvme0n1      0.00      0.00      0.00      0.00      0.00      0.00      0.00      0.00
04:40:17 PM IST       sda   1478.00      0.00   6240.00      0.00      4.22      0.73      0.26     38.80

04:40:17 PM IST       DEV       tps     rkB/s     wkB/s     dkB/s   areq-sz    aqu-sz     await     %util
04:40:18 PM IST   nvme0n1      0.00      0.00      0.00      0.00      0.00      0.00      0.00      0.00
04:40:18 PM IST       sda   1475.00      0.00   6208.00      0.00      4.21      0.78      0.28     39.60

04:40:18 PM IST       DEV       tps     rkB/s     wkB/s     dkB/s   areq-sz    aqu-sz     await     %util
04:40:19 PM IST   nvme0n1      0.00      0.00      0.00      0.00      0.00      0.00      0.00      0.00
04:40:19 PM IST       sda   1525.00      0.00   6432.00      0.00      4.22      0.75      0.26     39.60

04:40:19 PM IST       DEV       tps     rkB/s     wkB/s     dkB/s   areq-sz    aqu-sz     await     %util
04:40:20 PM IST   nvme0n1      0.00      0.00      0.00      0.00      0.00      0.00      0.00      0.00
04:40:20 PM IST       sda   1498.00      0.00   6304.00      0.00      4.21      0.75      0.26     36.80

04:40:20 PM IST       DEV       tps     rkB/s     wkB/s     dkB/s   areq-sz    aqu-sz     await     %util
04:40:21 PM IST   nvme0n1      0.00      0.00      0.00      0.00      0.00      0.00      0.00      0.00
04:40:21 PM IST       sda   1484.00     48.00   6344.00      0.00      4.31      0.74      0.26     37.60

04:40:21 PM IST       DEV       tps     rkB/s     wkB/s     dkB/s   areq-sz    aqu-sz     await     %util
04:40:22 PM IST   nvme0n1      0.00      0.00      0.00      0.00      0.00      0.00      0.00      0.00
04:40:22 PM IST       sda   1434.00      8.00   6076.00      0.00      4.24      0.77      0.28     41.20

04:40:22 PM IST       DEV       tps     rkB/s     wkB/s     dkB/s   areq-sz    aqu-sz     await     %util
04:40:23 PM IST   nvme0n1      0.00      0.00      0.00      0.00      0.00      0.00      0.00      0.00
04:40:23 PM IST       sda   1441.00      8.00   6224.00      0.00      4.32      0.76      0.28     38.80

04:40:23 PM IST       DEV       tps     rkB/s     wkB/s     dkB/s   areq-sz    aqu-sz     await     %util
04:40:24 PM IST   nvme0n1      0.00      0.00      0.00      0.00      0.00      0.00      0.00      0.00
04:40:24 PM IST       sda   1470.00      0.00   6248.00      0.00      4.25      0.77      0.28     36.80

04:40:24 PM IST       DEV       tps     rkB/s     wkB/s     dkB/s   areq-sz    aqu-sz     await     %util
04:40:25 PM IST   nvme0n1      0.00      0.00      0.00      0.00      0.00      0.00      0.00      0.00
04:40:25 PM IST       sda   1434.00      0.00   6056.00      0.00      4.22      0.81      0.30     42.00

04:40:25 PM IST       DEV       tps     rkB/s     wkB/s     dkB/s   areq-sz    aqu-sz     await     %util
04:40:26 PM IST   nvme0n1      0.00      0.00      0.00      0.00      0.00      0.00      0.00      0.00
04:40:26 PM IST       sda   1406.00      0.00   5984.00      0.00      4.26      0.77      0.29     40.80

04:40:26 PM IST       DEV       tps     rkB/s     wkB/s     dkB/s   areq-sz    aqu-sz     await     %util
04:40:27 PM IST   nvme0n1      0.00      0.00      0.00      0.00      0.00      0.00      0.00      0.00
04:40:27 PM IST       sda   1407.00      0.00   5964.00      0.00      4.24      0.80      0.30     44.80

04:40:27 PM IST       DEV       tps     rkB/s     wkB/s     dkB/s   areq-sz    aqu-sz     await     %util
04:40:28 PM IST   nvme0n1      0.00      0.00      0.00      0.00      0.00      0.00      0.00      0.00
04:40:28 PM IST       sda   1494.00      0.00   6304.00      0.00      4.22      0.80      0.28     38.00

04:40:28 PM IST       DEV       tps     rkB/s     wkB/s     dkB/s   areq-sz    aqu-sz     await     %util
04:40:29 PM IST   nvme0n1      0.00      0.00      0.00      0.00      0.00      0.00      0.00      0.00
04:40:29 PM IST       sda   1486.00      0.00   6292.00      0.00      4.23      0.78      0.28     46.40

04:40:29 PM IST       DEV       tps     rkB/s     wkB/s     dkB/s   areq-sz    aqu-sz     await     %util
04:40:30 PM IST   nvme0n1      0.00      0.00      0.00      0.00      0.00      0.00      0.00      0.00
04:40:30 PM IST       sda   1588.00      0.00   6700.00      0.00      4.22      0.76      0.26     40.00

04:40:30 PM IST       DEV       tps     rkB/s     wkB/s     dkB/s   areq-sz    aqu-sz     await     %util
04:40:31 PM IST   nvme0n1      0.00      0.00      0.00      0.00      0.00      0.00      0.00      0.00
04:40:31 PM IST       sda   1492.00      0.00   6272.00      0.00      4.20      0.73      0.26     40.80

04:40:31 PM IST       DEV       tps     rkB/s     wkB/s     dkB/s   areq-sz    aqu-sz     await     %util
04:40:32 PM IST   nvme0n1      0.00      0.00      0.00      0.00      0.00      0.00      0.00      0.00
04:40:32 PM IST       sda   1477.00      0.00   6244.00      0.00      4.23      0.78      0.28     42.40

04:40:32 PM IST       DEV       tps     rkB/s     wkB/s     dkB/s   areq-sz    aqu-sz     await     %util
04:40:33 PM IST   nvme0n1      0.00      0.00      0.00      0.00      0.00      0.00      0.00      0.00
04:40:33 PM IST       sda   1543.00      0.00   6560.00      0.00      4.25      0.76      0.26     35.60

04:40:33 PM IST       DEV       tps     rkB/s     wkB/s     dkB/s   areq-sz    aqu-sz     await     %util
04:40:34 PM IST   nvme0n1      0.00      0.00      0.00      0.00      0.00      0.00      0.00      0.00
04:40:34 PM IST       sda   1539.00      0.00   6472.00      0.00      4.21      0.76      0.26     36.00

04:40:34 PM IST       DEV       tps     rkB/s     wkB/s     dkB/s   areq-sz    aqu-sz     await     %util
04:40:35 PM IST   nvme0n1      0.00      0.00      0.00      0.00      0.00      0.00      0.00      0.00
04:40:35 PM IST       sda   1505.00      0.00   6392.00      0.00      4.25      0.75      0.26     40.80

04:40:35 PM IST       DEV       tps     rkB/s     wkB/s     dkB/s   areq-sz    aqu-sz     await     %util
04:40:36 PM IST   nvme0n1      0.00      0.00      0.00      0.00      0.00      0.00      0.00      0.00
04:40:36 PM IST       sda   1555.00      0.00   7228.00      0.00      4.65      0.82      0.29     39.20

04:40:36 PM IST       DEV       tps     rkB/s     wkB/s     dkB/s   areq-sz    aqu-sz     await     %util
04:40:37 PM IST   nvme0n1      0.00      0.00      0.00      0.00      0.00      0.00      0.00      0.00
04:40:37 PM IST       sda   1550.00      4.00   6676.00      0.00      4.31      0.82      0.29     46.80

04:40:37 PM IST       DEV       tps     rkB/s     wkB/s     dkB/s   areq-sz    aqu-sz     await     %util
04:40:38 PM IST   nvme0n1      0.00      0.00      0.00      0.00      0.00      0.00      0.00      0.00
04:40:38 PM IST       sda   1448.00      0.00   6184.00      0.00      4.27      0.75      0.27     36.00

04:40:38 PM IST       DEV       tps     rkB/s     wkB/s     dkB/s   areq-sz    aqu-sz     await     %util
04:40:39 PM IST   nvme0n1      0.00      0.00      0.00      0.00      0.00      0.00      0.00      0.00
04:40:39 PM IST       sda   1421.00      4.00   6012.00      0.00      4.23      0.84      0.31     42.40

04:40:39 PM IST       DEV       tps     rkB/s     wkB/s     dkB/s   areq-sz    aqu-sz     await     %util
04:40:40 PM IST   nvme0n1      0.00      0.00      0.00      0.00      0.00      0.00      0.00      0.00
04:40:40 PM IST       sda   1398.00      0.00   5880.00      0.00      4.21      0.79      0.30     42.80

04:40:40 PM IST       DEV       tps     rkB/s     wkB/s     dkB/s   areq-sz    aqu-sz     await     %util
04:40:41 PM IST   nvme0n1      0.00      0.00      0.00      0.00      0.00      0.00      0.00      0.00
04:40:41 PM IST       sda   1429.00      0.00   6012.00      0.00      4.21      0.81      0.30     46.40

04:40:41 PM IST       DEV       tps     rkB/s     wkB/s     dkB/s   areq-sz    aqu-sz     await     %util
04:40:42 PM IST   nvme0n1      0.00      0.00      0.00      0.00      0.00      0.00      0.00      0.00
04:40:42 PM IST       sda   1376.00      4.00   5784.00      0.00      4.21      0.75      0.29     42.40

04:40:42 PM IST       DEV       tps     rkB/s     wkB/s     dkB/s   areq-sz    aqu-sz     await     %util
04:40:43 PM IST   nvme0n1      0.00      0.00      0.00      0.00      0.00      0.00      0.00      0.00
04:40:43 PM IST       sda   1464.36      0.00   6245.54      0.00      4.27      0.76      0.28     32.08

04:40:43 PM IST       DEV       tps     rkB/s     wkB/s     dkB/s   areq-sz    aqu-sz     await     %util
04:40:44 PM IST   nvme0n1      0.00      0.00      0.00      0.00      0.00      0.00      0.00      0.00
04:40:44 PM IST       sda   1484.00      0.00   6304.00      0.00      4.25      0.74      0.26     41.20

04:40:44 PM IST       DEV       tps     rkB/s     wkB/s     dkB/s   areq-sz    aqu-sz     await     %util
04:40:45 PM IST   nvme0n1      0.00      0.00      0.00      0.00      0.00      0.00      0.00      0.00
04:40:45 PM IST       sda   1498.00      0.00   6312.00      0.00      4.21      0.75      0.26     37.20

04:40:45 PM IST       DEV       tps     rkB/s     wkB/s     dkB/s   areq-sz    aqu-sz     await     %util
04:40:46 PM IST   nvme0n1      0.00      0.00      0.00      0.00      0.00      0.00      0.00      0.00
04:40:46 PM IST       sda   1475.00      0.00   6288.00      0.00      4.26      0.77      0.28     45.60

04:40:46 PM IST       DEV       tps     rkB/s     wkB/s     dkB/s   areq-sz    aqu-sz     await     %util
04:40:47 PM IST   nvme0n1      0.00      0.00      0.00      0.00      0.00      0.00      0.00      0.00
04:40:47 PM IST       sda   1488.00      0.00   6360.00      0.00      4.27      0.74      0.27     41.60

04:40:47 PM IST       DEV       tps     rkB/s     wkB/s     dkB/s   areq-sz    aqu-sz     await     %util
04:40:48 PM IST   nvme0n1      0.00      0.00      0.00      0.00      0.00      0.00      0.00      0.00
04:40:48 PM IST       sda   1509.00      0.00   6468.00      0.00      4.29      0.75      0.26     40.00

04:40:48 PM IST       DEV       tps     rkB/s     wkB/s     dkB/s   areq-sz    aqu-sz     await     %util
04:40:49 PM IST   nvme0n1      0.00      0.00      0.00      0.00      0.00      0.00      0.00      0.00
04:40:49 PM IST       sda   1507.00      0.00   6360.00      0.00      4.22      0.76      0.27     42.40

04:40:49 PM IST       DEV       tps     rkB/s     wkB/s     dkB/s   areq-sz    aqu-sz     await     %util
04:40:50 PM IST   nvme0n1      0.00      0.00      0.00      0.00      0.00      0.00      0.00      0.00
04:40:50 PM IST       sda   1420.00      0.00   5984.00      0.00      4.21      0.77      0.29     42.40

04:40:50 PM IST       DEV       tps     rkB/s     wkB/s     dkB/s   areq-sz    aqu-sz     await     %util
04:40:51 PM IST   nvme0n1      0.00      0.00      0.00      0.00      0.00      0.00      0.00      0.00
04:40:51 PM IST       sda   1470.00    128.00   6284.00      0.00      4.36      0.77      0.28     39.60

04:40:51 PM IST       DEV       tps     rkB/s     wkB/s     dkB/s   areq-sz    aqu-sz     await     %util
04:40:52 PM IST   nvme0n1      0.00      0.00      0.00      0.00      0.00      0.00      0.00      0.00
04:40:52 PM IST       sda   1466.00      0.00   6184.00      0.00      4.22      0.77      0.28     38.80

04:40:52 PM IST       DEV       tps     rkB/s     wkB/s     dkB/s   areq-sz    aqu-sz     await     %util
04:40:53 PM IST   nvme0n1      0.00      0.00      0.00      0.00      0.00      0.00      0.00      0.00
04:40:53 PM IST       sda   1498.00    136.00   6396.00      0.00      4.36      0.82      0.29     43.60

04:40:53 PM IST       DEV       tps     rkB/s     wkB/s     dkB/s   areq-sz    aqu-sz     await     %util
04:40:54 PM IST   nvme0n1      0.00      0.00      0.00      0.00      0.00      0.00      0.00      0.00
04:40:54 PM IST       sda   1408.00      0.00   6120.00      0.00      4.35      0.81      0.30     37.20

04:40:54 PM IST       DEV       tps     rkB/s     wkB/s     dkB/s   areq-sz    aqu-sz     await     %util
04:40:55 PM IST   nvme0n1      0.00      0.00      0.00      0.00      0.00      0.00      0.00      0.00
04:40:55 PM IST       sda   1454.00      0.00   6128.00      0.00      4.21      0.83      0.30     40.40

04:40:55 PM IST       DEV       tps     rkB/s     wkB/s     dkB/s   areq-sz    aqu-sz     await     %util
04:40:56 PM IST   nvme0n1      0.00      0.00      0.00      0.00      0.00      0.00      0.00      0.00
04:40:56 PM IST       sda   1424.00      0.00   6140.00      0.00      4.31      0.80      0.30     35.20

04:40:56 PM IST       DEV       tps     rkB/s     wkB/s     dkB/s   areq-sz    aqu-sz     await     %util
04:40:57 PM IST   nvme0n1      0.00      0.00      0.00      0.00      0.00      0.00      0.00      0.00
04:40:57 PM IST       sda   1459.00      0.00   6152.00      0.00      4.22      0.77      0.28     40.00

04:40:57 PM IST       DEV       tps     rkB/s     wkB/s     dkB/s   areq-sz    aqu-sz     await     %util
04:40:58 PM IST   nvme0n1      0.00      0.00      0.00      0.00      0.00      0.00      0.00      0.00
04:40:58 PM IST       sda   1474.00      0.00   6212.00      0.00      4.21      0.74      0.27     43.60

04:40:58 PM IST       DEV       tps     rkB/s     wkB/s     dkB/s   areq-sz    aqu-sz     await     %util
04:40:59 PM IST   nvme0n1      0.00      0.00      0.00      0.00      0.00      0.00      0.00      0.00
04:40:59 PM IST       sda   1554.00      0.00   6592.00      0.00      4.24      0.77      0.26     38.80

04:40:59 PM IST       DEV       tps     rkB/s     wkB/s     dkB/s   areq-sz    aqu-sz     await     %util
04:41:00 PM IST   nvme0n1      0.00      0.00      0.00      0.00      0.00      0.00      0.00      0.00
04:41:00 PM IST       sda   1491.00      0.00   6288.00      0.00      4.22      0.74      0.26     38.00

04:41:00 PM IST       DEV       tps     rkB/s     wkB/s     dkB/s   areq-sz    aqu-sz     await     %util
04:41:01 PM IST   nvme0n1      0.00      0.00      0.00      0.00      0.00      0.00      0.00      0.00
04:41:01 PM IST       sda   1549.00      0.00   6580.00      0.00      4.25      0.79      0.28     41.60

04:41:01 PM IST       DEV       tps     rkB/s     wkB/s     dkB/s   areq-sz    aqu-sz     await     %util
04:41:02 PM IST   nvme0n1      0.00      0.00      0.00      0.00      0.00      0.00      0.00      0.00
04:41:02 PM IST       sda   1495.00      0.00   6284.00      0.00      4.20      0.74      0.26     41.20

04:41:02 PM IST       DEV       tps     rkB/s     wkB/s     dkB/s   areq-sz    aqu-sz     await     %util
04:41:03 PM IST   nvme0n1      0.00      0.00      0.00      0.00      0.00      0.00      0.00      0.00
04:41:03 PM IST       sda   1507.00      0.00   6424.00      0.00      4.26      0.76      0.27     38.40

04:41:03 PM IST       DEV       tps     rkB/s     wkB/s     dkB/s   areq-sz    aqu-sz     await     %util
04:41:04 PM IST   nvme0n1      0.00      0.00      0.00      0.00      0.00      0.00      0.00      0.00
04:41:04 PM IST       sda   1493.00      4.00   6380.00      0.00      4.28      0.78      0.28     38.40

04:41:04 PM IST       DEV       tps     rkB/s     wkB/s     dkB/s   areq-sz    aqu-sz     await     %util
04:41:05 PM IST   nvme0n1      0.00      0.00      0.00      0.00      0.00      0.00      0.00      0.00
04:41:05 PM IST       sda   1493.00      0.00   6304.00      0.00      4.22      0.79      0.28     39.60

04:41:05 PM IST       DEV       tps     rkB/s     wkB/s     dkB/s   areq-sz    aqu-sz     await     %util
04:41:06 PM IST   nvme0n1      0.00      0.00      0.00      0.00      0.00      0.00      0.00      0.00
04:41:06 PM IST       sda   1482.00      4.00   6272.00      0.00      4.23      0.78      0.28     40.00

04:41:06 PM IST       DEV       tps     rkB/s     wkB/s     dkB/s   areq-sz    aqu-sz     await     %util
04:41:07 PM IST   nvme0n1      0.00      0.00      0.00      0.00      0.00      0.00      0.00      0.00
04:41:07 PM IST       sda   1451.00      0.00   6104.00      0.00      4.21      0.78      0.28     43.60

04:41:07 PM IST       DEV       tps     rkB/s     wkB/s     dkB/s   areq-sz    aqu-sz     await     %util
04:41:08 PM IST   nvme0n1      0.00      0.00      0.00      0.00      0.00      0.00      0.00      0.00
04:41:08 PM IST       sda   1447.00      0.00   6128.00      0.00      4.23      0.82      0.30     40.80

04:41:08 PM IST       DEV       tps     rkB/s     wkB/s     dkB/s   areq-sz    aqu-sz     await     %util
04:41:09 PM IST   nvme0n1      0.00      0.00      0.00      0.00      0.00      0.00      0.00      0.00
04:41:09 PM IST       sda   1418.00      0.00   6060.00      0.00      4.27      0.81      0.30     37.60

04:41:09 PM IST       DEV       tps     rkB/s     wkB/s     dkB/s   areq-sz    aqu-sz     await     %util
04:41:10 PM IST   nvme0n1      0.00      0.00      0.00      0.00      0.00      0.00      0.00      0.00
04:41:10 PM IST       sda   1476.00      0.00   6240.00      0.00      4.23      0.83      0.30     44.00

04:41:10 PM IST       DEV       tps     rkB/s     wkB/s     dkB/s   areq-sz    aqu-sz     await     %util
04:41:11 PM IST   nvme0n1      0.00      0.00      0.00      0.00      0.00      0.00      0.00      0.00
04:41:11 PM IST       sda   1506.00      0.00   6320.00      0.00      4.20      0.78      0.28     45.20

04:41:11 PM IST       DEV       tps     rkB/s     wkB/s     dkB/s   areq-sz    aqu-sz     await     %util
04:41:12 PM IST   nvme0n1      0.00      0.00      0.00      0.00      0.00      0.00      0.00      0.00
04:41:12 PM IST       sda   1469.00      0.00   6172.00      0.00      4.20      0.75      0.27     40.80

04:41:12 PM IST       DEV       tps     rkB/s     wkB/s     dkB/s   areq-sz    aqu-sz     await     %util
04:41:13 PM IST   nvme0n1      0.00      0.00      0.00      0.00      0.00      0.00      0.00      0.00
04:41:13 PM IST       sda   1509.00     20.00   9408.00      0.00      6.25      0.75      0.27     41.20

04:41:13 PM IST       DEV       tps     rkB/s     wkB/s     dkB/s   areq-sz    aqu-sz     await     %util
04:41:14 PM IST   nvme0n1      0.00      0.00      0.00      0.00      0.00      0.00      0.00      0.00
04:41:14 PM IST       sda   1483.00      4.00   9724.00      0.00      6.56      0.72      0.26     40.80

04:41:14 PM IST       DEV       tps     rkB/s     wkB/s     dkB/s   areq-sz    aqu-sz     await     %util
04:41:15 PM IST   nvme0n1      0.00      0.00      0.00      0.00      0.00      0.00      0.00      0.00
04:41:15 PM IST       sda   1490.00      0.00   6896.00      0.00      4.63      0.75      0.27     36.80

04:41:15 PM IST       DEV       tps     rkB/s     wkB/s     dkB/s   areq-sz    aqu-sz     await     %util
04:41:16 PM IST   nvme0n1      0.00      0.00      0.00      0.00      0.00      0.00      0.00      0.00
04:41:16 PM IST       sda   1444.00     16.00   6604.00      0.00      4.58      0.71      0.26     33.20

04:41:16 PM IST       DEV       tps     rkB/s     wkB/s     dkB/s   areq-sz    aqu-sz     await     %util
04:41:17 PM IST   nvme0n1      0.00      0.00      0.00      0.00      0.00      0.00      0.00      0.00
04:41:17 PM IST       sda   1399.00      4.00   6128.00      0.00      4.38      0.70      0.27     38.40

04:41:17 PM IST       DEV       tps     rkB/s     wkB/s     dkB/s   areq-sz    aqu-sz     await     %util
04:41:18 PM IST   nvme0n1      0.00      0.00      0.00      0.00      0.00      0.00      0.00      0.00
04:41:18 PM IST       sda   1444.00      0.00   6172.00      0.00      4.27      0.74      0.27     32.40

04:41:18 PM IST       DEV       tps     rkB/s     wkB/s     dkB/s   areq-sz    aqu-sz     await     %util
04:41:19 PM IST   nvme0n1      0.00      0.00      0.00      0.00      0.00      0.00      0.00      0.00
04:41:19 PM IST       sda   1430.00    440.00   6652.00      0.00      4.96      0.78      0.30     38.80

04:41:19 PM IST       DEV       tps     rkB/s     wkB/s     dkB/s   areq-sz    aqu-sz     await     %util
04:41:20 PM IST   nvme0n1      0.00      0.00      0.00      0.00      0.00      0.00      0.00      0.00
04:41:20 PM IST       sda   1412.00      0.00   5984.00      0.00      4.24      0.74      0.28     39.20

04:41:20 PM IST       DEV       tps     rkB/s     wkB/s     dkB/s   areq-sz    aqu-sz     await     %util
04:41:21 PM IST   nvme0n1      0.00      0.00      0.00      0.00      0.00      0.00      0.00      0.00
04:41:21 PM IST       sda   1465.00      0.00   6284.00      0.00      4.29      0.76      0.28     41.60

04:41:21 PM IST       DEV       tps     rkB/s     wkB/s     dkB/s   areq-sz    aqu-sz     await     %util
04:41:22 PM IST   nvme0n1      0.00      0.00      0.00      0.00      0.00      0.00      0.00      0.00
04:41:22 PM IST       sda   1442.00     16.00   6368.00      0.00      4.43      0.82      0.30     45.20

04:41:22 PM IST       DEV       tps     rkB/s     wkB/s     dkB/s   areq-sz    aqu-sz     await     %util
04:41:23 PM IST   nvme0n1      0.00      0.00      0.00      0.00      0.00      0.00      0.00      0.00
04:41:23 PM IST       sda   1398.00    488.00   6376.00      0.00      4.91      0.80      0.31     43.20

04:41:23 PM IST       DEV       tps     rkB/s     wkB/s     dkB/s   areq-sz    aqu-sz     await     %util
04:41:24 PM IST   nvme0n1      0.00      0.00      0.00      0.00      0.00      0.00      0.00      0.00
04:41:24 PM IST       sda   1433.00      0.00   6072.00      0.00      4.24      0.81      0.30     39.20

04:41:24 PM IST       DEV       tps     rkB/s     wkB/s     dkB/s   areq-sz    aqu-sz     await     %util
04:41:25 PM IST   nvme0n1      0.00      0.00      0.00      0.00      0.00      0.00      0.00      0.00
04:41:25 PM IST       sda   1469.00      0.00   6432.00      0.00      4.38      0.76      0.27     40.00

04:41:25 PM IST       DEV       tps     rkB/s     wkB/s     dkB/s   areq-sz    aqu-sz     await     %util
04:41:26 PM IST   nvme0n1      0.00      0.00      0.00      0.00      0.00      0.00      0.00      0.00
04:41:26 PM IST       sda   1246.00    120.00   5704.00      0.00      4.67      0.65      0.28     32.40

04:41:26 PM IST       DEV       tps     rkB/s     wkB/s     dkB/s   areq-sz    aqu-sz     await     %util
04:41:27 PM IST   nvme0n1      0.00      0.00      0.00      0.00      0.00      0.00      0.00      0.00
04:41:27 PM IST       sda   1397.00     16.00   5908.00      0.00      4.24      0.69      0.26     33.60

04:41:27 PM IST       DEV       tps     rkB/s     wkB/s     dkB/s   areq-sz    aqu-sz     await     %util
04:41:28 PM IST   nvme0n1      0.00      0.00      0.00      0.00      0.00      0.00      0.00      0.00
04:41:28 PM IST       sda   1455.00      0.00   6140.00      0.00      4.22      0.72      0.26     36.80

04:41:28 PM IST       DEV       tps     rkB/s     wkB/s     dkB/s   areq-sz    aqu-sz     await     %util
04:41:29 PM IST   nvme0n1      0.00      0.00      0.00      0.00      0.00      0.00      0.00      0.00
04:41:29 PM IST       sda   1461.00      0.00   6432.00      0.00      4.40      0.75      0.27     42.80

04:41:29 PM IST       DEV       tps     rkB/s     wkB/s     dkB/s   areq-sz    aqu-sz     await     %util
04:41:30 PM IST   nvme0n1      0.00      0.00      0.00      0.00      0.00      0.00      0.00      0.00
04:41:30 PM IST       sda   1482.00      0.00   6344.00      0.00      4.28      0.73      0.26     38.40

04:41:30 PM IST       DEV       tps     rkB/s     wkB/s     dkB/s   areq-sz    aqu-sz     await     %util
04:41:31 PM IST   nvme0n1      0.00      0.00      0.00      0.00      0.00      0.00      0.00      0.00
04:41:31 PM IST       sda   1552.00      0.00   6536.00      0.00      4.21      0.75      0.26     44.00

04:41:31 PM IST       DEV       tps     rkB/s     wkB/s     dkB/s   areq-sz    aqu-sz     await     %util
04:41:32 PM IST   nvme0n1      0.00      0.00      0.00      0.00      0.00      0.00      0.00      0.00
04:41:32 PM IST       sda   1600.00      0.00   7012.00      0.00      4.38      0.75      0.25     39.20

04:41:32 PM IST       DEV       tps     rkB/s     wkB/s     dkB/s   areq-sz    aqu-sz     await     %util
04:41:33 PM IST   nvme0n1      0.00      0.00      0.00      0.00      0.00      0.00      0.00      0.00
04:41:33 PM IST       sda   1467.00      0.00   6220.00      0.00      4.24      0.81      0.29     43.20

04:41:33 PM IST       DEV       tps     rkB/s     wkB/s     dkB/s   areq-sz    aqu-sz     await     %util
04:41:34 PM IST   nvme0n1      0.00      0.00      0.00      0.00      0.00      0.00      0.00      0.00
04:41:34 PM IST       sda   1463.00      0.00   6144.00      0.00      4.20      0.75      0.27     43.20

04:41:34 PM IST       DEV       tps     rkB/s     wkB/s     dkB/s   areq-sz    aqu-sz     await     %util
04:41:35 PM IST   nvme0n1      0.00      0.00      0.00      0.00      0.00      0.00      0.00      0.00
04:41:35 PM IST       sda   1470.00      0.00   6536.00      0.00      4.45      0.75      0.27     41.20

04:41:35 PM IST       DEV       tps     rkB/s     wkB/s     dkB/s   areq-sz    aqu-sz     await     %util
04:41:36 PM IST   nvme0n1      0.00      0.00      0.00      0.00      0.00      0.00      0.00      0.00
04:41:36 PM IST       sda   1374.00      0.00   5888.00      0.00      4.29      0.78      0.30     40.40

04:41:36 PM IST       DEV       tps     rkB/s     wkB/s     dkB/s   areq-sz    aqu-sz     await     %util
04:41:37 PM IST   nvme0n1      0.00      0.00      0.00      0.00      0.00      0.00      0.00      0.00
04:41:37 PM IST       sda   1441.00      0.00   6112.00      0.00      4.24      0.80      0.29     43.60

04:41:37 PM IST       DEV       tps     rkB/s     wkB/s     dkB/s   areq-sz    aqu-sz     await     %util
04:41:38 PM IST   nvme0n1      0.00      0.00      0.00      0.00      0.00      0.00      0.00      0.00
04:41:38 PM IST       sda   1471.00      0.00   6620.00      0.00      4.50      0.84      0.30     44.80

04:41:38 PM IST       DEV       tps     rkB/s     wkB/s     dkB/s   areq-sz    aqu-sz     await     %util
04:41:39 PM IST   nvme0n1      0.00      0.00      0.00      0.00      0.00      0.00      0.00      0.00
04:41:39 PM IST       sda   1504.00      0.00   6344.00      0.00      4.22      0.82      0.29     43.60

04:41:39 PM IST       DEV       tps     rkB/s     wkB/s     dkB/s   areq-sz    aqu-sz     await     %util
04:41:40 PM IST   nvme0n1      0.00      0.00      0.00      0.00      0.00      0.00      0.00      0.00
04:41:40 PM IST       sda   1460.00      0.00   6144.00      0.00      4.21      0.77      0.28     39.20

04:41:40 PM IST       DEV       tps     rkB/s     wkB/s     dkB/s   areq-sz    aqu-sz     await     %util
04:41:41 PM IST   nvme0n1      0.00      0.00      0.00      0.00      0.00      0.00      0.00      0.00
04:41:41 PM IST       sda   1523.00      0.00   6672.00      0.00      4.38      0.75      0.26     36.80

04:41:41 PM IST       DEV       tps     rkB/s     wkB/s     dkB/s   areq-sz    aqu-sz     await     %util
04:41:42 PM IST   nvme0n1      0.00      0.00      0.00      0.00      0.00      0.00      0.00      0.00
04:41:42 PM IST       sda   1417.00      0.00   5960.00      0.00      4.21      0.69      0.26     32.80

04:41:42 PM IST       DEV       tps     rkB/s     wkB/s     dkB/s   areq-sz    aqu-sz     await     %util
04:41:43 PM IST   nvme0n1      0.00      0.00      0.00      0.00      0.00      0.00      0.00      0.00
04:41:43 PM IST       sda   1481.00      0.00   6260.00      0.00      4.23      0.75      0.27     38.00

04:41:43 PM IST       DEV       tps     rkB/s     wkB/s     dkB/s   areq-sz    aqu-sz     await     %util
04:41:44 PM IST   nvme0n1      0.00      0.00      0.00      0.00      0.00      0.00      0.00      0.00
04:41:44 PM IST       sda   1510.00      0.00   6440.00      0.00      4.26      0.75      0.26     42.40

04:41:44 PM IST       DEV       tps     rkB/s     wkB/s     dkB/s   areq-sz    aqu-sz     await     %util
04:41:45 PM IST   nvme0n1      0.00      0.00      0.00      0.00      0.00      0.00      0.00      0.00
04:41:45 PM IST       sda   1494.00      0.00   6736.00      0.00      4.51      0.73      0.26     37.20

04:41:45 PM IST       DEV       tps     rkB/s     wkB/s     dkB/s   areq-sz    aqu-sz     await     %util
04:41:46 PM IST   nvme0n1      0.00      0.00      0.00      0.00      0.00      0.00      0.00      0.00
04:41:46 PM IST       sda   1453.00      0.00   6124.00      0.00      4.21      0.72      0.26     36.80

04:41:46 PM IST       DEV       tps     rkB/s     wkB/s     dkB/s   areq-sz    aqu-sz     await     %util
04:41:47 PM IST   nvme0n1      0.00      0.00      0.00      0.00      0.00      0.00      0.00      0.00
04:41:47 PM IST       sda   1487.00      0.00   6280.00      0.00      4.22      0.77      0.27     44.40

04:41:47 PM IST       DEV       tps     rkB/s     wkB/s     dkB/s   areq-sz    aqu-sz     await     %util
04:41:48 PM IST   nvme0n1      0.00      0.00      0.00      0.00      0.00      0.00      0.00      0.00
04:41:48 PM IST       sda   1495.00      0.00   6568.00      0.00      4.39      0.77      0.27     41.60

04:41:48 PM IST       DEV       tps     rkB/s     wkB/s     dkB/s   areq-sz    aqu-sz     await     %util
04:41:49 PM IST   nvme0n1      0.00      0.00      0.00      0.00      0.00      0.00      0.00      0.00
04:41:49 PM IST       sda   1471.00      0.00   6192.00      0.00      4.21      0.75      0.27     40.00

04:41:49 PM IST       DEV       tps     rkB/s     wkB/s     dkB/s   areq-sz    aqu-sz     await     %util
04:41:50 PM IST   nvme0n1      0.00      0.00      0.00      0.00      0.00      0.00      0.00      0.00
04:41:50 PM IST       sda   1451.00      0.00   6128.00      0.00      4.22      0.80      0.29     46.80

04:41:50 PM IST       DEV       tps     rkB/s     wkB/s     dkB/s   areq-sz    aqu-sz     await     %util
04:41:51 PM IST   nvme0n1      0.00      0.00      0.00      0.00      0.00      0.00      0.00      0.00
04:41:51 PM IST       sda   1434.00      0.00   6284.00      0.00      4.38      0.80      0.29     40.00

04:41:51 PM IST       DEV       tps     rkB/s     wkB/s     dkB/s   areq-sz    aqu-sz     await     %util
04:41:52 PM IST   nvme0n1      0.00      0.00      0.00      0.00      0.00      0.00      0.00      0.00
04:41:52 PM IST       sda   1456.00      0.00   6224.00      0.00      4.27      0.80      0.29     44.40

04:41:52 PM IST       DEV       tps     rkB/s     wkB/s     dkB/s   areq-sz    aqu-sz     await     %util
04:41:53 PM IST   nvme0n1      0.00      0.00      0.00      0.00      0.00      0.00      0.00      0.00
04:41:53 PM IST       sda   1453.00      0.00   6136.00      0.00      4.22      0.81      0.29     43.60

04:41:53 PM IST       DEV       tps     rkB/s     wkB/s     dkB/s   areq-sz    aqu-sz     await     %util
04:41:54 PM IST   nvme0n1      0.00      0.00      0.00      0.00      0.00      0.00      0.00      0.00
04:41:54 PM IST       sda   1485.00      0.00   6592.00      0.00      4.44      0.77      0.27     45.20

04:41:54 PM IST       DEV       tps     rkB/s     wkB/s     dkB/s   areq-sz    aqu-sz     await     %util
04:41:55 PM IST   nvme0n1      0.00      0.00      0.00      0.00      0.00      0.00      0.00      0.00
04:41:55 PM IST       sda   1474.00      0.00   6208.00      0.00      4.21      0.73      0.26     37.20

04:41:55 PM IST       DEV       tps     rkB/s     wkB/s     dkB/s   areq-sz    aqu-sz     await     %util
04:41:56 PM IST   nvme0n1      0.00      0.00      0.00      0.00      0.00      0.00      0.00      0.00
04:41:56 PM IST       sda   1479.00      0.00   6424.00      0.00      4.34      0.73      0.26     36.40

04:41:56 PM IST       DEV       tps     rkB/s     wkB/s     dkB/s   areq-sz    aqu-sz     await     %util
04:41:57 PM IST   nvme0n1      0.00      0.00      0.00      0.00      0.00      0.00      0.00      0.00
04:41:57 PM IST       sda   1487.00      0.00   6580.00      0.00      4.43      0.74      0.26     35.20

04:41:57 PM IST       DEV       tps     rkB/s     wkB/s     dkB/s   areq-sz    aqu-sz     await     %util
04:41:58 PM IST   nvme0n1      0.00      0.00      0.00      0.00      0.00      0.00      0.00      0.00
04:41:58 PM IST       sda   1468.00      0.00   6184.00      0.00      4.21      0.75      0.27     45.20

04:41:58 PM IST       DEV       tps     rkB/s     wkB/s     dkB/s   areq-sz    aqu-sz     await     %util
04:41:59 PM IST   nvme0n1      0.00      0.00      0.00      0.00      0.00      0.00      0.00      0.00
04:41:59 PM IST       sda   1514.00      0.00   6392.00      0.00      4.22      0.75      0.26     46.00

04:41:59 PM IST       DEV       tps     rkB/s     wkB/s     dkB/s   areq-sz    aqu-sz     await     %util
04:42:00 PM IST   nvme0n1      0.00      0.00      0.00      0.00      0.00      0.00      0.00      0.00
04:42:00 PM IST       sda   1477.00      0.00   6216.00      0.00      4.21      0.73      0.26     36.00

04:42:00 PM IST       DEV       tps     rkB/s     wkB/s     dkB/s   areq-sz    aqu-sz     await     %util
04:42:01 PM IST   nvme0n1      0.00      0.00      0.00      0.00      0.00      0.00      0.00      0.00
04:42:01 PM IST       sda   1484.00      0.00   6488.00      0.00      4.37      0.75      0.27     42.80

04:42:01 PM IST       DEV       tps     rkB/s     wkB/s     dkB/s   areq-sz    aqu-sz     await     %util
04:42:02 PM IST   nvme0n1      0.00      0.00      0.00      0.00      0.00      0.00      0.00      0.00
04:42:02 PM IST       sda   1473.00      0.00   6288.00      0.00      4.27      0.77      0.28     40.80

04:42:02 PM IST       DEV       tps     rkB/s     wkB/s     dkB/s   areq-sz    aqu-sz     await     %util
04:42:03 PM IST   nvme0n1      0.00      0.00      0.00      0.00      0.00      0.00      0.00      0.00
04:42:03 PM IST       sda   1577.00      0.00   6668.00      0.00      4.23      0.79      0.27     42.40

04:42:03 PM IST       DEV       tps     rkB/s     wkB/s     dkB/s   areq-sz    aqu-sz     await     %util
04:42:04 PM IST   nvme0n1      0.00      0.00      0.00      0.00      0.00      0.00      0.00      0.00
04:42:04 PM IST       sda   1486.00      0.00   6528.00      0.00      4.39      0.81      0.29     40.40

04:42:04 PM IST       DEV       tps     rkB/s     wkB/s     dkB/s   areq-sz    aqu-sz     await     %util
04:42:05 PM IST   nvme0n1      0.00      0.00      0.00      0.00      0.00      0.00      0.00      0.00
04:42:05 PM IST       sda   1424.00      0.00   6012.00      0.00      4.22      0.81      0.30     44.40

04:42:05 PM IST       DEV       tps     rkB/s     wkB/s     dkB/s   areq-sz    aqu-sz     await     %util
04:42:06 PM IST   nvme0n1      0.00      0.00      0.00      0.00      0.00      0.00      0.00      0.00
04:42:06 PM IST       sda   1436.00      0.00   6132.00      0.00      4.27      0.81      0.30     40.00

04:42:06 PM IST       DEV       tps     rkB/s     wkB/s     dkB/s   areq-sz    aqu-sz     await     %util
04:42:07 PM IST   nvme0n1      0.00      0.00      0.00      0.00      0.00      0.00      0.00      0.00
04:42:07 PM IST       sda   1493.00      0.00   6600.00      0.00      4.42      0.83      0.30     41.20

04:42:07 PM IST       DEV       tps     rkB/s     wkB/s     dkB/s   areq-sz    aqu-sz     await     %util
04:42:08 PM IST   nvme0n1      0.00      0.00      0.00      0.00      0.00      0.00      0.00      0.00
04:42:08 PM IST       sda   1427.00     12.00   6024.00      0.00      4.23      0.76      0.28     40.80

04:42:08 PM IST       DEV       tps     rkB/s     wkB/s     dkB/s   areq-sz    aqu-sz     await     %util
04:42:09 PM IST   nvme0n1      0.00      0.00      0.00      0.00      0.00      0.00      0.00      0.00
04:42:09 PM IST       sda   1453.00      8.00   6100.00      0.00      4.20      0.72      0.26     42.80

04:42:09 PM IST       DEV       tps     rkB/s     wkB/s     dkB/s   areq-sz    aqu-sz     await     %util
04:42:10 PM IST   nvme0n1      0.00      0.00      0.00      0.00      0.00      0.00      0.00      0.00
04:42:10 PM IST       sda   1482.00      0.00   6668.00      0.00      4.50      0.73      0.26     41.60

04:42:10 PM IST       DEV       tps     rkB/s     wkB/s     dkB/s   areq-sz    aqu-sz     await     %util
04:42:11 PM IST   nvme0n1      0.00      0.00      0.00      0.00      0.00      0.00      0.00      0.00
04:42:11 PM IST       sda   1451.00      0.00   6104.00      0.00      4.21      0.71      0.26     37.60

04:42:11 PM IST       DEV       tps     rkB/s     wkB/s     dkB/s   areq-sz    aqu-sz     await     %util
04:42:12 PM IST   nvme0n1      0.00      0.00      0.00      0.00      0.00      0.00      0.00      0.00
04:42:12 PM IST       sda   1460.00      0.00   6276.00      0.00      4.30      0.74      0.27     36.40

04:42:12 PM IST       DEV       tps     rkB/s     wkB/s     dkB/s   areq-sz    aqu-sz     await     %util
04:42:13 PM IST   nvme0n1      0.00      0.00      0.00      0.00      0.00      0.00      0.00      0.00
04:42:13 PM IST       sda   1499.00      0.00   6344.00      0.00      4.23      0.74      0.26     42.00

04:42:13 PM IST       DEV       tps     rkB/s     wkB/s     dkB/s   areq-sz    aqu-sz     await     %util
04:42:14 PM IST   nvme0n1      0.00      0.00      0.00      0.00      0.00      0.00      0.00      0.00
04:42:14 PM IST       sda   1466.00      0.00   6464.00      0.00      4.41      0.73      0.26     37.60

04:42:14 PM IST       DEV       tps     rkB/s     wkB/s     dkB/s   areq-sz    aqu-sz     await     %util
04:42:15 PM IST   nvme0n1      0.00      0.00      0.00      0.00      0.00      0.00      0.00      0.00
04:42:15 PM IST       sda   1485.00      0.00   6240.00      0.00      4.20      0.73      0.26     38.40

04:42:15 PM IST       DEV       tps     rkB/s     wkB/s     dkB/s   areq-sz    aqu-sz     await     %util
04:42:16 PM IST   nvme0n1      0.00      0.00      0.00      0.00      0.00      0.00      0.00      0.00
04:42:16 PM IST       sda   1475.00      0.00   6512.00      0.00      4.41      0.79      0.28     42.40

04:42:16 PM IST       DEV       tps     rkB/s     wkB/s     dkB/s   areq-sz    aqu-sz     await     %util
04:42:17 PM IST   nvme0n1      0.00      0.00      0.00      0.00      0.00      0.00      0.00      0.00
04:42:17 PM IST       sda   1446.00      0.00   6940.00      0.00      4.80      0.76      0.28     37.60

04:42:17 PM IST       DEV       tps     rkB/s     wkB/s     dkB/s   areq-sz    aqu-sz     await     %util
04:42:18 PM IST   nvme0n1      0.00      0.00      0.00      0.00      0.00      0.00      0.00      0.00
04:42:18 PM IST       sda   1443.00      0.00   6096.00      0.00      4.22      0.76      0.28     38.80

04:42:18 PM IST       DEV       tps     rkB/s     wkB/s     dkB/s   areq-sz    aqu-sz     await     %util
04:42:19 PM IST   nvme0n1      0.00      0.00      0.00      0.00      0.00      0.00      0.00      0.00
04:42:19 PM IST       sda   1459.00      0.00   6276.00      0.00      4.30      0.83      0.30     41.20

04:42:19 PM IST       DEV       tps     rkB/s     wkB/s     dkB/s   areq-sz    aqu-sz     await     %util
04:42:20 PM IST   nvme0n1      0.00      0.00      0.00      0.00      0.00      0.00      0.00      0.00
04:42:20 PM IST       sda   1455.00     48.00   6360.00      0.00      4.40      0.81      0.29     41.20

04:42:20 PM IST       DEV       tps     rkB/s     wkB/s     dkB/s   areq-sz    aqu-sz     await     %util
04:42:21 PM IST   nvme0n1      0.00      0.00      0.00      0.00      0.00      0.00      0.00      0.00
04:42:21 PM IST       sda   1404.00      4.00   5920.00      0.00      4.22      0.80      0.30     35.20

04:42:21 PM IST       DEV       tps     rkB/s     wkB/s     dkB/s   areq-sz    aqu-sz     await     %util
04:42:22 PM IST   nvme0n1      0.00      0.00      0.00      0.00      0.00      0.00      0.00      0.00
04:42:22 PM IST       sda   1546.00     12.00   6672.00      0.00      4.32      0.79      0.27     43.60

04:42:22 PM IST       DEV       tps     rkB/s     wkB/s     dkB/s   areq-sz    aqu-sz     await     %util
04:42:23 PM IST   nvme0n1      0.00      0.00      0.00      0.00      0.00      0.00      0.00      0.00
04:42:23 PM IST       sda   1406.00      0.00   6336.00      0.00      4.51      0.72      0.27     40.00

04:42:23 PM IST       DEV       tps     rkB/s     wkB/s     dkB/s   areq-sz    aqu-sz     await     %util
04:42:24 PM IST   nvme0n1      0.00      0.00      0.00      0.00      0.00      0.00      0.00      0.00
04:42:24 PM IST       sda   1419.00      0.00   5960.00      0.00      4.20      0.71      0.26     36.40

04:42:24 PM IST       DEV       tps     rkB/s     wkB/s     dkB/s   areq-sz    aqu-sz     await     %util
04:42:25 PM IST   nvme0n1      0.00      0.00      0.00      0.00      0.00      0.00      0.00      0.00
04:42:25 PM IST       sda   1445.00      0.00   6088.00      0.00      4.21      0.71      0.26     37.60

04:42:25 PM IST       DEV       tps     rkB/s     wkB/s     dkB/s   areq-sz    aqu-sz     await     %util
04:42:26 PM IST   nvme0n1      0.00      0.00      0.00      0.00      0.00      0.00      0.00      0.00
04:42:26 PM IST       sda   1333.00      0.00   5848.00      0.00      4.39      0.78      0.31     36.80

04:42:26 PM IST       DEV       tps     rkB/s     wkB/s     dkB/s   areq-sz    aqu-sz     await     %util
04:42:27 PM IST   nvme0n1      0.00      0.00      0.00      0.00      0.00      0.00      0.00      0.00
04:42:27 PM IST       sda   1394.00      0.00   6080.00      0.00      4.36      0.68      0.26     36.40

04:42:27 PM IST       DEV       tps     rkB/s     wkB/s     dkB/s   areq-sz    aqu-sz     await     %util
04:42:28 PM IST   nvme0n1      0.00      0.00      0.00      0.00      0.00      0.00      0.00      0.00
04:42:28 PM IST       sda   1474.00      0.00   6232.00      0.00      4.23      0.73      0.26     42.80

04:42:28 PM IST       DEV       tps     rkB/s     wkB/s     dkB/s   areq-sz    aqu-sz     await     %util
04:42:29 PM IST   nvme0n1      0.00      0.00      0.00      0.00      0.00      0.00      0.00      0.00
04:42:29 PM IST       sda   1446.00      0.00   6088.00      0.00      4.21      0.72      0.26     37.60

04:42:29 PM IST       DEV       tps     rkB/s     wkB/s     dkB/s   areq-sz    aqu-sz     await     %util
04:42:30 PM IST   nvme0n1      0.00      0.00      0.00      0.00      0.00      0.00      0.00      0.00
04:42:30 PM IST       sda   1467.00      0.00   6652.00      0.00      4.53      0.79      0.29     38.00

04:42:30 PM IST       DEV       tps     rkB/s     wkB/s     dkB/s   areq-sz    aqu-sz     await     %util
04:42:31 PM IST   nvme0n1      0.00      0.00      0.00      0.00      0.00      0.00      0.00      0.00
04:42:31 PM IST       sda   1472.00      0.00   6184.00      0.00      4.20      0.76      0.27     42.80

04:42:31 PM IST       DEV       tps     rkB/s     wkB/s     dkB/s   areq-sz    aqu-sz     await     %util
04:42:32 PM IST   nvme0n1      0.00      0.00      0.00      0.00      0.00      0.00      0.00      0.00
04:42:32 PM IST       sda   1445.00      0.00   6076.00      0.00      4.20      0.74      0.27     38.80

04:42:32 PM IST       DEV       tps     rkB/s     wkB/s     dkB/s   areq-sz    aqu-sz     await     %util
04:42:33 PM IST   nvme0n1      0.00      0.00      0.00      0.00      0.00      0.00      0.00      0.00
04:42:33 PM IST       sda   1455.00      0.00   6400.00      0.00      4.40      0.81      0.29     44.40

04:42:33 PM IST       DEV       tps     rkB/s     wkB/s     dkB/s   areq-sz    aqu-sz     await     %util
04:42:34 PM IST   nvme0n1      0.00      0.00      0.00      0.00      0.00      0.00      0.00      0.00
04:42:34 PM IST       sda   1546.00      0.00   6496.00      0.00      4.20      0.85      0.30     40.00

04:42:34 PM IST       DEV       tps     rkB/s     wkB/s     dkB/s   areq-sz    aqu-sz     await     %util
04:42:35 PM IST   nvme0n1      0.00      0.00      0.00      0.00      0.00      0.00      0.00      0.00
04:42:35 PM IST       sda   1427.00      0.00   6104.00      0.00      4.28      0.81      0.30     36.80

04:42:35 PM IST       DEV       tps     rkB/s     wkB/s     dkB/s   areq-sz    aqu-sz     await     %util
04:42:36 PM IST   nvme0n1      0.00      0.00      0.00      0.00      0.00      0.00      0.00      0.00
04:42:36 PM IST       sda   1482.00      0.00   6560.00      0.00      4.43      0.82      0.29     45.20

04:42:36 PM IST       DEV       tps     rkB/s     wkB/s     dkB/s   areq-sz    aqu-sz     await     %util
04:42:37 PM IST   nvme0n1      0.00      0.00      0.00      0.00      0.00      0.00      0.00      0.00
04:42:37 PM IST       sda   1490.00      0.00   6352.00      0.00      4.26      0.78      0.28     41.20

04:42:37 PM IST       DEV       tps     rkB/s     wkB/s     dkB/s   areq-sz    aqu-sz     await     %util
04:42:38 PM IST   nvme0n1      0.00      0.00      0.00      0.00      0.00      0.00      0.00      0.00
04:42:38 PM IST       sda   1496.00      0.00   6428.00      0.00      4.30      0.74      0.27     44.40

04:42:38 PM IST       DEV       tps     rkB/s     wkB/s     dkB/s   areq-sz    aqu-sz     await     %util
04:42:39 PM IST   nvme0n1      0.00      0.00      0.00      0.00      0.00      0.00      0.00      0.00
04:42:39 PM IST       sda   1507.00      0.00   6584.00      0.00      4.37      0.74      0.26     36.40

04:42:39 PM IST       DEV       tps     rkB/s     wkB/s     dkB/s   areq-sz    aqu-sz     await     %util
04:42:40 PM IST   nvme0n1      0.00      0.00      0.00      0.00      0.00      0.00      0.00      0.00
04:42:40 PM IST       sda   1507.00      0.00   6336.00      0.00      4.20      0.76      0.27     40.00

04:42:40 PM IST       DEV       tps     rkB/s     wkB/s     dkB/s   areq-sz    aqu-sz     await     %util
04:42:41 PM IST   nvme0n1      0.00      0.00      0.00      0.00      0.00      0.00      0.00      0.00
04:42:41 PM IST       sda   1455.00      0.00   6136.00      0.00      4.22      0.73      0.27     38.00

04:42:41 PM IST       DEV       tps     rkB/s     wkB/s     dkB/s   areq-sz    aqu-sz     await     %util
04:42:42 PM IST   nvme0n1      0.00      0.00      0.00      0.00      0.00      0.00      0.00      0.00
04:42:42 PM IST       sda   1379.00      0.00   6096.00      0.00      4.42      0.68      0.26     34.00

04:42:42 PM IST       DEV       tps     rkB/s     wkB/s     dkB/s   areq-sz    aqu-sz     await     %util
04:42:43 PM IST   nvme0n1      0.00      0.00      0.00      0.00      0.00      0.00      0.00      0.00
04:42:43 PM IST       sda   1465.00      0.00   6248.00      0.00      4.26      0.72      0.26     39.60

04:42:43 PM IST       DEV       tps     rkB/s     wkB/s     dkB/s   areq-sz    aqu-sz     await     %util
04:42:44 PM IST   nvme0n1      0.00      0.00      0.00      0.00      0.00      0.00      0.00      0.00
04:42:44 PM IST       sda   1385.00      0.00   5832.00      0.00      4.21      0.73      0.28     38.80

04:42:44 PM IST       DEV       tps     rkB/s     wkB/s     dkB/s   areq-sz    aqu-sz     await     %util
04:42:45 PM IST   nvme0n1      0.00      0.00      0.00      0.00      0.00      0.00      0.00      0.00
04:42:45 PM IST       sda   1440.00      0.00   6164.00      0.00      4.28      0.75      0.28     40.00

04:42:45 PM IST       DEV       tps     rkB/s     wkB/s     dkB/s   areq-sz    aqu-sz     await     %util
04:42:46 PM IST   nvme0n1      0.00      0.00      0.00      0.00      0.00      0.00      0.00      0.00
04:42:46 PM IST       sda   1407.00     80.00   6392.00      0.00      4.60      0.73      0.27     35.60

04:42:46 PM IST       DEV       tps     rkB/s     wkB/s     dkB/s   areq-sz    aqu-sz     await     %util
04:42:47 PM IST   nvme0n1      0.00      0.00      0.00      0.00      0.00      0.00      0.00      0.00
04:42:47 PM IST       sda   1449.00      0.00   6104.00      0.00      4.21      0.77      0.28     40.40

04:42:47 PM IST       DEV       tps     rkB/s     wkB/s     dkB/s   areq-sz    aqu-sz     await     %util
04:42:48 PM IST   nvme0n1      0.00      0.00      0.00      0.00      0.00      0.00      0.00      0.00
04:42:48 PM IST       sda   1402.00      0.00   5952.00      0.00      4.25      0.80      0.30     40.00

04:42:48 PM IST       DEV       tps     rkB/s     wkB/s     dkB/s   areq-sz    aqu-sz     await     %util
04:42:49 PM IST   nvme0n1      0.00      0.00      0.00      0.00      0.00      0.00      0.00      0.00
04:42:49 PM IST       sda   1384.00    148.00   6008.00      0.00      4.45      0.79      0.30     41.60

04:42:49 PM IST       DEV       tps     rkB/s     wkB/s     dkB/s   areq-sz    aqu-sz     await     %util
04:42:50 PM IST   nvme0n1      0.00      0.00      0.00      0.00      0.00      0.00      0.00      0.00
04:42:50 PM IST       sda   1372.00      0.00   5896.00      0.00      4.30      0.79      0.30     46.40

04:42:50 PM IST       DEV       tps     rkB/s     wkB/s     dkB/s   areq-sz    aqu-sz     await     %util
04:42:51 PM IST   nvme0n1      0.00      0.00      0.00      0.00      0.00      0.00      0.00      0.00
04:42:51 PM IST       sda   1376.00      0.00   5792.00      0.00      4.21      0.72      0.28     38.00

04:42:51 PM IST       DEV       tps     rkB/s     wkB/s     dkB/s   areq-sz    aqu-sz     await     %util
04:42:52 PM IST   nvme0n1      0.00      0.00      0.00      0.00      0.00      0.00      0.00      0.00
04:42:52 PM IST       sda   1490.00    804.00   6112.00      0.00      4.64      0.76      0.28     38.40

04:42:52 PM IST       DEV       tps     rkB/s     wkB/s     dkB/s   areq-sz    aqu-sz     await     %util
04:42:53 PM IST   nvme0n1      0.00      0.00      0.00      0.00      0.00      0.00      0.00      0.00
04:42:53 PM IST       sda   1487.00      4.00   6476.00      0.00      4.36      0.74      0.27     41.60

04:42:53 PM IST       DEV       tps     rkB/s     wkB/s     dkB/s   areq-sz    aqu-sz     await     %util
04:42:54 PM IST   nvme0n1      0.00      0.00      0.00      0.00      0.00      0.00      0.00      0.00
04:42:54 PM IST       sda   1479.00      0.00   6236.00      0.00      4.22      0.73      0.26     44.40

04:42:54 PM IST       DEV       tps     rkB/s     wkB/s     dkB/s   areq-sz    aqu-sz     await     %util
04:42:55 PM IST   nvme0n1      0.00      0.00      0.00      0.00      0.00      0.00      0.00      0.00
04:42:55 PM IST       sda   1489.00    892.00   6208.00      0.00      4.77      0.83      0.32     38.80

04:42:55 PM IST       DEV       tps     rkB/s     wkB/s     dkB/s   areq-sz    aqu-sz     await     %util
04:42:56 PM IST   nvme0n1      0.00      0.00      0.00      0.00      0.00      0.00      0.00      0.00
04:42:56 PM IST       sda   1427.00      0.00   6132.00      0.00      4.30      0.72      0.27     37.20

04:42:56 PM IST       DEV       tps     rkB/s     wkB/s     dkB/s   areq-sz    aqu-sz     await     %util
04:42:57 PM IST   nvme0n1      0.00      0.00      0.00      0.00      0.00      0.00      0.00      0.00
04:42:57 PM IST       sda   1471.00      0.00   6180.00      0.00      4.20      0.74      0.27     45.60

04:42:57 PM IST       DEV       tps     rkB/s     wkB/s     dkB/s   areq-sz    aqu-sz     await     %util
04:42:58 PM IST   nvme0n1      0.00      0.00      0.00      0.00      0.00      0.00      0.00      0.00
04:42:58 PM IST       sda   1560.00      0.00   6992.00      0.00      4.48      0.77      0.27     41.20

04:42:58 PM IST       DEV       tps     rkB/s     wkB/s     dkB/s   areq-sz    aqu-sz     await     %util
04:42:59 PM IST   nvme0n1      0.00      0.00      0.00      0.00      0.00      0.00      0.00      0.00
04:42:59 PM IST       sda   1474.00    252.00   6188.00      0.00      4.37      0.81      0.30     37.60

04:42:59 PM IST       DEV       tps     rkB/s     wkB/s     dkB/s   areq-sz    aqu-sz     await     %util
04:43:00 PM IST   nvme0n1      0.00      0.00      0.00      0.00      0.00      0.00      0.00      0.00
04:43:00 PM IST       sda   1418.00      0.00   6252.00      0.00      4.41      0.76      0.28     36.80

04:43:00 PM IST       DEV       tps     rkB/s     wkB/s     dkB/s   areq-sz    aqu-sz     await     %util
04:43:01 PM IST   nvme0n1      0.00      0.00      0.00      0.00      0.00      0.00      0.00      0.00
04:43:01 PM IST       sda   1420.00      0.00   5992.00      0.00      4.22      0.74      0.27     39.20

04:43:01 PM IST       DEV       tps     rkB/s     wkB/s     dkB/s   areq-sz    aqu-sz     await     %util
04:43:02 PM IST   nvme0n1      0.00      0.00      0.00      0.00      0.00      0.00      0.00      0.00
04:43:02 PM IST       sda   1382.00      0.00   6080.00      0.00      4.40      0.78      0.30     39.20

04:43:02 PM IST       DEV       tps     rkB/s     wkB/s     dkB/s   areq-sz    aqu-sz     await     %util
04:43:03 PM IST   nvme0n1      0.00      0.00      0.00      0.00      0.00      0.00      0.00      0.00
04:43:03 PM IST       sda   1433.00      0.00   6176.00      0.00      4.31      0.83      0.30     40.00

04:43:03 PM IST       DEV       tps     rkB/s     wkB/s     dkB/s   areq-sz    aqu-sz     await     %util
04:43:04 PM IST   nvme0n1      0.00      0.00      0.00      0.00      0.00      0.00      0.00      0.00
04:43:04 PM IST       sda   1381.00      8.00   5808.00      0.00      4.21      0.79      0.30     48.40

04:43:04 PM IST       DEV       tps     rkB/s     wkB/s     dkB/s   areq-sz    aqu-sz     await     %util
04:43:05 PM IST   nvme0n1      0.00      0.00      0.00      0.00      0.00      0.00      0.00      0.00
04:43:05 PM IST       sda   1568.00   5968.00   6000.00      0.00      7.63      0.89      0.35     48.00

04:43:05 PM IST       DEV       tps     rkB/s     wkB/s     dkB/s   areq-sz    aqu-sz     await     %util
04:43:06 PM IST   nvme0n1      0.00      0.00      0.00      0.00      0.00      0.00      0.00      0.00
04:43:06 PM IST       sda   1363.00     40.00   8524.00      0.00      6.28      0.75      0.30     37.20

04:43:06 PM IST       DEV       tps     rkB/s     wkB/s     dkB/s   areq-sz    aqu-sz     await     %util
04:43:07 PM IST   nvme0n1      0.00      0.00      0.00      0.00      0.00      0.00      0.00      0.00
04:43:07 PM IST       sda   1357.00      0.00   5720.00      0.00      4.22      0.67      0.26     37.60

04:43:07 PM IST       DEV       tps     rkB/s     wkB/s     dkB/s   areq-sz    aqu-sz     await     %util
04:43:08 PM IST   nvme0n1      0.00      0.00      0.00      0.00      0.00      0.00      0.00      0.00
04:43:08 PM IST       sda   1566.00      8.00   7908.00      0.00      5.05      0.76      0.28     35.60

04:43:08 PM IST       DEV       tps     rkB/s     wkB/s     dkB/s   areq-sz    aqu-sz     await     %util
04:43:09 PM IST   nvme0n1      0.00      0.00      0.00      0.00      0.00      0.00      0.00      0.00
04:43:09 PM IST       sda   1442.00     32.00   6356.00      0.00      4.43      0.71      0.26     35.60

04:43:09 PM IST       DEV       tps     rkB/s     wkB/s     dkB/s   areq-sz    aqu-sz     await     %util
04:43:10 PM IST   nvme0n1      0.00      0.00      0.00      0.00      0.00      0.00      0.00      0.00
04:43:10 PM IST       sda   1406.00    148.00   6572.00      0.00      4.78      0.77      0.30     31.60

04:43:10 PM IST       DEV       tps     rkB/s     wkB/s     dkB/s   areq-sz    aqu-sz     await     %util
04:43:11 PM IST   nvme0n1      0.00      0.00      0.00      0.00      0.00      0.00      0.00      0.00
04:43:11 PM IST       sda   1455.00      0.00   6512.00      0.00      4.48      0.72      0.26     38.40

04:43:11 PM IST       DEV       tps     rkB/s     wkB/s     dkB/s   areq-sz    aqu-sz     await     %util
04:43:12 PM IST   nvme0n1      0.00      0.00      0.00      0.00      0.00      0.00      0.00      0.00
04:43:12 PM IST       sda   1446.00     44.00   6048.00      0.00      4.21      0.72      0.27     48.00

04:43:12 PM IST       DEV       tps     rkB/s     wkB/s     dkB/s   areq-sz    aqu-sz     await     %util
04:43:13 PM IST   nvme0n1      0.00      0.00      0.00      0.00      0.00      0.00      0.00      0.00
04:43:13 PM IST       sda   1464.00      4.00   6384.00      0.00      4.36      0.75      0.27     37.20

04:43:13 PM IST       DEV       tps     rkB/s     wkB/s     dkB/s   areq-sz    aqu-sz     await     %util
04:43:14 PM IST   nvme0n1      0.00      0.00      0.00      0.00      0.00      0.00      0.00      0.00
04:43:14 PM IST       sda   1410.00      0.00   6028.00      0.00      4.28      0.73      0.28     36.00

04:43:14 PM IST       DEV       tps     rkB/s     wkB/s     dkB/s   areq-sz    aqu-sz     await     %util
04:43:15 PM IST   nvme0n1      0.00      0.00      0.00      0.00      0.00      0.00      0.00      0.00
04:43:15 PM IST       sda   1473.00    136.00   6548.00      0.00      4.54      0.75      0.27     33.60

04:43:15 PM IST       DEV       tps     rkB/s     wkB/s     dkB/s   areq-sz    aqu-sz     await     %util
04:43:16 PM IST   nvme0n1      0.00      0.00      0.00      0.00      0.00      0.00      0.00      0.00
04:43:16 PM IST       sda   1406.00      0.00  10496.00      0.00      7.47      0.82      0.33     45.60

04:43:16 PM IST       DEV       tps     rkB/s     wkB/s     dkB/s   areq-sz    aqu-sz     await     %util
04:43:17 PM IST   nvme0n1      0.00      0.00      0.00      0.00      0.00      0.00      0.00      0.00
04:43:17 PM IST       sda   1419.00      0.00   6144.00      0.00      4.33      0.81      0.30     45.20

04:43:17 PM IST       DEV       tps     rkB/s     wkB/s     dkB/s   areq-sz    aqu-sz     await     %util
04:43:18 PM IST   nvme0n1      0.00      0.00      0.00      0.00      0.00      0.00      0.00      0.00
04:43:18 PM IST       sda   1429.00      0.00   6288.00      0.00      4.40      0.81      0.30     39.20

04:43:18 PM IST       DEV       tps     rkB/s     wkB/s     dkB/s   areq-sz    aqu-sz     await     %util
04:43:19 PM IST   nvme0n1      0.00      0.00      0.00      0.00      0.00      0.00      0.00      0.00
04:43:19 PM IST       sda   1432.00      0.00   6024.00      0.00      4.21      0.79      0.29     45.20

04:43:19 PM IST       DEV       tps     rkB/s     wkB/s     dkB/s   areq-sz    aqu-sz     await     %util
04:43:20 PM IST   nvme0n1      0.00      0.00      0.00      0.00      0.00      0.00      0.00      0.00
04:43:20 PM IST       sda   1467.00      0.00   6160.00      0.00      4.20      0.75      0.27     40.00

04:43:20 PM IST       DEV       tps     rkB/s     wkB/s     dkB/s   areq-sz    aqu-sz     await     %util
04:43:21 PM IST   nvme0n1      0.00      0.00      0.00      0.00      0.00      0.00      0.00      0.00
04:43:21 PM IST       sda   1601.00   3372.00   6396.00      0.00      6.10      0.94      0.37     41.20

04:43:21 PM IST       DEV       tps     rkB/s     wkB/s     dkB/s   areq-sz    aqu-sz     await     %util
04:43:22 PM IST   nvme0n1      0.00      0.00      0.00      0.00      0.00      0.00      0.00      0.00
04:43:22 PM IST       sda   1493.00    496.00   6448.00      0.00      4.65      0.75      0.27     36.00

04:43:22 PM IST       DEV       tps     rkB/s     wkB/s     dkB/s   areq-sz    aqu-sz     await     %util
04:43:23 PM IST   nvme0n1      0.00      0.00      0.00      0.00      0.00      0.00      0.00      0.00
04:43:23 PM IST       sda   1503.00     32.00   6416.00      0.00      4.29      0.75      0.27     38.40

04:43:23 PM IST       DEV       tps     rkB/s     wkB/s     dkB/s   areq-sz    aqu-sz     await     %util
04:43:24 PM IST   nvme0n1      0.00      0.00      0.00      0.00      0.00      0.00      0.00      0.00
04:43:24 PM IST       sda   1484.00      0.00   6904.00      0.00      4.65      0.74      0.27     40.00

04:43:24 PM IST       DEV       tps     rkB/s     wkB/s     dkB/s   areq-sz    aqu-sz     await     %util
04:43:25 PM IST   nvme0n1      0.00      0.00      0.00      0.00      0.00      0.00      0.00      0.00
04:43:25 PM IST       sda   1403.00      0.00   6008.00      0.00      4.28      0.69      0.26     38.00

04:43:25 PM IST       DEV       tps     rkB/s     wkB/s     dkB/s   areq-sz    aqu-sz     await     %util
04:43:26 PM IST   nvme0n1      0.00      0.00      0.00      0.00      0.00      0.00      0.00      0.00
04:43:26 PM IST       sda   1390.00     40.00   5824.00      0.00      4.22      0.69      0.26     36.80

04:43:26 PM IST       DEV       tps     rkB/s     wkB/s     dkB/s   areq-sz    aqu-sz     await     %util
04:43:27 PM IST   nvme0n1      0.00      0.00      0.00      0.00      0.00      0.00      0.00      0.00
04:43:27 PM IST       sda   1460.00      0.00   6368.00      0.00      4.36      0.74      0.27     39.20

04:43:27 PM IST       DEV       tps     rkB/s     wkB/s     dkB/s   areq-sz    aqu-sz     await     %util
04:43:28 PM IST   nvme0n1      0.00      0.00      0.00      0.00      0.00      0.00      0.00      0.00
04:43:28 PM IST       sda   1609.00     72.00   6964.00      0.00      4.37      0.84      0.29     46.00

04:43:28 PM IST       DEV       tps     rkB/s     wkB/s     dkB/s   areq-sz    aqu-sz     await     %util
04:43:29 PM IST   nvme0n1      0.00      0.00      0.00      0.00      0.00      0.00      0.00      0.00
04:43:29 PM IST       sda   1471.00      0.00   6328.00      0.00      4.30      0.74      0.27     39.60

04:43:29 PM IST       DEV       tps     rkB/s     wkB/s     dkB/s   areq-sz    aqu-sz     await     %util
04:43:30 PM IST   nvme0n1      0.00      0.00      0.00      0.00      0.00      0.00      0.00      0.00
04:43:30 PM IST       sda   1442.00      0.00   6488.00      0.00      4.50      0.77      0.29     38.40

04:43:30 PM IST       DEV       tps     rkB/s     wkB/s     dkB/s   areq-sz    aqu-sz     await     %util
04:43:31 PM IST   nvme0n1      0.00      0.00      0.00      0.00      0.00      0.00      0.00      0.00
04:43:31 PM IST       sda   1425.00      0.00   6016.00      0.00      4.22      0.84      0.31     44.00

04:43:31 PM IST       DEV       tps     rkB/s     wkB/s     dkB/s   areq-sz    aqu-sz     await     %util
04:43:32 PM IST   nvme0n1      0.00      0.00      0.00      0.00      0.00      0.00      0.00      0.00
04:43:32 PM IST       sda   1465.00      4.00   6172.00      0.00      4.22      0.83      0.30     46.00

04:43:32 PM IST       DEV       tps     rkB/s     wkB/s     dkB/s   areq-sz    aqu-sz     await     %util
04:43:33 PM IST   nvme0n1      0.00      0.00      0.00      0.00      0.00      0.00      0.00      0.00
04:43:33 PM IST       sda   1378.00      0.00   5888.00      0.00      4.27      0.78      0.30     40.80

04:43:33 PM IST       DEV       tps     rkB/s     wkB/s     dkB/s   areq-sz    aqu-sz     await     %util
04:43:34 PM IST   nvme0n1      0.00      0.00      0.00      0.00      0.00      0.00      0.00      0.00
04:43:34 PM IST       sda   1468.00      8.00  14972.00      0.00     10.20      0.81      0.32     40.00

04:43:34 PM IST       DEV       tps     rkB/s     wkB/s     dkB/s   areq-sz    aqu-sz     await     %util
04:43:35 PM IST   nvme0n1      0.00      0.00      0.00      0.00      0.00      0.00      0.00      0.00
04:43:35 PM IST       sda   1559.00      0.00   6568.00      0.00      4.21      0.74      0.26     32.00

04:43:35 PM IST       DEV       tps     rkB/s     wkB/s     dkB/s   areq-sz    aqu-sz     await     %util
04:43:36 PM IST   nvme0n1      0.00      0.00      0.00      0.00      0.00      0.00      0.00      0.00
04:43:36 PM IST       sda   1398.00     28.00   5864.00      0.00      4.21      0.69      0.26     35.20

04:43:36 PM IST       DEV       tps     rkB/s     wkB/s     dkB/s   areq-sz    aqu-sz     await     %util
04:43:37 PM IST   nvme0n1      0.00      0.00      0.00      0.00      0.00      0.00      0.00      0.00
04:43:37 PM IST       sda   1424.00      0.00   6000.00      0.00      4.21      0.75      0.28     36.00

04:43:37 PM IST       DEV       tps     rkB/s     wkB/s     dkB/s   areq-sz    aqu-sz     await     %util
04:43:38 PM IST   nvme0n1      0.00      0.00      0.00      0.00      0.00      0.00      0.00      0.00
04:43:38 PM IST       sda   1444.00     16.00   6232.00      0.00      4.33      0.71      0.26     39.60

04:43:38 PM IST       DEV       tps     rkB/s     wkB/s     dkB/s   areq-sz    aqu-sz     await     %util
04:43:39 PM IST   nvme0n1      0.00      0.00      0.00      0.00      0.00      0.00      0.00      0.00
04:43:39 PM IST       sda   1429.00      0.00  10152.00      0.00      7.10      0.75      0.30     40.40

04:43:39 PM IST       DEV       tps     rkB/s     wkB/s     dkB/s   areq-sz    aqu-sz     await     %util
04:43:40 PM IST   nvme0n1      0.00      0.00      0.00      0.00      0.00      0.00      0.00      0.00
04:43:40 PM IST       sda   1447.00      0.00   6164.00      0.00      4.26      0.72      0.26     33.20

04:43:40 PM IST       DEV       tps     rkB/s     wkB/s     dkB/s   areq-sz    aqu-sz     await     %util
04:43:41 PM IST   nvme0n1      0.00      0.00      0.00      0.00      0.00      0.00      0.00      0.00
04:43:41 PM IST       sda   1424.00      0.00   5992.00      0.00      4.21      0.77      0.28     40.80

04:43:41 PM IST       DEV       tps     rkB/s     wkB/s     dkB/s   areq-sz    aqu-sz     await     %util
04:43:42 PM IST   nvme0n1      0.00      0.00      0.00      0.00      0.00      0.00      0.00      0.00
04:43:42 PM IST       sda   1306.00      0.00   5496.00      0.00      4.21      0.68      0.27     35.60

04:43:42 PM IST       DEV       tps     rkB/s     wkB/s     dkB/s   areq-sz    aqu-sz     await     %util
04:43:43 PM IST   nvme0n1      0.00      0.00      0.00      0.00      0.00      0.00      0.00      0.00
04:43:43 PM IST       sda   1430.00      0.00   6188.00      0.00      4.33      0.73      0.27     36.40
