procs -----------memory---------- ---swap-- -----io---- -system-- -------cpu-------
 r  b   swpd   free   buff  cache   si   so    bi    bo   in   cs us sy id wa st gu
 0  2 1794316 184728  36176 3926008    6   19    99   298 2099   32  5  2 93  0  0  0
 0  2 1804556 248512  35940 3893044    0 5768     0  6272 4658 15481  2  1 80 17  0  0
 0  1 1805836 215676  35940 3917496    0  856     0  1168 5147 17132  2  1 88  8  0  0
 0  2 1805836 207248  35960 3915136    0    0     0   412 6253 27514  2  1 87  9  0  0
 7  1 1805836 158424  35968 3940320    0    0   176  5048 29050 167752 17  7 73  2  0  0
10  1 1861132 193064  33248 3882672    0 45416   384 50424 39535 165261 37 12 50  2  0  0
10  0 1861132 158836  33256 3885928    8    0     8  6028 33554 186640 17  8 74  0  0  0
 4  1 1861132 153856  33260 3885396    0    0     4  6404 31616 185920 14  7 78  0  0  0
 6  2 1861132 142996  33272 3884572    0    0     4 32192 33117 179931 20  8 72  1  0  0
 8  1 1886732 244544  31768 3848072    0 20760     0 26848 32646 166268 29  8 61  1  0  0
12  2 1886732 232064  31792 3851040   72    0    76  7300 32546 184612 17  7 75  1  0  0
10  1 1886732 193368  31800 3874132    0    0     0  6132 31720 180006 17  7 74  1  0  0
10  0 1886732 222808  31800 3840124    0    0     0  6216 31495 185236 16  7 75  1  0  0
 9  0 1838348 226000  29664 3866404 27188 1096 27188  7132 33554 182630 18  8 70  3  0  0
13  0 1840908 243976  29192 3864216    4 2568    16  8480 32521 185875 17  7 75  0  0  0
 9  0 1841164 324712  27616 3829668    0  348     0  6464 32777 184126 20  9 70  0  0  0
 8  1 1841164 338800  27632 3766612    0    0     0  6428 33535 185313 15  8 76  0  0  0
11  1 1841164 339724  27632 3758088    0    0     0  5736 31651 183540 15  7 77  2  0  0
11  0 1841164 387440  27632 3713464    0    0     0  5632 32160 183062 15  8 78  0  0  0
11  0 1841164 348676  27664 3746436    0    0     0  5936 32994 187236 17  7 75  1  0  0
14  2 1841164 285372  25360 3808424    0  128   988  6116 32513 185673 18  9 71  1  0  0
procs -----------memory---------- ---swap-- -----io---- -system-- -------cpu-------
 r  b   swpd   free   buff  cache   si   so    bi    bo   in   cs us sy id wa st gu
 7  0 1841164 297780  25368 3785648   48    0   160  5916 32857 186049 15  7 78  0  0  0
 8  1 1841164 279228  25512 3793628   32    0  9740  5800 32103 183049 14  8 77  1  0  0
 8  0 1841164 254532  25528 3814724    0    0     0  6164 32658 187079 14  7 78  0  0  0
 9  0 1841164 270132  25528 3807104    0    0     0  6064 32911 187004 15  7 77  0  0  0
11  0 1841164 280308  25560 3804720    0    0    40  5808 32630 176595 21  7 72  0  0  0
13  0 1841164 280744  25572 3801732    0    0     0  6224 31835 185935 15  7 78  0  0  0
12  0 1841164 286832  25572 3798028    0    0     8  6068 32884 183179 18  7 75  0  0  0
12  1 1841164 290688  25572 3798772    0    0     0  6128 32489 186246 15  7 77  1  0  0
 9  1 1841164 293380  25572 3798348    0    0     0  6008 31826 186255 16  8 75  0  0  0
11  0 1841164 297904  25580 3800384    0    0     0  6232 32302 187251 16  7 77  0  0  0
 9  1 1841164 296404  25588 3799988    0    0     0  6200 30534 187217 15  7 78  0  0  0
11  0 1841164 297624  25588 3792640    0    0     0  6716 31264 186613 14  7 79  0  0  0
 7  0 1841164 296712  25604 3792372    0    0     0  6180 29579 185455 13  7 80  0  0  0
11  0 1841164 300936  25636 3792344    0    0     0  6272 31538 188954 12  7 81  0  0  0
 9  1 1841164 313156  25676 3774924    0    0     0  6436 32246 189279 13  8 79  0  0  0
10  0 1841164 308256  25700 3774928    0    0     0  6440 29245 182429 12  7 81  0  0  0
10  0 1841164 317108  25700 3768848    0    0     0  6748 30897 187043 12  7 80  0  0  0
 8  0 1841164 317432  25700 3769072    0    0     0  6176 30374 186659 13  7 80  0  0  0
11  0 1841164 317164  25700 3769084    0    0     0  6248 29765 185264 13  6 81  0  0  0
10  1 1841164 319152  25700 3769148    0    0     0  6248 30634 186485 13  7 80  0  0  0
11  0 1841164 309964  25708 3769148    0    0     0  6352 31375 188252 13  6 80  0  0  0
procs -----------memory---------- ---swap-- -----io---- -system-- -------cpu-------
 r  b   swpd   free   buff  cache   si   so    bi    bo   in   cs us sy id wa st gu
11  0 1841164 308688  25716 3774012    0    0     0  6348 31169 187777 13  7 80  0  0  0
10  1 1841164 311800  25716 3773340    0    0     0  6168 29599 183539 12  7 81  0  0  0
13  0 1841164 304196  25716 3773068    0    0     0  6024 31685 187370 13  6 80  0  0  0
11  0 1841164 294824  25716 3770004    0    0     0  5688 28287 168633 12  6 82  0  0  0
 9  1 1841164 301280  25724 3770196    0    0     0  6092 31527 188613 13  6 81  0  0  0
10  0 1841164 313876  25732 3769144    0    0     0  6684 29776 184741 13  6 80  0  0  0
 9  0 1841164 313172  25732 3769184    0    0     0  6112 29947 186850 13  6 81  0  0  0
 9  0 1841164 314064  25740 3785548    0    0     0  6156 31533 187286 14  7 79  0  0  0
 8  0 1841164 314404  25756 3783408    0    0     0  6276 29016 182770 12  7 80  0  0  0
 9  1 1841164 314556  25772 3783296    0    0    20  6296 30659 187103 12  7 81  0  0  0
12  0 1841164 313404  25772 3783336    0    0     0  6720 29453 185149 12  7 81  0  0  0
12  0 1841164 307024  25776 3783464    4    0    44  6248 31442 187498 13  7 80  0  0  0
10  0 1841164 324424  25776 3771212    0    0     0  6096 32031 189429 12  7 81  0  0  0
 8  1 1841164 320828  25784 3771252    0    0     0  6364 29420 185387 13  6 80  0  0  0
11  0 1841164 318780  25792 3771796    0    0     0  6516 30322 185814 12  7 81  0  0  0
 7  1 1841164 316720  25800 3771828    0    0     0  6340 29949 185965 12  7 81  0  0  0
 8  0 1841164 315864  25800 3771320    0    0     0  6136 30852 187457 12  7 81  0  0  0
14  0 1841164 318628  25932 3770748    0    0   132  6596 31967 189158 14  6 80  0  0  0
11  0 1841164 368952  25932 3770632    0    0     0  5624 28493 170619 12  7 81  0  0  0
 9  0 1841164 348032  25980 3770828    0    0     4  6140 31274 183607 14  6 80  0  0  0
11  0 1841164 343924  25980 3770904    0    0     0  6308 31669 187961 13  7 80  0  0  0
procs -----------memory---------- ---swap-- -----io---- -system-- -------cpu-------
 r  b   swpd   free   buff  cache   si   so    bi    bo   in   cs us sy id wa st gu
10  0 1841164 353520  25996 3770796    0    0     0  6144 30460 187551 13  7 80  0  0  0
10  1 1841164 347716  25996 3770760    0    0     0  6196 29891 185553 13  6 81  0  0  0
13  0 1841164 342228  26012 3762640    0    0     0  6276 29498 183126 13  6 81  0  0  0
13  0 1841164 342688  26020 3762796    0    0     0  7192 31720 188097 11  8 81  0  0  0
10  0 1841164 360204  26020 3759772    0    0     0  6160 31116 187838 13  6 81  0  0  0
 7  1 1841164 363200  26020 3762940    0    0     0  6224 30966 187546 13  7 81  0  0  0
12  0 1841164 371912  26020 3762844    0    0     0  6192 31651 187925 13  7 80  0  0  0
12  1 1841164 371532  26028 3762852    0    0     0  6372 30484 186428 13  7 80  0  0  0
 2  0 1841164 380248  26036 3759544    0    0     0  6468 31596 187526 13  6 80  0  0  0
11  0 1841164 381512  26036 3759560    0    0     0  5992 31155 186988 12  7 81  0  0  0
 9  0 1841164 381944  26036 3759712    0    0     0  6272 31304 188340 12  7 81  0  0  0
12  0 1841164 383888  26036 3759740    0    0     0  6184 31683 189032 13  7 80  0  0  0
10  0 1841164 391440  26052 3759768    0    0     0  6216 30658 186788 12  7 81  0  0  0
13  0 1841164 358556  26084 3784076    0    0     0  6372 31098 186625 13  7 80  0  0  0
 9  0 1841164 353488  26084 3783984    0    0     0  6160 30337 186086 13  6 81  0  0  0
 9  0 1841164 353976  26084 3782160    0    0     0  6664 31581 187775 13  7 80  0  0  0
10  0 1841164 355376  26084 3778700    0    0     0  6152 31186 186031 13  6 80  0  0  0
12  0 1841164 346144  26084 3778936    0    0     0  6292 31332 188399 12  7 81  0  0  0
13  0 1841164 299468  26100 3818996    0    0     0  6340 31731 189200 14  7 79  0  0  0
11  1 1841164 286592  26116 3834232    0    0     0  6320 33136 193854 15  7 78  0  0  0
12  0 1841164 278384  24652 3896292    4    0    32  6188 31981 185708 17  8 74  1  0  0
procs -----------memory---------- ---swap-- -----io---- -system-- -------cpu-------
 r  b   swpd   free   buff  cache   si   so    bi    bo   in   cs us sy id wa st gu
11  1 1841164 278260  24652 3872092    0    0     0  6152 32124 189270 14  8 78  0  0  0
 7  1 1841164 275152  24652 3871852    0    0     0  6328 30919 187428 13  7 80  0  0  0
11  0 1841164 271132  24660 3870768    0    0     0  6208 30870 186866 13  7 80  0  0  0
10  0 1841164 275816  24660 3855296    0    0     0  6232 31421 188399 12  7 81  0  0  0
 7  1 1841164 273852  24676 3855588    0    0     0  6292 30165 186204 13  7 80  0  0  0
11  0 1841164 275676  24676 3855600    0    0     0  6396 32475 189007 13  7 80  0  0  0
12  0 1841164 272880  24692 3854452    0    0     0  6280 31036 186820 13  7 80  0  0  0
 7  1 1841164 275864  24708 3854628    0    0     0  6076 29820 184351 14  6 79  0  0  0
 6  1 1841164 252368  24708 3872568    0    0     0  6160 31670 188225 13  6 80  0  0  0
 7  1 1841164 253880  24708 3872760    0    0     0  6384 30333 186062 13  7 80  0  0  0
 9  1 1841164 258716  24708 3870264    0    0     0  6464 30425 187292 13  7 80  0  0  0
11  0 1841164 259492  24724 3867744    0    0     8  6488 31102 187234 13  7 80  0  0  0
11  0 1841164 255288  24732 3871772    0    0     0  6168 31839 189435 13  7 80  0  0  0
 7  1 1841164 259260  24732 3871140    0    0     0  6336 30363 185018 12  6 82  0  0  0
10  1 1841164 255484  24732 3871068    0    0     0  6320 31293 188207 12  8 80  0  0  0
 9  0 1841164 252432  24732 3860772    0    0     0  6360 32142 189246 13  7 80  0  0  0
11  0 1841164 216012  24740 3883344    0    0    48  6296 32940 190950 15  7 78  0  0  0
12  0 1841164 188680  24748 3893520    0    0    16  6076 31640 188202 16  6 78  0  0  0
10  0 1841164 206304  24748 3882660    0    0     0  6240 30487 186099 14  7 79  0  0  0
 9  0 1841164 208068  24764 3882692    0    0     0  6224 31112 188034 13  7 80  0  0  0
10  1 1841164 207448  24764 3879536    0    0     0  6056 32581 189618 13  7 81  0  0  0
procs -----------memory---------- ---swap-- -----io---- -system-- -------cpu-------
 r  b   swpd   free   buff  cache   si   so    bi    bo   in   cs us sy id wa st gu
10  0 1841164 198056  24764 3880252    0    0     0  5872 28537 169738 13  6 81  0  0  0
13  0 1841164 206676  24772 3880588    0    0     0  6076 30690 187174 13  7 80  0  0  0
12  0 1841164 208516  24772 3880684    0    0     0  6336 29876 186125 12  7 81  0  0  0
10  0 1841164 216016  24780 3874676    0    0     0  6300 30639 185278 12  7 80  0  0  0
 8  1 1841164 212996  24780 3875000    0    0     0  6724 30274 185706 13  7 79  0  0  0
 8  1 1841164 215340  24780 3872956    0    0     0  6264 31044 187541 13  7 80  0  0  0
11  1 1841164 208792  24788 3871344    0    0     0  6260 30381 184866 14  7 79  0  0  0
12  0 1841164 224588  24796 3850768    0    0     0  6592 31235 187575 14  6 80  0  0  0
 9  0 1841164 232356  24796 3847820    0    0     0  6392 30611 186541 13  7 80  0  0  0
 8  1 1841164 269864  24796 3841264    0    0     0  6464 30054 185236 13  7 80  0  0  0
11  0 1841164 263864  24820 3849588    0    0     4  7524 31632 187419 13  7 79  0  0  0
11  1 1841164 235540  24844 3879940    0    0     0  6316 31720 186149 16  7 76  0  0  0
10  0 1841164 277404  23260 3874152    0   28     0  6196 30733 181753 14  8 77  1  0  0
10  0 1841164 281220  23264 3872064    0    0     4  6008 30675 182570 14  7 77  2  0  0
10  0 1841164 349496  23264 3821116    0    0     0  5832 31747 186167 15  7 78  1  0  0
10  0 1841164 350844  23264 3821220    0    0     4  5836 30259 181090 13  6 81  0  0  0
 7  0 1841164 417864  23272 3763516    0    0     0  6080 29793 183972 14  6 80  0  0  0
 9  1 1841164 407720  23296 3763892    0    0     0  6324 31226 187738 14  7 79  0  0  0
10  0 1841164 383756  23296 3763916    0    0     0  6216 31846 188281 13  7 81  0  0  0
13  0 1841164 366428  23296 3763340    0    0     0  6324 29383 183557 12  8 80  0  0  0
11  0 1841164 363072  23312 3763432    0    0     0  6484 30504 185806 14  6 80  0  0  0
procs -----------memory---------- ---swap-- -----io---- -system-- -------cpu-------
 r  b   swpd   free   buff  cache   si   so    bi    bo   in   cs us sy id wa st gu
 9  0 1841164 362560  23328 3763468    0    0     0  6384 30716 188120 12  7 81  0  0  0
10  1 1841164 359268  23328 3763512    0    0     0  6324 30957 188046 12  7 81  0  0  0
10  0 1841164 359992  23328 3763252    0    0     0  6312 30780 187298 13  6 80  0  0  0
 9  1 1841164 359056  23344 3763416    0    0     0  6100 30098 186598 12  7 81  0  0  0
 4  0 1841164 356408  23472 3763492    0    0   128  6128 31804 188980 13  7 81  0  0  0
11  1 1841164 357636  23480 3763252    0    0     0  6268 30895 187599 13  6 80  0  0  0
 8  1 1841164 358628  23624 3763408    0    0   136  6312 31799 188435 12  7 81  0  0  0
 9  1 1841164 355432  23632 3763432    0    0     0  6128 31008 187738 12  7 80  0  0  0
 9  1 1841164 359300  23632 3763476    0    0     0  6128 30504 187462 12  7 81  0  0  0
11  0 1841164 358868  23640 3763288    0    0     0  6164 30099 186411 14  6 80  0  0  0
 1  1 1841164 357280  23648 3763656    0    0     0  6196 30762 187172 13  6 81  0  0  0
11  0 1841164 355240  23648 3763560    0    0     0  6312 30493 187467 12  7 81  0  0  0
 9  0 1841164 355208  23648 3763560    0    0     0  6448 29647 185529 12  7 81  0  0  0
12  0 1841164 356492  23648 3763400    0    0     0  6256 30417 186851 14  7 79  0  0  0
13  0 1841164 354352  23656 3763744    0    0     0  6668 31182 187694 12  7 81  0  0  0
12  0 1841164 358392  23664 3763764    0    0     0  6252 31505 188411 13  6 81  0  0  0
11  0 1841164 369548  23672 3763560    0    0     0  6376 30267 186032 13  7 80  0  0  0
 9  0 1841164 371780  23688 3763796    4    0     4  6468 31363 186734 12  7 81  0  0  0
10  0 1841164 373504  23688 3761556    0    0     0  6248 31562 189166 13  7 80  0  0  0
12  0 1841164 369476  23688 3761516    4    0     4  6280 30545 187111 12  6 81  0  0  0
10  1 1841164 370144  23696 3761492    0    0     0  6076 30956 188189 13  7 80  0  0  0
procs -----------memory---------- ---swap-- -----io---- -system-- -------cpu-------
 r  b   swpd   free   buff  cache   si   so    bi    bo   in   cs us sy id wa st gu
 1  1 1841164 371928  23696 3761568    0    0     0  6036 30482 186646 13  6 81  0  0  0
10  1 1841164 373528  23704 3761392    0    0     0  6156 31249 187938 14  6 80  0  0  0
10  0 1841164 371316  23704 3761680    0    0     0  6240 31040 188100 12  7 81  0  0  0
11  0 1841164 369512  23704 3761692    0    0     0  6296 30683 186823 12  7 81  0  0  0
10  0 1841164 367624  23712 3761976    0    0     0  6328 30822 187533 14  6 79  0  0  0
12  0 1841164 314904  23780 3791120    0    0    20 10260 30329 184197 14  7 79  0  0  0
10  0 1841164 302592  23792 3793640    0    0     4  8956 31075 186195 13  6 81  0  0  0
13  0 1841164 318120  23792 3797052    0    0    16  6848 30937 186668 12  8 80  0  0  0
13  0 1841164 339652  23816 3789156    0    0     0  6652 33297 190950 15  8 77  0  0  0
10  0 1841164 289924  23832 3831252    4    0     4  5864 31060 182515 17  7 74  2  0  0
12  0 1841164 299504  23840 3821436    0    0     0  6196 32246 189097 14  8 77  0  0  0
11  0 1841164 280244  20568 3842760    0   12   440  6676 32370 186846 17 10 72  1  0  0
 7  0 1841164 285380  20568 3823700    0    0     0  6016 31939 189684 14  8 78  0  0  0
10  0 1841164 280860  20568 3823548    0    0     0  6244 32754 193467 13  8 79  0  0  0
11  0 1841164 276532  20584 3811384    0    0    16  6528 32963 192192 15  7 78  0  0  0
12  0 1841164 248212  20624 3897020    0    0   488  6224 31929 186193 18 10 71  0  0  0
11  0 1841164 243572  20624 3897744    0    0     0  6096 30594 188581 13  7 80  0  0  0
 9  0 1841164 256368  20624 3872704    0    0     0  6304 30910 187786 14  7 78  0  0  0
11  0 1841164 236748  20652 3892528    0    0   136  5676 30329 168120 20  9 71  0  0  0
11  1 1841164 245872  20652 3869724    0    0     0  6120 31365 186622 13  8 79  0  0  0
10  0 1841164 241760  20660 3867360    0    0     0  6372 32936 190993 14  8 77  1  0  0
procs -----------memory---------- ---swap-- -----io---- -system-- -------cpu-------
 r  b   swpd   free   buff  cache   si   so    bi    bo   in   cs us sy id wa st gu
 7  0 1841164 250060  20660 3867976    0    0     0  6176 31732 187333 13  7 79  0  0  0
13  0 1841164 243412  20676 3871064    0    0     0  6312 31818 189494 14  7 80  0  0  0
11  0 1841164 250880  20676 3859304    0    0     0  6600 31129 187623 14  6 80  0  0  0
11  0 1841164 249532  20676 3859744    0    0     0  6964 32097 189792 13  7 80  0  0  0
11  0 1841164 248184  20684 3853888    0    0     0  6220 30915 185779 12  7 80  0  0  0
 8  1 1841164 250720  20684 3851408    0    0     0  6112 32441 190410 13  6 81  0  0  0
12  0 1841164 261676  20692 3851744    0    0     0  6392 36153 182099 21  6 73  0  0  0
13  0 1841164 279284  20700 3849092    0    0     0  6040 33319 187280 14  6 80  0  0  0
13  0 1841164 277976  20700 3849532    0    0     0  6144 32338 189769 12  7 80  0  0  0
11  0 1841164 278176  20724 3849948    0    0     0  6652 31178 187950 12  7 81  0  0  0
 8  1 1841164 270844  20724 3850112    0    0     0  6232 31733 188799 13  7 80  0  0  0
 9  0 1841164 274588  20724 3850812    0    0     0  6280 30795 185216 13  6 80  0  0  0
12  0 1841164 284492  20724 3851240    0    0     0  6512 30122 181249 12  7 82  0  0  0
10  1 1841164 266460  20724 3872272    0    0     0  6064 30924 184792 14  6 80  0  0  0
 8  0 1841164 266476  20756 3872664    0    0     0  6356 29502 185263 12  7 81  0  0  0
 9  0 1841164 262836  20756 3870736    0    0     0  6600 29835 186024 14  6 80  0  0  0
12  1 1841164 262160  20756 3871312    0    0     0  6512 31073 187137 12  7 81  0  0  0
 1  0 1841164 251880  20756 3872528    0    0     0  6116 32406 186941 13  7 80  0  0  0
 6  1 1841164 243144  20756 3872900    0    0     0  6296 31179 187879 13  7 81  0  0  0
11  0 1841164 242348  20764 3872820    0    0     0  6520 31311 187884 13  6 81  0  0  0
13  1 1841164 239560  20772 3873520    0    0     0  6208 30086 186576 13  7 80  0  0  0
procs -----------memory---------- ---swap-- -----io---- -system-- -------cpu-------
 r  b   swpd   free   buff  cache   si   so    bi    bo   in   cs us sy id wa st gu
 9  1 1841164 239276  20772 3873692    0    0     0  6136 30321 186783 12  7 81  0  0  0
12  0 1841164 193924  20772 3874316    0    0     0  6412 30079 183920 12  7 81  0  0  0
11  0 1841164 228584  20772 3871980    0    0     0  6064 31317 186696 16  7 77  0  0  0
10  1 1841164 233544  20780 3872520    0    0     0  6184 31196 188003 12  6 81  0  0  0
11  0 1841164 238232  20788 3868444    0    0     0  6560 30704 187460 12  6 81  0  0  0
10  1 1841164 243792  20788 3865784    0    0     0  6272 31664 189193 13  7 80  0  0  0
11  0 1841164 259568  20812 3866204    0    0     0  6400 31790 188775 13  7 80  0  0  0
 7  0 1841164 279584  20828 3854136    0    0     0  6548 31068 187154 12  7 81  0  0  0
 9  1 1841164 276988  20836 3854440    0    0     0  6224 29209 183882 13  7 80  0  0  0
11  0 1841164 279804  20836 3855000    0    0     0  6336 31659 188601 11  7 81  0  0  0
10  0 1841164 280980  20836 3855512    0    0     0  6568 30435 187010 14  7 80  0  0  0
 9  0 1841164 283824  20836 3854704    0    0     0  6184 30880 188062 13  6 81  0  0  0
11  0 1841164 280936  20844 3854248    0    0     0  6692 31741 188191 13  6 80  0  0  0
10  0 1841164 285676  20852 3853608    0    0     0  6304 30522 187673 13  7 80  0  0  0
 8  1 1841164 267076  20852 3875088    0    0     0  6552 29788 185485 14  6 80  0  0  0
12  0 1841164 260404  20860 3875392    0    0     0  5940 30795 186887 13  8 79  0  0  0
12  0 1841164 268864  20860 3870576    0    0     0  6124 31616 188013 13  7 80  0  0  0
11  0 1841164 266564  20860 3871560    0    0     4  6616 30116 186528 13  7 80  0  0  0
11  0 1841164 257844  20868 3898452    0    0     8  6024 33054 188825 14  7 78  0  0  0
11  0 1841164 404736  20868 3739232    0    0     8  6052 33657 190961 14  8 77  0  0  0
 9  0 1841164 407156  20884 3730648    0    0     0  6732 30419 185142 13  8 80  0  0  0
procs -----------memory---------- ---swap-- -----io---- -system-- -------cpu-------
 r  b   swpd   free   buff  cache   si   so    bi    bo   in   cs us sy id wa st gu
11  1 1841164 404824  20884 3729456    0    0     0  6048 31355 187207 13  7 80  0  0  0
 6  1 1841164 388604  20920 3724180    0    0     0  6324 31564 187119 14  8 78  0  0  0
10  0 1841164 386172  20928 3724408    0    0     0  6536 31656 189537 14  7 79  0  0  0
10  0 1841164 387840  20936 3726416    0    0     0  6336 30476 184507 16  6 77  0  0  0
 5  0 1841164 392904  20936 3720896    0    0     0  6352 29251 185007 12  7 81  0  0  0
11  0 1841164 397588  20944 3713848    0    0     0  6304 30147 186757 12  8 80  0  0  0
12  0 1841164 413300  20944 3710656    0    0     0  6940 31241 188608 14  7 79  0  0  0
10  0 1841164 414164  20952 3711396    0    0     0  6128 31162 188523 14  7 79  0  0  0
11  0 1841164 417524  20968 3711876    0    0     0  6236 29567 184739 13  7 80  0  0  0
10  1 1841164 425064  20972 3712380    0    0    48  6368 31645 189877 14  7 78  0  0  0
10  0 1841164 428444  20972 3712940    4    0     4  5968 30598 186863 14  7 79  0  0  0
13  0 1841164 424312  20972 3716620    0    0    12  6488 31937 188213 14  7 78  0  0  0
 9  1 1841164 406760  20996 3731272    0    0     0  6408 32904 185721 15  7 77  1  0  0
 9  1 1841164 405840  20996 3731964    0    0     0  6064 31623 182842 18  7 75  0  0  0
12  0 1841164 412864  20996 3726576    0    0     0  6136 31735 186175 14  7 78  0  0  0
10  1 1841164 421528  21012 3725988    0    0     0  5864 29000 168486 14  6 79  0  0  0
 4  1 1841164 413028  21012 3731180    0    0     0  6024 32106 180272 20  7 72  1  0  0
 3  0 1841164 416268  21020 3731596    0    0     0  6320 30615 185645 13  7 80  0  0  0
10  0 1841164 391976  21020 3749992    0    0     0  6280 31439 182388 18  7 75  0  0  0
11  0 1841164 387812  21036 3749888    0    0     0  6380 30007 185446 13  7 80  0  0  0
 6  1 1841164 387072  21036 3747728    0    0     0  6096 31172 188176 13  6 81  0  0  0
procs -----------memory---------- ---swap-- -----io---- -system-- -------cpu-------
 r  b   swpd   free   buff  cache   si   so    bi    bo   in   cs us sy id wa st gu
12  0 1841164 387412  21036 3748288    0    0     0  6164 31350 188572 13  7 80  0  0  0
10  0 1841164 388580  21044 3748692    0    0     0  6808 31052 188089 14  6 80  0  0  0
13  0 1841164 413392  21044 3730532    0    0     0  6072 30918 188453 13  7 80  0  0  0
10  1 1841164 423664  21052 3730908    0    0     0  6200 31404 187940 13  7 80  0  0  0
11  0 1841164 424384  21052 3731224    0    0     0  6432 31026 188689 13  7 80  0  0  0
10  0 1841164 381852  21068 3732316    0    0     0  6416 30200 184220 13  7 80  0  0  0
 9  0 1841164 365868  21092 3730240    0    0     0  6476 30889 187300 12  7 81  0  0  0
13  0 1841164 394000  21092 3730448    0    0     0  6560 31555 188632 12  8 80  0  0  0
 8  0 1841164 418400  21092 3713808    0    0     0  6352 30607 188230 13  6 81  0  0  0
 8  0 1841164 428072  21092 3714352    0    0     0  5968 30435 182017 12  6 81  0  0  0
12  0 1841164 381628  21100 3751840    0    0     0  6216 31158 183809 14  9 77  1  0  0
11  0 1841164 315260  21108 3826236    0    0     0  6104 30755 179902 19  7 73  1  0  0
10  0 1841164 309880  21124 3820860    0    0     0  6028 31309 184520 13  7 79  1  0  0
10  1 1841164 317264  21124 3807884    0    0     0  6376 31292 186507 14  7 77  1  0  0
10  0 1841164 268564  21124 3864232    0    0    80  6160 32989 186950 16  7 76  1  0  0
12  0 1841164 297672  21124 3822716    0    0     0  6096 31237 190130 14  7 78  0  0  0
 9  0 1841164 304576  21132 3809788    0    0     0  5864 31139 186430 16  8 76  0  0  0
12  0 1841164 298988  21272 3815488    0    0   148  6032 30020 182973 15  7 78  0  0  0
10  0 1841164 296220  21288 3814756    0    0     0  5872 31862 185281 13  7 79  0  0  0
11  0 1841164 278740  21288 3848136    0    0     0  5752 30928 180932 17  7 76  1  0  0
13  1 1841164 293760  21296 3806880    0    0   804  6248 32601 190584 15  7 77  1  0  0
procs -----------memory---------- ---swap-- -----io---- -system-- -------cpu-------
 r  b   swpd   free   buff  cache   si   so    bi    bo   in   cs us sy id wa st gu
11  0 1841164 281192  21312 3818132    0    0     4  6448 32812 193585 14  7 79  0  0  0
11  0 1841164 283596  21412 3808484    0    0   892  6368 32299 189633 15  8 77  1  0  0
14  0 1841164 254384  21412 3820752    0    0     0  6104 32333 184977 18  7 74  1  0  0
11  1 1841164 240136  21420 3847968    0    0     0  6116 32017 185901 15  7 78  1  0  0
10  1 1841164 240280  21436 3848472    0    0     0  6632 31545 190136 15  7 78  0  0  0
12  0 1841164 267344  21444 3818240    0    0     0  6516 32104 190018 15  7 78  0  0  0
11  0 1841164 263676  21584 3819056    0    0   252  6552 33183 191887 15  7 78  0  0  0
10  1 1841164 280176  21584 3876764    0    0     0  5872 31924 185598 18  7 74  1  0  0
11  0 1841164 260040  21584 3878732    0    0     0  6184 30878 183523 17  7 75  1  0  0
15  0 1841164 249664  21584 3878976    0    0     0  5888 32805 188331 16  7 76  0  0  0
12  0 1841164 277256  21608 3842120    0    0     0  6160 31942 188086 16  7 76  0  0  0
 8  1 1841164 225584  21620 3851860    0    0    12  6088 31207 181998 25  8 66  0  0  0
12  1 1841164 129032  21656 3872236    0    0  5964  8224 35457 186670 26 11 62  1  0  0
 2  0 1841164 153888  21432 3820152    0    0    40  5932 35799 183918 27  9 64  1  0  0
10  0 1841164 148156  21432 3815628    0    0     0  5848 32449 189108 15  8 76  0  0  0
15  0 1841164 143560  21412 3817188    0    0    12  7940 33760 190145 18  8 74  1  0  0
17  0 1841164 136032  21448 3743328    0    0    32  6448 40109 189471 31 10 59  1  0  0
10  1 1841164 155660  21480 3733140    0    0   144  6400 32870 188408 17  7 75  0  0  0
11  0 1841164 251464  21488 3637272    0    0    44  6592 31575 187395 16  7 77  0  0  0
12  0 1841164 258152  21492 3638740    0    0     4  6080 32454 188325 14  7 78  0  0  0
 8  1 1841164 261268  21524 3634708    0    0     0  6328 31292 189642 13  7 80  0  0  0
procs -----------memory---------- ---swap-- -----io---- -system-- -------cpu-------
 r  b   swpd   free   buff  cache   si   so    bi    bo   in   cs us sy id wa st gu
12  0 1841164 312520  21540 3593752    0    0     0  6180 29646 177181 19  7 74  0  0  0
11  0 1841164 309076  21716 3598180    0    0   136  6496 32348 189757 14  7 79  0  0  0
10  0 1841164 270628  21732 3638400    0    0     0 10588 29632 182207 16  7 76  1  0  0
10  1 1841164 289972  21732 3613376    0    0     0  5860 32661 190046 14  7 78  0  0  0
 1  0 1841164 294920  21740 3617260    0    0     0  6316 29756 186061 14  7 79  0  0  0
 5  1 1841164 292680  21740 3616496    0    0     0  6112 32844 193264 14  7 79  0  0  0
12  0 1841164 295476  21740 3616344    0    0     0  6216 32551 190578 16  7 77  0  0  0
 9  1 1841164 284608  24420 3620176   28    0  3372  6396 33571 196446 16  7 77  1  0  0
10  0 1841164 279948  24720 3613460    0    0   528  6536 32721 190112 15  7 78  0  0  0
11  0 1841164 295896  24728 3596444    0    0     0  6236 32930 190902 16  7 78  0  0  0
 9  0 1841164 285456  24728 3608064    0    0     0  6860 31106 183881 17  7 76  1  0  0
10  0 1841164 234964  24736 3660552    0    0     0  6016 31818 184864 16  8 76  1  0  0
11  0 1841164 234516  24736 3651592    0    0    40  5848 28349 169377 13  6 81  0  0  0
12  1 1841164 235056  24736 3659240    0    0    60  6344 32343 188016 17  7 76  0  0  0
 2  0 1841164 295436  25004 3621408    4    0    12  7052 32420 189292 17  7 75  1  0  0
 7  0 1841164 296976  25004 3621896    0    0     0  6400 32259 188133 15  7 77  0  0  0
11  0 1841164 300172  25052 3619012    0    0     0  6440 31021 181150 20  8 72  0  0  0
 9  1 1841164 294852  25052 3621464    0    0     0  6024 31480 186161 15  6 79  0  0  0
10  0 1841164 269700  25056 3623376    0    0     4  6100 29895 185934 17  7 76  0  0  0
 7  0 1841164 279600  25080 3625576    0    0     4  6104 32337 187380 17  6 76  1  0  0
10  0 1841164 278852  25088 3622880    0    0     4 14840 31977 185555 16  7 76  1  0  0
procs -----------memory---------- ---swap-- -----io---- -system-- -------cpu-------
 r  b   swpd   free   buff  cache   si   so    bi    bo   in   cs us sy id wa st gu
12  0 1841164 280352  25088 3623016    0    0    28  6516 33389 189918 15  7 77  1  0  0
 8  1 1841164 250800  25088 3623740    0    0     0  5880 31537 182209 16  7 76  1  0  0
12  0 1841164 215692  25088 3623940    0    0     0  6040 32776 186267 17  7 76  0  0  0
 1  0 1841164 245356  25112 3624300    0    0    16  6260 33066 187390 17  7 76  1  0  0
12  0 1841164 248484  25112 3623356    0    0     0  9992 32938 186645 17  8 75  0  0  0
 4  1 1841164 255496  25112 3623716    0    0     0  6304 33173 190222 14  8 78  0  0  0
10  0 1841164 270160  25112 3625840    0    0     0  5744 31101 180905 15  6 78  0  0  0
11  0 1841164 271016  25112 3604524    0    0     0  5696 30631 181878 15  7 77  1  0  0
 1  0 1841164 277140  25136 3593952    0    0     0  5180 28078 159468 13  6 80  0  0  0
