Linux 6.12.33+kali-amd64 (two94) 	23/11/25 	_x86_64_	(12 CPU)

04:33:30 PM IST       DEV       tps     rkB/s     wkB/s     dkB/s   areq-sz    aqu-sz     await     %util
04:33:31 PM IST   nvme0n1      0.00      0.00      0.00      0.00      0.00      0.00      0.00      0.00
04:33:31 PM IST       sda     40.00      0.00    528.00      0.00     13.20      1.60     20.93     79.60

04:33:31 PM IST       DEV       tps     rkB/s     wkB/s     dkB/s   areq-sz    aqu-sz     await     %util
04:33:32 PM IST   nvme0n1      0.00      0.00      0.00      0.00      0.00      0.00      0.00      0.00
04:33:32 PM IST       sda     52.00      0.00    528.00      0.00     10.15      2.24     24.60     84.40

04:33:32 PM IST       DEV       tps     rkB/s     wkB/s     dkB/s   areq-sz    aqu-sz     await     %util
04:33:33 PM IST   nvme0n1      0.00      0.00      0.00      0.00      0.00      0.00      0.00      0.00
04:33:33 PM IST       sda    939.00      0.00   5712.00      0.00      6.08      0.81      0.45     41.20

04:33:33 PM IST       DEV       tps     rkB/s     wkB/s     dkB/s   areq-sz    aqu-sz     await     %util
04:33:34 PM IST   nvme0n1      0.00      0.00      0.00      0.00      0.00      0.00      0.00      0.00
04:33:34 PM IST       sda   1114.00      0.00   7000.00      0.00      6.28      0.53      0.26     29.20

04:33:34 PM IST       DEV       tps     rkB/s     wkB/s     dkB/s   areq-sz    aqu-sz     await     %util
04:33:35 PM IST   nvme0n1      0.00      0.00      0.00      0.00      0.00      0.00      0.00      0.00
04:33:35 PM IST       sda   1155.00      0.00   6920.00      0.00      5.99      0.55      0.25     27.60

04:33:35 PM IST       DEV       tps     rkB/s     wkB/s     dkB/s   areq-sz    aqu-sz     await     %util
04:33:36 PM IST   nvme0n1      0.00      0.00      0.00      0.00      0.00      0.00      0.00      0.00
04:33:36 PM IST       sda   1205.00      0.00   7152.00      0.00      5.94      0.56      0.25     31.60

04:33:36 PM IST       DEV       tps     rkB/s     wkB/s     dkB/s   areq-sz    aqu-sz     await     %util
04:33:37 PM IST   nvme0n1      0.00      0.00      0.00      0.00      0.00      0.00      0.00      0.00
04:33:37 PM IST       sda   1202.00      0.00   7564.00      0.00      6.29      0.64      0.30     28.80

04:33:37 PM IST       DEV       tps     rkB/s     wkB/s     dkB/s   areq-sz    aqu-sz     await     %util
04:33:38 PM IST   nvme0n1      0.00      0.00      0.00      0.00      0.00      0.00      0.00      0.00
04:33:38 PM IST       sda   1174.00      8.00   7316.00      0.00      6.24      0.56      0.26     30.80

04:33:38 PM IST       DEV       tps     rkB/s     wkB/s     dkB/s   areq-sz    aqu-sz     await     %util
04:33:39 PM IST   nvme0n1      0.00      0.00      0.00      0.00      0.00      0.00      0.00      0.00
04:33:39 PM IST       sda   1155.00      0.00   7024.00      0.00      6.08      0.56      0.26     29.60

04:33:39 PM IST       DEV       tps     rkB/s     wkB/s     dkB/s   areq-sz    aqu-sz     await     %util
04:33:40 PM IST   nvme0n1      0.00      0.00      0.00      0.00      0.00      0.00      0.00      0.00
04:33:40 PM IST       sda   1172.00      0.00   7120.00      0.00      6.08      0.56      0.26     28.40

04:33:40 PM IST       DEV       tps     rkB/s     wkB/s     dkB/s   areq-sz    aqu-sz     await     %util
04:33:41 PM IST   nvme0n1      0.00      0.00      0.00      0.00      0.00      0.00      0.00      0.00
04:33:41 PM IST       sda   1177.00      0.00   7304.00      0.00      6.21      0.56      0.25     26.80

04:33:41 PM IST       DEV       tps     rkB/s     wkB/s     dkB/s   areq-sz    aqu-sz     await     %util
04:33:42 PM IST   nvme0n1      0.00      0.00      0.00      0.00      0.00      0.00      0.00      0.00
04:33:42 PM IST       sda   1137.00      0.00   6916.00      0.00      6.08      0.60      0.28     28.80

04:33:42 PM IST       DEV       tps     rkB/s     wkB/s     dkB/s   areq-sz    aqu-sz     await     %util
04:33:43 PM IST   nvme0n1      0.00      0.00      0.00      0.00      0.00      0.00      0.00      0.00
04:33:43 PM IST       sda   1168.00      0.00   7280.00      0.00      6.23      0.58      0.26     30.80

04:33:43 PM IST       DEV       tps     rkB/s     wkB/s     dkB/s   areq-sz    aqu-sz     await     %util
04:33:44 PM IST   nvme0n1      0.00      0.00      0.00      0.00      0.00      0.00      0.00      0.00
04:33:44 PM IST       sda   1162.00      0.00   7280.00      0.00      6.27      0.57      0.26     34.40

04:33:44 PM IST       DEV       tps     rkB/s     wkB/s     dkB/s   areq-sz    aqu-sz     await     %util
04:33:45 PM IST   nvme0n1      0.00      0.00      0.00      0.00      0.00      0.00      0.00      0.00
04:33:45 PM IST       sda   1148.00      0.00   7008.00      0.00      6.10      0.62      0.29     35.20

04:33:45 PM IST       DEV       tps     rkB/s     wkB/s     dkB/s   areq-sz    aqu-sz     await     %util
04:33:46 PM IST   nvme0n1      0.00      0.00      0.00      0.00      0.00      0.00      0.00      0.00
04:33:46 PM IST       sda   1144.00      0.00   6872.00      0.00      6.01      0.62      0.29     33.60

04:33:46 PM IST       DEV       tps     rkB/s     wkB/s     dkB/s   areq-sz    aqu-sz     await     %util
04:33:47 PM IST   nvme0n1      0.00      0.00      0.00      0.00      0.00      0.00      0.00      0.00
04:33:47 PM IST       sda   1167.00      0.00   7356.00      0.00      6.30      0.62      0.29     33.60

04:33:47 PM IST       DEV       tps     rkB/s     wkB/s     dkB/s   areq-sz    aqu-sz     await     %util
04:33:48 PM IST   nvme0n1      0.00      0.00      0.00      0.00      0.00      0.00      0.00      0.00
04:33:48 PM IST       sda   1178.00      0.00   7416.00      0.00      6.30      0.65      0.29     32.00

04:33:48 PM IST       DEV       tps     rkB/s     wkB/s     dkB/s   areq-sz    aqu-sz     await     %util
04:33:49 PM IST   nvme0n1      0.00      0.00      0.00      0.00      0.00      0.00      0.00      0.00
04:33:49 PM IST       sda   1127.00      0.00   6880.00      0.00      6.10      0.59      0.28     31.20

04:33:49 PM IST       DEV       tps     rkB/s     wkB/s     dkB/s   areq-sz    aqu-sz     await     %util
04:33:50 PM IST   nvme0n1      0.00      0.00      0.00      0.00      0.00      0.00      0.00      0.00
04:33:50 PM IST       sda   1143.00      0.00   7132.00      0.00      6.24      0.60      0.28     32.40

04:33:50 PM IST       DEV       tps     rkB/s     wkB/s     dkB/s   areq-sz    aqu-sz     await     %util
04:33:51 PM IST   nvme0n1      0.00      0.00      0.00      0.00      0.00      0.00      0.00      0.00
04:33:51 PM IST       sda   1233.00      0.00   7292.00      0.00      5.91      0.57      0.26     27.20

04:33:51 PM IST       DEV       tps     rkB/s     wkB/s     dkB/s   areq-sz    aqu-sz     await     %util
04:33:52 PM IST   nvme0n1      0.00      0.00      0.00      0.00      0.00      0.00      0.00      0.00
04:33:52 PM IST       sda   1168.00      0.00   7108.00      0.00      6.09      0.55      0.25     30.40

04:33:52 PM IST       DEV       tps     rkB/s     wkB/s     dkB/s   areq-sz    aqu-sz     await     %util
04:33:53 PM IST   nvme0n1      0.00      0.00      0.00      0.00      0.00      0.00      0.00      0.00
04:33:53 PM IST       sda   1216.00      0.00   7216.00      0.00      5.93      0.58      0.25     32.00

04:33:53 PM IST       DEV       tps     rkB/s     wkB/s     dkB/s   areq-sz    aqu-sz     await     %util
04:33:54 PM IST   nvme0n1      0.00      0.00      0.00      0.00      0.00      0.00      0.00      0.00
04:33:54 PM IST       sda   1164.36      0.00   7215.84      0.00      6.20      0.60      0.27     31.29

04:33:54 PM IST       DEV       tps     rkB/s     wkB/s     dkB/s   areq-sz    aqu-sz     await     %util
04:33:55 PM IST   nvme0n1      0.00      0.00      0.00      0.00      0.00      0.00      0.00      0.00
04:33:55 PM IST       sda   1150.00      0.00   7000.00      0.00      6.09      0.54      0.25     30.40

04:33:55 PM IST       DEV       tps     rkB/s     wkB/s     dkB/s   areq-sz    aqu-sz     await     %util
04:33:56 PM IST   nvme0n1      0.00      0.00      0.00      0.00      0.00      0.00      0.00      0.00
04:33:56 PM IST       sda   1176.00      0.00   7164.00      0.00      6.09      0.56      0.26     29.60

04:33:56 PM IST       DEV       tps     rkB/s     wkB/s     dkB/s   areq-sz    aqu-sz     await     %util
04:33:57 PM IST   nvme0n1      0.00      0.00      0.00      0.00      0.00      0.00      0.00      0.00
04:33:57 PM IST       sda   1192.00      0.00   7408.00      0.00      6.21      0.57      0.26     34.00

04:33:57 PM IST       DEV       tps     rkB/s     wkB/s     dkB/s   areq-sz    aqu-sz     await     %util
04:33:58 PM IST   nvme0n1      0.00      0.00      0.00      0.00      0.00      0.00      0.00      0.00
04:33:58 PM IST       sda   1166.00      0.00   7024.00      0.00      6.02      0.57      0.26     32.40

04:33:58 PM IST       DEV       tps     rkB/s     wkB/s     dkB/s   areq-sz    aqu-sz     await     %util
04:33:59 PM IST   nvme0n1      0.00      0.00      0.00      0.00      0.00      0.00      0.00      0.00
04:33:59 PM IST       sda   1101.00      0.00   6800.00      0.00      6.18      0.56      0.27     31.60

04:33:59 PM IST       DEV       tps     rkB/s     wkB/s     dkB/s   areq-sz    aqu-sz     await     %util
04:34:00 PM IST   nvme0n1      0.00      0.00      0.00      0.00      0.00      0.00      0.00      0.00
04:34:00 PM IST       sda   1172.00      0.00   7328.00      0.00      6.25      0.58      0.26     29.20

04:34:00 PM IST       DEV       tps     rkB/s     wkB/s     dkB/s   areq-sz    aqu-sz     await     %util
04:34:01 PM IST   nvme0n1      0.00      0.00      0.00      0.00      0.00      0.00      0.00      0.00
04:34:01 PM IST       sda   1172.00      0.00   7064.00      0.00      6.03      0.57      0.26     27.20

04:34:01 PM IST       DEV       tps     rkB/s     wkB/s     dkB/s   areq-sz    aqu-sz     await     %util
04:34:02 PM IST   nvme0n1      0.00      0.00      0.00      0.00      0.00      0.00      0.00      0.00
04:34:02 PM IST       sda   1126.00      0.00   6904.00      0.00      6.13      0.60      0.28     30.80

04:34:02 PM IST       DEV       tps     rkB/s     wkB/s     dkB/s   areq-sz    aqu-sz     await     %util
04:34:03 PM IST   nvme0n1      0.00      0.00      0.00      0.00      0.00      0.00      0.00      0.00
04:34:03 PM IST       sda   1166.00      0.00   7164.00      0.00      6.14      0.63      0.29     32.40

04:34:03 PM IST       DEV       tps     rkB/s     wkB/s     dkB/s   areq-sz    aqu-sz     await     %util
04:34:04 PM IST   nvme0n1      0.00      0.00      0.00      0.00      0.00      0.00      0.00      0.00
04:34:04 PM IST       sda   1145.00      0.00   6988.00      0.00      6.10      0.62      0.29     33.60

04:34:04 PM IST       DEV       tps     rkB/s     wkB/s     dkB/s   areq-sz    aqu-sz     await     %util
04:34:05 PM IST   nvme0n1      0.00      0.00      0.00      0.00      0.00      0.00      0.00      0.00
04:34:05 PM IST       sda   1158.00      0.00   6984.00      0.00      6.03      0.64      0.29     36.00

04:34:05 PM IST       DEV       tps     rkB/s     wkB/s     dkB/s   areq-sz    aqu-sz     await     %util
04:34:06 PM IST   nvme0n1      0.00      0.00      0.00      0.00      0.00      0.00      0.00      0.00
04:34:06 PM IST       sda   1149.00      0.00   7164.00      0.00      6.23      0.59      0.28     30.40

04:34:06 PM IST       DEV       tps     rkB/s     wkB/s     dkB/s   areq-sz    aqu-sz     await     %util
04:34:07 PM IST   nvme0n1      0.00      0.00      0.00      0.00      0.00      0.00      0.00      0.00
04:34:07 PM IST       sda   1161.00      0.00   7056.00      0.00      6.08      0.60      0.28     30.00

04:34:07 PM IST       DEV       tps     rkB/s     wkB/s     dkB/s   areq-sz    aqu-sz     await     %util
04:34:08 PM IST   nvme0n1      0.00      0.00      0.00      0.00      0.00      0.00      0.00      0.00
04:34:08 PM IST       sda   1166.00      8.00   7060.00      0.00      6.06      0.56      0.26     32.80

04:34:08 PM IST       DEV       tps     rkB/s     wkB/s     dkB/s   areq-sz    aqu-sz     await     %util
04:34:09 PM IST   nvme0n1      0.00      0.00      0.00      0.00      0.00      0.00      0.00      0.00
04:34:09 PM IST       sda   1169.00      0.00   7312.00      0.00      6.25      0.57      0.26     26.00

04:34:09 PM IST       DEV       tps     rkB/s     wkB/s     dkB/s   areq-sz    aqu-sz     await     %util
04:34:10 PM IST   nvme0n1      0.00      0.00      0.00      0.00      0.00      0.00      0.00      0.00
04:34:10 PM IST       sda   1183.00      0.00   7256.00      0.00      6.13      0.56      0.26     31.20

04:34:10 PM IST       DEV       tps     rkB/s     wkB/s     dkB/s   areq-sz    aqu-sz     await     %util
04:34:11 PM IST   nvme0n1      0.00      0.00      0.00      0.00      0.00      0.00      0.00      0.00
04:34:11 PM IST       sda   1127.00      0.00   6824.00      0.00      6.06      0.59      0.28     32.80

04:34:11 PM IST       DEV       tps     rkB/s     wkB/s     dkB/s   areq-sz    aqu-sz     await     %util
04:34:12 PM IST   nvme0n1      0.00      0.00      0.00      0.00      0.00      0.00      0.00      0.00
04:34:12 PM IST       sda   1148.00      0.00   7136.00      0.00      6.22      0.56      0.26     30.40

04:34:12 PM IST       DEV       tps     rkB/s     wkB/s     dkB/s   areq-sz    aqu-sz     await     %util
04:34:13 PM IST   nvme0n1      0.00      0.00      0.00      0.00      0.00      0.00      0.00      0.00
04:34:13 PM IST       sda   1296.00      0.00   8108.00      0.00      6.26      0.69      0.30     31.20

04:34:13 PM IST       DEV       tps     rkB/s     wkB/s     dkB/s   areq-sz    aqu-sz     await     %util
04:34:14 PM IST   nvme0n1      0.00      0.00      0.00      0.00      0.00      0.00      0.00      0.00
04:34:14 PM IST       sda   1159.00      0.00   7040.00      0.00      6.07      0.57      0.26     29.60

04:34:14 PM IST       DEV       tps     rkB/s     wkB/s     dkB/s   areq-sz    aqu-sz     await     %util
04:34:15 PM IST   nvme0n1      0.00      0.00      0.00      0.00      0.00      0.00      0.00      0.00
04:34:15 PM IST       sda   1182.00      0.00   7080.00      0.00      5.99      0.60      0.27     35.20

04:34:15 PM IST       DEV       tps     rkB/s     wkB/s     dkB/s   areq-sz    aqu-sz     await     %util
04:34:16 PM IST   nvme0n1      0.00      0.00      0.00      0.00      0.00      0.00      0.00      0.00
04:34:16 PM IST       sda   1154.00      0.00   7076.00      0.00      6.13      0.60      0.28     36.40

04:34:16 PM IST       DEV       tps     rkB/s     wkB/s     dkB/s   areq-sz    aqu-sz     await     %util
04:34:17 PM IST   nvme0n1      0.00      0.00      0.00      0.00      0.00      0.00      0.00      0.00
04:34:17 PM IST       sda   1125.00      0.00   6888.00      0.00      6.12      0.58      0.28     28.00

04:34:17 PM IST       DEV       tps     rkB/s     wkB/s     dkB/s   areq-sz    aqu-sz     await     %util
04:34:18 PM IST   nvme0n1      0.00      0.00      0.00      0.00      0.00      0.00      0.00      0.00
04:34:18 PM IST       sda   1178.00      0.00   7124.00      0.00      6.05      0.59      0.27     30.40

04:34:18 PM IST       DEV       tps     rkB/s     wkB/s     dkB/s   areq-sz    aqu-sz     await     %util
04:34:19 PM IST   nvme0n1      0.00      0.00      0.00      0.00      0.00      0.00      0.00      0.00
04:34:19 PM IST       sda   1133.00      0.00   6860.00      0.00      6.05      0.62      0.29     30.00

04:34:19 PM IST       DEV       tps     rkB/s     wkB/s     dkB/s   areq-sz    aqu-sz     await     %util
04:34:20 PM IST   nvme0n1      0.00      0.00      0.00      0.00      0.00      0.00      0.00      0.00
04:34:20 PM IST       sda   1182.00      0.00   7064.00      0.00      5.98      0.64      0.29     34.00

04:34:20 PM IST       DEV       tps     rkB/s     wkB/s     dkB/s   areq-sz    aqu-sz     await     %util
04:34:21 PM IST   nvme0n1      0.00      0.00      0.00      0.00      0.00      0.00      0.00      0.00
04:34:21 PM IST       sda   1160.00      0.00   7052.00      0.00      6.08      0.63      0.29     30.00

04:34:21 PM IST       DEV       tps     rkB/s     wkB/s     dkB/s   areq-sz    aqu-sz     await     %util
04:34:22 PM IST   nvme0n1      0.00      0.00      0.00      0.00      0.00      0.00      0.00      0.00
04:34:22 PM IST       sda   1219.00      0.00   7232.00      0.00      5.93      0.63      0.28     34.40

04:34:22 PM IST       DEV       tps     rkB/s     wkB/s     dkB/s   areq-sz    aqu-sz     await     %util
04:34:23 PM IST   nvme0n1      0.00      0.00      0.00      0.00      0.00      0.00      0.00      0.00
04:34:23 PM IST       sda   1141.00      0.00   6928.00      0.00      6.07      0.60      0.28     35.20

04:34:23 PM IST       DEV       tps     rkB/s     wkB/s     dkB/s   areq-sz    aqu-sz     await     %util
04:34:24 PM IST   nvme0n1      0.00      0.00      0.00      0.00      0.00      0.00      0.00      0.00
04:34:24 PM IST       sda   1153.00      0.00   6920.00      0.00      6.00      0.62      0.28     30.00

04:34:24 PM IST       DEV       tps     rkB/s     wkB/s     dkB/s   areq-sz    aqu-sz     await     %util
04:34:25 PM IST   nvme0n1      0.00      0.00      0.00      0.00      0.00      0.00      0.00      0.00
04:34:25 PM IST       sda   1166.00      0.00   7104.00      0.00      6.09      0.57      0.26     27.60

04:34:25 PM IST       DEV       tps     rkB/s     wkB/s     dkB/s   areq-sz    aqu-sz     await     %util
04:34:26 PM IST   nvme0n1      0.00      0.00      0.00      0.00      0.00      0.00      0.00      0.00
04:34:26 PM IST       sda   1576.00      0.00   8648.00      0.00      5.49      0.78      0.26     39.20

04:34:26 PM IST       DEV       tps     rkB/s     wkB/s     dkB/s   areq-sz    aqu-sz     await     %util
04:34:27 PM IST   nvme0n1      0.00      0.00      0.00      0.00      0.00      0.00      0.00      0.00
04:34:27 PM IST       sda   1159.00      0.00   7000.00      0.00      6.04      0.57      0.26     33.60

04:34:27 PM IST       DEV       tps     rkB/s     wkB/s     dkB/s   areq-sz    aqu-sz     await     %util
04:34:28 PM IST   nvme0n1      0.00      0.00      0.00      0.00      0.00      0.00      0.00      0.00
04:34:28 PM IST       sda   1150.00      0.00   6976.00      0.00      6.07      0.59      0.27     27.60

04:34:28 PM IST       DEV       tps     rkB/s     wkB/s     dkB/s   areq-sz    aqu-sz     await     %util
04:34:29 PM IST   nvme0n1      0.00      0.00      0.00      0.00      0.00      0.00      0.00      0.00
04:34:29 PM IST       sda   1169.00      0.00   7168.00      0.00      6.13      0.57      0.26     34.40

04:34:29 PM IST       DEV       tps     rkB/s     wkB/s     dkB/s   areq-sz    aqu-sz     await     %util
04:34:30 PM IST   nvme0n1      0.00      0.00      0.00      0.00      0.00      0.00      0.00      0.00
04:34:30 PM IST       sda   1195.00      0.00   7328.00      0.00      6.13      0.57      0.26     30.00

04:34:30 PM IST       DEV       tps     rkB/s     wkB/s     dkB/s   areq-sz    aqu-sz     await     %util
04:34:31 PM IST   nvme0n1      0.00      0.00      0.00      0.00      0.00      0.00      0.00      0.00
04:34:31 PM IST       sda   1164.00      0.00   6408.00      0.00      5.51      0.58      0.26     34.80

04:34:31 PM IST       DEV       tps     rkB/s     wkB/s     dkB/s   areq-sz    aqu-sz     await     %util
04:34:32 PM IST   nvme0n1      0.00      0.00      0.00      0.00      0.00      0.00      0.00      0.00
04:34:32 PM IST       sda   1124.00      0.00   6744.00      0.00      6.00      0.57      0.27     27.60

04:34:32 PM IST       DEV       tps     rkB/s     wkB/s     dkB/s   areq-sz    aqu-sz     await     %util
04:34:33 PM IST   nvme0n1      0.00      0.00      0.00      0.00      0.00      0.00      0.00      0.00
04:34:33 PM IST       sda   1132.00      0.00   6856.00      0.00      6.06      0.58      0.27     31.60

04:34:33 PM IST       DEV       tps     rkB/s     wkB/s     dkB/s   areq-sz    aqu-sz     await     %util
04:34:34 PM IST   nvme0n1      0.00      0.00      0.00      0.00      0.00      0.00      0.00      0.00
04:34:34 PM IST       sda   1086.00      4.00   6628.00      0.00      6.11      0.57      0.28     32.80

04:34:34 PM IST       DEV       tps     rkB/s     wkB/s     dkB/s   areq-sz    aqu-sz     await     %util
04:34:35 PM IST   nvme0n1      0.00      0.00      0.00      0.00      0.00      0.00      0.00      0.00
04:34:35 PM IST       sda   1148.00      0.00   7004.00      0.00      6.10      0.58      0.27     26.80

04:34:35 PM IST       DEV       tps     rkB/s     wkB/s     dkB/s   areq-sz    aqu-sz     await     %util
04:34:36 PM IST   nvme0n1      0.00      0.00      0.00      0.00      0.00      0.00      0.00      0.00
04:34:36 PM IST       sda   1125.00      0.00   6840.00      0.00      6.08      0.62      0.29     31.20

04:34:36 PM IST       DEV       tps     rkB/s     wkB/s     dkB/s   areq-sz    aqu-sz     await     %util
04:34:37 PM IST   nvme0n1      0.00      0.00      0.00      0.00      0.00      0.00      0.00      0.00
04:34:37 PM IST       sda   1096.00      0.00   6696.00      0.00      6.11      0.61      0.29     34.80

04:34:37 PM IST       DEV       tps     rkB/s     wkB/s     dkB/s   areq-sz    aqu-sz     await     %util
04:34:38 PM IST   nvme0n1      0.00      0.00      0.00      0.00      0.00      0.00      0.00      0.00
04:34:38 PM IST       sda   1156.00      0.00   7068.00      0.00      6.11      0.63      0.29     33.20

04:34:38 PM IST       DEV       tps     rkB/s     wkB/s     dkB/s   areq-sz    aqu-sz     await     %util
04:34:39 PM IST   nvme0n1      0.00      0.00      0.00      0.00      0.00      0.00      0.00      0.00
04:34:39 PM IST       sda   1117.00      0.00   6860.00      0.00      6.14      0.61      0.29     32.00

04:34:39 PM IST       DEV       tps     rkB/s     wkB/s     dkB/s   areq-sz    aqu-sz     await     %util
04:34:40 PM IST   nvme0n1      0.00      0.00      0.00      0.00      0.00      0.00      0.00      0.00
04:34:40 PM IST       sda   1135.00      0.00   6912.00      0.00      6.09      0.59      0.28     27.60

04:34:40 PM IST       DEV       tps     rkB/s     wkB/s     dkB/s   areq-sz    aqu-sz     await     %util
04:34:41 PM IST   nvme0n1      0.00      0.00      0.00      0.00      0.00      0.00      0.00      0.00
04:34:41 PM IST       sda   1147.00      0.00   6904.00      0.00      6.02      0.59      0.27     30.80

04:34:41 PM IST       DEV       tps     rkB/s     wkB/s     dkB/s   areq-sz    aqu-sz     await     %util
04:34:42 PM IST   nvme0n1      0.00      0.00      0.00      0.00      0.00      0.00      0.00      0.00
04:34:42 PM IST       sda   1157.00      0.00   7020.00      0.00      6.07      0.56      0.26     30.40

04:34:42 PM IST       DEV       tps     rkB/s     wkB/s     dkB/s   areq-sz    aqu-sz     await     %util
04:34:43 PM IST   nvme0n1      0.00      0.00      0.00      0.00      0.00      0.00      0.00      0.00
04:34:43 PM IST       sda   1171.00      0.00   7092.00      0.00      6.06      0.56      0.26     28.40

04:34:43 PM IST       DEV       tps     rkB/s     wkB/s     dkB/s   areq-sz    aqu-sz     await     %util
04:34:44 PM IST   nvme0n1      0.00      0.00      0.00      0.00      0.00      0.00      0.00      0.00
04:34:44 PM IST       sda   1191.00      0.00   7184.00      0.00      6.03      0.57      0.25     31.20

04:34:44 PM IST       DEV       tps     rkB/s     wkB/s     dkB/s   areq-sz    aqu-sz     await     %util
04:34:45 PM IST   nvme0n1      0.00      0.00      0.00      0.00      0.00      0.00      0.00      0.00
04:34:45 PM IST       sda   1131.00      0.00   7084.00      0.00      6.26      0.58      0.27     28.40

04:34:45 PM IST       DEV       tps     rkB/s     wkB/s     dkB/s   areq-sz    aqu-sz     await     %util
04:34:46 PM IST   nvme0n1      0.00      0.00      0.00      0.00      0.00      0.00      0.00      0.00
04:34:46 PM IST       sda   1203.00      0.00   7256.00      0.00      6.03      0.57      0.25     33.60

04:34:46 PM IST       DEV       tps     rkB/s     wkB/s     dkB/s   areq-sz    aqu-sz     await     %util
04:34:47 PM IST   nvme0n1      0.00      0.00      0.00      0.00      0.00      0.00      0.00      0.00
04:34:47 PM IST       sda   1182.00      0.00   7112.00      0.00      6.02      0.57      0.26     33.60

04:34:47 PM IST       DEV       tps     rkB/s     wkB/s     dkB/s   areq-sz    aqu-sz     await     %util
04:34:48 PM IST   nvme0n1      0.00      0.00      0.00      0.00      0.00      0.00      0.00      0.00
04:34:48 PM IST       sda   1166.00      0.00   7128.00      0.00      6.11      0.57      0.26     30.00

04:34:48 PM IST       DEV       tps     rkB/s     wkB/s     dkB/s   areq-sz    aqu-sz     await     %util
04:34:49 PM IST   nvme0n1      0.00      0.00      0.00      0.00      0.00      0.00      0.00      0.00
04:34:49 PM IST       sda   1131.00      0.00   6888.00      0.00      6.09      0.56      0.26     36.40

04:34:49 PM IST       DEV       tps     rkB/s     wkB/s     dkB/s   areq-sz    aqu-sz     await     %util
04:34:50 PM IST   nvme0n1      0.00      0.00      0.00      0.00      0.00      0.00      0.00      0.00
04:34:50 PM IST       sda   1170.00      0.00   7056.00      0.00      6.03      0.60      0.27     37.60

04:34:50 PM IST       DEV       tps     rkB/s     wkB/s     dkB/s   areq-sz    aqu-sz     await     %util
04:34:51 PM IST   nvme0n1      0.00      0.00      0.00      0.00      0.00      0.00      0.00      0.00
04:34:51 PM IST       sda   1201.00      0.00   7152.00      0.00      5.96      0.60      0.27     31.20

04:34:51 PM IST       DEV       tps     rkB/s     wkB/s     dkB/s   areq-sz    aqu-sz     await     %util
04:34:52 PM IST   nvme0n1      0.00      0.00      0.00      0.00      0.00      0.00      0.00      0.00
04:34:52 PM IST       sda   1180.00      0.00   7188.00      0.00      6.09      0.58      0.26     34.40

04:34:52 PM IST       DEV       tps     rkB/s     wkB/s     dkB/s   areq-sz    aqu-sz     await     %util
04:34:53 PM IST   nvme0n1      0.00      0.00      0.00      0.00      0.00      0.00      0.00      0.00
04:34:53 PM IST       sda   1248.00      0.00   7392.00      0.00      5.92      0.63      0.28     27.20

04:34:53 PM IST       DEV       tps     rkB/s     wkB/s     dkB/s   areq-sz    aqu-sz     await     %util
04:34:54 PM IST   nvme0n1      0.00      0.00      0.00      0.00      0.00      0.00      0.00      0.00
04:34:54 PM IST       sda   1093.00      0.00   6656.00      0.00      6.09      0.62      0.30     32.00

04:34:54 PM IST       DEV       tps     rkB/s     wkB/s     dkB/s   areq-sz    aqu-sz     await     %util
04:34:55 PM IST   nvme0n1      0.00      0.00      0.00      0.00      0.00      0.00      0.00      0.00
04:34:55 PM IST       sda   1128.00      0.00   6824.00      0.00      6.05      0.61      0.29     37.20

04:34:55 PM IST       DEV       tps     rkB/s     wkB/s     dkB/s   areq-sz    aqu-sz     await     %util
04:34:56 PM IST   nvme0n1      0.00      0.00      0.00      0.00      0.00      0.00      0.00      0.00
04:34:56 PM IST       sda   1143.00      0.00   7008.00      0.00      6.13      0.62      0.29     33.20

04:34:56 PM IST       DEV       tps     rkB/s     wkB/s     dkB/s   areq-sz    aqu-sz     await     %util
04:34:57 PM IST   nvme0n1      0.00      0.00      0.00      0.00      0.00      0.00      0.00      0.00
04:34:57 PM IST       sda   1160.00      0.00   7040.00      0.00      6.07      0.61      0.28     32.00

04:34:57 PM IST       DEV       tps     rkB/s     wkB/s     dkB/s   areq-sz    aqu-sz     await     %util
04:34:58 PM IST   nvme0n1      0.00      0.00      0.00      0.00      0.00      0.00      0.00      0.00
04:34:58 PM IST       sda   1166.00      0.00   7004.00      0.00      6.01      0.59      0.27     30.00

04:34:58 PM IST       DEV       tps     rkB/s     wkB/s     dkB/s   areq-sz    aqu-sz     await     %util
04:34:59 PM IST   nvme0n1      0.00      0.00      0.00      0.00      0.00      0.00      0.00      0.00
04:34:59 PM IST       sda   1173.00      0.00   7064.00      0.00      6.02      0.58      0.26     26.40

04:34:59 PM IST       DEV       tps     rkB/s     wkB/s     dkB/s   areq-sz    aqu-sz     await     %util
04:35:00 PM IST   nvme0n1      0.00      0.00      0.00      0.00      0.00      0.00      0.00      0.00
04:35:00 PM IST       sda   1168.00      0.00   7408.00      0.00      6.34      0.58      0.27     32.00

04:35:00 PM IST       DEV       tps     rkB/s     wkB/s     dkB/s   areq-sz    aqu-sz     await     %util
04:35:01 PM IST   nvme0n1      0.00      0.00      0.00      0.00      0.00      0.00      0.00      0.00
04:35:01 PM IST       sda   1196.00      0.00   7212.00      0.00      6.03      0.58      0.26     29.20

04:35:01 PM IST       DEV       tps     rkB/s     wkB/s     dkB/s   areq-sz    aqu-sz     await     %util
04:35:02 PM IST   nvme0n1      0.00      0.00      0.00      0.00      0.00      0.00      0.00      0.00
04:35:02 PM IST       sda   1132.00      0.00   6864.00      0.00      6.06      0.60      0.28     23.20

04:35:02 PM IST       DEV       tps     rkB/s     wkB/s     dkB/s   areq-sz    aqu-sz     await     %util
04:35:03 PM IST   nvme0n1      0.00      0.00      0.00      0.00      0.00      0.00      0.00      0.00
04:35:03 PM IST       sda   1162.00      0.00   7052.00      0.00      6.07      0.57      0.26     31.60

04:35:03 PM IST       DEV       tps     rkB/s     wkB/s     dkB/s   areq-sz    aqu-sz     await     %util
04:35:04 PM IST   nvme0n1      0.00      0.00      0.00      0.00      0.00      0.00      0.00      0.00
04:35:04 PM IST       sda   1176.00      0.00   7020.00      0.00      5.97      0.57      0.26     31.20

04:35:04 PM IST       DEV       tps     rkB/s     wkB/s     dkB/s   areq-sz    aqu-sz     await     %util
04:35:05 PM IST   nvme0n1      0.00      0.00      0.00      0.00      0.00      0.00      0.00      0.00
04:35:05 PM IST       sda   1156.00      0.00   7328.00      0.00      6.34      0.57      0.26     28.40

04:35:05 PM IST       DEV       tps     rkB/s     wkB/s     dkB/s   areq-sz    aqu-sz     await     %util
04:35:06 PM IST   nvme0n1      0.00      0.00      0.00      0.00      0.00      0.00      0.00      0.00
04:35:06 PM IST       sda   1182.00      0.00   7072.00      0.00      5.98      0.60      0.27     34.00

04:35:06 PM IST       DEV       tps     rkB/s     wkB/s     dkB/s   areq-sz    aqu-sz     await     %util
04:35:07 PM IST   nvme0n1      0.00      0.00      0.00      0.00      0.00      0.00      0.00      0.00
04:35:07 PM IST       sda   1144.00      0.00   6924.00      0.00      6.05      0.59      0.28     33.20

04:35:07 PM IST       DEV       tps     rkB/s     wkB/s     dkB/s   areq-sz    aqu-sz     await     %util
04:35:08 PM IST   nvme0n1      0.00      0.00      0.00      0.00      0.00      0.00      0.00      0.00
04:35:08 PM IST       sda   1147.00      8.00   6992.00      0.00      6.10      0.60      0.28     29.20

04:35:08 PM IST       DEV       tps     rkB/s     wkB/s     dkB/s   areq-sz    aqu-sz     await     %util
04:35:09 PM IST   nvme0n1      0.00      0.00      0.00      0.00      0.00      0.00      0.00      0.00
04:35:09 PM IST       sda   1150.00      0.00   6960.00      0.00      6.05      0.57      0.27     31.20

04:35:09 PM IST       DEV       tps     rkB/s     wkB/s     dkB/s   areq-sz    aqu-sz     await     %util
04:35:10 PM IST   nvme0n1      0.00      0.00      0.00      0.00      0.00      0.00      0.00      0.00
04:35:10 PM IST       sda   1142.00      0.00   7208.00      0.00      6.31      0.61      0.28     28.40

04:35:10 PM IST       DEV       tps     rkB/s     wkB/s     dkB/s   areq-sz    aqu-sz     await     %util
04:35:11 PM IST   nvme0n1      0.00      0.00      0.00      0.00      0.00      0.00      0.00      0.00
04:35:11 PM IST       sda   1144.00      0.00   6928.00      0.00      6.06      0.64      0.30     28.80

04:35:11 PM IST       DEV       tps     rkB/s     wkB/s     dkB/s   areq-sz    aqu-sz     await     %util
04:35:12 PM IST   nvme0n1      0.00      0.00      0.00      0.00      0.00      0.00      0.00      0.00
04:35:12 PM IST       sda   1138.00      0.00   6912.00      0.00      6.07      0.62      0.29     33.60

04:35:12 PM IST       DEV       tps     rkB/s     wkB/s     dkB/s   areq-sz    aqu-sz     await     %util
04:35:13 PM IST   nvme0n1      0.00      0.00      0.00      0.00      0.00      0.00      0.00      0.00
04:35:13 PM IST       sda   1137.00      0.00   6932.00      0.00      6.10      0.63      0.29     34.40

04:35:13 PM IST       DEV       tps     rkB/s     wkB/s     dkB/s   areq-sz    aqu-sz     await     %util
04:35:14 PM IST   nvme0n1      0.00      0.00      0.00      0.00      0.00      0.00      0.00      0.00
04:35:14 PM IST       sda   1171.00      0.00   7072.00      0.00      6.04      0.62      0.28     27.20

04:35:14 PM IST       DEV       tps     rkB/s     wkB/s     dkB/s   areq-sz    aqu-sz     await     %util
04:35:15 PM IST   nvme0n1      0.00      0.00      0.00      0.00      0.00      0.00      0.00      0.00
04:35:15 PM IST       sda   1158.00      0.00   7032.00      0.00      6.07      0.59      0.27     31.60

04:35:15 PM IST       DEV       tps     rkB/s     wkB/s     dkB/s   areq-sz    aqu-sz     await     %util
04:35:16 PM IST   nvme0n1      0.00      0.00      0.00      0.00      0.00      0.00      0.00      0.00
04:35:16 PM IST       sda   1186.00      0.00   7548.00      0.00      6.36      0.56      0.26     32.00

04:35:16 PM IST       DEV       tps     rkB/s     wkB/s     dkB/s   areq-sz    aqu-sz     await     %util
04:35:17 PM IST   nvme0n1      0.00      0.00      0.00      0.00      0.00      0.00      0.00      0.00
04:35:17 PM IST       sda   1169.00      0.00   7048.00      0.00      6.03      0.57      0.26     28.80

04:35:17 PM IST       DEV       tps     rkB/s     wkB/s     dkB/s   areq-sz    aqu-sz     await     %util
04:35:18 PM IST   nvme0n1      0.00      0.00      0.00      0.00      0.00      0.00      0.00      0.00
04:35:18 PM IST       sda   1193.00      0.00   7280.00      0.00      6.10      0.57      0.26     32.00

04:35:18 PM IST       DEV       tps     rkB/s     wkB/s     dkB/s   areq-sz    aqu-sz     await     %util
04:35:19 PM IST   nvme0n1      0.00      0.00      0.00      0.00      0.00      0.00      0.00      0.00
04:35:19 PM IST       sda   1290.00      0.00   7552.00      0.00      5.85      0.64      0.27     31.20

04:35:19 PM IST       DEV       tps     rkB/s     wkB/s     dkB/s   areq-sz    aqu-sz     await     %util
04:35:20 PM IST   nvme0n1      0.00      0.00      0.00      0.00      0.00      0.00      0.00      0.00
04:35:20 PM IST       sda   1176.00      0.00   7072.00      0.00      6.01      0.57      0.26     30.00

04:35:20 PM IST       DEV       tps     rkB/s     wkB/s     dkB/s   areq-sz    aqu-sz     await     %util
04:35:21 PM IST   nvme0n1      0.00      0.00      0.00      0.00      0.00      0.00      0.00      0.00
04:35:21 PM IST       sda   1185.00     12.00   7096.00      0.00      6.00      0.57      0.26     31.60

04:35:21 PM IST       DEV       tps     rkB/s     wkB/s     dkB/s   areq-sz    aqu-sz     await     %util
04:35:22 PM IST   nvme0n1      0.00      0.00      0.00      0.00      0.00      0.00      0.00      0.00
04:35:22 PM IST       sda   1204.00      0.00   7260.00      0.00      6.03      0.58      0.26     28.80

04:35:22 PM IST       DEV       tps     rkB/s     wkB/s     dkB/s   areq-sz    aqu-sz     await     %util
04:35:23 PM IST   nvme0n1      0.00      0.00      0.00      0.00      0.00      0.00      0.00      0.00
04:35:23 PM IST       sda   1171.00      0.00   7096.00      0.00      6.06      0.57      0.26     30.80

04:35:23 PM IST       DEV       tps     rkB/s     wkB/s     dkB/s   areq-sz    aqu-sz     await     %util
04:35:24 PM IST   nvme0n1      0.00      0.00      0.00      0.00      0.00      0.00      0.00      0.00
04:35:24 PM IST       sda   1129.00      0.00   6840.00      0.00      6.06      0.62      0.29     32.00

04:35:24 PM IST       DEV       tps     rkB/s     wkB/s     dkB/s   areq-sz    aqu-sz     await     %util
04:35:25 PM IST   nvme0n1      0.00      0.00      0.00      0.00      0.00      0.00      0.00      0.00
04:35:25 PM IST       sda   1154.00      0.00   6964.00      0.00      6.03      0.59      0.27     32.00

04:35:25 PM IST       DEV       tps     rkB/s     wkB/s     dkB/s   areq-sz    aqu-sz     await     %util
04:35:26 PM IST   nvme0n1      0.00      0.00      0.00      0.00      0.00      0.00      0.00      0.00
04:35:26 PM IST       sda   1546.00      0.00   8772.00      0.00      5.67      0.80      0.28     38.80

04:35:26 PM IST       DEV       tps     rkB/s     wkB/s     dkB/s   areq-sz    aqu-sz     await     %util
04:35:27 PM IST   nvme0n1      0.00      0.00      0.00      0.00      0.00      0.00      0.00      0.00
04:35:27 PM IST       sda   1145.00      0.00   6988.00      0.00      6.10      0.63      0.29     34.40

04:35:27 PM IST       DEV       tps     rkB/s     wkB/s     dkB/s   areq-sz    aqu-sz     await     %util
04:35:28 PM IST   nvme0n1      0.00      0.00      0.00      0.00      0.00      0.00      0.00      0.00
04:35:28 PM IST       sda   1109.00      0.00   6792.00      0.00      6.12      0.62      0.30     32.40

04:35:28 PM IST       DEV       tps     rkB/s     wkB/s     dkB/s   areq-sz    aqu-sz     await     %util
04:35:29 PM IST   nvme0n1      0.00      0.00      0.00      0.00      0.00      0.00      0.00      0.00
04:35:29 PM IST       sda   1150.00      0.00   6944.00      0.00      6.04      0.62      0.29     31.60

04:35:29 PM IST       DEV       tps     rkB/s     wkB/s     dkB/s   areq-sz    aqu-sz     await     %util
04:35:30 PM IST   nvme0n1      0.00      0.00      0.00      0.00      0.00      0.00      0.00      0.00
04:35:30 PM IST       sda   1136.00      0.00   6932.00      0.00      6.10      0.63      0.29     32.80

04:35:30 PM IST       DEV       tps     rkB/s     wkB/s     dkB/s   areq-sz    aqu-sz     await     %util
04:35:31 PM IST   nvme0n1      0.00      0.00      0.00      0.00      0.00      0.00      0.00      0.00
04:35:31 PM IST       sda   1011.00      0.00   6056.00      0.00      5.99      0.53      0.28     23.60

04:35:31 PM IST       DEV       tps     rkB/s     wkB/s     dkB/s   areq-sz    aqu-sz     await     %util
04:35:32 PM IST   nvme0n1      0.00      0.00      0.00      0.00      0.00      0.00      0.00      0.00
04:35:32 PM IST       sda   1080.00      0.00   6692.00      0.00      6.20      0.55      0.27     29.20

04:35:32 PM IST       DEV       tps     rkB/s     wkB/s     dkB/s   areq-sz    aqu-sz     await     %util
04:35:33 PM IST   nvme0n1      0.00      0.00      0.00      0.00      0.00      0.00      0.00      0.00
04:35:33 PM IST       sda   1111.00      0.00   6808.00      0.00      6.13      0.53      0.26     34.00

04:35:33 PM IST       DEV       tps     rkB/s     wkB/s     dkB/s   areq-sz    aqu-sz     await     %util
04:35:34 PM IST   nvme0n1      0.00      0.00      0.00      0.00      0.00      0.00      0.00      0.00
04:35:34 PM IST       sda   1134.00      0.00   6840.00      0.00      6.03      0.53      0.25     29.60

04:35:34 PM IST       DEV       tps     rkB/s     wkB/s     dkB/s   areq-sz    aqu-sz     await     %util
04:35:35 PM IST   nvme0n1      0.00      0.00      0.00      0.00      0.00      0.00      0.00      0.00
04:35:35 PM IST       sda   1223.00      0.00   7272.00      0.00      5.95      0.58      0.27     28.80

04:35:35 PM IST       DEV       tps     rkB/s     wkB/s     dkB/s   areq-sz    aqu-sz     await     %util
04:35:36 PM IST   nvme0n1      0.00      0.00      0.00      0.00      0.00      0.00      0.00      0.00
04:35:36 PM IST       sda   1144.00      0.00   7168.00      0.00      6.27      0.60      0.28     30.80

04:35:36 PM IST       DEV       tps     rkB/s     wkB/s     dkB/s   areq-sz    aqu-sz     await     %util
04:35:37 PM IST   nvme0n1      0.00      0.00      0.00      0.00      0.00      0.00      0.00      0.00
04:35:37 PM IST       sda   1165.00      0.00   7060.00      0.00      6.06      0.55      0.25     30.00

04:35:37 PM IST       DEV       tps     rkB/s     wkB/s     dkB/s   areq-sz    aqu-sz     await     %util
04:35:38 PM IST   nvme0n1      0.00      0.00      0.00      0.00      0.00      0.00      0.00      0.00
04:35:38 PM IST       sda   1197.00      0.00   7192.00      0.00      6.01      0.57      0.26     34.00

04:35:38 PM IST       DEV       tps     rkB/s     wkB/s     dkB/s   areq-sz    aqu-sz     await     %util
04:35:39 PM IST   nvme0n1      0.00      0.00      0.00      0.00      0.00      0.00      0.00      0.00
04:35:39 PM IST       sda   1146.53      0.00   6930.69      0.00      6.04      0.55      0.26     30.50

04:35:39 PM IST       DEV       tps     rkB/s     wkB/s     dkB/s   areq-sz    aqu-sz     await     %util
04:35:40 PM IST   nvme0n1      0.00      0.00      0.00      0.00      0.00      0.00      0.00      0.00
04:35:40 PM IST       sda   1154.00      0.00   6980.00      0.00      6.05      0.56      0.26     28.00

04:35:40 PM IST       DEV       tps     rkB/s     wkB/s     dkB/s   areq-sz    aqu-sz     await     %util
04:35:41 PM IST   nvme0n1      0.00      0.00      0.00      0.00      0.00      0.00      0.00      0.00
04:35:41 PM IST       sda   1143.00      0.00   7188.00      0.00      6.29      0.61      0.28     30.80

04:35:41 PM IST       DEV       tps     rkB/s     wkB/s     dkB/s   areq-sz    aqu-sz     await     %util
04:35:42 PM IST   nvme0n1      0.00      0.00      0.00      0.00      0.00      0.00      0.00      0.00
04:35:42 PM IST       sda   1154.00      0.00   6960.00      0.00      6.03      0.58      0.27     31.20

04:35:42 PM IST       DEV       tps     rkB/s     wkB/s     dkB/s   areq-sz    aqu-sz     await     %util
04:35:43 PM IST   nvme0n1      0.00      0.00      0.00      0.00      0.00      0.00      0.00      0.00
04:35:43 PM IST       sda   1166.00      0.00   7092.00      0.00      6.08      0.58      0.26     32.80

04:35:43 PM IST       DEV       tps     rkB/s     wkB/s     dkB/s   areq-sz    aqu-sz     await     %util
04:35:44 PM IST   nvme0n1      0.00      0.00      0.00      0.00      0.00      0.00      0.00      0.00
04:35:44 PM IST       sda   1142.00      0.00   6920.00      0.00      6.06      0.61      0.28     30.80

04:35:44 PM IST       DEV       tps     rkB/s     wkB/s     dkB/s   areq-sz    aqu-sz     await     %util
04:35:45 PM IST   nvme0n1      0.00      0.00      0.00      0.00      0.00      0.00      0.00      0.00
04:35:45 PM IST       sda   1182.00      0.00   7124.00      0.00      6.03      0.64      0.29     32.80

04:35:45 PM IST       DEV       tps     rkB/s     wkB/s     dkB/s   areq-sz    aqu-sz     await     %util
04:35:46 PM IST   nvme0n1      0.00      0.00      0.00      0.00      0.00      0.00      0.00      0.00
04:35:46 PM IST       sda   1165.00      0.00   7280.00      0.00      6.25      0.64      0.29     34.40

04:35:46 PM IST       DEV       tps     rkB/s     wkB/s     dkB/s   areq-sz    aqu-sz     await     %util
04:35:47 PM IST   nvme0n1      0.00      0.00      0.00      0.00      0.00      0.00      0.00      0.00
04:35:47 PM IST       sda   1152.00      0.00   6996.00      0.00      6.07      0.61      0.28     32.00

04:35:47 PM IST       DEV       tps     rkB/s     wkB/s     dkB/s   areq-sz    aqu-sz     await     %util
04:35:48 PM IST   nvme0n1      0.00      0.00      0.00      0.00      0.00      0.00      0.00      0.00
04:35:48 PM IST       sda   1118.00      0.00   6792.00      0.00      6.08      0.59      0.28     33.60

04:35:48 PM IST       DEV       tps     rkB/s     wkB/s     dkB/s   areq-sz    aqu-sz     await     %util
04:35:49 PM IST   nvme0n1      0.00      0.00      0.00      0.00      0.00      0.00      0.00      0.00
04:35:49 PM IST       sda   1147.00      0.00   6912.00      0.00      6.03      0.59      0.27     25.60

04:35:49 PM IST       DEV       tps     rkB/s     wkB/s     dkB/s   areq-sz    aqu-sz     await     %util
04:35:50 PM IST   nvme0n1      0.00      0.00      0.00      0.00      0.00      0.00      0.00      0.00
04:35:50 PM IST       sda   1167.00      0.00   7104.00      0.00      6.09      0.57      0.26     28.40

04:35:50 PM IST       DEV       tps     rkB/s     wkB/s     dkB/s   areq-sz    aqu-sz     await     %util
04:35:51 PM IST   nvme0n1      0.00      0.00      0.00      0.00      0.00      0.00      0.00      0.00
04:35:51 PM IST       sda   1155.00      0.00   7028.00      0.00      6.08      0.56      0.26     31.60

04:35:51 PM IST       DEV       tps     rkB/s     wkB/s     dkB/s   areq-sz    aqu-sz     await     %util
04:35:52 PM IST   nvme0n1      0.00      0.00      0.00      0.00      0.00      0.00      0.00      0.00
04:35:52 PM IST       sda   1231.00      0.00   7344.00      0.00      5.97      0.58      0.25     29.60

04:35:52 PM IST       DEV       tps     rkB/s     wkB/s     dkB/s   areq-sz    aqu-sz     await     %util
04:35:53 PM IST   nvme0n1      0.00      0.00      0.00      0.00      0.00      0.00      0.00      0.00
04:35:53 PM IST       sda   1140.00      0.00   6920.00      0.00      6.07      0.58      0.27     28.80

04:35:53 PM IST       DEV       tps     rkB/s     wkB/s     dkB/s   areq-sz    aqu-sz     await     %util
04:35:54 PM IST   nvme0n1      0.00      0.00      0.00      0.00      0.00      0.00      0.00      0.00
04:35:54 PM IST       sda   1126.00      0.00   6824.00      0.00      6.06      0.58      0.27     32.80

04:35:54 PM IST       DEV       tps     rkB/s     wkB/s     dkB/s   areq-sz    aqu-sz     await     %util
04:35:55 PM IST   nvme0n1      0.00      0.00      0.00      0.00      0.00      0.00      0.00      0.00
04:35:55 PM IST       sda   1152.00      0.00   7040.00      0.00      6.11      0.56      0.26     26.40

04:35:55 PM IST       DEV       tps     rkB/s     wkB/s     dkB/s   areq-sz    aqu-sz     await     %util
04:35:56 PM IST   nvme0n1      0.00      0.00      0.00      0.00      0.00      0.00      0.00      0.00
04:35:56 PM IST       sda   1153.00      0.00   7408.00      0.00      6.42      0.56      0.26     28.80

04:35:56 PM IST       DEV       tps     rkB/s     wkB/s     dkB/s   areq-sz    aqu-sz     await     %util
04:35:57 PM IST   nvme0n1      0.00      0.00      0.00      0.00      0.00      0.00      0.00      0.00
04:35:57 PM IST       sda   1151.00      0.00   6936.00      0.00      6.03      0.56      0.26     30.80

04:35:57 PM IST       DEV       tps     rkB/s     wkB/s     dkB/s   areq-sz    aqu-sz     await     %util
04:35:58 PM IST   nvme0n1      0.00      0.00      0.00      0.00      0.00      0.00      0.00      0.00
04:35:58 PM IST       sda   1117.00      0.00   6916.00      0.00      6.19      0.59      0.28     31.20

04:35:58 PM IST       DEV       tps     rkB/s     wkB/s     dkB/s   areq-sz    aqu-sz     await     %util
04:35:59 PM IST   nvme0n1      0.00      0.00      0.00      0.00      0.00      0.00      0.00      0.00
04:35:59 PM IST       sda   1166.00      0.00   7016.00      0.00      6.02      0.58      0.27     26.40

04:35:59 PM IST       DEV       tps     rkB/s     wkB/s     dkB/s   areq-sz    aqu-sz     await     %util
04:36:00 PM IST   nvme0n1      0.00      0.00      0.00      0.00      0.00      0.00      0.00      0.00
04:36:00 PM IST       sda   1135.00      0.00   6856.00      0.00      6.04      0.59      0.27     28.80

04:36:00 PM IST       DEV       tps     rkB/s     wkB/s     dkB/s   areq-sz    aqu-sz     await     %util
04:36:01 PM IST   nvme0n1      0.00      0.00      0.00      0.00      0.00      0.00      0.00      0.00
04:36:01 PM IST       sda   1165.00      0.00   7100.00      0.00      6.09      0.60      0.27     27.20

04:36:01 PM IST       DEV       tps     rkB/s     wkB/s     dkB/s   areq-sz    aqu-sz     await     %util
04:36:02 PM IST   nvme0n1      0.00      0.00      0.00      0.00      0.00      0.00      0.00      0.00
04:36:02 PM IST       sda   1118.00      0.00   7040.00      0.00      6.30      0.62      0.29     30.40

04:36:02 PM IST       DEV       tps     rkB/s     wkB/s     dkB/s   areq-sz    aqu-sz     await     %util
04:36:03 PM IST   nvme0n1      0.00      0.00      0.00      0.00      0.00      0.00      0.00      0.00
04:36:03 PM IST       sda   1092.00      0.00   6768.00      0.00      6.20      0.59      0.29     27.20

04:36:03 PM IST       DEV       tps     rkB/s     wkB/s     dkB/s   areq-sz    aqu-sz     await     %util
04:36:04 PM IST   nvme0n1      0.00      0.00      0.00      0.00      0.00      0.00      0.00      0.00
04:36:04 PM IST       sda   1045.00      0.00   6232.00      0.00      5.96      0.57      0.29     34.40

04:36:04 PM IST       DEV       tps     rkB/s     wkB/s     dkB/s   areq-sz    aqu-sz     await     %util
04:36:05 PM IST   nvme0n1      0.00      0.00      0.00      0.00      0.00      0.00      0.00      0.00
04:36:05 PM IST       sda   1027.00      0.00   6224.00      0.00      6.06      0.56      0.29     30.40

04:36:05 PM IST       DEV       tps     rkB/s     wkB/s     dkB/s   areq-sz    aqu-sz     await     %util
04:36:06 PM IST   nvme0n1      0.00      0.00      0.00      0.00      0.00      0.00      0.00      0.00
04:36:06 PM IST       sda   1027.00      0.00   6256.00      0.00      6.09      0.53      0.27     27.60

04:36:06 PM IST       DEV       tps     rkB/s     wkB/s     dkB/s   areq-sz    aqu-sz     await     %util
04:36:07 PM IST   nvme0n1      0.00      0.00      0.00      0.00      0.00      0.00      0.00      0.00
04:36:07 PM IST       sda   1068.00      0.00   6800.00      0.00      6.37      0.54      0.27     24.40

04:36:07 PM IST       DEV       tps     rkB/s     wkB/s     dkB/s   areq-sz    aqu-sz     await     %util
04:36:08 PM IST   nvme0n1      0.00      0.00      0.00      0.00      0.00      0.00      0.00      0.00
04:36:08 PM IST       sda   1109.00      8.00   6616.00      0.00      5.97      0.53      0.25     28.40

04:36:08 PM IST       DEV       tps     rkB/s     wkB/s     dkB/s   areq-sz    aqu-sz     await     %util
04:36:09 PM IST   nvme0n1      0.00      0.00      0.00      0.00      0.00      0.00      0.00      0.00
04:36:09 PM IST       sda   1095.00      0.00   6664.00      0.00      6.09      0.53      0.26     28.00

04:36:09 PM IST       DEV       tps     rkB/s     wkB/s     dkB/s   areq-sz    aqu-sz     await     %util
04:36:10 PM IST   nvme0n1      0.00      0.00      0.00      0.00      0.00      0.00      0.00      0.00
04:36:10 PM IST       sda   1120.00      0.00   6752.00      0.00      6.03      0.54      0.26     28.40

04:36:10 PM IST       DEV       tps     rkB/s     wkB/s     dkB/s   areq-sz    aqu-sz     await     %util
04:36:11 PM IST   nvme0n1      0.00      0.00      0.00      0.00      0.00      0.00      0.00      0.00
04:36:11 PM IST       sda   1127.00      0.00   6912.00      0.00      6.13      0.59      0.28     31.20

04:36:11 PM IST       DEV       tps     rkB/s     wkB/s     dkB/s   areq-sz    aqu-sz     await     %util
04:36:12 PM IST   nvme0n1      0.00      0.00      0.00      0.00      0.00      0.00      0.00      0.00
04:36:12 PM IST       sda   1135.00      0.00   7128.00      0.00      6.28      0.54      0.25     27.60

04:36:12 PM IST       DEV       tps     rkB/s     wkB/s     dkB/s   areq-sz    aqu-sz     await     %util
04:36:13 PM IST   nvme0n1      0.00      0.00      0.00      0.00      0.00      0.00      0.00      0.00
04:36:13 PM IST       sda   1116.00      0.00  13708.00      0.00     12.28      0.56      0.28     31.60

04:36:13 PM IST       DEV       tps     rkB/s     wkB/s     dkB/s   areq-sz    aqu-sz     await     %util
04:36:14 PM IST   nvme0n1      0.00      0.00      0.00      0.00      0.00      0.00      0.00      0.00
04:36:14 PM IST       sda   1202.00   2284.00   7432.00      0.00      8.08      0.57      0.27     27.60

04:36:14 PM IST       DEV       tps     rkB/s     wkB/s     dkB/s   areq-sz    aqu-sz     await     %util
04:36:15 PM IST   nvme0n1      0.00      0.00      0.00      0.00      0.00      0.00      0.00      0.00
04:36:15 PM IST       sda   1140.00      0.00   6928.00      0.00      6.08      0.62      0.29     32.80

04:36:15 PM IST       DEV       tps     rkB/s     wkB/s     dkB/s   areq-sz    aqu-sz     await     %util
04:36:16 PM IST   nvme0n1      0.00      0.00      0.00      0.00      0.00      0.00      0.00      0.00
04:36:16 PM IST       sda   1236.00      0.00   7460.00      0.00      6.04      0.59      0.27     30.00

04:36:16 PM IST       DEV       tps     rkB/s     wkB/s     dkB/s   areq-sz    aqu-sz     await     %util
04:36:17 PM IST   nvme0n1      0.00      0.00      0.00      0.00      0.00      0.00      0.00      0.00
04:36:17 PM IST       sda   1141.00      0.00   6948.00      0.00      6.09      0.58      0.27     33.20

04:36:17 PM IST       DEV       tps     rkB/s     wkB/s     dkB/s   areq-sz    aqu-sz     await     %util
04:36:18 PM IST   nvme0n1      0.00      0.00      0.00      0.00      0.00      0.00      0.00      0.00
04:36:18 PM IST       sda   1207.00      0.00   7568.00      0.00      6.27      0.63      0.28     35.60

04:36:18 PM IST       DEV       tps     rkB/s     wkB/s     dkB/s   areq-sz    aqu-sz     await     %util
04:36:19 PM IST   nvme0n1      0.00      0.00      0.00      0.00      0.00      0.00      0.00      0.00
04:36:19 PM IST       sda   1132.00      0.00   6888.00      0.00      6.08      0.64      0.30     30.00

04:36:19 PM IST       DEV       tps     rkB/s     wkB/s     dkB/s   areq-sz    aqu-sz     await     %util
04:36:20 PM IST   nvme0n1      0.00      0.00      0.00      0.00      0.00      0.00      0.00      0.00
04:36:20 PM IST       sda   1132.00      0.00   6880.00      0.00      6.08      0.62      0.29     37.60

04:36:20 PM IST       DEV       tps     rkB/s     wkB/s     dkB/s   areq-sz    aqu-sz     await     %util
04:36:21 PM IST   nvme0n1      0.00      0.00      0.00      0.00      0.00      0.00      0.00      0.00
04:36:21 PM IST       sda   1163.00      0.00   7352.00      0.00      6.32      0.64      0.29     32.40

04:36:21 PM IST       DEV       tps     rkB/s     wkB/s     dkB/s   areq-sz    aqu-sz     await     %util
04:36:22 PM IST   nvme0n1      0.00      0.00      0.00      0.00      0.00      0.00      0.00      0.00
04:36:22 PM IST       sda   1154.00      0.00   7280.00      0.00      6.31      0.61      0.29     29.20

04:36:22 PM IST       DEV       tps     rkB/s     wkB/s     dkB/s   areq-sz    aqu-sz     await     %util
04:36:23 PM IST   nvme0n1      0.00      0.00      0.00      0.00      0.00      0.00      0.00      0.00
04:36:23 PM IST       sda   1166.00      0.00   7056.00      0.00      6.05      0.58      0.27     29.20

04:36:23 PM IST       DEV       tps     rkB/s     wkB/s     dkB/s   areq-sz    aqu-sz     await     %util
04:36:24 PM IST   nvme0n1      0.00      0.00      0.00      0.00      0.00      0.00      0.00      0.00
04:36:24 PM IST       sda   1154.00      0.00   7216.00      0.00      6.25      0.55      0.26     29.60

04:36:24 PM IST       DEV       tps     rkB/s     wkB/s     dkB/s   areq-sz    aqu-sz     await     %util
04:36:25 PM IST   nvme0n1      0.00      0.00      0.00      0.00      0.00      0.00      0.00      0.00
04:36:25 PM IST       sda   1201.00      0.00   7316.00      0.00      6.09      0.57      0.26     31.20

04:36:25 PM IST       DEV       tps     rkB/s     wkB/s     dkB/s   areq-sz    aqu-sz     await     %util
04:36:26 PM IST   nvme0n1      0.00      0.00      0.00      0.00      0.00      0.00      0.00      0.00
04:36:26 PM IST       sda   1596.00      0.00   9016.00      0.00      5.65      0.77      0.26     41.60

04:36:26 PM IST       DEV       tps     rkB/s     wkB/s     dkB/s   areq-sz    aqu-sz     await     %util
04:36:27 PM IST   nvme0n1      0.00      0.00      0.00      0.00      0.00      0.00      0.00      0.00
04:36:27 PM IST       sda   1171.00      0.00   7600.00      0.00      6.49      0.58      0.27     23.60

04:36:27 PM IST       DEV       tps     rkB/s     wkB/s     dkB/s   areq-sz    aqu-sz     await     %util
04:36:28 PM IST   nvme0n1      0.00      0.00      0.00      0.00      0.00      0.00      0.00      0.00
04:36:28 PM IST       sda   1245.00      0.00   7360.00      0.00      5.91      0.58      0.26     27.60

04:36:28 PM IST       DEV       tps     rkB/s     wkB/s     dkB/s   areq-sz    aqu-sz     await     %util
04:36:29 PM IST   nvme0n1      0.00      0.00      0.00      0.00      0.00      0.00      0.00      0.00
04:36:29 PM IST       sda   1146.00      0.00   6944.00      0.00      6.06      0.54      0.25     30.40

04:36:29 PM IST       DEV       tps     rkB/s     wkB/s     dkB/s   areq-sz    aqu-sz     await     %util
04:36:30 PM IST   nvme0n1      0.00      0.00      0.00      0.00      0.00      0.00      0.00      0.00
04:36:30 PM IST       sda   1182.00      0.00   7556.00      0.00      6.39      0.57      0.26     35.20

04:36:30 PM IST       DEV       tps     rkB/s     wkB/s     dkB/s   areq-sz    aqu-sz     await     %util
04:36:31 PM IST   nvme0n1      0.00      0.00      0.00      0.00      0.00      0.00      0.00      0.00
04:36:31 PM IST       sda    947.00      0.00   5504.00      0.00      5.81      0.50      0.28     25.60

04:36:31 PM IST       DEV       tps     rkB/s     wkB/s     dkB/s   areq-sz    aqu-sz     await     %util
04:36:32 PM IST   nvme0n1      0.00      0.00      0.00      0.00      0.00      0.00      0.00      0.00
04:36:32 PM IST       sda   1104.00      0.00   6920.00      0.00      6.27      0.56      0.27     28.40

04:36:32 PM IST       DEV       tps     rkB/s     wkB/s     dkB/s   areq-sz    aqu-sz     await     %util
04:36:33 PM IST   nvme0n1      0.00      0.00      0.00      0.00      0.00      0.00      0.00      0.00
04:36:33 PM IST       sda   1164.00      0.00   7040.00      0.00      6.05      0.58      0.27     27.60

04:36:33 PM IST       DEV       tps     rkB/s     wkB/s     dkB/s   areq-sz    aqu-sz     await     %util
04:36:34 PM IST   nvme0n1      0.00      0.00      0.00      0.00      0.00      0.00      0.00      0.00
04:36:34 PM IST       sda   1149.00      0.00   7172.00      0.00      6.24      0.56      0.26     29.60

04:36:34 PM IST       DEV       tps     rkB/s     wkB/s     dkB/s   areq-sz    aqu-sz     await     %util
04:36:35 PM IST   nvme0n1      0.00      0.00      0.00      0.00      0.00      0.00      0.00      0.00
04:36:35 PM IST       sda   1120.00      0.00   6964.00      0.00      6.22      0.60      0.28     34.40

04:36:35 PM IST       DEV       tps     rkB/s     wkB/s     dkB/s   areq-sz    aqu-sz     await     %util
04:36:36 PM IST   nvme0n1      0.00      0.00      0.00      0.00      0.00      0.00      0.00      0.00
04:36:36 PM IST       sda   1146.00      0.00   6848.00      0.00      5.98      0.64      0.29     32.40

04:36:36 PM IST       DEV       tps     rkB/s     wkB/s     dkB/s   areq-sz    aqu-sz     await     %util
04:36:37 PM IST   nvme0n1      0.00      0.00      0.00      0.00      0.00      0.00      0.00      0.00
04:36:37 PM IST       sda   1120.00      0.00   7420.00      0.00      6.62      0.60      0.29     30.00

04:36:37 PM IST       DEV       tps     rkB/s     wkB/s     dkB/s   areq-sz    aqu-sz     await     %util
04:36:38 PM IST   nvme0n1      0.00      0.00      0.00      0.00      0.00      0.00      0.00      0.00
04:36:38 PM IST       sda   1152.00      0.00   7008.00      0.00      6.08      0.63      0.29     31.20

04:36:38 PM IST       DEV       tps     rkB/s     wkB/s     dkB/s   areq-sz    aqu-sz     await     %util
04:36:39 PM IST   nvme0n1      0.00      0.00      0.00      0.00      0.00      0.00      0.00      0.00
04:36:39 PM IST       sda   1182.00      0.00   7096.00      0.00      6.00      0.59      0.27     28.00

04:36:39 PM IST       DEV       tps     rkB/s     wkB/s     dkB/s   areq-sz    aqu-sz     await     %util
04:36:40 PM IST   nvme0n1      0.00      0.00      0.00      0.00      0.00      0.00      0.00      0.00
04:36:40 PM IST       sda   1163.00      0.00   7296.00      0.00      6.27      0.59      0.27     34.80

04:36:40 PM IST       DEV       tps     rkB/s     wkB/s     dkB/s   areq-sz    aqu-sz     await     %util
04:36:41 PM IST   nvme0n1      0.00      0.00      0.00      0.00      0.00      0.00      0.00      0.00
04:36:41 PM IST       sda   1176.00      0.00   7072.00      0.00      6.01      0.57      0.26     30.80

04:36:41 PM IST       DEV       tps     rkB/s     wkB/s     dkB/s   areq-sz    aqu-sz     await     %util
04:36:42 PM IST   nvme0n1      0.00      0.00      0.00      0.00      0.00      0.00      0.00      0.00
04:36:42 PM IST       sda   1084.00    108.00   6496.00      0.00      6.09      0.52      0.26     24.80

04:36:42 PM IST       DEV       tps     rkB/s     wkB/s     dkB/s   areq-sz    aqu-sz     await     %util
04:36:43 PM IST   nvme0n1      0.00      0.00      0.00      0.00      0.00      0.00      0.00      0.00
04:36:43 PM IST       sda   1187.00      0.00   7408.00      0.00      6.24      0.56      0.25     28.00

04:36:43 PM IST       DEV       tps     rkB/s     wkB/s     dkB/s   areq-sz    aqu-sz     await     %util
04:36:44 PM IST   nvme0n1      0.00      0.00      0.00      0.00      0.00      0.00      0.00      0.00
04:36:44 PM IST       sda   1164.00      0.00   7032.00      0.00      6.04      0.59      0.27     38.80

04:36:44 PM IST       DEV       tps     rkB/s     wkB/s     dkB/s   areq-sz    aqu-sz     await     %util
04:36:45 PM IST   nvme0n1      0.00      0.00      0.00      0.00      0.00      0.00      0.00      0.00
04:36:45 PM IST       sda   1164.00      0.00   7036.00      0.00      6.04      0.56      0.26     28.00

04:36:45 PM IST       DEV       tps     rkB/s     wkB/s     dkB/s   areq-sz    aqu-sz     await     %util
04:36:46 PM IST   nvme0n1      0.00      0.00      0.00      0.00      0.00      0.00      0.00      0.00
04:36:46 PM IST       sda   1172.00      0.00   7032.00      0.00      6.00      0.57      0.26     30.00

04:36:46 PM IST       DEV       tps     rkB/s     wkB/s     dkB/s   areq-sz    aqu-sz     await     %util
04:36:47 PM IST   nvme0n1      0.00      0.00      0.00      0.00      0.00      0.00      0.00      0.00
04:36:47 PM IST       sda   1132.00      0.00   7148.00      0.00      6.31      0.55      0.26     30.00

04:36:47 PM IST       DEV       tps     rkB/s     wkB/s     dkB/s   areq-sz    aqu-sz     await     %util
04:36:48 PM IST   nvme0n1      0.00      0.00      0.00      0.00      0.00      0.00      0.00      0.00
04:36:48 PM IST       sda   1206.00      4.00   7716.00      0.00      6.40      0.58      0.26     29.60

04:36:48 PM IST       DEV       tps     rkB/s     wkB/s     dkB/s   areq-sz    aqu-sz     await     %util
04:36:49 PM IST   nvme0n1      0.00      0.00      0.00      0.00      0.00      0.00      0.00      0.00
04:36:49 PM IST       sda   1158.00      0.00   6960.00      0.00      6.01      0.62      0.28     31.60

04:36:49 PM IST       DEV       tps     rkB/s     wkB/s     dkB/s   areq-sz    aqu-sz     await     %util
04:36:50 PM IST   nvme0n1      0.00      0.00      0.00      0.00      0.00      0.00      0.00      0.00
04:36:50 PM IST       sda   1159.00      0.00   7208.00      0.00      6.22      0.59      0.27     31.60

04:36:50 PM IST       DEV       tps     rkB/s     wkB/s     dkB/s   areq-sz    aqu-sz     await     %util
04:36:51 PM IST   nvme0n1      0.00      0.00      0.00      0.00      0.00      0.00      0.00      0.00
04:36:51 PM IST       sda   1200.00      0.00   7296.00      0.00      6.08      0.60      0.27     29.60

04:36:51 PM IST       DEV       tps     rkB/s     wkB/s     dkB/s   areq-sz    aqu-sz     await     %util
04:36:52 PM IST   nvme0n1      0.00      0.00      0.00      0.00      0.00      0.00      0.00      0.00
04:36:52 PM IST       sda   1140.00      0.00   6880.00      0.00      6.04      0.61      0.28     34.00

04:36:52 PM IST       DEV       tps     rkB/s     wkB/s     dkB/s   areq-sz    aqu-sz     await     %util
04:36:53 PM IST   nvme0n1      0.00      0.00      0.00      0.00      0.00      0.00      0.00      0.00
04:36:53 PM IST       sda   1147.00      0.00   7440.00      0.00      6.49      0.64      0.29     30.40

04:36:53 PM IST       DEV       tps     rkB/s     wkB/s     dkB/s   areq-sz    aqu-sz     await     %util
04:36:54 PM IST   nvme0n1      0.00      0.00      0.00      0.00      0.00      0.00      0.00      0.00
04:36:54 PM IST       sda   1243.00      0.00   7356.00      0.00      5.92      0.67      0.29     32.40

04:36:54 PM IST       DEV       tps     rkB/s     wkB/s     dkB/s   areq-sz    aqu-sz     await     %util
04:36:55 PM IST   nvme0n1      0.00      0.00      0.00      0.00      0.00      0.00      0.00      0.00
04:36:55 PM IST       sda   1147.00      0.00   6984.00      0.00      6.09      0.63      0.29     32.80

04:36:55 PM IST       DEV       tps     rkB/s     wkB/s     dkB/s   areq-sz    aqu-sz     await     %util
04:36:56 PM IST   nvme0n1      0.00      0.00      0.00      0.00      0.00      0.00      0.00      0.00
04:36:56 PM IST       sda   1143.00      0.00   7288.00      0.00      6.38      0.60      0.28     32.40

04:36:56 PM IST       DEV       tps     rkB/s     wkB/s     dkB/s   areq-sz    aqu-sz     await     %util
04:36:57 PM IST   nvme0n1      0.00      0.00      0.00      0.00      0.00      0.00      0.00      0.00
04:36:57 PM IST       sda   1158.00      0.00   6976.00      0.00      6.02      0.59      0.27     26.80

04:36:57 PM IST       DEV       tps     rkB/s     wkB/s     dkB/s   areq-sz    aqu-sz     await     %util
04:36:58 PM IST   nvme0n1      0.00      0.00      0.00      0.00      0.00      0.00      0.00      0.00
04:36:58 PM IST       sda   1187.00      0.00   7420.00      0.00      6.25      0.56      0.25     32.80

04:36:58 PM IST       DEV       tps     rkB/s     wkB/s     dkB/s   areq-sz    aqu-sz     await     %util
04:36:59 PM IST   nvme0n1      0.00      0.00      0.00      0.00      0.00      0.00      0.00      0.00
04:36:59 PM IST       sda   1215.00      0.00   7568.00      0.00      6.23      0.57      0.25     30.40

04:36:59 PM IST       DEV       tps     rkB/s     wkB/s     dkB/s   areq-sz    aqu-sz     await     %util
04:37:00 PM IST   nvme0n1      0.00      0.00      0.00      0.00      0.00      0.00      0.00      0.00
04:37:00 PM IST       sda   1230.00      0.00   7412.00      0.00      6.03      0.59      0.27     24.00

04:37:00 PM IST       DEV       tps     rkB/s     wkB/s     dkB/s   areq-sz    aqu-sz     await     %util
04:37:01 PM IST   nvme0n1      0.00      0.00      0.00      0.00      0.00      0.00      0.00      0.00
04:37:01 PM IST       sda   1152.00      0.00   6944.00      0.00      6.03      0.60      0.28     33.60

04:37:01 PM IST       DEV       tps     rkB/s     wkB/s     dkB/s   areq-sz    aqu-sz     await     %util
04:37:02 PM IST   nvme0n1      0.00      0.00      0.00      0.00      0.00      0.00      0.00      0.00
04:37:02 PM IST       sda   1182.00      0.00   7096.00      0.00      6.00      0.56      0.25     32.00

04:37:02 PM IST       DEV       tps     rkB/s     wkB/s     dkB/s   areq-sz    aqu-sz     await     %util
04:37:03 PM IST   nvme0n1      0.00      0.00      0.00      0.00      0.00      0.00      0.00      0.00
04:37:03 PM IST       sda   1196.00      0.00   7672.00      0.00      6.41      0.57      0.26     27.60

04:37:03 PM IST       DEV       tps     rkB/s     wkB/s     dkB/s   areq-sz    aqu-sz     await     %util
04:37:04 PM IST   nvme0n1      0.00      0.00      0.00      0.00      0.00      0.00      0.00      0.00
04:37:04 PM IST       sda   1179.00      0.00   7128.00      0.00      6.05      0.56      0.26     30.80

04:37:04 PM IST       DEV       tps     rkB/s     wkB/s     dkB/s   areq-sz    aqu-sz     await     %util
04:37:05 PM IST   nvme0n1      0.00      0.00      0.00      0.00      0.00      0.00      0.00      0.00
04:37:05 PM IST       sda   1186.00      0.00   7212.00      0.00      6.08      0.60      0.27     32.00

04:37:05 PM IST       DEV       tps     rkB/s     wkB/s     dkB/s   areq-sz    aqu-sz     await     %util
04:37:06 PM IST   nvme0n1      0.00      0.00      0.00      0.00      0.00      0.00      0.00      0.00
04:37:06 PM IST       sda   1210.00      0.00   7424.00      0.00      6.14      0.62      0.27     34.00

04:37:06 PM IST       DEV       tps     rkB/s     wkB/s     dkB/s   areq-sz    aqu-sz     await     %util
04:37:07 PM IST   nvme0n1      0.00      0.00      0.00      0.00      0.00      0.00      0.00      0.00
04:37:07 PM IST       sda   1183.00      0.00   7176.00      0.00      6.07      0.62      0.28     32.80

04:37:07 PM IST       DEV       tps     rkB/s     wkB/s     dkB/s   areq-sz    aqu-sz     await     %util
04:37:08 PM IST   nvme0n1      0.00      0.00      0.00      0.00      0.00      0.00      0.00      0.00
04:37:08 PM IST       sda   1160.00      8.00   7000.00      0.00      6.04      0.56      0.26     31.20

04:37:08 PM IST       DEV       tps     rkB/s     wkB/s     dkB/s   areq-sz    aqu-sz     await     %util
04:37:09 PM IST   nvme0n1      0.00      0.00      0.00      0.00      0.00      0.00      0.00      0.00
04:37:09 PM IST       sda   1163.00      0.00   7248.00      0.00      6.23      0.65      0.29     38.00

04:37:09 PM IST       DEV       tps     rkB/s     wkB/s     dkB/s   areq-sz    aqu-sz     await     %util
04:37:10 PM IST   nvme0n1      0.00      0.00      0.00      0.00      0.00      0.00      0.00      0.00
04:37:10 PM IST       sda   1177.00      0.00   7052.00      0.00      5.99      0.64      0.29     32.40

04:37:10 PM IST       DEV       tps     rkB/s     wkB/s     dkB/s   areq-sz    aqu-sz     await     %util
04:37:11 PM IST   nvme0n1      0.00      0.00      0.00      0.00      0.00      0.00      0.00      0.00
04:37:11 PM IST       sda   1169.00      0.00   7048.00      0.00      6.03      0.63      0.29     32.40

04:37:11 PM IST       DEV       tps     rkB/s     wkB/s     dkB/s   areq-sz    aqu-sz     await     %util
04:37:12 PM IST   nvme0n1      0.00      0.00      0.00      0.00      0.00      0.00      0.00      0.00
04:37:12 PM IST       sda   1165.00      0.00   7324.00      0.00      6.29      0.64      0.29     31.60

04:37:12 PM IST       DEV       tps     rkB/s     wkB/s     dkB/s   areq-sz    aqu-sz     await     %util
04:37:13 PM IST   nvme0n1      0.00      0.00      0.00      0.00      0.00      0.00      0.00      0.00
04:37:13 PM IST       sda   1181.00      0.00   7304.00      0.00      6.18      0.58      0.26     28.40

04:37:13 PM IST       DEV       tps     rkB/s     wkB/s     dkB/s   areq-sz    aqu-sz     await     %util
04:37:14 PM IST   nvme0n1      0.00      0.00      0.00      0.00      0.00      0.00      0.00      0.00
04:37:14 PM IST       sda   1146.00      0.00   6928.00      0.00      6.05      0.58      0.27     33.60

04:37:14 PM IST       DEV       tps     rkB/s     wkB/s     dkB/s   areq-sz    aqu-sz     await     %util
04:37:15 PM IST   nvme0n1      0.00      0.00      0.00      0.00      0.00      0.00      0.00      0.00
04:37:15 PM IST       sda   1204.00      0.00   7224.00      0.00      6.00      0.59      0.26     33.20

04:37:15 PM IST       DEV       tps     rkB/s     wkB/s     dkB/s   areq-sz    aqu-sz     await     %util
04:37:16 PM IST   nvme0n1      0.00      0.00      0.00      0.00      0.00      0.00      0.00      0.00
04:37:16 PM IST       sda   1163.00      0.00   7428.00      0.00      6.39      0.55      0.25     28.00

04:37:16 PM IST       DEV       tps     rkB/s     wkB/s     dkB/s   areq-sz    aqu-sz     await     %util
04:37:17 PM IST   nvme0n1      0.00      0.00      0.00      0.00      0.00      0.00      0.00      0.00
04:37:17 PM IST       sda   1184.00      0.00   7144.00      0.00      6.03      0.57      0.26     30.80

04:37:17 PM IST       DEV       tps     rkB/s     wkB/s     dkB/s   areq-sz    aqu-sz     await     %util
04:37:18 PM IST   nvme0n1      0.00      0.00      0.00      0.00      0.00      0.00      0.00      0.00
04:37:18 PM IST       sda   1153.00      0.00   7528.00      0.00      6.53      0.58      0.27     25.60

04:37:18 PM IST       DEV       tps     rkB/s     wkB/s     dkB/s   areq-sz    aqu-sz     await     %util
04:37:19 PM IST   nvme0n1      0.00      0.00      0.00      0.00      0.00      0.00      0.00      0.00
04:37:19 PM IST       sda   1217.82      0.00   7267.33      0.00      5.97      0.58      0.26     25.74

04:37:19 PM IST       DEV       tps     rkB/s     wkB/s     dkB/s   areq-sz    aqu-sz     await     %util
04:37:20 PM IST   nvme0n1      0.00      0.00      0.00      0.00      0.00      0.00      0.00      0.00
04:37:20 PM IST       sda   1162.00      0.00   7068.00      0.00      6.08      0.56      0.26     31.20

04:37:20 PM IST       DEV       tps     rkB/s     wkB/s     dkB/s   areq-sz    aqu-sz     await     %util
04:37:21 PM IST   nvme0n1      0.00      0.00      0.00      0.00      0.00      0.00      0.00      0.00
04:37:21 PM IST       sda   1225.00      0.00   7292.00      0.00      5.95      0.59      0.26     31.20

04:37:21 PM IST       DEV       tps     rkB/s     wkB/s     dkB/s   areq-sz    aqu-sz     await     %util
04:37:22 PM IST   nvme0n1      0.00      0.00      0.00      0.00      0.00      0.00      0.00      0.00
04:37:22 PM IST       sda   1147.00      0.00   7160.00      0.00      6.24      0.60      0.28     36.40

04:37:22 PM IST       DEV       tps     rkB/s     wkB/s     dkB/s   areq-sz    aqu-sz     await     %util
04:37:23 PM IST   nvme0n1      0.00      0.00      0.00      0.00      0.00      0.00      0.00      0.00
04:37:23 PM IST       sda   1168.00      0.00   7144.00      0.00      6.12      0.57      0.26     30.80

04:37:23 PM IST       DEV       tps     rkB/s     wkB/s     dkB/s   areq-sz    aqu-sz     await     %util
04:37:24 PM IST   nvme0n1      0.00      0.00      0.00      0.00      0.00      0.00      0.00      0.00
04:37:24 PM IST       sda   1170.00      0.00   7296.00      0.00      6.24      0.59      0.27     30.40

04:37:24 PM IST       DEV       tps     rkB/s     wkB/s     dkB/s   areq-sz    aqu-sz     await     %util
04:37:25 PM IST   nvme0n1      0.00      0.00      0.00      0.00      0.00      0.00      0.00      0.00
04:37:25 PM IST       sda   1171.00      0.00   7336.00      0.00      6.26      0.59      0.27     30.80

04:37:25 PM IST       DEV       tps     rkB/s     wkB/s     dkB/s   areq-sz    aqu-sz     await     %util
04:37:26 PM IST   nvme0n1      0.00      0.00      0.00      0.00      0.00      0.00      0.00      0.00
04:37:26 PM IST       sda   1414.00      0.00   7872.00      0.00      5.57      0.80      0.30     37.20

04:37:26 PM IST       DEV       tps     rkB/s     wkB/s     dkB/s   areq-sz    aqu-sz     await     %util
04:37:27 PM IST   nvme0n1      0.00      0.00      0.00      0.00      0.00      0.00      0.00      0.00
04:37:27 PM IST       sda   1153.00      0.00   6952.00      0.00      6.03      0.63      0.29     33.60

04:37:27 PM IST       DEV       tps     rkB/s     wkB/s     dkB/s   areq-sz    aqu-sz     await     %util
04:37:28 PM IST   nvme0n1      0.00      0.00      0.00      0.00      0.00      0.00      0.00      0.00
04:37:28 PM IST       sda   1166.00      0.00   7236.00      0.00      6.21      0.63      0.29     34.00

04:37:28 PM IST       DEV       tps     rkB/s     wkB/s     dkB/s   areq-sz    aqu-sz     await     %util
04:37:29 PM IST   nvme0n1      0.00      0.00      0.00      0.00      0.00      0.00      0.00      0.00
04:37:29 PM IST       sda   1087.00      0.00   6784.00      0.00      6.24      0.58      0.28     30.00

04:37:29 PM IST       DEV       tps     rkB/s     wkB/s     dkB/s   areq-sz    aqu-sz     await     %util
04:37:30 PM IST   nvme0n1      0.00      0.00      0.00      0.00      0.00      0.00      0.00      0.00
04:37:30 PM IST       sda   1199.00    956.00  17264.00      0.00     15.20      0.74      0.44     29.20

04:37:30 PM IST       DEV       tps     rkB/s     wkB/s     dkB/s   areq-sz    aqu-sz     await     %util
04:37:31 PM IST   nvme0n1      0.00      0.00      0.00      0.00      0.00      0.00      0.00      0.00
04:37:31 PM IST       sda    934.00      0.00   5496.00      0.00      5.88      0.46      0.26     22.40

04:37:31 PM IST       DEV       tps     rkB/s     wkB/s     dkB/s   areq-sz    aqu-sz     await     %util
04:37:32 PM IST   nvme0n1      0.00      0.00      0.00      0.00      0.00      0.00      0.00      0.00
04:37:32 PM IST       sda   1014.00      0.00   8748.00      0.00      8.63      0.56      0.33     26.40

04:37:32 PM IST       DEV       tps     rkB/s     wkB/s     dkB/s   areq-sz    aqu-sz     await     %util
04:37:33 PM IST   nvme0n1      0.00      0.00      0.00      0.00      0.00      0.00      0.00      0.00
04:37:33 PM IST       sda   1070.00     24.00   6488.00      0.00      6.09      0.53      0.26     23.60

04:37:33 PM IST       DEV       tps     rkB/s     wkB/s     dkB/s   areq-sz    aqu-sz     await     %util
04:37:34 PM IST   nvme0n1      0.00      0.00      0.00      0.00      0.00      0.00      0.00      0.00
04:37:34 PM IST       sda   1245.00      0.00   7324.00      0.00      5.88      0.59      0.27     30.80

04:37:34 PM IST       DEV       tps     rkB/s     wkB/s     dkB/s   areq-sz    aqu-sz     await     %util
04:37:35 PM IST   nvme0n1      0.00      0.00      0.00      0.00      0.00      0.00      0.00      0.00
04:37:35 PM IST       sda   1098.00      0.00   6876.00      0.00      6.26      0.52      0.26     28.80

04:37:35 PM IST       DEV       tps     rkB/s     wkB/s     dkB/s   areq-sz    aqu-sz     await     %util
04:37:36 PM IST   nvme0n1      0.00      0.00      0.00      0.00      0.00      0.00      0.00      0.00
04:37:36 PM IST       sda   1107.00      0.00   6772.00      0.00      6.12      0.53      0.26     27.60

04:37:36 PM IST       DEV       tps     rkB/s     wkB/s     dkB/s   areq-sz    aqu-sz     await     %util
04:37:37 PM IST   nvme0n1      0.00      0.00      0.00      0.00      0.00      0.00      0.00      0.00
04:37:37 PM IST       sda   1038.00      0.00  13488.00      0.00     12.99      0.63      0.36     27.60

04:37:37 PM IST       DEV       tps     rkB/s     wkB/s     dkB/s   areq-sz    aqu-sz     await     %util
04:37:38 PM IST   nvme0n1      0.00      0.00      0.00      0.00      0.00      0.00      0.00      0.00
04:37:38 PM IST       sda   1126.00      0.00   7056.00      0.00      6.27      0.58      0.28     26.80

04:37:38 PM IST       DEV       tps     rkB/s     wkB/s     dkB/s   areq-sz    aqu-sz     await     %util
04:37:39 PM IST   nvme0n1      0.00      0.00      0.00      0.00      0.00      0.00      0.00      0.00
04:37:39 PM IST       sda   1073.00     44.00   7520.00      0.00      7.05      0.56      0.31     26.00

04:37:39 PM IST       DEV       tps     rkB/s     wkB/s     dkB/s   areq-sz    aqu-sz     await     %util
04:37:40 PM IST   nvme0n1      0.00      0.00      0.00      0.00      0.00      0.00      0.00      0.00
04:37:40 PM IST       sda   1136.00      4.00  16540.00      0.00     14.56      1.06      0.76     22.40

04:37:40 PM IST       DEV       tps     rkB/s     wkB/s     dkB/s   areq-sz    aqu-sz     await     %util
04:37:41 PM IST   nvme0n1      0.00      0.00      0.00      0.00      0.00      0.00      0.00      0.00
04:37:41 PM IST       sda    825.00    820.00   6140.00      0.00      8.44      0.54      0.37     25.60

04:37:41 PM IST       DEV       tps     rkB/s     wkB/s     dkB/s   areq-sz    aqu-sz     await     %util
04:37:42 PM IST   nvme0n1      0.00      0.00      0.00      0.00      0.00      0.00      0.00      0.00
04:37:42 PM IST       sda    950.00      0.00   5720.00      0.00      6.02      0.52      0.29     29.60

04:37:42 PM IST       DEV       tps     rkB/s     wkB/s     dkB/s   areq-sz    aqu-sz     await     %util
04:37:43 PM IST   nvme0n1      0.00      0.00      0.00      0.00      0.00      0.00      0.00      0.00
04:37:43 PM IST       sda   1006.00      0.00   6064.00      0.00      6.03      0.56      0.29     29.20

04:37:43 PM IST       DEV       tps     rkB/s     wkB/s     dkB/s   areq-sz    aqu-sz     await     %util
04:37:44 PM IST   nvme0n1      0.00      0.00      0.00      0.00      0.00      0.00      0.00      0.00
04:37:44 PM IST       sda   1165.00      4.00  17676.00      0.00     15.18      0.72      0.39     35.20

04:37:44 PM IST       DEV       tps     rkB/s     wkB/s     dkB/s   areq-sz    aqu-sz     await     %util
04:37:45 PM IST   nvme0n1      0.00      0.00      0.00      0.00      0.00      0.00      0.00      0.00
04:37:45 PM IST       sda   1105.00    284.00   7032.00      0.00      6.62      0.60      0.32     24.00

04:37:45 PM IST       DEV       tps     rkB/s     wkB/s     dkB/s   areq-sz    aqu-sz     await     %util
04:37:46 PM IST   nvme0n1      0.00      0.00      0.00      0.00      0.00      0.00      0.00      0.00
04:37:46 PM IST       sda   1204.00    232.00   7988.00      0.00      6.83      0.62      0.32     28.80

04:37:46 PM IST       DEV       tps     rkB/s     wkB/s     dkB/s   areq-sz    aqu-sz     await     %util
04:37:47 PM IST   nvme0n1      0.00      0.00      0.00      0.00      0.00      0.00      0.00      0.00
04:37:47 PM IST       sda   1044.00      0.00   6232.00      0.00      5.97      0.49      0.25     24.40

04:37:47 PM IST       DEV       tps     rkB/s     wkB/s     dkB/s   areq-sz    aqu-sz     await     %util
04:37:48 PM IST   nvme0n1      0.00      0.00      0.00      0.00      0.00      0.00      0.00      0.00
04:37:48 PM IST       sda   1107.00     76.00   8020.00      0.00      7.31      0.55      0.27     26.40

04:37:48 PM IST       DEV       tps     rkB/s     wkB/s     dkB/s   areq-sz    aqu-sz     await     %util
04:37:49 PM IST   nvme0n1      0.00      0.00      0.00      0.00      0.00      0.00      0.00      0.00
04:37:49 PM IST       sda   1086.00      0.00   7104.00      0.00      6.54      0.58      0.29     29.60

04:37:49 PM IST       DEV       tps     rkB/s     wkB/s     dkB/s   areq-sz    aqu-sz     await     %util
04:37:50 PM IST   nvme0n1      0.00      0.00      0.00      0.00      0.00      0.00      0.00      0.00
04:37:50 PM IST       sda   1269.00      0.00   7600.00      0.00      5.99      0.58      0.25     34.00

04:37:50 PM IST       DEV       tps     rkB/s     wkB/s     dkB/s   areq-sz    aqu-sz     await     %util
04:37:51 PM IST   nvme0n1      0.00      0.00      0.00      0.00      0.00      0.00      0.00      0.00
04:37:51 PM IST       sda   1170.00      0.00   7120.00      0.00      6.09      0.56      0.26     25.60

04:37:51 PM IST       DEV       tps     rkB/s     wkB/s     dkB/s   areq-sz    aqu-sz     await     %util
04:37:52 PM IST   nvme0n1      0.00      0.00      0.00      0.00      0.00      0.00      0.00      0.00
04:37:52 PM IST       sda   1154.00      0.00   6984.00      0.00      6.05      0.56      0.26     28.40

04:37:52 PM IST       DEV       tps     rkB/s     wkB/s     dkB/s   areq-sz    aqu-sz     await     %util
04:37:53 PM IST   nvme0n1      0.00      0.00      0.00      0.00      0.00      0.00      0.00      0.00
04:37:53 PM IST       sda   1154.00      0.00   6944.00      0.00      6.02      0.60      0.28     31.20

04:37:53 PM IST       DEV       tps     rkB/s     wkB/s     dkB/s   areq-sz    aqu-sz     await     %util
04:37:54 PM IST   nvme0n1      0.00      0.00      0.00      0.00      0.00      0.00      0.00      0.00
04:37:54 PM IST       sda   1165.00      0.00   7488.00      0.00      6.43      0.58      0.27     30.40

04:37:54 PM IST       DEV       tps     rkB/s     wkB/s     dkB/s   areq-sz    aqu-sz     await     %util
04:37:55 PM IST   nvme0n1      0.00      0.00      0.00      0.00      0.00      0.00      0.00      0.00
04:37:55 PM IST       sda   1179.00      0.00   7296.00      0.00      6.19      0.59      0.27     29.60

04:37:55 PM IST       DEV       tps     rkB/s     wkB/s     dkB/s   areq-sz    aqu-sz     await     %util
04:37:56 PM IST   nvme0n1      0.00      0.00      0.00      0.00      0.00      0.00      0.00      0.00
04:37:56 PM IST       sda   1147.00      4.00   6920.00      0.00      6.04      0.57      0.26     28.00

04:37:56 PM IST       DEV       tps     rkB/s     wkB/s     dkB/s   areq-sz    aqu-sz     await     %util
04:37:57 PM IST   nvme0n1      0.00      0.00      0.00      0.00      0.00      0.00      0.00      0.00
04:37:57 PM IST       sda   1119.00      0.00   7004.00      0.00      6.26      0.63      0.30     35.60

04:37:57 PM IST       DEV       tps     rkB/s     wkB/s     dkB/s   areq-sz    aqu-sz     await     %util
04:37:58 PM IST   nvme0n1      0.00      0.00      0.00      0.00      0.00      0.00      0.00      0.00
04:37:58 PM IST       sda   1185.00    112.00   7236.00      0.00      6.20      0.64      0.30     32.80

04:37:58 PM IST       DEV       tps     rkB/s     wkB/s     dkB/s   areq-sz    aqu-sz     await     %util
04:37:59 PM IST   nvme0n1      0.00      0.00      0.00      0.00      0.00      0.00      0.00      0.00
04:37:59 PM IST       sda   1154.00     16.00   6960.00      0.00      6.05      0.63      0.29     25.60

04:37:59 PM IST       DEV       tps     rkB/s     wkB/s     dkB/s   areq-sz    aqu-sz     await     %util
04:38:00 PM IST   nvme0n1      0.00      0.00      0.00      0.00      0.00      0.00      0.00      0.00
04:38:00 PM IST       sda   1127.00      0.00   6944.00      0.00      6.16      0.62      0.29     33.20

04:38:00 PM IST       DEV       tps     rkB/s     wkB/s     dkB/s   areq-sz    aqu-sz     await     %util
04:38:01 PM IST   nvme0n1      0.00      0.00      0.00      0.00      0.00      0.00      0.00      0.00
04:38:01 PM IST       sda   1117.00      0.00   8840.00      0.00      7.91      0.80      0.39     38.00

04:38:01 PM IST       DEV       tps     rkB/s     wkB/s     dkB/s   areq-sz    aqu-sz     await     %util
04:38:02 PM IST   nvme0n1      0.00      0.00      0.00      0.00      0.00      0.00      0.00      0.00
04:38:02 PM IST       sda     51.00     80.00    344.00      0.00      8.31      1.94     19.33     93.60

04:38:02 PM IST       DEV       tps     rkB/s     wkB/s     dkB/s   areq-sz    aqu-sz     await     %util
04:38:03 PM IST   nvme0n1      0.00      0.00      0.00      0.00      0.00      0.00      0.00      0.00
04:38:03 PM IST       sda     66.00      0.00    408.00      0.00      6.18      2.36     20.39     99.20

04:38:03 PM IST       DEV       tps     rkB/s     wkB/s     dkB/s   areq-sz    aqu-sz     await     %util
04:38:04 PM IST   nvme0n1      0.00      0.00      0.00      0.00      0.00      0.00      0.00      0.00
04:38:04 PM IST       sda     59.00      0.00    840.00      0.00     14.24      2.23     21.68     96.40

04:38:04 PM IST       DEV       tps     rkB/s     wkB/s     dkB/s   areq-sz    aqu-sz     await     %util
04:38:05 PM IST   nvme0n1      0.00      0.00      0.00      0.00      0.00      0.00      0.00      0.00
04:38:05 PM IST       sda     50.00      0.00    536.00      0.00     10.72      2.17     23.50     96.40

04:38:05 PM IST       DEV       tps     rkB/s     wkB/s     dkB/s   areq-sz    aqu-sz     await     %util
04:38:06 PM IST   nvme0n1      0.00      0.00      0.00      0.00      0.00      0.00      0.00      0.00
04:38:06 PM IST       sda     80.00      0.00    552.00      0.00      6.90      2.40     17.82     94.40

04:38:06 PM IST       DEV       tps     rkB/s     wkB/s     dkB/s   areq-sz    aqu-sz     await     %util
04:38:07 PM IST   nvme0n1      0.00      0.00      0.00      0.00      0.00      0.00      0.00      0.00
04:38:07 PM IST       sda     67.00      0.00    608.00      0.00      9.07      2.22     18.69     90.80

04:38:07 PM IST       DEV       tps     rkB/s     wkB/s     dkB/s   areq-sz    aqu-sz     await     %util
04:38:08 PM IST   nvme0n1      0.00      0.00      0.00      0.00      0.00      0.00      0.00      0.00
04:38:08 PM IST       sda     72.00     12.00    536.00      0.00      7.61      2.61     22.54     96.00

04:38:08 PM IST       DEV       tps     rkB/s     wkB/s     dkB/s   areq-sz    aqu-sz     await     %util
04:38:09 PM IST   nvme0n1      0.00      0.00      0.00      0.00      0.00      0.00      0.00      0.00
04:38:09 PM IST       sda     59.00      0.00    444.00      0.00      7.53      2.48     25.37     98.00

04:38:09 PM IST       DEV       tps     rkB/s     wkB/s     dkB/s   areq-sz    aqu-sz     await     %util
04:38:10 PM IST   nvme0n1      0.00      0.00      0.00      0.00      0.00      0.00      0.00      0.00
04:38:10 PM IST       sda    110.00      4.00   1180.00      0.00     10.76      2.89     17.59     91.20

04:38:10 PM IST       DEV       tps     rkB/s     wkB/s     dkB/s   areq-sz    aqu-sz     await     %util
04:38:11 PM IST   nvme0n1      0.00      0.00      0.00      0.00      0.00      0.00      0.00      0.00
04:38:11 PM IST       sda    216.00      0.00   1556.00      0.00      7.20      3.29     10.84     92.00

04:38:11 PM IST       DEV       tps     rkB/s     wkB/s     dkB/s   areq-sz    aqu-sz     await     %util
04:38:12 PM IST   nvme0n1      0.00      0.00      0.00      0.00      0.00      0.00      0.00      0.00
04:38:12 PM IST       sda    968.00      0.00   5864.00      0.00      6.06      0.46      0.25     25.60

04:38:12 PM IST       DEV       tps     rkB/s     wkB/s     dkB/s   areq-sz    aqu-sz     await     %util
04:38:13 PM IST   nvme0n1      0.00      0.00      0.00      0.00      0.00      0.00      0.00      0.00
04:38:13 PM IST       sda   1021.00     20.00   6128.00      0.00      6.02      0.49      0.26     26.40

04:38:13 PM IST       DEV       tps     rkB/s     wkB/s     dkB/s   areq-sz    aqu-sz     await     %util
04:38:14 PM IST   nvme0n1      0.00      0.00      0.00      0.00      0.00      0.00      0.00      0.00
04:38:14 PM IST       sda   1164.00      0.00   7152.00      0.00      6.14      0.55      0.26     27.20

04:38:14 PM IST       DEV       tps     rkB/s     wkB/s     dkB/s   areq-sz    aqu-sz     await     %util
04:38:15 PM IST   nvme0n1      0.00      0.00      0.00      0.00      0.00      0.00      0.00      0.00
04:38:15 PM IST       sda   1144.00      0.00   7184.00      0.00      6.28      0.63      0.29     29.20

04:38:15 PM IST       DEV       tps     rkB/s     wkB/s     dkB/s   areq-sz    aqu-sz     await     %util
04:38:16 PM IST   nvme0n1      0.00      0.00      0.00      0.00      0.00      0.00      0.00      0.00
04:38:16 PM IST       sda   1226.00      0.00   7572.00      0.00      6.18      0.58      0.27     28.00

04:38:16 PM IST       DEV       tps     rkB/s     wkB/s     dkB/s   areq-sz    aqu-sz     await     %util
04:38:17 PM IST   nvme0n1      0.00      0.00      0.00      0.00      0.00      0.00      0.00      0.00
04:38:17 PM IST       sda   1163.00      0.00   7120.00      0.00      6.12      0.56      0.26     27.60

04:38:17 PM IST       DEV       tps     rkB/s     wkB/s     dkB/s   areq-sz    aqu-sz     await     %util
04:38:18 PM IST   nvme0n1      0.00      0.00      0.00      0.00      0.00      0.00      0.00      0.00
04:38:18 PM IST       sda   1135.00      0.00   6848.00      0.00      6.03      0.55      0.26     30.80

04:38:18 PM IST       DEV       tps     rkB/s     wkB/s     dkB/s   areq-sz    aqu-sz     await     %util
04:38:19 PM IST   nvme0n1      0.00      0.00      0.00      0.00      0.00      0.00      0.00      0.00
04:38:19 PM IST       sda   1140.00      0.00   6808.00      0.00      5.97      0.55      0.26     25.20

04:38:19 PM IST       DEV       tps     rkB/s     wkB/s     dkB/s   areq-sz    aqu-sz     await     %util
04:38:20 PM IST   nvme0n1      0.00      0.00      0.00      0.00      0.00      0.00      0.00      0.00
04:38:20 PM IST       sda   1083.00      0.00   6816.00      0.00      6.29      0.58      0.29     28.80

04:38:20 PM IST       DEV       tps     rkB/s     wkB/s     dkB/s   areq-sz    aqu-sz     await     %util
04:38:21 PM IST   nvme0n1      0.00      0.00      0.00      0.00      0.00      0.00      0.00      0.00
04:38:21 PM IST       sda   1430.00   4276.00   8436.00      0.00      8.89      0.82      0.38     31.60

04:38:21 PM IST       DEV       tps     rkB/s     wkB/s     dkB/s   areq-sz    aqu-sz     await     %util
04:38:22 PM IST   nvme0n1      0.00      0.00      0.00      0.00      0.00      0.00      0.00      0.00
04:38:22 PM IST       sda   1097.00      0.00   6560.00      0.00      5.98      0.54      0.26     27.20

04:38:22 PM IST       DEV       tps     rkB/s     wkB/s     dkB/s   areq-sz    aqu-sz     await     %util
04:38:23 PM IST   nvme0n1      0.00      0.00      0.00      0.00      0.00      0.00      0.00      0.00
04:38:23 PM IST       sda   1126.00   2104.00   6404.00      0.00      7.56      0.60      0.32     29.20

04:38:23 PM IST       DEV       tps     rkB/s     wkB/s     dkB/s   areq-sz    aqu-sz     await     %util
04:38:24 PM IST   nvme0n1      0.00      0.00      0.00      0.00      0.00      0.00      0.00      0.00
04:38:24 PM IST       sda   1088.00      0.00   6676.00      0.00      6.14      0.63      0.31     30.40

04:38:24 PM IST       DEV       tps     rkB/s     wkB/s     dkB/s   areq-sz    aqu-sz     await     %util
04:38:25 PM IST   nvme0n1      0.00      0.00      0.00      0.00      0.00      0.00      0.00      0.00
04:38:25 PM IST       sda   1138.00    620.00   7384.00      0.00      7.03      0.67      0.36     31.60

04:38:25 PM IST       DEV       tps     rkB/s     wkB/s     dkB/s   areq-sz    aqu-sz     await     %util
04:38:26 PM IST   nvme0n1      0.00      0.00      0.00      0.00      0.00      0.00      0.00      0.00
04:38:26 PM IST       sda   1572.00     48.00   8712.00      0.00      5.57      0.81      0.28     32.40

04:38:26 PM IST       DEV       tps     rkB/s     wkB/s     dkB/s   areq-sz    aqu-sz     await     %util
04:38:27 PM IST   nvme0n1      0.00      0.00      0.00      0.00      0.00      0.00      0.00      0.00
04:38:27 PM IST       sda   1090.00      0.00   6804.00      0.00      6.24      0.56      0.27     31.60

04:38:27 PM IST       DEV       tps     rkB/s     wkB/s     dkB/s   areq-sz    aqu-sz     await     %util
04:38:28 PM IST   nvme0n1      0.00      0.00      0.00      0.00      0.00      0.00      0.00      0.00
04:38:28 PM IST       sda   1140.00      0.00   7156.00      0.00      6.28      0.60      0.28     32.40

04:38:28 PM IST       DEV       tps     rkB/s     wkB/s     dkB/s   areq-sz    aqu-sz     await     %util
04:38:29 PM IST   nvme0n1      0.00      0.00      0.00      0.00      0.00      0.00      0.00      0.00
04:38:29 PM IST       sda   1173.00      0.00   7024.00      0.00      5.99      0.56      0.26     31.20

04:38:29 PM IST       DEV       tps     rkB/s     wkB/s     dkB/s   areq-sz    aqu-sz     await     %util
04:38:30 PM IST   nvme0n1      0.00      0.00      0.00      0.00      0.00      0.00      0.00      0.00
04:38:30 PM IST       sda   1229.00      0.00   7428.00      0.00      6.04      0.58      0.26     27.20
