Linux 6.12.33+kali-amd64 (two94) 	23/11/25 	_x86_64_	(12 CPU)

03:52:03 PM IST       DEV       tps     rkB/s     wkB/s     dkB/s   areq-sz    aqu-sz     await     %util
03:52:04 PM IST   nvme0n1      0.00      0.00      0.00      0.00      0.00      0.00      0.00      0.00
03:52:04 PM IST       sda    186.00      0.00   2936.00      0.00     15.78      0.10      0.31      3.60

03:52:04 PM IST       DEV       tps     rkB/s     wkB/s     dkB/s   areq-sz    aqu-sz     await     %util
03:52:05 PM IST   nvme0n1      0.00      0.00      0.00      0.00      0.00      0.00      0.00      0.00
03:52:05 PM IST       sda     39.00      0.00    332.00      0.00      8.51      0.02      0.26      0.80

03:52:05 PM IST       DEV       tps     rkB/s     wkB/s     dkB/s   areq-sz    aqu-sz     await     %util
03:52:06 PM IST   nvme0n1      0.00      0.00      0.00      0.00      0.00      0.00      0.00      0.00
03:52:06 PM IST       sda      0.00      0.00      0.00      0.00      0.00      0.00      0.00      0.00

03:52:06 PM IST       DEV       tps     rkB/s     wkB/s     dkB/s   areq-sz    aqu-sz     await     %util
03:52:07 PM IST   nvme0n1      0.00      0.00      0.00      0.00      0.00      0.00      0.00      0.00
03:52:07 PM IST       sda    101.00      0.00    528.00      0.00      5.23      0.02      0.16      0.40

03:52:07 PM IST       DEV       tps     rkB/s     wkB/s     dkB/s   areq-sz    aqu-sz     await     %util
03:52:08 PM IST   nvme0n1      0.00      0.00      0.00      0.00      0.00      0.00      0.00      0.00
03:52:08 PM IST       sda      2.00      0.00      8.00      0.00      4.00      0.00      0.00      0.00

03:52:08 PM IST       DEV       tps     rkB/s     wkB/s     dkB/s   areq-sz    aqu-sz     await     %util
03:52:09 PM IST   nvme0n1      0.00      0.00      0.00      0.00      0.00      0.00      0.00      0.00
03:52:09 PM IST       sda     33.00      0.00    332.00      0.00     10.06      0.01      0.24      0.00

03:52:09 PM IST       DEV       tps     rkB/s     wkB/s     dkB/s   areq-sz    aqu-sz     await     %util
03:52:10 PM IST   nvme0n1      0.00      0.00      0.00      0.00      0.00      0.00      0.00      0.00
03:52:10 PM IST       sda      0.00      0.00      0.00      0.00      0.00      0.00      0.00      0.00

03:52:10 PM IST       DEV       tps     rkB/s     wkB/s     dkB/s   areq-sz    aqu-sz     await     %util
03:52:11 PM IST   nvme0n1      0.00      0.00      0.00      0.00      0.00      0.00      0.00      0.00
03:52:11 PM IST       sda      0.00      0.00      0.00      0.00      0.00      0.00      0.00      0.00

03:52:11 PM IST       DEV       tps     rkB/s     wkB/s     dkB/s   areq-sz    aqu-sz     await     %util
03:52:12 PM IST   nvme0n1      0.00      0.00      0.00      0.00      0.00      0.00      0.00      0.00
03:52:12 PM IST       sda      0.00      0.00      0.00      0.00      0.00      0.00      0.00      0.00

03:52:12 PM IST       DEV       tps     rkB/s     wkB/s     dkB/s   areq-sz    aqu-sz     await     %util
03:52:13 PM IST   nvme0n1      0.00      0.00      0.00      0.00      0.00      0.00      0.00      0.00
03:52:13 PM IST       sda     39.00      0.00    360.00      0.00      9.23      0.01      0.26      0.00

03:52:13 PM IST       DEV       tps     rkB/s     wkB/s     dkB/s   areq-sz    aqu-sz     await     %util
03:52:14 PM IST   nvme0n1      0.00      0.00      0.00      0.00      0.00      0.00      0.00      0.00
03:52:14 PM IST       sda      2.00      0.00     76.00      0.00     38.00      0.00      1.00      0.00

03:52:14 PM IST       DEV       tps     rkB/s     wkB/s     dkB/s   areq-sz    aqu-sz     await     %util
03:52:15 PM IST   nvme0n1      0.00      0.00      0.00      0.00      0.00      0.00      0.00      0.00
03:52:15 PM IST       sda     39.00      4.00   9712.00      0.00    249.13      0.17      4.33      2.80

03:52:15 PM IST       DEV       tps     rkB/s     wkB/s     dkB/s   areq-sz    aqu-sz     await     %util
03:52:16 PM IST   nvme0n1      0.00      0.00      0.00      0.00      0.00      0.00      0.00      0.00
03:52:16 PM IST       sda     91.00      0.00   9704.00      0.00    106.64      0.10      1.07      2.00

03:52:16 PM IST       DEV       tps     rkB/s     wkB/s     dkB/s   areq-sz    aqu-sz     await     %util
03:52:17 PM IST   nvme0n1      0.00      0.00      0.00      0.00      0.00      0.00      0.00      0.00
03:52:17 PM IST       sda      5.00      0.00    156.00      0.00     31.20      0.01      0.60      0.40

03:52:17 PM IST       DEV       tps     rkB/s     wkB/s     dkB/s   areq-sz    aqu-sz     await     %util
03:52:18 PM IST   nvme0n1      0.00      0.00      0.00      0.00      0.00      0.00      0.00      0.00
03:52:18 PM IST       sda     56.00      0.00   1056.00      0.00     18.86      0.02      0.36      0.00

03:52:18 PM IST       DEV       tps     rkB/s     wkB/s     dkB/s   areq-sz    aqu-sz     await     %util
03:52:19 PM IST   nvme0n1      0.00      0.00      0.00      0.00      0.00      0.00      0.00      0.00
03:52:19 PM IST       sda      3.00     12.00      0.00      0.00      4.00      0.00      0.00      0.00

03:52:19 PM IST       DEV       tps     rkB/s     wkB/s     dkB/s   areq-sz    aqu-sz     await     %util
03:52:20 PM IST   nvme0n1      0.00      0.00      0.00      0.00      0.00      0.00      0.00      0.00
03:52:20 PM IST       sda      4.00      0.00     36.00      0.00      9.00      0.00      0.50      0.40

03:52:20 PM IST       DEV       tps     rkB/s     wkB/s     dkB/s   areq-sz    aqu-sz     await     %util
03:52:21 PM IST   nvme0n1      0.00      0.00      0.00      0.00      0.00      0.00      0.00      0.00
03:52:21 PM IST       sda     10.00      0.00   8192.00      0.00    819.20      0.07      7.20      1.60

03:52:21 PM IST       DEV       tps     rkB/s     wkB/s     dkB/s   areq-sz    aqu-sz     await     %util
03:52:22 PM IST   nvme0n1      0.00      0.00      0.00      0.00      0.00      0.00      0.00      0.00
03:52:22 PM IST       sda      5.00      0.00    192.00      0.00     38.40      0.00      0.40      0.00

03:52:22 PM IST       DEV       tps     rkB/s     wkB/s     dkB/s   areq-sz    aqu-sz     await     %util
03:52:23 PM IST   nvme0n1      0.00      0.00      0.00      0.00      0.00      0.00      0.00      0.00
03:52:23 PM IST       sda      9.00      0.00     36.00      0.00      4.00      0.00      0.11      0.00

03:52:23 PM IST       DEV       tps     rkB/s     wkB/s     dkB/s   areq-sz    aqu-sz     await     %util
03:52:24 PM IST   nvme0n1      0.00      0.00      0.00      0.00      0.00      0.00      0.00      0.00
03:52:24 PM IST       sda     46.00      0.00    476.00      0.00     10.35      0.02      0.28      0.80

03:52:24 PM IST       DEV       tps     rkB/s     wkB/s     dkB/s   areq-sz    aqu-sz     await     %util
03:52:25 PM IST   nvme0n1      0.00      0.00      0.00      0.00      0.00      0.00      0.00      0.00
03:52:25 PM IST       sda      0.00      0.00      0.00      0.00      0.00      0.00      0.00      0.00

03:52:25 PM IST       DEV       tps     rkB/s     wkB/s     dkB/s   areq-sz    aqu-sz     await     %util
03:52:26 PM IST   nvme0n1      0.00      0.00      0.00      0.00      0.00      0.00      0.00      0.00
03:52:26 PM IST       sda      2.00      0.00     20.00      0.00     10.00      0.00      1.00      0.40

03:52:26 PM IST       DEV       tps     rkB/s     wkB/s     dkB/s   areq-sz    aqu-sz     await     %util
03:52:27 PM IST   nvme0n1      0.00      0.00      0.00      0.00      0.00      0.00      0.00      0.00
03:52:27 PM IST       sda      6.00      0.00     56.00      0.00      9.33      0.00      0.17      0.00

03:52:27 PM IST       DEV       tps     rkB/s     wkB/s     dkB/s   areq-sz    aqu-sz     await     %util
03:52:28 PM IST   nvme0n1      0.00      0.00      0.00      0.00      0.00      0.00      0.00      0.00
03:52:28 PM IST       sda      1.00      0.00      8.00      0.00      8.00      0.00      0.00      0.00

03:52:28 PM IST       DEV       tps     rkB/s     wkB/s     dkB/s   areq-sz    aqu-sz     await     %util
03:52:29 PM IST   nvme0n1      0.00      0.00      0.00      0.00      0.00      0.00      0.00      0.00
03:52:29 PM IST       sda     38.00    100.00    288.00      0.00     10.21      0.01      0.24      0.00

03:52:29 PM IST       DEV       tps     rkB/s     wkB/s     dkB/s   areq-sz    aqu-sz     await     %util
03:52:30 PM IST   nvme0n1      0.00      0.00      0.00      0.00      0.00      0.00      0.00      0.00
03:52:30 PM IST       sda     19.00      0.00    256.00      0.00     13.47      0.01      0.37      0.80

03:52:30 PM IST       DEV       tps     rkB/s     wkB/s     dkB/s   areq-sz    aqu-sz     await     %util
03:52:31 PM IST   nvme0n1      0.00      0.00      0.00      0.00      0.00      0.00      0.00      0.00
03:52:31 PM IST       sda      3.00     12.00      0.00      0.00      4.00      0.00      0.33      0.00

03:52:31 PM IST       DEV       tps     rkB/s     wkB/s     dkB/s   areq-sz    aqu-sz     await     %util
03:52:32 PM IST   nvme0n1      0.00      0.00      0.00      0.00      0.00      0.00      0.00      0.00
03:52:32 PM IST       sda     29.00    276.00    140.00      0.00     14.34      0.02      0.38      0.80

03:52:32 PM IST       DEV       tps     rkB/s     wkB/s     dkB/s   areq-sz    aqu-sz     await     %util
03:52:33 PM IST   nvme0n1      0.00      0.00      0.00      0.00      0.00      0.00      0.00      0.00
03:52:33 PM IST       sda      0.00      0.00      0.00      0.00      0.00      0.00      0.00      0.00

03:52:33 PM IST       DEV       tps     rkB/s     wkB/s     dkB/s   areq-sz    aqu-sz     await     %util
03:52:34 PM IST   nvme0n1      0.00      0.00      0.00      0.00      0.00      0.00      0.00      0.00
03:52:34 PM IST       sda     29.00      0.00    216.00      0.00      7.45      0.01      0.31      0.00

03:52:34 PM IST       DEV       tps     rkB/s     wkB/s     dkB/s   areq-sz    aqu-sz     await     %util
03:52:35 PM IST   nvme0n1      0.00      0.00      0.00      0.00      0.00      0.00      0.00      0.00
03:52:35 PM IST       sda      3.00      0.00    244.00      0.00     81.33      0.00      0.67      0.00

03:52:35 PM IST       DEV       tps     rkB/s     wkB/s     dkB/s   areq-sz    aqu-sz     await     %util
03:52:36 PM IST   nvme0n1      0.00      0.00      0.00      0.00      0.00      0.00      0.00      0.00
03:52:36 PM IST       sda      3.00      0.00    184.00      0.00     61.33      0.00      0.67      0.40

03:52:36 PM IST       DEV       tps     rkB/s     wkB/s     dkB/s   areq-sz    aqu-sz     await     %util
03:52:37 PM IST   nvme0n1      0.00      0.00      0.00      0.00      0.00      0.00      0.00      0.00
03:52:37 PM IST       sda      0.00      0.00      0.00      0.00      0.00      0.00      0.00      0.00

03:52:37 PM IST       DEV       tps     rkB/s     wkB/s     dkB/s   areq-sz    aqu-sz     await     %util
03:52:38 PM IST   nvme0n1      0.00      0.00      0.00      0.00      0.00      0.00      0.00      0.00
03:52:38 PM IST       sda      4.00      0.00     44.00      0.00     11.00      0.00      0.25      0.40

03:52:38 PM IST       DEV       tps     rkB/s     wkB/s     dkB/s   areq-sz    aqu-sz     await     %util
03:52:39 PM IST   nvme0n1      0.00      0.00      0.00      0.00      0.00      0.00      0.00      0.00
03:52:39 PM IST       sda    249.00      0.00   8556.00      0.00     34.36      0.16      0.63      2.00

03:52:39 PM IST       DEV       tps     rkB/s     wkB/s     dkB/s   areq-sz    aqu-sz     await     %util
03:52:40 PM IST   nvme0n1      0.00      0.00      0.00      0.00      0.00      0.00      0.00      0.00
03:52:40 PM IST       sda     22.00      0.00    116.00      0.00      5.27      0.00      0.14      0.00

03:52:40 PM IST       DEV       tps     rkB/s     wkB/s     dkB/s   areq-sz    aqu-sz     await     %util
03:52:41 PM IST   nvme0n1      0.00      0.00      0.00      0.00      0.00      0.00      0.00      0.00
03:52:41 PM IST       sda      0.00      0.00      0.00      0.00      0.00      0.00      0.00      0.00

03:52:41 PM IST       DEV       tps     rkB/s     wkB/s     dkB/s   areq-sz    aqu-sz     await     %util
03:52:42 PM IST   nvme0n1      0.00      0.00      0.00      0.00      0.00      0.00      0.00      0.00
03:52:42 PM IST       sda      0.00      0.00      0.00      0.00      0.00      0.00      0.00      0.00

03:52:42 PM IST       DEV       tps     rkB/s     wkB/s     dkB/s   areq-sz    aqu-sz     await     %util
03:52:43 PM IST   nvme0n1      0.00      0.00      0.00      0.00      0.00      0.00      0.00      0.00
03:52:43 PM IST       sda     16.00      0.00    328.00      0.00     20.50      0.01      0.50      0.40

03:52:43 PM IST       DEV       tps     rkB/s     wkB/s     dkB/s   areq-sz    aqu-sz     await     %util
03:52:44 PM IST   nvme0n1      0.00      0.00      0.00      0.00      0.00      0.00      0.00      0.00
03:52:44 PM IST       sda     10.00      0.00    120.00      0.00     12.00      0.01      0.40      0.40

03:52:44 PM IST       DEV       tps     rkB/s     wkB/s     dkB/s   areq-sz    aqu-sz     await     %util
03:52:45 PM IST   nvme0n1      0.00      0.00      0.00      0.00      0.00      0.00      0.00      0.00
03:52:45 PM IST       sda     21.00     80.00   2280.00      0.00    112.38      0.03      1.14      0.40

03:52:45 PM IST       DEV       tps     rkB/s     wkB/s     dkB/s   areq-sz    aqu-sz     await     %util
03:52:46 PM IST   nvme0n1      0.00      0.00      0.00      0.00      0.00      0.00      0.00      0.00
03:52:46 PM IST       sda      0.00      0.00      0.00      0.00      0.00      0.00      0.00      0.00

03:52:46 PM IST       DEV       tps     rkB/s     wkB/s     dkB/s   areq-sz    aqu-sz     await     %util
03:52:47 PM IST   nvme0n1      0.00      0.00      0.00      0.00      0.00      0.00      0.00      0.00
03:52:47 PM IST       sda      0.00      0.00      0.00      0.00      0.00      0.00      0.00      0.00

03:52:47 PM IST       DEV       tps     rkB/s     wkB/s     dkB/s   areq-sz    aqu-sz     await     %util
03:52:48 PM IST   nvme0n1      0.00      0.00      0.00      0.00      0.00      0.00      0.00      0.00
03:52:48 PM IST       sda      0.00      0.00      0.00      0.00      0.00      0.00      0.00      0.00

03:52:48 PM IST       DEV       tps     rkB/s     wkB/s     dkB/s   areq-sz    aqu-sz     await     %util
03:52:49 PM IST   nvme0n1      0.00      0.00      0.00      0.00      0.00      0.00      0.00      0.00
03:52:49 PM IST       sda     21.00      0.00    680.00      0.00     32.38      0.02      0.48      0.80

03:52:49 PM IST       DEV       tps     rkB/s     wkB/s     dkB/s   areq-sz    aqu-sz     await     %util
03:52:50 PM IST   nvme0n1      0.00      0.00      0.00      0.00      0.00      0.00      0.00      0.00
03:52:50 PM IST       sda      1.00      0.00      4.00      0.00      4.00      0.00      1.00      0.00

03:52:50 PM IST       DEV       tps     rkB/s     wkB/s     dkB/s   areq-sz    aqu-sz     await     %util
03:52:51 PM IST   nvme0n1      0.00      0.00      0.00      0.00      0.00      0.00      0.00      0.00
03:52:51 PM IST       sda      3.00      4.00      8.00      0.00      4.00      0.00      0.33      0.00

03:52:51 PM IST       DEV       tps     rkB/s     wkB/s     dkB/s   areq-sz    aqu-sz     await     %util
03:52:52 PM IST   nvme0n1      0.00      0.00      0.00      0.00      0.00      0.00      0.00      0.00
03:52:52 PM IST       sda      1.00      0.00     56.00      0.00     56.00      0.00      0.00      0.00

03:52:52 PM IST       DEV       tps     rkB/s     wkB/s     dkB/s   areq-sz    aqu-sz     await     %util
03:52:53 PM IST   nvme0n1      0.00      0.00      0.00      0.00      0.00      0.00      0.00      0.00
03:52:53 PM IST       sda      0.00      0.00      0.00      0.00      0.00      0.00      0.00      0.00

03:52:53 PM IST       DEV       tps     rkB/s     wkB/s     dkB/s   areq-sz    aqu-sz     await     %util
03:52:54 PM IST   nvme0n1      0.00      0.00      0.00      0.00      0.00      0.00      0.00      0.00
03:52:54 PM IST       sda    192.00      0.00   2392.00      0.00     12.46      0.06      0.28      0.80

03:52:54 PM IST       DEV       tps     rkB/s     wkB/s     dkB/s   areq-sz    aqu-sz     await     %util
03:52:55 PM IST   nvme0n1      0.00      0.00      0.00      0.00      0.00      0.00      0.00      0.00
03:52:55 PM IST       sda      4.00      8.00     28.00      0.00      9.00      0.00      0.75      0.00

03:52:55 PM IST       DEV       tps     rkB/s     wkB/s     dkB/s   areq-sz    aqu-sz     await     %util
03:52:56 PM IST   nvme0n1      0.00      0.00      0.00      0.00      0.00      0.00      0.00      0.00
03:52:56 PM IST       sda      8.00      0.00    264.00      0.00     33.00      0.01      0.50      0.00

03:52:56 PM IST       DEV       tps     rkB/s     wkB/s     dkB/s   areq-sz    aqu-sz     await     %util
03:52:57 PM IST   nvme0n1      0.00      0.00      0.00      0.00      0.00      0.00      0.00      0.00
03:52:57 PM IST       sda      7.00      0.00     28.00      0.00      4.00      0.00      0.14      0.00

03:52:57 PM IST       DEV       tps     rkB/s     wkB/s     dkB/s   areq-sz    aqu-sz     await     %util
03:52:58 PM IST   nvme0n1      0.00      0.00      0.00      0.00      0.00      0.00      0.00      0.00
03:52:58 PM IST       sda     32.00    176.00     72.00      0.00      7.75      0.01      0.44      0.40

03:52:58 PM IST       DEV       tps     rkB/s     wkB/s     dkB/s   areq-sz    aqu-sz     await     %util
03:52:59 PM IST   nvme0n1      0.00      0.00      0.00      0.00      0.00      0.00      0.00      0.00
03:52:59 PM IST       sda     77.00    812.00   1156.00      0.00     25.56      0.05      0.44      1.60

03:52:59 PM IST       DEV       tps     rkB/s     wkB/s     dkB/s   areq-sz    aqu-sz     await     %util
03:53:00 PM IST   nvme0n1      0.00      0.00      0.00      0.00      0.00      0.00      0.00      0.00
03:53:00 PM IST       sda      4.00      0.00    196.00      0.00     49.00      0.00      0.25      0.40

03:53:00 PM IST       DEV       tps     rkB/s     wkB/s     dkB/s   areq-sz    aqu-sz     await     %util
03:53:01 PM IST   nvme0n1      0.00      0.00      0.00      0.00      0.00      0.00      0.00      0.00
03:53:01 PM IST       sda     59.00     16.00    944.00      0.00     16.27      0.03      0.36      0.00

03:53:01 PM IST       DEV       tps     rkB/s     wkB/s     dkB/s   areq-sz    aqu-sz     await     %util
03:53:02 PM IST   nvme0n1      0.00      0.00      0.00      0.00      0.00      0.00      0.00      0.00
03:53:02 PM IST       sda     11.00      0.00    112.00      0.00     10.18      0.01      0.36      0.40

03:53:02 PM IST       DEV       tps     rkB/s     wkB/s     dkB/s   areq-sz    aqu-sz     await     %util
03:53:03 PM IST   nvme0n1      0.00      0.00      0.00      0.00      0.00      0.00      0.00      0.00
03:53:03 PM IST       sda      1.00    128.00      0.00      0.00    128.00      0.00      1.00      0.40

03:53:03 PM IST       DEV       tps     rkB/s     wkB/s     dkB/s   areq-sz    aqu-sz     await     %util
03:53:04 PM IST   nvme0n1      0.00      0.00      0.00      0.00      0.00      0.00      0.00      0.00
03:53:04 PM IST       sda      2.00      0.00      8.00      0.00      4.00      0.00      0.00      0.00

03:53:04 PM IST       DEV       tps     rkB/s     wkB/s     dkB/s   areq-sz    aqu-sz     await     %util
03:53:05 PM IST   nvme0n1      0.00      0.00      0.00      0.00      0.00      0.00      0.00      0.00
03:53:05 PM IST       sda    181.00     40.00   4840.00      0.00     26.96      0.07      0.36      1.20

03:53:05 PM IST       DEV       tps     rkB/s     wkB/s     dkB/s   areq-sz    aqu-sz     await     %util
03:53:06 PM IST   nvme0n1      0.00      0.00      0.00      0.00      0.00      0.00      0.00      0.00
03:53:06 PM IST       sda     27.00      0.00    560.00      0.00     20.74      0.01      0.30      0.40

03:53:06 PM IST       DEV       tps     rkB/s     wkB/s     dkB/s   areq-sz    aqu-sz     await     %util
03:53:07 PM IST   nvme0n1      0.00      0.00      0.00      0.00      0.00      0.00      0.00      0.00
03:53:07 PM IST       sda      1.00      4.00      0.00      0.00      4.00      0.00      0.00      0.00

03:53:07 PM IST       DEV       tps     rkB/s     wkB/s     dkB/s   areq-sz    aqu-sz     await     %util
03:53:08 PM IST   nvme0n1      0.00      0.00      0.00      0.00      0.00      0.00      0.00      0.00
03:53:08 PM IST       sda      3.00      0.00    144.00      0.00     48.00      0.00      0.33      0.00

03:53:08 PM IST       DEV       tps     rkB/s     wkB/s     dkB/s   areq-sz    aqu-sz     await     %util
03:53:09 PM IST   nvme0n1      0.00      0.00      0.00      0.00      0.00      0.00      0.00      0.00
03:53:09 PM IST       sda     92.00      0.00    388.00      0.00      4.22      0.01      0.17      0.00

03:53:09 PM IST       DEV       tps     rkB/s     wkB/s     dkB/s   areq-sz    aqu-sz     await     %util
03:53:10 PM IST   nvme0n1      0.00      0.00      0.00      0.00      0.00      0.00      0.00      0.00
03:53:10 PM IST       sda     43.00      0.00    416.00      0.00      9.67      0.01      0.16      0.00

03:53:10 PM IST       DEV       tps     rkB/s     wkB/s     dkB/s   areq-sz    aqu-sz     await     %util
03:53:11 PM IST   nvme0n1      0.00      0.00      0.00      0.00      0.00      0.00      0.00      0.00
03:53:11 PM IST       sda     32.00      0.00    204.00      0.00      6.38      0.01      0.28      0.00

03:53:11 PM IST       DEV       tps     rkB/s     wkB/s     dkB/s   areq-sz    aqu-sz     await     %util
03:53:12 PM IST   nvme0n1      0.00      0.00      0.00      0.00      0.00      0.00      0.00      0.00
03:53:12 PM IST       sda     15.00      0.00    144.00      0.00      9.60      0.01      0.27      0.40

03:53:12 PM IST       DEV       tps     rkB/s     wkB/s     dkB/s   areq-sz    aqu-sz     await     %util
03:53:13 PM IST   nvme0n1      0.00      0.00      0.00      0.00      0.00      0.00      0.00      0.00
03:53:13 PM IST       sda      3.00      0.00     32.00      0.00     10.67      0.00      1.00      0.00

03:53:13 PM IST       DEV       tps     rkB/s     wkB/s     dkB/s   areq-sz    aqu-sz     await     %util
03:53:14 PM IST   nvme0n1      0.00      0.00      0.00      0.00      0.00      0.00      0.00      0.00
03:53:14 PM IST       sda      0.00      0.00      0.00      0.00      0.00      0.00      0.00      0.00

03:53:14 PM IST       DEV       tps     rkB/s     wkB/s     dkB/s   areq-sz    aqu-sz     await     %util
03:53:15 PM IST   nvme0n1      0.00      0.00      0.00      0.00      0.00      0.00      0.00      0.00
03:53:15 PM IST       sda     72.00      0.00    556.00      0.00      7.72      0.04      0.39      1.20

03:53:15 PM IST       DEV       tps     rkB/s     wkB/s     dkB/s   areq-sz    aqu-sz     await     %util
03:53:16 PM IST   nvme0n1      0.00      0.00      0.00      0.00      0.00      0.00      0.00      0.00
03:53:16 PM IST       sda      1.00      0.00      4.00      0.00      4.00      0.00      0.00      0.00

03:53:16 PM IST       DEV       tps     rkB/s     wkB/s     dkB/s   areq-sz    aqu-sz     await     %util
03:53:17 PM IST   nvme0n1      0.00      0.00      0.00      0.00      0.00      0.00      0.00      0.00
03:53:17 PM IST       sda      2.00      0.00     20.00      0.00     10.00      0.00      1.00      0.40

03:53:17 PM IST       DEV       tps     rkB/s     wkB/s     dkB/s   areq-sz    aqu-sz     await     %util
03:53:18 PM IST   nvme0n1      0.00      0.00      0.00      0.00      0.00      0.00      0.00      0.00
03:53:18 PM IST       sda      2.00      8.00      0.00      0.00      4.00      0.00      0.00      0.00

03:53:18 PM IST       DEV       tps     rkB/s     wkB/s     dkB/s   areq-sz    aqu-sz     await     %util
03:53:19 PM IST   nvme0n1      0.00      0.00      0.00      0.00      0.00      0.00      0.00      0.00
03:53:19 PM IST       sda      1.00      0.00      4.00      0.00      4.00      0.00      0.00      0.00

03:53:19 PM IST       DEV       tps     rkB/s     wkB/s     dkB/s   areq-sz    aqu-sz     await     %util
03:53:20 PM IST   nvme0n1      0.00      0.00      0.00      0.00      0.00      0.00      0.00      0.00
03:53:20 PM IST       sda    128.00      0.00   1068.00      0.00      8.34      0.03      0.23      0.00

03:53:20 PM IST       DEV       tps     rkB/s     wkB/s     dkB/s   areq-sz    aqu-sz     await     %util
03:53:21 PM IST   nvme0n1      0.00      0.00      0.00      0.00      0.00      0.00      0.00      0.00
03:53:21 PM IST       sda      0.00      0.00      0.00      0.00      0.00      0.00      0.00      0.00

03:53:21 PM IST       DEV       tps     rkB/s     wkB/s     dkB/s   areq-sz    aqu-sz     await     %util
03:53:22 PM IST   nvme0n1      0.00      0.00      0.00      0.00      0.00      0.00      0.00      0.00
03:53:22 PM IST       sda      0.00      0.00      0.00      0.00      0.00      0.00      0.00      0.00

03:53:22 PM IST       DEV       tps     rkB/s     wkB/s     dkB/s   areq-sz    aqu-sz     await     %util
03:53:23 PM IST   nvme0n1      0.00      0.00      0.00      0.00      0.00      0.00      0.00      0.00
03:53:23 PM IST       sda      7.00      0.00    212.00      0.00     30.29      0.01      0.57      0.40

03:53:23 PM IST       DEV       tps     rkB/s     wkB/s     dkB/s   areq-sz    aqu-sz     await     %util
03:53:24 PM IST   nvme0n1      0.00      0.00      0.00      0.00      0.00      0.00      0.00      0.00
03:53:24 PM IST       sda      2.00      0.00      8.00      0.00      4.00      0.00      0.00      0.00

03:53:24 PM IST       DEV       tps     rkB/s     wkB/s     dkB/s   areq-sz    aqu-sz     await     %util
03:53:25 PM IST   nvme0n1      0.00      0.00      0.00      0.00      0.00      0.00      0.00      0.00
03:53:25 PM IST       sda     27.00      0.00    220.00      0.00      8.15      0.01      0.33      0.00

03:53:25 PM IST       DEV       tps     rkB/s     wkB/s     dkB/s   areq-sz    aqu-sz     await     %util
03:53:26 PM IST   nvme0n1      0.00      0.00      0.00      0.00      0.00      0.00      0.00      0.00
03:53:26 PM IST       sda      1.00      0.00     12.00      0.00     12.00      0.00      0.00      0.00

03:53:26 PM IST       DEV       tps     rkB/s     wkB/s     dkB/s   areq-sz    aqu-sz     await     %util
03:53:27 PM IST   nvme0n1      0.00      0.00      0.00      0.00      0.00      0.00      0.00      0.00
03:53:27 PM IST       sda     23.00      0.00    180.00      0.00      7.83      0.01      0.65      0.00

03:53:27 PM IST       DEV       tps     rkB/s     wkB/s     dkB/s   areq-sz    aqu-sz     await     %util
03:53:28 PM IST   nvme0n1      0.00      0.00      0.00      0.00      0.00      0.00      0.00      0.00
03:53:28 PM IST       sda      2.00      0.00     56.00      0.00     28.00      0.00      1.00      0.40

03:53:28 PM IST       DEV       tps     rkB/s     wkB/s     dkB/s   areq-sz    aqu-sz     await     %util
03:53:29 PM IST   nvme0n1      0.00      0.00      0.00      0.00      0.00      0.00      0.00      0.00
03:53:29 PM IST       sda     45.00     48.00    436.00      0.00     10.76      0.02      0.27      0.80

03:53:29 PM IST       DEV       tps     rkB/s     wkB/s     dkB/s   areq-sz    aqu-sz     await     %util
03:53:30 PM IST   nvme0n1      0.00      0.00      0.00      0.00      0.00      0.00      0.00      0.00
03:53:30 PM IST       sda      1.00      0.00      4.00      0.00      4.00      0.00      0.00      0.00

03:53:30 PM IST       DEV       tps     rkB/s     wkB/s     dkB/s   areq-sz    aqu-sz     await     %util
03:53:31 PM IST   nvme0n1      0.00      0.00      0.00      0.00      0.00      0.00      0.00      0.00
03:53:31 PM IST       sda     39.00      4.00    300.00      0.00      7.79      0.01      0.18      0.00

03:53:31 PM IST       DEV       tps     rkB/s     wkB/s     dkB/s   areq-sz    aqu-sz     await     %util
03:53:32 PM IST   nvme0n1      0.00      0.00      0.00      0.00      0.00      0.00      0.00      0.00
03:53:32 PM IST       sda     19.00      0.00    196.00      0.00     10.32      0.00      0.16      0.00

03:53:32 PM IST       DEV       tps     rkB/s     wkB/s     dkB/s   areq-sz    aqu-sz     await     %util
03:53:33 PM IST   nvme0n1      0.00      0.00      0.00      0.00      0.00      0.00      0.00      0.00
03:53:33 PM IST       sda     64.00      0.00    612.00      0.00      9.56      0.02      0.20      0.80

03:53:33 PM IST       DEV       tps     rkB/s     wkB/s     dkB/s   areq-sz    aqu-sz     await     %util
03:53:34 PM IST   nvme0n1      0.00      0.00      0.00      0.00      0.00      0.00      0.00      0.00
03:53:34 PM IST       sda      3.00      0.00     32.00      0.00     10.67      0.06     10.00      3.20

03:53:34 PM IST       DEV       tps     rkB/s     wkB/s     dkB/s   areq-sz    aqu-sz     await     %util
03:53:35 PM IST   nvme0n1      0.00      0.00      0.00      0.00      0.00      0.00      0.00      0.00
03:53:35 PM IST       sda      0.00      0.00      0.00      0.00      0.00      0.00      0.00      0.00

03:53:35 PM IST       DEV       tps     rkB/s     wkB/s     dkB/s   areq-sz    aqu-sz     await     %util
03:53:36 PM IST   nvme0n1      0.00      0.00      0.00      0.00      0.00      0.00      0.00      0.00
03:53:36 PM IST       sda     36.00      4.00    420.00      0.00     11.78      0.06      1.53      0.40

03:53:36 PM IST       DEV       tps     rkB/s     wkB/s     dkB/s   areq-sz    aqu-sz     await     %util
03:53:37 PM IST   nvme0n1      0.00      0.00      0.00      0.00      0.00      0.00      0.00      0.00
03:53:37 PM IST       sda      0.00      0.00      0.00      0.00      0.00      0.00      0.00      0.00

03:53:37 PM IST       DEV       tps     rkB/s     wkB/s     dkB/s   areq-sz    aqu-sz     await     %util
03:53:38 PM IST   nvme0n1      0.00      0.00      0.00      0.00      0.00      0.00      0.00      0.00
03:53:38 PM IST       sda      0.00      0.00      0.00      0.00      0.00      0.00      0.00      0.00

03:53:38 PM IST       DEV       tps     rkB/s     wkB/s     dkB/s   areq-sz    aqu-sz     await     %util
03:53:39 PM IST   nvme0n1      0.00      0.00      0.00      0.00      0.00      0.00      0.00      0.00
03:53:39 PM IST       sda      0.00      0.00      0.00      0.00      0.00      0.00      0.00      0.00

03:53:39 PM IST       DEV       tps     rkB/s     wkB/s     dkB/s   areq-sz    aqu-sz     await     %util
03:53:40 PM IST   nvme0n1      0.00      0.00      0.00      0.00      0.00      0.00      0.00      0.00
03:53:40 PM IST       sda     97.00      0.00    420.00      0.00      4.33      0.01      0.12      0.40

03:53:40 PM IST       DEV       tps     rkB/s     wkB/s     dkB/s   areq-sz    aqu-sz     await     %util
03:53:41 PM IST   nvme0n1      0.00      0.00      0.00      0.00      0.00      0.00      0.00      0.00
03:53:41 PM IST       sda     53.00      0.00    612.00      0.00     11.55      0.01      0.28      0.00

03:53:41 PM IST       DEV       tps     rkB/s     wkB/s     dkB/s   areq-sz    aqu-sz     await     %util
03:53:42 PM IST   nvme0n1      0.00      0.00      0.00      0.00      0.00      0.00      0.00      0.00
03:53:42 PM IST       sda     26.00      0.00    196.00      0.00      7.54      0.00      0.15      0.00

03:53:42 PM IST       DEV       tps     rkB/s     wkB/s     dkB/s   areq-sz    aqu-sz     await     %util
03:53:43 PM IST   nvme0n1      0.00      0.00      0.00      0.00      0.00      0.00      0.00      0.00
03:53:43 PM IST       sda      0.00      0.00      0.00      0.00      0.00      0.00      0.00      0.00

03:53:43 PM IST       DEV       tps     rkB/s     wkB/s     dkB/s   areq-sz    aqu-sz     await     %util
03:53:44 PM IST   nvme0n1      0.00      0.00      0.00      0.00      0.00      0.00      0.00      0.00
03:53:44 PM IST       sda      2.00      0.00     28.00      0.00     14.00      0.00      0.50      0.00

03:53:44 PM IST       DEV       tps     rkB/s     wkB/s     dkB/s   areq-sz    aqu-sz     await     %util
03:53:45 PM IST   nvme0n1      0.00      0.00      0.00      0.00      0.00      0.00      0.00      0.00
03:53:45 PM IST       sda      2.00      0.00     20.00      0.00     10.00      0.00      0.50      0.00

03:53:45 PM IST       DEV       tps     rkB/s     wkB/s     dkB/s   areq-sz    aqu-sz     await     %util
03:53:46 PM IST   nvme0n1      0.00      0.00      0.00      0.00      0.00      0.00      0.00      0.00
03:53:46 PM IST       sda     40.00      0.00    280.00      0.00      7.00      0.01      0.30      0.00

03:53:46 PM IST       DEV       tps     rkB/s     wkB/s     dkB/s   areq-sz    aqu-sz     await     %util
03:53:47 PM IST   nvme0n1      0.00      0.00      0.00      0.00      0.00      0.00      0.00      0.00
03:53:47 PM IST       sda      0.00      0.00      0.00      0.00      0.00      0.00      0.00      0.00

03:53:47 PM IST       DEV       tps     rkB/s     wkB/s     dkB/s   areq-sz    aqu-sz     await     %util
03:53:48 PM IST   nvme0n1      0.00      0.00      0.00      0.00      0.00      0.00      0.00      0.00
03:53:48 PM IST       sda      0.00      0.00      0.00      0.00      0.00      0.00      0.00      0.00

03:53:48 PM IST       DEV       tps     rkB/s     wkB/s     dkB/s   areq-sz    aqu-sz     await     %util
03:53:49 PM IST   nvme0n1      0.00      0.00      0.00      0.00      0.00      0.00      0.00      0.00
03:53:49 PM IST       sda      0.00      0.00      0.00      0.00      0.00      0.00      0.00      0.00

03:53:49 PM IST       DEV       tps     rkB/s     wkB/s     dkB/s   areq-sz    aqu-sz     await     %util
03:53:50 PM IST   nvme0n1      0.00      0.00      0.00      0.00      0.00      0.00      0.00      0.00
03:53:50 PM IST       sda      5.00      0.00    140.00      0.00     28.00      0.01      0.80      0.40

03:53:50 PM IST       DEV       tps     rkB/s     wkB/s     dkB/s   areq-sz    aqu-sz     await     %util
03:53:51 PM IST   nvme0n1      0.00      0.00      0.00      0.00      0.00      0.00      0.00      0.00
03:53:51 PM IST       sda     65.00     76.00    700.00      0.00     11.94      0.02      0.32      0.00

03:53:51 PM IST       DEV       tps     rkB/s     wkB/s     dkB/s   areq-sz    aqu-sz     await     %util
03:53:52 PM IST   nvme0n1      0.00      0.00      0.00      0.00      0.00      0.00      0.00      0.00
03:53:52 PM IST       sda      3.00      0.00    104.00      0.00     34.67      0.00      0.33      0.00

03:53:52 PM IST       DEV       tps     rkB/s     wkB/s     dkB/s   areq-sz    aqu-sz     await     %util
03:53:53 PM IST   nvme0n1      0.00      0.00      0.00      0.00      0.00      0.00      0.00      0.00
03:53:53 PM IST       sda      5.00      0.00    240.00      0.00     48.00      0.00      0.60      0.00

03:53:53 PM IST       DEV       tps     rkB/s     wkB/s     dkB/s   areq-sz    aqu-sz     await     %util
03:53:54 PM IST   nvme0n1      0.00      0.00      0.00      0.00      0.00      0.00      0.00      0.00
03:53:54 PM IST       sda      0.00      0.00      0.00      0.00      0.00      0.00      0.00      0.00

03:53:54 PM IST       DEV       tps     rkB/s     wkB/s     dkB/s   areq-sz    aqu-sz     await     %util
03:53:55 PM IST   nvme0n1      0.00      0.00      0.00      0.00      0.00      0.00      0.00      0.00
03:53:55 PM IST       sda     45.00     12.00   3824.00      0.00     85.24      0.04      0.80      0.80

03:53:55 PM IST       DEV       tps     rkB/s     wkB/s     dkB/s   areq-sz    aqu-sz     await     %util
03:53:56 PM IST   nvme0n1      0.00      0.00      0.00      0.00      0.00      0.00      0.00      0.00
03:53:56 PM IST       sda    152.00      0.00   4724.00      0.00     31.08      0.05      0.32      0.80

03:53:56 PM IST       DEV       tps     rkB/s     wkB/s     dkB/s   areq-sz    aqu-sz     await     %util
03:53:57 PM IST   nvme0n1      0.00      0.00      0.00      0.00      0.00      0.00      0.00      0.00
03:53:57 PM IST       sda      2.00      0.00     24.00      0.00     12.00      0.00      1.00      0.40

03:53:57 PM IST       DEV       tps     rkB/s     wkB/s     dkB/s   areq-sz    aqu-sz     await     %util
03:53:58 PM IST   nvme0n1      0.00      0.00      0.00      0.00      0.00      0.00      0.00      0.00
03:53:58 PM IST       sda      0.00      0.00      0.00      0.00      0.00      0.00      0.00      0.00

03:53:58 PM IST       DEV       tps     rkB/s     wkB/s     dkB/s   areq-sz    aqu-sz     await     %util
03:53:59 PM IST   nvme0n1      0.00      0.00      0.00      0.00      0.00      0.00      0.00      0.00
03:53:59 PM IST       sda      8.00      0.00    196.00      0.00     24.50      0.01      0.25      0.40

03:53:59 PM IST       DEV       tps     rkB/s     wkB/s     dkB/s   areq-sz    aqu-sz     await     %util
03:54:00 PM IST   nvme0n1      0.00      0.00      0.00      0.00      0.00      0.00      0.00      0.00
03:54:00 PM IST       sda     30.00      0.00    132.00      0.00      4.40      0.00      0.13      0.00

03:54:00 PM IST       DEV       tps     rkB/s     wkB/s     dkB/s   areq-sz    aqu-sz     await     %util
03:54:01 PM IST   nvme0n1      0.00      0.00      0.00      0.00      0.00      0.00      0.00      0.00
03:54:01 PM IST       sda      9.00     84.00      4.00      0.00      9.78      0.01      1.22      0.40

03:54:01 PM IST       DEV       tps     rkB/s     wkB/s     dkB/s   areq-sz    aqu-sz     await     %util
03:54:02 PM IST   nvme0n1      0.00      0.00      0.00      0.00      0.00      0.00      0.00      0.00
03:54:02 PM IST       sda     25.00      0.00    316.00      0.00     12.64      0.01      0.24      0.80

03:54:02 PM IST       DEV       tps     rkB/s     wkB/s     dkB/s   areq-sz    aqu-sz     await     %util
03:54:03 PM IST   nvme0n1      0.00      0.00      0.00      0.00      0.00      0.00      0.00      0.00
03:54:03 PM IST       sda     40.00      0.00    348.00      0.00      8.70      0.02      0.33      1.20

03:54:03 PM IST       DEV       tps     rkB/s     wkB/s     dkB/s   areq-sz    aqu-sz     await     %util
03:54:04 PM IST   nvme0n1      0.00      0.00      0.00      0.00      0.00      0.00      0.00      0.00
03:54:04 PM IST       sda      0.00      0.00      0.00      0.00      0.00      0.00      0.00      0.00

03:54:04 PM IST       DEV       tps     rkB/s     wkB/s     dkB/s   areq-sz    aqu-sz     await     %util
03:54:05 PM IST   nvme0n1      0.00      0.00      0.00      0.00      0.00      0.00      0.00      0.00
03:54:05 PM IST       sda     17.00      0.00    112.00      0.00      6.59      0.01      0.47      0.00

03:54:05 PM IST       DEV       tps     rkB/s     wkB/s     dkB/s   areq-sz    aqu-sz     await     %util
03:54:06 PM IST   nvme0n1      0.00      0.00      0.00      0.00      0.00      0.00      0.00      0.00
03:54:06 PM IST       sda     16.00      0.00    292.00      0.00     18.25      0.01      0.25      0.40

03:54:06 PM IST       DEV       tps     rkB/s     wkB/s     dkB/s   areq-sz    aqu-sz     await     %util
03:54:07 PM IST   nvme0n1      0.00      0.00      0.00      0.00      0.00      0.00      0.00      0.00
03:54:07 PM IST       sda      0.00      0.00      0.00      0.00      0.00      0.00      0.00      0.00

03:54:07 PM IST       DEV       tps     rkB/s     wkB/s     dkB/s   areq-sz    aqu-sz     await     %util
03:54:08 PM IST   nvme0n1      0.00      0.00      0.00      0.00      0.00      0.00      0.00      0.00
03:54:08 PM IST       sda      0.00      0.00      0.00      0.00      0.00      0.00      0.00      0.00

03:54:08 PM IST       DEV       tps     rkB/s     wkB/s     dkB/s   areq-sz    aqu-sz     await     %util
03:54:09 PM IST   nvme0n1      0.00      0.00      0.00      0.00      0.00      0.00      0.00      0.00
03:54:09 PM IST       sda      2.00      0.00     20.00      0.00     10.00      0.00      1.00      0.40

03:54:09 PM IST       DEV       tps     rkB/s     wkB/s     dkB/s   areq-sz    aqu-sz     await     %util
03:54:10 PM IST   nvme0n1      0.00      0.00      0.00      0.00      0.00      0.00      0.00      0.00
03:54:10 PM IST       sda      1.00      0.00      8.00      0.00      8.00      0.00      0.00      0.00

03:54:10 PM IST       DEV       tps     rkB/s     wkB/s     dkB/s   areq-sz    aqu-sz     await     %util
03:54:11 PM IST   nvme0n1      0.00      0.00      0.00      0.00      0.00      0.00      0.00      0.00
03:54:11 PM IST       sda     96.00      0.00    464.00      0.00      4.83      0.01      0.14      0.40

03:54:11 PM IST       DEV       tps     rkB/s     wkB/s     dkB/s   areq-sz    aqu-sz     await     %util
03:54:12 PM IST   nvme0n1      0.00      0.00      0.00      0.00      0.00      0.00      0.00      0.00
03:54:12 PM IST       sda    102.00      0.00    928.00      0.00      9.10      0.03      0.25      0.00

03:54:12 PM IST       DEV       tps     rkB/s     wkB/s     dkB/s   areq-sz    aqu-sz     await     %util
03:54:13 PM IST   nvme0n1      0.00      0.00      0.00      0.00      0.00      0.00      0.00      0.00
03:54:13 PM IST       sda     28.00      0.00    176.00      0.00      6.29      0.00      0.11      0.00

03:54:13 PM IST       DEV       tps     rkB/s     wkB/s     dkB/s   areq-sz    aqu-sz     await     %util
03:54:14 PM IST   nvme0n1      0.00      0.00      0.00      0.00      0.00      0.00      0.00      0.00
03:54:14 PM IST       sda     15.00      0.00    248.00      0.00     16.53      0.01      0.33      0.40

03:54:14 PM IST       DEV       tps     rkB/s     wkB/s     dkB/s   areq-sz    aqu-sz     await     %util
03:54:15 PM IST   nvme0n1      0.00      0.00      0.00      0.00      0.00      0.00      0.00      0.00
03:54:15 PM IST       sda     26.00      0.00    384.00      0.00     14.77      0.02      0.38      1.60

03:54:15 PM IST       DEV       tps     rkB/s     wkB/s     dkB/s   areq-sz    aqu-sz     await     %util
03:54:16 PM IST   nvme0n1      0.00      0.00      0.00      0.00      0.00      0.00      0.00      0.00
03:54:16 PM IST       sda      5.00      0.00    120.00      0.00     24.00      0.01      0.80      0.00

03:54:16 PM IST       DEV       tps     rkB/s     wkB/s     dkB/s   areq-sz    aqu-sz     await     %util
03:54:17 PM IST   nvme0n1      0.00      0.00      0.00      0.00      0.00      0.00      0.00      0.00
03:54:17 PM IST       sda     38.00      0.00    280.00      0.00      7.37      0.01      0.18      0.00

03:54:17 PM IST       DEV       tps     rkB/s     wkB/s     dkB/s   areq-sz    aqu-sz     await     %util
03:54:18 PM IST   nvme0n1      0.00      0.00      0.00      0.00      0.00      0.00      0.00      0.00
03:54:18 PM IST       sda      0.00      0.00      0.00      0.00      0.00      0.00      0.00      0.00

03:54:18 PM IST       DEV       tps     rkB/s     wkB/s     dkB/s   areq-sz    aqu-sz     await     %util
03:54:19 PM IST   nvme0n1      0.00      0.00      0.00      0.00      0.00      0.00      0.00      0.00
03:54:19 PM IST       sda     49.00      0.00    412.00      0.00      8.41      0.01      0.27      0.40

03:54:19 PM IST       DEV       tps     rkB/s     wkB/s     dkB/s   areq-sz    aqu-sz     await     %util
03:54:20 PM IST   nvme0n1      0.00      0.00      0.00      0.00      0.00      0.00      0.00      0.00
03:54:20 PM IST       sda      3.00    128.00     16.00      0.00     48.00      0.00      0.67      0.00

03:54:20 PM IST       DEV       tps     rkB/s     wkB/s     dkB/s   areq-sz    aqu-sz     await     %util
03:54:21 PM IST   nvme0n1      0.00      0.00      0.00      0.00      0.00      0.00      0.00      0.00
03:54:21 PM IST       sda      9.00     60.00    208.00      0.00     29.78      0.01      1.00      0.40

03:54:21 PM IST       DEV       tps     rkB/s     wkB/s     dkB/s   areq-sz    aqu-sz     await     %util
03:54:22 PM IST   nvme0n1      0.00      0.00      0.00      0.00      0.00      0.00      0.00      0.00
03:54:22 PM IST       sda     44.00      0.00    360.00      0.00      8.18      0.01      0.20      0.00

03:54:22 PM IST       DEV       tps     rkB/s     wkB/s     dkB/s   areq-sz    aqu-sz     await     %util
03:54:23 PM IST   nvme0n1      0.00      0.00      0.00      0.00      0.00      0.00      0.00      0.00
03:54:23 PM IST       sda      0.00      0.00      0.00      0.00      0.00      0.00      0.00      0.00

03:54:23 PM IST       DEV       tps     rkB/s     wkB/s     dkB/s   areq-sz    aqu-sz     await     %util
03:54:24 PM IST   nvme0n1      0.00      0.00      0.00      0.00      0.00      0.00      0.00      0.00
03:54:24 PM IST       sda     32.00      0.00    648.00      0.00     20.25      0.03      0.97      0.00

03:54:24 PM IST       DEV       tps     rkB/s     wkB/s     dkB/s   areq-sz    aqu-sz     await     %util
03:54:25 PM IST   nvme0n1      0.00      0.00      0.00      0.00      0.00      0.00      0.00      0.00
03:54:25 PM IST       sda     11.00      0.00    228.00      0.00     20.73      0.01      0.36      0.40

03:54:25 PM IST       DEV       tps     rkB/s     wkB/s     dkB/s   areq-sz    aqu-sz     await     %util
03:54:26 PM IST   nvme0n1      0.00      0.00      0.00      0.00      0.00      0.00      0.00      0.00
03:54:26 PM IST       sda      2.00      0.00     24.00      0.00     12.00      0.00      0.50      0.40

03:54:26 PM IST       DEV       tps     rkB/s     wkB/s     dkB/s   areq-sz    aqu-sz     await     %util
03:54:27 PM IST   nvme0n1      0.00      0.00      0.00      0.00      0.00      0.00      0.00      0.00
03:54:27 PM IST       sda     34.00      0.00    272.00      0.00      8.00      0.01      0.26      0.00

03:54:27 PM IST       DEV       tps     rkB/s     wkB/s     dkB/s   areq-sz    aqu-sz     await     %util
03:54:28 PM IST   nvme0n1      0.00      0.00      0.00      0.00      0.00      0.00      0.00      0.00
03:54:28 PM IST       sda      1.00      0.00     12.00      0.00     12.00      0.00      1.00      0.00

03:54:28 PM IST       DEV       tps     rkB/s     wkB/s     dkB/s   areq-sz    aqu-sz     await     %util
03:54:29 PM IST   nvme0n1      0.00      0.00      0.00      0.00      0.00      0.00      0.00      0.00
03:54:29 PM IST       sda      8.00      0.00    232.00      0.00     29.00      0.01      0.38      0.80

03:54:29 PM IST       DEV       tps     rkB/s     wkB/s     dkB/s   areq-sz    aqu-sz     await     %util
03:54:30 PM IST   nvme0n1      0.00      0.00      0.00      0.00      0.00      0.00      0.00      0.00
03:54:30 PM IST       sda     29.00      0.00    136.00      0.00      4.69      0.01      0.21      0.00

03:54:30 PM IST       DEV       tps     rkB/s     wkB/s     dkB/s   areq-sz    aqu-sz     await     %util
03:54:31 PM IST   nvme0n1      0.00      0.00      0.00      0.00      0.00      0.00      0.00      0.00
03:54:31 PM IST       sda      3.00      0.00     28.00      0.00      9.33      0.00      0.67      0.40

03:54:31 PM IST       DEV       tps     rkB/s     wkB/s     dkB/s   areq-sz    aqu-sz     await     %util
03:54:32 PM IST   nvme0n1      0.00      0.00      0.00      0.00      0.00      0.00      0.00      0.00
03:54:32 PM IST       sda     24.00      0.00    212.00      0.00      8.83      0.00      0.17      0.00

03:54:32 PM IST       DEV       tps     rkB/s     wkB/s     dkB/s   areq-sz    aqu-sz     await     %util
03:54:33 PM IST   nvme0n1      0.00      0.00      0.00      0.00      0.00      0.00      0.00      0.00
03:54:33 PM IST       sda      0.00      0.00      0.00      0.00      0.00      0.00      0.00      0.00

03:54:33 PM IST       DEV       tps     rkB/s     wkB/s     dkB/s   areq-sz    aqu-sz     await     %util
03:54:34 PM IST   nvme0n1      0.00      0.00      0.00      0.00      0.00      0.00      0.00      0.00
03:54:34 PM IST       sda     22.00      0.00    272.00      0.00     12.36      0.01      0.36      0.80

03:54:34 PM IST       DEV       tps     rkB/s     wkB/s     dkB/s   areq-sz    aqu-sz     await     %util
03:54:35 PM IST   nvme0n1      0.00      0.00      0.00      0.00      0.00      0.00      0.00      0.00
03:54:35 PM IST       sda      3.00      0.00     48.00      0.00     16.00      0.00      0.00      0.00

03:54:35 PM IST       DEV       tps     rkB/s     wkB/s     dkB/s   areq-sz    aqu-sz     await     %util
03:54:36 PM IST   nvme0n1      0.00      0.00      0.00      0.00      0.00      0.00      0.00      0.00
03:54:36 PM IST       sda      0.00      0.00      0.00      0.00      0.00      0.00      0.00      0.00

03:54:36 PM IST       DEV       tps     rkB/s     wkB/s     dkB/s   areq-sz    aqu-sz     await     %util
03:54:37 PM IST   nvme0n1      0.00      0.00      0.00      0.00      0.00      0.00      0.00      0.00
03:54:37 PM IST       sda     13.00      0.00    192.00      0.00     14.77      0.01      0.46      0.80

03:54:37 PM IST       DEV       tps     rkB/s     wkB/s     dkB/s   areq-sz    aqu-sz     await     %util
03:54:38 PM IST   nvme0n1      0.00      0.00      0.00      0.00      0.00      0.00      0.00      0.00
03:54:38 PM IST       sda     37.00      0.00    264.00      0.00      7.14      0.01      0.14      0.00

03:54:38 PM IST       DEV       tps     rkB/s     wkB/s     dkB/s   areq-sz    aqu-sz     await     %util
03:54:39 PM IST   nvme0n1      0.00      0.00      0.00      0.00      0.00      0.00      0.00      0.00
03:54:39 PM IST       sda     29.00      0.00    520.00      0.00     17.93      0.01      0.24      0.00

03:54:39 PM IST       DEV       tps     rkB/s     wkB/s     dkB/s   areq-sz    aqu-sz     await     %util
03:54:40 PM IST   nvme0n1      0.00      0.00      0.00      0.00      0.00      0.00      0.00      0.00
03:54:40 PM IST       sda      7.00      0.00     28.00      0.00      4.00      0.00      0.14      0.00

03:54:40 PM IST       DEV       tps     rkB/s     wkB/s     dkB/s   areq-sz    aqu-sz     await     %util
03:54:41 PM IST   nvme0n1      0.00      0.00      0.00      0.00      0.00      0.00      0.00      0.00
03:54:41 PM IST       sda      0.00      0.00      0.00      0.00      0.00      0.00      0.00      0.00

03:54:41 PM IST       DEV       tps     rkB/s     wkB/s     dkB/s   areq-sz    aqu-sz     await     %util
03:54:42 PM IST   nvme0n1      0.00      0.00      0.00      0.00      0.00      0.00      0.00      0.00
03:54:42 PM IST       sda    104.00      0.00    592.00      0.00      5.69      0.02      0.16      0.00

03:54:42 PM IST       DEV       tps     rkB/s     wkB/s     dkB/s   areq-sz    aqu-sz     await     %util
03:54:43 PM IST   nvme0n1      0.00      0.00      0.00      0.00      0.00      0.00      0.00      0.00
03:54:43 PM IST       sda     68.00     32.00    496.00      0.00      7.76      0.02      0.21      0.00

03:54:43 PM IST       DEV       tps     rkB/s     wkB/s     dkB/s   areq-sz    aqu-sz     await     %util
03:54:44 PM IST   nvme0n1      0.00      0.00      0.00      0.00      0.00      0.00      0.00      0.00
03:54:44 PM IST       sda      0.00      0.00      0.00      0.00      0.00      0.00      0.00      0.00

03:54:44 PM IST       DEV       tps     rkB/s     wkB/s     dkB/s   areq-sz    aqu-sz     await     %util
03:54:45 PM IST   nvme0n1      0.00      0.00      0.00      0.00      0.00      0.00      0.00      0.00
03:54:45 PM IST       sda      0.00      0.00      0.00      0.00      0.00      0.00      0.00      0.00

03:54:45 PM IST       DEV       tps     rkB/s     wkB/s     dkB/s   areq-sz    aqu-sz     await     %util
03:54:46 PM IST   nvme0n1      0.00      0.00      0.00      0.00      0.00      0.00      0.00      0.00
03:54:46 PM IST       sda     31.00      0.00    340.00      0.00     10.97      0.01      0.45      0.00

03:54:46 PM IST       DEV       tps     rkB/s     wkB/s     dkB/s   areq-sz    aqu-sz     await     %util
03:54:47 PM IST   nvme0n1      0.00      0.00      0.00      0.00      0.00      0.00      0.00      0.00
03:54:47 PM IST       sda      0.00      0.00      0.00      0.00      0.00      0.00      0.00      0.00

03:54:47 PM IST       DEV       tps     rkB/s     wkB/s     dkB/s   areq-sz    aqu-sz     await     %util
03:54:48 PM IST   nvme0n1      0.00      0.00      0.00      0.00      0.00      0.00      0.00      0.00
03:54:48 PM IST       sda     34.00      0.00    332.00      0.00      9.76      0.01      0.21      0.00

03:54:48 PM IST       DEV       tps     rkB/s     wkB/s     dkB/s   areq-sz    aqu-sz     await     %util
03:54:49 PM IST   nvme0n1      0.00      0.00      0.00      0.00      0.00      0.00      0.00      0.00
03:54:49 PM IST       sda     11.00      0.00    116.00      0.00     10.55      0.01      0.36      0.40

03:54:49 PM IST       DEV       tps     rkB/s     wkB/s     dkB/s   areq-sz    aqu-sz     await     %util
03:54:50 PM IST   nvme0n1      0.00      0.00      0.00      0.00      0.00      0.00      0.00      0.00
03:54:50 PM IST       sda      0.00      0.00      0.00      0.00      0.00      0.00      0.00      0.00

03:54:50 PM IST       DEV       tps     rkB/s     wkB/s     dkB/s   areq-sz    aqu-sz     await     %util
03:54:51 PM IST   nvme0n1      0.00      0.00      0.00      0.00      0.00      0.00      0.00      0.00
03:54:51 PM IST       sda      1.00      4.00      0.00      0.00      4.00      0.00      1.00      0.00

03:54:51 PM IST       DEV       tps     rkB/s     wkB/s     dkB/s   areq-sz    aqu-sz     await     %util
03:54:52 PM IST   nvme0n1      0.00      0.00      0.00      0.00      0.00      0.00      0.00      0.00
03:54:52 PM IST       sda      0.00      0.00      0.00      0.00      0.00      0.00      0.00      0.00

03:54:52 PM IST       DEV       tps     rkB/s     wkB/s     dkB/s   areq-sz    aqu-sz     await     %util
03:54:53 PM IST   nvme0n1      0.00      0.00      0.00      0.00      0.00      0.00      0.00      0.00
03:54:53 PM IST       sda     55.00      0.00    368.00      0.00      6.69      0.02      0.31      0.40

03:54:53 PM IST       DEV       tps     rkB/s     wkB/s     dkB/s   areq-sz    aqu-sz     await     %util
03:54:54 PM IST   nvme0n1      0.00      0.00      0.00      0.00      0.00      0.00      0.00      0.00
03:54:54 PM IST       sda      2.00      0.00     20.00      0.00     10.00      0.00      0.50      0.00

03:54:54 PM IST       DEV       tps     rkB/s     wkB/s     dkB/s   areq-sz    aqu-sz     await     %util
03:54:55 PM IST   nvme0n1      0.00      0.00      0.00      0.00      0.00      0.00      0.00      0.00
03:54:55 PM IST       sda      3.00      0.00    124.00      0.00     41.33      0.00      0.67      0.40

03:54:55 PM IST       DEV       tps     rkB/s     wkB/s     dkB/s   areq-sz    aqu-sz     await     %util
03:54:56 PM IST   nvme0n1      0.00      0.00      0.00      0.00      0.00      0.00      0.00      0.00
03:54:56 PM IST       sda     20.00      8.00    240.00      0.00     12.40      0.01      0.40      0.40

03:54:56 PM IST       DEV       tps     rkB/s     wkB/s     dkB/s   areq-sz    aqu-sz     await     %util
03:54:57 PM IST   nvme0n1      0.00      0.00      0.00      0.00      0.00      0.00      0.00      0.00
03:54:57 PM IST       sda     24.00      0.00    100.00      0.00      4.17      0.01      0.29      0.00

03:54:57 PM IST       DEV       tps     rkB/s     wkB/s     dkB/s   areq-sz    aqu-sz     await     %util
03:54:58 PM IST   nvme0n1      0.00      0.00      0.00      0.00      0.00      0.00      0.00      0.00
03:54:58 PM IST       sda     28.00      0.00    244.00      0.00      8.71      0.01      0.21      0.00

03:54:58 PM IST       DEV       tps     rkB/s     wkB/s     dkB/s   areq-sz    aqu-sz     await     %util
03:54:59 PM IST   nvme0n1      0.00      0.00      0.00      0.00      0.00      0.00      0.00      0.00
03:54:59 PM IST       sda     23.00      0.00    100.00      0.00      4.35      0.01      0.26      0.00

03:54:59 PM IST       DEV       tps     rkB/s     wkB/s     dkB/s   areq-sz    aqu-sz     await     %util
03:55:00 PM IST   nvme0n1      0.00      0.00      0.00      0.00      0.00      0.00      0.00      0.00
03:55:00 PM IST       sda      2.00      0.00     16.00      0.00      8.00      0.00      0.50      0.00

03:55:00 PM IST       DEV       tps     rkB/s     wkB/s     dkB/s   areq-sz    aqu-sz     await     %util
03:55:01 PM IST   nvme0n1      0.00      0.00      0.00      0.00      0.00      0.00      0.00      0.00
03:55:01 PM IST       sda      4.00     12.00    128.00      0.00     35.00      0.00      0.50      0.40

03:55:01 PM IST       DEV       tps     rkB/s     wkB/s     dkB/s   areq-sz    aqu-sz     await     %util
03:55:02 PM IST   nvme0n1      0.00      0.00      0.00      0.00      0.00      0.00      0.00      0.00
03:55:02 PM IST       sda      2.00      0.00     12.00      0.00      6.00      0.00      1.00      0.00

03:55:02 PM IST       DEV       tps     rkB/s     wkB/s     dkB/s   areq-sz    aqu-sz     await     %util
03:55:03 PM IST   nvme0n1      0.00      0.00      0.00      0.00      0.00      0.00      0.00      0.00
03:55:03 PM IST       sda     29.00      0.00    224.00      0.00      7.72      0.00      0.14      0.00

03:55:03 PM IST       DEV       tps     rkB/s     wkB/s     dkB/s   areq-sz    aqu-sz     await     %util
03:55:04 PM IST   nvme0n1      0.00      0.00      0.00      0.00      0.00      0.00      0.00      0.00
03:55:04 PM IST       sda     36.00      0.00    640.00      0.00     17.78      0.02      0.44      0.40

03:55:04 PM IST       DEV       tps     rkB/s     wkB/s     dkB/s   areq-sz    aqu-sz     await     %util
03:55:05 PM IST   nvme0n1      0.00      0.00      0.00      0.00      0.00      0.00      0.00      0.00
03:55:05 PM IST       sda     16.00      0.00    220.00      0.00     13.75      0.01      0.31      0.80

03:55:05 PM IST       DEV       tps     rkB/s     wkB/s     dkB/s   areq-sz    aqu-sz     await     %util
03:55:06 PM IST   nvme0n1      0.00      0.00      0.00      0.00      0.00      0.00      0.00      0.00
03:55:06 PM IST       sda     10.00      0.00     80.00      0.00      8.00      0.00      0.20      0.00

03:55:06 PM IST       DEV       tps     rkB/s     wkB/s     dkB/s   areq-sz    aqu-sz     await     %util
03:55:07 PM IST   nvme0n1      0.00      0.00      0.00      0.00      0.00      0.00      0.00      0.00
03:55:07 PM IST       sda     11.00      0.00    172.00      0.00     15.64      0.01      0.27      0.40

03:55:07 PM IST       DEV       tps     rkB/s     wkB/s     dkB/s   areq-sz    aqu-sz     await     %util
03:55:08 PM IST   nvme0n1      0.00      0.00      0.00      0.00      0.00      0.00      0.00      0.00
03:55:08 PM IST       sda     33.00      0.00    240.00      0.00      7.27      0.01      0.30      0.00

03:55:08 PM IST       DEV       tps     rkB/s     wkB/s     dkB/s   areq-sz    aqu-sz     await     %util
03:55:09 PM IST   nvme0n1      0.00      0.00      0.00      0.00      0.00      0.00      0.00      0.00
03:55:09 PM IST       sda      5.00      0.00    176.00      0.00     35.20      0.00      0.40      0.00

03:55:09 PM IST       DEV       tps     rkB/s     wkB/s     dkB/s   areq-sz    aqu-sz     await     %util
03:55:10 PM IST   nvme0n1      0.00      0.00      0.00      0.00      0.00      0.00      0.00      0.00
03:55:10 PM IST       sda     50.00      0.00    640.00      0.00     12.80      0.01      0.28      0.00

03:55:10 PM IST       DEV       tps     rkB/s     wkB/s     dkB/s   areq-sz    aqu-sz     await     %util
03:55:11 PM IST   nvme0n1      0.00      0.00      0.00      0.00      0.00      0.00      0.00      0.00
03:55:11 PM IST       sda      3.00      0.00     24.00      0.00      8.00      0.00      0.67      0.00

03:55:11 PM IST       DEV       tps     rkB/s     wkB/s     dkB/s   areq-sz    aqu-sz     await     %util
03:55:12 PM IST   nvme0n1      0.00      0.00      0.00      0.00      0.00      0.00      0.00      0.00
03:55:12 PM IST       sda    102.00      0.00    440.00      0.00      4.31      0.01      0.14      0.00

03:55:12 PM IST       DEV       tps     rkB/s     wkB/s     dkB/s   areq-sz    aqu-sz     await     %util
03:55:13 PM IST   nvme0n1      0.00      0.00      0.00      0.00      0.00      0.00      0.00      0.00
03:55:13 PM IST       sda     27.00      0.00    228.00      0.00      8.44      0.01      0.37      0.00

03:55:13 PM IST       DEV       tps     rkB/s     wkB/s     dkB/s   areq-sz    aqu-sz     await     %util
03:55:14 PM IST   nvme0n1      0.00      0.00      0.00      0.00      0.00      0.00      0.00      0.00
03:55:14 PM IST       sda     31.00      0.00    248.00      0.00      8.00      0.01      0.16      0.00

03:55:14 PM IST       DEV       tps     rkB/s     wkB/s     dkB/s   areq-sz    aqu-sz     await     %util
03:55:15 PM IST   nvme0n1      0.00      0.00      0.00      0.00      0.00      0.00      0.00      0.00
03:55:15 PM IST       sda      3.00      0.00    120.00      0.00     40.00      0.00      0.67      0.00

03:55:15 PM IST       DEV       tps     rkB/s     wkB/s     dkB/s   areq-sz    aqu-sz     await     %util
03:55:16 PM IST   nvme0n1      0.00      0.00      0.00      0.00      0.00      0.00      0.00      0.00
03:55:16 PM IST       sda      0.00      0.00      0.00      0.00      0.00      0.00      0.00      0.00

03:55:16 PM IST       DEV       tps     rkB/s     wkB/s     dkB/s   areq-sz    aqu-sz     await     %util
03:55:17 PM IST   nvme0n1      0.00      0.00      0.00      0.00      0.00      0.00      0.00      0.00
03:55:17 PM IST       sda      2.00      0.00     24.00      0.00     12.00      0.00      0.50      0.40

03:55:17 PM IST       DEV       tps     rkB/s     wkB/s     dkB/s   areq-sz    aqu-sz     await     %util
03:55:18 PM IST   nvme0n1      0.00      0.00      0.00      0.00      0.00      0.00      0.00      0.00
03:55:18 PM IST       sda      0.00      0.00      0.00      0.00      0.00      0.00      0.00      0.00

03:55:18 PM IST       DEV       tps     rkB/s     wkB/s     dkB/s   areq-sz    aqu-sz     await     %util
03:55:19 PM IST   nvme0n1      0.00      0.00      0.00      0.00      0.00      0.00      0.00      0.00
03:55:19 PM IST       sda     32.00      0.00    188.00      0.00      5.88      0.00      0.12      0.00

03:55:19 PM IST       DEV       tps     rkB/s     wkB/s     dkB/s   areq-sz    aqu-sz     await     %util
03:55:20 PM IST   nvme0n1      0.00      0.00      0.00      0.00      0.00      0.00      0.00      0.00
03:55:20 PM IST       sda     26.00      0.00    336.00      0.00     12.92      0.02      0.54      0.80

03:55:20 PM IST       DEV       tps     rkB/s     wkB/s     dkB/s   areq-sz    aqu-sz     await     %util
03:55:21 PM IST   nvme0n1      0.00      0.00      0.00      0.00      0.00      0.00      0.00      0.00
03:55:21 PM IST       sda      4.00      0.00     32.00      0.00      8.00      0.00      0.75      0.00

03:55:21 PM IST       DEV       tps     rkB/s     wkB/s     dkB/s   areq-sz    aqu-sz     await     %util
03:55:22 PM IST   nvme0n1      0.00      0.00      0.00      0.00      0.00      0.00      0.00      0.00
03:55:22 PM IST       sda      2.00      0.00     16.00      0.00      8.00      0.00      0.50      0.00

03:55:22 PM IST       DEV       tps     rkB/s     wkB/s     dkB/s   areq-sz    aqu-sz     await     %util
03:55:23 PM IST   nvme0n1      0.00      0.00      0.00      0.00      0.00      0.00      0.00      0.00
03:55:23 PM IST       sda      5.00      0.00    136.00      0.00     27.20      0.01      0.60      0.40

03:55:23 PM IST       DEV       tps     rkB/s     wkB/s     dkB/s   areq-sz    aqu-sz     await     %util
03:55:24 PM IST   nvme0n1      0.00      0.00      0.00      0.00      0.00      0.00      0.00      0.00
03:55:24 PM IST       sda    169.00      0.00    844.00      0.00      4.99      0.06      0.34      0.40

03:55:24 PM IST       DEV       tps     rkB/s     wkB/s     dkB/s   areq-sz    aqu-sz     await     %util
03:55:25 PM IST   nvme0n1      0.00      0.00      0.00      0.00      0.00      0.00      0.00      0.00
03:55:25 PM IST       sda     32.00      0.00    324.00      0.00     10.12      0.01      0.22      0.40

03:55:25 PM IST       DEV       tps     rkB/s     wkB/s     dkB/s   areq-sz    aqu-sz     await     %util
03:55:26 PM IST   nvme0n1      0.00      0.00      0.00      0.00      0.00      0.00      0.00      0.00
03:55:26 PM IST       sda     22.00      4.00    220.00      0.00     10.18      0.01      0.32      1.20

03:55:26 PM IST       DEV       tps     rkB/s     wkB/s     dkB/s   areq-sz    aqu-sz     await     %util
03:55:27 PM IST   nvme0n1      0.00      0.00      0.00      0.00      0.00      0.00      0.00      0.00
03:55:27 PM IST       sda      0.00      0.00      0.00      0.00      0.00      0.00      0.00      0.00

03:55:27 PM IST       DEV       tps     rkB/s     wkB/s     dkB/s   areq-sz    aqu-sz     await     %util
03:55:28 PM IST   nvme0n1      0.00      0.00      0.00      0.00      0.00      0.00      0.00      0.00
03:55:28 PM IST       sda      0.00      0.00      0.00      0.00      0.00      0.00      0.00      0.00

03:55:28 PM IST       DEV       tps     rkB/s     wkB/s     dkB/s   areq-sz    aqu-sz     await     %util
03:55:29 PM IST   nvme0n1      0.00      0.00      0.00      0.00      0.00      0.00      0.00      0.00
03:55:29 PM IST       sda     37.00      0.00    432.00      0.00     11.68      0.01      0.32      0.40

03:55:29 PM IST       DEV       tps     rkB/s     wkB/s     dkB/s   areq-sz    aqu-sz     await     %util
03:55:30 PM IST   nvme0n1      0.00      0.00      0.00      0.00      0.00      0.00      0.00      0.00
03:55:30 PM IST       sda      5.00      0.00     36.00      0.00      7.20      0.00      0.40      0.40

03:55:30 PM IST       DEV       tps     rkB/s     wkB/s     dkB/s   areq-sz    aqu-sz     await     %util
03:55:31 PM IST   nvme0n1      0.00      0.00      0.00      0.00      0.00      0.00      0.00      0.00
03:55:31 PM IST       sda     22.00      0.00    632.00      0.00     28.73      0.02      0.82      0.00

03:55:31 PM IST       DEV       tps     rkB/s     wkB/s     dkB/s   areq-sz    aqu-sz     await     %util
03:55:32 PM IST   nvme0n1      0.00      0.00      0.00      0.00      0.00      0.00      0.00      0.00
03:55:32 PM IST       sda      0.00      0.00      0.00      0.00      0.00      0.00      0.00      0.00

03:55:32 PM IST       DEV       tps     rkB/s     wkB/s     dkB/s   areq-sz    aqu-sz     await     %util
03:55:33 PM IST   nvme0n1      0.00      0.00      0.00      0.00      0.00      0.00      0.00      0.00
03:55:33 PM IST       sda     27.00      0.00    112.00      0.00      4.15      0.01      0.33      0.00

03:55:33 PM IST       DEV       tps     rkB/s     wkB/s     dkB/s   areq-sz    aqu-sz     await     %util
03:55:34 PM IST   nvme0n1      0.00      0.00      0.00      0.00      0.00      0.00      0.00      0.00
03:55:34 PM IST       sda     27.00      0.00    340.00      0.00     12.59      0.01      0.26      0.00

03:55:34 PM IST       DEV       tps     rkB/s     wkB/s     dkB/s   areq-sz    aqu-sz     await     %util
03:55:35 PM IST   nvme0n1      0.00      0.00      0.00      0.00      0.00      0.00      0.00      0.00
03:55:35 PM IST       sda     22.00      0.00    176.00      0.00      8.00      0.01      0.32      0.40

03:55:35 PM IST       DEV       tps     rkB/s     wkB/s     dkB/s   areq-sz    aqu-sz     await     %util
03:55:36 PM IST   nvme0n1      0.00      0.00      0.00      0.00      0.00      0.00      0.00      0.00
03:55:36 PM IST       sda     30.00      0.00    364.00      0.00     12.13      0.02      0.57      0.00

03:55:36 PM IST       DEV       tps     rkB/s     wkB/s     dkB/s   areq-sz    aqu-sz     await     %util
03:55:37 PM IST   nvme0n1      0.00      0.00      0.00      0.00      0.00      0.00      0.00      0.00
03:55:37 PM IST       sda     15.00      0.00    228.00      0.00     15.20      0.01      0.27      0.40

03:55:37 PM IST       DEV       tps     rkB/s     wkB/s     dkB/s   areq-sz    aqu-sz     await     %util
03:55:38 PM IST   nvme0n1      0.00      0.00      0.00      0.00      0.00      0.00      0.00      0.00
03:55:38 PM IST       sda      0.00      0.00      0.00      0.00      0.00      0.00      0.00      0.00

03:55:38 PM IST       DEV       tps     rkB/s     wkB/s     dkB/s   areq-sz    aqu-sz     await     %util
03:55:39 PM IST   nvme0n1      0.00      0.00      0.00      0.00      0.00      0.00      0.00      0.00
03:55:39 PM IST       sda     24.00      0.00    176.00      0.00      7.33      0.01      0.38      0.00

03:55:39 PM IST       DEV       tps     rkB/s     wkB/s     dkB/s   areq-sz    aqu-sz     await     %util
03:55:40 PM IST   nvme0n1      0.00      0.00      0.00      0.00      0.00      0.00      0.00      0.00
03:55:40 PM IST       sda      0.00      0.00      0.00      0.00      0.00      0.00      0.00      0.00

03:55:40 PM IST       DEV       tps     rkB/s     wkB/s     dkB/s   areq-sz    aqu-sz     await     %util
03:55:41 PM IST   nvme0n1      0.00      0.00      0.00      0.00      0.00      0.00      0.00      0.00
03:55:41 PM IST       sda      2.00      0.00     24.00      0.00     12.00      0.00      0.50      0.00

03:55:41 PM IST       DEV       tps     rkB/s     wkB/s     dkB/s   areq-sz    aqu-sz     await     %util
03:55:42 PM IST   nvme0n1      0.00      0.00      0.00      0.00      0.00      0.00      0.00      0.00
03:55:42 PM IST       sda     28.00      0.00    168.00      0.00      6.00      0.01      0.18      0.00

03:55:42 PM IST       DEV       tps     rkB/s     wkB/s     dkB/s   areq-sz    aqu-sz     await     %util
03:55:43 PM IST   nvme0n1      0.00      0.00      0.00      0.00      0.00      0.00      0.00      0.00
03:55:43 PM IST       sda     79.00      0.00    328.00      0.00      4.15      0.01      0.18      0.00

03:55:43 PM IST       DEV       tps     rkB/s     wkB/s     dkB/s   areq-sz    aqu-sz     await     %util
03:55:44 PM IST   nvme0n1      0.00      0.00      0.00      0.00      0.00      0.00      0.00      0.00
03:55:44 PM IST       sda     30.00      0.00    220.00      0.00      7.33      0.00      0.13      0.00

03:55:44 PM IST       DEV       tps     rkB/s     wkB/s     dkB/s   areq-sz    aqu-sz     await     %util
03:55:45 PM IST   nvme0n1      0.00      0.00      0.00      0.00      0.00      0.00      0.00      0.00
03:55:45 PM IST       sda     19.00      0.00     84.00      0.00      4.42      0.00      0.16      0.00

03:55:45 PM IST       DEV       tps     rkB/s     wkB/s     dkB/s   areq-sz    aqu-sz     await     %util
03:55:46 PM IST   nvme0n1      0.00      0.00      0.00      0.00      0.00      0.00      0.00      0.00
03:55:46 PM IST       sda      2.00      0.00     20.00      0.00     10.00      0.00      0.50      0.00

03:55:46 PM IST       DEV       tps     rkB/s     wkB/s     dkB/s   areq-sz    aqu-sz     await     %util
03:55:47 PM IST   nvme0n1      0.00      0.00      0.00      0.00      0.00      0.00      0.00      0.00
03:55:47 PM IST       sda      2.00      0.00    104.00      0.00     52.00      0.00      0.50      0.40

03:55:47 PM IST       DEV       tps     rkB/s     wkB/s     dkB/s   areq-sz    aqu-sz     await     %util
03:55:48 PM IST   nvme0n1      0.00      0.00      0.00      0.00      0.00      0.00      0.00      0.00
03:55:48 PM IST       sda     23.00      0.00    288.00      0.00     12.52      0.01      0.35      0.00

03:55:48 PM IST       DEV       tps     rkB/s     wkB/s     dkB/s   areq-sz    aqu-sz     await     %util
03:55:49 PM IST   nvme0n1      0.00      0.00      0.00      0.00      0.00      0.00      0.00      0.00
03:55:49 PM IST       sda     48.00      0.00    492.00      0.00     10.25      0.02      0.29      0.80

03:55:49 PM IST       DEV       tps     rkB/s     wkB/s     dkB/s   areq-sz    aqu-sz     await     %util
03:55:50 PM IST   nvme0n1      0.00      0.00      0.00      0.00      0.00      0.00      0.00      0.00
03:55:50 PM IST       sda      0.00      0.00      0.00      0.00      0.00      0.00      0.00      0.00

03:55:50 PM IST       DEV       tps     rkB/s     wkB/s     dkB/s   areq-sz    aqu-sz     await     %util
03:55:51 PM IST   nvme0n1      0.00      0.00      0.00      0.00      0.00      0.00      0.00      0.00
03:55:51 PM IST       sda      0.00      0.00      0.00      0.00      0.00      0.00      0.00      0.00

03:55:51 PM IST       DEV       tps     rkB/s     wkB/s     dkB/s   areq-sz    aqu-sz     await     %util
03:55:52 PM IST   nvme0n1      0.00      0.00      0.00      0.00      0.00      0.00      0.00      0.00
03:55:52 PM IST       sda     36.00     44.00    556.00      0.00     16.67      0.01      0.22      0.40

03:55:52 PM IST       DEV       tps     rkB/s     wkB/s     dkB/s   areq-sz    aqu-sz     await     %util
03:55:53 PM IST   nvme0n1      0.00      0.00      0.00      0.00      0.00      0.00      0.00      0.00
03:55:53 PM IST       sda      0.00      0.00      0.00      0.00      0.00      0.00      0.00      0.00

03:55:53 PM IST       DEV       tps     rkB/s     wkB/s     dkB/s   areq-sz    aqu-sz     await     %util
03:55:54 PM IST   nvme0n1      0.00      0.00      0.00      0.00      0.00      0.00      0.00      0.00
03:55:54 PM IST       sda    100.00      0.00   1380.00      0.00     13.80      0.04      0.42      0.00

03:55:54 PM IST       DEV       tps     rkB/s     wkB/s     dkB/s   areq-sz    aqu-sz     await     %util
03:55:55 PM IST   nvme0n1      0.00      0.00      0.00      0.00      0.00      0.00      0.00      0.00
03:55:55 PM IST       sda      4.00      0.00    464.00      0.00    116.00      0.00      0.50      0.00

03:55:55 PM IST       DEV       tps     rkB/s     wkB/s     dkB/s   areq-sz    aqu-sz     await     %util
03:55:56 PM IST   nvme0n1      0.00      0.00      0.00      0.00      0.00      0.00      0.00      0.00
03:55:56 PM IST       sda     18.00      8.00    200.00      0.00     11.56      0.01      0.28      0.40

03:55:56 PM IST       DEV       tps     rkB/s     wkB/s     dkB/s   areq-sz    aqu-sz     await     %util
03:55:57 PM IST   nvme0n1      0.00      0.00      0.00      0.00      0.00      0.00      0.00      0.00
03:55:57 PM IST       sda      0.00      0.00      0.00      0.00      0.00      0.00      0.00      0.00

03:55:57 PM IST       DEV       tps     rkB/s     wkB/s     dkB/s   areq-sz    aqu-sz     await     %util
03:55:58 PM IST   nvme0n1      0.00      0.00      0.00      0.00      0.00      0.00      0.00      0.00
03:55:58 PM IST       sda     10.00      0.00     84.00      0.00      8.40      0.01      0.40      0.40

03:55:58 PM IST       DEV       tps     rkB/s     wkB/s     dkB/s   areq-sz    aqu-sz     await     %util
03:55:59 PM IST   nvme0n1      0.00      0.00      0.00      0.00      0.00      0.00      0.00      0.00
03:55:59 PM IST       sda      5.00      0.00    280.00      0.00     56.00      0.00      0.40      0.40

03:55:59 PM IST       DEV       tps     rkB/s     wkB/s     dkB/s   areq-sz    aqu-sz     await     %util
03:56:00 PM IST   nvme0n1      0.00      0.00      0.00      0.00      0.00      0.00      0.00      0.00
03:56:00 PM IST       sda     76.00      0.00    484.00      0.00      6.37      0.01      0.14      0.00

03:56:00 PM IST       DEV       tps     rkB/s     wkB/s     dkB/s   areq-sz    aqu-sz     await     %util
03:56:01 PM IST   nvme0n1      0.00      0.00      0.00      0.00      0.00      0.00      0.00      0.00
03:56:01 PM IST       sda      0.00      0.00      0.00      0.00      0.00      0.00      0.00      0.00

03:56:01 PM IST       DEV       tps     rkB/s     wkB/s     dkB/s   areq-sz    aqu-sz     await     %util
03:56:02 PM IST   nvme0n1      0.00      0.00      0.00      0.00      0.00      0.00      0.00      0.00
03:56:02 PM IST       sda     24.00      0.00    600.00      0.00     25.00      0.01      0.38      0.40

03:56:02 PM IST       DEV       tps     rkB/s     wkB/s     dkB/s   areq-sz    aqu-sz     await     %util
03:56:03 PM IST   nvme0n1      0.00      0.00      0.00      0.00      0.00      0.00      0.00      0.00
03:56:03 PM IST       sda      0.00      0.00      0.00      0.00      0.00      0.00      0.00      0.00

03:56:03 PM IST       DEV       tps     rkB/s     wkB/s     dkB/s   areq-sz    aqu-sz     await     %util
03:56:04 PM IST   nvme0n1      0.00      0.00      0.00      0.00      0.00      0.00      0.00      0.00
03:56:04 PM IST       sda      2.00      0.00     24.00      0.00     12.00      0.00      1.00      0.40

03:56:04 PM IST       DEV       tps     rkB/s     wkB/s     dkB/s   areq-sz    aqu-sz     await     %util
03:56:05 PM IST   nvme0n1      0.00      0.00      0.00      0.00      0.00      0.00      0.00      0.00
03:56:05 PM IST       sda     66.00      0.00    612.00      0.00      9.27      0.01      0.18      0.40

03:56:05 PM IST       DEV       tps     rkB/s     wkB/s     dkB/s   areq-sz    aqu-sz     await     %util
03:56:06 PM IST   nvme0n1      0.00      0.00      0.00      0.00      0.00      0.00      0.00      0.00
03:56:06 PM IST       sda     11.00      0.00    100.00      0.00      9.09      0.01      0.36      0.40

03:56:06 PM IST       DEV       tps     rkB/s     wkB/s     dkB/s   areq-sz    aqu-sz     await     %util
03:56:07 PM IST   nvme0n1      0.00      0.00      0.00      0.00      0.00      0.00      0.00      0.00
03:56:07 PM IST       sda     37.00      0.00    172.00      0.00      4.65      0.01      0.22      0.00

03:56:07 PM IST       DEV       tps     rkB/s     wkB/s     dkB/s   areq-sz    aqu-sz     await     %util
03:56:08 PM IST   nvme0n1      0.00      0.00      0.00      0.00      0.00      0.00      0.00      0.00
03:56:08 PM IST       sda     28.00      0.00    256.00      0.00      9.14      0.01      0.29      0.00

03:56:08 PM IST       DEV       tps     rkB/s     wkB/s     dkB/s   areq-sz    aqu-sz     await     %util
03:56:09 PM IST   nvme0n1      0.00      0.00      0.00      0.00      0.00      0.00      0.00      0.00
03:56:09 PM IST       sda     20.00      0.00    336.00      0.00     16.80      0.18      5.60      5.60

03:56:09 PM IST       DEV       tps     rkB/s     wkB/s     dkB/s   areq-sz    aqu-sz     await     %util
03:56:10 PM IST   nvme0n1      0.00      0.00      0.00      0.00      0.00      0.00      0.00      0.00
03:56:10 PM IST       sda     51.00      0.00    704.00      0.00     13.80      0.01      0.27      0.00

03:56:10 PM IST       DEV       tps     rkB/s     wkB/s     dkB/s   areq-sz    aqu-sz     await     %util
03:56:11 PM IST   nvme0n1      0.00      0.00      0.00      0.00      0.00      0.00      0.00      0.00
03:56:11 PM IST       sda      0.00      0.00      0.00      0.00      0.00      0.00      0.00      0.00

03:56:11 PM IST       DEV       tps     rkB/s     wkB/s     dkB/s   areq-sz    aqu-sz     await     %util
03:56:12 PM IST   nvme0n1      0.00      0.00      0.00      0.00      0.00      0.00      0.00      0.00
03:56:12 PM IST       sda     23.00     12.00    256.00      0.00     11.65      0.01      0.30      0.00

03:56:12 PM IST       DEV       tps     rkB/s     wkB/s     dkB/s   areq-sz    aqu-sz     await     %util
03:56:13 PM IST   nvme0n1      0.00      0.00      0.00      0.00      0.00      0.00      0.00      0.00
03:56:13 PM IST       sda      6.00      0.00    264.00      0.00     44.00      0.01      0.83      0.40

03:56:13 PM IST       DEV       tps     rkB/s     wkB/s     dkB/s   areq-sz    aqu-sz     await     %util
03:56:14 PM IST   nvme0n1      0.00      0.00      0.00      0.00      0.00      0.00      0.00      0.00
03:56:14 PM IST       sda    140.00      0.00    824.00      0.00      5.89      0.03      0.21      0.00

03:56:14 PM IST       DEV       tps     rkB/s     wkB/s     dkB/s   areq-sz    aqu-sz     await     %util
03:56:15 PM IST   nvme0n1      0.00      0.00      0.00      0.00      0.00      0.00      0.00      0.00
03:56:15 PM IST       sda    116.00      0.00   1744.00      0.00     15.03      0.03      0.26      1.20

03:56:15 PM IST       DEV       tps     rkB/s     wkB/s     dkB/s   areq-sz    aqu-sz     await     %util
03:56:16 PM IST   nvme0n1      0.00      0.00      0.00      0.00      0.00      0.00      0.00      0.00
03:56:16 PM IST       sda      5.00      0.00    124.00      0.00     24.80      0.00      0.60      0.00

03:56:16 PM IST       DEV       tps     rkB/s     wkB/s     dkB/s   areq-sz    aqu-sz     await     %util
03:56:17 PM IST   nvme0n1      0.00      0.00      0.00      0.00      0.00      0.00      0.00      0.00
03:56:17 PM IST       sda      0.00      0.00      0.00      0.00      0.00      0.00      0.00      0.00

03:56:17 PM IST       DEV       tps     rkB/s     wkB/s     dkB/s   areq-sz    aqu-sz     await     %util
03:56:18 PM IST   nvme0n1      0.00      0.00      0.00      0.00      0.00      0.00      0.00      0.00
03:56:18 PM IST       sda     45.00      0.00    456.00      0.00     10.13      0.01      0.20      0.40

03:56:18 PM IST       DEV       tps     rkB/s     wkB/s     dkB/s   areq-sz    aqu-sz     await     %util
03:56:19 PM IST   nvme0n1      0.00      0.00      0.00      0.00      0.00      0.00      0.00      0.00
03:56:19 PM IST       sda     54.00      0.00    336.00      0.00      6.22      0.02      0.24      0.40

03:56:19 PM IST       DEV       tps     rkB/s     wkB/s     dkB/s   areq-sz    aqu-sz     await     %util
03:56:20 PM IST   nvme0n1      0.00      0.00      0.00      0.00      0.00      0.00      0.00      0.00
03:56:20 PM IST       sda     14.00      0.00     64.00      0.00      4.57      0.01      0.50      0.00

03:56:20 PM IST       DEV       tps     rkB/s     wkB/s     dkB/s   areq-sz    aqu-sz     await     %util
03:56:21 PM IST   nvme0n1      0.00      0.00      0.00      0.00      0.00      0.00      0.00      0.00
03:56:21 PM IST       sda      0.00      0.00      0.00      0.00      0.00      0.00      0.00      0.00

03:56:21 PM IST       DEV       tps     rkB/s     wkB/s     dkB/s   areq-sz    aqu-sz     await     %util
03:56:22 PM IST   nvme0n1      0.00      0.00      0.00      0.00      0.00      0.00      0.00      0.00
03:56:22 PM IST       sda      0.00      0.00      0.00      0.00      0.00      0.00      0.00      0.00

03:56:22 PM IST       DEV       tps     rkB/s     wkB/s     dkB/s   areq-sz    aqu-sz     await     %util
03:56:23 PM IST   nvme0n1      0.00      0.00      0.00      0.00      0.00      0.00      0.00      0.00
03:56:23 PM IST       sda     10.00      0.00    156.00      0.00     15.60      0.01      0.50      0.00

03:56:23 PM IST       DEV       tps     rkB/s     wkB/s     dkB/s   areq-sz    aqu-sz     await     %util
03:56:24 PM IST   nvme0n1      0.00      0.00      0.00      0.00      0.00      0.00      0.00      0.00
03:56:24 PM IST       sda      5.00      0.00    128.00      0.00     25.60      0.00      0.40      0.00

03:56:24 PM IST       DEV       tps     rkB/s     wkB/s     dkB/s   areq-sz    aqu-sz     await     %util
03:56:25 PM IST   nvme0n1      0.00      0.00      0.00      0.00      0.00      0.00      0.00      0.00
03:56:25 PM IST       sda     79.00      0.00    648.00      0.00      8.20      0.02      0.27      0.40

03:56:25 PM IST       DEV       tps     rkB/s     wkB/s     dkB/s   areq-sz    aqu-sz     await     %util
03:56:26 PM IST   nvme0n1      0.00      0.00      0.00      0.00      0.00      0.00      0.00      0.00
03:56:26 PM IST       sda      3.00      0.00     12.00      0.00      4.00      0.00      0.00      0.00

03:56:26 PM IST       DEV       tps     rkB/s     wkB/s     dkB/s   areq-sz    aqu-sz     await     %util
03:56:27 PM IST   nvme0n1      0.00      0.00      0.00      0.00      0.00      0.00      0.00      0.00
03:56:27 PM IST       sda      8.00      0.00     32.00      0.00      4.00      0.01      0.75      0.00

03:56:27 PM IST       DEV       tps     rkB/s     wkB/s     dkB/s   areq-sz    aqu-sz     await     %util
03:56:28 PM IST   nvme0n1      0.00      0.00      0.00      0.00      0.00      0.00      0.00      0.00
03:56:28 PM IST       sda     25.00     52.00    416.00      0.00     18.72      0.01      0.28      0.80

03:56:28 PM IST       DEV       tps     rkB/s     wkB/s     dkB/s   areq-sz    aqu-sz     await     %util
03:56:29 PM IST   nvme0n1      0.00      0.00      0.00      0.00      0.00      0.00      0.00      0.00
03:56:29 PM IST       sda     10.00      0.00    352.00      0.00     35.20      0.01      0.50      0.40

03:56:29 PM IST       DEV       tps     rkB/s     wkB/s     dkB/s   areq-sz    aqu-sz     await     %util
03:56:30 PM IST   nvme0n1      0.00      0.00      0.00      0.00      0.00      0.00      0.00      0.00
03:56:30 PM IST       sda     63.00      0.00   2248.00      0.00     35.68      0.02      0.29      0.40

03:56:30 PM IST       DEV       tps     rkB/s     wkB/s     dkB/s   areq-sz    aqu-sz     await     %util
03:56:31 PM IST   nvme0n1      0.00      0.00      0.00      0.00      0.00      0.00      0.00      0.00
03:56:31 PM IST       sda      1.00      0.00     12.00      0.00     12.00      0.00      0.00      0.00

03:56:31 PM IST       DEV       tps     rkB/s     wkB/s     dkB/s   areq-sz    aqu-sz     await     %util
03:56:32 PM IST   nvme0n1      0.00      0.00      0.00      0.00      0.00      0.00      0.00      0.00
03:56:32 PM IST       sda     67.00      0.00    872.00      0.00     13.01      0.02      0.25      0.00

03:56:32 PM IST       DEV       tps     rkB/s     wkB/s     dkB/s   areq-sz    aqu-sz     await     %util
03:56:33 PM IST   nvme0n1      0.00      0.00      0.00      0.00      0.00      0.00      0.00      0.00
03:56:33 PM IST       sda      0.00      0.00      0.00      0.00      0.00      0.00      0.00      0.00

03:56:33 PM IST       DEV       tps     rkB/s     wkB/s     dkB/s   areq-sz    aqu-sz     await     %util
03:56:34 PM IST   nvme0n1      0.00      0.00      0.00      0.00      0.00      0.00      0.00      0.00
03:56:34 PM IST       sda      3.00      0.00    160.00      0.00     53.33      0.00      1.00      0.00

03:56:34 PM IST       DEV       tps     rkB/s     wkB/s     dkB/s   areq-sz    aqu-sz     await     %util
03:56:35 PM IST   nvme0n1      0.00      0.00      0.00      0.00      0.00      0.00      0.00      0.00
03:56:35 PM IST       sda      2.00      0.00     20.00      0.00     10.00      0.00      0.50      0.00

03:56:35 PM IST       DEV       tps     rkB/s     wkB/s     dkB/s   areq-sz    aqu-sz     await     %util
03:56:36 PM IST   nvme0n1      0.00      0.00      0.00      0.00      0.00      0.00      0.00      0.00
03:56:36 PM IST       sda     12.00      0.00    132.00      0.00     11.00      0.01      0.25      0.40

03:56:36 PM IST       DEV       tps     rkB/s     wkB/s     dkB/s   areq-sz    aqu-sz     await     %util
03:56:37 PM IST   nvme0n1      0.00      0.00      0.00      0.00      0.00      0.00      0.00      0.00
03:56:37 PM IST       sda     26.00      0.00    280.00      0.00     10.77      0.01      0.27      0.40

03:56:37 PM IST       DEV       tps     rkB/s     wkB/s     dkB/s   areq-sz    aqu-sz     await     %util
03:56:38 PM IST   nvme0n1      0.00      0.00      0.00      0.00      0.00      0.00      0.00      0.00
03:56:38 PM IST       sda      8.00      0.00     96.00      0.00     12.00      0.00      0.38      0.00

03:56:38 PM IST       DEV       tps     rkB/s     wkB/s     dkB/s   areq-sz    aqu-sz     await     %util
03:56:39 PM IST   nvme0n1      0.00      0.00      0.00      0.00      0.00      0.00      0.00      0.00
03:56:39 PM IST       sda     22.00      0.00    268.00      0.00     12.18      0.01      0.36      0.80

03:56:39 PM IST       DEV       tps     rkB/s     wkB/s     dkB/s   areq-sz    aqu-sz     await     %util
03:56:40 PM IST   nvme0n1      0.00      0.00      0.00      0.00      0.00      0.00      0.00      0.00
03:56:40 PM IST       sda      2.00      0.00     16.00      0.00      8.00      0.00      1.00      0.40

03:56:40 PM IST       DEV       tps     rkB/s     wkB/s     dkB/s   areq-sz    aqu-sz     await     %util
03:56:41 PM IST   nvme0n1      0.00      0.00      0.00      0.00      0.00      0.00      0.00      0.00
03:56:41 PM IST       sda     46.00     20.00    340.00      0.00      7.83      0.01      0.17      0.40

03:56:41 PM IST       DEV       tps     rkB/s     wkB/s     dkB/s   areq-sz    aqu-sz     await     %util
03:56:42 PM IST   nvme0n1      0.00      0.00      0.00      0.00      0.00      0.00      0.00      0.00
03:56:42 PM IST       sda      5.00      0.00    136.00      0.00     27.20      0.01      0.60      0.00

03:56:42 PM IST       DEV       tps     rkB/s     wkB/s     dkB/s   areq-sz    aqu-sz     await     %util
03:56:43 PM IST   nvme0n1      0.00      0.00      0.00      0.00      0.00      0.00      0.00      0.00
03:56:43 PM IST       sda     63.00      0.00    432.00      0.00      6.86      0.01      0.22      0.00

03:56:43 PM IST       DEV       tps     rkB/s     wkB/s     dkB/s   areq-sz    aqu-sz     await     %util
03:56:44 PM IST   nvme0n1      0.00      0.00      0.00      0.00      0.00      0.00      0.00      0.00
03:56:44 PM IST       sda      0.00      0.00      0.00      0.00      0.00      0.00      0.00      0.00

03:56:44 PM IST       DEV       tps     rkB/s     wkB/s     dkB/s   areq-sz    aqu-sz     await     %util
03:56:45 PM IST   nvme0n1      0.00      0.00      0.00      0.00      0.00      0.00      0.00      0.00
03:56:45 PM IST       sda    116.00      0.00    656.00      0.00      5.66      0.02      0.17      0.80

03:56:45 PM IST       DEV       tps     rkB/s     wkB/s     dkB/s   areq-sz    aqu-sz     await     %util
03:56:46 PM IST   nvme0n1      0.00      0.00      0.00      0.00      0.00      0.00      0.00      0.00
03:56:46 PM IST       sda     86.00      0.00   1200.00      0.00     13.95      0.02      0.20      0.00

03:56:46 PM IST       DEV       tps     rkB/s     wkB/s     dkB/s   areq-sz    aqu-sz     await     %util
03:56:47 PM IST   nvme0n1      0.00      0.00      0.00      0.00      0.00      0.00      0.00      0.00
03:56:47 PM IST       sda      0.00      0.00      0.00      0.00      0.00      0.00      0.00      0.00

03:56:47 PM IST       DEV       tps     rkB/s     wkB/s     dkB/s   areq-sz    aqu-sz     await     %util
03:56:48 PM IST   nvme0n1      0.00      0.00      0.00      0.00      0.00      0.00      0.00      0.00
03:56:48 PM IST       sda      4.00      0.00    284.00      0.00     71.00      0.00      0.50      0.00

03:56:48 PM IST       DEV       tps     rkB/s     wkB/s     dkB/s   areq-sz    aqu-sz     await     %util
03:56:49 PM IST   nvme0n1      0.00      0.00      0.00      0.00      0.00      0.00      0.00      0.00
03:56:49 PM IST       sda     54.00      0.00    632.00      0.00     11.70      0.01      0.20      0.00

03:56:49 PM IST       DEV       tps     rkB/s     wkB/s     dkB/s   areq-sz    aqu-sz     await     %util
03:56:50 PM IST   nvme0n1      0.00      0.00      0.00      0.00      0.00      0.00      0.00      0.00
03:56:50 PM IST       sda      0.00      0.00      0.00      0.00      0.00      0.00      0.00      0.00

03:56:50 PM IST       DEV       tps     rkB/s     wkB/s     dkB/s   areq-sz    aqu-sz     await     %util
03:56:51 PM IST   nvme0n1      0.00      0.00      0.00      0.00      0.00      0.00      0.00      0.00
03:56:51 PM IST       sda     42.00      0.00    296.00      0.00      7.05      0.01      0.26      0.00

03:56:51 PM IST       DEV       tps     rkB/s     wkB/s     dkB/s   areq-sz    aqu-sz     await     %util
03:56:52 PM IST   nvme0n1      0.00      0.00      0.00      0.00      0.00      0.00      0.00      0.00
03:56:52 PM IST       sda      2.00      0.00     20.00      0.00     10.00      0.00      0.50      0.00

03:56:52 PM IST       DEV       tps     rkB/s     wkB/s     dkB/s   areq-sz    aqu-sz     await     %util
03:56:53 PM IST   nvme0n1      0.00      0.00      0.00      0.00      0.00      0.00      0.00      0.00
03:56:53 PM IST       sda      2.00      0.00    188.00      0.00     94.00      0.00      1.00      0.40

03:56:53 PM IST       DEV       tps     rkB/s     wkB/s     dkB/s   areq-sz    aqu-sz     await     %util
03:56:54 PM IST   nvme0n1      0.00      0.00      0.00      0.00      0.00      0.00      0.00      0.00
03:56:54 PM IST       sda     14.00      0.00    264.00      0.00     18.86      0.01      0.29      0.40

03:56:54 PM IST       DEV       tps     rkB/s     wkB/s     dkB/s   areq-sz    aqu-sz     await     %util
03:56:55 PM IST   nvme0n1      0.00      0.00      0.00      0.00      0.00      0.00      0.00      0.00
03:56:55 PM IST       sda     16.00     12.00    136.00      0.00      9.25      0.01      0.31      0.80

03:56:55 PM IST       DEV       tps     rkB/s     wkB/s     dkB/s   areq-sz    aqu-sz     await     %util
03:56:56 PM IST   nvme0n1      0.00      0.00      0.00      0.00      0.00      0.00      0.00      0.00
03:56:56 PM IST       sda     86.00      0.00   1384.00      0.00     16.09      0.04      0.42      0.00

03:56:56 PM IST       DEV       tps     rkB/s     wkB/s     dkB/s   areq-sz    aqu-sz     await     %util
03:56:57 PM IST   nvme0n1      0.00      0.00      0.00      0.00      0.00      0.00      0.00      0.00
03:56:57 PM IST       sda     13.00      8.00    160.00      0.00     12.92      0.01      0.23      0.40

03:56:57 PM IST       DEV       tps     rkB/s     wkB/s     dkB/s   areq-sz    aqu-sz     await     %util
03:56:58 PM IST   nvme0n1      0.00      0.00      0.00      0.00      0.00      0.00      0.00      0.00
03:56:58 PM IST       sda     19.00      0.00    164.00      0.00      8.63      0.01      0.26      0.40

03:56:58 PM IST       DEV       tps     rkB/s     wkB/s     dkB/s   areq-sz    aqu-sz     await     %util
03:56:59 PM IST   nvme0n1      0.00      0.00      0.00      0.00      0.00      0.00      0.00      0.00
03:56:59 PM IST       sda      5.00      0.00     20.00      0.00      4.00      0.00      0.20      0.00

03:56:59 PM IST       DEV       tps     rkB/s     wkB/s     dkB/s   areq-sz    aqu-sz     await     %util
03:57:00 PM IST   nvme0n1      0.00      0.00      0.00      0.00      0.00      0.00      0.00      0.00
03:57:00 PM IST       sda      0.00      0.00      0.00      0.00      0.00      0.00      0.00      0.00

03:57:00 PM IST       DEV       tps     rkB/s     wkB/s     dkB/s   areq-sz    aqu-sz     await     %util
03:57:01 PM IST   nvme0n1      0.00      0.00      0.00      0.00      0.00      0.00      0.00      0.00
03:57:01 PM IST       sda     48.00      0.00    572.00      0.00     11.92      0.01      0.25      0.00

03:57:01 PM IST       DEV       tps     rkB/s     wkB/s     dkB/s   areq-sz    aqu-sz     await     %util
03:57:02 PM IST   nvme0n1      0.00      0.00      0.00      0.00      0.00      0.00      0.00      0.00
03:57:02 PM IST       sda      5.00      0.00    164.00      0.00     32.80      0.00      0.40      0.40

03:57:02 PM IST       DEV       tps     rkB/s     wkB/s     dkB/s   areq-sz    aqu-sz     await     %util
03:57:03 PM IST   nvme0n1      0.00      0.00      0.00      0.00      0.00      0.00      0.00      0.00
03:57:03 PM IST       sda      2.00      0.00     20.00      0.00     10.00      0.00      1.00      0.40

03:57:03 PM IST       DEV       tps     rkB/s     wkB/s     dkB/s   areq-sz    aqu-sz     await     %util
03:57:04 PM IST   nvme0n1      0.00      0.00      0.00      0.00      0.00      0.00      0.00      0.00
03:57:04 PM IST       sda      0.00      0.00      0.00      0.00      0.00      0.00      0.00      0.00
