Linux 6.12.33+kali-amd64 (two94) 	23/11/25 	_x86_64_	(12 CPU)

04:02:25 PM IST     CPU     %user     %nice   %system   %iowait    %steal     %idle
04:02:26 PM IST     all     14.52      0.00      7.77      0.34      0.00     77.37
04:02:27 PM IST     all     20.07      0.09      6.75      0.51      0.00     72.59
04:02:28 PM IST     all     14.61      0.08      7.22      0.00      0.00     78.08
04:02:29 PM IST     all     15.15      0.00      6.98      0.09      0.00     77.79
04:02:30 PM IST     all     15.57      0.00      6.76      0.34      0.00     77.33
04:02:31 PM IST     all     14.03      0.00      7.65      0.00      0.00     78.32
04:02:32 PM IST     all     14.97      0.00      7.48      0.09      0.00     77.47
04:02:33 PM IST     all     16.05      0.00      6.52      0.26      0.00     77.17
04:02:34 PM IST     all     17.04      0.00      7.45      0.60      0.00     74.91
04:02:35 PM IST     all     18.24      0.00      7.55      0.42      0.00     73.79
04:02:36 PM IST     all     16.61      0.00      7.53      0.60      0.00     75.26
04:02:37 PM IST     all     17.90      0.00      6.99      0.26      0.00     74.85
04:02:38 PM IST     all     15.19      0.00      7.85      0.34      0.00     76.62
04:02:39 PM IST     all     17.72      0.00      7.41      0.77      0.00     74.11
04:02:40 PM IST     all     16.62      0.00      7.46      0.34      0.00     75.58
04:02:41 PM IST     all     21.68      0.00      7.82      0.43      0.00     70.07
04:02:42 PM IST     all     15.55      0.00      7.99      0.42      0.00     76.04
04:02:43 PM IST     all     15.78      0.00      7.72      0.34      0.00     76.17
04:02:44 PM IST     all     19.40      0.00      7.86      0.17      0.00     72.56
04:02:45 PM IST     all     22.64      0.00      7.49      0.60      0.00     69.28
04:02:46 PM IST     all     17.05      0.00      6.43      0.34      0.00     76.18
04:02:47 PM IST     all     14.18      0.00      7.30      0.09      0.00     78.44
04:02:48 PM IST     all     17.80      0.00      7.72      0.25      0.00     74.22
04:02:49 PM IST     all     17.29      0.00      6.98      0.51      0.00     75.21
04:02:50 PM IST     all     18.94      0.00      7.46      0.34      0.00     73.26
04:02:51 PM IST     all     16.71      0.00      6.94      0.34      0.00     76.01
04:02:52 PM IST     all     18.15      0.00      7.55      0.59      0.00     73.71
04:02:53 PM IST     all     16.11      0.00      7.16      0.17      0.00     76.56
04:02:54 PM IST     all     14.57      0.00      6.81      0.00      0.00     78.62
04:02:55 PM IST     all     14.21      0.00      7.78      0.08      0.00     77.92
04:02:56 PM IST     all     15.91      0.00      7.06      0.00      0.00     77.02
04:02:57 PM IST     all     15.19      0.00      7.85      0.00      0.00     76.96
04:02:58 PM IST     all     14.31      0.00      7.41      0.00      0.00     78.28
04:02:59 PM IST     all     15.01      0.00      7.55      0.00      0.00     77.44
04:03:00 PM IST     all     16.94      0.00      7.87      0.17      0.00     75.02
04:03:01 PM IST     all     22.70      0.00      6.72      0.26      0.00     70.32
04:03:02 PM IST     all     18.34      0.00      6.86      0.17      0.00     74.64
04:03:03 PM IST     all     16.31      0.00      6.35      0.43      0.00     76.91
04:03:04 PM IST     all     16.45      0.00      7.63      0.43      0.00     75.49
04:03:05 PM IST     all     16.26      0.00      7.62      0.08      0.00     76.04
04:03:06 PM IST     all     20.56      0.00      7.56      0.51      0.00     71.37
04:03:07 PM IST     all     16.10      0.00      8.09      0.17      0.00     75.63
04:03:08 PM IST     all     15.21      0.00      6.67      0.09      0.00     78.03
04:03:09 PM IST     all     22.65      0.00      7.55      0.00      0.00     69.80
04:03:10 PM IST     all     19.09      0.00      7.45      0.09      0.00     73.37
04:03:11 PM IST     all     18.12      0.00      6.41      1.71      0.00     73.76
04:03:12 PM IST     all     16.57      0.00      7.21      0.34      0.00     75.88
04:03:13 PM IST     all     14.92      0.00      7.46      0.00      0.00     77.63
04:03:14 PM IST     all     20.56      0.00      7.39      0.00      0.00     72.05
04:03:15 PM IST     all     21.68      0.00      7.91      0.77      0.00     69.64
04:03:16 PM IST     all     16.77      0.00      7.91      0.85      0.00     74.47
04:03:17 PM IST     all     17.18      0.00      7.65      0.00      0.00     75.17
04:03:18 PM IST     all     18.52      0.00      6.52      0.34      0.00     74.61
04:03:19 PM IST     all     14.81      0.00      7.02      0.00      0.00     78.17
04:03:20 PM IST     all     13.76      0.00      7.90      0.00      0.00     78.33
04:03:21 PM IST     all     17.60      0.00      6.44      0.00      0.00     75.97
04:03:22 PM IST     all     13.78      0.00      7.86      0.17      0.00     78.19
04:03:23 PM IST     all     13.54      0.00      7.67      0.00      0.00     78.79
04:03:24 PM IST     all     18.89      0.00      7.42      0.00      0.00     73.69
04:03:25 PM IST     all     13.71      0.00      7.41      0.00      0.00     78.88
04:03:26 PM IST     all     15.12      0.00      7.31      0.42      0.00     77.15
04:03:27 PM IST     all     14.68      0.00      7.17      0.52      0.00     77.63
04:03:28 PM IST     all     16.34      0.00      6.81      0.17      0.00     76.68
04:03:29 PM IST     all     14.52      0.00      7.56      0.08      0.00     77.84
04:03:30 PM IST     all     15.50      0.00      6.74      0.00      0.00     77.76
04:03:31 PM IST     all     14.85      0.00      7.00      0.00      0.00     78.16
04:03:32 PM IST     all     14.57      0.00      7.24      0.09      0.00     78.11
04:03:33 PM IST     all     14.14      0.00      7.62      0.00      0.00     78.24
04:03:34 PM IST     all     17.58      0.00      6.86      0.09      0.00     75.47
04:03:35 PM IST     all     15.52      0.00      8.40      0.25      0.00     75.83
04:03:36 PM IST     all     14.97      0.00      6.80      0.00      0.00     78.23
04:03:37 PM IST     all     19.45      0.00      7.66      0.17      0.00     72.72
04:03:38 PM IST     all     14.62      0.00      7.27      0.17      0.00     77.94
04:03:39 PM IST     all     14.91      0.00      6.73      0.00      0.00     78.36
04:03:40 PM IST     all     14.51      0.00      7.17      0.00      0.00     78.33
04:03:41 PM IST     all     14.68      0.00      6.74      0.00      0.00     78.58
04:03:42 PM IST     all     16.20      0.00      6.96      0.00      0.00     76.84
04:03:43 PM IST     all     15.82      0.00      6.68      0.00      0.00     77.50
04:03:44 PM IST     all     14.42      0.00      7.67      0.08      0.00     77.82
04:03:45 PM IST     all     14.14      0.00      7.33      0.00      0.00     78.53
04:03:46 PM IST     all     13.96      0.00      7.91      0.00      0.00     78.13
04:03:47 PM IST     all     17.65      0.00      7.93      0.26      0.00     74.17
04:03:48 PM IST     all     16.28      0.00      6.51      0.17      0.00     77.04
04:03:49 PM IST     all     15.53      0.00      6.31      0.00      0.00     78.16
04:03:50 PM IST     all     13.77      0.00      7.10      0.00      0.00     79.13
04:03:51 PM IST     all     15.21      0.00      7.44      0.00      0.00     77.35
04:03:52 PM IST     all     16.00      0.00      7.40      0.43      0.00     76.17
04:03:53 PM IST     all     21.34      0.00      6.63      0.26      0.00     71.77
04:03:54 PM IST     all     14.75      0.00      7.08      0.00      0.00     78.17
04:03:55 PM IST     all     14.68      0.00      7.12      0.09      0.00     78.11
04:03:56 PM IST     all     15.36      0.00      7.00      0.00      0.00     77.64
04:03:57 PM IST     all     15.35      0.00      7.33      0.00      0.00     77.32
04:03:58 PM IST     all     16.71      0.00      6.91      0.09      0.00     76.30
04:03:59 PM IST     all     15.33      0.00      7.71      0.26      0.00     76.71
04:04:00 PM IST     all     15.77      0.00      6.48      0.00      0.00     77.75
04:04:01 PM IST     all     13.83      0.00      7.34      0.26      0.00     78.57
04:04:02 PM IST     all     14.40      0.00      7.16      0.00      0.00     78.45
04:04:03 PM IST     all     18.55      0.00      7.00      0.00      0.00     74.45
04:04:04 PM IST     all     15.55      0.00      6.46      0.08      0.00     77.91
04:04:05 PM IST     all     14.29      0.00      6.97      0.00      0.00     78.74
04:04:06 PM IST     all     13.46      0.00      7.38      0.00      0.00     79.16
04:04:07 PM IST     all     13.93      0.00      6.92      0.09      0.00     79.06
04:04:08 PM IST     all     20.73      0.00      6.74      0.00      0.00     72.53
04:04:09 PM IST     all     14.01      0.00      7.64      0.00      0.00     78.35
04:04:10 PM IST     all     14.57      0.00      6.17      0.00      0.00     79.26
04:04:11 PM IST     all     14.52      0.00      7.47      0.00      0.00     78.01
04:04:12 PM IST     all     14.36      0.00      7.01      0.00      0.00     78.63
04:04:13 PM IST     all     15.35      0.00      6.11      0.00      0.00     78.54
04:04:14 PM IST     all     14.60      0.00      6.79      0.00      0.00     78.61
04:04:15 PM IST     all     16.44      0.00      7.53      0.00      0.00     76.03
04:04:16 PM IST     all     14.78      0.00      6.84      0.00      0.00     78.38
04:04:17 PM IST     all     14.08      0.00      7.34      0.00      0.00     78.58
04:04:18 PM IST     all     15.16      0.00      6.60      0.00      0.00     78.24
04:04:19 PM IST     all     14.54      0.00      7.14      0.00      0.00     78.32
04:04:20 PM IST     all     14.02      0.00      6.84      0.00      0.00     79.15
04:04:21 PM IST     all     17.81      0.00      7.45      0.09      0.00     74.66
04:04:22 PM IST     all     20.77      0.00      6.58      0.43      0.00     72.22
04:04:23 PM IST     all     14.60      0.00      7.86      0.00      0.00     77.54
04:04:24 PM IST     all     17.86      0.00      6.84      0.17      0.00     75.13
04:04:25 PM IST     all     15.52      0.00      7.20      0.34      0.00     76.93
04:04:26 PM IST     all     14.43      0.00      7.60      0.09      0.00     77.88
04:04:27 PM IST     all     15.01      0.00      7.29      0.17      0.00     77.52
04:04:28 PM IST     all     15.26      0.00      6.99      0.09      0.00     77.66
04:04:29 PM IST     all     18.52      0.00      7.17      0.68      0.00     73.63
04:04:30 PM IST     all     16.51      0.00      8.26      0.08      0.00     75.15
04:04:31 PM IST     all     15.99      0.00      7.14      0.17      0.00     76.70
04:04:32 PM IST     all     15.79      0.00      7.12      0.00      0.00     77.08
04:04:33 PM IST     all     15.73      0.00      8.16      0.51      0.00     75.60
04:04:34 PM IST     all     16.47      0.00      7.85      0.43      0.00     75.26
04:04:35 PM IST     all     15.36      0.00      7.08      0.34      0.00     77.22
04:04:36 PM IST     all     15.70      0.00      7.68      0.09      0.00     76.54
04:04:37 PM IST     all     23.26      0.00      7.13      0.17      0.00     69.44
04:04:38 PM IST     all     15.00      0.00      8.64      0.08      0.00     76.27
04:04:39 PM IST     all     16.20      0.00      7.25      0.51      0.00     76.04
04:04:40 PM IST     all     15.12      0.00      6.44      0.00      0.00     78.44
04:04:41 PM IST     all     15.12      0.00      7.14      0.00      0.00     77.74
04:04:42 PM IST     all     15.82      0.00      7.57      0.17      0.00     76.44
04:04:43 PM IST     all     15.74      0.00      7.74      0.09      0.00     76.43
04:04:44 PM IST     all     15.65      0.00      6.71      0.17      0.00     77.47
04:04:45 PM IST     all     16.78      0.00      7.12      0.34      0.00     75.76
04:04:46 PM IST     all     16.72      0.00      6.74      0.34      0.00     76.19
04:04:47 PM IST     all     21.67      0.00      7.17      0.26      0.00     70.90
04:04:48 PM IST     all     18.69      0.00      8.02      0.00      0.00     73.29
04:04:49 PM IST     all     21.12      0.00      7.33      0.17      0.00     71.38
04:04:50 PM IST     all     16.57      0.00      7.26      0.26      0.00     75.92
04:04:51 PM IST     all     16.45      0.00      7.12      0.25      0.00     76.17
04:04:52 PM IST     all     16.81      0.00      7.08      0.43      0.00     75.68
04:04:53 PM IST     all     13.35      0.00      8.33      0.17      0.00     78.15
04:04:54 PM IST     all     14.13      0.00      7.57      0.00      0.00     78.30
04:04:55 PM IST     all     15.83      0.00      7.19      0.00      0.00     76.99
04:04:56 PM IST     all     15.03      0.00      6.88      0.00      0.00     78.10
04:04:57 PM IST     all     14.43      0.00      7.09      0.00      0.00     78.48
04:04:58 PM IST     all     14.36      0.00      7.65      0.00      0.00     77.99
04:04:59 PM IST     all     14.16      0.00      7.46      0.00      0.00     78.37
04:05:00 PM IST     all     16.39      0.00      8.19      0.00      0.00     75.42
04:05:01 PM IST     all     15.06      0.00      7.06      0.00      0.00     77.88
04:05:02 PM IST     all     15.02      0.00      7.34      0.00      0.00     77.64
04:05:03 PM IST     all     14.76      0.00      7.04      0.00      0.00     78.20
04:05:04 PM IST     all     15.21      0.00      6.80      0.00      0.00     77.99
04:05:05 PM IST     all     14.16      0.00      7.29      0.17      0.00     78.37
04:05:06 PM IST     all     15.21      0.00      6.84      0.00      0.00     77.95
04:05:07 PM IST     all     15.10      0.00      7.17      0.00      0.00     77.73
04:05:08 PM IST     all     14.70      0.00      7.35      0.00      0.00     77.96
04:05:09 PM IST     all     14.20      0.00      7.01      0.00      0.00     78.79
04:05:10 PM IST     all     14.11      0.00      7.19      0.00      0.00     78.70
04:05:11 PM IST     all     17.49      0.00      7.00      0.00      0.00     75.51
04:05:12 PM IST     all     14.57      0.00      6.90      0.00      0.00     78.53
04:05:13 PM IST     all     14.27      0.00      7.31      0.00      0.00     78.42
04:05:14 PM IST     all     16.23      0.00      7.31      0.00      0.00     76.47
04:05:15 PM IST     all     15.66      0.00      7.32      0.00      0.00     77.02
04:05:16 PM IST     all     14.04      0.00      6.93      0.00      0.00     79.02
04:05:17 PM IST     all     14.90      0.00      6.94      0.08      0.00     78.07
04:05:18 PM IST     all     18.10      0.00      7.09      0.00      0.00     74.81
04:05:19 PM IST     all     14.13      0.00      7.28      0.00      0.00     78.60
04:05:20 PM IST     all     14.55      0.00      6.98      0.09      0.00     78.38
04:05:21 PM IST     all     14.41      0.00      7.08      0.00      0.00     78.52
04:05:22 PM IST     all     16.61      0.00      7.45      0.00      0.00     75.94
04:05:23 PM IST     all     18.52      0.00      7.59      0.00      0.00     73.89
04:05:24 PM IST     all     14.31      0.00      7.50      0.00      0.00     78.19
04:05:25 PM IST     all     13.98      0.00      7.88      0.00      0.00     78.14
04:05:26 PM IST     all     13.47      0.00      7.71      0.17      0.00     78.64
04:05:27 PM IST     all     13.74      0.00      6.96      0.08      0.00     79.22
04:05:28 PM IST     all     16.27      0.00      7.54      0.00      0.00     76.19
04:05:29 PM IST     all     14.19      0.00      8.19      0.00      0.00     77.62
04:05:30 PM IST     all     14.63      0.00      6.89      0.00      0.00     78.49
04:05:31 PM IST     all     14.37      0.00      7.27      0.00      0.00     78.36
04:05:32 PM IST     all     14.31      0.00      7.24      0.00      0.00     78.45
04:05:33 PM IST     all     13.99      0.00      7.34      0.00      0.00     78.67
04:05:34 PM IST     all     14.85      0.00      6.83      0.00      0.00     78.33
04:05:35 PM IST     all     13.68      0.00      7.26      0.00      0.00     79.06
04:05:36 PM IST     all     18.51      0.00      7.11      0.17      0.00     74.21
04:05:37 PM IST     all     21.08      0.00      7.11      0.26      0.00     71.55
04:05:38 PM IST     all     17.05      0.00      7.46      0.60      0.00     74.89
04:05:39 PM IST     all     16.28      0.00      7.59      0.17      0.00     75.96
04:05:40 PM IST     all     15.82      0.00      8.16      0.09      0.00     75.94
04:05:41 PM IST     all     16.47      0.00      7.26      0.00      0.00     76.27
04:05:42 PM IST     all     16.40      0.00      7.31      0.00      0.00     76.30
04:05:43 PM IST     all     14.83      0.00      6.31      0.09      0.00     78.77
04:05:44 PM IST     all     15.53      0.00      7.68      0.26      0.00     76.54
04:05:45 PM IST     all     16.34      0.00      7.79      0.17      0.00     75.70
04:05:46 PM IST     all     17.68      0.09      6.83      0.34      0.00     75.06
04:05:47 PM IST     all     16.25      0.00      7.87      0.17      0.00     75.71
04:05:48 PM IST     all     17.15      0.00      7.13      0.08      0.00     75.64
04:05:49 PM IST     all     17.18      0.00      6.92      0.26      0.00     75.64
04:05:50 PM IST     all     17.70      0.00      8.34      0.43      0.00     73.53
04:05:51 PM IST     all     16.88      0.00      6.94      0.34      0.00     75.84
04:05:52 PM IST     all     21.92      0.00      8.41      0.08      0.00     69.58
04:05:53 PM IST     all     15.30      0.00      7.52      0.17      0.00     77.01
04:05:54 PM IST     all     14.25      0.00      7.42      0.17      0.00     78.16
04:05:55 PM IST     all     14.47      0.00      7.19      0.34      0.00     78.00
04:05:56 PM IST     all     19.59      0.00      7.07      0.00      0.00     73.34
04:05:57 PM IST     all     14.58      0.00      7.46      0.00      0.00     77.97
04:05:58 PM IST     all     16.35      0.00      7.92      0.17      0.00     75.56
04:05:59 PM IST     all     17.64      0.00      6.59      0.17      0.00     75.60
04:06:00 PM IST     all     17.75      0.00      7.03      0.17      0.00     75.04
04:06:01 PM IST     all     17.23      0.00      7.22      0.59      0.00     74.96
04:06:02 PM IST     all     15.42      0.00      7.32      0.09      0.00     77.17
04:06:03 PM IST     all     20.05      0.00      7.14      0.34      0.00     72.46
04:06:04 PM IST     all     15.50      0.00      6.68      0.17      0.00     77.65
04:06:05 PM IST     all     14.76      0.00      6.95      0.17      0.00     78.11
04:06:06 PM IST     all     15.68      0.00      6.66      0.25      0.00     77.40
04:06:07 PM IST     all     14.01      0.00      7.09      0.00      0.00     78.91
04:06:08 PM IST     all     17.39      0.00      7.12      0.00      0.00     75.49
04:06:09 PM IST     all     14.87      0.00      7.39      0.00      0.00     77.74
04:06:10 PM IST     all     14.21      0.00      7.23      0.00      0.00     78.55
04:06:11 PM IST     all     14.56      0.00      7.45      0.00      0.00     77.98
04:06:12 PM IST     all     14.81      0.00      7.28      0.00      0.00     77.92
04:06:13 PM IST     all     19.76      0.00      7.39      0.00      0.00     72.85
04:06:14 PM IST     all     15.93      0.00      7.80      0.00      0.00     76.27
04:06:15 PM IST     all     14.49      0.00      7.59      0.00      0.00     77.92
04:06:16 PM IST     all     14.14      0.00      7.33      0.09      0.00     78.45
04:06:17 PM IST     all     17.18      0.00      7.06      0.00      0.00     75.77
04:06:18 PM IST     all     19.97      0.00      7.25      0.00      0.00     72.78
04:06:19 PM IST     all     15.36      0.00      7.34      0.17      0.00     77.13
04:06:20 PM IST     all     15.27      0.00      6.79      0.00      0.00     77.95
04:06:21 PM IST     all     15.19      0.00      7.17      0.09      0.00     77.56
04:06:22 PM IST     all     15.03      0.00      7.56      0.00      0.00     77.42
04:06:23 PM IST     all     14.12      0.00      7.57      0.00      0.00     78.32
04:06:24 PM IST     all     13.72      0.00      6.73      0.00      0.00     79.55
04:06:25 PM IST     all     16.57      0.00      7.48      0.00      0.00     75.96
04:06:26 PM IST     all     13.58      0.00      6.92      0.00      0.00     79.50
04:06:27 PM IST     all     12.89      0.00      7.97      0.00      0.00     79.13
04:06:28 PM IST     all     13.64      0.09      6.73      0.00      0.00     79.54
04:06:29 PM IST     all     14.29      0.00      7.56      0.00      0.00     78.15
04:06:30 PM IST     all     16.99      0.00      7.17      0.00      0.00     75.83
04:06:31 PM IST     all     14.65      0.00      7.20      0.00      0.00     78.15
04:06:32 PM IST     all     18.38      0.00      6.89      0.00      0.00     74.72
04:06:33 PM IST     all     14.54      0.00      7.23      0.00      0.00     78.23
04:06:34 PM IST     all     14.42      0.00      7.04      0.00      0.00     78.54
04:06:35 PM IST     all     13.68      0.00      7.49      0.00      0.00     78.83
04:06:36 PM IST     all     16.00      0.00      6.89      0.26      0.00     76.85
04:06:37 PM IST     all     17.04      0.00      6.34      0.00      0.00     76.63
04:06:38 PM IST     all     15.96      0.00      7.76      0.09      0.00     76.19
04:06:39 PM IST     all     16.84      0.00      6.79      0.60      0.00     75.77
04:06:40 PM IST     all     17.74      0.00      7.20      0.17      0.00     74.89
04:06:41 PM IST     all     17.41      0.00      7.12      0.26      0.00     75.21
04:06:42 PM IST     all     21.12      0.00      7.33      0.43      0.00     71.12
04:06:43 PM IST     all     15.21      0.00      7.73      0.34      0.00     76.72
04:06:44 PM IST     all     16.34      0.00      7.53      0.43      0.00     75.71
04:06:45 PM IST     all     16.81      0.00      6.66      0.68      0.00     75.85
04:06:46 PM IST     all     16.32      0.00      7.26      0.34      0.00     76.07
04:06:47 PM IST     all     15.86      0.00      8.27      0.00      0.00     75.87
04:06:48 PM IST     all     14.80      0.00      6.55      0.00      0.00     78.66
04:06:49 PM IST     all     15.39      0.00      7.23      0.09      0.00     77.30
04:06:50 PM IST     all     16.17      0.00      7.06      0.34      0.00     76.43
04:06:51 PM IST     all     16.22      0.00      7.48      0.25      0.00     76.05
04:06:52 PM IST     all     15.54      0.00      7.34      0.43      0.00     76.69
04:06:53 PM IST     all     16.03      0.00      6.79      0.00      0.00     77.18
04:06:54 PM IST     all     25.04      0.00      7.09      0.00      0.00     67.86
04:06:55 PM IST     all     16.64      0.00      7.42      0.17      0.00     75.77
04:06:56 PM IST     all     14.21      0.00      8.04      0.00      0.00     77.75
04:06:57 PM IST     all     14.81      0.00      7.49      0.00      0.00     77.70
04:06:58 PM IST     all     16.04      0.00      6.91      0.00      0.00     77.05
04:06:59 PM IST     all     15.89      0.00      7.14      0.17      0.00     76.81
04:07:00 PM IST     all     17.12      0.00      7.50      0.00      0.00     75.38
04:07:01 PM IST     all     14.98      0.00      6.85      0.00      0.00     78.17
04:07:02 PM IST     all     17.78      0.00      7.33      0.25      0.00     74.64
04:07:03 PM IST     all     18.62      0.00      7.34      0.09      0.00     73.95
04:07:04 PM IST     all     15.25      0.00      6.98      0.09      0.00     77.68
04:07:05 PM IST     all     14.62      0.00      7.44      0.08      0.00     77.85
04:07:06 PM IST     all     19.95      0.00      6.73      0.17      0.00     73.15
04:07:07 PM IST     all     16.85      0.00      6.93      0.43      0.00     75.79
04:07:08 PM IST     all     25.58      0.00      7.87      0.17      0.00     66.38
04:07:09 PM IST     all     16.24      0.00      7.23      0.43      0.00     76.11
04:07:10 PM IST     all     19.57      0.00      7.35      0.43      0.00     72.65
04:07:11 PM IST     all     16.68      0.09      7.27      0.51      0.00     75.45
04:07:12 PM IST     all     16.15      0.00      7.69      0.34      0.00     75.82
04:07:13 PM IST     all     14.76      0.00      7.04      0.17      0.00     78.03
04:07:14 PM IST     all     14.65      0.00      7.16      0.00      0.00     78.19
04:07:15 PM IST     all     16.21      0.00      8.28      0.68      0.00     74.83
04:07:16 PM IST     all     16.75      0.00      7.53      0.00      0.00     75.72
04:07:17 PM IST     all     13.81      0.00      8.10      0.00      0.00     78.09
04:07:18 PM IST     all     18.64      0.00      7.03      0.34      0.00     73.98
04:07:19 PM IST     all     16.10      0.00      7.50      0.34      0.00     76.06
04:07:20 PM IST     all     14.97      0.00      8.38      0.68      0.00     75.96
04:07:21 PM IST     all     17.87      0.00      7.57      0.17      0.00     74.38
04:07:22 PM IST     all     15.93      0.00      8.01      0.51      0.00     75.55
04:07:23 PM IST     all     15.67      0.00      7.24      0.26      0.00     76.83
04:07:24 PM IST     all     15.30      0.00      7.52      0.26      0.00     76.92
04:07:25 PM IST     all     14.10      0.00      7.56      0.08      0.00     78.25
04:07:26 PM IST     all     10.84      0.00      2.61      0.00      0.00     86.55
