Linux 6.12.33+kali-amd64 (two94) 	23/11/25 	_x86_64_	(12 CPU)

04:02:25 PM IST       DEV       tps     rkB/s     wkB/s     dkB/s   areq-sz    aqu-sz     await     %util
04:02:26 PM IST   nvme0n1      0.00      0.00      0.00      0.00      0.00      0.00      0.00      0.00
04:02:26 PM IST       sda    165.00      0.00   3028.00      0.00     18.35      0.09      0.29      3.60

04:02:26 PM IST       DEV       tps     rkB/s     wkB/s     dkB/s   areq-sz    aqu-sz     await     %util
04:02:27 PM IST   nvme0n1      0.00      0.00      0.00      0.00      0.00      0.00      0.00      0.00
04:02:27 PM IST       sda      0.00      0.00      0.00      0.00      0.00      0.00      0.00      0.00

04:02:27 PM IST       DEV       tps     rkB/s     wkB/s     dkB/s   areq-sz    aqu-sz     await     %util
04:02:28 PM IST   nvme0n1      0.00      0.00      0.00      0.00      0.00      0.00      0.00      0.00
04:02:28 PM IST       sda      0.00      0.00      0.00      0.00      0.00      0.00      0.00      0.00

04:02:28 PM IST       DEV       tps     rkB/s     wkB/s     dkB/s   areq-sz    aqu-sz     await     %util
04:02:29 PM IST   nvme0n1      0.00      0.00      0.00      0.00      0.00      0.00      0.00      0.00
04:02:29 PM IST       sda      8.00      0.00    232.00      0.00     29.00      0.01      0.50      0.40

04:02:29 PM IST       DEV       tps     rkB/s     wkB/s     dkB/s   areq-sz    aqu-sz     await     %util
04:02:30 PM IST   nvme0n1      0.00      0.00      0.00      0.00      0.00      0.00      0.00      0.00
04:02:30 PM IST       sda     31.00      0.00    144.00      0.00      4.65      0.01      0.16      0.00

04:02:30 PM IST       DEV       tps     rkB/s     wkB/s     dkB/s   areq-sz    aqu-sz     await     %util
04:02:31 PM IST   nvme0n1      0.00      0.00      0.00      0.00      0.00      0.00      0.00      0.00
04:02:31 PM IST       sda     24.00      0.00    140.00      0.00      5.83      0.01      0.21      0.00

04:02:31 PM IST       DEV       tps     rkB/s     wkB/s     dkB/s   areq-sz    aqu-sz     await     %util
04:02:32 PM IST   nvme0n1      0.00      0.00      0.00      0.00      0.00      0.00      0.00      0.00
04:02:32 PM IST       sda      0.00      0.00      0.00      0.00      0.00      0.00      0.00      0.00

04:02:32 PM IST       DEV       tps     rkB/s     wkB/s     dkB/s   areq-sz    aqu-sz     await     %util
04:02:33 PM IST   nvme0n1      0.00      0.00      0.00      0.00      0.00      0.00      0.00      0.00
04:02:33 PM IST       sda      0.00      0.00      0.00      0.00      0.00      0.00      0.00      0.00

04:02:33 PM IST       DEV       tps     rkB/s     wkB/s     dkB/s   areq-sz    aqu-sz     await     %util
04:02:34 PM IST   nvme0n1      0.00      0.00      0.00      0.00      0.00      0.00      0.00      0.00
04:02:34 PM IST       sda      2.00      0.00     84.00      0.00     42.00      0.00      1.00      0.00

04:02:34 PM IST       DEV       tps     rkB/s     wkB/s     dkB/s   areq-sz    aqu-sz     await     %util
04:02:35 PM IST   nvme0n1      0.00      0.00      0.00      0.00      0.00      0.00      0.00      0.00
04:02:35 PM IST       sda      0.00      0.00      0.00      0.00      0.00      0.00      0.00      0.00

04:02:35 PM IST       DEV       tps     rkB/s     wkB/s     dkB/s   areq-sz    aqu-sz     await     %util
04:02:36 PM IST   nvme0n1      0.00      0.00      0.00      0.00      0.00      0.00      0.00      0.00
04:02:36 PM IST       sda      5.00      0.00     64.00      0.00     12.80      0.00      0.80      0.00

04:02:36 PM IST       DEV       tps     rkB/s     wkB/s     dkB/s   areq-sz    aqu-sz     await     %util
04:02:37 PM IST   nvme0n1      0.00      0.00      0.00      0.00      0.00      0.00      0.00      0.00
04:02:37 PM IST       sda      2.00      0.00     16.00      0.00      8.00      0.00      0.50      0.00

04:02:37 PM IST       DEV       tps     rkB/s     wkB/s     dkB/s   areq-sz    aqu-sz     await     %util
04:02:38 PM IST   nvme0n1      0.00      0.00      0.00      0.00      0.00      0.00      0.00      0.00
04:02:38 PM IST       sda     12.00      0.00    292.00      0.00     24.33      0.01      0.50      0.00

04:02:38 PM IST       DEV       tps     rkB/s     wkB/s     dkB/s   areq-sz    aqu-sz     await     %util
04:02:39 PM IST   nvme0n1      0.00      0.00      0.00      0.00      0.00      0.00      0.00      0.00
04:02:39 PM IST       sda      5.00      0.00    184.00      0.00     36.80      0.01      0.60      0.40

04:02:39 PM IST       DEV       tps     rkB/s     wkB/s     dkB/s   areq-sz    aqu-sz     await     %util
04:02:40 PM IST   nvme0n1      0.00      0.00      0.00      0.00      0.00      0.00      0.00      0.00
04:02:40 PM IST       sda      1.00      0.00      4.00      0.00      4.00      0.00      0.00      0.00

04:02:40 PM IST       DEV       tps     rkB/s     wkB/s     dkB/s   areq-sz    aqu-sz     await     %util
04:02:41 PM IST   nvme0n1      0.00      0.00      0.00      0.00      0.00      0.00      0.00      0.00
04:02:41 PM IST       sda      2.00      0.00    116.00      0.00     58.00      0.00      0.50      0.00

04:02:41 PM IST       DEV       tps     rkB/s     wkB/s     dkB/s   areq-sz    aqu-sz     await     %util
04:02:42 PM IST   nvme0n1      0.00      0.00      0.00      0.00      0.00      0.00      0.00      0.00
04:02:42 PM IST       sda     14.00      0.00    112.00      0.00      8.00      0.01      0.36      0.40

04:02:42 PM IST       DEV       tps     rkB/s     wkB/s     dkB/s   areq-sz    aqu-sz     await     %util
04:02:43 PM IST   nvme0n1      0.00      0.00      0.00      0.00      0.00      0.00      0.00      0.00
04:02:43 PM IST       sda      2.00      0.00     16.00      0.00      8.00      0.00      0.50      0.00

04:02:43 PM IST       DEV       tps     rkB/s     wkB/s     dkB/s   areq-sz    aqu-sz     await     %util
04:02:44 PM IST   nvme0n1      0.00      0.00      0.00      0.00      0.00      0.00      0.00      0.00
04:02:44 PM IST       sda     40.00      0.00    872.00      0.00     21.80      0.02      0.47      0.00

04:02:44 PM IST       DEV       tps     rkB/s     wkB/s     dkB/s   areq-sz    aqu-sz     await     %util
04:02:45 PM IST   nvme0n1      0.00      0.00      0.00      0.00      0.00      0.00      0.00      0.00
04:02:45 PM IST       sda      0.00      0.00      0.00      0.00      0.00      0.00      0.00      0.00

04:02:45 PM IST       DEV       tps     rkB/s     wkB/s     dkB/s   areq-sz    aqu-sz     await     %util
04:02:46 PM IST   nvme0n1      0.00      0.00      0.00      0.00      0.00      0.00      0.00      0.00
04:02:46 PM IST       sda      0.00      0.00      0.00      0.00      0.00      0.00      0.00      0.00

04:02:46 PM IST       DEV       tps     rkB/s     wkB/s     dkB/s   areq-sz    aqu-sz     await     %util
04:02:47 PM IST   nvme0n1      0.00      0.00      0.00      0.00      0.00      0.00      0.00      0.00
04:02:47 PM IST       sda      4.00      0.00    248.00      0.00     62.00      0.00      0.75      0.40

04:02:47 PM IST       DEV       tps     rkB/s     wkB/s     dkB/s   areq-sz    aqu-sz     await     %util
04:02:48 PM IST   nvme0n1      0.00      0.00      0.00      0.00      0.00      0.00      0.00      0.00
04:02:48 PM IST       sda      2.00      0.00     24.00      0.00     12.00      0.00      0.50      0.00

04:02:48 PM IST       DEV       tps     rkB/s     wkB/s     dkB/s   areq-sz    aqu-sz     await     %util
04:02:49 PM IST   nvme0n1      0.00      0.00      0.00      0.00      0.00      0.00      0.00      0.00
04:02:49 PM IST       sda     45.00      0.00    556.00      0.00     12.36      0.03      0.69      0.00

04:02:49 PM IST       DEV       tps     rkB/s     wkB/s     dkB/s   areq-sz    aqu-sz     await     %util
04:02:50 PM IST   nvme0n1      0.00      0.00      0.00      0.00      0.00      0.00      0.00      0.00
04:02:50 PM IST       sda     10.00      0.00    120.00      0.00     12.00      0.04      1.90      1.60

04:02:50 PM IST       DEV       tps     rkB/s     wkB/s     dkB/s   areq-sz    aqu-sz     await     %util
04:02:51 PM IST   nvme0n1      0.00      0.00      0.00      0.00      0.00      0.00      0.00      0.00
04:02:51 PM IST       sda     11.00      0.00    116.00      0.00     10.55      0.09      4.18      4.40

04:02:51 PM IST       DEV       tps     rkB/s     wkB/s     dkB/s   areq-sz    aqu-sz     await     %util
04:02:52 PM IST   nvme0n1      0.00      0.00      0.00      0.00      0.00      0.00      0.00      0.00
04:02:52 PM IST       sda      0.00      0.00      0.00      0.00      0.00      0.00      0.00      0.00

04:02:52 PM IST       DEV       tps     rkB/s     wkB/s     dkB/s   areq-sz    aqu-sz     await     %util
04:02:53 PM IST   nvme0n1      0.00      0.00      0.00      0.00      0.00      0.00      0.00      0.00
04:02:53 PM IST       sda      5.00      0.00    112.00      0.00     22.40      0.01      0.60      0.40

04:02:53 PM IST       DEV       tps     rkB/s     wkB/s     dkB/s   areq-sz    aqu-sz     await     %util
04:02:54 PM IST   nvme0n1      0.00      0.00      0.00      0.00      0.00      0.00      0.00      0.00
04:02:54 PM IST       sda      2.00      0.00     20.00      0.00     10.00      0.00      0.50      0.00

04:02:54 PM IST       DEV       tps     rkB/s     wkB/s     dkB/s   areq-sz    aqu-sz     await     %util
04:02:55 PM IST   nvme0n1      0.00      0.00      0.00      0.00      0.00      0.00      0.00      0.00
04:02:55 PM IST       sda    129.00      0.00   1064.00      0.00      8.25      0.02      0.18      0.40

04:02:55 PM IST       DEV       tps     rkB/s     wkB/s     dkB/s   areq-sz    aqu-sz     await     %util
04:02:56 PM IST   nvme0n1      0.00      0.00      0.00      0.00      0.00      0.00      0.00      0.00
04:02:56 PM IST       sda     38.00      0.00    300.00      0.00      7.89      0.01      0.29      0.00

04:02:56 PM IST       DEV       tps     rkB/s     wkB/s     dkB/s   areq-sz    aqu-sz     await     %util
04:02:57 PM IST   nvme0n1      0.00      0.00      0.00      0.00      0.00      0.00      0.00      0.00
04:02:57 PM IST       sda      1.00      0.00     16.00      0.00     16.00      0.00      0.00      0.00

04:02:57 PM IST       DEV       tps     rkB/s     wkB/s     dkB/s   areq-sz    aqu-sz     await     %util
04:02:58 PM IST   nvme0n1      0.00      0.00      0.00      0.00      0.00      0.00      0.00      0.00
04:02:58 PM IST       sda      3.00      8.00      4.00      0.00      4.00      0.00      0.00      0.00

04:02:58 PM IST       DEV       tps     rkB/s     wkB/s     dkB/s   areq-sz    aqu-sz     await     %util
04:02:59 PM IST   nvme0n1      0.00      0.00      0.00      0.00      0.00      0.00      0.00      0.00
04:02:59 PM IST       sda     19.00     32.00    148.00      0.00      9.47      0.01      0.26      0.00

04:02:59 PM IST       DEV       tps     rkB/s     wkB/s     dkB/s   areq-sz    aqu-sz     await     %util
04:03:00 PM IST   nvme0n1      0.00      0.00      0.00      0.00      0.00      0.00      0.00      0.00
04:03:00 PM IST       sda     35.00      0.00    216.00      0.00      6.17      0.01      0.23      0.00

04:03:00 PM IST       DEV       tps     rkB/s     wkB/s     dkB/s   areq-sz    aqu-sz     await     %util
04:03:01 PM IST   nvme0n1      0.00      0.00      0.00      0.00      0.00      0.00      0.00      0.00
04:03:01 PM IST       sda      2.00      0.00     84.00      0.00     42.00      0.00      0.00      0.00

04:03:01 PM IST       DEV       tps     rkB/s     wkB/s     dkB/s   areq-sz    aqu-sz     await     %util
04:03:02 PM IST   nvme0n1      0.00      0.00      0.00      0.00      0.00      0.00      0.00      0.00
04:03:02 PM IST       sda     34.00      0.00    176.00      0.00      5.18      0.01      0.26      0.00

04:03:02 PM IST       DEV       tps     rkB/s     wkB/s     dkB/s   areq-sz    aqu-sz     await     %util
04:03:03 PM IST   nvme0n1      0.00      0.00      0.00      0.00      0.00      0.00      0.00      0.00
04:03:03 PM IST       sda      0.00      0.00      0.00      0.00      0.00      0.00      0.00      0.00

04:03:03 PM IST       DEV       tps     rkB/s     wkB/s     dkB/s   areq-sz    aqu-sz     await     %util
04:03:04 PM IST   nvme0n1      0.00      0.00      0.00      0.00      0.00      0.00      0.00      0.00
04:03:04 PM IST       sda      0.00      0.00      0.00      0.00      0.00      0.00      0.00      0.00

04:03:04 PM IST       DEV       tps     rkB/s     wkB/s     dkB/s   areq-sz    aqu-sz     await     %util
04:03:05 PM IST   nvme0n1      0.00      0.00      0.00      0.00      0.00      0.00      0.00      0.00
04:03:05 PM IST       sda      2.00      0.00     20.00      0.00     10.00      0.00      1.00      0.40

04:03:05 PM IST       DEV       tps     rkB/s     wkB/s     dkB/s   areq-sz    aqu-sz     await     %util
04:03:06 PM IST   nvme0n1      0.00      0.00      0.00      0.00      0.00      0.00      0.00      0.00
04:03:06 PM IST       sda      7.00      0.00    216.00      0.00     30.86      0.01      0.43      0.80

04:03:06 PM IST       DEV       tps     rkB/s     wkB/s     dkB/s   areq-sz    aqu-sz     await     %util
04:03:07 PM IST   nvme0n1      0.00      0.00      0.00      0.00      0.00      0.00      0.00      0.00
04:03:07 PM IST       sda     25.00      0.00    244.00      0.00      9.76      0.01      0.40      0.00

04:03:07 PM IST       DEV       tps     rkB/s     wkB/s     dkB/s   areq-sz    aqu-sz     await     %util
04:03:08 PM IST   nvme0n1      0.00      0.00      0.00      0.00      0.00      0.00      0.00      0.00
04:03:08 PM IST       sda      0.00      0.00      0.00      0.00      0.00      0.00      0.00      0.00

04:03:08 PM IST       DEV       tps     rkB/s     wkB/s     dkB/s   areq-sz    aqu-sz     await     %util
04:03:09 PM IST   nvme0n1      0.00      0.00      0.00      0.00      0.00      0.00      0.00      0.00
04:03:09 PM IST       sda      0.00      0.00      0.00      0.00      0.00      0.00      0.00      0.00

04:03:09 PM IST       DEV       tps     rkB/s     wkB/s     dkB/s   areq-sz    aqu-sz     await     %util
04:03:10 PM IST   nvme0n1      0.00      0.00      0.00      0.00      0.00      0.00      0.00      0.00
04:03:10 PM IST       sda      5.00     24.00      0.00      0.00      4.80      0.01      1.00      0.40

04:03:10 PM IST       DEV       tps     rkB/s     wkB/s     dkB/s   areq-sz    aqu-sz     await     %util
04:03:11 PM IST   nvme0n1      0.00      0.00      0.00      0.00      0.00      0.00      0.00      0.00
04:03:11 PM IST       sda      4.00      0.00    128.00      0.00     32.00      0.00      0.75      0.00

04:03:11 PM IST       DEV       tps     rkB/s     wkB/s     dkB/s   areq-sz    aqu-sz     await     %util
04:03:12 PM IST   nvme0n1      0.00      0.00      0.00      0.00      0.00      0.00      0.00      0.00
04:03:12 PM IST       sda     11.00      0.00     92.00      0.00      8.36      0.01      0.36      0.40

04:03:12 PM IST       DEV       tps     rkB/s     wkB/s     dkB/s   areq-sz    aqu-sz     await     %util
04:03:13 PM IST   nvme0n1      0.00      0.00      0.00      0.00      0.00      0.00      0.00      0.00
04:03:13 PM IST       sda      0.00      0.00      0.00      0.00      0.00      0.00      0.00      0.00

04:03:13 PM IST       DEV       tps     rkB/s     wkB/s     dkB/s   areq-sz    aqu-sz     await     %util
04:03:14 PM IST   nvme0n1      0.00      0.00      0.00      0.00      0.00      0.00      0.00      0.00
04:03:14 PM IST       sda      0.00      0.00      0.00      0.00      0.00      0.00      0.00      0.00

04:03:14 PM IST       DEV       tps     rkB/s     wkB/s     dkB/s   areq-sz    aqu-sz     await     %util
04:03:15 PM IST   nvme0n1      0.00      0.00      0.00      0.00      0.00      0.00      0.00      0.00
04:03:15 PM IST       sda      3.00      0.00    116.00      0.00     38.67      0.00      0.67      0.00

04:03:15 PM IST       DEV       tps     rkB/s     wkB/s     dkB/s   areq-sz    aqu-sz     await     %util
04:03:16 PM IST   nvme0n1      0.00      0.00      0.00      0.00      0.00      0.00      0.00      0.00
04:03:16 PM IST       sda      2.00      0.00     20.00      0.00     10.00      0.00      0.50      0.00

04:03:16 PM IST       DEV       tps     rkB/s     wkB/s     dkB/s   areq-sz    aqu-sz     await     %util
04:03:17 PM IST   nvme0n1      0.00      0.00      0.00      0.00      0.00      0.00      0.00      0.00
04:03:17 PM IST       sda     68.00      0.00    488.00      0.00      7.18      0.01      0.15      0.00

04:03:17 PM IST       DEV       tps     rkB/s     wkB/s     dkB/s   areq-sz    aqu-sz     await     %util
04:03:18 PM IST   nvme0n1      0.00      0.00      0.00      0.00      0.00      0.00      0.00      0.00
04:03:18 PM IST       sda      2.00      0.00     12.00      0.00      6.00      0.00      0.00      0.00

04:03:18 PM IST       DEV       tps     rkB/s     wkB/s     dkB/s   areq-sz    aqu-sz     await     %util
04:03:19 PM IST   nvme0n1      0.00      0.00      0.00      0.00      0.00      0.00      0.00      0.00
04:03:19 PM IST       sda      5.00      0.00    164.00      0.00     32.80      0.01      0.60      0.00

04:03:19 PM IST       DEV       tps     rkB/s     wkB/s     dkB/s   areq-sz    aqu-sz     await     %util
04:03:20 PM IST   nvme0n1      0.00      0.00      0.00      0.00      0.00      0.00      0.00      0.00
04:03:20 PM IST       sda     30.00      0.00    220.00      0.00      7.33      0.01      0.17      0.00

04:03:20 PM IST       DEV       tps     rkB/s     wkB/s     dkB/s   areq-sz    aqu-sz     await     %util
04:03:21 PM IST   nvme0n1      0.00      0.00      0.00      0.00      0.00      0.00      0.00      0.00
04:03:21 PM IST       sda      0.00      0.00      0.00      0.00      0.00      0.00      0.00      0.00

04:03:21 PM IST       DEV       tps     rkB/s     wkB/s     dkB/s   areq-sz    aqu-sz     await     %util
04:03:22 PM IST   nvme0n1      0.00      0.00      0.00      0.00      0.00      0.00      0.00      0.00
04:03:22 PM IST       sda     54.00      0.00    608.00      0.00     11.26      0.03      0.43      0.40

04:03:22 PM IST       DEV       tps     rkB/s     wkB/s     dkB/s   areq-sz    aqu-sz     await     %util
04:03:23 PM IST   nvme0n1      0.00      0.00      0.00      0.00      0.00      0.00      0.00      0.00
04:03:23 PM IST       sda      0.00      0.00      0.00      0.00      0.00      0.00      0.00      0.00

04:03:23 PM IST       DEV       tps     rkB/s     wkB/s     dkB/s   areq-sz    aqu-sz     await     %util
04:03:24 PM IST   nvme0n1      0.00      0.00      0.00      0.00      0.00      0.00      0.00      0.00
04:03:24 PM IST       sda      0.00      0.00      0.00      0.00      0.00      0.00      0.00      0.00

04:03:24 PM IST       DEV       tps     rkB/s     wkB/s     dkB/s   areq-sz    aqu-sz     await     %util
04:03:25 PM IST   nvme0n1      0.00      0.00      0.00      0.00      0.00      0.00      0.00      0.00
04:03:25 PM IST       sda      0.00      0.00      0.00      0.00      0.00      0.00      0.00      0.00

04:03:25 PM IST       DEV       tps     rkB/s     wkB/s     dkB/s   areq-sz    aqu-sz     await     %util
04:03:26 PM IST   nvme0n1      0.00      0.00      0.00      0.00      0.00      0.00      0.00      0.00
04:03:26 PM IST       sda     98.00      0.00    412.00      0.00      4.20      0.01      0.15      0.00

04:03:26 PM IST       DEV       tps     rkB/s     wkB/s     dkB/s   areq-sz    aqu-sz     await     %util
04:03:27 PM IST   nvme0n1      0.00      0.00      0.00      0.00      0.00      0.00      0.00      0.00
04:03:27 PM IST       sda      2.00      0.00     52.00      0.00     26.00      0.00      0.50      0.00

04:03:27 PM IST       DEV       tps     rkB/s     wkB/s     dkB/s   areq-sz    aqu-sz     await     %util
04:03:28 PM IST   nvme0n1      0.00      0.00      0.00      0.00      0.00      0.00      0.00      0.00
04:03:28 PM IST       sda      5.00      0.00     40.00      0.00      8.00      0.00      0.40      0.00

04:03:28 PM IST       DEV       tps     rkB/s     wkB/s     dkB/s   areq-sz    aqu-sz     await     %util
04:03:29 PM IST   nvme0n1      0.00      0.00      0.00      0.00      0.00      0.00      0.00      0.00
04:03:29 PM IST       sda      4.00      0.00    144.00      0.00     36.00      0.00      0.25      0.40

04:03:29 PM IST       DEV       tps     rkB/s     wkB/s     dkB/s   areq-sz    aqu-sz     await     %util
04:03:30 PM IST   nvme0n1      0.00      0.00      0.00      0.00      0.00      0.00      0.00      0.00
04:03:30 PM IST       sda      0.00      0.00      0.00      0.00      0.00      0.00      0.00      0.00

04:03:30 PM IST       DEV       tps     rkB/s     wkB/s     dkB/s   areq-sz    aqu-sz     await     %util
04:03:31 PM IST   nvme0n1      0.00      0.00      0.00      0.00      0.00      0.00      0.00      0.00
04:03:31 PM IST       sda      0.00      0.00      0.00      0.00      0.00      0.00      0.00      0.00

04:03:31 PM IST       DEV       tps     rkB/s     wkB/s     dkB/s   areq-sz    aqu-sz     await     %util
04:03:32 PM IST   nvme0n1      0.00      0.00      0.00      0.00      0.00      0.00      0.00      0.00
04:03:32 PM IST       sda     56.00      0.00    660.00      0.00     11.79      0.02      0.38      0.00

04:03:32 PM IST       DEV       tps     rkB/s     wkB/s     dkB/s   areq-sz    aqu-sz     await     %util
04:03:33 PM IST   nvme0n1      0.00      0.00      0.00      0.00      0.00      0.00      0.00      0.00
04:03:33 PM IST       sda     20.00      0.00    116.00      0.00      5.80      0.01      0.25      0.00

04:03:33 PM IST       DEV       tps     rkB/s     wkB/s     dkB/s   areq-sz    aqu-sz     await     %util
04:03:34 PM IST   nvme0n1      0.00      0.00      0.00      0.00      0.00      0.00      0.00      0.00
04:03:34 PM IST       sda     11.00      0.00     92.00      0.00      8.36      0.01      0.27      0.40

04:03:34 PM IST       DEV       tps     rkB/s     wkB/s     dkB/s   areq-sz    aqu-sz     await     %util
04:03:35 PM IST   nvme0n1      0.00      0.00      0.00      0.00      0.00      0.00      0.00      0.00
04:03:35 PM IST       sda      0.00      0.00      0.00      0.00      0.00      0.00      0.00      0.00

04:03:35 PM IST       DEV       tps     rkB/s     wkB/s     dkB/s   areq-sz    aqu-sz     await     %util
04:03:36 PM IST   nvme0n1      0.00      0.00      0.00      0.00      0.00      0.00      0.00      0.00
04:03:36 PM IST       sda      3.00      0.00     12.00      0.00      4.00      0.00      0.67      0.00

04:03:36 PM IST       DEV       tps     rkB/s     wkB/s     dkB/s   areq-sz    aqu-sz     await     %util
04:03:37 PM IST   nvme0n1      0.00      0.00      0.00      0.00      0.00      0.00      0.00      0.00
04:03:37 PM IST       sda      0.00      0.00      0.00      0.00      0.00      0.00      0.00      0.00

04:03:37 PM IST       DEV       tps     rkB/s     wkB/s     dkB/s   areq-sz    aqu-sz     await     %util
04:03:38 PM IST   nvme0n1      0.00      0.00      0.00      0.00      0.00      0.00      0.00      0.00
04:03:38 PM IST       sda     58.00      0.00    368.00      0.00      6.34      0.02      0.34      0.00

04:03:38 PM IST       DEV       tps     rkB/s     wkB/s     dkB/s   areq-sz    aqu-sz     await     %util
04:03:39 PM IST   nvme0n1      0.00      0.00      0.00      0.00      0.00      0.00      0.00      0.00
04:03:39 PM IST       sda      4.00      0.00     92.00      0.00     23.00      0.00      0.50      0.00

04:03:39 PM IST       DEV       tps     rkB/s     wkB/s     dkB/s   areq-sz    aqu-sz     await     %util
04:03:40 PM IST   nvme0n1      0.00      0.00      0.00      0.00      0.00      0.00      0.00      0.00
04:03:40 PM IST       sda      0.00      0.00      0.00      0.00      0.00      0.00      0.00      0.00

04:03:40 PM IST       DEV       tps     rkB/s     wkB/s     dkB/s   areq-sz    aqu-sz     await     %util
04:03:41 PM IST   nvme0n1      0.00      0.00      0.00      0.00      0.00      0.00      0.00      0.00
04:03:41 PM IST       sda      0.00      0.00      0.00      0.00      0.00      0.00      0.00      0.00

04:03:41 PM IST       DEV       tps     rkB/s     wkB/s     dkB/s   areq-sz    aqu-sz     await     %util
04:03:42 PM IST   nvme0n1      0.00      0.00      0.00      0.00      0.00      0.00      0.00      0.00
04:03:42 PM IST       sda     11.00      0.00     92.00      0.00      8.36      0.01      0.36      0.40

04:03:42 PM IST       DEV       tps     rkB/s     wkB/s     dkB/s   areq-sz    aqu-sz     await     %util
04:03:43 PM IST   nvme0n1      0.00      0.00      0.00      0.00      0.00      0.00      0.00      0.00
04:03:43 PM IST       sda      0.00      0.00      0.00      0.00      0.00      0.00      0.00      0.00

04:03:43 PM IST       DEV       tps     rkB/s     wkB/s     dkB/s   areq-sz    aqu-sz     await     %util
04:03:44 PM IST   nvme0n1      0.00      0.00      0.00      0.00      0.00      0.00      0.00      0.00
04:03:44 PM IST       sda     15.00      0.00    132.00      0.00      8.80      0.01      0.20      0.00

04:03:44 PM IST       DEV       tps     rkB/s     wkB/s     dkB/s   areq-sz    aqu-sz     await     %util
04:03:45 PM IST   nvme0n1      0.00      0.00      0.00      0.00      0.00      0.00      0.00      0.00
04:03:45 PM IST       sda      2.00      0.00     20.00      0.00     10.00      0.00      0.50      0.00

04:03:45 PM IST       DEV       tps     rkB/s     wkB/s     dkB/s   areq-sz    aqu-sz     await     %util
04:03:46 PM IST   nvme0n1      0.00      0.00      0.00      0.00      0.00      0.00      0.00      0.00
04:03:46 PM IST       sda      5.00      0.00    116.00      0.00     23.20      0.01      0.60      0.40

04:03:46 PM IST       DEV       tps     rkB/s     wkB/s     dkB/s   areq-sz    aqu-sz     await     %util
04:03:47 PM IST   nvme0n1      0.00      0.00      0.00      0.00      0.00      0.00      0.00      0.00
04:03:47 PM IST       sda      0.00      0.00      0.00      0.00      0.00      0.00      0.00      0.00

04:03:47 PM IST       DEV       tps     rkB/s     wkB/s     dkB/s   areq-sz    aqu-sz     await     %util
04:03:48 PM IST   nvme0n1      0.00      0.00      0.00      0.00      0.00      0.00      0.00      0.00
04:03:48 PM IST       sda      1.00      0.00     52.00      0.00     52.00      0.00      2.00      0.00

04:03:48 PM IST       DEV       tps     rkB/s     wkB/s     dkB/s   areq-sz    aqu-sz     await     %util
04:03:49 PM IST   nvme0n1      0.00      0.00      0.00      0.00      0.00      0.00      0.00      0.00
04:03:49 PM IST       sda      2.00      0.00     12.00      0.00      6.00      0.00      0.00      0.00

04:03:49 PM IST       DEV       tps     rkB/s     wkB/s     dkB/s   areq-sz    aqu-sz     await     %util
04:03:50 PM IST   nvme0n1      0.00      0.00      0.00      0.00      0.00      0.00      0.00      0.00
04:03:50 PM IST       sda      1.00      0.00      4.00      0.00      4.00      0.00      1.00      0.00

04:03:50 PM IST       DEV       tps     rkB/s     wkB/s     dkB/s   areq-sz    aqu-sz     await     %util
04:03:51 PM IST   nvme0n1      0.00      0.00      0.00      0.00      0.00      0.00      0.00      0.00
04:03:51 PM IST       sda     32.00      0.00    224.00      0.00      7.00      0.01      0.22      0.40

04:03:51 PM IST       DEV       tps     rkB/s     wkB/s     dkB/s   areq-sz    aqu-sz     await     %util
04:03:52 PM IST   nvme0n1      0.00      0.00      0.00      0.00      0.00      0.00      0.00      0.00
04:03:52 PM IST       sda      0.00      0.00      0.00      0.00      0.00      0.00      0.00      0.00

04:03:52 PM IST       DEV       tps     rkB/s     wkB/s     dkB/s   areq-sz    aqu-sz     await     %util
04:03:53 PM IST   nvme0n1      0.00      0.00      0.00      0.00      0.00      0.00      0.00      0.00
04:03:53 PM IST       sda      0.00      0.00      0.00      0.00      0.00      0.00      0.00      0.00

04:03:53 PM IST       DEV       tps     rkB/s     wkB/s     dkB/s   areq-sz    aqu-sz     await     %util
04:03:54 PM IST   nvme0n1      0.00      0.00      0.00      0.00      0.00      0.00      0.00      0.00
04:03:54 PM IST       sda      0.00      0.00      0.00      0.00      0.00      0.00      0.00      0.00

04:03:54 PM IST       DEV       tps     rkB/s     wkB/s     dkB/s   areq-sz    aqu-sz     await     %util
04:03:55 PM IST   nvme0n1      0.00      0.00      0.00      0.00      0.00      0.00      0.00      0.00
04:03:55 PM IST       sda      3.00      0.00    124.00      0.00     41.33      0.00      0.67      0.40

04:03:55 PM IST       DEV       tps     rkB/s     wkB/s     dkB/s   areq-sz    aqu-sz     await     %util
04:03:56 PM IST   nvme0n1      0.00      0.00      0.00      0.00      0.00      0.00      0.00      0.00
04:03:56 PM IST       sda      2.00      0.00     20.00      0.00     10.00      0.00      0.50      0.00

04:03:56 PM IST       DEV       tps     rkB/s     wkB/s     dkB/s   areq-sz    aqu-sz     await     %util
04:03:57 PM IST   nvme0n1      0.00      0.00      0.00      0.00      0.00      0.00      0.00      0.00
04:03:57 PM IST       sda    109.00      0.00    504.00      0.00      4.62      0.01      0.12      0.00

04:03:57 PM IST       DEV       tps     rkB/s     wkB/s     dkB/s   areq-sz    aqu-sz     await     %util
04:03:58 PM IST   nvme0n1      0.00      0.00      0.00      0.00      0.00      0.00      0.00      0.00
04:03:58 PM IST       sda     13.00      8.00     96.00      0.00      8.00      0.01      0.31      0.00

04:03:58 PM IST       DEV       tps     rkB/s     wkB/s     dkB/s   areq-sz    aqu-sz     await     %util
04:03:59 PM IST   nvme0n1      0.00      0.00      0.00      0.00      0.00      0.00      0.00      0.00
04:03:59 PM IST       sda      5.00      0.00    104.00      0.00     20.80      0.00      0.40      0.40

04:03:59 PM IST       DEV       tps     rkB/s     wkB/s     dkB/s   areq-sz    aqu-sz     await     %util
04:04:00 PM IST   nvme0n1      0.00      0.00      0.00      0.00      0.00      0.00      0.00      0.00
04:04:00 PM IST       sda     24.00      0.00    100.00      0.00      4.17      0.01      0.58      0.00

04:04:00 PM IST       DEV       tps     rkB/s     wkB/s     dkB/s   areq-sz    aqu-sz     await     %util
04:04:01 PM IST   nvme0n1      0.00      0.00      0.00      0.00      0.00      0.00      0.00      0.00
04:04:01 PM IST       sda      0.00      0.00      0.00      0.00      0.00      0.00      0.00      0.00

04:04:01 PM IST       DEV       tps     rkB/s     wkB/s     dkB/s   areq-sz    aqu-sz     await     %util
04:04:02 PM IST   nvme0n1      0.00      0.00      0.00      0.00      0.00      0.00      0.00      0.00
04:04:02 PM IST       sda      2.00      0.00     24.00      0.00     12.00      0.00      0.50      0.00

04:04:02 PM IST       DEV       tps     rkB/s     wkB/s     dkB/s   areq-sz    aqu-sz     await     %util
04:04:03 PM IST   nvme0n1      0.00      0.00      0.00      0.00      0.00      0.00      0.00      0.00
04:04:03 PM IST       sda     32.00      0.00    188.00      0.00      5.88      0.01      0.25      0.00

04:04:03 PM IST       DEV       tps     rkB/s     wkB/s     dkB/s   areq-sz    aqu-sz     await     %util
04:04:04 PM IST   nvme0n1      0.00      0.00      0.00      0.00      0.00      0.00      0.00      0.00
04:04:04 PM IST       sda      0.00      0.00      0.00      0.00      0.00      0.00      0.00      0.00

04:04:04 PM IST       DEV       tps     rkB/s     wkB/s     dkB/s   areq-sz    aqu-sz     await     %util
04:04:05 PM IST   nvme0n1      0.00      0.00      0.00      0.00      0.00      0.00      0.00      0.00
04:04:05 PM IST       sda      2.00      0.00     32.00      0.00     16.00      0.00      0.50      0.00

04:04:05 PM IST       DEV       tps     rkB/s     wkB/s     dkB/s   areq-sz    aqu-sz     await     %util
04:04:06 PM IST   nvme0n1      0.00      0.00      0.00      0.00      0.00      0.00      0.00      0.00
04:04:06 PM IST       sda      0.00      0.00      0.00      0.00      0.00      0.00      0.00      0.00

04:04:06 PM IST       DEV       tps     rkB/s     wkB/s     dkB/s   areq-sz    aqu-sz     await     %util
04:04:07 PM IST   nvme0n1      0.00      0.00      0.00      0.00      0.00      0.00      0.00      0.00
04:04:07 PM IST       sda     13.00      0.00    108.00      0.00      8.31      0.01      0.38      0.40

04:04:07 PM IST       DEV       tps     rkB/s     wkB/s     dkB/s   areq-sz    aqu-sz     await     %util
04:04:08 PM IST   nvme0n1      0.00      0.00      0.00      0.00      0.00      0.00      0.00      0.00
04:04:08 PM IST       sda      0.00      0.00      0.00      0.00      0.00      0.00      0.00      0.00

04:04:08 PM IST       DEV       tps     rkB/s     wkB/s     dkB/s   areq-sz    aqu-sz     await     %util
04:04:09 PM IST   nvme0n1      0.00      0.00      0.00      0.00      0.00      0.00      0.00      0.00
04:04:09 PM IST       sda      3.00      0.00     56.00      0.00     18.67      0.00      0.33      0.00

04:04:09 PM IST       DEV       tps     rkB/s     wkB/s     dkB/s   areq-sz    aqu-sz     await     %util
04:04:10 PM IST   nvme0n1      0.00      0.00      0.00      0.00      0.00      0.00      0.00      0.00
04:04:10 PM IST       sda     45.00      0.00    332.00      0.00      7.38      0.01      0.13      0.00

04:04:10 PM IST       DEV       tps     rkB/s     wkB/s     dkB/s   areq-sz    aqu-sz     await     %util
04:04:11 PM IST   nvme0n1      0.00      0.00      0.00      0.00      0.00      0.00      0.00      0.00
04:04:11 PM IST       sda      0.00      0.00      0.00      0.00      0.00      0.00      0.00      0.00

04:04:11 PM IST       DEV       tps     rkB/s     wkB/s     dkB/s   areq-sz    aqu-sz     await     %util
04:04:12 PM IST   nvme0n1      0.00      0.00      0.00      0.00      0.00      0.00      0.00      0.00
04:04:12 PM IST       sda      5.00      0.00    132.00      0.00     26.40      0.00      0.60      0.40

04:04:12 PM IST       DEV       tps     rkB/s     wkB/s     dkB/s   areq-sz    aqu-sz     await     %util
04:04:13 PM IST   nvme0n1      0.00      0.00      0.00      0.00      0.00      0.00      0.00      0.00
04:04:13 PM IST       sda     13.00      0.00    112.00      0.00      8.62      0.01      0.38      0.00

04:04:13 PM IST       DEV       tps     rkB/s     wkB/s     dkB/s   areq-sz    aqu-sz     await     %util
04:04:14 PM IST   nvme0n1      0.00      0.00      0.00      0.00      0.00      0.00      0.00      0.00
04:04:14 PM IST       sda      1.00      0.00      8.00      0.00      8.00      0.00      0.00      0.00

04:04:14 PM IST       DEV       tps     rkB/s     wkB/s     dkB/s   areq-sz    aqu-sz     await     %util
04:04:15 PM IST   nvme0n1      0.00      0.00      0.00      0.00      0.00      0.00      0.00      0.00
04:04:15 PM IST       sda      3.00      0.00    124.00      0.00     41.33      0.00      0.33      0.40

04:04:15 PM IST       DEV       tps     rkB/s     wkB/s     dkB/s   areq-sz    aqu-sz     await     %util
04:04:16 PM IST   nvme0n1      0.00      0.00      0.00      0.00      0.00      0.00      0.00      0.00
04:04:16 PM IST       sda     20.00      0.00     84.00      0.00      4.20      0.01      0.65      0.00

04:04:16 PM IST       DEV       tps     rkB/s     wkB/s     dkB/s   areq-sz    aqu-sz     await     %util
04:04:17 PM IST   nvme0n1      0.00      0.00      0.00      0.00      0.00      0.00      0.00      0.00
04:04:17 PM IST       sda      0.00      0.00      0.00      0.00      0.00      0.00      0.00      0.00

04:04:17 PM IST       DEV       tps     rkB/s     wkB/s     dkB/s   areq-sz    aqu-sz     await     %util
04:04:18 PM IST   nvme0n1      0.00      0.00      0.00      0.00      0.00      0.00      0.00      0.00
04:04:18 PM IST       sda      0.00      0.00      0.00      0.00      0.00      0.00      0.00      0.00

04:04:18 PM IST       DEV       tps     rkB/s     wkB/s     dkB/s   areq-sz    aqu-sz     await     %util
04:04:19 PM IST   nvme0n1      0.00      0.00      0.00      0.00      0.00      0.00      0.00      0.00
04:04:19 PM IST       sda      2.00      0.00     20.00      0.00     10.00      0.00      1.00      0.40

04:04:19 PM IST       DEV       tps     rkB/s     wkB/s     dkB/s   areq-sz    aqu-sz     await     %util
04:04:20 PM IST   nvme0n1      0.00      0.00      0.00      0.00      0.00      0.00      0.00      0.00
04:04:20 PM IST       sda     23.00      0.00    220.00      0.00      9.57      0.01      0.22      0.00

04:04:20 PM IST       DEV       tps     rkB/s     wkB/s     dkB/s   areq-sz    aqu-sz     await     %util
04:04:21 PM IST   nvme0n1      0.00      0.00      0.00      0.00      0.00      0.00      0.00      0.00
04:04:21 PM IST       sda      0.00      0.00      0.00      0.00      0.00      0.00      0.00      0.00

04:04:21 PM IST       DEV       tps     rkB/s     wkB/s     dkB/s   areq-sz    aqu-sz     await     %util
04:04:22 PM IST   nvme0n1      0.00      0.00      0.00      0.00      0.00      0.00      0.00      0.00
04:04:22 PM IST       sda     25.00      0.00    104.00      0.00      4.16      0.01      0.32      0.00

04:04:22 PM IST       DEV       tps     rkB/s     wkB/s     dkB/s   areq-sz    aqu-sz     await     %util
04:04:23 PM IST   nvme0n1      0.00      0.00      0.00      0.00      0.00      0.00      0.00      0.00
04:04:23 PM IST       sda      0.00      0.00      0.00      0.00      0.00      0.00      0.00      0.00

04:04:23 PM IST       DEV       tps     rkB/s     wkB/s     dkB/s   areq-sz    aqu-sz     await     %util
04:04:24 PM IST   nvme0n1      0.00      0.00      0.00      0.00      0.00      0.00      0.00      0.00
04:04:24 PM IST       sda      3.00      0.00     84.00      0.00     28.00      0.00      0.67      0.00

04:04:24 PM IST       DEV       tps     rkB/s     wkB/s     dkB/s   areq-sz    aqu-sz     await     %util
04:04:25 PM IST   nvme0n1      0.00      0.00      0.00      0.00      0.00      0.00      0.00      0.00
04:04:25 PM IST       sda     42.00      0.00    280.00      0.00      6.67      0.01      0.14      0.00

04:04:25 PM IST       DEV       tps     rkB/s     wkB/s     dkB/s   areq-sz    aqu-sz     await     %util
04:04:26 PM IST   nvme0n1      0.00      0.00      0.00      0.00      0.00      0.00      0.00      0.00
04:04:26 PM IST       sda      7.00      0.00    172.00      0.00     24.57      0.01      0.43      0.40

04:04:26 PM IST       DEV       tps     rkB/s     wkB/s     dkB/s   areq-sz    aqu-sz     await     %util
04:04:27 PM IST   nvme0n1      0.00      0.00      0.00      0.00      0.00      0.00      0.00      0.00
04:04:27 PM IST       sda    107.00      0.00    456.00      0.00      4.26      0.02      0.20      0.00

04:04:27 PM IST       DEV       tps     rkB/s     wkB/s     dkB/s   areq-sz    aqu-sz     await     %util
04:04:28 PM IST   nvme0n1      0.00      0.00      0.00      0.00      0.00      0.00      0.00      0.00
04:04:28 PM IST       sda      0.00      0.00      0.00      0.00      0.00      0.00      0.00      0.00

04:04:28 PM IST       DEV       tps     rkB/s     wkB/s     dkB/s   areq-sz    aqu-sz     await     %util
04:04:29 PM IST   nvme0n1      0.00      0.00      0.00      0.00      0.00      0.00      0.00      0.00
04:04:29 PM IST       sda      4.00      0.00    156.00      0.00     39.00      0.00      0.50      0.00

04:04:29 PM IST       DEV       tps     rkB/s     wkB/s     dkB/s   areq-sz    aqu-sz     await     %util
04:04:30 PM IST   nvme0n1      0.00      0.00      0.00      0.00      0.00      0.00      0.00      0.00
04:04:30 PM IST       sda      2.00      0.00     20.00      0.00     10.00      0.00      0.50      0.00

04:04:30 PM IST       DEV       tps     rkB/s     wkB/s     dkB/s   areq-sz    aqu-sz     await     %util
04:04:31 PM IST   nvme0n1      0.00      0.00      0.00      0.00      0.00      0.00      0.00      0.00
04:04:31 PM IST       sda     18.00      0.00    180.00      0.00     10.00      0.00      0.22      0.00

04:04:31 PM IST       DEV       tps     rkB/s     wkB/s     dkB/s   areq-sz    aqu-sz     await     %util
04:04:32 PM IST   nvme0n1      0.00      0.00      0.00      0.00      0.00      0.00      0.00      0.00
04:04:32 PM IST       sda      0.00      0.00      0.00      0.00      0.00      0.00      0.00      0.00

04:04:32 PM IST       DEV       tps     rkB/s     wkB/s     dkB/s   areq-sz    aqu-sz     await     %util
04:04:33 PM IST   nvme0n1      0.00      0.00      0.00      0.00      0.00      0.00      0.00      0.00
04:04:33 PM IST       sda      0.00      0.00      0.00      0.00      0.00      0.00      0.00      0.00

04:04:33 PM IST       DEV       tps     rkB/s     wkB/s     dkB/s   areq-sz    aqu-sz     await     %util
04:04:34 PM IST   nvme0n1      0.00      0.00      0.00      0.00      0.00      0.00      0.00      0.00
04:04:34 PM IST       sda     22.00      0.00    220.00      0.00     10.00      0.01      0.36      0.00

04:04:34 PM IST       DEV       tps     rkB/s     wkB/s     dkB/s   areq-sz    aqu-sz     await     %util
04:04:35 PM IST   nvme0n1      0.00      0.00      0.00      0.00      0.00      0.00      0.00      0.00
04:04:35 PM IST       sda      2.00      0.00     20.00      0.00     10.00      0.00      0.00      0.00

04:04:35 PM IST       DEV       tps     rkB/s     wkB/s     dkB/s   areq-sz    aqu-sz     await     %util
04:04:36 PM IST   nvme0n1      0.00      0.00      0.00      0.00      0.00      0.00      0.00      0.00
04:04:36 PM IST       sda     36.00      0.00    332.00      0.00      9.22      0.01      0.19      0.00

04:04:36 PM IST       DEV       tps     rkB/s     wkB/s     dkB/s   areq-sz    aqu-sz     await     %util
04:04:37 PM IST   nvme0n1      0.00      0.00      0.00      0.00      0.00      0.00      0.00      0.00
04:04:37 PM IST       sda      2.00     12.00      0.00      0.00      6.00      0.00      0.50      0.00

04:04:37 PM IST       DEV       tps     rkB/s     wkB/s     dkB/s   areq-sz    aqu-sz     await     %util
04:04:38 PM IST   nvme0n1      0.00      0.00      0.00      0.00      0.00      0.00      0.00      0.00
04:04:38 PM IST       sda      1.00      4.00      0.00      0.00      4.00      0.00      1.00      0.00

04:04:38 PM IST       DEV       tps     rkB/s     wkB/s     dkB/s   areq-sz    aqu-sz     await     %util
04:04:39 PM IST   nvme0n1      0.00      0.00      0.00      0.00      0.00      0.00      0.00      0.00
04:04:39 PM IST       sda      5.00      0.00    228.00      0.00     45.60      0.00      0.60      0.00

04:04:39 PM IST       DEV       tps     rkB/s     wkB/s     dkB/s   areq-sz    aqu-sz     await     %util
04:04:40 PM IST   nvme0n1      0.00      0.00      0.00      0.00      0.00      0.00      0.00      0.00
04:04:40 PM IST       sda      0.00      0.00      0.00      0.00      0.00      0.00      0.00      0.00

04:04:40 PM IST       DEV       tps     rkB/s     wkB/s     dkB/s   areq-sz    aqu-sz     await     %util
04:04:41 PM IST   nvme0n1      0.00      0.00      0.00      0.00      0.00      0.00      0.00      0.00
04:04:41 PM IST       sda      2.00      0.00     20.00      0.00     10.00      0.00      0.50      0.00

04:04:41 PM IST       DEV       tps     rkB/s     wkB/s     dkB/s   areq-sz    aqu-sz     await     %util
04:04:42 PM IST   nvme0n1      0.00      0.00      0.00      0.00      0.00      0.00      0.00      0.00
04:04:42 PM IST       sda      0.00      0.00      0.00      0.00      0.00      0.00      0.00      0.00

04:04:42 PM IST       DEV       tps     rkB/s     wkB/s     dkB/s   areq-sz    aqu-sz     await     %util
04:04:43 PM IST   nvme0n1      0.00      0.00      0.00      0.00      0.00      0.00      0.00      0.00
04:04:43 PM IST       sda     11.00      0.00     96.00      0.00      8.73      0.01      0.36      0.40

04:04:43 PM IST       DEV       tps     rkB/s     wkB/s     dkB/s   areq-sz    aqu-sz     await     %util
04:04:44 PM IST   nvme0n1      0.00      0.00      0.00      0.00      0.00      0.00      0.00      0.00
04:04:44 PM IST       sda      9.00      0.00     80.00      0.00      8.89      0.00      0.22      0.00

04:04:44 PM IST       DEV       tps     rkB/s     wkB/s     dkB/s   areq-sz    aqu-sz     await     %util
04:04:45 PM IST   nvme0n1      0.00      0.00      0.00      0.00      0.00      0.00      0.00      0.00
04:04:45 PM IST       sda      0.00      0.00      0.00      0.00      0.00      0.00      0.00      0.00

04:04:45 PM IST       DEV       tps     rkB/s     wkB/s     dkB/s   areq-sz    aqu-sz     await     %util
04:04:46 PM IST   nvme0n1      0.00      0.00      0.00      0.00      0.00      0.00      0.00      0.00
04:04:46 PM IST       sda      0.00      0.00      0.00      0.00      0.00      0.00      0.00      0.00

04:04:46 PM IST       DEV       tps     rkB/s     wkB/s     dkB/s   areq-sz    aqu-sz     await     %util
04:04:47 PM IST   nvme0n1      0.00      0.00      0.00      0.00      0.00      0.00      0.00      0.00
04:04:47 PM IST       sda      2.00      0.00     16.00      0.00      8.00      0.00      0.50      0.40

04:04:47 PM IST       DEV       tps     rkB/s     wkB/s     dkB/s   areq-sz    aqu-sz     await     %util
04:04:48 PM IST   nvme0n1      0.00      0.00      0.00      0.00      0.00      0.00      0.00      0.00
04:04:48 PM IST       sda      1.00      0.00      4.00      0.00      4.00      0.00      0.00      0.00

04:04:48 PM IST       DEV       tps     rkB/s     wkB/s     dkB/s   areq-sz    aqu-sz     await     %util
04:04:49 PM IST   nvme0n1      0.00      0.00      0.00      0.00      0.00      0.00      0.00      0.00
04:04:49 PM IST       sda      2.00      0.00    220.00      0.00    110.00      0.00      1.00      0.00

04:04:49 PM IST       DEV       tps     rkB/s     wkB/s     dkB/s   areq-sz    aqu-sz     await     %util
04:04:50 PM IST   nvme0n1      0.00      0.00      0.00      0.00      0.00      0.00      0.00      0.00
04:04:50 PM IST       sda      0.00      0.00      0.00      0.00      0.00      0.00      0.00      0.00

04:04:50 PM IST       DEV       tps     rkB/s     wkB/s     dkB/s   areq-sz    aqu-sz     await     %util
04:04:51 PM IST   nvme0n1      0.00      0.00      0.00      0.00      0.00      0.00      0.00      0.00
04:04:51 PM IST       sda     16.00      4.00    200.00      0.00     12.75      0.01      0.31      0.40

04:04:51 PM IST       DEV       tps     rkB/s     wkB/s     dkB/s   areq-sz    aqu-sz     await     %util
04:04:52 PM IST   nvme0n1      0.00      0.00      0.00      0.00      0.00      0.00      0.00      0.00
04:04:52 PM IST       sda      5.00      0.00    100.00      0.00     20.00      0.00      0.40      0.40

04:04:52 PM IST       DEV       tps     rkB/s     wkB/s     dkB/s   areq-sz    aqu-sz     await     %util
04:04:53 PM IST   nvme0n1      0.00      0.00      0.00      0.00      0.00      0.00      0.00      0.00
04:04:53 PM IST       sda      2.00      0.00     20.00      0.00     10.00      0.00      1.00      0.40

04:04:53 PM IST       DEV       tps     rkB/s     wkB/s     dkB/s   areq-sz    aqu-sz     await     %util
04:04:54 PM IST   nvme0n1      0.00      0.00      0.00      0.00      0.00      0.00      0.00      0.00
04:04:54 PM IST       sda      0.00      0.00      0.00      0.00      0.00      0.00      0.00      0.00

04:04:54 PM IST       DEV       tps     rkB/s     wkB/s     dkB/s   areq-sz    aqu-sz     await     %util
04:04:55 PM IST   nvme0n1      0.00      0.00      0.00      0.00      0.00      0.00      0.00      0.00
04:04:55 PM IST       sda     23.00      0.00    308.00      0.00     13.39      0.01      0.39      0.40

04:04:55 PM IST       DEV       tps     rkB/s     wkB/s     dkB/s   areq-sz    aqu-sz     await     %util
04:04:56 PM IST   nvme0n1      0.00      0.00      0.00      0.00      0.00      0.00      0.00      0.00
04:04:56 PM IST       sda      0.00      0.00      0.00      0.00      0.00      0.00      0.00      0.00

04:04:56 PM IST       DEV       tps     rkB/s     wkB/s     dkB/s   areq-sz    aqu-sz     await     %util
04:04:57 PM IST   nvme0n1      0.00      0.00      0.00      0.00      0.00      0.00      0.00      0.00
04:04:57 PM IST       sda      0.00      0.00      0.00      0.00      0.00      0.00      0.00      0.00

04:04:57 PM IST       DEV       tps     rkB/s     wkB/s     dkB/s   areq-sz    aqu-sz     await     %util
04:04:58 PM IST   nvme0n1      0.00      0.00      0.00      0.00      0.00      0.00      0.00      0.00
04:04:58 PM IST       sda     85.00      0.00   1912.00      0.00     22.49      0.03      0.34      0.40

04:04:58 PM IST       DEV       tps     rkB/s     wkB/s     dkB/s   areq-sz    aqu-sz     await     %util
04:04:59 PM IST   nvme0n1      0.00      0.00      0.00      0.00      0.00      0.00      0.00      0.00
04:04:59 PM IST       sda    103.00      8.00    440.00      0.00      4.35      0.02      0.16      0.00

04:04:59 PM IST       DEV       tps     rkB/s     wkB/s     dkB/s   areq-sz    aqu-sz     await     %util
04:05:00 PM IST   nvme0n1      0.00      0.00      0.00      0.00      0.00      0.00      0.00      0.00
04:05:00 PM IST       sda      0.00      0.00      0.00      0.00      0.00      0.00      0.00      0.00

04:05:00 PM IST       DEV       tps     rkB/s     wkB/s     dkB/s   areq-sz    aqu-sz     await     %util
04:05:01 PM IST   nvme0n1      0.00      0.00      0.00      0.00      0.00      0.00      0.00      0.00
04:05:01 PM IST       sda      2.00      0.00    136.00      0.00     68.00      0.00      0.50      0.00

04:05:01 PM IST       DEV       tps     rkB/s     wkB/s     dkB/s   areq-sz    aqu-sz     await     %util
04:05:02 PM IST   nvme0n1      0.00      0.00      0.00      0.00      0.00      0.00      0.00      0.00
04:05:02 PM IST       sda      1.00      8.00      0.00      0.00      8.00      0.00      0.00      0.00

04:05:02 PM IST       DEV       tps     rkB/s     wkB/s     dkB/s   areq-sz    aqu-sz     await     %util
04:05:03 PM IST   nvme0n1      0.00      0.00      0.00      0.00      0.00      0.00      0.00      0.00
04:05:03 PM IST       sda      1.00      0.00      4.00      0.00      4.00      0.00      1.00      0.00

04:05:03 PM IST       DEV       tps     rkB/s     wkB/s     dkB/s   areq-sz    aqu-sz     await     %util
04:05:04 PM IST   nvme0n1      0.00      0.00      0.00      0.00      0.00      0.00      0.00      0.00
04:05:04 PM IST       sda      8.00      0.00     76.00      0.00      9.50      0.01      0.25      0.00

04:05:04 PM IST       DEV       tps     rkB/s     wkB/s     dkB/s   areq-sz    aqu-sz     await     %util
04:05:05 PM IST   nvme0n1      0.00      0.00      0.00      0.00      0.00      0.00      0.00      0.00
04:05:05 PM IST       sda     35.00      0.00    284.00      0.00      8.11      0.01      0.34      0.40

04:05:05 PM IST       DEV       tps     rkB/s     wkB/s     dkB/s   areq-sz    aqu-sz     await     %util
04:05:06 PM IST   nvme0n1      0.00      0.00      0.00      0.00      0.00      0.00      0.00      0.00
04:05:06 PM IST       sda     52.00      0.00    364.00      0.00      7.00      0.01      0.13      0.00

04:05:06 PM IST       DEV       tps     rkB/s     wkB/s     dkB/s   areq-sz    aqu-sz     await     %util
04:05:07 PM IST   nvme0n1      0.00      0.00      0.00      0.00      0.00      0.00      0.00      0.00
04:05:07 PM IST       sda      0.00      0.00      0.00      0.00      0.00      0.00      0.00      0.00

04:05:07 PM IST       DEV       tps     rkB/s     wkB/s     dkB/s   areq-sz    aqu-sz     await     %util
04:05:08 PM IST   nvme0n1      0.00      0.00      0.00      0.00      0.00      0.00      0.00      0.00
04:05:08 PM IST       sda      6.00      0.00     24.00      0.00      4.00      0.00      0.17      0.00

04:05:08 PM IST       DEV       tps     rkB/s     wkB/s     dkB/s   areq-sz    aqu-sz     await     %util
04:05:09 PM IST   nvme0n1      0.00      0.00      0.00      0.00      0.00      0.00      0.00      0.00
04:05:09 PM IST       sda      0.00      0.00      0.00      0.00      0.00      0.00      0.00      0.00

04:05:09 PM IST       DEV       tps     rkB/s     wkB/s     dkB/s   areq-sz    aqu-sz     await     %util
04:05:10 PM IST   nvme0n1      0.00      0.00      0.00      0.00      0.00      0.00      0.00      0.00
04:05:10 PM IST       sda      2.00      0.00      8.00      0.00      4.00      0.00      0.50      0.00

04:05:10 PM IST       DEV       tps     rkB/s     wkB/s     dkB/s   areq-sz    aqu-sz     await     %util
04:05:11 PM IST   nvme0n1      0.00      0.00      0.00      0.00      0.00      0.00      0.00      0.00
04:05:11 PM IST       sda      5.00      0.00    100.00      0.00     20.00      0.00      0.60      0.00

04:05:11 PM IST       DEV       tps     rkB/s     wkB/s     dkB/s   areq-sz    aqu-sz     await     %util
04:05:12 PM IST   nvme0n1      0.00      0.00      0.00      0.00      0.00      0.00      0.00      0.00
04:05:12 PM IST       sda     10.00      0.00     88.00      0.00      8.80      0.01      1.30      0.00

04:05:12 PM IST       DEV       tps     rkB/s     wkB/s     dkB/s   areq-sz    aqu-sz     await     %util
04:05:13 PM IST   nvme0n1      0.00      0.00      0.00      0.00      0.00      0.00      0.00      0.00
04:05:13 PM IST       sda      0.00      0.00      0.00      0.00      0.00      0.00      0.00      0.00

04:05:13 PM IST       DEV       tps     rkB/s     wkB/s     dkB/s   areq-sz    aqu-sz     await     %util
04:05:14 PM IST   nvme0n1      0.00      0.00      0.00      0.00      0.00      0.00      0.00      0.00
04:05:14 PM IST       sda     11.00      0.00    148.00      0.00     13.45      0.01      0.36      0.40

04:05:14 PM IST       DEV       tps     rkB/s     wkB/s     dkB/s   areq-sz    aqu-sz     await     %util
04:05:15 PM IST   nvme0n1      0.00      0.00      0.00      0.00      0.00      0.00      0.00      0.00
04:05:15 PM IST       sda      8.00      0.00    172.00      0.00     21.50      0.00      0.25      0.40

04:05:15 PM IST       DEV       tps     rkB/s     wkB/s     dkB/s   areq-sz    aqu-sz     await     %util
04:05:16 PM IST   nvme0n1      0.00      0.00      0.00      0.00      0.00      0.00      0.00      0.00
04:05:16 PM IST       sda      0.00      0.00      0.00      0.00      0.00      0.00      0.00      0.00

04:05:16 PM IST       DEV       tps     rkB/s     wkB/s     dkB/s   areq-sz    aqu-sz     await     %util
04:05:17 PM IST   nvme0n1      0.00      0.00      0.00      0.00      0.00      0.00      0.00      0.00
04:05:17 PM IST       sda      2.00      0.00     16.00      0.00      8.00      0.00      1.50      0.00

04:05:17 PM IST       DEV       tps     rkB/s     wkB/s     dkB/s   areq-sz    aqu-sz     await     %util
04:05:18 PM IST   nvme0n1      0.00      0.00      0.00      0.00      0.00      0.00      0.00      0.00
04:05:18 PM IST       sda      4.00      0.00     16.00      0.00      4.00      0.00      0.25      0.00

04:05:18 PM IST       DEV       tps     rkB/s     wkB/s     dkB/s   areq-sz    aqu-sz     await     %util
04:05:19 PM IST   nvme0n1      0.00      0.00      0.00      0.00      0.00      0.00      0.00      0.00
04:05:19 PM IST       sda      5.00      0.00    160.00      0.00     32.00      0.01      0.60      0.40

04:05:19 PM IST       DEV       tps     rkB/s     wkB/s     dkB/s   areq-sz    aqu-sz     await     %util
04:05:20 PM IST   nvme0n1      0.00      0.00      0.00      0.00      0.00      0.00      0.00      0.00
04:05:20 PM IST       sda      0.00      0.00      0.00      0.00      0.00      0.00      0.00      0.00

04:05:20 PM IST       DEV       tps     rkB/s     wkB/s     dkB/s   areq-sz    aqu-sz     await     %util
04:05:21 PM IST   nvme0n1      0.00      0.00      0.00      0.00      0.00      0.00      0.00      0.00
04:05:21 PM IST       sda      4.00    132.00      0.00      0.00     33.00      0.00      0.75      0.40

04:05:21 PM IST       DEV       tps     rkB/s     wkB/s     dkB/s   areq-sz    aqu-sz     await     %util
04:05:22 PM IST   nvme0n1      0.00      0.00      0.00      0.00      0.00      0.00      0.00      0.00
04:05:22 PM IST       sda      7.00      0.00     92.00      0.00     13.14      0.01      0.57      0.40

04:05:22 PM IST       DEV       tps     rkB/s     wkB/s     dkB/s   areq-sz    aqu-sz     await     %util
04:05:23 PM IST   nvme0n1      0.00      0.00      0.00      0.00      0.00      0.00      0.00      0.00
04:05:23 PM IST       sda      0.00      0.00      0.00      0.00      0.00      0.00      0.00      0.00

04:05:23 PM IST       DEV       tps     rkB/s     wkB/s     dkB/s   areq-sz    aqu-sz     await     %util
04:05:24 PM IST   nvme0n1      0.00      0.00      0.00      0.00      0.00      0.00      0.00      0.00
04:05:24 PM IST       sda      0.00      0.00      0.00      0.00      0.00      0.00      0.00      0.00

04:05:24 PM IST       DEV       tps     rkB/s     wkB/s     dkB/s   areq-sz    aqu-sz     await     %util
04:05:25 PM IST   nvme0n1      0.00      0.00      0.00      0.00      0.00      0.00      0.00      0.00
04:05:25 PM IST       sda      0.00      0.00      0.00      0.00      0.00      0.00      0.00      0.00

04:05:25 PM IST       DEV       tps     rkB/s     wkB/s     dkB/s   areq-sz    aqu-sz     await     %util
04:05:26 PM IST   nvme0n1      0.00      0.00      0.00      0.00      0.00      0.00      0.00      0.00
04:05:26 PM IST       sda    157.00      0.00    692.00      0.00      4.41      0.04      0.24      0.80

04:05:26 PM IST       DEV       tps     rkB/s     wkB/s     dkB/s   areq-sz    aqu-sz     await     %util
04:05:27 PM IST   nvme0n1      0.00      0.00      0.00      0.00      0.00      0.00      0.00      0.00
04:05:27 PM IST       sda      1.00      0.00     12.00      0.00     12.00      0.00      1.00      0.00

04:05:27 PM IST       DEV       tps     rkB/s     wkB/s     dkB/s   areq-sz    aqu-sz     await     %util
04:05:28 PM IST   nvme0n1      0.00      0.00      0.00      0.00      0.00      0.00      0.00      0.00
04:05:28 PM IST       sda      2.00      0.00     80.00      0.00     40.00      0.00      1.00      0.40

04:05:28 PM IST       DEV       tps     rkB/s     wkB/s     dkB/s   areq-sz    aqu-sz     await     %util
04:05:29 PM IST   nvme0n1      0.00      0.00      0.00      0.00      0.00      0.00      0.00      0.00
04:05:29 PM IST       sda     48.00      0.00    300.00      0.00      6.25      0.01      0.23      0.00

04:05:29 PM IST       DEV       tps     rkB/s     wkB/s     dkB/s   areq-sz    aqu-sz     await     %util
04:05:30 PM IST   nvme0n1      0.00      0.00      0.00      0.00      0.00      0.00      0.00      0.00
04:05:30 PM IST       sda      0.00      0.00      0.00      0.00      0.00      0.00      0.00      0.00

04:05:30 PM IST       DEV       tps     rkB/s     wkB/s     dkB/s   areq-sz    aqu-sz     await     %util
04:05:31 PM IST   nvme0n1      0.00      0.00      0.00      0.00      0.00      0.00      0.00      0.00
04:05:31 PM IST       sda     53.00      0.00    272.00      0.00      5.13      0.01      0.17      0.00

04:05:31 PM IST       DEV       tps     rkB/s     wkB/s     dkB/s   areq-sz    aqu-sz     await     %util
04:05:32 PM IST   nvme0n1      0.00      0.00      0.00      0.00      0.00      0.00      0.00      0.00
04:05:32 PM IST       sda      5.00      0.00    120.00      0.00     24.00      0.00      0.40      0.00

04:05:32 PM IST       DEV       tps     rkB/s     wkB/s     dkB/s   areq-sz    aqu-sz     await     %util
04:05:33 PM IST   nvme0n1      0.00      0.00      0.00      0.00      0.00      0.00      0.00      0.00
04:05:33 PM IST       sda      0.00      0.00      0.00      0.00      0.00      0.00      0.00      0.00

04:05:33 PM IST       DEV       tps     rkB/s     wkB/s     dkB/s   areq-sz    aqu-sz     await     %util
04:05:34 PM IST   nvme0n1      0.00      0.00      0.00      0.00      0.00      0.00      0.00      0.00
04:05:34 PM IST       sda      0.00      0.00      0.00      0.00      0.00      0.00      0.00      0.00

04:05:34 PM IST       DEV       tps     rkB/s     wkB/s     dkB/s   areq-sz    aqu-sz     await     %util
04:05:35 PM IST   nvme0n1      0.00      0.00      0.00      0.00      0.00      0.00      0.00      0.00
04:05:35 PM IST       sda      0.00      0.00      0.00      0.00      0.00      0.00      0.00      0.00

04:05:35 PM IST       DEV       tps     rkB/s     wkB/s     dkB/s   areq-sz    aqu-sz     await     %util
04:05:36 PM IST   nvme0n1      0.00      0.00      0.00      0.00      0.00      0.00      0.00      0.00
04:05:36 PM IST       sda     27.00      0.00    148.00      0.00      5.48      0.01      0.37      0.00

04:05:36 PM IST       DEV       tps     rkB/s     wkB/s     dkB/s   areq-sz    aqu-sz     await     %util
04:05:37 PM IST   nvme0n1      0.00      0.00      0.00      0.00      0.00      0.00      0.00      0.00
04:05:37 PM IST       sda     41.00      0.00    280.00      0.00      6.83      0.01      0.12      0.00

04:05:37 PM IST       DEV       tps     rkB/s     wkB/s     dkB/s   areq-sz    aqu-sz     await     %util
04:05:38 PM IST   nvme0n1      0.00      0.00      0.00      0.00      0.00      0.00      0.00      0.00
04:05:38 PM IST       sda      2.00      0.00    120.00      0.00     60.00      0.00      0.50      0.40

04:05:38 PM IST       DEV       tps     rkB/s     wkB/s     dkB/s   areq-sz    aqu-sz     await     %util
04:05:39 PM IST   nvme0n1      0.00      0.00      0.00      0.00      0.00      0.00      0.00      0.00
04:05:39 PM IST       sda      0.00      0.00      0.00      0.00      0.00      0.00      0.00      0.00

04:05:39 PM IST       DEV       tps     rkB/s     wkB/s     dkB/s   areq-sz    aqu-sz     await     %util
04:05:40 PM IST   nvme0n1      0.00      0.00      0.00      0.00      0.00      0.00      0.00      0.00
04:05:40 PM IST       sda      0.00      0.00      0.00      0.00      0.00      0.00      0.00      0.00

04:05:40 PM IST       DEV       tps     rkB/s     wkB/s     dkB/s   areq-sz    aqu-sz     await     %util
04:05:41 PM IST   nvme0n1      0.00      0.00      0.00      0.00      0.00      0.00      0.00      0.00
04:05:41 PM IST       sda      0.00      0.00      0.00      0.00      0.00      0.00      0.00      0.00

04:05:41 PM IST       DEV       tps     rkB/s     wkB/s     dkB/s   areq-sz    aqu-sz     await     %util
04:05:42 PM IST   nvme0n1      0.00      0.00      0.00      0.00      0.00      0.00      0.00      0.00
04:05:42 PM IST       sda      2.00      0.00     16.00      0.00      8.00      0.00      1.00      0.00

04:05:42 PM IST       DEV       tps     rkB/s     wkB/s     dkB/s   areq-sz    aqu-sz     await     %util
04:05:43 PM IST   nvme0n1      0.00      0.00      0.00      0.00      0.00      0.00      0.00      0.00
04:05:43 PM IST       sda      2.00      0.00     44.00      0.00     22.00      0.00      0.50      0.40

04:05:43 PM IST       DEV       tps     rkB/s     wkB/s     dkB/s   areq-sz    aqu-sz     await     %util
04:05:44 PM IST   nvme0n1      0.00      0.00      0.00      0.00      0.00      0.00      0.00      0.00
04:05:44 PM IST       sda     11.00      0.00     88.00      0.00      8.00      0.01      0.36      0.40

04:05:44 PM IST       DEV       tps     rkB/s     wkB/s     dkB/s   areq-sz    aqu-sz     await     %util
04:05:45 PM IST   nvme0n1      0.00      0.00      0.00      0.00      0.00      0.00      0.00      0.00
04:05:45 PM IST       sda      5.00      0.00     96.00      0.00     19.20      0.00      0.60      0.00

04:05:45 PM IST       DEV       tps     rkB/s     wkB/s     dkB/s   areq-sz    aqu-sz     await     %util
04:05:46 PM IST   nvme0n1      0.00      0.00      0.00      0.00      0.00      0.00      0.00      0.00
04:05:46 PM IST       sda      4.00      0.00     60.00      0.00     15.00      0.00      0.25      0.00

04:05:46 PM IST       DEV       tps     rkB/s     wkB/s     dkB/s   areq-sz    aqu-sz     await     %util
04:05:47 PM IST   nvme0n1      0.00      0.00      0.00      0.00      0.00      0.00      0.00      0.00
04:05:47 PM IST       sda     39.00      4.00    664.00      0.00     17.13      0.02      0.56      0.00

04:05:47 PM IST       DEV       tps     rkB/s     wkB/s     dkB/s   areq-sz    aqu-sz     await     %util
04:05:48 PM IST   nvme0n1      0.00      0.00      0.00      0.00      0.00      0.00      0.00      0.00
04:05:48 PM IST       sda      0.00      0.00      0.00      0.00      0.00      0.00      0.00      0.00

04:05:48 PM IST       DEV       tps     rkB/s     wkB/s     dkB/s   areq-sz    aqu-sz     await     %util
04:05:49 PM IST   nvme0n1      0.00      0.00      0.00      0.00      0.00      0.00      0.00      0.00
04:05:49 PM IST       sda      4.00      0.00     56.00      0.00     14.00      0.00      0.50      0.40

04:05:49 PM IST       DEV       tps     rkB/s     wkB/s     dkB/s   areq-sz    aqu-sz     await     %util
04:05:50 PM IST   nvme0n1      0.00      0.00      0.00      0.00      0.00      0.00      0.00      0.00
04:05:50 PM IST       sda      9.00      0.00    248.00      0.00     27.56      0.01      0.44      1.60

04:05:50 PM IST       DEV       tps     rkB/s     wkB/s     dkB/s   areq-sz    aqu-sz     await     %util
04:05:51 PM IST   nvme0n1      0.00      0.00      0.00      0.00      0.00      0.00      0.00      0.00
04:05:51 PM IST       sda      1.00      0.00      4.00      0.00      4.00      0.00      0.00      0.00

04:05:51 PM IST       DEV       tps     rkB/s     wkB/s     dkB/s   areq-sz    aqu-sz     await     %util
04:05:52 PM IST   nvme0n1      0.00      0.00      0.00      0.00      0.00      0.00      0.00      0.00
04:05:52 PM IST       sda      0.00      0.00      0.00      0.00      0.00      0.00      0.00      0.00

04:05:52 PM IST       DEV       tps     rkB/s     wkB/s     dkB/s   areq-sz    aqu-sz     await     %util
04:05:53 PM IST   nvme0n1      0.00      0.00      0.00      0.00      0.00      0.00      0.00      0.00
04:05:53 PM IST       sda     18.00      0.00    332.00      0.00     18.44      0.00      0.22      0.00

04:05:53 PM IST       DEV       tps     rkB/s     wkB/s     dkB/s   areq-sz    aqu-sz     await     %util
04:05:54 PM IST   nvme0n1      0.00      0.00      0.00      0.00      0.00      0.00      0.00      0.00
04:05:54 PM IST       sda      0.00      0.00      0.00      0.00      0.00      0.00      0.00      0.00

04:05:54 PM IST       DEV       tps     rkB/s     wkB/s     dkB/s   areq-sz    aqu-sz     await     %util
04:05:55 PM IST   nvme0n1      0.00      0.00      0.00      0.00      0.00      0.00      0.00      0.00
04:05:55 PM IST       sda     14.00     28.00    256.00      0.00     20.29      0.01      0.50      0.40

04:05:55 PM IST       DEV       tps     rkB/s     wkB/s     dkB/s   areq-sz    aqu-sz     await     %util
04:05:56 PM IST   nvme0n1      0.00      0.00      0.00      0.00      0.00      0.00      0.00      0.00
04:05:56 PM IST       sda      1.00      0.00    256.00      0.00    256.00      0.00      1.00      0.00

04:05:56 PM IST       DEV       tps     rkB/s     wkB/s     dkB/s   areq-sz    aqu-sz     await     %util
04:05:57 PM IST   nvme0n1      0.00      0.00      0.00      0.00      0.00      0.00      0.00      0.00
04:05:57 PM IST       sda      0.00      0.00      0.00      0.00      0.00      0.00      0.00      0.00

04:05:57 PM IST       DEV       tps     rkB/s     wkB/s     dkB/s   areq-sz    aqu-sz     await     %util
04:05:58 PM IST   nvme0n1      0.00      0.00      0.00      0.00      0.00      0.00      0.00      0.00
04:05:58 PM IST       sda     61.00      0.00    844.00      0.00     13.84      0.02      0.30      0.00

04:05:58 PM IST       DEV       tps     rkB/s     wkB/s     dkB/s   areq-sz    aqu-sz     await     %util
04:05:59 PM IST   nvme0n1      0.00      0.00      0.00      0.00      0.00      0.00      0.00      0.00
04:05:59 PM IST       sda      5.00      8.00    256.00      0.00     52.80      0.00      0.20      0.00

04:05:59 PM IST       DEV       tps     rkB/s     wkB/s     dkB/s   areq-sz    aqu-sz     await     %util
04:06:00 PM IST   nvme0n1      0.00      0.00      0.00      0.00      0.00      0.00      0.00      0.00
04:06:00 PM IST       sda     98.00      0.00    432.00      0.00      4.41      0.01      0.14      0.40

04:06:00 PM IST       DEV       tps     rkB/s     wkB/s     dkB/s   areq-sz    aqu-sz     await     %util
04:06:01 PM IST   nvme0n1      0.00      0.00      0.00      0.00      0.00      0.00      0.00      0.00
04:06:01 PM IST       sda      0.00      0.00      0.00      0.00      0.00      0.00      0.00      0.00

04:06:01 PM IST       DEV       tps     rkB/s     wkB/s     dkB/s   areq-sz    aqu-sz     await     %util
04:06:02 PM IST   nvme0n1      0.00      0.00      0.00      0.00      0.00      0.00      0.00      0.00
04:06:02 PM IST       sda      9.00      0.00    256.00      0.00     28.44      0.01      0.78      0.40

04:06:02 PM IST       DEV       tps     rkB/s     wkB/s     dkB/s   areq-sz    aqu-sz     await     %util
04:06:03 PM IST   nvme0n1      0.00      0.00      0.00      0.00      0.00      0.00      0.00      0.00
04:06:03 PM IST       sda      0.00      0.00      0.00      0.00      0.00      0.00      0.00      0.00

04:06:03 PM IST       DEV       tps     rkB/s     wkB/s     dkB/s   areq-sz    aqu-sz     await     %util
04:06:04 PM IST   nvme0n1      0.00      0.00      0.00      0.00      0.00      0.00      0.00      0.00
04:06:04 PM IST       sda      2.00      0.00    104.00      0.00     52.00      0.00      1.00      0.00

04:06:04 PM IST       DEV       tps     rkB/s     wkB/s     dkB/s   areq-sz    aqu-sz     await     %util
04:06:05 PM IST   nvme0n1      0.00      0.00      0.00      0.00      0.00      0.00      0.00      0.00
04:06:05 PM IST       sda      2.00      0.00     24.00      0.00     12.00      0.00      1.00      0.40

04:06:05 PM IST       DEV       tps     rkB/s     wkB/s     dkB/s   areq-sz    aqu-sz     await     %util
04:06:06 PM IST   nvme0n1      0.00      0.00      0.00      0.00      0.00      0.00      0.00      0.00
04:06:06 PM IST       sda     72.00      0.00    656.00      0.00      9.11      0.02      0.19      1.20

04:06:06 PM IST       DEV       tps     rkB/s     wkB/s     dkB/s   areq-sz    aqu-sz     await     %util
04:06:07 PM IST   nvme0n1      0.00      0.00      0.00      0.00      0.00      0.00      0.00      0.00
04:06:07 PM IST       sda     29.00      0.00    172.00      0.00      5.93      0.01      0.31      0.00

04:06:07 PM IST       DEV       tps     rkB/s     wkB/s     dkB/s   areq-sz    aqu-sz     await     %util
04:06:08 PM IST   nvme0n1      0.00      0.00      0.00      0.00      0.00      0.00      0.00      0.00
04:06:08 PM IST       sda      0.00      0.00      0.00      0.00      0.00      0.00      0.00      0.00

04:06:08 PM IST       DEV       tps     rkB/s     wkB/s     dkB/s   areq-sz    aqu-sz     await     %util
04:06:09 PM IST   nvme0n1      0.00      0.00      0.00      0.00      0.00      0.00      0.00      0.00
04:06:09 PM IST       sda     39.00      0.00    348.00      0.00      8.92      0.01      0.18      0.00

04:06:09 PM IST       DEV       tps     rkB/s     wkB/s     dkB/s   areq-sz    aqu-sz     await     %util
04:06:10 PM IST   nvme0n1      0.00      0.00      0.00      0.00      0.00      0.00      0.00      0.00
04:06:10 PM IST       sda      0.00      0.00      0.00      0.00      0.00      0.00      0.00      0.00

04:06:10 PM IST       DEV       tps     rkB/s     wkB/s     dkB/s   areq-sz    aqu-sz     await     %util
04:06:11 PM IST   nvme0n1      0.00      0.00      0.00      0.00      0.00      0.00      0.00      0.00
04:06:11 PM IST       sda      5.00      0.00     44.00      0.00      8.80      0.00      0.40      0.00

04:06:11 PM IST       DEV       tps     rkB/s     wkB/s     dkB/s   areq-sz    aqu-sz     await     %util
04:06:12 PM IST   nvme0n1      0.00      0.00      0.00      0.00      0.00      0.00      0.00      0.00
04:06:12 PM IST       sda     26.00      0.00    388.00      0.00     14.92      0.01      0.38      0.40

04:06:12 PM IST       DEV       tps     rkB/s     wkB/s     dkB/s   areq-sz    aqu-sz     await     %util
04:06:13 PM IST   nvme0n1      0.00      0.00      0.00      0.00      0.00      0.00      0.00      0.00
04:06:13 PM IST       sda      0.00      0.00      0.00      0.00      0.00      0.00      0.00      0.00

04:06:13 PM IST       DEV       tps     rkB/s     wkB/s     dkB/s   areq-sz    aqu-sz     await     %util
04:06:14 PM IST   nvme0n1      0.00      0.00      0.00      0.00      0.00      0.00      0.00      0.00
04:06:14 PM IST       sda      0.00      0.00      0.00      0.00      0.00      0.00      0.00      0.00

04:06:14 PM IST       DEV       tps     rkB/s     wkB/s     dkB/s   areq-sz    aqu-sz     await     %util
04:06:15 PM IST   nvme0n1      0.00      0.00      0.00      0.00      0.00      0.00      0.00      0.00
04:06:15 PM IST       sda     14.00      0.00    228.00      0.00     16.29      0.01      0.36      0.40

04:06:15 PM IST       DEV       tps     rkB/s     wkB/s     dkB/s   areq-sz    aqu-sz     await     %util
04:06:16 PM IST   nvme0n1      0.00      0.00      0.00      0.00      0.00      0.00      0.00      0.00
04:06:16 PM IST       sda     20.00      0.00    280.00      0.00     14.00      0.01      0.25      0.00

04:06:16 PM IST       DEV       tps     rkB/s     wkB/s     dkB/s   areq-sz    aqu-sz     await     %util
04:06:17 PM IST   nvme0n1      0.00      0.00      0.00      0.00      0.00      0.00      0.00      0.00
04:06:17 PM IST       sda      4.00      0.00     52.00      0.00     13.00      0.00      0.00      0.00

04:06:17 PM IST       DEV       tps     rkB/s     wkB/s     dkB/s   areq-sz    aqu-sz     await     %util
04:06:18 PM IST   nvme0n1      0.00      0.00      0.00      0.00      0.00      0.00      0.00      0.00
04:06:18 PM IST       sda      5.00      0.00    420.00      0.00     84.00      0.01      1.40      0.00

04:06:18 PM IST       DEV       tps     rkB/s     wkB/s     dkB/s   areq-sz    aqu-sz     await     %util
04:06:19 PM IST   nvme0n1      0.00      0.00      0.00      0.00      0.00      0.00      0.00      0.00
04:06:19 PM IST       sda     34.00      0.00    340.00      0.00     10.00      0.01      0.15      0.00

04:06:19 PM IST       DEV       tps     rkB/s     wkB/s     dkB/s   areq-sz    aqu-sz     await     %util
04:06:20 PM IST   nvme0n1      0.00      0.00      0.00      0.00      0.00      0.00      0.00      0.00
04:06:20 PM IST       sda      1.00      0.00      4.00      0.00      4.00      0.00      1.00      0.00

04:06:20 PM IST       DEV       tps     rkB/s     wkB/s     dkB/s   areq-sz    aqu-sz     await     %util
04:06:21 PM IST   nvme0n1      0.00      0.00      0.00      0.00      0.00      0.00      0.00      0.00
04:06:21 PM IST       sda      2.00      0.00    100.00      0.00     50.00      0.00      0.50      0.00

04:06:21 PM IST       DEV       tps     rkB/s     wkB/s     dkB/s   areq-sz    aqu-sz     await     %util
04:06:22 PM IST   nvme0n1      0.00      0.00      0.00      0.00      0.00      0.00      0.00      0.00
04:06:22 PM IST       sda      1.00      0.00      8.00      0.00      8.00      0.00      0.00      0.00

04:06:22 PM IST       DEV       tps     rkB/s     wkB/s     dkB/s   areq-sz    aqu-sz     await     %util
04:06:23 PM IST   nvme0n1      0.00      0.00      0.00      0.00      0.00      0.00      0.00      0.00
04:06:23 PM IST       sda     76.00      4.00    620.00      0.00      8.21      0.01      0.20      0.00

04:06:23 PM IST       DEV       tps     rkB/s     wkB/s     dkB/s   areq-sz    aqu-sz     await     %util
04:06:24 PM IST   nvme0n1      0.00      0.00      0.00      0.00      0.00      0.00      0.00      0.00
04:06:24 PM IST       sda      3.00      0.00     72.00      0.00     24.00      0.00      0.33      0.00

04:06:24 PM IST       DEV       tps     rkB/s     wkB/s     dkB/s   areq-sz    aqu-sz     await     %util
04:06:25 PM IST   nvme0n1      0.00      0.00      0.00      0.00      0.00      0.00      0.00      0.00
04:06:25 PM IST       sda     15.00      0.00    216.00      0.00     14.40      0.01      0.33      0.40

04:06:25 PM IST       DEV       tps     rkB/s     wkB/s     dkB/s   areq-sz    aqu-sz     await     %util
04:06:26 PM IST   nvme0n1      0.00      0.00      0.00      0.00      0.00      0.00      0.00      0.00
04:06:26 PM IST       sda     26.00      0.00    108.00      0.00      4.15      0.01      0.31      0.00

04:06:26 PM IST       DEV       tps     rkB/s     wkB/s     dkB/s   areq-sz    aqu-sz     await     %util
04:06:27 PM IST   nvme0n1      0.00      0.00      0.00      0.00      0.00      0.00      0.00      0.00
04:06:27 PM IST       sda      0.00      0.00      0.00      0.00      0.00      0.00      0.00      0.00

04:06:27 PM IST       DEV       tps     rkB/s     wkB/s     dkB/s   areq-sz    aqu-sz     await     %util
04:06:28 PM IST   nvme0n1      0.00      0.00      0.00      0.00      0.00      0.00      0.00      0.00
04:06:28 PM IST       sda     75.00      0.00    828.00      0.00     11.04      0.03      0.37      0.00

04:06:28 PM IST       DEV       tps     rkB/s     wkB/s     dkB/s   areq-sz    aqu-sz     await     %util
04:06:29 PM IST   nvme0n1      0.00      0.00      0.00      0.00      0.00      0.00      0.00      0.00
04:06:29 PM IST       sda      3.00      0.00    144.00      0.00     48.00      0.00      0.33      0.00

04:06:29 PM IST       DEV       tps     rkB/s     wkB/s     dkB/s   areq-sz    aqu-sz     await     %util
04:06:30 PM IST   nvme0n1      0.00      0.00      0.00      0.00      0.00      0.00      0.00      0.00
04:06:30 PM IST       sda      2.00      0.00     20.00      0.00     10.00      0.00      0.50      0.00

04:06:30 PM IST       DEV       tps     rkB/s     wkB/s     dkB/s   areq-sz    aqu-sz     await     %util
04:06:31 PM IST   nvme0n1      0.00      0.00      0.00      0.00      0.00      0.00      0.00      0.00
04:06:31 PM IST       sda    106.00      0.00    444.00      0.00      4.19      0.01      0.11      0.00

04:06:31 PM IST       DEV       tps     rkB/s     wkB/s     dkB/s   areq-sz    aqu-sz     await     %util
04:06:32 PM IST   nvme0n1      0.00      0.00      0.00      0.00      0.00      0.00      0.00      0.00
04:06:32 PM IST       sda      0.00      0.00      0.00      0.00      0.00      0.00      0.00      0.00

04:06:32 PM IST       DEV       tps     rkB/s     wkB/s     dkB/s   areq-sz    aqu-sz     await     %util
04:06:33 PM IST   nvme0n1      0.00      0.00      0.00      0.00      0.00      0.00      0.00      0.00
04:06:33 PM IST       sda      2.00      0.00     44.00      0.00     22.00      0.00      0.50      0.00

04:06:33 PM IST       DEV       tps     rkB/s     wkB/s     dkB/s   areq-sz    aqu-sz     await     %util
04:06:34 PM IST   nvme0n1      0.00      0.00      0.00      0.00      0.00      0.00      0.00      0.00
04:06:34 PM IST       sda      1.00      0.00     68.00      0.00     68.00      0.00      0.00      0.00

04:06:34 PM IST       DEV       tps     rkB/s     wkB/s     dkB/s   areq-sz    aqu-sz     await     %util
04:06:35 PM IST   nvme0n1      0.00      0.00      0.00      0.00      0.00      0.00      0.00      0.00
04:06:35 PM IST       sda     22.00      0.00     96.00      0.00      4.36      0.01      0.18      0.00

04:06:35 PM IST       DEV       tps     rkB/s     wkB/s     dkB/s   areq-sz    aqu-sz     await     %util
04:06:36 PM IST   nvme0n1      0.00      0.00      0.00      0.00      0.00      0.00      0.00      0.00
04:06:36 PM IST       sda     13.00      0.00    160.00      0.00     12.31      0.01      0.38      0.40

04:06:36 PM IST       DEV       tps     rkB/s     wkB/s     dkB/s   areq-sz    aqu-sz     await     %util
04:06:37 PM IST   nvme0n1      0.00      0.00      0.00      0.00      0.00      0.00      0.00      0.00
04:06:37 PM IST       sda      0.00      0.00      0.00      0.00      0.00      0.00      0.00      0.00

04:06:37 PM IST       DEV       tps     rkB/s     wkB/s     dkB/s   areq-sz    aqu-sz     await     %util
04:06:38 PM IST   nvme0n1      0.00      0.00      0.00      0.00      0.00      0.00      0.00      0.00
04:06:38 PM IST       sda     27.00      0.00    204.00      0.00      7.56      0.01      0.33      0.00

04:06:38 PM IST       DEV       tps     rkB/s     wkB/s     dkB/s   areq-sz    aqu-sz     await     %util
04:06:39 PM IST   nvme0n1      0.00      0.00      0.00      0.00      0.00      0.00      0.00      0.00
04:06:39 PM IST       sda      0.00      0.00      0.00      0.00      0.00      0.00      0.00      0.00

04:06:39 PM IST       DEV       tps     rkB/s     wkB/s     dkB/s   areq-sz    aqu-sz     await     %util
04:06:40 PM IST   nvme0n1      0.00      0.00      0.00      0.00      0.00      0.00      0.00      0.00
04:06:40 PM IST       sda      0.00      0.00      0.00      0.00      0.00      0.00      0.00      0.00

04:06:40 PM IST       DEV       tps     rkB/s     wkB/s     dkB/s   areq-sz    aqu-sz     await     %util
04:06:41 PM IST   nvme0n1      0.00      0.00      0.00      0.00      0.00      0.00      0.00      0.00
04:06:41 PM IST       sda     17.00      0.00    100.00      0.00      5.88      0.02      1.24      0.00

04:06:41 PM IST       DEV       tps     rkB/s     wkB/s     dkB/s   areq-sz    aqu-sz     await     %util
04:06:42 PM IST   nvme0n1      0.00      0.00      0.00      0.00      0.00      0.00      0.00      0.00
04:06:42 PM IST       sda      4.00      0.00     20.00      0.00      5.00      0.00      0.25      0.00

04:06:42 PM IST       DEV       tps     rkB/s     wkB/s     dkB/s   areq-sz    aqu-sz     await     %util
04:06:43 PM IST   nvme0n1      0.00      0.00      0.00      0.00      0.00      0.00      0.00      0.00
04:06:43 PM IST       sda      1.00      0.00    104.00      0.00    104.00      0.00      0.00      0.00

04:06:43 PM IST       DEV       tps     rkB/s     wkB/s     dkB/s   areq-sz    aqu-sz     await     %util
04:06:44 PM IST   nvme0n1      0.00      0.00      0.00      0.00      0.00      0.00      0.00      0.00
04:06:44 PM IST       sda      1.00      0.00      4.00      0.00      4.00      0.00      1.00      0.00

04:06:44 PM IST       DEV       tps     rkB/s     wkB/s     dkB/s   areq-sz    aqu-sz     await     %util
04:06:45 PM IST   nvme0n1      0.00      0.00      0.00      0.00      0.00      0.00      0.00      0.00
04:06:45 PM IST       sda     11.00      0.00    120.00      0.00     10.91      0.01      0.45      0.40

04:06:45 PM IST       DEV       tps     rkB/s     wkB/s     dkB/s   areq-sz    aqu-sz     await     %util
04:06:46 PM IST   nvme0n1      0.00      0.00      0.00      0.00      0.00      0.00      0.00      0.00
04:06:46 PM IST       sda      0.00      0.00      0.00      0.00      0.00      0.00      0.00      0.00

04:06:46 PM IST       DEV       tps     rkB/s     wkB/s     dkB/s   areq-sz    aqu-sz     await     %util
04:06:47 PM IST   nvme0n1      0.00      0.00      0.00      0.00      0.00      0.00      0.00      0.00
04:06:47 PM IST       sda     23.00      0.00    696.00      0.00     30.26      0.01      0.39      0.00

04:06:47 PM IST       DEV       tps     rkB/s     wkB/s     dkB/s   areq-sz    aqu-sz     await     %util
04:06:48 PM IST   nvme0n1      0.00      0.00      0.00      0.00      0.00      0.00      0.00      0.00
04:06:48 PM IST       sda      0.00      0.00      0.00      0.00      0.00      0.00      0.00      0.00

04:06:48 PM IST       DEV       tps     rkB/s     wkB/s     dkB/s   areq-sz    aqu-sz     await     %util
04:06:49 PM IST   nvme0n1      0.00      0.00      0.00      0.00      0.00      0.00      0.00      0.00
04:06:49 PM IST       sda      0.00      0.00      0.00      0.00      0.00      0.00      0.00      0.00

04:06:49 PM IST       DEV       tps     rkB/s     wkB/s     dkB/s   areq-sz    aqu-sz     await     %util
04:06:50 PM IST   nvme0n1      0.00      0.00      0.00      0.00      0.00      0.00      0.00      0.00
04:06:50 PM IST       sda      1.00      0.00    136.00      0.00    136.00      0.00      1.00      0.00

04:06:50 PM IST       DEV       tps     rkB/s     wkB/s     dkB/s   areq-sz    aqu-sz     await     %util
04:06:51 PM IST   nvme0n1      0.00      0.00      0.00      0.00      0.00      0.00      0.00      0.00
04:06:51 PM IST       sda      1.00      0.00      0.00      0.00      0.00      0.00      1.00      0.00

04:06:51 PM IST       DEV       tps     rkB/s     wkB/s     dkB/s   areq-sz    aqu-sz     await     %util
04:06:52 PM IST   nvme0n1      0.00      0.00      0.00      0.00      0.00      0.00      0.00      0.00
04:06:52 PM IST       sda     11.88      0.00    174.26      0.00     14.67      0.01      0.42      0.40

04:06:52 PM IST       DEV       tps     rkB/s     wkB/s     dkB/s   areq-sz    aqu-sz     await     %util
04:06:53 PM IST   nvme0n1      0.00      0.00      0.00      0.00      0.00      0.00      0.00      0.00
04:06:53 PM IST       sda      0.00      0.00      0.00      0.00      0.00      0.00      0.00      0.00

04:06:53 PM IST       DEV       tps     rkB/s     wkB/s     dkB/s   areq-sz    aqu-sz     await     %util
04:06:54 PM IST   nvme0n1      0.00      0.00      0.00      0.00      0.00      0.00      0.00      0.00
04:06:54 PM IST       sda      3.00      0.00   1012.00      0.00    337.33      0.01      2.67      0.00

04:06:54 PM IST       DEV       tps     rkB/s     wkB/s     dkB/s   areq-sz    aqu-sz     await     %util
04:06:55 PM IST   nvme0n1      0.00      0.00      0.00      0.00      0.00      0.00      0.00      0.00
04:06:55 PM IST       sda     72.00      0.00   1488.00      0.00     20.67      0.02      0.29      0.40

04:06:55 PM IST       DEV       tps     rkB/s     wkB/s     dkB/s   areq-sz    aqu-sz     await     %util
04:06:56 PM IST   nvme0n1      0.00      0.00      0.00      0.00      0.00      0.00      0.00      0.00
04:06:56 PM IST       sda      0.00      0.00      0.00      0.00      0.00      0.00      0.00      0.00

04:06:56 PM IST       DEV       tps     rkB/s     wkB/s     dkB/s   areq-sz    aqu-sz     await     %util
04:06:57 PM IST   nvme0n1      0.00      0.00      0.00      0.00      0.00      0.00      0.00      0.00
04:06:57 PM IST       sda      0.00      0.00      0.00      0.00      0.00      0.00      0.00      0.00

04:06:57 PM IST       DEV       tps     rkB/s     wkB/s     dkB/s   areq-sz    aqu-sz     await     %util
04:06:58 PM IST   nvme0n1      0.00      0.00      0.00      0.00      0.00      0.00      0.00      0.00
04:06:58 PM IST       sda      2.00      0.00     20.00      0.00     10.00      0.00      1.00      0.00

04:06:58 PM IST       DEV       tps     rkB/s     wkB/s     dkB/s   areq-sz    aqu-sz     await     %util
04:06:59 PM IST   nvme0n1      0.00      0.00      0.00      0.00      0.00      0.00      0.00      0.00
04:06:59 PM IST       sda     42.00      8.00    308.00      0.00      7.52      0.01      0.12      0.00

04:06:59 PM IST       DEV       tps     rkB/s     wkB/s     dkB/s   areq-sz    aqu-sz     await     %util
04:07:00 PM IST   nvme0n1      0.00      0.00      0.00      0.00      0.00      0.00      0.00      0.00
04:07:00 PM IST       sda      2.00      0.00    120.00      0.00     60.00      0.00      0.50      0.00

04:07:00 PM IST       DEV       tps     rkB/s     wkB/s     dkB/s   areq-sz    aqu-sz     await     %util
04:07:01 PM IST   nvme0n1      0.00      0.00      0.00      0.00      0.00      0.00      0.00      0.00
04:07:01 PM IST       sda      4.00      0.00     16.00      0.00      4.00      0.00      0.25      0.00

04:07:01 PM IST       DEV       tps     rkB/s     wkB/s     dkB/s   areq-sz    aqu-sz     await     %util
04:07:02 PM IST   nvme0n1      0.00      0.00      0.00      0.00      0.00      0.00      0.00      0.00
04:07:02 PM IST       sda     97.00      0.00    404.00      0.00      4.16      0.01      0.15      0.00

04:07:02 PM IST       DEV       tps     rkB/s     wkB/s     dkB/s   areq-sz    aqu-sz     await     %util
04:07:03 PM IST   nvme0n1      0.00      0.00      0.00      0.00      0.00      0.00      0.00      0.00
04:07:03 PM IST       sda     22.00      0.00    128.00      0.00      5.82      0.01      0.27      0.00

04:07:03 PM IST       DEV       tps     rkB/s     wkB/s     dkB/s   areq-sz    aqu-sz     await     %util
04:07:04 PM IST   nvme0n1      0.00      0.00      0.00      0.00      0.00      0.00      0.00      0.00
04:07:04 PM IST       sda      0.00      0.00      0.00      0.00      0.00      0.00      0.00      0.00

04:07:04 PM IST       DEV       tps     rkB/s     wkB/s     dkB/s   areq-sz    aqu-sz     await     %util
04:07:05 PM IST   nvme0n1      0.00      0.00      0.00      0.00      0.00      0.00      0.00      0.00
04:07:05 PM IST       sda      5.00      0.00    104.00      0.00     20.80      0.01      0.60      0.40

04:07:05 PM IST       DEV       tps     rkB/s     wkB/s     dkB/s   areq-sz    aqu-sz     await     %util
04:07:06 PM IST   nvme0n1      0.00      0.00      0.00      0.00      0.00      0.00      0.00      0.00
04:07:06 PM IST       sda      0.00      0.00      0.00      0.00      0.00      0.00      0.00      0.00

04:07:06 PM IST       DEV       tps     rkB/s     wkB/s     dkB/s   areq-sz    aqu-sz     await     %util
04:07:07 PM IST   nvme0n1      0.00      0.00      0.00      0.00      0.00      0.00      0.00      0.00
04:07:07 PM IST       sda      0.00      0.00      0.00      0.00      0.00      0.00      0.00      0.00

04:07:07 PM IST       DEV       tps     rkB/s     wkB/s     dkB/s   areq-sz    aqu-sz     await     %util
04:07:08 PM IST   nvme0n1      0.00      0.00      0.00      0.00      0.00      0.00      0.00      0.00
04:07:08 PM IST       sda     11.00      0.00    144.00      0.00     13.09      0.01      0.36      0.40

04:07:08 PM IST       DEV       tps     rkB/s     wkB/s     dkB/s   areq-sz    aqu-sz     await     %util
04:07:09 PM IST   nvme0n1      0.00      0.00      0.00      0.00      0.00      0.00      0.00      0.00
04:07:09 PM IST       sda     31.00      0.00    196.00      0.00      6.32      0.01      0.19      0.40

04:07:09 PM IST       DEV       tps     rkB/s     wkB/s     dkB/s   areq-sz    aqu-sz     await     %util
04:07:10 PM IST   nvme0n1      0.00      0.00      0.00      0.00      0.00      0.00      0.00      0.00
04:07:10 PM IST       sda    129.00    168.00   1128.00      0.00     10.05      0.07      0.37      3.60

04:07:10 PM IST       DEV       tps     rkB/s     wkB/s     dkB/s   areq-sz    aqu-sz     await     %util
04:07:11 PM IST   nvme0n1      0.00      0.00      0.00      0.00      0.00      0.00      0.00      0.00
04:07:11 PM IST       sda      0.00      0.00      0.00      0.00      0.00      0.00      0.00      0.00

04:07:11 PM IST       DEV       tps     rkB/s     wkB/s     dkB/s   areq-sz    aqu-sz     await     %util
04:07:12 PM IST   nvme0n1      0.00      0.00      0.00      0.00      0.00      0.00      0.00      0.00
04:07:12 PM IST       sda      0.00      0.00      0.00      0.00      0.00      0.00      0.00      0.00

04:07:12 PM IST       DEV       tps     rkB/s     wkB/s     dkB/s   areq-sz    aqu-sz     await     %util
04:07:13 PM IST   nvme0n1      0.00      0.00      0.00      0.00      0.00      0.00      0.00      0.00
04:07:13 PM IST       sda     12.00      0.00    128.00      0.00     10.67      0.01      0.42      0.40

04:07:13 PM IST       DEV       tps     rkB/s     wkB/s     dkB/s   areq-sz    aqu-sz     await     %util
04:07:14 PM IST   nvme0n1      0.00      0.00      0.00      0.00      0.00      0.00      0.00      0.00
04:07:14 PM IST       sda      4.00      0.00    112.00      0.00     28.00      0.00      0.25      0.00

04:07:14 PM IST       DEV       tps     rkB/s     wkB/s     dkB/s   areq-sz    aqu-sz     await     %util
04:07:15 PM IST   nvme0n1      0.00      0.00      0.00      0.00      0.00      0.00      0.00      0.00
04:07:15 PM IST       sda     24.00      0.00    304.00      0.00     12.67      0.01      0.33      0.40

04:07:15 PM IST       DEV       tps     rkB/s     wkB/s     dkB/s   areq-sz    aqu-sz     await     %util
04:07:16 PM IST   nvme0n1      0.00      0.00      0.00      0.00      0.00      0.00      0.00      0.00
04:07:16 PM IST       sda     11.00      0.00    156.00      0.00     14.18      0.01      0.36      0.00

04:07:16 PM IST       DEV       tps     rkB/s     wkB/s     dkB/s   areq-sz    aqu-sz     await     %util
04:07:17 PM IST   nvme0n1      0.00      0.00      0.00      0.00      0.00      0.00      0.00      0.00
04:07:17 PM IST       sda      0.00      0.00      0.00      0.00      0.00      0.00      0.00      0.00

04:07:17 PM IST       DEV       tps     rkB/s     wkB/s     dkB/s   areq-sz    aqu-sz     await     %util
04:07:18 PM IST   nvme0n1      0.00      0.00      0.00      0.00      0.00      0.00      0.00      0.00
04:07:18 PM IST       sda     33.00      0.00    452.00      0.00     13.70      0.02      0.39      1.20

04:07:18 PM IST       DEV       tps     rkB/s     wkB/s     dkB/s   areq-sz    aqu-sz     await     %util
04:07:19 PM IST   nvme0n1      0.00      0.00      0.00      0.00      0.00      0.00      0.00      0.00
04:07:19 PM IST       sda      3.00      0.00     12.00      0.00      4.00      0.00      0.33      0.00

04:07:19 PM IST       DEV       tps     rkB/s     wkB/s     dkB/s   areq-sz    aqu-sz     await     %util
04:07:20 PM IST   nvme0n1      0.00      0.00      0.00      0.00      0.00      0.00      0.00      0.00
04:07:20 PM IST       sda      7.00      0.00    132.00      0.00     18.86      0.10      7.29      4.80

04:07:20 PM IST       DEV       tps     rkB/s     wkB/s     dkB/s   areq-sz    aqu-sz     await     %util
04:07:21 PM IST   nvme0n1      0.00      0.00      0.00      0.00      0.00      0.00      0.00      0.00
04:07:21 PM IST       sda     25.00      0.00    320.00      0.00     12.80      0.05      1.92      0.40

04:07:21 PM IST       DEV       tps     rkB/s     wkB/s     dkB/s   areq-sz    aqu-sz     await     %util
04:07:22 PM IST   nvme0n1      0.00      0.00      0.00      0.00      0.00      0.00      0.00      0.00
04:07:22 PM IST       sda      0.00      0.00      0.00      0.00      0.00      0.00      0.00      0.00

04:07:22 PM IST       DEV       tps     rkB/s     wkB/s     dkB/s   areq-sz    aqu-sz     await     %util
04:07:23 PM IST   nvme0n1      0.00      0.00      0.00      0.00      0.00      0.00      0.00      0.00
04:07:23 PM IST       sda      4.00      0.00     56.00      0.00     14.00      0.00      0.75      0.00

04:07:23 PM IST       DEV       tps     rkB/s     wkB/s     dkB/s   areq-sz    aqu-sz     await     %util
04:07:24 PM IST   nvme0n1      0.00      0.00      0.00      0.00      0.00      0.00      0.00      0.00
04:07:24 PM IST       sda      0.00      0.00      0.00      0.00      0.00      0.00      0.00      0.00

04:07:24 PM IST       DEV       tps     rkB/s     wkB/s     dkB/s   areq-sz    aqu-sz     await     %util
04:07:25 PM IST   nvme0n1      0.00      0.00      0.00      0.00      0.00      0.00      0.00      0.00
04:07:25 PM IST       sda      8.00      0.00    196.00      0.00     24.50      0.01      0.38      0.40

04:07:25 PM IST       DEV       tps     rkB/s     wkB/s     dkB/s   areq-sz    aqu-sz     await     %util
04:07:26 PM IST   nvme0n1      0.00      0.00      0.00      0.00      0.00      0.00      0.00      0.00
04:07:26 PM IST       sda      2.00      0.00     16.00      0.00      8.00      0.00      0.00      0.00
