Linux 6.12.33+kali-amd64 (two94) 	23/11/25 	_x86_64_	(12 CPU)

12:01:51 AM IST  CPU    %usr   %nice    %sys %iowait    %irq   %soft  %steal  %guest  %gnice   %idle
12:01:52 AM IST  all    4.63    0.00    3.11    3.36    0.00    0.50    0.00    0.00    0.00   88.39
12:01:53 AM IST  all   11.82    0.00    4.17    0.77    0.00    1.62    0.00    0.00    0.00   81.63
12:01:54 AM IST  all   11.75    0.00    4.94    0.68    0.00    1.19    0.00    0.00    0.00   81.43
12:01:55 AM IST  all   10.27    0.00    3.93    1.28    0.00    1.63    0.00    0.00    0.00   82.89
12:01:56 AM IST  all   10.76    0.00    4.36    0.94    0.00    1.79    0.00    0.00    0.00   82.15
12:01:57 AM IST  all   12.87    0.00    5.17    0.17    0.00    1.44    0.00    0.00    0.00   80.36
12:01:58 AM IST  all   12.49    0.00    4.79    0.09    0.00    1.54    0.00    0.00    0.00   81.09
12:01:59 AM IST  all   12.93    0.00    4.73    0.08    0.00    1.78    0.00    0.00    0.00   80.47
12:02:00 AM IST  all   12.34    0.00    4.88    0.09    0.00    1.71    0.00    0.00    0.00   80.98
12:02:01 AM IST  all   13.02    0.00    4.65    0.17    0.00    1.78    0.00    0.00    0.00   80.39
12:02:02 AM IST  all   11.82    0.00    5.87    0.09    0.00    1.36    0.00    0.00    0.00   80.87
12:02:03 AM IST  all   12.83    0.00    5.18    0.00    0.00    1.53    0.00    0.00    0.00   80.46
12:02:04 AM IST  all   13.07    0.00    4.84    0.17    0.00    1.53    0.00    0.00    0.00   80.39
12:02:05 AM IST  all   12.91    0.00    4.50    0.08    0.00    1.70    0.00    0.00    0.00   80.80
12:02:06 AM IST  all   12.43    0.00    5.02    0.09    0.00    1.87    0.00    0.00    0.00   80.60
12:02:07 AM IST  all   12.65    0.00    4.10    0.09    0.00    1.71    0.00    0.00    0.00   81.45
12:02:08 AM IST  all   13.22    0.00    4.75    0.08    0.00    1.61    0.00    0.00    0.00   80.34
12:02:09 AM IST  all   12.28    0.00    4.94    0.09    0.00    1.79    0.00    0.00    0.00   80.90
12:02:10 AM IST  all   13.00    0.00    4.39    0.08    0.00    2.11    0.00    0.00    0.00   80.42
12:02:11 AM IST  all   13.40    0.00    4.10    0.09    0.00    1.45    0.00    0.00    0.00   80.97
12:02:12 AM IST  all   13.59    0.00    4.33    0.08    0.00    1.53    0.00    0.00    0.00   80.46
12:02:13 AM IST  all   12.89    0.00    5.00    0.08    0.00    1.70    0.00    0.00    0.00   80.32
12:02:14 AM IST  all   11.90    0.00    5.70    0.09    0.00    1.53    0.00    0.00    0.00   80.78
12:02:15 AM IST  all   13.23    0.00    3.84    0.09    0.00    1.88    0.00    0.00    0.00   80.97
12:02:16 AM IST  all   13.52    0.00    4.14    0.08    0.00    1.78    0.00    0.00    0.00   80.47
12:02:17 AM IST  all   13.04    0.00    4.15    0.08    0.00    1.95    0.00    0.00    0.00   80.78
12:02:18 AM IST  all   13.00    0.00    5.06    0.08    0.00    1.52    0.00    0.00    0.00   80.34
12:02:19 AM IST  all   13.00    0.00    4.67    0.08    0.00    1.70    0.00    0.00    0.00   80.54
12:02:20 AM IST  all   12.33    0.00    4.93    0.09    0.00    1.70    0.00    0.00    0.00   80.95
12:02:21 AM IST  all   12.95    0.00    4.60    0.09    0.00    1.36    0.00    0.00    0.00   81.01
12:02:22 AM IST  all   11.98    0.00    4.79    0.17    0.00    1.80    0.00    0.00    0.00   81.27
12:02:23 AM IST  all   12.90    0.00    4.67    0.08    0.00    1.78    0.00    0.00    0.00   80.56
12:02:24 AM IST  all   12.67    0.00    4.98    0.17    0.00    1.69    0.00    0.00    0.00   80.49
12:02:25 AM IST  all   12.35    0.00    4.77    0.00    0.00    1.96    0.00    0.00    0.00   80.92
12:02:26 AM IST  all   12.81    0.00    3.84    0.09    0.00    2.05    0.00    0.00    0.00   81.21
12:02:27 AM IST  all   12.97    0.00    5.08    0.08    0.00    1.36    0.00    0.00    0.00   80.51
12:02:28 AM IST  all   12.18    0.00    4.77    0.09    0.00    2.04    0.00    0.00    0.00   80.92
12:02:29 AM IST  all   13.33    0.00    5.81    0.00    0.00    1.71    0.00    0.00    0.00   79.15
12:02:30 AM IST  all   15.04    0.00    5.44    0.25    0.00    1.87    0.00    0.00    0.00   77.40
12:02:31 AM IST  all   12.04    0.00    5.12    0.09    0.00    1.45    0.00    0.00    0.00   81.30
12:02:32 AM IST  all   12.07    0.00    5.19    0.09    0.00    1.79    0.00    0.00    0.00   80.87
12:02:33 AM IST  all   12.27    0.00    5.25    0.17    0.00    1.78    0.00    0.00    0.00   80.54
12:02:34 AM IST  all   12.24    0.00    5.10    0.09    0.00    1.53    0.00    0.00    0.00   81.04
12:02:35 AM IST  all   13.17    0.00    4.53    0.09    0.00    1.63    0.00    0.00    0.00   80.58
12:02:36 AM IST  all   13.22    0.00    4.83    0.08    0.00    1.27    0.00    0.00    0.00   80.59
12:02:37 AM IST  all   12.14    0.00    4.53    0.17    0.00    2.05    0.00    0.00    0.00   81.11
12:02:38 AM IST  all   13.73    0.00    4.30    0.08    0.00    1.94    0.00    0.00    0.00   79.95
12:02:39 AM IST  all   12.61    0.00    4.60    0.09    0.00    1.70    0.00    0.00    0.00   81.01
12:02:40 AM IST  all   12.60    0.00    4.60    0.09    0.00    1.70    0.00    0.00    0.00   81.02
12:02:41 AM IST  all   13.04    0.00    4.40    0.08    0.00    1.86    0.00    0.00    0.00   80.61
12:02:42 AM IST  all   11.89    0.00    5.69    0.08    0.00    1.70    0.00    0.00    0.00   80.63
12:02:43 AM IST  all   12.47    0.00    4.95    0.09    0.00    1.20    0.00    0.00    0.00   81.30
12:02:44 AM IST  all   13.55    0.00    4.57    0.08    0.00    1.69    0.00    0.00    0.00   80.10
12:02:45 AM IST  all   13.06    0.00    4.58    0.08    0.00    1.44    0.00    0.00    0.00   80.83
12:02:46 AM IST  all   12.71    0.00    4.44    0.09    0.00    1.71    0.00    0.00    0.00   81.06
12:02:47 AM IST  all   12.77    0.00    4.43    0.09    0.00    1.79    0.00    0.00    0.00   80.94
12:02:48 AM IST  all   13.01    0.00    4.73    0.08    0.00    1.94    0.00    0.00    0.00   80.24
12:02:49 AM IST  all   13.09    0.00    4.02    0.17    0.00    1.54    0.00    0.00    0.00   81.18
12:02:50 AM IST  all   13.52    0.00    4.17    0.09    0.00    1.28    0.00    0.00    0.00   80.95
12:02:51 AM IST  all   12.90    0.00    4.75    0.08    0.00    2.12    0.00    0.00    0.00   80.14
12:02:52 AM IST  all   12.55    0.00    5.05    0.08    0.00    2.27    0.00    0.00    0.00   80.03
12:02:53 AM IST  all   13.36    0.00    4.56    0.08    0.00    1.78    0.00    0.00    0.00   80.22
12:02:54 AM IST  all   11.80    0.00    5.26    0.08    0.00    1.78    0.00    0.00    0.00   81.07
12:02:55 AM IST  all   13.04    0.00    4.91    0.17    0.00    1.35    0.00    0.00    0.00   80.52
12:02:56 AM IST  all   12.36    0.00    5.03    0.09    0.00    1.36    0.00    0.00    0.00   81.16
12:02:57 AM IST  all   12.84    0.00    4.76    0.09    0.00    1.70    0.00    0.00    0.00   80.61
12:02:58 AM IST  all   12.35    0.00    5.11    0.00    0.00    1.45    0.00    0.00    0.00   81.09
12:02:59 AM IST  all   12.74    0.00    4.16    0.25    0.00    1.95    0.00    0.00    0.00   80.88
12:03:00 AM IST  all   13.01    0.00    4.62    0.00    0.00    1.54    0.00    0.00    0.00   80.82
12:03:01 AM IST  all   12.56    0.00    4.27    0.17    0.00    1.88    0.00    0.00    0.00   81.11
12:03:02 AM IST  all   12.50    0.00    4.93    0.17    0.00    1.53    0.00    0.00    0.00   80.87
12:03:03 AM IST  all   12.79    0.00    5.17    0.08    0.00    1.78    0.00    0.00    0.00   80.19
12:03:04 AM IST  all   13.31    0.00    4.83    0.08    0.00    1.44    0.00    0.00    0.00   80.34
12:03:05 AM IST  all   12.12    0.00    4.78    0.00    0.00    1.96    0.00    0.00    0.00   81.14
12:03:06 AM IST  all   12.68    0.00    5.07    0.17    0.00    1.52    0.00    0.00    0.00   80.56
12:03:07 AM IST  all   13.18    0.00    4.90    0.08    0.00    1.77    0.00    0.00    0.00   80.07
12:03:08 AM IST  all   13.01    0.00    4.51    0.09    0.00    1.62    0.00    0.00    0.00   80.78
12:03:09 AM IST  all   12.48    0.00    5.26    0.08    0.00    1.44    0.00    0.00    0.00   80.73
12:03:10 AM IST  all   12.63    0.00    5.30    0.08    0.00    1.77    0.00    0.00    0.00   80.22
12:03:11 AM IST  all   12.48    0.00    4.58    0.08    0.00    2.04    0.00    0.00    0.00   80.81
12:03:12 AM IST  all   12.98    0.00    4.75    0.08    0.00    1.61    0.00    0.00    0.00   80.58
12:03:13 AM IST  all   12.89    0.00    4.83    0.08    0.00    1.44    0.00    0.00    0.00   80.75
12:03:14 AM IST  all   12.02    0.00    5.03    0.09    0.00    1.88    0.00    0.00    0.00   80.99
12:03:15 AM IST  all   11.87    0.00    5.21    0.09    0.00    1.79    0.00    0.00    0.00   81.04
12:03:16 AM IST  all   12.37    0.00    5.25    0.08    0.00    1.78    0.00    0.00    0.00   80.51
12:03:17 AM IST  all   12.46    0.00    5.17    0.08    0.00    1.53    0.00    0.00    0.00   80.76
12:03:18 AM IST  all   30.17    0.00    4.96    0.09    0.00    1.37    0.00    0.00    0.00   63.42
12:03:19 AM IST  all   13.21    0.00    4.74    0.08    0.00    1.27    0.00    0.00    0.00   80.69
12:03:20 AM IST  all   13.05    0.00    4.32    0.00    0.00    2.20    0.00    0.00    0.00   80.42
12:03:21 AM IST  all   12.32    0.00    5.18    0.08    0.00    1.44    0.00    0.00    0.00   80.97
12:03:22 AM IST  all   12.84    0.00    4.68    0.09    0.00    1.70    0.00    0.00    0.00   80.70
12:03:23 AM IST  all   12.88    0.00    5.00    0.08    0.00    1.44    0.00    0.00    0.00   80.59
12:03:24 AM IST  all   12.83    0.00    4.45    0.09    0.00    1.63    0.00    0.00    0.00   81.01
12:03:25 AM IST  all   12.64    0.00    4.66    0.00    0.00    1.87    0.00    0.00    0.00   80.83
12:03:26 AM IST  all   12.53    0.00    4.35    0.00    0.00    1.71    0.00    0.00    0.00   81.42
12:03:27 AM IST  all   12.50    0.00    4.42    0.17    0.00    1.79    0.00    0.00    0.00   81.12
12:03:28 AM IST  all   12.96    0.00    4.52    0.09    0.00    1.45    0.00    0.00    0.00   80.99
12:03:29 AM IST  all   12.04    0.00    5.04    0.09    0.00    1.62    0.00    0.00    0.00   81.21
12:03:30 AM IST  all   13.11    0.00    4.68    0.09    0.00    1.45    0.00    0.00    0.00   80.68
12:03:31 AM IST  all   12.12    0.00    5.46    0.09    0.00    1.45    0.00    0.00    0.00   80.89
12:03:32 AM IST  all   12.35    0.00    4.60    0.17    0.00    2.21    0.00    0.00    0.00   80.66
12:03:33 AM IST  all   12.22    0.00    5.43    0.08    0.00    1.44    0.00    0.00    0.00   80.81
12:03:34 AM IST  all   13.98    0.00    4.63    0.08    0.00    1.18    0.00    0.00    0.00   80.12
12:03:35 AM IST  all   12.83    0.00    4.50    0.08    0.00    1.70    0.00    0.00    0.00   80.88
12:03:36 AM IST  all   12.74    0.00    4.27    0.09    0.00    1.54    0.00    0.00    0.00   81.37
12:03:37 AM IST  all   13.45    0.00    4.74    0.08    0.00    1.35    0.00    0.00    0.00   80.37
12:03:38 AM IST  all   12.50    0.00    4.85    0.09    0.00    1.36    0.00    0.00    0.00   81.21
12:03:39 AM IST  all   12.55    0.00    4.70    0.09    0.00    1.37    0.00    0.00    0.00   81.30
12:03:40 AM IST  all   13.49    0.00    4.75    0.08    0.00    1.36    0.00    0.00    0.00   80.32
12:03:41 AM IST  all   12.49    0.00    4.93    0.17    0.00    1.61    0.00    0.00    0.00   80.80
12:03:42 AM IST  all   12.74    0.00    4.93    0.08    0.00    1.27    0.00    0.00    0.00   80.97
12:03:43 AM IST  all   13.24    0.00    4.33    0.00    0.00    1.70    0.00    0.00    0.00   80.73
12:03:44 AM IST  all   12.72    0.00    4.92    0.25    0.00    1.61    0.00    0.00    0.00   80.49
12:03:45 AM IST  all   13.20    0.00    4.17    0.09    0.00    1.62    0.00    0.00    0.00   80.92
12:03:46 AM IST  all   12.66    0.00    4.88    0.09    0.00    1.11    0.00    0.00    0.00   81.27
12:03:47 AM IST  all   13.24    0.00    4.58    0.08    0.00    1.27    0.00    0.00    0.00   80.81
12:03:48 AM IST  all   13.50    0.00    4.58    0.08    0.00    1.36    0.00    0.00    0.00   80.48
12:03:49 AM IST  all   12.03    0.00    4.69    0.09    0.00    1.71    0.00    0.00    0.00   81.48
12:03:50 AM IST  all   13.02    0.00    4.51    0.09    0.00    1.53    0.00    0.00    0.00   80.85
12:03:51 AM IST  all   12.92    0.00    5.24    0.17    0.00    1.44    0.00    0.00    0.00   80.24
12:03:52 AM IST  all   12.36    0.00    4.46    0.09    0.00    1.55    0.00    0.00    0.00   81.55
12:03:53 AM IST  all   11.98    0.00    5.27    0.08    0.00    1.78    0.00    0.00    0.00   80.88
12:03:54 AM IST  all   12.07    0.00    5.57    0.08    0.00    1.52    0.00    0.00    0.00   80.76
12:03:55 AM IST  all   12.63    0.00    5.03    0.09    0.00    1.37    0.00    0.00    0.00   80.89
12:03:56 AM IST  all   12.41    0.00    4.85    0.09    0.00    1.87    0.00    0.00    0.00   80.78
12:03:57 AM IST  all   12.89    0.00    5.39    0.08    0.00    1.52    0.00    0.00    0.00   80.12
12:03:58 AM IST  all   13.08    0.00    4.67    0.17    0.00    1.53    0.00    0.00    0.00   80.54
12:03:59 AM IST  all   12.83    0.00    5.15    0.08    0.00    1.69    0.00    0.00    0.00   80.25
12:04:00 AM IST  all   12.35    0.00    4.99    0.08    0.00    1.95    0.00    0.00    0.00   80.63
12:04:01 AM IST  all   12.64    0.00    4.18    0.09    0.00    1.71    0.00    0.00    0.00   81.38
12:04:02 AM IST  all   13.05    0.00    4.58    0.08    0.00    1.61    0.00    0.00    0.00   80.68
12:04:03 AM IST  all   12.72    0.00    4.78    0.09    0.00    1.79    0.00    0.00    0.00   80.61
12:04:04 AM IST  all   12.51    0.00    4.77    0.09    0.00    1.79    0.00    0.00    0.00   80.85
12:04:05 AM IST  all   12.49    0.00    4.96    0.09    0.00    1.28    0.00    0.00    0.00   81.18
12:04:06 AM IST  all   12.28    0.00    4.52    0.09    0.00    2.13    0.00    0.00    0.00   80.99
12:04:07 AM IST  all   12.66    0.00    4.42    0.08    0.00    1.87    0.00    0.00    0.00   80.97
12:04:08 AM IST  all   12.48    0.00    5.09    0.08    0.00    1.61    0.00    0.00    0.00   80.73
12:04:09 AM IST  all   12.70    0.00    4.91    0.08    0.00    1.78    0.00    0.00    0.00   80.52
12:04:10 AM IST  all   13.24    0.00    4.01    0.09    0.00    1.28    0.00    0.00    0.00   81.38
12:04:11 AM IST  all   13.10    0.00    4.76    0.17    0.00    1.70    0.00    0.00    0.00   80.27
12:04:12 AM IST  all   12.14    0.00    4.75    0.00    0.00    2.29    0.00    0.00    0.00   80.81
12:04:13 AM IST  all   12.60    0.00    4.85    0.17    0.00    1.53    0.00    0.00    0.00   80.85
12:04:14 AM IST  all   12.55    0.00    5.09    0.08    0.00    1.44    0.00    0.00    0.00   80.83
12:04:15 AM IST  all   11.76    0.00    5.12    0.09    0.00    1.96    0.00    0.00    0.00   81.07
12:04:16 AM IST  all   13.08    0.00    4.39    0.08    0.00    1.86    0.00    0.00    0.00   80.59
12:04:17 AM IST  all   12.37    0.00    5.34    0.17    0.00    1.61    0.00    0.00    0.00   80.51
12:04:18 AM IST  all   12.50    0.00    5.19    0.09    0.00    1.62    0.00    0.00    0.00   80.61
12:04:19 AM IST  all   12.48    0.00    4.92    0.08    0.00    1.78    0.00    0.00    0.00   80.73
12:04:20 AM IST  all   12.19    0.00    4.77    0.09    0.00    1.96    0.00    0.00    0.00   80.99
12:04:21 AM IST  all   12.76    0.00    4.76    0.09    0.00    1.62    0.00    0.00    0.00   80.78
12:04:22 AM IST  all   13.23    0.00    4.72    0.08    0.00    1.77    0.00    0.00    0.00   80.20
12:04:23 AM IST  all   12.52    0.00    4.94    0.09    0.00    1.45    0.00    0.00    0.00   81.01
12:04:24 AM IST  all   13.40    0.00    4.75    0.17    0.00    1.44    0.00    0.00    0.00   80.24
12:04:25 AM IST  all   12.53    0.00    4.60    0.00    0.00    1.53    0.00    0.00    0.00   81.33
12:04:26 AM IST  all   12.85    0.00    4.68    0.00    0.00    1.36    0.00    0.00    0.00   81.11
12:04:27 AM IST  all   12.61    0.00    4.77    0.00    0.00    1.62    0.00    0.00    0.00   81.01
12:04:28 AM IST  all   12.88    0.00    4.21    0.17    0.00    1.29    0.00    0.00    0.00   81.46
12:04:29 AM IST  all   13.19    0.00    4.65    0.08    0.00    1.52    0.00    0.00    0.00   80.56
12:04:30 AM IST  all   13.08    0.00    4.33    0.08    0.00    1.61    0.00    0.00    0.00   80.88
12:04:31 AM IST  all   12.78    0.00    4.51    0.17    0.00    1.45    0.00    0.00    0.00   81.09
12:04:32 AM IST  all   12.87    0.00    4.43    0.09    0.00    1.71    0.00    0.00    0.00   80.90
12:04:33 AM IST  all   13.29    0.00    4.17    0.09    0.00    1.53    0.00    0.00    0.00   80.92
12:04:34 AM IST  all   13.05    0.00    5.08    0.08    0.00    1.36    0.00    0.00    0.00   80.42
12:04:35 AM IST  all   12.51    0.00    5.41    0.17    0.00    1.61    0.00    0.00    0.00   80.30
12:04:36 AM IST  all   13.51    0.00    4.73    0.08    0.00    1.44    0.00    0.00    0.00   80.24
12:04:37 AM IST  all   12.57    2.72    6.63    1.44    0.00    1.70    0.00    0.00    0.00   74.94
12:04:38 AM IST  all   12.68    3.95    5.79    3.11    0.00    2.18    0.00    0.00    0.00   72.29
12:04:39 AM IST  all   12.18    3.95    5.15    0.26    0.00    1.72    0.00    0.00    0.00   76.76
12:04:40 AM IST  all   12.62    0.00    4.60    0.09    0.00    1.53    0.00    0.00    0.00   81.16
12:04:41 AM IST  all   12.65    0.00    4.79    0.09    0.00    1.62    0.00    0.00    0.00   80.85
12:04:42 AM IST  all   12.61    0.00    4.17    0.26    0.00    1.70    0.00    0.00    0.00   81.26
12:04:43 AM IST  all   12.45    0.00    4.52    0.17    0.00    1.88    0.00    0.00    0.00   80.99
12:04:44 AM IST  all   12.47    0.00    4.87    0.09    0.00    1.62    0.00    0.00    0.00   80.96
12:04:45 AM IST  all   13.14    0.00    4.89    0.08    0.00    1.52    0.00    0.00    0.00   80.37
12:04:46 AM IST  all   12.46    0.00    4.78    0.09    0.00    1.62    0.00    0.00    0.00   81.06
12:04:47 AM IST  all   12.35    0.00    5.03    0.09    0.00    1.53    0.00    0.00    0.00   81.01
12:04:48 AM IST  all   12.54    0.00    5.51    0.00    0.00    1.36    0.00    0.00    0.00   80.59
12:04:49 AM IST  all   13.43    0.00    4.39    0.17    0.00    1.69    0.00    0.00    0.00   80.32
12:04:50 AM IST  all   12.65    0.00    4.53    0.09    0.00    1.62    0.00    0.00    0.00   81.11
12:04:51 AM IST  all   13.25    0.00    4.59    0.08    0.00    1.44    0.00    0.00    0.00   80.63
12:04:52 AM IST  all   12.64    0.00    4.53    0.09    0.00    1.96    0.00    0.00    0.00   80.79
12:04:53 AM IST  all   12.22    0.00    4.92    0.08    0.00    1.78    0.00    0.00    0.00   80.98
12:04:54 AM IST  all   12.91    0.00    4.36    0.09    0.00    1.54    0.00    0.00    0.00   81.11
12:04:55 AM IST  all   13.14    0.00    4.01    0.09    0.00    1.54    0.00    0.00    0.00   81.23
12:04:56 AM IST  all   12.24    0.00    5.10    0.09    0.00    1.62    0.00    0.00    0.00   80.95
12:04:57 AM IST  all   12.34    0.00    5.02    0.09    0.00    1.53    0.00    0.00    0.00   81.02
12:04:58 AM IST  all   12.56    0.00    4.79    0.09    0.00    1.28    0.00    0.00    0.00   81.28
12:04:59 AM IST  all   12.80    0.00    4.52    0.09    0.00    1.45    0.00    0.00    0.00   81.14
12:05:00 AM IST  all   12.62    0.00    5.08    0.08    0.00    1.86    0.00    0.00    0.00   80.36
12:05:01 AM IST  all   12.26    0.00    4.68    0.09    0.00    2.13    0.00    0.00    0.00   80.85
12:05:02 AM IST  all   12.03    0.00    5.00    0.00    0.00    1.53    0.00    0.00    0.00   81.44
12:05:03 AM IST  all   12.41    0.00    5.78    0.17    0.00    1.36    0.00    0.00    0.00   80.27
12:05:04 AM IST  all   12.75    0.00    4.36    0.09    0.00    1.63    0.00    0.00    0.00   81.18
12:05:05 AM IST  all   12.26    0.00    4.68    0.09    0.00    1.96    0.00    0.00    0.00   81.02
12:05:06 AM IST  all   12.26    0.00    4.60    0.17    0.00    2.04    0.00    0.00    0.00   80.94
12:05:07 AM IST  all   12.19    0.00    4.98    0.09    0.00    1.12    0.00    0.00    0.00   81.63
12:05:08 AM IST  all   12.79    0.00    4.91    0.08    0.00    1.95    0.00    0.00    0.00   80.27
12:05:09 AM IST  all   11.63    0.00    4.45    0.00    0.00    2.31    0.00    0.00    0.00   81.61
12:05:10 AM IST  all   12.98    0.00    4.81    0.08    0.00    1.77    0.00    0.00    0.00   80.35
12:05:11 AM IST  all   12.75    0.00    4.45    0.17    0.00    1.88    0.00    0.00    0.00   80.75
12:05:12 AM IST  all   12.94    0.00    5.11    0.09    0.00    1.62    0.00    0.00    0.00   80.26
12:05:13 AM IST  all   13.01    0.00    5.07    0.08    0.00    1.52    0.00    0.00    0.00   80.32
12:05:14 AM IST  all   12.91    0.00    4.67    0.17    0.00    1.61    0.00    0.00    0.00   80.63
12:05:15 AM IST  all   12.97    0.00    5.05    0.08    0.00    1.68    0.00    0.00    0.00   80.20
12:05:16 AM IST  all   11.98    0.00    4.62    0.09    0.00    1.97    0.00    0.00    0.00   81.35
12:05:17 AM IST  all   13.12    0.00    5.17    0.08    0.00    1.69    0.00    0.00    0.00   79.93
12:05:18 AM IST  all   13.27    0.00    4.34    0.09    0.00    1.62    0.00    0.00    0.00   80.70
12:05:19 AM IST  all   11.62    0.00    5.56    0.09    0.00    1.54    0.00    0.00    0.00   81.20
12:05:20 AM IST  all   12.55    0.00    4.83    0.08    0.00    1.53    0.00    0.00    0.00   81.00
12:05:21 AM IST  all   12.73    0.00    4.75    0.08    0.00    1.70    0.00    0.00    0.00   80.73
12:05:22 AM IST  all   12.82    0.00    4.41    0.08    0.00    1.78    0.00    0.00    0.00   80.90
12:05:23 AM IST  all   13.01    0.00    4.90    0.08    0.00    1.60    0.00    0.00    0.00   80.41
12:05:24 AM IST  all   12.69    0.00    4.03    0.09    0.00    1.89    0.00    0.00    0.00   81.30
12:05:25 AM IST  all   12.31    0.00    4.44    0.00    0.00    1.71    0.00    0.00    0.00   81.54
12:05:26 AM IST  all   12.88    0.00    4.44    0.00    0.00    1.45    0.00    0.00    0.00   81.23
12:05:27 AM IST  all   13.48    0.00    4.63    0.08    0.00    1.60    0.00    0.00    0.00   80.20
12:05:28 AM IST  all   11.79    0.00    5.34    0.08    0.00    2.04    0.00    0.00    0.00   80.75
12:05:29 AM IST  all   12.54    0.00    4.92    0.17    0.00    1.53    0.00    0.00    0.00   80.85
12:05:30 AM IST  all   12.95    0.00    4.77    0.09    0.00    1.28    0.00    0.00    0.00   80.92
12:05:31 AM IST  all   12.90    0.00    4.33    0.08    0.00    2.29    0.00    0.00    0.00   80.39
12:05:32 AM IST  all   13.08    0.00    4.73    0.08    0.00    1.52    0.00    0.00    0.00   80.59
12:05:33 AM IST  all   12.81    0.00    4.10    0.09    0.00    2.05    0.00    0.00    0.00   80.96
12:05:34 AM IST  all   12.47    0.00    4.95    0.09    0.00    1.02    0.00    0.00    0.00   81.47
12:05:35 AM IST  all   12.75    0.00    4.65    0.08    0.00    2.20    0.00    0.00    0.00   80.32
12:05:36 AM IST  all   12.27    0.00    4.60    0.09    0.00    1.87    0.00    0.00    0.00   81.18
12:05:37 AM IST  all   11.75    0.00    5.54    0.09    0.00    1.45    0.00    0.00    0.00   81.18
12:05:38 AM IST  all   12.57    0.00    4.93    0.08    0.00    1.70    0.00    0.00    0.00   80.71
12:05:39 AM IST  all   12.76    0.00    5.41    0.08    0.00    1.44    0.00    0.00    0.00   80.30
12:05:40 AM IST  all   12.96    0.00    4.83    0.08    0.00    1.69    0.00    0.00    0.00   80.44
12:05:41 AM IST  all   12.87    0.00    3.92    0.09    0.00    2.05    0.00    0.00    0.00   81.07
12:05:42 AM IST  all   12.60    0.00    4.09    0.17    0.00    2.13    0.00    0.00    0.00   81.02
12:05:43 AM IST  all   13.08    0.00    4.89    0.17    0.00    1.60    0.00    0.00    0.00   80.25
12:05:44 AM IST  all   13.27    0.00    4.73    0.08    0.00    1.94    0.00    0.00    0.00   79.97
12:05:45 AM IST  all   12.12    0.00    4.49    0.08    0.00    2.29    0.00    0.00    0.00   81.02
12:05:46 AM IST  all   13.16    0.00    4.82    0.09    0.00    1.63    0.00    0.00    0.00   80.31
12:05:47 AM IST  all   13.09    0.00    4.81    0.08    0.00    1.52    0.00    0.00    0.00   80.49
12:05:48 AM IST  all   12.85    0.00    4.37    0.09    0.00    1.37    0.00    0.00    0.00   81.32
12:05:49 AM IST  all   12.68    0.00    4.60    0.09    0.00    1.53    0.00    0.00    0.00   81.11
12:05:50 AM IST  all   12.33    0.00    5.36    0.09    0.00    1.70    0.00    0.00    0.00   80.53
12:05:51 AM IST  all   12.81    0.00    4.83    0.08    0.00    1.53    0.00    0.00    0.00   80.75
12:05:52 AM IST  all   12.81    0.00    4.70    0.09    0.00    1.45    0.00    0.00    0.00   80.96
12:05:53 AM IST  all   13.25    0.00    3.76    0.17    0.00    1.37    0.00    0.00    0.00   81.45
12:05:54 AM IST  all   12.51    0.00    4.77    0.17    0.00    1.62    0.00    0.00    0.00   80.94
12:05:55 AM IST  all   12.80    0.00    4.66    0.00    0.00    1.78    0.00    0.00    0.00   80.76
12:05:56 AM IST  all   12.80    0.00    4.78    0.09    0.00    1.62    0.00    0.00    0.00   80.72
12:05:57 AM IST  all   14.06    0.00    4.46    0.08    0.00    1.52    0.00    0.00    0.00   79.88
12:05:58 AM IST  all   13.91    0.00    3.90    0.08    0.00    1.53    0.00    0.00    0.00   80.58
12:05:59 AM IST  all   11.65    0.00    5.02    0.17    0.00    2.13    0.00    0.00    0.00   81.04
12:06:00 AM IST  all   12.87    0.00    5.08    0.08    0.00    1.44    0.00    0.00    0.00   80.52
12:06:01 AM IST  all   12.07    0.00    4.22    0.09    0.00    1.55    0.00    0.00    0.00   82.07
12:06:02 AM IST  all   12.14    0.00    5.35    0.08    0.00    1.78    0.00    0.00    0.00   80.65
12:06:03 AM IST  all   13.39    0.00    4.83    0.08    0.00    1.44    0.00    0.00    0.00   80.25
12:06:04 AM IST  all   12.49    0.00    4.93    0.17    0.00    1.87    0.00    0.00    0.00   80.54
12:06:05 AM IST  all   11.91    0.00    5.19    0.09    0.00    1.70    0.00    0.00    0.00   81.11
12:06:06 AM IST  all   13.07    0.00    4.33    0.08    0.00    1.61    0.00    0.00    0.00   80.90
12:06:07 AM IST  all   13.64    0.00    4.32    0.17    0.00    1.44    0.00    0.00    0.00   80.42
12:06:08 AM IST  all   12.34    0.00    4.34    0.00    0.00    2.13    0.00    0.00    0.00   81.19
12:06:09 AM IST  all   12.53    0.00    4.91    0.17    0.00    1.86    0.00    0.00    0.00   80.52
12:06:10 AM IST  all   12.79    0.00    4.60    0.09    0.00    1.88    0.00    0.00    0.00   80.65
12:06:11 AM IST  all   12.79    0.00    5.25    0.08    0.00    1.35    0.00    0.00    0.00   80.52
12:06:12 AM IST  all   12.96    0.00    4.35    0.09    0.00    1.79    0.00    0.00    0.00   80.82
12:06:13 AM IST  all   12.71    0.00    5.34    0.08    0.00    1.36    0.00    0.00    0.00   80.51
12:06:14 AM IST  all   11.95    0.00    5.34    0.08    0.00    1.78    0.00    0.00    0.00   80.85
12:06:15 AM IST  all   11.66    0.00    5.45    0.09    0.00    1.79    0.00    0.00    0.00   81.02
12:06:16 AM IST  all   12.74    0.00    4.44    0.09    0.00    1.54    0.00    0.00    0.00   81.20
12:06:17 AM IST  all   12.09    0.00    5.11    0.17    0.00    1.70    0.00    0.00    0.00   80.94
12:06:18 AM IST  all   12.63    0.00    4.66    0.08    0.00    1.95    0.00    0.00    0.00   80.68
12:06:19 AM IST  all   12.93    0.00    5.24    0.08    0.00    1.78    0.00    0.00    0.00   79.97
12:06:20 AM IST  all   13.18    0.00    4.34    0.09    0.00    1.79    0.00    0.00    0.00   80.61
12:06:21 AM IST  all   12.91    0.00    4.36    0.09    0.00    1.37    0.00    0.00    0.00   81.28
12:06:22 AM IST  all   12.46    0.00    4.69    0.09    0.00    1.71    0.00    0.00    0.00   81.06
12:06:23 AM IST  all   13.54    0.00    3.81    0.08    0.00    1.86    0.00    0.00    0.00   80.71
12:06:24 AM IST  all   12.97    0.00    4.75    0.00    0.00    1.95    0.00    0.00    0.00   80.34
12:06:25 AM IST  all   12.63    0.00    4.44    0.00    0.00    1.54    0.00    0.00    0.00   81.40
12:06:26 AM IST  all   12.41    0.00    4.59    0.00    0.00    1.96    0.00    0.00    0.00   81.04
12:06:27 AM IST  all   12.45    0.00    5.17    0.08    0.00    1.61    0.00    0.00    0.00   80.69
12:06:28 AM IST  all   12.76    0.00    5.33    0.08    0.00    1.52    0.00    0.00    0.00   80.30
12:06:29 AM IST  all   30.79    0.00    4.58    0.08    0.00    1.70    0.00    0.00    0.00   62.85
12:06:30 AM IST  all   12.65    0.00    4.75    0.17    0.00    1.44    0.00    0.00    0.00   80.98
12:06:31 AM IST  all   13.29    0.00    3.92    0.09    0.00    1.62    0.00    0.00    0.00   81.09
12:06:32 AM IST  all   13.25    0.00    4.19    0.09    0.00    1.11    0.00    0.00    0.00   81.37
12:06:33 AM IST  all   12.43    0.00    4.99    0.08    0.00    1.94    0.00    0.00    0.00   80.56
12:06:34 AM IST  all   13.45    0.00    4.91    0.08    0.00    1.27    0.00    0.00    0.00   80.29
12:06:35 AM IST  all   12.23    0.00    4.62    0.09    0.00    1.71    0.00    0.00    0.00   81.35
12:06:36 AM IST  all   12.80    0.00    4.78    0.09    0.00    1.19    0.00    0.00    0.00   81.14
12:06:37 AM IST  all   12.77    0.00    4.94    0.09    0.00    1.62    0.00    0.00    0.00   80.60
12:06:38 AM IST  all   13.10    0.00    4.48    0.08    0.00    1.94    0.00    0.00    0.00   80.39
12:06:39 AM IST  all   12.37    0.00    4.44    0.09    0.00    1.88    0.00    0.00    0.00   81.23
12:06:40 AM IST  all   12.77    0.00    5.16    0.08    0.00    1.35    0.00    0.00    0.00   80.63
12:06:41 AM IST  all   12.84    0.00    4.65    0.17    0.00    2.03    0.00    0.00    0.00   80.32
12:06:42 AM IST  all   12.07    0.00    4.62    0.09    0.00    1.63    0.00    0.00    0.00   81.59
12:06:43 AM IST  all   12.89    0.00    4.27    0.09    0.00    1.88    0.00    0.00    0.00   80.87
12:06:44 AM IST  all   12.42    0.00    4.98    0.17    0.00    2.03    0.00    0.00    0.00   80.41
12:06:45 AM IST  all   12.38    0.00    5.17    0.08    0.00    1.44    0.00    0.00    0.00   80.92
12:06:46 AM IST  all   12.30    0.00    5.38    0.09    0.00    1.20    0.00    0.00    0.00   81.04
12:06:47 AM IST  all   12.85    0.00    4.09    0.09    0.00    2.13    0.00    0.00    0.00   80.85
12:06:48 AM IST  all   12.87    0.00    4.77    0.00    0.00    1.19    0.00    0.00    0.00   81.16
12:06:49 AM IST  all   11.41    0.00    5.16    0.08    0.00    1.86    0.00    0.00    0.00   81.49
12:06:50 AM IST  all   12.50    0.00    4.71    0.09    0.00    1.63    0.00    0.00    0.00   81.08
12:06:51 AM IST  all   12.23    0.00    5.86    0.08    0.00    1.44    0.00    0.00    0.00   80.37
12:06:52 AM IST  all   11.50    0.00    4.43    0.09    0.00    1.62    0.00    0.00    0.00   82.37
