Linux 6.12.33+kali-amd64 (two94) 	23/11/25 	_x86_64_	(12 CPU)

04:49:05 PM IST       DEV       tps     rkB/s     wkB/s     dkB/s   areq-sz    aqu-sz     await     %util
04:49:06 PM IST   nvme0n1      0.00      0.00      0.00      0.00      0.00      0.00      0.00      0.00
04:49:06 PM IST       sda     49.00      0.00    312.00      0.00      6.37      1.92     19.65     95.60

04:49:06 PM IST       DEV       tps     rkB/s     wkB/s     dkB/s   areq-sz    aqu-sz     await     %util
04:49:07 PM IST   nvme0n1      0.00      0.00      0.00      0.00      0.00      0.00      0.00      0.00
04:49:07 PM IST       sda    374.00      0.00   2012.00      0.00      5.38      0.72      1.03     30.00

04:49:07 PM IST       DEV       tps     rkB/s     wkB/s     dkB/s   areq-sz    aqu-sz     await     %util
04:49:08 PM IST   nvme0n1      0.00      0.00      0.00      0.00      0.00      0.00      0.00      0.00
04:49:08 PM IST       sda    434.00      8.00   2032.00      0.00      4.70      0.21      0.26     10.00

04:49:08 PM IST       DEV       tps     rkB/s     wkB/s     dkB/s   areq-sz    aqu-sz     await     %util
04:49:09 PM IST   nvme0n1      0.00      0.00      0.00      0.00      0.00      0.00      0.00      0.00
04:49:09 PM IST       sda    430.00      0.00   2064.00      0.00      4.80      0.21      0.26      9.60

04:49:09 PM IST       DEV       tps     rkB/s     wkB/s     dkB/s   areq-sz    aqu-sz     await     %util
04:49:10 PM IST   nvme0n1      0.00      0.00      0.00      0.00      0.00      0.00      0.00      0.00
04:49:10 PM IST       sda    422.00      0.00   1984.00      0.00      4.70      0.21      0.26     12.80

04:49:10 PM IST       DEV       tps     rkB/s     wkB/s     dkB/s   areq-sz    aqu-sz     await     %util
04:49:11 PM IST   nvme0n1      0.00      0.00      0.00      0.00      0.00      0.00      0.00      0.00
04:49:11 PM IST       sda    405.00      0.00   1904.00      0.00      4.70      0.25      0.32     12.80

04:49:11 PM IST       DEV       tps     rkB/s     wkB/s     dkB/s   areq-sz    aqu-sz     await     %util
04:49:12 PM IST   nvme0n1      0.00      0.00      0.00      0.00      0.00      0.00      0.00      0.00
04:49:12 PM IST       sda    384.00      0.00   1892.00      0.00      4.93      0.21      0.30     12.00

04:49:12 PM IST       DEV       tps     rkB/s     wkB/s     dkB/s   areq-sz    aqu-sz     await     %util
04:49:13 PM IST   nvme0n1      0.00      0.00      0.00      0.00      0.00      0.00      0.00      0.00
04:49:13 PM IST       sda    413.00      0.00   1976.00      0.00      4.78      0.22      0.28     14.00

04:49:13 PM IST       DEV       tps     rkB/s     wkB/s     dkB/s   areq-sz    aqu-sz     await     %util
04:49:14 PM IST   nvme0n1      0.00      0.00      0.00      0.00      0.00      0.00      0.00      0.00
04:49:14 PM IST       sda    510.00      0.00   2476.00      0.00      4.85      0.23      0.26     12.40

04:49:14 PM IST       DEV       tps     rkB/s     wkB/s     dkB/s   areq-sz    aqu-sz     await     %util
04:49:15 PM IST   nvme0n1      0.00      0.00      0.00      0.00      0.00      0.00      0.00      0.00
04:49:15 PM IST       sda    416.00      0.00   2048.00      0.00      4.92      0.21      0.27     12.00

04:49:15 PM IST       DEV       tps     rkB/s     wkB/s     dkB/s   areq-sz    aqu-sz     await     %util
04:49:16 PM IST   nvme0n1      0.00      0.00      0.00      0.00      0.00      0.00      0.00      0.00
04:49:16 PM IST       sda    414.00      0.00   1952.00      0.00      4.71      0.22      0.29     14.00

04:49:16 PM IST       DEV       tps     rkB/s     wkB/s     dkB/s   areq-sz    aqu-sz     await     %util
04:49:17 PM IST   nvme0n1      0.00      0.00      0.00      0.00      0.00      0.00      0.00      0.00
04:49:17 PM IST       sda    394.00      0.00   1872.00      0.00      4.75      0.21      0.28     11.20

04:49:17 PM IST       DEV       tps     rkB/s     wkB/s     dkB/s   areq-sz    aqu-sz     await     %util
04:49:18 PM IST   nvme0n1      0.00      0.00      0.00      0.00      0.00      0.00      0.00      0.00
04:49:18 PM IST       sda    409.00      0.00   1948.00      0.00      4.76      0.20      0.27     13.60

04:49:18 PM IST       DEV       tps     rkB/s     wkB/s     dkB/s   areq-sz    aqu-sz     await     %util
04:49:19 PM IST   nvme0n1      0.00      0.00      0.00      0.00      0.00      0.00      0.00      0.00
04:49:19 PM IST       sda    435.00      0.00   2072.00      0.00      4.76      0.21      0.26     13.60

04:49:19 PM IST       DEV       tps     rkB/s     wkB/s     dkB/s   areq-sz    aqu-sz     await     %util
04:49:20 PM IST   nvme0n1      0.00      0.00      0.00      0.00      0.00      0.00      0.00      0.00
04:49:20 PM IST       sda    418.00      8.00   1992.00      0.00      4.78      0.21      0.28     14.80

04:49:20 PM IST       DEV       tps     rkB/s     wkB/s     dkB/s   areq-sz    aqu-sz     await     %util
04:49:21 PM IST   nvme0n1      0.00      0.00      0.00      0.00      0.00      0.00      0.00      0.00
04:49:21 PM IST       sda    402.00      0.00   1988.00      0.00      4.95      0.22      0.29     10.00

04:49:21 PM IST       DEV       tps     rkB/s     wkB/s     dkB/s   areq-sz    aqu-sz     await     %util
04:49:22 PM IST   nvme0n1      0.00      0.00      0.00      0.00      0.00      0.00      0.00      0.00
04:49:22 PM IST       sda    396.00      0.00   1856.00      0.00      4.69      0.22      0.30     11.20

04:49:22 PM IST       DEV       tps     rkB/s     wkB/s     dkB/s   areq-sz    aqu-sz     await     %util
04:49:23 PM IST   nvme0n1      0.00      0.00      0.00      0.00      0.00      0.00      0.00      0.00
04:49:23 PM IST       sda    404.00      0.00   1896.00      0.00      4.69      0.22      0.29     10.80

04:49:23 PM IST       DEV       tps     rkB/s     wkB/s     dkB/s   areq-sz    aqu-sz     await     %util
04:49:24 PM IST   nvme0n1      0.00      0.00      0.00      0.00      0.00      0.00      0.00      0.00
04:49:24 PM IST       sda    405.00      0.00   1948.00      0.00      4.81      0.26      0.34     13.20

04:49:24 PM IST       DEV       tps     rkB/s     wkB/s     dkB/s   areq-sz    aqu-sz     await     %util
04:49:25 PM IST   nvme0n1      0.00      0.00      0.00      0.00      0.00      0.00      0.00      0.00
04:49:25 PM IST       sda    546.00      0.00   2576.00      0.00      4.72      0.24      0.25     12.40

04:49:25 PM IST       DEV       tps     rkB/s     wkB/s     dkB/s   areq-sz    aqu-sz     await     %util
04:49:26 PM IST   nvme0n1      0.00      0.00      0.00      0.00      0.00      0.00      0.00      0.00
04:49:26 PM IST       sda    427.00      0.00   2072.00      0.00      4.85      0.24      0.30     12.80

04:49:26 PM IST       DEV       tps     rkB/s     wkB/s     dkB/s   areq-sz    aqu-sz     await     %util
04:49:27 PM IST   nvme0n1      0.00      0.00      0.00      0.00      0.00      0.00      0.00      0.00
04:49:27 PM IST       sda    461.00      0.00   2080.00      0.00      4.51      0.26      0.30     12.00

04:49:27 PM IST       DEV       tps     rkB/s     wkB/s     dkB/s   areq-sz    aqu-sz     await     %util
04:49:28 PM IST   nvme0n1      0.00      0.00      0.00      0.00      0.00      0.00      0.00      0.00
04:49:28 PM IST       sda    423.00      4.00   2128.00      0.00      5.04      0.24      0.30     12.80

04:49:28 PM IST       DEV       tps     rkB/s     wkB/s     dkB/s   areq-sz    aqu-sz     await     %util
04:49:29 PM IST   nvme0n1      0.00      0.00      0.00      0.00      0.00      0.00      0.00      0.00
04:49:29 PM IST       sda    455.00      0.00   2256.00      0.00      4.96      0.24      0.28     10.80

04:49:29 PM IST       DEV       tps     rkB/s     wkB/s     dkB/s   areq-sz    aqu-sz     await     %util
04:49:30 PM IST   nvme0n1      0.00      0.00      0.00      0.00      0.00      0.00      0.00      0.00
04:49:30 PM IST       sda    383.00     24.00   1800.00      0.00      4.76      0.22      0.30     10.80

04:49:30 PM IST       DEV       tps     rkB/s     wkB/s     dkB/s   areq-sz    aqu-sz     await     %util
04:49:31 PM IST   nvme0n1      0.00      0.00      0.00      0.00      0.00      0.00      0.00      0.00
04:49:31 PM IST       sda    397.00      0.00   1916.00      0.00      4.83      0.21      0.29      8.40

04:49:31 PM IST       DEV       tps     rkB/s     wkB/s     dkB/s   areq-sz    aqu-sz     await     %util
04:49:32 PM IST   nvme0n1      0.00      0.00      0.00      0.00      0.00      0.00      0.00      0.00
04:49:32 PM IST       sda    406.00      0.00   1920.00      0.00      4.73      0.23      0.30      8.40

04:49:32 PM IST       DEV       tps     rkB/s     wkB/s     dkB/s   areq-sz    aqu-sz     await     %util
04:49:33 PM IST   nvme0n1      0.00      0.00      0.00      0.00      0.00      0.00      0.00      0.00
04:49:33 PM IST       sda    406.00      0.00   1976.00      0.00      4.87      0.22      0.28     12.00

04:49:33 PM IST       DEV       tps     rkB/s     wkB/s     dkB/s   areq-sz    aqu-sz     await     %util
04:49:34 PM IST   nvme0n1      0.00      0.00      0.00      0.00      0.00      0.00      0.00      0.00
04:49:34 PM IST       sda    405.00      0.00   1916.00      0.00      4.73      0.21      0.28     11.20

04:49:34 PM IST       DEV       tps     rkB/s     wkB/s     dkB/s   areq-sz    aqu-sz     await     %util
04:49:35 PM IST   nvme0n1      0.00      0.00      0.00      0.00      0.00      0.00      0.00      0.00
04:49:35 PM IST       sda    473.00      0.00   2304.00      0.00      4.87      0.23      0.27     11.20

04:49:35 PM IST       DEV       tps     rkB/s     wkB/s     dkB/s   areq-sz    aqu-sz     await     %util
04:49:36 PM IST   nvme0n1      0.00      0.00      0.00      0.00      0.00      0.00      0.00      0.00
04:49:36 PM IST       sda    420.00      0.00   2212.00      0.00      5.27      0.24      0.31     11.20

04:49:36 PM IST       DEV       tps     rkB/s     wkB/s     dkB/s   areq-sz    aqu-sz     await     %util
04:49:37 PM IST   nvme0n1      0.00      0.00      0.00      0.00      0.00      0.00      0.00      0.00
04:49:37 PM IST       sda    401.00      0.00   1848.00      0.00      4.61      0.20      0.26     10.80

04:49:37 PM IST       DEV       tps     rkB/s     wkB/s     dkB/s   areq-sz    aqu-sz     await     %util
04:49:38 PM IST   nvme0n1      0.00      0.00      0.00      0.00      0.00      0.00      0.00      0.00
04:49:38 PM IST       sda    399.00      0.00   1992.00      0.00      4.99      0.20      0.27     10.40

04:49:38 PM IST       DEV       tps     rkB/s     wkB/s     dkB/s   areq-sz    aqu-sz     await     %util
04:49:39 PM IST   nvme0n1      0.00      0.00      0.00      0.00      0.00      0.00      0.00      0.00
04:49:39 PM IST       sda    410.00      0.00   1936.00      0.00      4.72      0.20      0.26     12.40

04:49:39 PM IST       DEV       tps     rkB/s     wkB/s     dkB/s   areq-sz    aqu-sz     await     %util
04:49:40 PM IST   nvme0n1      0.00      0.00      0.00      0.00      0.00      0.00      0.00      0.00
04:49:40 PM IST       sda    420.00      0.00   2116.00      0.00      5.04      0.21      0.27     11.20

04:49:40 PM IST       DEV       tps     rkB/s     wkB/s     dkB/s   areq-sz    aqu-sz     await     %util
04:49:41 PM IST   nvme0n1      0.00      0.00      0.00      0.00      0.00      0.00      0.00      0.00
04:49:41 PM IST       sda    463.00     16.00   2480.00      0.00      5.39      0.21      0.25     12.40

04:49:41 PM IST       DEV       tps     rkB/s     wkB/s     dkB/s   areq-sz    aqu-sz     await     %util
04:49:42 PM IST   nvme0n1      0.00      0.00      0.00      0.00      0.00      0.00      0.00      0.00
04:49:42 PM IST       sda    412.00    620.00   1864.00      0.00      6.03      0.21      0.29      9.60

04:49:42 PM IST       DEV       tps     rkB/s     wkB/s     dkB/s   areq-sz    aqu-sz     await     %util
04:49:43 PM IST   nvme0n1      0.00      0.00      0.00      0.00      0.00      0.00      0.00      0.00
04:49:43 PM IST       sda    390.00    152.00   1800.00      0.00      5.01      0.19      0.27     10.00

04:49:43 PM IST       DEV       tps     rkB/s     wkB/s     dkB/s   areq-sz    aqu-sz     await     %util
04:49:44 PM IST   nvme0n1      0.00      0.00      0.00      0.00      0.00      0.00      0.00      0.00
04:49:44 PM IST       sda    372.00      0.00   1768.00      0.00      4.75      0.19      0.27      9.20

04:49:44 PM IST       DEV       tps     rkB/s     wkB/s     dkB/s   areq-sz    aqu-sz     await     %util
04:49:45 PM IST   nvme0n1      0.00      0.00      0.00      0.00      0.00      0.00      0.00      0.00
04:49:45 PM IST       sda    464.00      0.00   2196.00      0.00      4.73      0.21      0.25     10.80

04:49:45 PM IST       DEV       tps     rkB/s     wkB/s     dkB/s   areq-sz    aqu-sz     await     %util
04:49:46 PM IST   nvme0n1      0.00      0.00      0.00      0.00      0.00      0.00      0.00      0.00
04:49:46 PM IST       sda    404.00      0.00   1988.00      0.00      4.92      0.20      0.27      6.40

04:49:46 PM IST       DEV       tps     rkB/s     wkB/s     dkB/s   areq-sz    aqu-sz     await     %util
04:49:47 PM IST   nvme0n1      0.00      0.00      0.00      0.00      0.00      0.00      0.00      0.00
04:49:47 PM IST       sda    428.00      0.00   2020.00      0.00      4.72      0.20      0.26     10.00

04:49:47 PM IST       DEV       tps     rkB/s     wkB/s     dkB/s   areq-sz    aqu-sz     await     %util
04:49:48 PM IST   nvme0n1      0.00      0.00      0.00      0.00      0.00      0.00      0.00      0.00
04:49:48 PM IST       sda    394.00      4.00   1860.00      0.00      4.73      0.20      0.28     14.00

04:49:48 PM IST       DEV       tps     rkB/s     wkB/s     dkB/s   areq-sz    aqu-sz     await     %util
04:49:49 PM IST   nvme0n1      0.00      0.00      0.00      0.00      0.00      0.00      0.00      0.00
04:49:49 PM IST       sda    437.00      0.00   2068.00      0.00      4.73      0.26      0.31     12.00

04:49:49 PM IST       DEV       tps     rkB/s     wkB/s     dkB/s   areq-sz    aqu-sz     await     %util
04:49:50 PM IST   nvme0n1      0.00      0.00      0.00      0.00      0.00      0.00      0.00      0.00
04:49:50 PM IST       sda    452.00      0.00   2108.00      0.00      4.66      0.22      0.26     13.20

04:49:50 PM IST       DEV       tps     rkB/s     wkB/s     dkB/s   areq-sz    aqu-sz     await     %util
04:49:51 PM IST   nvme0n1      0.00      0.00      0.00      0.00      0.00      0.00      0.00      0.00
04:49:51 PM IST       sda    537.00      0.00   2540.00      0.00      4.73      0.22      0.24     13.20

04:49:51 PM IST       DEV       tps     rkB/s     wkB/s     dkB/s   areq-sz    aqu-sz     await     %util
04:49:52 PM IST   nvme0n1      0.00      0.00      0.00      0.00      0.00      0.00      0.00      0.00
04:49:52 PM IST       sda    411.00      0.00   1936.00      0.00      4.71      0.20      0.26     11.20

04:49:52 PM IST       DEV       tps     rkB/s     wkB/s     dkB/s   areq-sz    aqu-sz     await     %util
04:49:53 PM IST   nvme0n1      0.00      0.00      0.00      0.00      0.00      0.00      0.00      0.00
04:49:53 PM IST       sda    409.00      0.00   2020.00      0.00      4.94      0.20      0.27     14.00

04:49:53 PM IST       DEV       tps     rkB/s     wkB/s     dkB/s   areq-sz    aqu-sz     await     %util
04:49:54 PM IST   nvme0n1      0.00      0.00      0.00      0.00      0.00      0.00      0.00      0.00
04:49:54 PM IST       sda    440.00      0.00   2152.00      0.00      4.89      0.22      0.27     10.00

04:49:54 PM IST       DEV       tps     rkB/s     wkB/s     dkB/s   areq-sz    aqu-sz     await     %util
04:49:55 PM IST   nvme0n1      0.00      0.00      0.00      0.00      0.00      0.00      0.00      0.00
04:49:55 PM IST       sda    559.00      0.00   2824.00      0.00      5.05      0.27      0.26     17.60

04:49:55 PM IST       DEV       tps     rkB/s     wkB/s     dkB/s   areq-sz    aqu-sz     await     %util
04:49:56 PM IST   nvme0n1      0.00      0.00      0.00      0.00      0.00      0.00      0.00      0.00
04:49:56 PM IST       sda    420.00      0.00   1972.00      0.00      4.70      0.20      0.26     14.00

04:49:56 PM IST       DEV       tps     rkB/s     wkB/s     dkB/s   areq-sz    aqu-sz     await     %util
04:49:57 PM IST   nvme0n1      0.00      0.00      0.00      0.00      0.00      0.00      0.00      0.00
04:49:57 PM IST       sda    420.00      0.00   1976.00      0.00      4.70      0.21      0.27     12.00

04:49:57 PM IST       DEV       tps     rkB/s     wkB/s     dkB/s   areq-sz    aqu-sz     await     %util
04:49:58 PM IST   nvme0n1      0.00      0.00      0.00      0.00      0.00      0.00      0.00      0.00
04:49:58 PM IST       sda    395.00      0.00   1872.00      0.00      4.74      0.20      0.27     11.60

04:49:58 PM IST       DEV       tps     rkB/s     wkB/s     dkB/s   areq-sz    aqu-sz     await     %util
04:49:59 PM IST   nvme0n1      0.00      0.00      0.00      0.00      0.00      0.00      0.00      0.00
04:49:59 PM IST       sda    423.00      0.00   2008.00      0.00      4.75      0.20      0.26     10.40

04:49:59 PM IST       DEV       tps     rkB/s     wkB/s     dkB/s   areq-sz    aqu-sz     await     %util
04:50:00 PM IST   nvme0n1      0.00      0.00      0.00      0.00      0.00      0.00      0.00      0.00
04:50:00 PM IST       sda    469.00      0.00   2288.00      0.00      4.88      0.27      0.31     16.40

04:50:00 PM IST       DEV       tps     rkB/s     wkB/s     dkB/s   areq-sz    aqu-sz     await     %util
04:50:01 PM IST   nvme0n1      0.00      0.00      0.00      0.00      0.00      0.00      0.00      0.00
04:50:01 PM IST       sda    415.00      0.00   2096.00      0.00      5.05      0.23      0.29     12.40

04:50:01 PM IST       DEV       tps     rkB/s     wkB/s     dkB/s   areq-sz    aqu-sz     await     %util
04:50:02 PM IST   nvme0n1      0.00      0.00      0.00      0.00      0.00      0.00      0.00      0.00
04:50:02 PM IST       sda    384.00      0.00   1836.00      0.00      4.78      0.21      0.29     12.00

04:50:02 PM IST       DEV       tps     rkB/s     wkB/s     dkB/s   areq-sz    aqu-sz     await     %util
04:50:03 PM IST   nvme0n1      0.00      0.00      0.00      0.00      0.00      0.00      0.00      0.00
04:50:03 PM IST       sda    447.00      0.00   2104.00      0.00      4.71      0.21      0.26      8.00

04:50:03 PM IST       DEV       tps     rkB/s     wkB/s     dkB/s   areq-sz    aqu-sz     await     %util
04:50:04 PM IST   nvme0n1      0.00      0.00      0.00      0.00      0.00      0.00      0.00      0.00
04:50:04 PM IST       sda    420.00      0.00   2008.00      0.00      4.78      0.21      0.26      8.00

04:50:04 PM IST       DEV       tps     rkB/s     wkB/s     dkB/s   areq-sz    aqu-sz     await     %util
04:50:05 PM IST   nvme0n1      0.00      0.00      0.00      0.00      0.00      0.00      0.00      0.00
04:50:05 PM IST       sda    435.00      0.00   2056.00      0.00      4.73      0.22      0.27     10.40

04:50:05 PM IST       DEV       tps     rkB/s     wkB/s     dkB/s   areq-sz    aqu-sz     await     %util
04:50:06 PM IST   nvme0n1      0.00      0.00      0.00      0.00      0.00      0.00      0.00      0.00
04:50:06 PM IST       sda    418.00      0.00   2028.00      0.00      4.85      0.23      0.29     13.60

04:50:06 PM IST       DEV       tps     rkB/s     wkB/s     dkB/s   areq-sz    aqu-sz     await     %util
04:50:07 PM IST   nvme0n1      0.00      0.00      0.00      0.00      0.00      0.00      0.00      0.00
04:50:07 PM IST       sda    394.00      0.00   1928.00      0.00      4.89      0.21      0.28     14.40

04:50:07 PM IST       DEV       tps     rkB/s     wkB/s     dkB/s   areq-sz    aqu-sz     await     %util
04:50:08 PM IST   nvme0n1      0.00      0.00      0.00      0.00      0.00      0.00      0.00      0.00
04:50:08 PM IST       sda    398.00      8.00   1872.00      0.00      4.72      0.20      0.26      8.80

04:50:08 PM IST       DEV       tps     rkB/s     wkB/s     dkB/s   areq-sz    aqu-sz     await     %util
04:50:09 PM IST   nvme0n1      0.00      0.00      0.00      0.00      0.00      0.00      0.00      0.00
04:50:09 PM IST       sda    465.00      0.00   2288.00      0.00      4.92      0.23      0.27     12.00

04:50:09 PM IST       DEV       tps     rkB/s     wkB/s     dkB/s   areq-sz    aqu-sz     await     %util
04:50:10 PM IST   nvme0n1      0.00      0.00      0.00      0.00      0.00      0.00      0.00      0.00
04:50:10 PM IST       sda    385.00     20.00   1800.00      0.00      4.73      0.21      0.30      8.80

04:50:10 PM IST       DEV       tps     rkB/s     wkB/s     dkB/s   areq-sz    aqu-sz     await     %util
04:50:11 PM IST   nvme0n1      0.00      0.00      0.00      0.00      0.00      0.00      0.00      0.00
04:50:11 PM IST       sda    462.00      8.00   2172.00      0.00      4.72      0.25      0.30     17.60

04:50:11 PM IST       DEV       tps     rkB/s     wkB/s     dkB/s   areq-sz    aqu-sz     await     %util
04:50:12 PM IST   nvme0n1      0.00      0.00      0.00      0.00      0.00      0.00      0.00      0.00
04:50:12 PM IST       sda    401.00      0.00   1896.00      0.00      4.73      0.22      0.29     11.20

04:50:12 PM IST       DEV       tps     rkB/s     wkB/s     dkB/s   areq-sz    aqu-sz     await     %util
04:50:13 PM IST   nvme0n1      0.00      0.00      0.00      0.00      0.00      0.00      0.00      0.00
04:50:13 PM IST       sda    378.00      0.00   1808.00      0.00      4.78      0.24      0.34      9.20

04:50:13 PM IST       DEV       tps     rkB/s     wkB/s     dkB/s   areq-sz    aqu-sz     await     %util
04:50:14 PM IST   nvme0n1      0.00      0.00      0.00      0.00      0.00      0.00      0.00      0.00
04:50:14 PM IST       sda    404.00      4.00   1984.00      0.00      4.92      0.23      0.30     12.00

04:50:14 PM IST       DEV       tps     rkB/s     wkB/s     dkB/s   areq-sz    aqu-sz     await     %util
04:50:15 PM IST   nvme0n1      0.00      0.00      0.00      0.00      0.00      0.00      0.00      0.00
04:50:15 PM IST       sda    402.00      0.00   2012.00      0.00      5.00      0.23      0.30     14.40

04:50:15 PM IST       DEV       tps     rkB/s     wkB/s     dkB/s   areq-sz    aqu-sz     await     %util
04:50:16 PM IST   nvme0n1      0.00      0.00      0.00      0.00      0.00      0.00      0.00      0.00
04:50:16 PM IST       sda    436.63      0.00   2253.47      0.00      5.16      0.23      0.29      9.90

04:50:16 PM IST       DEV       tps     rkB/s     wkB/s     dkB/s   areq-sz    aqu-sz     await     %util
04:50:17 PM IST   nvme0n1      0.00      0.00      0.00      0.00      0.00      0.00      0.00      0.00
04:50:17 PM IST       sda    459.00      0.00   2340.00      0.00      5.10      0.24      0.29     10.80

04:50:17 PM IST       DEV       tps     rkB/s     wkB/s     dkB/s   areq-sz    aqu-sz     await     %util
04:50:18 PM IST   nvme0n1      0.00      0.00      0.00      0.00      0.00      0.00      0.00      0.00
04:50:18 PM IST       sda    396.00      0.00   1888.00      0.00      4.77      0.22      0.30     10.80

04:50:18 PM IST       DEV       tps     rkB/s     wkB/s     dkB/s   areq-sz    aqu-sz     await     %util
04:50:19 PM IST   nvme0n1      0.00      0.00      0.00      0.00      0.00      0.00      0.00      0.00
04:50:19 PM IST       sda    408.00      0.00   1956.00      0.00      4.79      0.23      0.30     14.00

04:50:19 PM IST       DEV       tps     rkB/s     wkB/s     dkB/s   areq-sz    aqu-sz     await     %util
04:50:20 PM IST   nvme0n1      0.00      0.00      0.00      0.00      0.00      0.00      0.00      0.00
04:50:20 PM IST       sda    406.00      0.00   2028.00      0.00      5.00      0.23      0.30     10.40

04:50:20 PM IST       DEV       tps     rkB/s     wkB/s     dkB/s   areq-sz    aqu-sz     await     %util
04:50:21 PM IST   nvme0n1      0.00      0.00      0.00      0.00      0.00      0.00      0.00      0.00
04:50:21 PM IST       sda    388.00      0.00   1960.00      0.00      5.05      0.22      0.29     13.20

04:50:21 PM IST       DEV       tps     rkB/s     wkB/s     dkB/s   areq-sz    aqu-sz     await     %util
04:50:22 PM IST   nvme0n1      0.00      0.00      0.00      0.00      0.00      0.00      0.00      0.00
04:50:22 PM IST       sda    556.00      0.00   2612.00      0.00      4.70      0.25      0.28     11.60

04:50:22 PM IST       DEV       tps     rkB/s     wkB/s     dkB/s   areq-sz    aqu-sz     await     %util
04:50:23 PM IST   nvme0n1      0.00      0.00      0.00      0.00      0.00      0.00      0.00      0.00
04:50:23 PM IST       sda    423.00     44.00   1956.00      0.00      4.73      0.22      0.28     13.20

04:50:23 PM IST       DEV       tps     rkB/s     wkB/s     dkB/s   areq-sz    aqu-sz     await     %util
04:50:24 PM IST   nvme0n1      0.00      0.00      0.00      0.00      0.00      0.00      0.00      0.00
04:50:24 PM IST       sda    450.00      4.00   2116.00      0.00      4.71      0.23      0.27     14.80

04:50:24 PM IST       DEV       tps     rkB/s     wkB/s     dkB/s   areq-sz    aqu-sz     await     %util
04:50:25 PM IST   nvme0n1      0.00      0.00      0.00      0.00      0.00      0.00      0.00      0.00
04:50:25 PM IST       sda    430.00      0.00   2000.00      0.00      4.65      0.27      0.33     14.40

04:50:25 PM IST       DEV       tps     rkB/s     wkB/s     dkB/s   areq-sz    aqu-sz     await     %util
04:50:26 PM IST   nvme0n1      0.00      0.00      0.00      0.00      0.00      0.00      0.00      0.00
04:50:26 PM IST       sda    484.00      0.00   2272.00      0.00      4.69      0.24      0.26     12.80

04:50:26 PM IST       DEV       tps     rkB/s     wkB/s     dkB/s   areq-sz    aqu-sz     await     %util
04:50:27 PM IST   nvme0n1      0.00      0.00      0.00      0.00      0.00      0.00      0.00      0.00
04:50:27 PM IST       sda    539.00      0.00   2752.00      0.00      5.11      0.26      0.26     12.80

04:50:27 PM IST       DEV       tps     rkB/s     wkB/s     dkB/s   areq-sz    aqu-sz     await     %util
04:50:28 PM IST   nvme0n1      0.00      0.00      0.00      0.00      0.00      0.00      0.00      0.00
04:50:28 PM IST       sda    448.00      0.00   2116.00      0.00      4.72      0.22      0.26     14.00

04:50:28 PM IST       DEV       tps     rkB/s     wkB/s     dkB/s   areq-sz    aqu-sz     await     %util
04:50:29 PM IST   nvme0n1      0.00      0.00      0.00      0.00      0.00      0.00      0.00      0.00
04:50:29 PM IST       sda    410.00      0.00   1952.00      0.00      4.76      0.20      0.26      9.20

04:50:29 PM IST       DEV       tps     rkB/s     wkB/s     dkB/s   areq-sz    aqu-sz     await     %util
04:50:30 PM IST   nvme0n1      0.00      0.00      0.00      0.00      0.00      0.00      0.00      0.00
04:50:30 PM IST       sda    420.00      0.00   1992.00      0.00      4.74      0.20      0.26     11.20

04:50:30 PM IST       DEV       tps     rkB/s     wkB/s     dkB/s   areq-sz    aqu-sz     await     %util
04:50:31 PM IST   nvme0n1      0.00      0.00      0.00      0.00      0.00      0.00      0.00      0.00
04:50:31 PM IST       sda    428.00      0.00   2008.00      0.00      4.69      0.21      0.26      7.60

04:50:31 PM IST       DEV       tps     rkB/s     wkB/s     dkB/s   areq-sz    aqu-sz     await     %util
04:50:32 PM IST   nvme0n1      0.00      0.00      0.00      0.00      0.00      0.00      0.00      0.00
04:50:32 PM IST       sda    553.00      0.00   2732.00      0.00      4.94      0.23      0.23     12.00

04:50:32 PM IST       DEV       tps     rkB/s     wkB/s     dkB/s   areq-sz    aqu-sz     await     %util
04:50:33 PM IST   nvme0n1      0.00      0.00      0.00      0.00      0.00      0.00      0.00      0.00
04:50:33 PM IST       sda    459.00      0.00   2260.00      0.00      4.92      0.22      0.26     10.00

04:50:33 PM IST       DEV       tps     rkB/s     wkB/s     dkB/s   areq-sz    aqu-sz     await     %util
04:50:34 PM IST   nvme0n1      0.00      0.00      0.00      0.00      0.00      0.00      0.00      0.00
04:50:34 PM IST       sda    460.00      0.00   2252.00      0.00      4.90      0.23      0.26     10.40

04:50:34 PM IST       DEV       tps     rkB/s     wkB/s     dkB/s   areq-sz    aqu-sz     await     %util
04:50:35 PM IST   nvme0n1      0.00      0.00      0.00      0.00      0.00      0.00      0.00      0.00
04:50:35 PM IST       sda    416.00      0.00   2092.00      0.00      5.03      0.21      0.27     12.80

04:50:35 PM IST       DEV       tps     rkB/s     wkB/s     dkB/s   areq-sz    aqu-sz     await     %util
04:50:36 PM IST   nvme0n1      0.00      0.00      0.00      0.00      0.00      0.00      0.00      0.00
04:50:36 PM IST       sda    475.00      0.00   2224.00      0.00      4.68      0.25      0.31     12.80

04:50:36 PM IST       DEV       tps     rkB/s     wkB/s     dkB/s   areq-sz    aqu-sz     await     %util
04:50:37 PM IST   nvme0n1      0.00      0.00      0.00      0.00      0.00      0.00      0.00      0.00
04:50:37 PM IST       sda    400.00      0.00   1880.00      0.00      4.70      0.25      0.33     11.20

04:50:37 PM IST       DEV       tps     rkB/s     wkB/s     dkB/s   areq-sz    aqu-sz     await     %util
04:50:38 PM IST   nvme0n1      0.00      0.00      0.00      0.00      0.00      0.00      0.00      0.00
04:50:38 PM IST       sda    481.00      0.00   2328.00      0.00      4.84      0.22      0.25     10.40

04:50:38 PM IST       DEV       tps     rkB/s     wkB/s     dkB/s   areq-sz    aqu-sz     await     %util
04:50:39 PM IST   nvme0n1      0.00      0.00      0.00      0.00      0.00      0.00      0.00      0.00
04:50:39 PM IST       sda    408.00     32.00   1880.00      0.00      4.69      0.20      0.27      9.60

04:50:39 PM IST       DEV       tps     rkB/s     wkB/s     dkB/s   areq-sz    aqu-sz     await     %util
04:50:40 PM IST   nvme0n1      0.00      0.00      0.00      0.00      0.00      0.00      0.00      0.00
04:50:40 PM IST       sda    451.00      0.00   2180.00      0.00      4.83      0.22      0.26     10.00

04:50:40 PM IST       DEV       tps     rkB/s     wkB/s     dkB/s   areq-sz    aqu-sz     await     %util
04:50:41 PM IST   nvme0n1      0.00      0.00      0.00      0.00      0.00      0.00      0.00      0.00
04:50:41 PM IST       sda    459.00      0.00   2144.00      0.00      4.67      0.23      0.26     12.00

04:50:41 PM IST       DEV       tps     rkB/s     wkB/s     dkB/s   areq-sz    aqu-sz     await     %util
04:50:42 PM IST   nvme0n1      0.00      0.00      0.00      0.00      0.00      0.00      0.00      0.00
04:50:42 PM IST       sda    459.00      0.00   2220.00      0.00      4.84      0.22      0.26     14.80

04:50:42 PM IST       DEV       tps     rkB/s     wkB/s     dkB/s   areq-sz    aqu-sz     await     %util
04:50:43 PM IST   nvme0n1      0.00      0.00      0.00      0.00      0.00      0.00      0.00      0.00
04:50:43 PM IST       sda    432.00      0.00   2024.00      0.00      4.69      0.21      0.26     11.20

04:50:43 PM IST       DEV       tps     rkB/s     wkB/s     dkB/s   areq-sz    aqu-sz     await     %util
04:50:44 PM IST   nvme0n1      0.00      0.00      0.00      0.00      0.00      0.00      0.00      0.00
04:50:44 PM IST       sda    428.00      0.00   1976.00      0.00      4.62      0.21      0.26      8.80

04:50:44 PM IST       DEV       tps     rkB/s     wkB/s     dkB/s   areq-sz    aqu-sz     await     %util
04:50:45 PM IST   nvme0n1      0.00      0.00      0.00      0.00      0.00      0.00      0.00      0.00
04:50:45 PM IST       sda    417.00      0.00   1960.00      0.00      4.70      0.21      0.26     11.20

04:50:45 PM IST       DEV       tps     rkB/s     wkB/s     dkB/s   areq-sz    aqu-sz     await     %util
04:50:46 PM IST   nvme0n1      0.00      0.00      0.00      0.00      0.00      0.00      0.00      0.00
04:50:46 PM IST       sda    436.00      0.00   2056.00      0.00      4.72      0.21      0.26     10.80

04:50:46 PM IST       DEV       tps     rkB/s     wkB/s     dkB/s   areq-sz    aqu-sz     await     %util
04:50:47 PM IST   nvme0n1      0.00      0.00      0.00      0.00      0.00      0.00      0.00      0.00
04:50:47 PM IST       sda    435.00      0.00   2164.00      0.00      4.97      0.22      0.27     16.40

04:50:47 PM IST       DEV       tps     rkB/s     wkB/s     dkB/s   areq-sz    aqu-sz     await     %util
04:50:48 PM IST   nvme0n1      0.00      0.00      0.00      0.00      0.00      0.00      0.00      0.00
04:50:48 PM IST       sda    440.00      0.00   2064.00      0.00      4.69      0.21      0.26     10.40

04:50:48 PM IST       DEV       tps     rkB/s     wkB/s     dkB/s   areq-sz    aqu-sz     await     %util
04:50:49 PM IST   nvme0n1      0.00      0.00      0.00      0.00      0.00      0.00      0.00      0.00
04:50:49 PM IST       sda    449.00      0.00   2088.00      0.00      4.65      0.26      0.32     10.80

04:50:49 PM IST       DEV       tps     rkB/s     wkB/s     dkB/s   areq-sz    aqu-sz     await     %util
04:50:50 PM IST   nvme0n1      0.00      0.00      0.00      0.00      0.00      0.00      0.00      0.00
04:50:50 PM IST       sda    420.00      0.00   1952.00      0.00      4.65      0.23      0.30     12.80

04:50:50 PM IST       DEV       tps     rkB/s     wkB/s     dkB/s   areq-sz    aqu-sz     await     %util
04:50:51 PM IST   nvme0n1      0.00      0.00      0.00      0.00      0.00      0.00      0.00      0.00
04:50:51 PM IST       sda    423.00      0.00   2004.00      0.00      4.74      0.22      0.28     12.40

04:50:51 PM IST       DEV       tps     rkB/s     wkB/s     dkB/s   areq-sz    aqu-sz     await     %util
04:50:52 PM IST   nvme0n1      0.00      0.00      0.00      0.00      0.00      0.00      0.00      0.00
04:50:52 PM IST       sda    424.00      0.00   2020.00      0.00      4.76      0.21      0.27      8.40

04:50:52 PM IST       DEV       tps     rkB/s     wkB/s     dkB/s   areq-sz    aqu-sz     await     %util
04:50:53 PM IST   nvme0n1      0.00      0.00      0.00      0.00      0.00      0.00      0.00      0.00
04:50:53 PM IST       sda    441.00      0.00   2088.00      0.00      4.73      0.23      0.28     10.00

04:50:53 PM IST       DEV       tps     rkB/s     wkB/s     dkB/s   areq-sz    aqu-sz     await     %util
04:50:54 PM IST   nvme0n1      0.00      0.00      0.00      0.00      0.00      0.00      0.00      0.00
04:50:54 PM IST       sda    427.00      0.00   2020.00      0.00      4.73      0.23      0.28      9.60

04:50:54 PM IST       DEV       tps     rkB/s     wkB/s     dkB/s   areq-sz    aqu-sz     await     %util
04:50:55 PM IST   nvme0n1      0.00      0.00      0.00      0.00      0.00      0.00      0.00      0.00
04:50:55 PM IST       sda    421.00      0.00   2120.00      0.00      5.04      0.22      0.28     13.60

04:50:55 PM IST       DEV       tps     rkB/s     wkB/s     dkB/s   areq-sz    aqu-sz     await     %util
04:50:56 PM IST   nvme0n1      0.00      0.00      0.00      0.00      0.00      0.00      0.00      0.00
04:50:56 PM IST       sda    448.00      0.00   2056.00      0.00      4.59      0.22      0.26     12.40

04:50:56 PM IST       DEV       tps     rkB/s     wkB/s     dkB/s   areq-sz    aqu-sz     await     %util
04:50:57 PM IST   nvme0n1      0.00      0.00      0.00      0.00      0.00      0.00      0.00      0.00
04:50:57 PM IST       sda    422.00      0.00   1976.00      0.00      4.68      0.21      0.26     12.80

04:50:57 PM IST       DEV       tps     rkB/s     wkB/s     dkB/s   areq-sz    aqu-sz     await     %util
04:50:58 PM IST   nvme0n1      0.00      0.00      0.00      0.00      0.00      0.00      0.00      0.00
04:50:58 PM IST       sda    392.00      0.00   1856.00      0.00      4.73      0.21      0.29     12.40

04:50:58 PM IST       DEV       tps     rkB/s     wkB/s     dkB/s   areq-sz    aqu-sz     await     %util
04:50:59 PM IST   nvme0n1      0.00      0.00      0.00      0.00      0.00      0.00      0.00      0.00
04:50:59 PM IST       sda    408.00      0.00   1936.00      0.00      4.75      0.22      0.29     11.20

04:50:59 PM IST       DEV       tps     rkB/s     wkB/s     dkB/s   areq-sz    aqu-sz     await     %util
04:51:00 PM IST   nvme0n1      0.00      0.00      0.00      0.00      0.00      0.00      0.00      0.00
04:51:00 PM IST       sda    382.00      0.00   1816.00      0.00      4.75      0.21      0.29     13.60

04:51:00 PM IST       DEV       tps     rkB/s     wkB/s     dkB/s   areq-sz    aqu-sz     await     %util
04:51:01 PM IST   nvme0n1      0.00      0.00      0.00      0.00      0.00      0.00      0.00      0.00
04:51:01 PM IST       sda    410.00      0.00   2084.00      0.00      5.08      0.25      0.32     13.60

04:51:01 PM IST       DEV       tps     rkB/s     wkB/s     dkB/s   areq-sz    aqu-sz     await     %util
04:51:02 PM IST   nvme0n1      0.00      0.00      0.00      0.00      0.00      0.00      0.00      0.00
04:51:02 PM IST       sda    384.00      0.00   1832.00      0.00      4.77      0.21      0.29     11.60

04:51:02 PM IST       DEV       tps     rkB/s     wkB/s     dkB/s   areq-sz    aqu-sz     await     %util
04:51:03 PM IST   nvme0n1      0.00      0.00      0.00      0.00      0.00      0.00      0.00      0.00
04:51:03 PM IST       sda    493.00      0.00   2380.00      0.00      4.83      0.23      0.26     14.00

04:51:03 PM IST       DEV       tps     rkB/s     wkB/s     dkB/s   areq-sz    aqu-sz     await     %util
04:51:04 PM IST   nvme0n1      0.00      0.00      0.00      0.00      0.00      0.00      0.00      0.00
04:51:04 PM IST       sda    397.00      0.00   1880.00      0.00      4.74      0.23      0.30     10.80

04:51:04 PM IST       DEV       tps     rkB/s     wkB/s     dkB/s   areq-sz    aqu-sz     await     %util
04:51:05 PM IST   nvme0n1      0.00      0.00      0.00      0.00      0.00      0.00      0.00      0.00
04:51:05 PM IST       sda    385.00      0.00   1832.00      0.00      4.76      0.21      0.29     12.80

04:51:05 PM IST       DEV       tps     rkB/s     wkB/s     dkB/s   areq-sz    aqu-sz     await     %util
04:51:06 PM IST   nvme0n1      0.00      0.00      0.00      0.00      0.00      0.00      0.00      0.00
04:51:06 PM IST       sda    403.00      0.00   1972.00      0.00      4.89      0.22      0.29     12.40

04:51:06 PM IST       DEV       tps     rkB/s     wkB/s     dkB/s   areq-sz    aqu-sz     await     %util
04:51:07 PM IST   nvme0n1      0.00      0.00      0.00      0.00      0.00      0.00      0.00      0.00
04:51:07 PM IST       sda    403.00      0.00   1912.00      0.00      4.74      0.23      0.30     10.00

04:51:07 PM IST       DEV       tps     rkB/s     wkB/s     dkB/s   areq-sz    aqu-sz     await     %util
04:51:08 PM IST   nvme0n1      0.00      0.00      0.00      0.00      0.00      0.00      0.00      0.00
04:51:08 PM IST       sda    430.00      8.00   2004.00      0.00      4.68      0.23      0.28     10.00

04:51:08 PM IST       DEV       tps     rkB/s     wkB/s     dkB/s   areq-sz    aqu-sz     await     %util
04:51:09 PM IST   nvme0n1      0.00      0.00      0.00      0.00      0.00      0.00      0.00      0.00
04:51:09 PM IST       sda    381.00      0.00   1800.00      0.00      4.72      0.21      0.30     12.80

04:51:09 PM IST       DEV       tps     rkB/s     wkB/s     dkB/s   areq-sz    aqu-sz     await     %util
04:51:10 PM IST   nvme0n1      0.00      0.00      0.00      0.00      0.00      0.00      0.00      0.00
04:51:10 PM IST       sda    379.00      0.00   1792.00      0.00      4.73      0.22      0.30     12.00

04:51:10 PM IST       DEV       tps     rkB/s     wkB/s     dkB/s   areq-sz    aqu-sz     await     %util
04:51:11 PM IST   nvme0n1      0.00      0.00      0.00      0.00      0.00      0.00      0.00      0.00
04:51:11 PM IST       sda    396.00      0.00   1944.00      0.00      4.91      0.21      0.29     10.00

04:51:11 PM IST       DEV       tps     rkB/s     wkB/s     dkB/s   areq-sz    aqu-sz     await     %util
04:51:12 PM IST   nvme0n1      0.00      0.00      0.00      0.00      0.00      0.00      0.00      0.00
04:51:12 PM IST       sda    426.00      0.00   2008.00      0.00      4.71      0.22      0.27      7.60

04:51:12 PM IST       DEV       tps     rkB/s     wkB/s     dkB/s   areq-sz    aqu-sz     await     %util
04:51:13 PM IST   nvme0n1      0.00      0.00      0.00      0.00      0.00      0.00      0.00      0.00
04:51:13 PM IST       sda    399.00      0.00   6256.00      0.00     15.68      0.25      0.34     12.80

04:51:13 PM IST       DEV       tps     rkB/s     wkB/s     dkB/s   areq-sz    aqu-sz     await     %util
04:51:14 PM IST   nvme0n1      0.00      0.00      0.00      0.00      0.00      0.00      0.00      0.00
04:51:14 PM IST       sda    411.00      0.00   3756.00      0.00      9.14      0.21      0.28      8.80

04:51:14 PM IST       DEV       tps     rkB/s     wkB/s     dkB/s   areq-sz    aqu-sz     await     %util
04:51:15 PM IST   nvme0n1      0.00      0.00      0.00      0.00      0.00      0.00      0.00      0.00
04:51:15 PM IST       sda    446.00      0.00   2648.00      0.00      5.94      0.21      0.25     10.00

04:51:15 PM IST       DEV       tps     rkB/s     wkB/s     dkB/s   areq-sz    aqu-sz     await     %util
04:51:16 PM IST   nvme0n1      0.00      0.00      0.00      0.00      0.00      0.00      0.00      0.00
04:51:16 PM IST       sda    440.00      0.00   2448.00      0.00      5.56      0.21      0.26     12.80

04:51:16 PM IST       DEV       tps     rkB/s     wkB/s     dkB/s   areq-sz    aqu-sz     await     %util
04:51:17 PM IST   nvme0n1      0.00      0.00      0.00      0.00      0.00      0.00      0.00      0.00
04:51:17 PM IST       sda    431.00      0.00   2136.00      0.00      4.96      0.21      0.26     10.80

04:51:17 PM IST       DEV       tps     rkB/s     wkB/s     dkB/s   areq-sz    aqu-sz     await     %util
04:51:18 PM IST   nvme0n1      0.00      0.00      0.00      0.00      0.00      0.00      0.00      0.00
04:51:18 PM IST       sda    425.00      0.00   2080.00      0.00      4.89      0.21      0.26      6.80

04:51:18 PM IST       DEV       tps     rkB/s     wkB/s     dkB/s   areq-sz    aqu-sz     await     %util
04:51:19 PM IST   nvme0n1      0.00      0.00      0.00      0.00      0.00      0.00      0.00      0.00
04:51:19 PM IST       sda    433.00      0.00   2304.00      0.00      5.32      0.21      0.26     14.00

04:51:19 PM IST       DEV       tps     rkB/s     wkB/s     dkB/s   areq-sz    aqu-sz     await     %util
04:51:20 PM IST   nvme0n1      0.00      0.00      0.00      0.00      0.00      0.00      0.00      0.00
04:51:20 PM IST       sda    450.00      0.00   2160.00      0.00      4.80      0.22      0.26     12.40

04:51:20 PM IST       DEV       tps     rkB/s     wkB/s     dkB/s   areq-sz    aqu-sz     await     %util
04:51:21 PM IST   nvme0n1      0.00      0.00      0.00      0.00      0.00      0.00      0.00      0.00
04:51:21 PM IST       sda    419.00      0.00   2048.00      0.00      4.89      0.20      0.26      8.80

04:51:21 PM IST       DEV       tps     rkB/s     wkB/s     dkB/s   areq-sz    aqu-sz     await     %util
04:51:22 PM IST   nvme0n1      0.00      0.00      0.00      0.00      0.00      0.00      0.00      0.00
04:51:22 PM IST       sda    429.00      0.00   2296.00      0.00      5.35      0.21      0.26      7.60

04:51:22 PM IST       DEV       tps     rkB/s     wkB/s     dkB/s   areq-sz    aqu-sz     await     %util
04:51:23 PM IST   nvme0n1      0.00      0.00      0.00      0.00      0.00      0.00      0.00      0.00
04:51:23 PM IST       sda    424.00      0.00   2296.00      0.00      5.42      0.21      0.27      9.20

04:51:23 PM IST       DEV       tps     rkB/s     wkB/s     dkB/s   areq-sz    aqu-sz     await     %util
04:51:24 PM IST   nvme0n1      0.00      0.00      0.00      0.00      0.00      0.00      0.00      0.00
04:51:24 PM IST       sda    447.00      0.00   2212.00      0.00      4.95      0.26      0.31     11.20

04:51:24 PM IST       DEV       tps     rkB/s     wkB/s     dkB/s   areq-sz    aqu-sz     await     %util
04:51:25 PM IST   nvme0n1      0.00      0.00      0.00      0.00      0.00      0.00      0.00      0.00
04:51:25 PM IST       sda    461.00      0.00   2384.00      0.00      5.17      0.22      0.26     11.20

04:51:25 PM IST       DEV       tps     rkB/s     wkB/s     dkB/s   areq-sz    aqu-sz     await     %util
04:51:26 PM IST   nvme0n1      0.00      0.00      0.00      0.00      0.00      0.00      0.00      0.00
04:51:26 PM IST       sda    525.00      0.00   2488.00      0.00      4.74      0.24      0.26     11.60

04:51:26 PM IST       DEV       tps     rkB/s     wkB/s     dkB/s   areq-sz    aqu-sz     await     %util
04:51:27 PM IST   nvme0n1      0.00      0.00      0.00      0.00      0.00      0.00      0.00      0.00
04:51:27 PM IST       sda    492.00      0.00   2352.00      0.00      4.78      0.23      0.25      9.60

04:51:27 PM IST       DEV       tps     rkB/s     wkB/s     dkB/s   areq-sz    aqu-sz     await     %util
04:51:28 PM IST   nvme0n1      0.00      0.00      0.00      0.00      0.00      0.00      0.00      0.00
04:51:28 PM IST       sda    444.00      0.00   2136.00      0.00      4.81      0.22      0.27     11.60

04:51:28 PM IST       DEV       tps     rkB/s     wkB/s     dkB/s   areq-sz    aqu-sz     await     %util
04:51:29 PM IST   nvme0n1      0.00      0.00      0.00      0.00      0.00      0.00      0.00      0.00
04:51:29 PM IST       sda    425.00      0.00   2232.00      0.00      5.25      0.21      0.26     10.00

04:51:29 PM IST       DEV       tps     rkB/s     wkB/s     dkB/s   areq-sz    aqu-sz     await     %util
04:51:30 PM IST   nvme0n1      0.00      0.00      0.00      0.00      0.00      0.00      0.00      0.00
04:51:30 PM IST       sda    439.00      0.00   2040.00      0.00      4.65      0.21      0.26     11.60

04:51:30 PM IST       DEV       tps     rkB/s     wkB/s     dkB/s   areq-sz    aqu-sz     await     %util
04:51:31 PM IST   nvme0n1      0.00      0.00      0.00      0.00      0.00      0.00      0.00      0.00
04:51:31 PM IST       sda    452.00      0.00   2172.00      0.00      4.81      0.22      0.26     10.80

04:51:31 PM IST       DEV       tps     rkB/s     wkB/s     dkB/s   areq-sz    aqu-sz     await     %util
04:51:32 PM IST   nvme0n1      0.00      0.00      0.00      0.00      0.00      0.00      0.00      0.00
04:51:32 PM IST       sda    440.00      0.00   2360.00      0.00      5.36      0.21      0.26     16.00

04:51:32 PM IST       DEV       tps     rkB/s     wkB/s     dkB/s   areq-sz    aqu-sz     await     %util
04:51:33 PM IST   nvme0n1      0.00      0.00      0.00      0.00      0.00      0.00      0.00      0.00
04:51:33 PM IST       sda    453.00      0.00   2128.00      0.00      4.70      0.22      0.26      8.80

04:51:33 PM IST       DEV       tps     rkB/s     wkB/s     dkB/s   areq-sz    aqu-sz     await     %util
04:51:34 PM IST   nvme0n1      0.00      0.00      0.00      0.00      0.00      0.00      0.00      0.00
04:51:34 PM IST       sda    528.00     24.00   2420.00      0.00      4.63      0.23      0.24     11.20

04:51:34 PM IST       DEV       tps     rkB/s     wkB/s     dkB/s   areq-sz    aqu-sz     await     %util
04:51:35 PM IST   nvme0n1      0.00      0.00      0.00      0.00      0.00      0.00      0.00      0.00
04:51:35 PM IST       sda    456.00     20.00   2484.00      0.00      5.49      0.22      0.26      8.80

04:51:35 PM IST       DEV       tps     rkB/s     wkB/s     dkB/s   areq-sz    aqu-sz     await     %util
04:51:36 PM IST   nvme0n1      0.00      0.00      0.00      0.00      0.00      0.00      0.00      0.00
04:51:36 PM IST       sda    425.00      0.00   2004.00      0.00      4.72      0.26      0.32     12.00

04:51:36 PM IST       DEV       tps     rkB/s     wkB/s     dkB/s   areq-sz    aqu-sz     await     %util
04:51:37 PM IST   nvme0n1      0.00      0.00      0.00      0.00      0.00      0.00      0.00      0.00
04:51:37 PM IST       sda    432.00      0.00   2036.00      0.00      4.71      0.23      0.29     12.00

04:51:37 PM IST       DEV       tps     rkB/s     wkB/s     dkB/s   areq-sz    aqu-sz     await     %util
04:51:38 PM IST   nvme0n1      0.00      0.00      0.00      0.00      0.00      0.00      0.00      0.00
04:51:38 PM IST       sda    450.00      0.00   2472.00      0.00      5.49      0.22      0.27     10.40

04:51:38 PM IST       DEV       tps     rkB/s     wkB/s     dkB/s   areq-sz    aqu-sz     await     %util
04:51:39 PM IST   nvme0n1      0.00      0.00      0.00      0.00      0.00      0.00      0.00      0.00
04:51:39 PM IST       sda    465.00      0.00   2216.00      0.00      4.77      0.23      0.26     10.80

04:51:39 PM IST       DEV       tps     rkB/s     wkB/s     dkB/s   areq-sz    aqu-sz     await     %util
04:51:40 PM IST   nvme0n1      0.00      0.00      0.00      0.00      0.00      0.00      0.00      0.00
04:51:40 PM IST       sda    434.00      0.00   2144.00      0.00      4.94      0.22      0.27     12.80

04:51:40 PM IST       DEV       tps     rkB/s     wkB/s     dkB/s   areq-sz    aqu-sz     await     %util
04:51:41 PM IST   nvme0n1      0.00      0.00      0.00      0.00      0.00      0.00      0.00      0.00
04:51:41 PM IST       sda    402.00      0.00   1896.00      0.00      4.72      0.21      0.28     13.20

04:51:41 PM IST       DEV       tps     rkB/s     wkB/s     dkB/s   areq-sz    aqu-sz     await     %util
04:51:42 PM IST   nvme0n1      0.00      0.00      0.00      0.00      0.00      0.00      0.00      0.00
04:51:42 PM IST       sda    471.00      0.00   2520.00      0.00      5.35      0.22      0.25     10.80

04:51:42 PM IST       DEV       tps     rkB/s     wkB/s     dkB/s   areq-sz    aqu-sz     await     %util
04:51:43 PM IST   nvme0n1      0.00      0.00      0.00      0.00      0.00      0.00      0.00      0.00
04:51:43 PM IST       sda    447.00      0.00   2468.00      0.00      5.52      0.21      0.26     11.60

04:51:43 PM IST       DEV       tps     rkB/s     wkB/s     dkB/s   areq-sz    aqu-sz     await     %util
04:51:44 PM IST   nvme0n1      0.00      0.00      0.00      0.00      0.00      0.00      0.00      0.00
04:51:44 PM IST       sda    426.00      0.00   1984.00      0.00      4.66      0.23      0.28      9.20

04:51:44 PM IST       DEV       tps     rkB/s     wkB/s     dkB/s   areq-sz    aqu-sz     await     %util
04:51:45 PM IST   nvme0n1      0.00      0.00      0.00      0.00      0.00      0.00      0.00      0.00
04:51:45 PM IST       sda    398.00      0.00   2016.00      0.00      5.07      0.22      0.29     12.40

04:51:45 PM IST       DEV       tps     rkB/s     wkB/s     dkB/s   areq-sz    aqu-sz     await     %util
04:51:46 PM IST   nvme0n1      0.00      0.00      0.00      0.00      0.00      0.00      0.00      0.00
04:51:46 PM IST       sda    393.00      0.00   1956.00      0.00      4.98      0.22      0.30     12.00

04:51:46 PM IST       DEV       tps     rkB/s     wkB/s     dkB/s   areq-sz    aqu-sz     await     %util
04:51:47 PM IST   nvme0n1      0.00      0.00      0.00      0.00      0.00      0.00      0.00      0.00
04:51:47 PM IST       sda    379.00      0.00   1824.00      0.00      4.81      0.21      0.29     14.80

04:51:47 PM IST       DEV       tps     rkB/s     wkB/s     dkB/s   areq-sz    aqu-sz     await     %util
04:51:48 PM IST   nvme0n1      0.00      0.00      0.00      0.00      0.00      0.00      0.00      0.00
04:51:48 PM IST       sda    410.00      0.00   2232.00      0.00      5.44      0.25      0.32     16.80

04:51:48 PM IST       DEV       tps     rkB/s     wkB/s     dkB/s   areq-sz    aqu-sz     await     %util
04:51:49 PM IST   nvme0n1      0.00      0.00      0.00      0.00      0.00      0.00      0.00      0.00
04:51:49 PM IST       sda    399.00      0.00   1896.00      0.00      4.75      0.22      0.29     12.00

04:51:49 PM IST       DEV       tps     rkB/s     wkB/s     dkB/s   areq-sz    aqu-sz     await     %util
04:51:50 PM IST   nvme0n1      0.00      0.00      0.00      0.00      0.00      0.00      0.00      0.00
04:51:50 PM IST       sda    397.00      0.00   1888.00      0.00      4.76      0.22      0.29     13.20

04:51:50 PM IST       DEV       tps     rkB/s     wkB/s     dkB/s   areq-sz    aqu-sz     await     %util
04:51:51 PM IST   nvme0n1      0.00      0.00      0.00      0.00      0.00      0.00      0.00      0.00
04:51:51 PM IST       sda    418.00      0.00   2252.00      0.00      5.39      0.23      0.30     16.00

04:51:51 PM IST       DEV       tps     rkB/s     wkB/s     dkB/s   areq-sz    aqu-sz     await     %util
04:51:52 PM IST   nvme0n1      0.00      0.00      0.00      0.00      0.00      0.00      0.00      0.00
04:51:52 PM IST       sda    403.00      0.00   1920.00      0.00      4.76      0.23      0.30      8.00

04:51:52 PM IST       DEV       tps     rkB/s     wkB/s     dkB/s   areq-sz    aqu-sz     await     %util
04:51:53 PM IST   nvme0n1      0.00      0.00      0.00      0.00      0.00      0.00      0.00      0.00
04:51:53 PM IST       sda    437.00      0.00   2132.00      0.00      4.88      0.24      0.30     12.40

04:51:53 PM IST       DEV       tps     rkB/s     wkB/s     dkB/s   areq-sz    aqu-sz     await     %util
04:51:54 PM IST   nvme0n1      0.00      0.00      0.00      0.00      0.00      0.00      0.00      0.00
04:51:54 PM IST       sda    414.00      0.00   2032.00      0.00      4.91      0.23      0.30     13.20

04:51:54 PM IST       DEV       tps     rkB/s     wkB/s     dkB/s   areq-sz    aqu-sz     await     %util
04:51:55 PM IST   nvme0n1      0.00      0.00      0.00      0.00      0.00      0.00      0.00      0.00
04:51:55 PM IST       sda    417.00      0.00   2276.00      0.00      5.46      0.24      0.30     14.40

04:51:55 PM IST       DEV       tps     rkB/s     wkB/s     dkB/s   areq-sz    aqu-sz     await     %util
04:51:56 PM IST   nvme0n1      0.00      0.00      0.00      0.00      0.00      0.00      0.00      0.00
04:51:56 PM IST       sda    410.00      0.00   1912.00      0.00      4.66      0.23      0.30     14.00

04:51:56 PM IST       DEV       tps     rkB/s     wkB/s     dkB/s   areq-sz    aqu-sz     await     %util
04:51:57 PM IST   nvme0n1      0.00      0.00      0.00      0.00      0.00      0.00      0.00      0.00
04:51:57 PM IST       sda    399.00      0.00   1904.00      0.00      4.77      0.21      0.28     11.60

04:51:57 PM IST       DEV       tps     rkB/s     wkB/s     dkB/s   areq-sz    aqu-sz     await     %util
04:51:58 PM IST   nvme0n1      0.00      0.00      0.00      0.00      0.00      0.00      0.00      0.00
04:51:58 PM IST       sda    441.00      0.00   2320.00      0.00      5.26      0.21      0.26     12.00

04:51:58 PM IST       DEV       tps     rkB/s     wkB/s     dkB/s   areq-sz    aqu-sz     await     %util
04:51:59 PM IST   nvme0n1      0.00      0.00      0.00      0.00      0.00      0.00      0.00      0.00
04:51:59 PM IST       sda    425.00      0.00   2048.00      0.00      4.82      0.20      0.26     10.00

04:51:59 PM IST       DEV       tps     rkB/s     wkB/s     dkB/s   areq-sz    aqu-sz     await     %util
04:52:00 PM IST   nvme0n1      0.00      0.00      0.00      0.00      0.00      0.00      0.00      0.00
04:52:00 PM IST       sda    383.00      0.00   1800.00      0.00      4.70      0.21      0.29     14.00

04:52:00 PM IST       DEV       tps     rkB/s     wkB/s     dkB/s   areq-sz    aqu-sz     await     %util
04:52:01 PM IST   nvme0n1      0.00      0.00      0.00      0.00      0.00      0.00      0.00      0.00
04:52:01 PM IST       sda    405.00      0.00   2216.00      0.00      5.47      0.22      0.28     10.80

04:52:01 PM IST       DEV       tps     rkB/s     wkB/s     dkB/s   areq-sz    aqu-sz     await     %util
04:52:02 PM IST   nvme0n1      0.00      0.00      0.00      0.00      0.00      0.00      0.00      0.00
04:52:02 PM IST       sda    454.00      0.00   2140.00      0.00      4.71      0.21      0.26     10.40

04:52:02 PM IST       DEV       tps     rkB/s     wkB/s     dkB/s   areq-sz    aqu-sz     await     %util
04:52:03 PM IST   nvme0n1      0.00      0.00      0.00      0.00      0.00      0.00      0.00      0.00
04:52:03 PM IST       sda    431.00      0.00   2036.00      0.00      4.72      0.21      0.26      9.60

04:52:03 PM IST       DEV       tps     rkB/s     wkB/s     dkB/s   areq-sz    aqu-sz     await     %util
04:52:04 PM IST   nvme0n1      0.00      0.00      0.00      0.00      0.00      0.00      0.00      0.00
04:52:04 PM IST       sda    429.00      0.00   2272.00      0.00      5.30      0.21      0.27     10.00

04:52:04 PM IST       DEV       tps     rkB/s     wkB/s     dkB/s   areq-sz    aqu-sz     await     %util
04:52:05 PM IST   nvme0n1      0.00      0.00      0.00      0.00      0.00      0.00      0.00      0.00
04:52:05 PM IST       sda    506.00      0.00   2348.00      0.00      4.64      0.22      0.24      9.60

04:52:05 PM IST       DEV       tps     rkB/s     wkB/s     dkB/s   areq-sz    aqu-sz     await     %util
04:52:06 PM IST   nvme0n1      0.00      0.00      0.00      0.00      0.00      0.00      0.00      0.00
04:52:06 PM IST       sda    423.00      0.00   2012.00      0.00      4.76      0.22      0.27     12.80

04:52:06 PM IST       DEV       tps     rkB/s     wkB/s     dkB/s   areq-sz    aqu-sz     await     %util
04:52:07 PM IST   nvme0n1      0.00      0.00      0.00      0.00      0.00      0.00      0.00      0.00
04:52:07 PM IST       sda    420.00      0.00   2120.00      0.00      5.05      0.21      0.27      8.40

04:52:07 PM IST       DEV       tps     rkB/s     wkB/s     dkB/s   areq-sz    aqu-sz     await     %util
04:52:08 PM IST   nvme0n1      0.00      0.00      0.00      0.00      0.00      0.00      0.00      0.00
04:52:08 PM IST       sda    404.00      0.00   2188.00      0.00      5.42      0.20      0.26     13.20

04:52:08 PM IST       DEV       tps     rkB/s     wkB/s     dkB/s   areq-sz    aqu-sz     await     %util
04:52:09 PM IST   nvme0n1      0.00      0.00      0.00      0.00      0.00      0.00      0.00      0.00
04:52:09 PM IST       sda    423.00      0.00   1992.00      0.00      4.71      0.21      0.27     13.60

04:52:09 PM IST       DEV       tps     rkB/s     wkB/s     dkB/s   areq-sz    aqu-sz     await     %util
04:52:10 PM IST   nvme0n1      0.00      0.00      0.00      0.00      0.00      0.00      0.00      0.00
04:52:10 PM IST       sda    420.00      0.00   1960.00      0.00      4.67      0.22      0.28      8.40

04:52:10 PM IST       DEV       tps     rkB/s     wkB/s     dkB/s   areq-sz    aqu-sz     await     %util
04:52:11 PM IST   nvme0n1      0.00      0.00      0.00      0.00      0.00      0.00      0.00      0.00
04:52:11 PM IST       sda    399.00      0.00   2164.00      0.00      5.42      0.21      0.28      8.40

04:52:11 PM IST       DEV       tps     rkB/s     wkB/s     dkB/s   areq-sz    aqu-sz     await     %util
04:52:12 PM IST   nvme0n1      0.00      0.00      0.00      0.00      0.00      0.00      0.00      0.00
04:52:12 PM IST       sda    406.00      0.00   1956.00      0.00      4.82      0.27      0.35     14.00

04:52:12 PM IST       DEV       tps     rkB/s     wkB/s     dkB/s   areq-sz    aqu-sz     await     %util
04:52:13 PM IST   nvme0n1      0.00      0.00      0.00      0.00      0.00      0.00      0.00      0.00
04:52:13 PM IST       sda    435.00      0.00   2120.00      0.00      4.87      0.21      0.26     12.80

04:52:13 PM IST       DEV       tps     rkB/s     wkB/s     dkB/s   areq-sz    aqu-sz     await     %util
04:52:14 PM IST   nvme0n1      0.00      0.00      0.00      0.00      0.00      0.00      0.00      0.00
04:52:14 PM IST       sda    451.00      0.00   2448.00      0.00      5.43      0.22      0.26     12.40

04:52:14 PM IST       DEV       tps     rkB/s     wkB/s     dkB/s   areq-sz    aqu-sz     await     %util
04:52:15 PM IST   nvme0n1      0.00      0.00      0.00      0.00      0.00      0.00      0.00      0.00
04:52:15 PM IST       sda    462.38      0.00   2297.03      0.00      4.97      0.23      0.27     14.26

04:52:15 PM IST       DEV       tps     rkB/s     wkB/s     dkB/s   areq-sz    aqu-sz     await     %util
04:52:16 PM IST   nvme0n1      0.00      0.00      0.00      0.00      0.00      0.00      0.00      0.00
04:52:16 PM IST       sda    420.00      0.00   1992.00      0.00      4.74      0.21      0.27     10.80

04:52:16 PM IST       DEV       tps     rkB/s     wkB/s     dkB/s   areq-sz    aqu-sz     await     %util
04:52:17 PM IST   nvme0n1      0.00      0.00      0.00      0.00      0.00      0.00      0.00      0.00
04:52:17 PM IST       sda    423.00      0.00   2232.00      0.00      5.28      0.21      0.26     10.80

04:52:17 PM IST       DEV       tps     rkB/s     wkB/s     dkB/s   areq-sz    aqu-sz     await     %util
04:52:18 PM IST   nvme0n1      0.00      0.00      0.00      0.00      0.00      0.00      0.00      0.00
04:52:18 PM IST       sda    426.00      0.00   2028.00      0.00      4.76      0.21      0.27      8.40

04:52:18 PM IST       DEV       tps     rkB/s     wkB/s     dkB/s   areq-sz    aqu-sz     await     %util
04:52:19 PM IST   nvme0n1      0.00      0.00      0.00      0.00      0.00      0.00      0.00      0.00
04:52:19 PM IST       sda    427.00      0.00   2008.00      0.00      4.70      0.21      0.26     10.00

04:52:19 PM IST       DEV       tps     rkB/s     wkB/s     dkB/s   areq-sz    aqu-sz     await     %util
04:52:20 PM IST   nvme0n1      0.00      0.00      0.00      0.00      0.00      0.00      0.00      0.00
04:52:20 PM IST       sda    475.00      0.00   2320.00      0.00      4.88      0.23      0.27     11.60

04:52:20 PM IST       DEV       tps     rkB/s     wkB/s     dkB/s   areq-sz    aqu-sz     await     %util
04:52:21 PM IST   nvme0n1      0.00      0.00      0.00      0.00      0.00      0.00      0.00      0.00
04:52:21 PM IST       sda    437.00      0.00   2288.00      0.00      5.24      0.22      0.27     12.40

04:52:21 PM IST       DEV       tps     rkB/s     wkB/s     dkB/s   areq-sz    aqu-sz     await     %util
04:52:22 PM IST   nvme0n1      0.00      0.00      0.00      0.00      0.00      0.00      0.00      0.00
04:52:22 PM IST       sda    430.00      0.00   2016.00      0.00      4.69      0.22      0.27     11.60

04:52:22 PM IST       DEV       tps     rkB/s     wkB/s     dkB/s   areq-sz    aqu-sz     await     %util
04:52:23 PM IST   nvme0n1      0.00      0.00      0.00      0.00      0.00      0.00      0.00      0.00
04:52:23 PM IST       sda    407.00      0.00   1936.00      0.00      4.76      0.20      0.27      9.20

04:52:23 PM IST       DEV       tps     rkB/s     wkB/s     dkB/s   areq-sz    aqu-sz     await     %util
04:52:24 PM IST   nvme0n1      0.00      0.00      0.00      0.00      0.00      0.00      0.00      0.00
04:52:24 PM IST       sda    425.00      0.00   2280.00      0.00      5.36      0.25      0.32     15.60

04:52:24 PM IST       DEV       tps     rkB/s     wkB/s     dkB/s   areq-sz    aqu-sz     await     %util
04:52:25 PM IST   nvme0n1      0.00      0.00      0.00      0.00      0.00      0.00      0.00      0.00
04:52:25 PM IST       sda    417.00      0.00   1976.00      0.00      4.74      0.24      0.30     12.00

04:52:25 PM IST       DEV       tps     rkB/s     wkB/s     dkB/s   areq-sz    aqu-sz     await     %util
04:52:26 PM IST   nvme0n1      0.00      0.00      0.00      0.00      0.00      0.00      0.00      0.00
04:52:26 PM IST       sda    454.00      0.00   2192.00      0.00      4.83      0.23      0.28     11.60

04:52:26 PM IST       DEV       tps     rkB/s     wkB/s     dkB/s   areq-sz    aqu-sz     await     %util
04:52:27 PM IST   nvme0n1      0.00      0.00      0.00      0.00      0.00      0.00      0.00      0.00
04:52:27 PM IST       sda    482.00      0.00   2400.00      0.00      4.98      0.25      0.28     11.60

04:52:27 PM IST       DEV       tps     rkB/s     wkB/s     dkB/s   areq-sz    aqu-sz     await     %util
04:52:28 PM IST   nvme0n1      0.00      0.00      0.00      0.00      0.00      0.00      0.00      0.00
04:52:28 PM IST       sda    447.00      0.00   2168.00      0.00      4.85      0.24      0.28     12.40

04:52:28 PM IST       DEV       tps     rkB/s     wkB/s     dkB/s   areq-sz    aqu-sz     await     %util
04:52:29 PM IST   nvme0n1      0.00      0.00      0.00      0.00      0.00      0.00      0.00      0.00
04:52:29 PM IST       sda    431.00      0.00   2144.00      0.00      4.97      0.23      0.29     11.60

04:52:29 PM IST       DEV       tps     rkB/s     wkB/s     dkB/s   areq-sz    aqu-sz     await     %util
04:52:30 PM IST   nvme0n1      0.00      0.00      0.00      0.00      0.00      0.00      0.00      0.00
04:52:30 PM IST       sda    538.00      0.00   2996.00      0.00      5.57      0.26      0.28     11.60

04:52:30 PM IST       DEV       tps     rkB/s     wkB/s     dkB/s   areq-sz    aqu-sz     await     %util
04:52:31 PM IST   nvme0n1      0.00      0.00      0.00      0.00      0.00      0.00      0.00      0.00
04:52:31 PM IST       sda    419.00      0.00   1984.00      0.00      4.74      0.21      0.27     10.00

04:52:31 PM IST       DEV       tps     rkB/s     wkB/s     dkB/s   areq-sz    aqu-sz     await     %util
04:52:32 PM IST   nvme0n1      0.00      0.00      0.00      0.00      0.00      0.00      0.00      0.00
04:52:32 PM IST       sda    425.00      4.00   2140.00      0.00      5.04      0.23      0.29     12.00

04:52:32 PM IST       DEV       tps     rkB/s     wkB/s     dkB/s   areq-sz    aqu-sz     await     %util
04:52:33 PM IST   nvme0n1      0.00      0.00      0.00      0.00      0.00      0.00      0.00      0.00
04:52:33 PM IST       sda    436.00      0.00   2148.00      0.00      4.93      0.25      0.30     15.60

04:52:33 PM IST       DEV       tps     rkB/s     wkB/s     dkB/s   areq-sz    aqu-sz     await     %util
04:52:34 PM IST   nvme0n1      0.00      0.00      0.00      0.00      0.00      0.00      0.00      0.00
04:52:34 PM IST       sda    413.00      0.00   2980.00      0.00      7.22      0.23      0.31      8.40

04:52:34 PM IST       DEV       tps     rkB/s     wkB/s     dkB/s   areq-sz    aqu-sz     await     %util
04:52:35 PM IST   nvme0n1      0.00      0.00      0.00      0.00      0.00      0.00      0.00      0.00
04:52:35 PM IST       sda    510.00      0.00   2516.00      0.00      4.93      0.28      0.30     14.40

04:52:35 PM IST       DEV       tps     rkB/s     wkB/s     dkB/s   areq-sz    aqu-sz     await     %util
04:52:36 PM IST   nvme0n1      0.00      0.00      0.00      0.00      0.00      0.00      0.00      0.00
04:52:36 PM IST       sda    414.00      0.00   1952.00      0.00      4.71      0.23      0.29     10.40

04:52:36 PM IST       DEV       tps     rkB/s     wkB/s     dkB/s   areq-sz    aqu-sz     await     %util
04:52:37 PM IST   nvme0n1      0.00      0.00      0.00      0.00      0.00      0.00      0.00      0.00
04:52:37 PM IST       sda    420.00      0.00   2320.00      0.00      5.52      0.23      0.30      9.60

04:52:37 PM IST       DEV       tps     rkB/s     wkB/s     dkB/s   areq-sz    aqu-sz     await     %util
04:52:38 PM IST   nvme0n1      0.00      0.00      0.00      0.00      0.00      0.00      0.00      0.00
04:52:38 PM IST       sda    441.00      0.00   2152.00      0.00      4.88      0.25      0.30     10.00

04:52:38 PM IST       DEV       tps     rkB/s     wkB/s     dkB/s   areq-sz    aqu-sz     await     %util
04:52:39 PM IST   nvme0n1      0.00      0.00      0.00      0.00      0.00      0.00      0.00      0.00
04:52:39 PM IST       sda    396.00      0.00   1880.00      0.00      4.75      0.22      0.30     10.00

04:52:39 PM IST       DEV       tps     rkB/s     wkB/s     dkB/s   areq-sz    aqu-sz     await     %util
04:52:40 PM IST   nvme0n1      0.00      0.00      0.00      0.00      0.00      0.00      0.00      0.00
04:52:40 PM IST       sda    414.00      0.00   2200.00      0.00      5.31      0.23      0.30     12.40

04:52:40 PM IST       DEV       tps     rkB/s     wkB/s     dkB/s   areq-sz    aqu-sz     await     %util
04:52:41 PM IST   nvme0n1      0.00      0.00      0.00      0.00      0.00      0.00      0.00      0.00
04:52:41 PM IST       sda    366.00      0.00   1696.00      0.00      4.63      0.21      0.31      8.80

04:52:41 PM IST       DEV       tps     rkB/s     wkB/s     dkB/s   areq-sz    aqu-sz     await     %util
04:52:42 PM IST   nvme0n1      0.00      0.00      0.00      0.00      0.00      0.00      0.00      0.00
04:52:42 PM IST       sda    403.00      8.00   1940.00      0.00      4.83      0.22      0.30     11.60

04:52:42 PM IST       DEV       tps     rkB/s     wkB/s     dkB/s   areq-sz    aqu-sz     await     %util
04:52:43 PM IST   nvme0n1      0.00      0.00      0.00      0.00      0.00      0.00      0.00      0.00
04:52:43 PM IST       sda    396.00      0.00   2112.00      0.00      5.33      0.23      0.30     13.60

04:52:43 PM IST       DEV       tps     rkB/s     wkB/s     dkB/s   areq-sz    aqu-sz     await     %util
04:52:44 PM IST   nvme0n1      0.00      0.00      0.00      0.00      0.00      0.00      0.00      0.00
04:52:44 PM IST       sda    389.00      0.00   1840.00      0.00      4.73      0.22      0.30     12.40

04:52:44 PM IST       DEV       tps     rkB/s     wkB/s     dkB/s   areq-sz    aqu-sz     await     %util
04:52:45 PM IST   nvme0n1      0.00      0.00      0.00      0.00      0.00      0.00      0.00      0.00
04:52:45 PM IST       sda    393.00     72.00   1960.00      0.00      5.17      0.21      0.29     12.40

04:52:45 PM IST       DEV       tps     rkB/s     wkB/s     dkB/s   areq-sz    aqu-sz     await     %util
04:52:46 PM IST   nvme0n1      0.00      0.00      0.00      0.00      0.00      0.00      0.00      0.00
04:52:46 PM IST       sda    484.00      0.00   2376.00      0.00      4.91      0.23      0.26     11.60

04:52:46 PM IST       DEV       tps     rkB/s     wkB/s     dkB/s   areq-sz    aqu-sz     await     %util
04:52:47 PM IST   nvme0n1      0.00      0.00      0.00      0.00      0.00      0.00      0.00      0.00
04:52:47 PM IST       sda    415.00      0.00   2068.00      0.00      4.98      0.21      0.27     12.00

04:52:47 PM IST       DEV       tps     rkB/s     wkB/s     dkB/s   areq-sz    aqu-sz     await     %util
04:52:48 PM IST   nvme0n1      0.00      0.00      0.00      0.00      0.00      0.00      0.00      0.00
04:52:48 PM IST       sda    405.00      0.00   1936.00      0.00      4.78      0.24      0.31     13.20

04:52:48 PM IST       DEV       tps     rkB/s     wkB/s     dkB/s   areq-sz    aqu-sz     await     %util
04:52:49 PM IST   nvme0n1      0.00      0.00      0.00      0.00      0.00      0.00      0.00      0.00
04:52:49 PM IST       sda    439.00      0.00   2048.00      0.00      4.67      0.22      0.27     13.20

04:52:49 PM IST       DEV       tps     rkB/s     wkB/s     dkB/s   areq-sz    aqu-sz     await     %util
04:52:50 PM IST   nvme0n1      0.00      0.00      0.00      0.00      0.00      0.00      0.00      0.00
04:52:50 PM IST       sda    420.00      0.00   2200.00      0.00      5.24      0.20      0.26     12.00

04:52:50 PM IST       DEV       tps     rkB/s     wkB/s     dkB/s   areq-sz    aqu-sz     await     %util
04:52:51 PM IST   nvme0n1      0.00      0.00      0.00      0.00      0.00      0.00      0.00      0.00
04:52:51 PM IST       sda    423.00      0.00   2068.00      0.00      4.89      0.21      0.26     13.20

04:52:51 PM IST       DEV       tps     rkB/s     wkB/s     dkB/s   areq-sz    aqu-sz     await     %util
04:52:52 PM IST   nvme0n1      0.00      0.00      0.00      0.00      0.00      0.00      0.00      0.00
04:52:52 PM IST       sda    585.00  11372.00   2092.00      0.00     23.02      0.28      0.30     10.40

04:52:52 PM IST       DEV       tps     rkB/s     wkB/s     dkB/s   areq-sz    aqu-sz     await     %util
04:52:53 PM IST   nvme0n1      0.00      0.00      0.00      0.00      0.00      0.00      0.00      0.00
04:52:53 PM IST       sda    478.00      0.00  11916.00      0.00     24.93      0.41      0.64     12.00

04:52:53 PM IST       DEV       tps     rkB/s     wkB/s     dkB/s   areq-sz    aqu-sz     await     %util
04:52:54 PM IST   nvme0n1      0.00      0.00      0.00      0.00      0.00      0.00      0.00      0.00
04:52:54 PM IST       sda    427.00      0.00   2160.00      0.00      5.06      0.21      0.26      8.40

04:52:54 PM IST       DEV       tps     rkB/s     wkB/s     dkB/s   areq-sz    aqu-sz     await     %util
04:52:55 PM IST   nvme0n1      0.00      0.00      0.00      0.00      0.00      0.00      0.00      0.00
04:52:55 PM IST       sda    401.00     12.00   2028.00      0.00      5.09      0.20      0.27     13.20

04:52:55 PM IST       DEV       tps     rkB/s     wkB/s     dkB/s   areq-sz    aqu-sz     await     %util
04:52:56 PM IST   nvme0n1      0.00      0.00      0.00      0.00      0.00      0.00      0.00      0.00
04:52:56 PM IST       sda    363.00      0.00   1928.00      0.00      5.31      0.19      0.28     10.00

04:52:56 PM IST       DEV       tps     rkB/s     wkB/s     dkB/s   areq-sz    aqu-sz     await     %util
04:52:57 PM IST   nvme0n1      0.00      0.00      0.00      0.00      0.00      0.00      0.00      0.00
04:52:57 PM IST       sda    330.00      0.00   1552.00      0.00      4.70      0.20      0.32      9.20

04:52:57 PM IST       DEV       tps     rkB/s     wkB/s     dkB/s   areq-sz    aqu-sz     await     %util
04:52:58 PM IST   nvme0n1      0.00      0.00      0.00      0.00      0.00      0.00      0.00      0.00
04:52:58 PM IST       sda    362.00      0.00   1732.00      0.00      4.78      0.18      0.26     11.60

04:52:58 PM IST       DEV       tps     rkB/s     wkB/s     dkB/s   areq-sz    aqu-sz     await     %util
04:52:59 PM IST   nvme0n1      0.00      0.00      0.00      0.00      0.00      0.00      0.00      0.00
04:52:59 PM IST       sda    371.00      0.00   2096.00      0.00      5.65      0.18      0.27     11.20

04:52:59 PM IST       DEV       tps     rkB/s     wkB/s     dkB/s   areq-sz    aqu-sz     await     %util
04:53:00 PM IST   nvme0n1      0.00      0.00      0.00      0.00      0.00      0.00      0.00      0.00
04:53:00 PM IST       sda    409.00     64.00   2332.00      0.00      5.86      0.20      0.27     11.60

04:53:00 PM IST       DEV       tps     rkB/s     wkB/s     dkB/s   areq-sz    aqu-sz     await     %util
04:53:01 PM IST   nvme0n1      0.00      0.00      0.00      0.00      0.00      0.00      0.00      0.00
04:53:01 PM IST       sda    386.00      0.00   1904.00      0.00      4.93      0.18      0.26      8.00

04:53:01 PM IST       DEV       tps     rkB/s     wkB/s     dkB/s   areq-sz    aqu-sz     await     %util
04:53:02 PM IST   nvme0n1      0.00      0.00      0.00      0.00      0.00      0.00      0.00      0.00
04:53:02 PM IST       sda    368.00      0.00   1764.00      0.00      4.79      0.19      0.27     10.40

04:53:02 PM IST       DEV       tps     rkB/s     wkB/s     dkB/s   areq-sz    aqu-sz     await     %util
04:53:03 PM IST   nvme0n1      0.00      0.00      0.00      0.00      0.00      0.00      0.00      0.00
04:53:03 PM IST       sda    423.00      0.00   2652.00      0.00      6.27      0.20      0.28      7.60

04:53:03 PM IST       DEV       tps     rkB/s     wkB/s     dkB/s   areq-sz    aqu-sz     await     %util
04:53:04 PM IST   nvme0n1      0.00      0.00      0.00      0.00      0.00      0.00      0.00      0.00
04:53:04 PM IST       sda    308.00     24.00   1440.00      0.00      4.75      0.16      0.28      6.40

04:53:04 PM IST       DEV       tps     rkB/s     wkB/s     dkB/s   areq-sz    aqu-sz     await     %util
04:53:05 PM IST   nvme0n1      0.00      0.00      0.00      0.00      0.00      0.00      0.00      0.00
04:53:05 PM IST       sda    410.00      0.00   1920.00      0.00      4.68      0.20      0.26      8.80

04:53:05 PM IST       DEV       tps     rkB/s     wkB/s     dkB/s   areq-sz    aqu-sz     await     %util
04:53:06 PM IST   nvme0n1      0.00      0.00      0.00      0.00      0.00      0.00      0.00      0.00
04:53:06 PM IST       sda    497.00      0.00   2480.00      0.00      4.99      0.22      0.26      8.80

04:53:06 PM IST       DEV       tps     rkB/s     wkB/s     dkB/s   areq-sz    aqu-sz     await     %util
04:53:07 PM IST   nvme0n1      0.00      0.00      0.00      0.00      0.00      0.00      0.00      0.00
04:53:07 PM IST       sda    425.00      0.00   1992.00      0.00      4.69      0.21      0.26      9.20

04:53:07 PM IST       DEV       tps     rkB/s     wkB/s     dkB/s   areq-sz    aqu-sz     await     %util
04:53:08 PM IST   nvme0n1      0.00      0.00      0.00      0.00      0.00      0.00      0.00      0.00
04:53:08 PM IST       sda    405.00      0.00   1944.00      0.00      4.80      0.20      0.26     12.00

04:53:08 PM IST       DEV       tps     rkB/s     wkB/s     dkB/s   areq-sz    aqu-sz     await     %util
04:53:09 PM IST   nvme0n1      0.00      0.00      0.00      0.00      0.00      0.00      0.00      0.00
04:53:09 PM IST       sda    452.00      0.00   2340.00      0.00      5.18      0.22      0.26     10.80

04:53:09 PM IST       DEV       tps     rkB/s     wkB/s     dkB/s   areq-sz    aqu-sz     await     %util
04:53:10 PM IST   nvme0n1      0.00      0.00      0.00      0.00      0.00      0.00      0.00      0.00
04:53:10 PM IST       sda    386.00      0.00   1832.00      0.00      4.75      0.25      0.34     10.40

04:53:10 PM IST       DEV       tps     rkB/s     wkB/s     dkB/s   areq-sz    aqu-sz     await     %util
04:53:11 PM IST   nvme0n1      0.00      0.00      0.00      0.00      0.00      0.00      0.00      0.00
04:53:11 PM IST       sda    393.00      0.00   1944.00      0.00      4.95      0.21      0.29     12.40

04:53:11 PM IST       DEV       tps     rkB/s     wkB/s     dkB/s   areq-sz    aqu-sz     await     %util
04:53:12 PM IST   nvme0n1      0.00      0.00      0.00      0.00      0.00      0.00      0.00      0.00
04:53:12 PM IST       sda    409.00      0.00   1944.00      0.00      4.75      0.21      0.27     11.60

04:53:12 PM IST       DEV       tps     rkB/s     wkB/s     dkB/s   areq-sz    aqu-sz     await     %util
04:53:13 PM IST   nvme0n1      0.00      0.00      0.00      0.00      0.00      0.00      0.00      0.00
04:53:13 PM IST       sda    516.00      0.00   4720.00      0.00      9.15      0.23      0.26     10.80

04:53:13 PM IST       DEV       tps     rkB/s     wkB/s     dkB/s   areq-sz    aqu-sz     await     %util
04:53:14 PM IST   nvme0n1      0.00      0.00      0.00      0.00      0.00      0.00      0.00      0.00
04:53:14 PM IST       sda    418.00      0.00   1968.00      0.00      4.71      0.22      0.28     10.40

04:53:14 PM IST       DEV       tps     rkB/s     wkB/s     dkB/s   areq-sz    aqu-sz     await     %util
04:53:15 PM IST   nvme0n1      0.00      0.00      0.00      0.00      0.00      0.00      0.00      0.00
04:53:15 PM IST       sda    402.00      0.00   2028.00      0.00      5.04      0.22      0.29      9.60

04:53:15 PM IST       DEV       tps     rkB/s     wkB/s     dkB/s   areq-sz    aqu-sz     await     %util
04:53:16 PM IST   nvme0n1      0.00      0.00      0.00      0.00      0.00      0.00      0.00      0.00
04:53:16 PM IST       sda    436.00      0.00   2040.00      0.00      4.68      0.21      0.26      9.60

04:53:16 PM IST       DEV       tps     rkB/s     wkB/s     dkB/s   areq-sz    aqu-sz     await     %util
04:53:17 PM IST   nvme0n1      0.00      0.00      0.00      0.00      0.00      0.00      0.00      0.00
04:53:17 PM IST       sda    516.00      0.00   2360.00      0.00      4.57      0.22      0.24     10.80

04:53:17 PM IST       DEV       tps     rkB/s     wkB/s     dkB/s   areq-sz    aqu-sz     await     %util
04:53:18 PM IST   nvme0n1      0.00      0.00      0.00      0.00      0.00      0.00      0.00      0.00
04:53:18 PM IST       sda    409.00      0.00   1944.00      0.00      4.75      0.21      0.27      9.60

04:53:18 PM IST       DEV       tps     rkB/s     wkB/s     dkB/s   areq-sz    aqu-sz     await     %util
04:53:19 PM IST   nvme0n1      0.00      0.00      0.00      0.00      0.00      0.00      0.00      0.00
04:53:19 PM IST       sda    403.00      0.00   1888.00      0.00      4.68      0.22      0.30     12.00

04:53:19 PM IST       DEV       tps     rkB/s     wkB/s     dkB/s   areq-sz    aqu-sz     await     %util
04:53:20 PM IST   nvme0n1      0.00      0.00      0.00      0.00      0.00      0.00      0.00      0.00
04:53:20 PM IST       sda    393.00      0.00   1840.00      0.00      4.68      0.22      0.30     13.20

04:53:20 PM IST       DEV       tps     rkB/s     wkB/s     dkB/s   areq-sz    aqu-sz     await     %util
04:53:21 PM IST   nvme0n1      0.00      0.00      0.00      0.00      0.00      0.00      0.00      0.00
04:53:21 PM IST       sda    384.00      0.00   1852.00      0.00      4.82      0.21      0.29     14.80

04:53:21 PM IST       DEV       tps     rkB/s     wkB/s     dkB/s   areq-sz    aqu-sz     await     %util
04:53:22 PM IST   nvme0n1      0.00      0.00      0.00      0.00      0.00      0.00      0.00      0.00
04:53:22 PM IST       sda    477.00      0.00   2256.00      0.00      4.73      0.26      0.30     12.80

04:53:22 PM IST       DEV       tps     rkB/s     wkB/s     dkB/s   areq-sz    aqu-sz     await     %util
04:53:23 PM IST   nvme0n1      0.00      0.00      0.00      0.00      0.00      0.00      0.00      0.00
04:53:23 PM IST       sda    393.00      0.00   1900.00      0.00      4.83      0.21      0.29     11.20

04:53:23 PM IST       DEV       tps     rkB/s     wkB/s     dkB/s   areq-sz    aqu-sz     await     %util
04:53:24 PM IST   nvme0n1      0.00      0.00      0.00      0.00      0.00      0.00      0.00      0.00
04:53:24 PM IST       sda    448.00      0.00   2248.00      0.00      5.02      0.24      0.28     12.00

04:53:24 PM IST       DEV       tps     rkB/s     wkB/s     dkB/s   areq-sz    aqu-sz     await     %util
04:53:25 PM IST   nvme0n1      0.00      0.00      0.00      0.00      0.00      0.00      0.00      0.00
04:53:25 PM IST       sda    413.00      0.00   2096.00      0.00      5.08      0.23      0.30     11.60

04:53:25 PM IST       DEV       tps     rkB/s     wkB/s     dkB/s   areq-sz    aqu-sz     await     %util
04:53:26 PM IST   nvme0n1      0.00      0.00      0.00      0.00      0.00      0.00      0.00      0.00
04:53:26 PM IST       sda    440.00      0.00   2000.00      0.00      4.55      0.25      0.30     14.40

04:53:26 PM IST       DEV       tps     rkB/s     wkB/s     dkB/s   areq-sz    aqu-sz     await     %util
04:53:27 PM IST   nvme0n1      0.00      0.00      0.00      0.00      0.00      0.00      0.00      0.00
04:53:27 PM IST       sda    432.00      0.00   2056.00      0.00      4.76      0.25      0.31     14.40

04:53:27 PM IST       DEV       tps     rkB/s     wkB/s     dkB/s   areq-sz    aqu-sz     await     %util
04:53:28 PM IST   nvme0n1      0.00      0.00      0.00      0.00      0.00      0.00      0.00      0.00
04:53:28 PM IST       sda    434.00      0.00   2084.00      0.00      4.80      0.24      0.30     13.20

04:53:28 PM IST       DEV       tps     rkB/s     wkB/s     dkB/s   areq-sz    aqu-sz     await     %util
04:53:29 PM IST   nvme0n1      0.00      0.00      0.00      0.00      0.00      0.00      0.00      0.00
04:53:29 PM IST       sda    435.00      0.00   2068.00      0.00      4.75      0.23      0.28     10.80

04:53:29 PM IST       DEV       tps     rkB/s     wkB/s     dkB/s   areq-sz    aqu-sz     await     %util
04:53:30 PM IST   nvme0n1      0.00      0.00      0.00      0.00      0.00      0.00      0.00      0.00
04:53:30 PM IST       sda    411.00      0.00   1956.00      0.00      4.76      0.23      0.29     11.20

04:53:30 PM IST       DEV       tps     rkB/s     wkB/s     dkB/s   areq-sz    aqu-sz     await     %util
04:53:31 PM IST   nvme0n1      0.00      0.00      0.00      0.00      0.00      0.00      0.00      0.00
04:53:31 PM IST       sda    493.00      0.00   2380.00      0.00      4.83      0.24      0.27     12.00

04:53:31 PM IST       DEV       tps     rkB/s     wkB/s     dkB/s   areq-sz    aqu-sz     await     %util
04:53:32 PM IST   nvme0n1      0.00      0.00      0.00      0.00      0.00      0.00      0.00      0.00
04:53:32 PM IST       sda    433.00      0.00   2152.00      0.00      4.97      0.22      0.27     11.60

04:53:32 PM IST       DEV       tps     rkB/s     wkB/s     dkB/s   areq-sz    aqu-sz     await     %util
04:53:33 PM IST   nvme0n1      0.00      0.00      0.00      0.00      0.00      0.00      0.00      0.00
04:53:33 PM IST       sda    458.00      0.00   2148.00      0.00      4.69      0.23      0.26     12.00

04:53:33 PM IST       DEV       tps     rkB/s     wkB/s     dkB/s   areq-sz    aqu-sz     await     %util
04:53:34 PM IST   nvme0n1      0.00      0.00      0.00      0.00      0.00      0.00      0.00      0.00
04:53:34 PM IST       sda    431.00      8.00   2016.00      0.00      4.70      0.26      0.32     13.60

04:53:34 PM IST       DEV       tps     rkB/s     wkB/s     dkB/s   areq-sz    aqu-sz     await     %util
04:53:35 PM IST   nvme0n1      0.00      0.00      0.00      0.00      0.00      0.00      0.00      0.00
04:53:35 PM IST       sda    453.00      0.00   2292.00      0.00      5.06      0.23      0.27     10.80

04:53:35 PM IST       DEV       tps     rkB/s     wkB/s     dkB/s   areq-sz    aqu-sz     await     %util
04:53:36 PM IST   nvme0n1      0.00      0.00      0.00      0.00      0.00      0.00      0.00      0.00
04:53:36 PM IST       sda    450.00      0.00   2284.00      0.00      5.08      0.22      0.26     12.80

04:53:36 PM IST       DEV       tps     rkB/s     wkB/s     dkB/s   areq-sz    aqu-sz     await     %util
04:53:37 PM IST   nvme0n1      0.00      0.00      0.00      0.00      0.00      0.00      0.00      0.00
04:53:37 PM IST       sda    496.00      0.00   2340.00      0.00      4.72      0.22      0.25      8.00

04:53:37 PM IST       DEV       tps     rkB/s     wkB/s     dkB/s   areq-sz    aqu-sz     await     %util
04:53:38 PM IST   nvme0n1      0.00      0.00      0.00      0.00      0.00      0.00      0.00      0.00
04:53:38 PM IST       sda    441.00      0.00   2108.00      0.00      4.78      0.22      0.27     13.60

04:53:38 PM IST       DEV       tps     rkB/s     wkB/s     dkB/s   areq-sz    aqu-sz     await     %util
04:53:39 PM IST   nvme0n1      0.00      0.00      0.00      0.00      0.00      0.00      0.00      0.00
04:53:39 PM IST       sda    431.00      0.00   2080.00      0.00      4.83      0.22      0.27      9.60

04:53:39 PM IST       DEV       tps     rkB/s     wkB/s     dkB/s   areq-sz    aqu-sz     await     %util
04:53:40 PM IST   nvme0n1      0.00      0.00      0.00      0.00      0.00      0.00      0.00      0.00
04:53:40 PM IST       sda    463.00      0.00   2292.00      0.00      4.95      0.22      0.25     10.40

04:53:40 PM IST       DEV       tps     rkB/s     wkB/s     dkB/s   areq-sz    aqu-sz     await     %util
04:53:41 PM IST   nvme0n1      0.00      0.00      0.00      0.00      0.00      0.00      0.00      0.00
04:53:41 PM IST       sda    445.00      0.00   2104.00      0.00      4.73      0.22      0.26     10.40

04:53:41 PM IST       DEV       tps     rkB/s     wkB/s     dkB/s   areq-sz    aqu-sz     await     %util
04:53:42 PM IST   nvme0n1      0.00      0.00      0.00      0.00      0.00      0.00      0.00      0.00
04:53:42 PM IST       sda    490.00      0.00   2348.00      0.00      4.79      0.23      0.25     10.00

04:53:42 PM IST       DEV       tps     rkB/s     wkB/s     dkB/s   areq-sz    aqu-sz     await     %util
04:53:43 PM IST   nvme0n1      0.00      0.00      0.00      0.00      0.00      0.00      0.00      0.00
04:53:43 PM IST       sda    552.00      0.00   2572.00      0.00      4.66      0.23      0.24     11.60

04:53:43 PM IST       DEV       tps     rkB/s     wkB/s     dkB/s   areq-sz    aqu-sz     await     %util
04:53:44 PM IST   nvme0n1      0.00      0.00      0.00      0.00      0.00      0.00      0.00      0.00
04:53:44 PM IST       sda    428.00      0.00   1984.00      0.00      4.64      0.23      0.28     12.00

04:53:44 PM IST       DEV       tps     rkB/s     wkB/s     dkB/s   areq-sz    aqu-sz     await     %util
04:53:45 PM IST   nvme0n1      0.00      0.00      0.00      0.00      0.00      0.00      0.00      0.00
04:53:45 PM IST       sda    397.00      0.00   1904.00      0.00      4.80      0.27      0.35     16.80

04:53:45 PM IST       DEV       tps     rkB/s     wkB/s     dkB/s   areq-sz    aqu-sz     await     %util
04:53:46 PM IST   nvme0n1      0.00      0.00      0.00      0.00      0.00      0.00      0.00      0.00
04:53:46 PM IST       sda    426.00      0.00   2008.00      0.00      4.71      0.21      0.26     10.40

04:53:46 PM IST       DEV       tps     rkB/s     wkB/s     dkB/s   areq-sz    aqu-sz     await     %util
04:53:47 PM IST   nvme0n1      0.00      0.00      0.00      0.00      0.00      0.00      0.00      0.00
04:53:47 PM IST       sda    444.00      0.00   2072.00      0.00      4.67      0.21      0.26     12.80

04:53:47 PM IST       DEV       tps     rkB/s     wkB/s     dkB/s   areq-sz    aqu-sz     await     %util
04:53:48 PM IST   nvme0n1      0.00      0.00      0.00      0.00      0.00      0.00      0.00      0.00
04:53:48 PM IST       sda    455.00      0.00   2240.00      0.00      4.92      0.22      0.25      9.60

04:53:48 PM IST       DEV       tps     rkB/s     wkB/s     dkB/s   areq-sz    aqu-sz     await     %util
04:53:49 PM IST   nvme0n1      0.00      0.00      0.00      0.00      0.00      0.00      0.00      0.00
04:53:49 PM IST       sda    436.00      0.00   2048.00      0.00      4.70      0.22      0.27     10.00

04:53:49 PM IST       DEV       tps     rkB/s     wkB/s     dkB/s   areq-sz    aqu-sz     await     %util
04:53:50 PM IST   nvme0n1      0.00      0.00      0.00      0.00      0.00      0.00      0.00      0.00
04:53:50 PM IST       sda    447.00      0.00   2160.00      0.00      4.83      0.22      0.27     11.60

04:53:50 PM IST       DEV       tps     rkB/s     wkB/s     dkB/s   areq-sz    aqu-sz     await     %util
04:53:51 PM IST   nvme0n1      0.00      0.00      0.00      0.00      0.00      0.00      0.00      0.00
04:53:51 PM IST       sda    428.00      0.00   1992.00      0.00      4.65      0.21      0.26     12.40

04:53:51 PM IST       DEV       tps     rkB/s     wkB/s     dkB/s   areq-sz    aqu-sz     await     %util
04:53:52 PM IST   nvme0n1      0.00      0.00      0.00      0.00      0.00      0.00      0.00      0.00
04:53:52 PM IST       sda    423.00      0.00   2040.00      0.00      4.82      0.21      0.27     12.40

04:53:52 PM IST       DEV       tps     rkB/s     wkB/s     dkB/s   areq-sz    aqu-sz     await     %util
04:53:53 PM IST   nvme0n1      0.00      0.00      0.00      0.00      0.00      0.00      0.00      0.00
04:53:53 PM IST       sda    599.00      0.00   2924.00      0.00      4.88      0.24      0.23      9.60

04:53:53 PM IST       DEV       tps     rkB/s     wkB/s     dkB/s   areq-sz    aqu-sz     await     %util
04:53:54 PM IST   nvme0n1      0.00      0.00      0.00      0.00      0.00      0.00      0.00      0.00
04:53:54 PM IST       sda    432.00      0.00   2032.00      0.00      4.70      0.21      0.26     14.80

04:53:54 PM IST       DEV       tps     rkB/s     wkB/s     dkB/s   areq-sz    aqu-sz     await     %util
04:53:55 PM IST   nvme0n1      0.00      0.00      0.00      0.00      0.00      0.00      0.00      0.00
04:53:55 PM IST       sda    422.00      0.00   2052.00      0.00      4.86      0.21      0.27      8.80

04:53:55 PM IST       DEV       tps     rkB/s     wkB/s     dkB/s   areq-sz    aqu-sz     await     %util
04:53:56 PM IST   nvme0n1      0.00      0.00      0.00      0.00      0.00      0.00      0.00      0.00
04:53:56 PM IST       sda    430.00      0.00   2000.00      0.00      4.65      0.21      0.26     12.40

04:53:56 PM IST       DEV       tps     rkB/s     wkB/s     dkB/s   areq-sz    aqu-sz     await     %util
04:53:57 PM IST   nvme0n1      0.00      0.00      0.00      0.00      0.00      0.00      0.00      0.00
04:53:57 PM IST       sda    412.00      0.00   1936.00      0.00      4.70      0.24      0.31     10.00

04:53:57 PM IST       DEV       tps     rkB/s     wkB/s     dkB/s   areq-sz    aqu-sz     await     %util
04:53:58 PM IST   nvme0n1      0.00      0.00      0.00      0.00      0.00      0.00      0.00      0.00
04:53:58 PM IST       sda    412.00      0.00   1972.00      0.00      4.79      0.22      0.28     12.40

04:53:58 PM IST       DEV       tps     rkB/s     wkB/s     dkB/s   areq-sz    aqu-sz     await     %util
04:53:59 PM IST   nvme0n1      0.00      0.00      0.00      0.00      0.00      0.00      0.00      0.00
04:53:59 PM IST       sda    407.00      0.00   1984.00      0.00      4.87      0.21      0.28     14.00

04:53:59 PM IST       DEV       tps     rkB/s     wkB/s     dkB/s   areq-sz    aqu-sz     await     %util
04:54:00 PM IST   nvme0n1      0.00      0.00      0.00      0.00      0.00      0.00      0.00      0.00
04:54:00 PM IST       sda    415.00      0.00   1956.00      0.00      4.71      0.20      0.26     10.00

04:54:00 PM IST       DEV       tps     rkB/s     wkB/s     dkB/s   areq-sz    aqu-sz     await     %util
04:54:01 PM IST   nvme0n1      0.00      0.00      0.00      0.00      0.00      0.00      0.00      0.00
04:54:01 PM IST       sda    442.00      0.00   2252.00      0.00      5.10      0.22      0.27     12.00

04:54:01 PM IST       DEV       tps     rkB/s     wkB/s     dkB/s   areq-sz    aqu-sz     await     %util
04:54:02 PM IST   nvme0n1      0.00      0.00      0.00      0.00      0.00      0.00      0.00      0.00
04:54:02 PM IST       sda    425.00      0.00   2000.00      0.00      4.71      0.22      0.28     10.00

04:54:02 PM IST       DEV       tps     rkB/s     wkB/s     dkB/s   areq-sz    aqu-sz     await     %util
04:54:03 PM IST   nvme0n1      0.00      0.00      0.00      0.00      0.00      0.00      0.00      0.00
04:54:03 PM IST       sda    420.00      0.00   1992.00      0.00      4.74      0.23      0.29     10.80

04:54:03 PM IST       DEV       tps     rkB/s     wkB/s     dkB/s   areq-sz    aqu-sz     await     %util
04:54:04 PM IST   nvme0n1      0.00      0.00      0.00      0.00      0.00      0.00      0.00      0.00
04:54:04 PM IST       sda    418.00      0.00   1984.00      0.00      4.75      0.21      0.27      9.60

04:54:04 PM IST       DEV       tps     rkB/s     wkB/s     dkB/s   areq-sz    aqu-sz     await     %util
04:54:05 PM IST   nvme0n1      0.00      0.00      0.00      0.00      0.00      0.00      0.00      0.00
04:54:05 PM IST       sda    425.00      0.00   1976.00      0.00      4.65      0.21      0.26     10.80

04:54:05 PM IST       DEV       tps     rkB/s     wkB/s     dkB/s   areq-sz    aqu-sz     await     %util
04:54:06 PM IST   nvme0n1      0.00      0.00      0.00      0.00      0.00      0.00      0.00      0.00
04:54:06 PM IST       sda    421.00      0.00   2152.00      0.00      5.11      0.22      0.29     11.20

04:54:06 PM IST       DEV       tps     rkB/s     wkB/s     dkB/s   areq-sz    aqu-sz     await     %util
04:54:07 PM IST   nvme0n1      0.00      0.00      0.00      0.00      0.00      0.00      0.00      0.00
04:54:07 PM IST       sda    105.00      0.00    488.00      0.00      4.65      0.06      0.29      2.80
