Linux 6.12.33+kali-amd64 (two94) 	23/11/25 	_x86_64_	(12 CPU)

04:17:58 PM IST     CPU     %user     %nice   %system   %iowait    %steal     %idle
04:17:59 PM IST     all      2.43      0.00      1.93      6.80      0.00     88.84
04:18:00 PM IST     all      3.85      0.00      2.43      5.86      0.00     87.87
04:18:01 PM IST     all     11.38      0.00      5.23      0.76      0.00     82.63
04:18:02 PM IST     all     13.14      0.00      5.85      0.76      0.00     80.25
04:18:03 PM IST     all     10.66      0.00      6.01      0.68      0.00     82.66
04:18:04 PM IST     all     11.62      0.00      6.45      3.22      0.00     78.71
04:18:05 PM IST     all     11.96      0.00      6.44      5.18      0.00     76.42
04:18:06 PM IST     all     11.59      0.00      7.05      4.45      0.00     76.91
04:18:07 PM IST     all     12.78      0.00      6.39      3.82      0.00     77.01
04:18:08 PM IST     all     11.30      0.00      5.44      3.91      0.00     79.35
04:18:09 PM IST     all     11.05      0.00      6.41      2.70      0.00     79.83
04:18:10 PM IST     all     11.85      0.00      6.39      2.30      0.00     79.45
04:18:11 PM IST     all     13.45      0.00      5.75      0.85      0.00     79.95
04:18:12 PM IST     all     10.06      0.00      6.68      0.76      0.00     82.50
04:18:13 PM IST     all     10.47      0.00      6.17      0.68      0.00     82.69
04:18:14 PM IST     all     10.56      0.00      6.00      0.84      0.00     82.60
04:18:15 PM IST     all     13.41      0.00      4.84      0.85      0.00     80.90
04:18:16 PM IST     all     10.54      0.00      5.44      0.93      0.00     83.09
04:18:17 PM IST     all     10.56      0.00      6.00      0.84      0.00     82.60
04:18:18 PM IST     all     10.58      0.00      5.92      0.85      0.00     82.66
04:18:19 PM IST     all     10.48      0.00      6.13      0.68      0.00     82.71
04:18:20 PM IST     all     10.72      0.00      6.67      0.68      0.00     81.94
04:18:21 PM IST     all     10.57      0.00      6.05      0.60      0.00     82.78
04:18:22 PM IST     all     10.50      0.00      6.18      0.76      0.00     82.56
04:18:23 PM IST     all     11.14      0.00      6.08      0.59      0.00     82.19
04:18:24 PM IST     all     10.65      0.00      5.58      0.76      0.00     83.01
04:18:25 PM IST     all     11.03      0.00      5.94      0.42      0.00     82.61
04:18:26 PM IST     all     11.04      0.00      6.49      0.42      0.00     82.06
04:18:27 PM IST     all     10.71      0.00      5.95      0.85      0.00     82.48
04:18:28 PM IST     all     10.09      0.00      6.81      0.67      0.00     82.42
04:18:29 PM IST     all     10.48      0.00      5.62      0.77      0.00     83.13
04:18:30 PM IST     all     10.28      0.00      5.98      1.01      0.00     82.73
04:18:31 PM IST     all     10.50      0.00      6.05      0.84      0.00     82.61
04:18:32 PM IST     all     11.45      0.00      6.40      0.84      0.00     81.31
04:18:33 PM IST     all     10.91      0.00      6.35      0.85      0.00     81.90
04:18:34 PM IST     all     10.94      0.00      6.23      0.67      0.00     82.15
04:18:35 PM IST     all     10.60      0.00      6.22      0.76      0.00     82.42
04:18:36 PM IST     all     11.96      0.00      6.82      0.59      0.00     80.62
04:18:37 PM IST     all     10.71      0.00      6.58      0.84      0.00     81.87
04:18:38 PM IST     all     10.77      0.00      6.39      0.67      0.00     82.17
04:18:39 PM IST     all     10.66      0.00      6.09      0.68      0.00     82.57
04:18:40 PM IST     all     13.20      0.00      5.89      0.76      0.00     80.15
04:18:41 PM IST     all     10.96      0.00      5.90      0.67      0.00     82.46
04:18:42 PM IST     all     10.53      0.00      6.74      0.76      0.00     81.97
04:18:43 PM IST     all     10.74      0.00      5.92      0.76      0.00     82.57
04:18:44 PM IST     all      9.87      0.00      6.58      0.68      0.00     82.87
04:18:45 PM IST     all     12.27      0.00      5.88      0.77      0.00     81.09
04:18:46 PM IST     all     11.42      0.00      5.96      0.92      0.00     81.70
04:18:47 PM IST     all     10.06      0.00      5.88      0.77      0.00     83.29
04:18:48 PM IST     all     10.08      0.00      6.72      0.76      0.00     82.44
04:18:49 PM IST     all     13.10      0.00      5.71      0.76      0.00     80.44
04:18:50 PM IST     all     11.65      0.00      5.65      0.76      0.00     81.94
04:18:51 PM IST     all     12.45      0.00      5.30      0.67      0.00     81.58
04:18:52 PM IST     all     10.18      0.00      5.30      0.68      0.00     83.83
04:18:53 PM IST     all     11.58      0.00      5.66      0.68      0.00     82.08
04:18:54 PM IST     all     13.75      0.00      4.92      0.76      0.00     80.56
04:18:55 PM IST     all     11.05      0.00      6.61      0.67      0.00     81.67
04:18:56 PM IST     all     10.67      0.00      5.67      0.68      0.00     82.98
04:18:57 PM IST     all     12.28      0.00      5.80      0.67      0.00     81.24
04:18:58 PM IST     all     11.27      0.00      5.51      0.76      0.00     82.46
04:18:59 PM IST     all     10.80      0.00      6.11      0.59      0.00     82.50
04:19:00 PM IST     all     10.91      0.00      6.46      0.67      0.00     81.96
04:19:01 PM IST     all     10.81      0.08      5.49      0.68      0.00     82.94
04:19:02 PM IST     all      9.37      0.00      6.13      0.85      0.00     83.65
04:19:03 PM IST     all     14.17      0.00      5.87      0.84      0.00     79.13
04:19:04 PM IST     all     11.09      0.00      6.13      0.76      0.00     82.02
04:19:05 PM IST     all     10.54      0.08      5.99      0.67      0.00     82.72
04:19:06 PM IST     all     13.95      0.00      4.85      0.77      0.00     80.44
04:19:07 PM IST     all      9.87      0.00      5.96      0.77      0.00     83.40
04:19:08 PM IST     all     10.65      0.08      5.83      0.76      0.00     82.67
04:19:09 PM IST     all     11.17      0.00      5.58      0.68      0.00     82.57
04:19:10 PM IST     all     10.36      0.00      5.94      0.76      0.00     82.94
04:19:11 PM IST     all     10.91      0.00      5.79      0.76      0.00     82.55
04:19:12 PM IST     all     13.00      0.00      6.29      0.68      0.00     80.03
04:19:13 PM IST     all     10.97      0.00      5.82      0.68      0.00     82.53
04:19:14 PM IST     all     10.99      0.00      5.83      0.76      0.00     82.42
04:19:15 PM IST     all      9.97      0.00      6.42      0.76      0.00     82.84
04:19:16 PM IST     all     10.01      0.00      6.28      0.76      0.00     82.95
04:19:17 PM IST     all     10.28      0.00      6.07      0.76      0.00     82.90
04:19:18 PM IST     all     11.16      0.00      5.33      0.68      0.00     82.84
04:19:19 PM IST     all     10.69      0.00      4.88      0.86      0.00     83.58
04:19:20 PM IST     all     10.46      0.00      5.65      0.84      0.00     83.04
04:19:21 PM IST     all     10.09      0.00      6.56      0.76      0.00     82.59
04:19:22 PM IST     all      9.72      0.00      6.68      0.85      0.00     82.76
04:19:23 PM IST     all     11.78      0.00      6.27      0.76      0.00     81.19
04:19:24 PM IST     all     10.85      0.00      5.68      0.68      0.00     82.80
04:19:25 PM IST     all     10.96      0.00      5.69      0.59      0.00     82.75
04:19:26 PM IST     all     11.11      0.00      5.77      0.34      0.00     82.78
04:19:27 PM IST     all     10.74      0.00      5.75      0.76      0.00     82.74
04:19:28 PM IST     all     10.94      0.00      5.81      0.67      0.00     82.58
04:19:29 PM IST     all     12.91      0.00      5.91      0.68      0.00     80.51
04:19:30 PM IST     all     10.93      0.00      5.97      0.67      0.00     82.42
04:19:31 PM IST     all     10.40      0.00      6.51      0.68      0.00     82.42
04:19:32 PM IST     all     10.88      0.00      5.86      0.76      0.00     82.50
04:19:33 PM IST     all     11.55      0.00      6.29      0.68      0.00     81.48
04:19:34 PM IST     all     10.32      0.00      6.80      0.76      0.00     82.13
04:19:35 PM IST     all     11.01      0.00      6.13      0.76      0.00     82.10
04:19:36 PM IST     all     11.15      0.00      5.87      0.84      0.00     82.15
04:19:37 PM IST     all      9.37      0.00      6.64      0.77      0.00     83.22
04:19:38 PM IST     all     10.49      0.00      6.09      0.85      0.00     82.57
04:19:39 PM IST     all     10.68      0.00      6.02      0.76      0.00     82.54
04:19:40 PM IST     all     11.00      0.00      5.33      0.76      0.00     82.91
04:19:41 PM IST     all     10.96      0.00      5.44      0.76      0.00     82.84
04:19:42 PM IST     all     10.13      0.00      5.62      0.77      0.00     83.49
04:19:43 PM IST     all     11.36      0.00      6.10      0.68      0.00     81.86
04:19:44 PM IST     all     10.91      0.00      5.67      0.76      0.00     82.66
04:19:45 PM IST     all     10.43      0.00      6.02      0.68      0.00     82.87
04:19:46 PM IST     all     10.52      0.00      6.99      0.67      0.00     81.82
04:19:47 PM IST     all     10.22      0.00      6.42      0.68      0.00     82.69
04:19:48 PM IST     all     10.58      0.00      5.29      0.85      0.00     83.28
04:19:49 PM IST     all     10.45      0.00      4.97      0.68      0.00     83.90
04:19:50 PM IST     all     12.50      0.00      5.49      0.68      0.00     81.33
04:19:51 PM IST     all     11.19      0.00      5.25      0.76      0.00     82.80
04:19:52 PM IST     all     11.05      0.00      5.82      0.76      0.00     82.38
04:19:53 PM IST     all     12.55      0.00      5.73      0.84      0.00     80.88
04:19:54 PM IST     all     10.65      0.00      6.38      0.76      0.00     82.21
04:19:55 PM IST     all     11.47      0.00      5.44      0.76      0.00     82.33
04:19:56 PM IST     all     10.08      0.00      6.97      0.76      0.00     82.18
04:19:57 PM IST     all     10.64      0.00      5.74      0.84      0.00     82.77
04:19:58 PM IST     all     11.87      0.00      5.51      0.68      0.00     81.93
04:19:59 PM IST     all      9.48      0.00      6.35      0.51      0.00     83.67
04:20:00 PM IST     all     11.53      0.00      5.34      0.59      0.00     82.54
04:20:01 PM IST     all      9.98      0.00      6.26      0.76      0.00     82.99
04:20:02 PM IST     all     10.69      0.00      6.06      0.76      0.00     82.49
04:20:03 PM IST     all     11.35      0.00      6.18      0.59      0.00     81.88
04:20:04 PM IST     all     11.36      0.00      5.68      0.76      0.00     82.20
04:20:05 PM IST     all     11.07      0.00      6.29      0.67      0.00     81.96
04:20:06 PM IST     all     10.62      0.00      5.90      0.93      0.00     82.55
04:20:07 PM IST     all     11.60      0.00      5.38      0.77      0.00     82.25
04:20:08 PM IST     all     10.42      0.00      6.10      0.76      0.00     82.71
04:20:09 PM IST     all      9.93      0.00      6.82      0.84      0.00     82.41
04:20:10 PM IST     all      9.63      0.00      5.79      0.85      0.00     83.73
04:20:11 PM IST     all     11.79      0.00      6.23      0.76      0.00     81.21
04:20:12 PM IST     all     11.55      0.00      6.03      0.85      0.00     81.56
04:20:13 PM IST     all     10.66      0.00      5.88      0.92      0.00     82.54
04:20:14 PM IST     all     11.00      0.00      5.75      0.68      0.00     82.57
04:20:15 PM IST     all     11.27      0.00      6.51      0.83      0.00     81.39
04:20:16 PM IST     all     10.78      0.00      5.90      0.67      0.00     82.65
04:20:17 PM IST     all     13.17      0.00      6.12      0.67      0.00     80.03
04:20:18 PM IST     all     10.98      0.00      6.59      0.68      0.00     81.76
04:20:19 PM IST     all     10.84      0.00      5.67      0.76      0.00     82.73
04:20:20 PM IST     all      9.41      0.00      5.94      1.10      0.00     83.55
04:20:21 PM IST     all     13.00      0.00      5.99      0.84      0.00     80.17
04:20:22 PM IST     all     10.58      0.00      5.93      0.68      0.00     82.81
04:20:23 PM IST     all     11.21      0.00      5.01      0.76      0.00     83.02
04:20:24 PM IST     all     10.83      0.00      5.88      1.01      0.00     82.28
04:20:25 PM IST     all     10.58      0.00      6.27      0.51      0.00     82.64
04:20:26 PM IST     all     11.77      0.00      5.20      0.43      0.00     82.59
04:20:27 PM IST     all     10.32      0.00      6.12      1.09      0.00     82.47
04:20:28 PM IST     all     11.45      0.00      5.89      0.67      0.00     81.99
04:20:29 PM IST     all     11.35      0.00      6.26      0.75      0.00     81.64
04:20:30 PM IST     all     10.66      0.00      5.37      0.60      0.00     83.38
04:20:31 PM IST     all     11.28      0.08      5.09      1.02      0.00     82.53
04:20:32 PM IST     all     11.61      0.00      5.97      0.67      0.00     81.75
04:20:33 PM IST     all     10.93      0.00      6.14      0.76      0.00     82.17
04:20:34 PM IST     all     11.86      0.00      6.22      0.76      0.00     81.16
04:20:35 PM IST     all     11.37      0.00      5.77      0.68      0.00     82.19
04:20:36 PM IST     all     10.37      0.00      5.99      0.84      0.00     82.80
04:20:37 PM IST     all     11.45      0.00      5.47      0.76      0.00     82.32
04:20:38 PM IST     all     10.14      0.00      5.49      1.01      0.00     83.36
04:20:39 PM IST     all     11.42      0.00      6.18      0.76      0.00     81.64
04:20:40 PM IST     all     11.32      0.08      6.62      0.67      0.00     81.31
04:20:41 PM IST     all     10.87      0.00      6.35      0.75      0.00     82.02
04:20:42 PM IST     all     10.44      0.00      5.86      0.68      0.00     83.02
04:20:43 PM IST     all     13.37      0.00      5.45      0.68      0.00     80.49
04:20:44 PM IST     all     10.56      0.00      6.08      0.68      0.00     82.69
04:20:45 PM IST     all     10.47      0.00      6.33      1.01      0.00     82.18
04:20:46 PM IST     all     10.98      0.00      6.62      0.59      0.00     81.81
04:20:47 PM IST     all     10.71      0.00      6.44      0.84      0.00     82.01
04:20:48 PM IST     all     10.97      0.00      5.95      0.68      0.00     82.40
04:20:49 PM IST     all     11.11      0.00      6.48      0.76      0.00     81.65
04:20:50 PM IST     all     10.18      0.00      6.36      0.68      0.00     82.78
04:20:51 PM IST     all     10.56      0.00      6.00      0.76      0.00     82.69
04:20:52 PM IST     all     10.03      0.00      6.16      0.93      0.00     82.88
04:20:53 PM IST     all     11.47      0.00      5.82      0.76      0.00     81.96
04:20:54 PM IST     all     10.43      0.00      6.73      0.76      0.00     82.09
04:20:55 PM IST     all     10.21      0.00      6.58      0.76      0.00     82.45
04:20:56 PM IST     all     11.78      0.00      5.76      0.59      0.00     81.86
04:20:57 PM IST     all     11.26      0.00      5.88      0.67      0.00     82.18
04:20:58 PM IST     all     11.64      0.00      4.84      0.76      0.00     82.75
04:20:59 PM IST     all      8.82      0.00      6.38      0.67      0.00     84.13
04:21:00 PM IST     all     11.47      0.00      6.16      0.67      0.00     81.70
04:21:01 PM IST     all     11.35      0.00      5.59      0.76      0.00     82.30
04:21:02 PM IST     all     11.61      0.00      5.85      0.67      0.00     81.87
04:21:03 PM IST     all     11.63      0.00      5.48      0.76      0.00     82.14
04:21:04 PM IST     all     11.45      0.00      5.47      0.59      0.00     82.49
04:21:05 PM IST     all     10.72      0.00      5.74      0.76      0.00     82.78
04:21:06 PM IST     all     10.95      0.00      6.07      0.93      0.00     82.06
04:21:07 PM IST     all      9.85      0.00      6.20      0.68      0.00     83.28
04:21:08 PM IST     all     10.46      0.00      5.10      0.85      0.00     83.59
04:21:09 PM IST     all     11.68      0.00      6.35      0.59      0.00     81.39
04:21:10 PM IST     all     10.73      0.00      5.96      0.77      0.00     82.54
04:21:11 PM IST     all     11.27      0.00      5.93      0.68      0.00     82.12
04:21:12 PM IST     all     10.03      0.00      6.20      0.85      0.00     82.92
04:21:13 PM IST     all     10.14      0.00      5.91      1.01      0.00     82.94
04:21:14 PM IST     all     12.47      0.00      6.03      0.67      0.00     80.84
04:21:15 PM IST     all     11.18      0.00      6.72      0.76      0.00     81.34
04:21:16 PM IST     all     10.77      0.00      6.14      0.76      0.00     82.32
04:21:17 PM IST     all     10.81      0.00      6.87      0.67      0.00     81.64
04:21:18 PM IST     all     10.67      0.00      6.22      0.76      0.00     82.35
04:21:19 PM IST     all     11.02      0.00      5.42      0.93      0.00     82.63
04:21:20 PM IST     all     10.03      0.00      5.65      1.01      0.00     83.31
04:21:21 PM IST     all     10.41      0.00      6.01      0.76      0.00     82.81
04:21:22 PM IST     all     10.91      0.00      6.09      0.68      0.00     82.32
04:21:23 PM IST     all     11.87      0.00      6.19      0.59      0.00     81.34
04:21:24 PM IST     all     11.61      0.00      5.85      0.59      0.00     81.95
04:21:25 PM IST     all     11.28      0.00      5.43      0.51      0.00     82.78
04:21:26 PM IST     all     10.76      0.00      6.02      0.34      0.00     82.88
04:21:27 PM IST     all     10.80      0.00      5.23      1.01      0.00     82.95
04:21:28 PM IST     all     10.83      0.00      5.63      0.77      0.00     82.78
04:21:29 PM IST     all     10.69      0.00      6.14      0.67      0.00     82.49
04:21:30 PM IST     all     11.62      0.08      6.52      0.67      0.00     81.10
04:21:31 PM IST     all     10.02      0.00      6.11      0.76      0.00     83.11
04:21:32 PM IST     all     11.66      0.00      5.62      0.84      0.00     81.88
04:21:33 PM IST     all     10.71      0.00      5.86      0.76      0.00     82.67
04:21:34 PM IST     all     10.40      0.00      5.83      0.93      0.00     82.84
04:21:35 PM IST     all     10.08      0.00      5.64      0.68      0.00     83.60
04:21:36 PM IST     all     12.03      0.00      5.93      0.59      0.00     81.44
04:21:37 PM IST     all     11.15      0.00      5.83      0.68      0.00     82.35
04:21:38 PM IST     all     11.06      0.00      5.66      0.76      0.00     82.52
04:21:39 PM IST     all     10.88      0.00      5.99      0.67      0.00     82.46
04:21:40 PM IST     all     10.74      0.00      6.18      0.68      0.00     82.40
04:21:41 PM IST     all      9.53      0.00      6.41      1.10      0.00     82.97
04:21:42 PM IST     all     11.18      0.00      6.01      0.68      0.00     82.13
04:21:43 PM IST     all     11.15      0.00      5.74      0.76      0.00     82.35
04:21:44 PM IST     all      9.72      0.00      6.76      0.68      0.00     82.84
04:21:45 PM IST     all     13.36      0.00      5.41      0.76      0.00     80.47
04:21:46 PM IST     all     11.06      0.00      5.91      0.68      0.00     82.35
04:21:47 PM IST     all     10.60      0.00      5.77      0.76      0.00     82.87
04:21:48 PM IST     all     10.09      0.00      5.51      0.93      0.00     83.46
04:21:49 PM IST     all     10.84      0.00      5.84      0.68      0.00     82.64
04:21:50 PM IST     all     10.74      0.00      5.58      0.68      0.00     82.99
04:21:51 PM IST     all     10.60      0.00      5.94      0.68      0.00     82.78
04:21:52 PM IST     all     12.20      0.00      5.42      0.85      0.00     81.53
04:21:53 PM IST     all     11.24      0.00      6.38      0.67      0.00     81.71
04:21:54 PM IST     all     10.96      0.00      5.90      0.84      0.00     82.29
04:21:55 PM IST     all     10.67      0.00      5.84      0.85      0.00     82.64
04:21:56 PM IST     all     10.94      0.00      5.34      0.76      0.00     82.95
04:21:57 PM IST     all     11.13      0.00      5.73      0.67      0.00     82.46
04:21:58 PM IST     all     10.27      0.00      6.31      0.76      0.00     82.66
04:21:59 PM IST     all      9.38      0.00      6.17      0.42      0.00     84.04
04:22:00 PM IST     all     11.72      0.00      6.32      0.84      0.00     81.11
04:22:01 PM IST     all     10.14      0.08      6.17      0.68      0.00     82.92
04:22:02 PM IST     all      9.76      0.00      6.31      1.01      0.00     82.91
04:22:03 PM IST     all     10.63      0.00      5.48      0.69      0.00     83.20
04:22:04 PM IST     all     11.49      0.00      5.83      0.59      0.00     82.09
04:22:05 PM IST     all     10.21      0.00      6.30      0.60      0.00     82.89
04:22:06 PM IST     all     10.76      0.00      5.97      0.84      0.00     82.44
04:22:07 PM IST     all     10.95      0.00      6.69      0.59      0.00     81.77
04:22:08 PM IST     all     11.47      0.00      7.00      0.67      0.00     80.86
04:22:09 PM IST     all      9.89      0.00      5.75      1.10      0.00     83.26
04:22:10 PM IST     all     10.34      0.00      5.85      0.68      0.00     83.14
04:22:11 PM IST     all     11.78      0.00      6.02      0.67      0.00     81.54
04:22:12 PM IST     all     11.79      0.00      5.81      0.76      0.00     81.63
04:22:13 PM IST     all     10.93      0.00      5.93      0.76      0.00     82.37
04:22:14 PM IST     all     11.50      0.00      5.58      0.68      0.00     82.25
04:22:15 PM IST     all     10.22      0.00      7.12      0.92      0.00     81.74
04:22:16 PM IST     all      9.61      0.00      6.32      0.93      0.00     83.14
04:22:17 PM IST     all     11.00      0.00      5.41      0.76      0.00     82.83
04:22:18 PM IST     all     10.25      0.00      6.27      0.68      0.00     82.81
04:22:19 PM IST     all     11.60      0.00      5.55      0.77      0.00     82.08
04:22:20 PM IST     all     11.58      0.00      5.24      0.59      0.00     82.59
04:22:21 PM IST     all     10.70      0.00      5.90      0.76      0.00     82.65
04:22:22 PM IST     all     11.92      0.00      5.49      0.68      0.00     81.91
04:22:23 PM IST     all     10.18      0.00      5.51      0.93      0.00     83.38
04:22:24 PM IST     all     10.50      0.00      5.59      0.76      0.00     83.15
04:22:25 PM IST     all     10.93      0.00      6.19      0.51      0.00     82.37
04:22:26 PM IST     all     11.85      0.00      5.29      0.34      0.00     82.52
04:22:27 PM IST     all     10.07      0.00      6.06      0.85      0.00     83.02
04:22:28 PM IST     all     10.45      0.00      6.23      0.76      0.00     82.56
04:22:29 PM IST     all      9.94      0.00      6.82      1.26      0.00     81.97
04:22:30 PM IST     all     10.20      0.00      5.52      0.76      0.00     83.52
04:22:31 PM IST     all     11.94      0.00      6.18      0.68      0.00     81.20
04:22:32 PM IST     all     11.57      0.00      5.66      0.68      0.00     82.09
04:22:33 PM IST     all     10.47      0.00      6.25      0.68      0.00     82.60
04:22:34 PM IST     all     10.74      0.00      5.75      0.85      0.00     82.66
04:22:35 PM IST     all     11.31      0.00      5.87      0.68      0.00     82.14
04:22:36 PM IST     all     10.49      0.00      5.38      0.68      0.00     83.45
04:22:37 PM IST     all     10.81      0.00      6.71      0.67      0.00     81.81
04:22:38 PM IST     all     10.89      0.08      6.24      0.76      0.00     82.03
04:22:39 PM IST     all     10.37      0.00      5.53      0.85      0.00     83.25
04:22:40 PM IST     all     14.44      0.00      6.59      1.01      0.00     77.96
04:22:41 PM IST     all     11.09      0.00      5.93      0.76      0.00     82.22
04:22:42 PM IST     all     10.14      0.00      5.37      0.85      0.00     83.63
04:22:43 PM IST     all     10.95      0.00      5.81      0.67      0.00     82.56
04:22:44 PM IST     all     12.02      0.00      5.33      0.85      0.00     81.80
04:22:45 PM IST     all     11.69      0.00      5.89      0.67      0.00     81.75
04:22:46 PM IST     all     10.58      0.00      5.84      0.68      0.00     82.90
04:22:47 PM IST     all     10.51      0.00      5.85      0.68      0.00     82.97
04:22:48 PM IST     all     11.61      0.00      5.63      0.76      0.00     82.00
04:22:49 PM IST     all      9.82      0.00      6.52      0.68      0.00     82.98
04:22:50 PM IST     all     11.74      0.00      5.62      0.75      0.00     81.89
04:22:51 PM IST     all     11.43      0.00      6.39      0.67      0.00     81.51
04:22:52 PM IST     all     10.53      0.00      6.23      0.59      0.00     82.65
04:22:53 PM IST     all     11.00      0.00      5.67      0.68      0.00     82.66
04:22:54 PM IST     all     11.57      0.00      6.00      0.76      0.00     81.67
04:22:55 PM IST     all     10.77      0.00      5.89      0.84      0.00     82.49
04:22:56 PM IST     all      9.91      0.00      6.44      0.68      0.00     82.98
04:22:57 PM IST     all     10.36      0.00      4.97      0.68      0.00     83.99
04:22:58 PM IST     all     10.98      0.00      5.78      1.01      0.00     82.23
