Linux 6.12.33+kali-amd64 (two94) 	23/11/25 	_x86_64_	(12 CPU)

04:17:58 PM IST       DEV       tps     rkB/s     wkB/s     dkB/s   areq-sz    aqu-sz     await     %util
04:17:59 PM IST   nvme0n1      0.00      0.00      0.00      0.00      0.00      0.00      0.00      0.00
04:17:59 PM IST       sda     47.52      0.00    332.67      0.00      7.00      1.79     19.00     86.34

04:17:59 PM IST       DEV       tps     rkB/s     wkB/s     dkB/s   areq-sz    aqu-sz     await     %util
04:18:00 PM IST   nvme0n1      0.00      0.00      0.00      0.00      0.00      0.00      0.00      0.00
04:18:00 PM IST       sda    310.00      0.00   1904.00      0.00      6.14      1.68      2.72     83.20

04:18:00 PM IST       DEV       tps     rkB/s     wkB/s     dkB/s   areq-sz    aqu-sz     await     %util
04:18:01 PM IST   nvme0n1      0.00      0.00      0.00      0.00      0.00      0.00      0.00      0.00
04:18:01 PM IST       sda   1089.00      0.00   6732.00      0.00      6.18      0.57      0.28     28.80

04:18:01 PM IST       DEV       tps     rkB/s     wkB/s     dkB/s   areq-sz    aqu-sz     await     %util
04:18:02 PM IST   nvme0n1      0.00      0.00      0.00      0.00      0.00      0.00      0.00      0.00
04:18:02 PM IST       sda   1135.00      0.00   6832.00      0.00      6.02      0.56      0.26     34.00

04:18:02 PM IST       DEV       tps     rkB/s     wkB/s     dkB/s   areq-sz    aqu-sz     await     %util
04:18:03 PM IST   nvme0n1      0.00      0.00      0.00      0.00      0.00      0.00      0.00      0.00
04:18:03 PM IST       sda   1156.00      8.00   6988.00      0.00      6.05      0.56      0.26     31.20

04:18:03 PM IST       DEV       tps     rkB/s     wkB/s     dkB/s   areq-sz    aqu-sz     await     %util
04:18:04 PM IST   nvme0n1      0.00      0.00      0.00      0.00      0.00      0.00      0.00      0.00
04:18:04 PM IST       sda   1078.00      0.00   6660.00      0.00      6.18      0.52      0.26     30.00

04:18:04 PM IST       DEV       tps     rkB/s     wkB/s     dkB/s   areq-sz    aqu-sz     await     %util
04:18:05 PM IST   nvme0n1      0.00      0.00      0.00      0.00      0.00      0.00      0.00      0.00
04:18:05 PM IST       sda    983.00      0.00   6008.00      0.00      6.11      0.60      0.32     30.00

04:18:05 PM IST       DEV       tps     rkB/s     wkB/s     dkB/s   areq-sz    aqu-sz     await     %util
04:18:06 PM IST   nvme0n1      0.00      0.00      0.00      0.00      0.00      0.00      0.00      0.00
04:18:06 PM IST       sda   1092.00      0.00   6584.00      0.00      6.03      0.53      0.26     28.40

04:18:06 PM IST       DEV       tps     rkB/s     wkB/s     dkB/s   areq-sz    aqu-sz     await     %util
04:18:07 PM IST   nvme0n1      0.00      0.00      0.00      0.00      0.00      0.00      0.00      0.00
04:18:07 PM IST       sda   1070.00      0.00   6624.00      0.00      6.19      0.52      0.26     31.20

04:18:07 PM IST       DEV       tps     rkB/s     wkB/s     dkB/s   areq-sz    aqu-sz     await     %util
04:18:08 PM IST   nvme0n1      0.00      0.00      0.00      0.00      0.00      0.00      0.00      0.00
04:18:08 PM IST       sda   1129.00      0.00   6804.00      0.00      6.03      0.56      0.26     30.00

04:18:08 PM IST       DEV       tps     rkB/s     wkB/s     dkB/s   areq-sz    aqu-sz     await     %util
04:18:09 PM IST   nvme0n1      0.00      0.00      0.00      0.00      0.00      0.00      0.00      0.00
04:18:09 PM IST       sda   1116.00      0.00   6688.00      0.00      5.99      0.54      0.26     26.00

04:18:09 PM IST       DEV       tps     rkB/s     wkB/s     dkB/s   areq-sz    aqu-sz     await     %util
04:18:10 PM IST   nvme0n1      0.00      0.00      0.00      0.00      0.00      0.00      0.00      0.00
04:18:10 PM IST       sda   1088.00      0.00   6948.00      0.00      6.39      0.58      0.29     30.80

04:18:10 PM IST       DEV       tps     rkB/s     wkB/s     dkB/s   areq-sz    aqu-sz     await     %util
04:18:11 PM IST   nvme0n1      0.00      0.00      0.00      0.00      0.00      0.00      0.00      0.00
04:18:11 PM IST       sda   1169.00      0.00   7032.00      0.00      6.02      0.59      0.27     32.80

04:18:11 PM IST       DEV       tps     rkB/s     wkB/s     dkB/s   areq-sz    aqu-sz     await     %util
04:18:12 PM IST   nvme0n1      0.00      0.00      0.00      0.00      0.00      0.00      0.00      0.00
04:18:12 PM IST       sda   1278.00      0.00   7780.00      0.00      6.09      0.63      0.27     36.80

04:18:12 PM IST       DEV       tps     rkB/s     wkB/s     dkB/s   areq-sz    aqu-sz     await     %util
04:18:13 PM IST   nvme0n1      0.00      0.00      0.00      0.00      0.00      0.00      0.00      0.00
04:18:13 PM IST       sda   1142.00      0.00   7008.00      0.00      6.14      0.62      0.29     32.80

04:18:13 PM IST       DEV       tps     rkB/s     wkB/s     dkB/s   areq-sz    aqu-sz     await     %util
04:18:14 PM IST   nvme0n1      0.00      0.00      0.00      0.00      0.00      0.00      0.00      0.00
04:18:14 PM IST       sda   1138.00      0.00   6888.00      0.00      6.05      0.65      0.30     35.60

04:18:14 PM IST       DEV       tps     rkB/s     wkB/s     dkB/s   areq-sz    aqu-sz     await     %util
04:18:15 PM IST   nvme0n1      0.00      0.00      0.00      0.00      0.00      0.00      0.00      0.00
04:18:15 PM IST       sda   1151.00      0.00   7148.00      0.00      6.21      0.63      0.29     35.20

04:18:15 PM IST       DEV       tps     rkB/s     wkB/s     dkB/s   areq-sz    aqu-sz     await     %util
04:18:16 PM IST   nvme0n1      0.00      0.00      0.00      0.00      0.00      0.00      0.00      0.00
04:18:16 PM IST       sda   1195.00      0.00  11844.00      0.00      9.91      0.71      0.34     32.00

04:18:16 PM IST       DEV       tps     rkB/s     wkB/s     dkB/s   areq-sz    aqu-sz     await     %util
04:18:17 PM IST   nvme0n1      0.00      0.00      0.00      0.00      0.00      0.00      0.00      0.00
04:18:17 PM IST       sda   1185.00      0.00   7132.00      0.00      6.02      0.61      0.28     28.80

04:18:17 PM IST       DEV       tps     rkB/s     wkB/s     dkB/s   areq-sz    aqu-sz     await     %util
04:18:18 PM IST   nvme0n1      0.00      0.00      0.00      0.00      0.00      0.00      0.00      0.00
04:18:18 PM IST       sda   1169.00      0.00   7108.00      0.00      6.08      0.59      0.27     38.00

04:18:18 PM IST       DEV       tps     rkB/s     wkB/s     dkB/s   areq-sz    aqu-sz     await     %util
04:18:19 PM IST   nvme0n1      0.00      0.00      0.00      0.00      0.00      0.00      0.00      0.00
04:18:19 PM IST       sda   1198.00      0.00   7168.00      0.00      5.98      0.58      0.26     31.60

04:18:19 PM IST       DEV       tps     rkB/s     wkB/s     dkB/s   areq-sz    aqu-sz     await     %util
04:18:20 PM IST   nvme0n1      0.00      0.00      0.00      0.00      0.00      0.00      0.00      0.00
04:18:20 PM IST       sda   1167.00      0.00   7220.00      0.00      6.19      0.57      0.26     30.40

04:18:20 PM IST       DEV       tps     rkB/s     wkB/s     dkB/s   areq-sz    aqu-sz     await     %util
04:18:21 PM IST   nvme0n1      0.00      0.00      0.00      0.00      0.00      0.00      0.00      0.00
04:18:21 PM IST       sda   1164.00      0.00  11128.00      0.00      9.56      0.61      0.29     32.00

04:18:21 PM IST       DEV       tps     rkB/s     wkB/s     dkB/s   areq-sz    aqu-sz     await     %util
04:18:22 PM IST   nvme0n1      0.00      0.00      0.00      0.00      0.00      0.00      0.00      0.00
04:18:22 PM IST       sda   1194.00      0.00   7144.00      0.00      5.98      0.58      0.26     28.00

04:18:22 PM IST       DEV       tps     rkB/s     wkB/s     dkB/s   areq-sz    aqu-sz     await     %util
04:18:23 PM IST   nvme0n1      0.00      0.00      0.00      0.00      0.00      0.00      0.00      0.00
04:18:23 PM IST       sda   1161.00      0.00   7088.00      0.00      6.11      0.56      0.26     34.40

04:18:23 PM IST       DEV       tps     rkB/s     wkB/s     dkB/s   areq-sz    aqu-sz     await     %util
04:18:24 PM IST   nvme0n1      0.00      0.00      0.00      0.00      0.00      0.00      0.00      0.00
04:18:24 PM IST       sda   1193.00      0.00   7160.00      0.00      6.00      0.59      0.26     34.00

04:18:24 PM IST       DEV       tps     rkB/s     wkB/s     dkB/s   areq-sz    aqu-sz     await     %util
04:18:25 PM IST   nvme0n1      0.00      0.00      0.00      0.00      0.00      0.00      0.00      0.00
04:18:25 PM IST       sda   1325.00      0.00   7608.00      0.00      5.74      0.66      0.26     32.80

04:18:25 PM IST       DEV       tps     rkB/s     wkB/s     dkB/s   areq-sz    aqu-sz     await     %util
04:18:26 PM IST   nvme0n1      0.00      0.00      0.00      0.00      0.00      0.00      0.00      0.00
04:18:26 PM IST       sda   1311.00      0.00   8128.00      0.00      6.20      0.70      0.29     31.60

04:18:26 PM IST       DEV       tps     rkB/s     wkB/s     dkB/s   areq-sz    aqu-sz     await     %util
04:18:27 PM IST   nvme0n1      0.00      0.00      0.00      0.00      0.00      0.00      0.00      0.00
04:18:27 PM IST       sda   1252.00      0.00   7476.00      0.00      5.97      0.61      0.27     35.60

04:18:27 PM IST       DEV       tps     rkB/s     wkB/s     dkB/s   areq-sz    aqu-sz     await     %util
04:18:28 PM IST   nvme0n1      0.00      0.00      0.00      0.00      0.00      0.00      0.00      0.00
04:18:28 PM IST       sda   1152.00      0.00   7016.00      0.00      6.09      0.57      0.27     29.20

04:18:28 PM IST       DEV       tps     rkB/s     wkB/s     dkB/s   areq-sz    aqu-sz     await     %util
04:18:29 PM IST   nvme0n1      0.00      0.00      0.00      0.00      0.00      0.00      0.00      0.00
04:18:29 PM IST       sda   1141.00      0.00   6928.00      0.00      6.07      0.62      0.29     38.00

04:18:29 PM IST       DEV       tps     rkB/s     wkB/s     dkB/s   areq-sz    aqu-sz     await     %util
04:18:30 PM IST   nvme0n1      0.00      0.00      0.00      0.00      0.00      0.00      0.00      0.00
04:18:30 PM IST       sda   1140.00      0.00   6896.00      0.00      6.05      0.66      0.31     36.00

04:18:30 PM IST       DEV       tps     rkB/s     wkB/s     dkB/s   areq-sz    aqu-sz     await     %util
04:18:31 PM IST   nvme0n1      0.00      0.00      0.00      0.00      0.00      0.00      0.00      0.00
04:18:31 PM IST       sda   1168.00      0.00   7024.00      0.00      6.01      0.64      0.29     35.20

04:18:31 PM IST       DEV       tps     rkB/s     wkB/s     dkB/s   areq-sz    aqu-sz     await     %util
04:18:32 PM IST   nvme0n1      0.00      0.00      0.00      0.00      0.00      0.00      0.00      0.00
04:18:32 PM IST       sda   1144.00      0.00  11020.00      0.00      9.63      0.70      0.36     34.40

04:18:32 PM IST       DEV       tps     rkB/s     wkB/s     dkB/s   areq-sz    aqu-sz     await     %util
04:18:33 PM IST   nvme0n1      0.00      0.00      0.00      0.00      0.00      0.00      0.00      0.00
04:18:33 PM IST       sda   1171.00      0.00   7220.00      0.00      6.17      0.58      0.27     30.00

04:18:33 PM IST       DEV       tps     rkB/s     wkB/s     dkB/s   areq-sz    aqu-sz     await     %util
04:18:34 PM IST   nvme0n1      0.00      0.00      0.00      0.00      0.00      0.00      0.00      0.00
04:18:34 PM IST       sda   1148.00      0.00   6960.00      0.00      6.06      0.58      0.27     32.00

04:18:34 PM IST       DEV       tps     rkB/s     wkB/s     dkB/s   areq-sz    aqu-sz     await     %util
04:18:35 PM IST   nvme0n1      0.00      0.00      0.00      0.00      0.00      0.00      0.00      0.00
04:18:35 PM IST       sda   1187.00      0.00   7264.00      0.00      6.12      0.58      0.26     26.80

04:18:35 PM IST       DEV       tps     rkB/s     wkB/s     dkB/s   areq-sz    aqu-sz     await     %util
04:18:36 PM IST   nvme0n1      0.00      0.00      0.00      0.00      0.00      0.00      0.00      0.00
04:18:36 PM IST       sda   1172.00      0.00   7072.00      0.00      6.03      0.57      0.26     30.00

04:18:36 PM IST       DEV       tps     rkB/s     wkB/s     dkB/s   areq-sz    aqu-sz     await     %util
04:18:37 PM IST   nvme0n1      0.00      0.00      0.00      0.00      0.00      0.00      0.00      0.00
04:18:37 PM IST       sda   1176.00      0.00  11376.00      0.00      9.67      0.66      0.31     31.60

04:18:37 PM IST       DEV       tps     rkB/s     wkB/s     dkB/s   areq-sz    aqu-sz     await     %util
04:18:38 PM IST   nvme0n1      0.00      0.00      0.00      0.00      0.00      0.00      0.00      0.00
04:18:38 PM IST       sda   1180.00      0.00   7180.00      0.00      6.08      0.57      0.26     30.80

04:18:38 PM IST       DEV       tps     rkB/s     wkB/s     dkB/s   areq-sz    aqu-sz     await     %util
04:18:39 PM IST   nvme0n1      0.00      0.00      0.00      0.00      0.00      0.00      0.00      0.00
04:18:39 PM IST       sda   1212.00      0.00   7240.00      0.00      5.97      0.60      0.26     29.60

04:18:39 PM IST       DEV       tps     rkB/s     wkB/s     dkB/s   areq-sz    aqu-sz     await     %util
04:18:40 PM IST   nvme0n1      0.00      0.00      0.00      0.00      0.00      0.00      0.00      0.00
04:18:40 PM IST       sda   1166.00      0.00   7080.00      0.00      6.07      0.58      0.27     31.20

04:18:40 PM IST       DEV       tps     rkB/s     wkB/s     dkB/s   areq-sz    aqu-sz     await     %util
04:18:41 PM IST   nvme0n1      0.00      0.00      0.00      0.00      0.00      0.00      0.00      0.00
04:18:41 PM IST       sda   1187.00      0.00   7212.00      0.00      6.08      0.59      0.26     32.00

04:18:41 PM IST       DEV       tps     rkB/s     wkB/s     dkB/s   areq-sz    aqu-sz     await     %util
04:18:42 PM IST   nvme0n1      0.00      0.00      0.00      0.00      0.00      0.00      0.00      0.00
04:18:42 PM IST       sda   1169.00      0.00   7072.00      0.00      6.05      0.61      0.28     32.00

04:18:42 PM IST       DEV       tps     rkB/s     wkB/s     dkB/s   areq-sz    aqu-sz     await     %util
04:18:43 PM IST   nvme0n1      0.00      0.00      0.00      0.00      0.00      0.00      0.00      0.00
04:18:43 PM IST       sda   1262.00      0.00   7748.00      0.00      6.14      0.64      0.27     32.80

04:18:43 PM IST       DEV       tps     rkB/s     wkB/s     dkB/s   areq-sz    aqu-sz     await     %util
04:18:44 PM IST   nvme0n1      0.00      0.00      0.00      0.00      0.00      0.00      0.00      0.00
04:18:44 PM IST       sda   1168.00      0.00   7072.00      0.00      6.05      0.58      0.27     28.40

04:18:44 PM IST       DEV       tps     rkB/s     wkB/s     dkB/s   areq-sz    aqu-sz     await     %util
04:18:45 PM IST   nvme0n1      0.00      0.00      0.00      0.00      0.00      0.00      0.00      0.00
04:18:45 PM IST       sda   1164.00      0.00   7024.00      0.00      6.03      0.64      0.29     34.80

04:18:45 PM IST       DEV       tps     rkB/s     wkB/s     dkB/s   areq-sz    aqu-sz     await     %util
04:18:46 PM IST   nvme0n1      0.00      0.00      0.00      0.00      0.00      0.00      0.00      0.00
04:18:46 PM IST       sda   1174.00      0.00   7148.00      0.00      6.09      0.67      0.30     34.80

04:18:46 PM IST       DEV       tps     rkB/s     wkB/s     dkB/s   areq-sz    aqu-sz     await     %util
04:18:47 PM IST   nvme0n1      0.00      0.00      0.00      0.00      0.00      0.00      0.00      0.00
04:18:47 PM IST       sda   1143.00      0.00   6960.00      0.00      6.09      0.63      0.29     32.00

04:18:47 PM IST       DEV       tps     rkB/s     wkB/s     dkB/s   areq-sz    aqu-sz     await     %util
04:18:48 PM IST   nvme0n1      0.00      0.00      0.00      0.00      0.00      0.00      0.00      0.00
04:18:48 PM IST       sda   1167.00      0.00   7444.00      0.00      6.38      0.64      0.29     35.20

04:18:48 PM IST       DEV       tps     rkB/s     wkB/s     dkB/s   areq-sz    aqu-sz     await     %util
04:18:49 PM IST   nvme0n1      0.00      0.00      0.00      0.00      0.00      0.00      0.00      0.00
04:18:49 PM IST       sda   1158.00      0.00   6988.00      0.00      6.03      0.62      0.28     30.80

04:18:49 PM IST       DEV       tps     rkB/s     wkB/s     dkB/s   areq-sz    aqu-sz     await     %util
04:18:50 PM IST   nvme0n1      0.00      0.00      0.00      0.00      0.00      0.00      0.00      0.00
04:18:50 PM IST       sda   1155.00      0.00   6968.00      0.00      6.03      0.59      0.27     33.20

04:18:50 PM IST       DEV       tps     rkB/s     wkB/s     dkB/s   areq-sz    aqu-sz     await     %util
04:18:51 PM IST   nvme0n1      0.00      0.00      0.00      0.00      0.00      0.00      0.00      0.00
04:18:51 PM IST       sda   1182.00      0.00   7104.00      0.00      6.01      0.57      0.26     32.00

04:18:51 PM IST       DEV       tps     rkB/s     wkB/s     dkB/s   areq-sz    aqu-sz     await     %util
04:18:52 PM IST   nvme0n1      0.00      0.00      0.00      0.00      0.00      0.00      0.00      0.00
04:18:52 PM IST       sda   1163.00      0.00   7076.00      0.00      6.08      0.57      0.26     29.60

04:18:52 PM IST       DEV       tps     rkB/s     wkB/s     dkB/s   areq-sz    aqu-sz     await     %util
04:18:53 PM IST   nvme0n1      0.00      0.00      0.00      0.00      0.00      0.00      0.00      0.00
04:18:53 PM IST       sda   1203.00      0.00   7268.00      0.00      6.04      0.58      0.26     28.40

04:18:53 PM IST       DEV       tps     rkB/s     wkB/s     dkB/s   areq-sz    aqu-sz     await     %util
04:18:54 PM IST   nvme0n1      0.00      0.00      0.00      0.00      0.00      0.00      0.00      0.00
04:18:54 PM IST       sda   1151.00      0.00   6968.00      0.00      6.05      0.60      0.28     32.40

04:18:54 PM IST       DEV       tps     rkB/s     wkB/s     dkB/s   areq-sz    aqu-sz     await     %util
04:18:55 PM IST   nvme0n1      0.00      0.00      0.00      0.00      0.00      0.00      0.00      0.00
04:18:55 PM IST       sda   1169.00      0.00   7188.00      0.00      6.15      0.57      0.26     27.20

04:18:55 PM IST       DEV       tps     rkB/s     wkB/s     dkB/s   areq-sz    aqu-sz     await     %util
04:18:56 PM IST   nvme0n1      0.00      0.00      0.00      0.00      0.00      0.00      0.00      0.00
04:18:56 PM IST       sda   1176.00      0.00   7104.00      0.00      6.04      0.57      0.26     28.00

04:18:56 PM IST       DEV       tps     rkB/s     wkB/s     dkB/s   areq-sz    aqu-sz     await     %util
04:18:57 PM IST   nvme0n1      0.00      0.00      0.00      0.00      0.00      0.00      0.00      0.00
04:18:57 PM IST       sda   1184.00      0.00   7136.00      0.00      6.03      0.58      0.26     30.80

04:18:57 PM IST       DEV       tps     rkB/s     wkB/s     dkB/s   areq-sz    aqu-sz     await     %util
04:18:58 PM IST   nvme0n1      0.00      0.00      0.00      0.00      0.00      0.00      0.00      0.00
04:18:58 PM IST       sda   1202.00      0.00   7476.00      0.00      6.22      0.62      0.28     34.00

04:18:58 PM IST       DEV       tps     rkB/s     wkB/s     dkB/s   areq-sz    aqu-sz     await     %util
04:18:59 PM IST   nvme0n1      0.00      0.00      0.00      0.00      0.00      0.00      0.00      0.00
04:18:59 PM IST       sda    920.00      0.00   5496.00      0.00      5.97      0.48      0.28     23.60

04:18:59 PM IST       DEV       tps     rkB/s     wkB/s     dkB/s   areq-sz    aqu-sz     await     %util
04:19:00 PM IST   nvme0n1      0.00      0.00      0.00      0.00      0.00      0.00      0.00      0.00
04:19:00 PM IST       sda   1090.00      0.00   6768.00      0.00      6.21      0.57      0.28     33.20

04:19:00 PM IST       DEV       tps     rkB/s     wkB/s     dkB/s   areq-sz    aqu-sz     await     %util
04:19:01 PM IST   nvme0n1      0.00      0.00      0.00      0.00      0.00      0.00      0.00      0.00
04:19:01 PM IST       sda   1123.00      0.00   6848.00      0.00      6.10      0.56      0.27     33.20

04:19:01 PM IST       DEV       tps     rkB/s     wkB/s     dkB/s   areq-sz    aqu-sz     await     %util
04:19:02 PM IST   nvme0n1      0.00      0.00      0.00      0.00      0.00      0.00      0.00      0.00
04:19:02 PM IST       sda   1155.00      0.00   6968.00      0.00      6.03      0.62      0.29     34.00

04:19:02 PM IST       DEV       tps     rkB/s     wkB/s     dkB/s   areq-sz    aqu-sz     await     %util
04:19:03 PM IST   nvme0n1      0.00      0.00      0.00      0.00      0.00      0.00      0.00      0.00
04:19:03 PM IST       sda   1116.00      0.00   7064.00      0.00      6.33      0.63      0.30     30.00

04:19:03 PM IST       DEV       tps     rkB/s     wkB/s     dkB/s   areq-sz    aqu-sz     await     %util
04:19:04 PM IST   nvme0n1      0.00      0.00      0.00      0.00      0.00      0.00      0.00      0.00
04:19:04 PM IST       sda   1126.00      0.00   6824.00      0.00      6.06      0.62      0.29     34.40

04:19:04 PM IST       DEV       tps     rkB/s     wkB/s     dkB/s   areq-sz    aqu-sz     await     %util
04:19:05 PM IST   nvme0n1      0.00      0.00      0.00      0.00      0.00      0.00      0.00      0.00
04:19:05 PM IST       sda   1108.00      0.00   6824.00      0.00      6.16      0.61      0.29     34.00

04:19:05 PM IST       DEV       tps     rkB/s     wkB/s     dkB/s   areq-sz    aqu-sz     await     %util
04:19:06 PM IST   nvme0n1      0.00      0.00      0.00      0.00      0.00      0.00      0.00      0.00
04:19:06 PM IST       sda   1114.00      0.00   6816.00      0.00      6.12      0.59      0.28     30.00

04:19:06 PM IST       DEV       tps     rkB/s     wkB/s     dkB/s   areq-sz    aqu-sz     await     %util
04:19:07 PM IST   nvme0n1      0.00      0.00      0.00      0.00      0.00      0.00      0.00      0.00
04:19:07 PM IST       sda   1159.00      0.00   8240.00      0.00      7.11      0.60      0.28     34.80

04:19:07 PM IST       DEV       tps     rkB/s     wkB/s     dkB/s   areq-sz    aqu-sz     await     %util
04:19:08 PM IST   nvme0n1      0.00      0.00      0.00      0.00      0.00      0.00      0.00      0.00
04:19:08 PM IST       sda   1218.00      0.00   7600.00      0.00      6.24      0.59      0.26     28.80

04:19:08 PM IST       DEV       tps     rkB/s     wkB/s     dkB/s   areq-sz    aqu-sz     await     %util
04:19:09 PM IST   nvme0n1      0.00      0.00      0.00      0.00      0.00      0.00      0.00      0.00
04:19:09 PM IST       sda   1206.00      0.00   7236.00      0.00      6.00      0.59      0.26     28.80

04:19:09 PM IST       DEV       tps     rkB/s     wkB/s     dkB/s   areq-sz    aqu-sz     await     %util
04:19:10 PM IST   nvme0n1      0.00      0.00      0.00      0.00      0.00      0.00      0.00      0.00
04:19:10 PM IST       sda   1193.00     12.00   7240.00      0.00      6.08      0.57      0.26     29.20

04:19:10 PM IST       DEV       tps     rkB/s     wkB/s     dkB/s   areq-sz    aqu-sz     await     %util
04:19:11 PM IST   nvme0n1      0.00      0.00      0.00      0.00      0.00      0.00      0.00      0.00
04:19:11 PM IST       sda   1168.00      0.00   7032.00      0.00      6.02      0.62      0.28     37.60

04:19:11 PM IST       DEV       tps     rkB/s     wkB/s     dkB/s   areq-sz    aqu-sz     await     %util
04:19:12 PM IST   nvme0n1      0.00      0.00      0.00      0.00      0.00      0.00      0.00      0.00
04:19:12 PM IST       sda   1153.00      0.00   6988.00      0.00      6.06      0.56      0.26     28.80

04:19:12 PM IST       DEV       tps     rkB/s     wkB/s     dkB/s   areq-sz    aqu-sz     await     %util
04:19:13 PM IST   nvme0n1      0.00      0.00      0.00      0.00      0.00      0.00      0.00      0.00
04:19:13 PM IST       sda   1298.00      0.00   8036.00      0.00      6.19      0.60      0.26     31.20

04:19:13 PM IST       DEV       tps     rkB/s     wkB/s     dkB/s   areq-sz    aqu-sz     await     %util
04:19:14 PM IST   nvme0n1      0.00      0.00      0.00      0.00      0.00      0.00      0.00      0.00
04:19:14 PM IST       sda   1198.00      0.00   7176.00      0.00      5.99      0.59      0.26     32.40

04:19:14 PM IST       DEV       tps     rkB/s     wkB/s     dkB/s   areq-sz    aqu-sz     await     %util
04:19:15 PM IST   nvme0n1      0.00      0.00      0.00      0.00      0.00      0.00      0.00      0.00
04:19:15 PM IST       sda   1145.00      0.00   7064.00      0.00      6.17      0.59      0.28     32.40

04:19:15 PM IST       DEV       tps     rkB/s     wkB/s     dkB/s   areq-sz    aqu-sz     await     %util
04:19:16 PM IST   nvme0n1      0.00      0.00      0.00      0.00      0.00      0.00      0.00      0.00
04:19:16 PM IST       sda   1200.00      0.00   7184.00      0.00      5.99      0.63      0.28     36.40

04:19:16 PM IST       DEV       tps     rkB/s     wkB/s     dkB/s   areq-sz    aqu-sz     await     %util
04:19:17 PM IST   nvme0n1      0.00      0.00      0.00      0.00      0.00      0.00      0.00      0.00
04:19:17 PM IST       sda   1161.00      0.00   7048.00      0.00      6.07      0.62      0.28     33.60

04:19:17 PM IST       DEV       tps     rkB/s     wkB/s     dkB/s   areq-sz    aqu-sz     await     %util
04:19:18 PM IST   nvme0n1      0.00      0.00      0.00      0.00      0.00      0.00      0.00      0.00
04:19:18 PM IST       sda   1199.00      0.00   7568.00      0.00      6.31      0.59      0.26     29.20

04:19:18 PM IST       DEV       tps     rkB/s     wkB/s     dkB/s   areq-sz    aqu-sz     await     %util
04:19:19 PM IST   nvme0n1      0.00      0.00      0.00      0.00      0.00      0.00      0.00      0.00
04:19:19 PM IST       sda   1174.00      0.00   7064.00      0.00      6.02      0.64      0.29     34.40

04:19:19 PM IST       DEV       tps     rkB/s     wkB/s     dkB/s   areq-sz    aqu-sz     await     %util
04:19:20 PM IST   nvme0n1      0.00      0.00      0.00      0.00      0.00      0.00      0.00      0.00
04:19:20 PM IST       sda   1174.00      0.00   7048.00      0.00      6.00      0.65      0.29     36.00

04:19:20 PM IST       DEV       tps     rkB/s     wkB/s     dkB/s   areq-sz    aqu-sz     await     %util
04:19:21 PM IST   nvme0n1      0.00      0.00      0.00      0.00      0.00      0.00      0.00      0.00
04:19:21 PM IST       sda   1148.00      0.00   7024.00      0.00      6.12      0.63      0.29     32.40

04:19:21 PM IST       DEV       tps     rkB/s     wkB/s     dkB/s   areq-sz    aqu-sz     await     %util
04:19:22 PM IST   nvme0n1      0.00      0.00      0.00      0.00      0.00      0.00      0.00      0.00
04:19:22 PM IST       sda   1155.00      0.00   6976.00      0.00      6.04      0.64      0.29     34.40

04:19:22 PM IST       DEV       tps     rkB/s     wkB/s     dkB/s   areq-sz    aqu-sz     await     %util
04:19:23 PM IST   nvme0n1      0.00      0.00      0.00      0.00      0.00      0.00      0.00      0.00
04:19:23 PM IST       sda   1159.00      0.00   7040.00      0.00      6.07      0.60      0.28     28.80

04:19:23 PM IST       DEV       tps     rkB/s     wkB/s     dkB/s   areq-sz    aqu-sz     await     %util
04:19:24 PM IST   nvme0n1      0.00      0.00      0.00      0.00      0.00      0.00      0.00      0.00
04:19:24 PM IST       sda   1172.00      0.00   7076.00      0.00      6.04      0.60      0.27     32.80

04:19:24 PM IST       DEV       tps     rkB/s     wkB/s     dkB/s   areq-sz    aqu-sz     await     %util
04:19:25 PM IST   nvme0n1      0.00      0.00      0.00      0.00      0.00      0.00      0.00      0.00
04:19:25 PM IST       sda   1331.00      0.00   7620.00      0.00      5.73      0.65      0.26     36.40

04:19:25 PM IST       DEV       tps     rkB/s     wkB/s     dkB/s   areq-sz    aqu-sz     await     %util
04:19:26 PM IST   nvme0n1      0.00      0.00      0.00      0.00      0.00      0.00      0.00      0.00
04:19:26 PM IST       sda   1411.00      0.00   8464.00      0.00      6.00      0.70      0.26     36.00

04:19:26 PM IST       DEV       tps     rkB/s     wkB/s     dkB/s   areq-sz    aqu-sz     await     %util
04:19:27 PM IST   nvme0n1      0.00      0.00      0.00      0.00      0.00      0.00      0.00      0.00
04:19:27 PM IST       sda   1154.00      0.00   6992.00      0.00      6.06      0.58      0.27     29.20

04:19:27 PM IST       DEV       tps     rkB/s     wkB/s     dkB/s   areq-sz    aqu-sz     await     %util
04:19:28 PM IST   nvme0n1      0.00      0.00      0.00      0.00      0.00      0.00      0.00      0.00
04:19:28 PM IST       sda   1154.00      0.00   7044.00      0.00      6.10      0.58      0.27     31.60

04:19:28 PM IST       DEV       tps     rkB/s     wkB/s     dkB/s   areq-sz    aqu-sz     await     %util
04:19:29 PM IST   nvme0n1      0.00      0.00      0.00      0.00      0.00      0.00      0.00      0.00
04:19:29 PM IST       sda   1170.00      0.00   7324.00      0.00      6.26      0.58      0.26     29.60

04:19:29 PM IST       DEV       tps     rkB/s     wkB/s     dkB/s   areq-sz    aqu-sz     await     %util
04:19:30 PM IST   nvme0n1      0.00      0.00      0.00      0.00      0.00      0.00      0.00      0.00
04:19:30 PM IST       sda   1146.00      0.00   6984.00      0.00      6.09      0.56      0.26     28.80

04:19:30 PM IST       DEV       tps     rkB/s     wkB/s     dkB/s   areq-sz    aqu-sz     await     %util
04:19:31 PM IST   nvme0n1      0.00      0.00      0.00      0.00      0.00      0.00      0.00      0.00
04:19:31 PM IST       sda   1164.00      0.00   7072.00      0.00      6.08      0.57      0.26     33.60

04:19:31 PM IST       DEV       tps     rkB/s     wkB/s     dkB/s   areq-sz    aqu-sz     await     %util
04:19:32 PM IST   nvme0n1      0.00      0.00      0.00      0.00      0.00      0.00      0.00      0.00
04:19:32 PM IST       sda   1144.00      0.00   6956.00      0.00      6.08      0.61      0.28     34.40

04:19:32 PM IST       DEV       tps     rkB/s     wkB/s     dkB/s   areq-sz    aqu-sz     await     %util
04:19:33 PM IST   nvme0n1      0.00      0.00      0.00      0.00      0.00      0.00      0.00      0.00
04:19:33 PM IST       sda   1148.00      4.00   7044.00      0.00      6.14      0.59      0.27     34.00

04:19:33 PM IST       DEV       tps     rkB/s     wkB/s     dkB/s   areq-sz    aqu-sz     await     %util
04:19:34 PM IST   nvme0n1      0.00      0.00      0.00      0.00      0.00      0.00      0.00      0.00
04:19:34 PM IST       sda   1152.00      0.00   7308.00      0.00      6.34      0.61      0.28     33.60

04:19:34 PM IST       DEV       tps     rkB/s     wkB/s     dkB/s   areq-sz    aqu-sz     await     %util
04:19:35 PM IST   nvme0n1      0.00      0.00      0.00      0.00      0.00      0.00      0.00      0.00
04:19:35 PM IST       sda   1170.00      0.00   7192.00      0.00      6.15      0.61      0.28     30.00

04:19:35 PM IST       DEV       tps     rkB/s     wkB/s     dkB/s   areq-sz    aqu-sz     await     %util
04:19:36 PM IST   nvme0n1      0.00      0.00      0.00      0.00      0.00      0.00      0.00      0.00
04:19:36 PM IST       sda   1171.00      0.00   7056.00      0.00      6.03      0.66      0.30     32.00

04:19:36 PM IST       DEV       tps     rkB/s     wkB/s     dkB/s   areq-sz    aqu-sz     await     %util
04:19:37 PM IST   nvme0n1      0.00      0.00      0.00      0.00      0.00      0.00      0.00      0.00
04:19:37 PM IST       sda   1124.00      0.00   6864.00      0.00      6.11      0.61      0.29     32.00

04:19:37 PM IST       DEV       tps     rkB/s     wkB/s     dkB/s   areq-sz    aqu-sz     await     %util
04:19:38 PM IST   nvme0n1      0.00      0.00      0.00      0.00      0.00      0.00      0.00      0.00
04:19:38 PM IST       sda   1152.00      0.00   7380.00      0.00      6.41      0.63      0.29     31.60

04:19:38 PM IST       DEV       tps     rkB/s     wkB/s     dkB/s   areq-sz    aqu-sz     await     %util
04:19:39 PM IST   nvme0n1      0.00      0.00      0.00      0.00      0.00      0.00      0.00      0.00
04:19:39 PM IST       sda   1129.00      0.00   7136.00      0.00      6.32      0.62      0.29     31.20

04:19:39 PM IST       DEV       tps     rkB/s     wkB/s     dkB/s   areq-sz    aqu-sz     await     %util
04:19:40 PM IST   nvme0n1      0.00      0.00      0.00      0.00      0.00      0.00      0.00      0.00
04:19:40 PM IST       sda   1171.00      0.00   7164.00      0.00      6.12      0.59      0.27     31.20

04:19:40 PM IST       DEV       tps     rkB/s     wkB/s     dkB/s   areq-sz    aqu-sz     await     %util
04:19:41 PM IST   nvme0n1      0.00      0.00      0.00      0.00      0.00      0.00      0.00      0.00
04:19:41 PM IST       sda   1176.00      0.00   7108.00      0.00      6.04      0.60      0.27     32.40

04:19:41 PM IST       DEV       tps     rkB/s     wkB/s     dkB/s   areq-sz    aqu-sz     await     %util
04:19:42 PM IST   nvme0n1      0.00      0.00      0.00      0.00      0.00      0.00      0.00      0.00
04:19:42 PM IST       sda   1179.00      0.00   7112.00      0.00      6.03      0.58      0.26     31.60

04:19:42 PM IST       DEV       tps     rkB/s     wkB/s     dkB/s   areq-sz    aqu-sz     await     %util
04:19:43 PM IST   nvme0n1      0.00      0.00      0.00      0.00      0.00      0.00      0.00      0.00
04:19:43 PM IST       sda   1172.00      0.00   7124.00      0.00      6.08      0.56      0.26     31.20

04:19:43 PM IST       DEV       tps     rkB/s     wkB/s     dkB/s   areq-sz    aqu-sz     await     %util
04:19:44 PM IST   nvme0n1      0.00      0.00      0.00      0.00      0.00      0.00      0.00      0.00
04:19:44 PM IST       sda   1282.00      0.00   7528.00      0.00      5.87      0.61      0.26     34.40

04:19:44 PM IST       DEV       tps     rkB/s     wkB/s     dkB/s   areq-sz    aqu-sz     await     %util
04:19:45 PM IST   nvme0n1      0.00      0.00      0.00      0.00      0.00      0.00      0.00      0.00
04:19:45 PM IST       sda   1146.00      0.00   7032.00      0.00      6.14      0.59      0.27     27.60

04:19:45 PM IST       DEV       tps     rkB/s     wkB/s     dkB/s   areq-sz    aqu-sz     await     %util
04:19:46 PM IST   nvme0n1      0.00      0.00      0.00      0.00      0.00      0.00      0.00      0.00
04:19:46 PM IST       sda   1164.00      0.00   7032.00      0.00      6.04      0.56      0.26     32.80

04:19:46 PM IST       DEV       tps     rkB/s     wkB/s     dkB/s   areq-sz    aqu-sz     await     %util
04:19:47 PM IST   nvme0n1      0.00      0.00      0.00      0.00      0.00      0.00      0.00      0.00
04:19:47 PM IST       sda   1163.37      0.00   6986.14      0.00      6.01      0.58      0.27     32.08

04:19:47 PM IST       DEV       tps     rkB/s     wkB/s     dkB/s   areq-sz    aqu-sz     await     %util
04:19:48 PM IST   nvme0n1      0.00      0.00      0.00      0.00      0.00      0.00      0.00      0.00
04:19:48 PM IST       sda   1163.00      0.00   7076.00      0.00      6.08      0.57      0.26     30.00

04:19:48 PM IST       DEV       tps     rkB/s     wkB/s     dkB/s   areq-sz    aqu-sz     await     %util
04:19:49 PM IST   nvme0n1      0.00      0.00      0.00      0.00      0.00      0.00      0.00      0.00
04:19:49 PM IST       sda   1156.00      0.00   7264.00      0.00      6.28      0.61      0.28     31.60

04:19:49 PM IST       DEV       tps     rkB/s     wkB/s     dkB/s   areq-sz    aqu-sz     await     %util
04:19:50 PM IST   nvme0n1      0.00      0.00      0.00      0.00      0.00      0.00      0.00      0.00
04:19:50 PM IST       sda   1211.00      0.00   7252.00      0.00      5.99      0.61      0.27     31.60

04:19:50 PM IST       DEV       tps     rkB/s     wkB/s     dkB/s   areq-sz    aqu-sz     await     %util
04:19:51 PM IST   nvme0n1      0.00      0.00      0.00      0.00      0.00      0.00      0.00      0.00
04:19:51 PM IST       sda   1157.00      0.00   7008.00      0.00      6.06      0.59      0.27     28.80

04:19:51 PM IST       DEV       tps     rkB/s     wkB/s     dkB/s   areq-sz    aqu-sz     await     %util
04:19:52 PM IST   nvme0n1      0.00      0.00      0.00      0.00      0.00      0.00      0.00      0.00
04:19:52 PM IST       sda   1157.00      0.00   6996.00      0.00      6.05      0.61      0.28     31.20

04:19:52 PM IST       DEV       tps     rkB/s     wkB/s     dkB/s   areq-sz    aqu-sz     await     %util
04:19:53 PM IST   nvme0n1      0.00      0.00      0.00      0.00      0.00      0.00      0.00      0.00
04:19:53 PM IST       sda   1132.00      0.00   7044.00      0.00      6.22      0.63      0.29     34.80

04:19:53 PM IST       DEV       tps     rkB/s     wkB/s     dkB/s   areq-sz    aqu-sz     await     %util
04:19:54 PM IST   nvme0n1      0.00      0.00      0.00      0.00      0.00      0.00      0.00      0.00
04:19:54 PM IST       sda   1148.00      0.00   7192.00      0.00      6.26      0.63      0.29     34.00

04:19:54 PM IST       DEV       tps     rkB/s     wkB/s     dkB/s   areq-sz    aqu-sz     await     %util
04:19:55 PM IST   nvme0n1      0.00      0.00      0.00      0.00      0.00      0.00      0.00      0.00
04:19:55 PM IST       sda   1143.00      8.00   7040.00      0.00      6.17      0.63      0.29     32.40

04:19:55 PM IST       DEV       tps     rkB/s     wkB/s     dkB/s   areq-sz    aqu-sz     await     %util
04:19:56 PM IST   nvme0n1      0.00      0.00      0.00      0.00      0.00      0.00      0.00      0.00
04:19:56 PM IST       sda   1140.00      0.00   6932.00      0.00      6.08      0.62      0.29     30.00

04:19:56 PM IST       DEV       tps     rkB/s     wkB/s     dkB/s   areq-sz    aqu-sz     await     %util
04:19:57 PM IST   nvme0n1      0.00      0.00      0.00      0.00      0.00      0.00      0.00      0.00
04:19:57 PM IST       sda   1172.00      0.00   7040.00      0.00      6.01      0.61      0.28     30.40

04:19:57 PM IST       DEV       tps     rkB/s     wkB/s     dkB/s   areq-sz    aqu-sz     await     %util
04:19:58 PM IST   nvme0n1      0.00      0.00      0.00      0.00      0.00      0.00      0.00      0.00
04:19:58 PM IST       sda   1194.00      0.00   7208.00      0.00      6.04      0.58      0.26     32.40

04:19:58 PM IST       DEV       tps     rkB/s     wkB/s     dkB/s   areq-sz    aqu-sz     await     %util
04:19:59 PM IST   nvme0n1      0.00      0.00      0.00      0.00      0.00      0.00      0.00      0.00
04:19:59 PM IST       sda    935.00      0.00   5800.00      0.00      6.20      0.46      0.26     24.00

04:19:59 PM IST       DEV       tps     rkB/s     wkB/s     dkB/s   areq-sz    aqu-sz     await     %util
04:20:00 PM IST   nvme0n1      0.00      0.00      0.00      0.00      0.00      0.00      0.00      0.00
04:20:00 PM IST       sda   1106.00      0.00   6736.00      0.00      6.09      0.53      0.26     28.00

04:20:00 PM IST       DEV       tps     rkB/s     wkB/s     dkB/s   areq-sz    aqu-sz     await     %util
04:20:01 PM IST   nvme0n1      0.00      0.00      0.00      0.00      0.00      0.00      0.00      0.00
04:20:01 PM IST       sda   1142.00      0.00   6972.00      0.00      6.11      0.57      0.27     28.80

04:20:01 PM IST       DEV       tps     rkB/s     wkB/s     dkB/s   areq-sz    aqu-sz     await     %util
04:20:02 PM IST   nvme0n1      0.00      0.00      0.00      0.00      0.00      0.00      0.00      0.00
04:20:02 PM IST       sda   1149.00      0.00   6936.00      0.00      6.04      0.59      0.27     32.00

04:20:02 PM IST       DEV       tps     rkB/s     wkB/s     dkB/s   areq-sz    aqu-sz     await     %util
04:20:03 PM IST   nvme0n1      0.00      0.00      0.00      0.00      0.00      0.00      0.00      0.00
04:20:03 PM IST       sda   1156.00      0.00   7032.00      0.00      6.08      0.57      0.26     29.20

04:20:03 PM IST       DEV       tps     rkB/s     wkB/s     dkB/s   areq-sz    aqu-sz     await     %util
04:20:04 PM IST   nvme0n1      0.00      0.00      0.00      0.00      0.00      0.00      0.00      0.00
04:20:04 PM IST       sda   1181.00      0.00   7340.00      0.00      6.22      0.58      0.26     28.00

04:20:04 PM IST       DEV       tps     rkB/s     wkB/s     dkB/s   areq-sz    aqu-sz     await     %util
04:20:05 PM IST   nvme0n1      0.00      0.00      0.00      0.00      0.00      0.00      0.00      0.00
04:20:05 PM IST       sda   1178.00      0.00   7056.00      0.00      5.99      0.59      0.27     26.00

04:20:05 PM IST       DEV       tps     rkB/s     wkB/s     dkB/s   areq-sz    aqu-sz     await     %util
04:20:06 PM IST   nvme0n1      0.00      0.00      0.00      0.00      0.00      0.00      0.00      0.00
04:20:06 PM IST       sda   1134.00      0.00   6992.00      0.00      6.17      0.60      0.28     30.40

04:20:06 PM IST       DEV       tps     rkB/s     wkB/s     dkB/s   areq-sz    aqu-sz     await     %util
04:20:07 PM IST   nvme0n1      0.00      0.00      0.00      0.00      0.00      0.00      0.00      0.00
04:20:07 PM IST       sda   1152.00      0.00   6968.00      0.00      6.05      0.59      0.27     34.00

04:20:07 PM IST       DEV       tps     rkB/s     wkB/s     dkB/s   areq-sz    aqu-sz     await     %util
04:20:08 PM IST   nvme0n1      0.00      0.00      0.00      0.00      0.00      0.00      0.00      0.00
04:20:08 PM IST       sda   1169.00      0.00   7072.00      0.00      6.05      0.61      0.28     35.60

04:20:08 PM IST       DEV       tps     rkB/s     wkB/s     dkB/s   areq-sz    aqu-sz     await     %util
04:20:09 PM IST   nvme0n1      0.00      0.00      0.00      0.00      0.00      0.00      0.00      0.00
04:20:09 PM IST       sda   1223.00      0.00   7256.00      0.00      5.93      0.62      0.27     36.80

04:20:09 PM IST       DEV       tps     rkB/s     wkB/s     dkB/s   areq-sz    aqu-sz     await     %util
04:20:10 PM IST   nvme0n1      0.00      0.00      0.00      0.00      0.00      0.00      0.00      0.00
04:20:10 PM IST       sda   1135.00      0.00   6876.00      0.00      6.06      0.65      0.31     33.20

04:20:10 PM IST       DEV       tps     rkB/s     wkB/s     dkB/s   areq-sz    aqu-sz     await     %util
04:20:11 PM IST   nvme0n1      0.00      0.00      0.00      0.00      0.00      0.00      0.00      0.00
04:20:11 PM IST       sda   1159.00      0.00   7008.00      0.00      6.05      0.64      0.29     36.40

04:20:11 PM IST       DEV       tps     rkB/s     wkB/s     dkB/s   areq-sz    aqu-sz     await     %util
04:20:12 PM IST   nvme0n1      0.00      0.00      0.00      0.00      0.00      0.00      0.00      0.00
04:20:12 PM IST       sda   1171.00      0.00   7076.00      0.00      6.04      0.64      0.29     31.20

04:20:12 PM IST       DEV       tps     rkB/s     wkB/s     dkB/s   areq-sz    aqu-sz     await     %util
04:20:13 PM IST   nvme0n1      0.00      0.00      0.00      0.00      0.00      0.00      0.00      0.00
04:20:13 PM IST       sda   1160.00      0.00   7020.00      0.00      6.05      0.64      0.29     36.00

04:20:13 PM IST       DEV       tps     rkB/s     wkB/s     dkB/s   areq-sz    aqu-sz     await     %util
04:20:14 PM IST   nvme0n1      0.00      0.00      0.00      0.00      0.00      0.00      0.00      0.00
04:20:14 PM IST       sda   1177.00      0.00   7080.00      0.00      6.02      0.60      0.27     32.00

04:20:14 PM IST       DEV       tps     rkB/s     wkB/s     dkB/s   areq-sz    aqu-sz     await     %util
04:20:15 PM IST   nvme0n1      0.00      0.00      0.00      0.00      0.00      0.00      0.00      0.00
04:20:15 PM IST       sda   1284.00      0.00   8056.00      0.00      6.27      0.62      0.26     34.80

04:20:15 PM IST       DEV       tps     rkB/s     wkB/s     dkB/s   areq-sz    aqu-sz     await     %util
04:20:16 PM IST   nvme0n1      0.00      0.00      0.00      0.00      0.00      0.00      0.00      0.00
04:20:16 PM IST       sda   1180.00      0.00   7112.00      0.00      6.03      0.58      0.26     29.20

04:20:16 PM IST       DEV       tps     rkB/s     wkB/s     dkB/s   areq-sz    aqu-sz     await     %util
04:20:17 PM IST   nvme0n1      0.00      0.00      0.00      0.00      0.00      0.00      0.00      0.00
04:20:17 PM IST       sda   1173.00      0.00   7056.00      0.00      6.02      0.57      0.26     31.20

04:20:17 PM IST       DEV       tps     rkB/s     wkB/s     dkB/s   areq-sz    aqu-sz     await     %util
04:20:18 PM IST   nvme0n1      0.00      0.00      0.00      0.00      0.00      0.00      0.00      0.00
04:20:18 PM IST       sda   1145.00      0.00   7024.00      0.00      6.13      0.58      0.27     31.60

04:20:18 PM IST       DEV       tps     rkB/s     wkB/s     dkB/s   areq-sz    aqu-sz     await     %util
04:20:19 PM IST   nvme0n1      0.00      0.00      0.00      0.00      0.00      0.00      0.00      0.00
04:20:19 PM IST       sda   1173.00      0.00   7164.00      0.00      6.11      0.60      0.27     28.80

04:20:19 PM IST       DEV       tps     rkB/s     wkB/s     dkB/s   areq-sz    aqu-sz     await     %util
04:20:20 PM IST   nvme0n1      0.00      0.00      0.00      0.00      0.00      0.00      0.00      0.00
04:20:20 PM IST       sda   1170.00     12.00  28556.00      0.00     24.42      0.86      0.52     42.80

04:20:20 PM IST       DEV       tps     rkB/s     wkB/s     dkB/s   areq-sz    aqu-sz     await     %util
04:20:21 PM IST   nvme0n1      0.00      0.00      0.00      0.00      0.00      0.00      0.00      0.00
04:20:21 PM IST       sda   1158.00      0.00   8840.00      0.00      7.63      0.63      0.29     38.40

04:20:21 PM IST       DEV       tps     rkB/s     wkB/s     dkB/s   areq-sz    aqu-sz     await     %util
04:20:22 PM IST   nvme0n1      0.00      0.00      0.00      0.00      0.00      0.00      0.00      0.00
04:20:22 PM IST       sda   1167.00      0.00   7432.00      0.00      6.37      0.60      0.28     29.60

04:20:22 PM IST       DEV       tps     rkB/s     wkB/s     dkB/s   areq-sz    aqu-sz     await     %util
04:20:23 PM IST   nvme0n1      0.00      0.00      0.00      0.00      0.00      0.00      0.00      0.00
04:20:23 PM IST       sda   1205.00      0.00   7332.00      0.00      6.08      0.60      0.27     34.00

04:20:23 PM IST       DEV       tps     rkB/s     wkB/s     dkB/s   areq-sz    aqu-sz     await     %util
04:20:24 PM IST   nvme0n1      0.00      0.00      0.00      0.00      0.00      0.00      0.00      0.00
04:20:24 PM IST       sda   1118.00      0.00  23136.00      0.00     20.69      0.97      0.61     35.20

04:20:24 PM IST       DEV       tps     rkB/s     wkB/s     dkB/s   areq-sz    aqu-sz     await     %util
04:20:25 PM IST   nvme0n1      0.00      0.00      0.00      0.00      0.00      0.00      0.00      0.00
04:20:25 PM IST       sda   1326.00      0.00   8160.00      0.00      6.15      0.72      0.29     38.00

04:20:25 PM IST       DEV       tps     rkB/s     wkB/s     dkB/s   areq-sz    aqu-sz     await     %util
04:20:26 PM IST   nvme0n1      0.00      0.00      0.00      0.00      0.00      0.00      0.00      0.00
04:20:26 PM IST       sda   1297.00      0.00   8128.00      0.00      6.27      0.70      0.29     42.40

04:20:26 PM IST       DEV       tps     rkB/s     wkB/s     dkB/s   areq-sz    aqu-sz     await     %util
04:20:27 PM IST   nvme0n1      0.00      0.00      0.00      0.00      0.00      0.00      0.00      0.00
04:20:27 PM IST       sda   1247.00      0.00   7352.00      0.00      5.90      0.71      0.35     29.60

04:20:27 PM IST       DEV       tps     rkB/s     wkB/s     dkB/s   areq-sz    aqu-sz     await     %util
04:20:28 PM IST   nvme0n1      0.00      0.00      0.00      0.00      0.00      0.00      0.00      0.00
04:20:28 PM IST       sda   1179.00      0.00   7380.00      0.00      6.26      0.57      0.26     30.40

04:20:28 PM IST       DEV       tps     rkB/s     wkB/s     dkB/s   areq-sz    aqu-sz     await     %util
04:20:29 PM IST   nvme0n1      0.00      0.00      0.00      0.00      0.00      0.00      0.00      0.00
04:20:29 PM IST       sda   1210.00    128.00   7144.00      0.00      6.01      0.59      0.27     30.80

04:20:29 PM IST       DEV       tps     rkB/s     wkB/s     dkB/s   areq-sz    aqu-sz     await     %util
04:20:30 PM IST   nvme0n1      0.00      0.00      0.00      0.00      0.00      0.00      0.00      0.00
04:20:30 PM IST       sda   1178.00      0.00   7408.00      0.00      6.29      0.56      0.25     26.80

04:20:30 PM IST       DEV       tps     rkB/s     wkB/s     dkB/s   areq-sz    aqu-sz     await     %util
04:20:31 PM IST   nvme0n1      0.00      0.00      0.00      0.00      0.00      0.00      0.00      0.00
04:20:31 PM IST       sda   1137.00      0.00  23168.00      0.00     20.38      0.92      0.58     34.40

04:20:31 PM IST       DEV       tps     rkB/s     wkB/s     dkB/s   areq-sz    aqu-sz     await     %util
04:20:32 PM IST   nvme0n1      0.00      0.00      0.00      0.00      0.00      0.00      0.00      0.00
04:20:32 PM IST       sda   1203.00      0.00   7464.00      0.00      6.20      0.58      0.26     29.60

04:20:32 PM IST       DEV       tps     rkB/s     wkB/s     dkB/s   areq-sz    aqu-sz     await     %util
04:20:33 PM IST   nvme0n1      0.00      0.00      0.00      0.00      0.00      0.00      0.00      0.00
04:20:33 PM IST       sda   1202.00      0.00   7304.00      0.00      6.08      0.58      0.26     29.60

04:20:33 PM IST       DEV       tps     rkB/s     wkB/s     dkB/s   areq-sz    aqu-sz     await     %util
04:20:34 PM IST   nvme0n1      0.00      0.00      0.00      0.00      0.00      0.00      0.00      0.00
04:20:34 PM IST       sda   1170.00      0.00   7048.00      0.00      6.02      0.61      0.28     32.40

04:20:34 PM IST       DEV       tps     rkB/s     wkB/s     dkB/s   areq-sz    aqu-sz     await     %util
04:20:35 PM IST   nvme0n1      0.00      0.00      0.00      0.00      0.00      0.00      0.00      0.00
04:20:35 PM IST       sda   1182.00      0.00   7476.00      0.00      6.32      0.58      0.26     29.20

04:20:35 PM IST       DEV       tps     rkB/s     wkB/s     dkB/s   areq-sz    aqu-sz     await     %util
04:20:36 PM IST   nvme0n1      0.00      0.00      0.00      0.00      0.00      0.00      0.00      0.00
04:20:36 PM IST       sda   1166.00      0.00   7072.00      0.00      6.07      0.59      0.27     31.20

04:20:36 PM IST       DEV       tps     rkB/s     wkB/s     dkB/s   areq-sz    aqu-sz     await     %util
04:20:37 PM IST   nvme0n1      0.00      0.00      0.00      0.00      0.00      0.00      0.00      0.00
04:20:37 PM IST       sda   1179.00      0.00   7104.00      0.00      6.03      0.61      0.28     26.80

04:20:37 PM IST       DEV       tps     rkB/s     wkB/s     dkB/s   areq-sz    aqu-sz     await     %util
04:20:38 PM IST   nvme0n1      0.00      0.00      0.00      0.00      0.00      0.00      0.00      0.00
04:20:38 PM IST       sda   1123.00      4.00  23360.00      0.00     20.80      0.99      0.63     35.20

04:20:38 PM IST       DEV       tps     rkB/s     wkB/s     dkB/s   areq-sz    aqu-sz     await     %util
04:20:39 PM IST   nvme0n1      0.00      0.00      0.00      0.00      0.00      0.00      0.00      0.00
04:20:39 PM IST       sda   1153.00      0.00   6984.00      0.00      6.06      0.63      0.29     34.00

04:20:39 PM IST       DEV       tps     rkB/s     wkB/s     dkB/s   areq-sz    aqu-sz     await     %util
04:20:40 PM IST   nvme0n1      0.00      0.00      0.00      0.00      0.00      0.00      0.00      0.00
04:20:40 PM IST       sda   1190.00      0.00   7416.00      0.00      6.23      0.60      0.27     30.00

04:20:40 PM IST       DEV       tps     rkB/s     wkB/s     dkB/s   areq-sz    aqu-sz     await     %util
04:20:41 PM IST   nvme0n1      0.00      0.00      0.00      0.00      0.00      0.00      0.00      0.00
04:20:41 PM IST       sda   1175.00     20.00   7400.00      0.00      6.31      0.60      0.27     28.00

04:20:41 PM IST       DEV       tps     rkB/s     wkB/s     dkB/s   areq-sz    aqu-sz     await     %util
04:20:42 PM IST   nvme0n1      0.00      0.00      0.00      0.00      0.00      0.00      0.00      0.00
04:20:42 PM IST       sda   1194.00      0.00   7168.00      0.00      6.00      0.58      0.26     28.80

04:20:42 PM IST       DEV       tps     rkB/s     wkB/s     dkB/s   areq-sz    aqu-sz     await     %util
04:20:43 PM IST   nvme0n1      0.00      0.00      0.00      0.00      0.00      0.00      0.00      0.00
04:20:43 PM IST       sda   1177.00      0.00   7124.00      0.00      6.05      0.57      0.26     30.80

04:20:43 PM IST       DEV       tps     rkB/s     wkB/s     dkB/s   areq-sz    aqu-sz     await     %util
04:20:44 PM IST   nvme0n1      0.00      0.00      0.00      0.00      0.00      0.00      0.00      0.00
04:20:44 PM IST       sda   1216.00      0.00   7256.00      0.00      5.97      0.58      0.26     33.60

04:20:44 PM IST       DEV       tps     rkB/s     wkB/s     dkB/s   areq-sz    aqu-sz     await     %util
04:20:45 PM IST   nvme0n1      0.00      0.00      0.00      0.00      0.00      0.00      0.00      0.00
04:20:45 PM IST       sda   1129.00      0.00  23692.00      0.00     20.98      0.91      0.58     34.00

04:20:45 PM IST       DEV       tps     rkB/s     wkB/s     dkB/s   areq-sz    aqu-sz     await     %util
04:20:46 PM IST   nvme0n1      0.00      0.00      0.00      0.00      0.00      0.00      0.00      0.00
04:20:46 PM IST       sda   1262.00      0.00   7580.00      0.00      6.01      0.59      0.26     24.00

04:20:46 PM IST       DEV       tps     rkB/s     wkB/s     dkB/s   areq-sz    aqu-sz     await     %util
04:20:47 PM IST   nvme0n1      0.00      0.00      0.00      0.00      0.00      0.00      0.00      0.00
04:20:47 PM IST       sda   1183.00      0.00   7080.00      0.00      5.98      0.61      0.27     28.40

04:20:47 PM IST       DEV       tps     rkB/s     wkB/s     dkB/s   areq-sz    aqu-sz     await     %util
04:20:48 PM IST   nvme0n1      0.00      0.00      0.00      0.00      0.00      0.00      0.00      0.00
04:20:48 PM IST       sda   1161.00      0.00   7336.00      0.00      6.32      0.59      0.27     30.80

04:20:48 PM IST       DEV       tps     rkB/s     wkB/s     dkB/s   areq-sz    aqu-sz     await     %util
04:20:49 PM IST   nvme0n1      0.00      0.00      0.00      0.00      0.00      0.00      0.00      0.00
04:20:49 PM IST       sda   1157.00      0.00   7008.00      0.00      6.06      0.61      0.28     33.20

04:20:49 PM IST       DEV       tps     rkB/s     wkB/s     dkB/s   areq-sz    aqu-sz     await     %util
04:20:50 PM IST   nvme0n1      0.00      0.00      0.00      0.00      0.00      0.00      0.00      0.00
04:20:50 PM IST       sda   1186.00      0.00   7156.00      0.00      6.03      0.59      0.26     32.00

04:20:50 PM IST       DEV       tps     rkB/s     wkB/s     dkB/s   areq-sz    aqu-sz     await     %util
04:20:51 PM IST   nvme0n1      0.00      0.00      0.00      0.00      0.00      0.00      0.00      0.00
04:20:51 PM IST       sda   1162.00      0.00   7968.00      0.00      6.86      0.65      0.30     32.00

04:20:51 PM IST       DEV       tps     rkB/s     wkB/s     dkB/s   areq-sz    aqu-sz     await     %util
04:20:52 PM IST   nvme0n1      0.00      0.00      0.00      0.00      0.00      0.00      0.00      0.00
04:20:52 PM IST       sda   1123.00      0.00  23152.00      0.00     20.62      0.89      0.54     38.80

04:20:52 PM IST       DEV       tps     rkB/s     wkB/s     dkB/s   areq-sz    aqu-sz     await     %util
04:20:53 PM IST   nvme0n1      0.00      0.00      0.00      0.00      0.00      0.00      0.00      0.00
04:20:53 PM IST       sda   1151.00      0.00   6944.00      0.00      6.03      0.61      0.28     29.60

04:20:53 PM IST       DEV       tps     rkB/s     wkB/s     dkB/s   areq-sz    aqu-sz     await     %util
04:20:54 PM IST   nvme0n1      0.00      0.00      0.00      0.00      0.00      0.00      0.00      0.00
04:20:54 PM IST       sda   1138.00      0.00   7168.00      0.00      6.30      0.57      0.27     31.20

04:20:54 PM IST       DEV       tps     rkB/s     wkB/s     dkB/s   areq-sz    aqu-sz     await     %util
04:20:55 PM IST   nvme0n1      0.00      0.00      0.00      0.00      0.00      0.00      0.00      0.00
04:20:55 PM IST       sda   1176.00      8.00   7244.00      0.00      6.17      0.56      0.26     32.80

04:20:55 PM IST       DEV       tps     rkB/s     wkB/s     dkB/s   areq-sz    aqu-sz     await     %util
04:20:56 PM IST   nvme0n1      0.00      0.00      0.00      0.00      0.00      0.00      0.00      0.00
04:20:56 PM IST       sda   1174.00      0.00   7112.00      0.00      6.06      0.56      0.25     28.80

04:20:56 PM IST       DEV       tps     rkB/s     wkB/s     dkB/s   areq-sz    aqu-sz     await     %util
04:20:57 PM IST   nvme0n1      0.00      0.00      0.00      0.00      0.00      0.00      0.00      0.00
04:20:57 PM IST       sda   1219.00      0.00   7572.00      0.00      6.21      0.57      0.25     32.40

04:20:57 PM IST       DEV       tps     rkB/s     wkB/s     dkB/s   areq-sz    aqu-sz     await     %util
04:20:58 PM IST   nvme0n1      0.00      0.00      0.00      0.00      0.00      0.00      0.00      0.00
04:20:58 PM IST       sda   1178.00      0.00   7072.00      0.00      6.00      0.60      0.27     30.80

04:20:58 PM IST       DEV       tps     rkB/s     wkB/s     dkB/s   areq-sz    aqu-sz     await     %util
04:20:59 PM IST   nvme0n1      0.00      0.00      0.00      0.00      0.00      0.00      0.00      0.00
04:20:59 PM IST       sda    937.00      0.00  21932.00      0.00     23.41      0.70      0.53     25.20

04:20:59 PM IST       DEV       tps     rkB/s     wkB/s     dkB/s   areq-sz    aqu-sz     await     %util
04:21:00 PM IST   nvme0n1      0.00      0.00      0.00      0.00      0.00      0.00      0.00      0.00
04:21:00 PM IST       sda   1106.00      0.00   6712.00      0.00      6.07      0.53      0.26     24.80

04:21:00 PM IST       DEV       tps     rkB/s     wkB/s     dkB/s   areq-sz    aqu-sz     await     %util
04:21:01 PM IST   nvme0n1      0.00      0.00      0.00      0.00      0.00      0.00      0.00      0.00
04:21:01 PM IST       sda   1164.00      0.00   7236.00      0.00      6.22      0.58      0.27     35.60

04:21:01 PM IST       DEV       tps     rkB/s     wkB/s     dkB/s   areq-sz    aqu-sz     await     %util
04:21:02 PM IST   nvme0n1      0.00      0.00      0.00      0.00      0.00      0.00      0.00      0.00
04:21:02 PM IST       sda   1142.00      0.00   6912.00      0.00      6.05      0.57      0.27     26.40

04:21:02 PM IST       DEV       tps     rkB/s     wkB/s     dkB/s   areq-sz    aqu-sz     await     %util
04:21:03 PM IST   nvme0n1      0.00      0.00      0.00      0.00      0.00      0.00      0.00      0.00
04:21:03 PM IST       sda   1147.00      0.00   6936.00      0.00      6.05      0.59      0.27     33.20

04:21:03 PM IST       DEV       tps     rkB/s     wkB/s     dkB/s   areq-sz    aqu-sz     await     %util
04:21:04 PM IST   nvme0n1      0.00      0.00      0.00      0.00      0.00      0.00      0.00      0.00
04:21:04 PM IST       sda   1143.00      0.00   7260.00      0.00      6.35      0.57      0.27     28.00

04:21:04 PM IST       DEV       tps     rkB/s     wkB/s     dkB/s   areq-sz    aqu-sz     await     %util
04:21:05 PM IST   nvme0n1      0.00      0.00      0.00      0.00      0.00      0.00      0.00      0.00
04:21:05 PM IST       sda   1141.00      0.00   6880.00      0.00      6.03      0.63      0.29     36.00

04:21:05 PM IST       DEV       tps     rkB/s     wkB/s     dkB/s   areq-sz    aqu-sz     await     %util
04:21:06 PM IST   nvme0n1      0.00      0.00      0.00      0.00      0.00      0.00      0.00      0.00
04:21:06 PM IST       sda   1120.00      0.00  23396.00      0.00     20.89      0.84      0.50     35.20

04:21:06 PM IST       DEV       tps     rkB/s     wkB/s     dkB/s   areq-sz    aqu-sz     await     %util
04:21:07 PM IST   nvme0n1      0.00      0.00      0.00      0.00      0.00      0.00      0.00      0.00
04:21:07 PM IST       sda   1171.00      0.00   7320.00      0.00      6.25      0.60      0.27     32.80

04:21:07 PM IST       DEV       tps     rkB/s     wkB/s     dkB/s   areq-sz    aqu-sz     await     %util
04:21:08 PM IST   nvme0n1      0.00      0.00      0.00      0.00      0.00      0.00      0.00      0.00
04:21:08 PM IST       sda   1200.00      0.00   7152.00      0.00      5.96      0.60      0.27     37.60

04:21:08 PM IST       DEV       tps     rkB/s     wkB/s     dkB/s   areq-sz    aqu-sz     await     %util
04:21:09 PM IST   nvme0n1      0.00      0.00      0.00      0.00      0.00      0.00      0.00      0.00
04:21:09 PM IST       sda   1170.00      0.00   7088.00      0.00      6.06      0.56      0.26     28.00

04:21:09 PM IST       DEV       tps     rkB/s     wkB/s     dkB/s   areq-sz    aqu-sz     await     %util
04:21:10 PM IST   nvme0n1      0.00      0.00      0.00      0.00      0.00      0.00      0.00      0.00
04:21:10 PM IST       sda   1239.00      0.00   7600.00      0.00      6.13      0.60      0.26     34.00

04:21:10 PM IST       DEV       tps     rkB/s     wkB/s     dkB/s   areq-sz    aqu-sz     await     %util
04:21:11 PM IST   nvme0n1      0.00      0.00      0.00      0.00      0.00      0.00      0.00      0.00
04:21:11 PM IST       sda   1183.00     28.00   7344.00      0.00      6.23      0.57      0.26     31.20

04:21:11 PM IST       DEV       tps     rkB/s     wkB/s     dkB/s   areq-sz    aqu-sz     await     %util
04:21:12 PM IST   nvme0n1      0.00      0.00      0.00      0.00      0.00      0.00      0.00      0.00
04:21:12 PM IST       sda   1164.00      0.00   7092.00      0.00      6.09      0.61      0.28     33.20

04:21:12 PM IST       DEV       tps     rkB/s     wkB/s     dkB/s   areq-sz    aqu-sz     await     %util
04:21:13 PM IST   nvme0n1      0.00      0.00      0.00      0.00      0.00      0.00      0.00      0.00
04:21:13 PM IST       sda   1166.00      0.00  23324.00      0.00     20.00      0.81      0.47     34.00

04:21:13 PM IST       DEV       tps     rkB/s     wkB/s     dkB/s   areq-sz    aqu-sz     await     %util
04:21:14 PM IST   nvme0n1      0.00      0.00      0.00      0.00      0.00      0.00      0.00      0.00
04:21:14 PM IST       sda   1194.00      0.00   7428.00      0.00      6.22      0.58      0.26     28.40

04:21:14 PM IST       DEV       tps     rkB/s     wkB/s     dkB/s   areq-sz    aqu-sz     await     %util
04:21:15 PM IST   nvme0n1      0.00      0.00      0.00      0.00      0.00      0.00      0.00      0.00
04:21:15 PM IST       sda   1177.00      0.00   7184.00      0.00      6.10      0.62      0.28     31.20

04:21:15 PM IST       DEV       tps     rkB/s     wkB/s     dkB/s   areq-sz    aqu-sz     await     %util
04:21:16 PM IST   nvme0n1      0.00      0.00      0.00      0.00      0.00      0.00      0.00      0.00
04:21:16 PM IST       sda   1286.00      0.00   7816.00      0.00      6.08      0.64      0.27     30.80

04:21:16 PM IST       DEV       tps     rkB/s     wkB/s     dkB/s   areq-sz    aqu-sz     await     %util
04:21:17 PM IST   nvme0n1      0.00      0.00      0.00      0.00      0.00      0.00      0.00      0.00
04:21:17 PM IST       sda   1161.00      0.00   7280.00      0.00      6.27      0.58      0.27     30.80

04:21:17 PM IST       DEV       tps     rkB/s     wkB/s     dkB/s   areq-sz    aqu-sz     await     %util
04:21:18 PM IST   nvme0n1      0.00      0.00      0.00      0.00      0.00      0.00      0.00      0.00
04:21:18 PM IST       sda   1134.00      0.00   6936.00      0.00      6.12      0.61      0.29     33.60

04:21:18 PM IST       DEV       tps     rkB/s     wkB/s     dkB/s   areq-sz    aqu-sz     await     %util
04:21:19 PM IST   nvme0n1      0.00      0.00      0.00      0.00      0.00      0.00      0.00      0.00
04:21:19 PM IST       sda   1142.00      0.00   6896.00      0.00      6.04      0.66      0.30     34.00

04:21:19 PM IST       DEV       tps     rkB/s     wkB/s     dkB/s   areq-sz    aqu-sz     await     %util
04:21:20 PM IST   nvme0n1      0.00      0.00      0.00      0.00      0.00      0.00      0.00      0.00
04:21:20 PM IST       sda   1144.00      0.00  23432.00      0.00     20.48      0.88      0.53     37.20

04:21:20 PM IST       DEV       tps     rkB/s     wkB/s     dkB/s   areq-sz    aqu-sz     await     %util
04:21:21 PM IST   nvme0n1      0.00      0.00      0.00      0.00      0.00      0.00      0.00      0.00
04:21:21 PM IST       sda   1148.00      0.00   7352.00      0.00      6.40      0.60      0.28     35.60

04:21:21 PM IST       DEV       tps     rkB/s     wkB/s     dkB/s   areq-sz    aqu-sz     await     %util
04:21:22 PM IST   nvme0n1      0.00      0.00      0.00      0.00      0.00      0.00      0.00      0.00
04:21:22 PM IST       sda   1152.00      0.00   6984.00      0.00      6.06      0.55      0.26     31.60

04:21:22 PM IST       DEV       tps     rkB/s     wkB/s     dkB/s   areq-sz    aqu-sz     await     %util
04:21:23 PM IST   nvme0n1      0.00      0.00      0.00      0.00      0.00      0.00      0.00      0.00
04:21:23 PM IST       sda   1174.00      0.00   7224.00      0.00      6.15      0.56      0.25     34.00

04:21:23 PM IST       DEV       tps     rkB/s     wkB/s     dkB/s   areq-sz    aqu-sz     await     %util
04:21:24 PM IST   nvme0n1      0.00      0.00      0.00      0.00      0.00      0.00      0.00      0.00
04:21:24 PM IST       sda   1203.00      4.00   7268.00      0.00      6.04      0.57      0.26     29.20

04:21:24 PM IST       DEV       tps     rkB/s     wkB/s     dkB/s   areq-sz    aqu-sz     await     %util
04:21:25 PM IST   nvme0n1      0.00      0.00      0.00      0.00      0.00      0.00      0.00      0.00
04:21:25 PM IST       sda   1327.00      0.00   7668.00      0.00      5.78      0.69      0.27     38.80

04:21:25 PM IST       DEV       tps     rkB/s     wkB/s     dkB/s   areq-sz    aqu-sz     await     %util
04:21:26 PM IST   nvme0n1      0.00      0.00      0.00      0.00      0.00      0.00      0.00      0.00
04:21:26 PM IST       sda   1412.00      0.00   8384.00      0.00      5.94      0.68      0.26     39.60

04:21:26 PM IST       DEV       tps     rkB/s     wkB/s     dkB/s   areq-sz    aqu-sz     await     %util
04:21:27 PM IST   nvme0n1      0.00      0.00      0.00      0.00      0.00      0.00      0.00      0.00
04:21:27 PM IST       sda   1165.00      4.00  23304.00      0.00     20.01      0.80      0.47     33.20

04:21:27 PM IST       DEV       tps     rkB/s     wkB/s     dkB/s   areq-sz    aqu-sz     await     %util
04:21:28 PM IST   nvme0n1      0.00      0.00      0.00      0.00      0.00      0.00      0.00      0.00
04:21:28 PM IST       sda   1158.00      0.00   6988.00      0.00      6.03      0.62      0.28     38.40

04:21:28 PM IST       DEV       tps     rkB/s     wkB/s     dkB/s   areq-sz    aqu-sz     await     %util
04:21:29 PM IST   nvme0n1      0.00      0.00      0.00      0.00      0.00      0.00      0.00      0.00
04:21:29 PM IST       sda   1170.00      0.00   7088.00      0.00      6.06      0.58      0.26     32.00

04:21:29 PM IST       DEV       tps     rkB/s     wkB/s     dkB/s   areq-sz    aqu-sz     await     %util
04:21:30 PM IST   nvme0n1      0.00      0.00      0.00      0.00      0.00      0.00      0.00      0.00
04:21:30 PM IST       sda   1187.00      0.00   7360.00      0.00      6.20      0.60      0.27     36.00

04:21:30 PM IST       DEV       tps     rkB/s     wkB/s     dkB/s   areq-sz    aqu-sz     await     %util
04:21:31 PM IST   nvme0n1      0.00      0.00      0.00      0.00      0.00      0.00      0.00      0.00
04:21:31 PM IST       sda   1182.00      0.00   7380.00      0.00      6.24      0.61      0.28     33.20

04:21:31 PM IST       DEV       tps     rkB/s     wkB/s     dkB/s   areq-sz    aqu-sz     await     %util
04:21:32 PM IST   nvme0n1      0.00      0.00      0.00      0.00      0.00      0.00      0.00      0.00
04:21:32 PM IST       sda   1155.00      0.00   6996.00      0.00      6.06      0.65      0.30     34.80

04:21:32 PM IST       DEV       tps     rkB/s     wkB/s     dkB/s   areq-sz    aqu-sz     await     %util
04:21:33 PM IST   nvme0n1      0.00      0.00      0.00      0.00      0.00      0.00      0.00      0.00
04:21:33 PM IST       sda   1149.50      0.00   7196.04      0.00      6.26      0.62      0.29     30.50

04:21:33 PM IST       DEV       tps     rkB/s     wkB/s     dkB/s   areq-sz    aqu-sz     await     %util
04:21:34 PM IST   nvme0n1      0.00      0.00      0.00      0.00      0.00      0.00      0.00      0.00
04:21:34 PM IST       sda   1177.00      0.00  23304.00      0.00     19.80      1.04      0.65     36.80

04:21:34 PM IST       DEV       tps     rkB/s     wkB/s     dkB/s   areq-sz    aqu-sz     await     %util
04:21:35 PM IST   nvme0n1      0.00      0.00      0.00      0.00      0.00      0.00      0.00      0.00
04:21:35 PM IST       sda   1177.00      0.00   7208.00      0.00      6.12      0.59      0.27     34.40

04:21:35 PM IST       DEV       tps     rkB/s     wkB/s     dkB/s   areq-sz    aqu-sz     await     %util
04:21:36 PM IST   nvme0n1      0.00      0.00      0.00      0.00      0.00      0.00      0.00      0.00
04:21:36 PM IST       sda   1192.00      0.00   7420.00      0.00      6.22      0.58      0.26     34.40

04:21:36 PM IST       DEV       tps     rkB/s     wkB/s     dkB/s   areq-sz    aqu-sz     await     %util
04:21:37 PM IST   nvme0n1      0.00      0.00      0.00      0.00      0.00      0.00      0.00      0.00
04:21:37 PM IST       sda   1206.00      0.00   7472.00      0.00      6.20      0.57      0.25     28.00

04:21:37 PM IST       DEV       tps     rkB/s     wkB/s     dkB/s   areq-sz    aqu-sz     await     %util
04:21:38 PM IST   nvme0n1      0.00      0.00      0.00      0.00      0.00      0.00      0.00      0.00
04:21:38 PM IST       sda   1172.00      0.00   7064.00      0.00      6.03      0.58      0.26     32.40

04:21:38 PM IST       DEV       tps     rkB/s     wkB/s     dkB/s   areq-sz    aqu-sz     await     %util
04:21:39 PM IST   nvme0n1      0.00      0.00      0.00      0.00      0.00      0.00      0.00      0.00
04:21:39 PM IST       sda   1195.00      0.00   7560.00      0.00      6.33      0.59      0.26     32.40

04:21:39 PM IST       DEV       tps     rkB/s     wkB/s     dkB/s   areq-sz    aqu-sz     await     %util
04:21:40 PM IST   nvme0n1      0.00      0.00      0.00      0.00      0.00      0.00      0.00      0.00
04:21:40 PM IST       sda   1168.00      0.00   7064.00      0.00      6.05      0.56      0.26     30.00

04:21:40 PM IST       DEV       tps     rkB/s     wkB/s     dkB/s   areq-sz    aqu-sz     await     %util
04:21:41 PM IST   nvme0n1      0.00      0.00      0.00      0.00      0.00      0.00      0.00      0.00
04:21:41 PM IST       sda   1157.00      0.00  23244.00      0.00     20.09      0.85      0.50     35.60

04:21:41 PM IST       DEV       tps     rkB/s     wkB/s     dkB/s   areq-sz    aqu-sz     await     %util
04:21:42 PM IST   nvme0n1      0.00      0.00      0.00      0.00      0.00      0.00      0.00      0.00
04:21:42 PM IST       sda   1149.00      0.00   7216.00      0.00      6.28      0.58      0.27     25.60

04:21:42 PM IST       DEV       tps     rkB/s     wkB/s     dkB/s   areq-sz    aqu-sz     await     %util
04:21:43 PM IST   nvme0n1      0.00      0.00      0.00      0.00      0.00      0.00      0.00      0.00
04:21:43 PM IST       sda   1162.00      0.00   7240.00      0.00      6.23      0.60      0.27     24.80

04:21:43 PM IST       DEV       tps     rkB/s     wkB/s     dkB/s   areq-sz    aqu-sz     await     %util
04:21:44 PM IST   nvme0n1      0.00      0.00      0.00      0.00      0.00      0.00      0.00      0.00
04:21:44 PM IST       sda   1185.00      0.00   7168.00      0.00      6.05      0.58      0.26     33.20

04:21:44 PM IST       DEV       tps     rkB/s     wkB/s     dkB/s   areq-sz    aqu-sz     await     %util
04:21:45 PM IST   nvme0n1      0.00      0.00      0.00      0.00      0.00      0.00      0.00      0.00
04:21:45 PM IST       sda   1151.00      0.00   6912.00      0.00      6.01      0.64      0.29     35.60

04:21:45 PM IST       DEV       tps     rkB/s     wkB/s     dkB/s   areq-sz    aqu-sz     await     %util
04:21:46 PM IST   nvme0n1      0.00      0.00      0.00      0.00      0.00      0.00      0.00      0.00
04:21:46 PM IST       sda   1158.00      0.00   7332.00      0.00      6.33      0.61      0.28     32.00

04:21:46 PM IST       DEV       tps     rkB/s     wkB/s     dkB/s   areq-sz    aqu-sz     await     %util
04:21:47 PM IST   nvme0n1      0.00      0.00      0.00      0.00      0.00      0.00      0.00      0.00
04:21:47 PM IST       sda   1266.00     24.00   7712.00      0.00      6.11      0.65      0.28     36.40

04:21:47 PM IST       DEV       tps     rkB/s     wkB/s     dkB/s   areq-sz    aqu-sz     await     %util
04:21:48 PM IST   nvme0n1      0.00      0.00      0.00      0.00      0.00      0.00      0.00      0.00
04:21:48 PM IST       sda   1159.00      0.00  23252.00      0.00     20.06      0.99      0.62     36.80

04:21:48 PM IST       DEV       tps     rkB/s     wkB/s     dkB/s   areq-sz    aqu-sz     await     %util
04:21:49 PM IST   nvme0n1      0.00      0.00      0.00      0.00      0.00      0.00      0.00      0.00
04:21:49 PM IST       sda   1174.00      0.00   7360.00      0.00      6.27      0.56      0.26     34.80

04:21:49 PM IST       DEV       tps     rkB/s     wkB/s     dkB/s   areq-sz    aqu-sz     await     %util
04:21:50 PM IST   nvme0n1      0.00      0.00      0.00      0.00      0.00      0.00      0.00      0.00
04:21:50 PM IST       sda   1208.00      0.00   7224.00      0.00      5.98      0.58      0.26     34.00

04:21:50 PM IST       DEV       tps     rkB/s     wkB/s     dkB/s   areq-sz    aqu-sz     await     %util
04:21:51 PM IST   nvme0n1      0.00      0.00      0.00      0.00      0.00      0.00      0.00      0.00
04:21:51 PM IST       sda   1226.00      0.00   7304.00      0.00      5.96      0.57      0.25     32.80

04:21:51 PM IST       DEV       tps     rkB/s     wkB/s     dkB/s   areq-sz    aqu-sz     await     %util
04:21:52 PM IST   nvme0n1      0.00      0.00      0.00      0.00      0.00      0.00      0.00      0.00
04:21:52 PM IST       sda   1160.00      0.00   7356.00      0.00      6.34      0.61      0.29     30.40

04:21:52 PM IST       DEV       tps     rkB/s     wkB/s     dkB/s   areq-sz    aqu-sz     await     %util
04:21:53 PM IST   nvme0n1      0.00      0.00      0.00      0.00      0.00      0.00      0.00      0.00
04:21:53 PM IST       sda   1188.00      0.00   7172.00      0.00      6.04      0.57      0.26     32.40

04:21:53 PM IST       DEV       tps     rkB/s     wkB/s     dkB/s   areq-sz    aqu-sz     await     %util
04:21:54 PM IST   nvme0n1      0.00      0.00      0.00      0.00      0.00      0.00      0.00      0.00
04:21:54 PM IST       sda   1177.00     20.00  15160.00      0.00     12.90      0.66      0.33     29.60

04:21:54 PM IST       DEV       tps     rkB/s     wkB/s     dkB/s   areq-sz    aqu-sz     await     %util
04:21:55 PM IST   nvme0n1      0.00      0.00      0.00      0.00      0.00      0.00      0.00      0.00
04:21:55 PM IST       sda   1170.00      0.00  15632.00      0.00     13.36      0.73      0.38     29.20

04:21:55 PM IST       DEV       tps     rkB/s     wkB/s     dkB/s   areq-sz    aqu-sz     await     %util
04:21:56 PM IST   nvme0n1      0.00      0.00      0.00      0.00      0.00      0.00      0.00      0.00
04:21:56 PM IST       sda   1200.00      0.00   7264.00      0.00      6.05      0.61      0.27     36.40

04:21:56 PM IST       DEV       tps     rkB/s     wkB/s     dkB/s   areq-sz    aqu-sz     await     %util
04:21:57 PM IST   nvme0n1      0.00      0.00      0.00      0.00      0.00      0.00      0.00      0.00
04:21:57 PM IST       sda   1185.00      0.00   7360.00      0.00      6.21      0.58      0.26     30.40

04:21:57 PM IST       DEV       tps     rkB/s     wkB/s     dkB/s   areq-sz    aqu-sz     await     %util
04:21:58 PM IST   nvme0n1      0.00      0.00      0.00      0.00      0.00      0.00      0.00      0.00
04:21:58 PM IST       sda   1170.00      0.00   7024.00      0.00      6.00      0.63      0.28     35.60

04:21:58 PM IST       DEV       tps     rkB/s     wkB/s     dkB/s   areq-sz    aqu-sz     await     %util
04:21:59 PM IST   nvme0n1      0.00      0.00      0.00      0.00      0.00      0.00      0.00      0.00
04:21:59 PM IST       sda    884.00      0.00   5568.00      0.00      6.30      0.49      0.30     28.00

04:21:59 PM IST       DEV       tps     rkB/s     wkB/s     dkB/s   areq-sz    aqu-sz     await     %util
04:22:00 PM IST   nvme0n1      0.00      0.00      0.00      0.00      0.00      0.00      0.00      0.00
04:22:00 PM IST       sda   1083.00      0.00   6620.00      0.00      6.11      0.59      0.29     31.20

04:22:00 PM IST       DEV       tps     rkB/s     wkB/s     dkB/s   areq-sz    aqu-sz     await     %util
04:22:01 PM IST   nvme0n1      0.00      0.00      0.00      0.00      0.00      0.00      0.00      0.00
04:22:01 PM IST       sda   1112.00      0.00   6760.00      0.00      6.08      0.60      0.29     32.40

04:22:01 PM IST       DEV       tps     rkB/s     wkB/s     dkB/s   areq-sz    aqu-sz     await     %util
04:22:02 PM IST   nvme0n1      0.00      0.00      0.00      0.00      0.00      0.00      0.00      0.00
04:22:02 PM IST       sda   1205.00      0.00  23956.00      0.00     19.88      0.90      0.53     32.80

04:22:02 PM IST       DEV       tps     rkB/s     wkB/s     dkB/s   areq-sz    aqu-sz     await     %util
04:22:03 PM IST   nvme0n1      0.00      0.00      0.00      0.00      0.00      0.00      0.00      0.00
04:22:03 PM IST       sda   1143.00      0.00   6912.00      0.00      6.05      0.54      0.25     27.60

04:22:03 PM IST       DEV       tps     rkB/s     wkB/s     dkB/s   areq-sz    aqu-sz     await     %util
04:22:04 PM IST   nvme0n1      0.00      0.00      0.00      0.00      0.00      0.00      0.00      0.00
04:22:04 PM IST       sda   1152.00      0.00   6984.00      0.00      6.06      0.55      0.25     34.00

04:22:04 PM IST       DEV       tps     rkB/s     wkB/s     dkB/s   areq-sz    aqu-sz     await     %util
04:22:05 PM IST   nvme0n1      0.00      0.00      0.00      0.00      0.00      0.00      0.00      0.00
04:22:05 PM IST       sda   1176.00      0.00   7304.00      0.00      6.21      0.56      0.25     31.60

04:22:05 PM IST       DEV       tps     rkB/s     wkB/s     dkB/s   areq-sz    aqu-sz     await     %util
04:22:06 PM IST   nvme0n1      0.00      0.00      0.00      0.00      0.00      0.00      0.00      0.00
04:22:06 PM IST       sda   1179.00      0.00   7204.00      0.00      6.11      0.60      0.27     30.40

04:22:06 PM IST       DEV       tps     rkB/s     wkB/s     dkB/s   areq-sz    aqu-sz     await     %util
04:22:07 PM IST   nvme0n1      0.00      0.00      0.00      0.00      0.00      0.00      0.00      0.00
04:22:07 PM IST       sda   1186.00      0.00   7424.00      0.00      6.26      0.56      0.25     29.60

04:22:07 PM IST       DEV       tps     rkB/s     wkB/s     dkB/s   areq-sz    aqu-sz     await     %util
04:22:08 PM IST   nvme0n1      0.00      0.00      0.00      0.00      0.00      0.00      0.00      0.00
04:22:08 PM IST       sda   1207.00      8.00   7520.00      0.00      6.24      0.58      0.26     28.80

04:22:08 PM IST       DEV       tps     rkB/s     wkB/s     dkB/s   areq-sz    aqu-sz     await     %util
04:22:09 PM IST   nvme0n1      0.00      0.00      0.00      0.00      0.00      0.00      0.00      0.00
04:22:09 PM IST       sda   1124.00      0.00  23136.00      0.00     20.58      0.86      0.53     31.20

04:22:09 PM IST       DEV       tps     rkB/s     wkB/s     dkB/s   areq-sz    aqu-sz     await     %util
04:22:10 PM IST   nvme0n1      0.00      0.00      0.00      0.00      0.00      0.00      0.00      0.00
04:22:10 PM IST       sda   1158.00      0.00   7016.00      0.00      6.06      0.58      0.27     30.00

04:22:10 PM IST       DEV       tps     rkB/s     wkB/s     dkB/s   areq-sz    aqu-sz     await     %util
04:22:11 PM IST   nvme0n1      0.00      0.00      0.00      0.00      0.00      0.00      0.00      0.00
04:22:11 PM IST       sda   1166.00      0.00   7056.00      0.00      6.05      0.58      0.26     34.40

04:22:11 PM IST       DEV       tps     rkB/s     wkB/s     dkB/s   areq-sz    aqu-sz     await     %util
04:22:12 PM IST   nvme0n1      0.00      0.00      0.00      0.00      0.00      0.00      0.00      0.00
04:22:12 PM IST       sda   1188.00      4.00   7564.00      0.00      6.37      0.63      0.28     32.00

04:22:12 PM IST       DEV       tps     rkB/s     wkB/s     dkB/s   areq-sz    aqu-sz     await     %util
04:22:13 PM IST   nvme0n1      0.00      0.00      0.00      0.00      0.00      0.00      0.00      0.00
04:22:13 PM IST       sda   1164.00      0.00   7044.00      0.00      6.05      0.64      0.29     34.00

04:22:13 PM IST       DEV       tps     rkB/s     wkB/s     dkB/s   areq-sz    aqu-sz     await     %util
04:22:14 PM IST   nvme0n1      0.00      0.00      0.00      0.00      0.00      0.00      0.00      0.00
04:22:14 PM IST       sda   1144.00      0.00   6952.00      0.00      6.08      0.62      0.29     33.20

04:22:14 PM IST       DEV       tps     rkB/s     wkB/s     dkB/s   areq-sz    aqu-sz     await     %util
04:22:15 PM IST   nvme0n1      0.00      0.00      0.00      0.00      0.00      0.00      0.00      0.00
04:22:15 PM IST       sda   1169.00      0.00   7324.00      0.00      6.27      0.64      0.29     33.20

04:22:15 PM IST       DEV       tps     rkB/s     wkB/s     dkB/s   areq-sz    aqu-sz     await     %util
04:22:16 PM IST   nvme0n1      0.00      0.00      0.00      0.00      0.00      0.00      0.00      0.00
04:22:16 PM IST       sda   1139.00      0.00  23184.00      0.00     20.35      0.86      0.53     34.80

04:22:16 PM IST       DEV       tps     rkB/s     wkB/s     dkB/s   areq-sz    aqu-sz     await     %util
04:22:17 PM IST   nvme0n1      0.00      0.00      0.00      0.00      0.00      0.00      0.00      0.00
04:22:17 PM IST       sda   1207.00      0.00   7224.00      0.00      5.99      0.58      0.25     28.00

04:22:17 PM IST       DEV       tps     rkB/s     wkB/s     dkB/s   areq-sz    aqu-sz     await     %util
04:22:18 PM IST   nvme0n1      0.00      0.00      0.00      0.00      0.00      0.00      0.00      0.00
04:22:18 PM IST       sda   1198.00      0.00   7392.00      0.00      6.17      0.56      0.25     30.80

04:22:18 PM IST       DEV       tps     rkB/s     wkB/s     dkB/s   areq-sz    aqu-sz     await     %util
04:22:19 PM IST   nvme0n1      0.00      0.00      0.00      0.00      0.00      0.00      0.00      0.00
04:22:19 PM IST       sda   1202.00      0.00   7240.00      0.00      6.02      0.60      0.27     38.00

04:22:19 PM IST       DEV       tps     rkB/s     wkB/s     dkB/s   areq-sz    aqu-sz     await     %util
04:22:20 PM IST   nvme0n1      0.00      0.00      0.00      0.00      0.00      0.00      0.00      0.00
04:22:20 PM IST       sda   1196.00      0.00   7184.00      0.00      6.01      0.57      0.25     31.20

04:22:20 PM IST       DEV       tps     rkB/s     wkB/s     dkB/s   areq-sz    aqu-sz     await     %util
04:22:21 PM IST   nvme0n1      0.00      0.00      0.00      0.00      0.00      0.00      0.00      0.00
04:22:21 PM IST       sda   1232.00      0.00   7628.00      0.00      6.19      0.59      0.26     34.80

04:22:21 PM IST       DEV       tps     rkB/s     wkB/s     dkB/s   areq-sz    aqu-sz     await     %util
04:22:22 PM IST   nvme0n1      0.00      0.00      0.00      0.00      0.00      0.00      0.00      0.00
04:22:22 PM IST       sda   1156.00      0.00   6992.00      0.00      6.05      0.56      0.26     29.20

04:22:22 PM IST       DEV       tps     rkB/s     wkB/s     dkB/s   areq-sz    aqu-sz     await     %util
04:22:23 PM IST   nvme0n1      0.00      0.00      0.00      0.00      0.00      0.00      0.00      0.00
04:22:23 PM IST       sda   1151.00      0.00  23512.00      0.00     20.43      0.86      0.52     32.80

04:22:23 PM IST       DEV       tps     rkB/s     wkB/s     dkB/s   areq-sz    aqu-sz     await     %util
04:22:24 PM IST   nvme0n1      0.00      0.00      0.00      0.00      0.00      0.00      0.00      0.00
04:22:24 PM IST       sda   1202.00      0.00   7428.00      0.00      6.18      0.61      0.27     36.00

04:22:24 PM IST       DEV       tps     rkB/s     wkB/s     dkB/s   areq-sz    aqu-sz     await     %util
04:22:25 PM IST   nvme0n1      0.00      0.00      0.00      0.00      0.00      0.00      0.00      0.00
04:22:25 PM IST       sda   1264.00      0.00   7352.00      0.00      5.82      0.66      0.28     35.20

04:22:25 PM IST       DEV       tps     rkB/s     wkB/s     dkB/s   areq-sz    aqu-sz     await     %util
04:22:26 PM IST   nvme0n1      0.00      0.00      0.00      0.00      0.00      0.00      0.00      0.00
04:22:26 PM IST       sda   1322.00      0.00   7784.00      0.00      5.89      0.75      0.30     35.60

04:22:26 PM IST       DEV       tps     rkB/s     wkB/s     dkB/s   areq-sz    aqu-sz     await     %util
04:22:27 PM IST   nvme0n1      0.00      0.00      0.00      0.00      0.00      0.00      0.00      0.00
04:22:27 PM IST       sda   1196.00      0.00   7136.00      0.00      5.97      0.66      0.30     35.20

04:22:27 PM IST       DEV       tps     rkB/s     wkB/s     dkB/s   areq-sz    aqu-sz     await     %util
04:22:28 PM IST   nvme0n1      0.00      0.00      0.00      0.00      0.00      0.00      0.00      0.00
04:22:28 PM IST       sda   1177.00      4.00   7556.00      0.00      6.42      0.63      0.29     29.20

04:22:28 PM IST       DEV       tps     rkB/s     wkB/s     dkB/s   areq-sz    aqu-sz     await     %util
04:22:29 PM IST   nvme0n1      0.00      0.00      0.00      0.00      0.00      0.00      0.00      0.00
04:22:29 PM IST       sda   1306.00      0.00   8216.00      0.00      6.29      0.72      0.31     36.40

04:22:29 PM IST       DEV       tps     rkB/s     wkB/s     dkB/s   areq-sz    aqu-sz     await     %util
04:22:30 PM IST   nvme0n1      0.00      0.00      0.00      0.00      0.00      0.00      0.00      0.00
04:22:30 PM IST       sda   1134.00      0.00   6888.00      0.00      6.07      0.58      0.27     30.40

04:22:30 PM IST       DEV       tps     rkB/s     wkB/s     dkB/s   areq-sz    aqu-sz     await     %util
04:22:31 PM IST   nvme0n1      0.00      0.00      0.00      0.00      0.00      0.00      0.00      0.00
04:22:31 PM IST       sda   1183.00      0.00   7072.00      0.00      5.98      0.57      0.26     32.40

04:22:31 PM IST       DEV       tps     rkB/s     wkB/s     dkB/s   areq-sz    aqu-sz     await     %util
04:22:32 PM IST   nvme0n1      0.00      0.00      0.00      0.00      0.00      0.00      0.00      0.00
04:22:32 PM IST       sda   1201.00      0.00   7324.00      0.00      6.10      0.57      0.26     30.40

04:22:32 PM IST       DEV       tps     rkB/s     wkB/s     dkB/s   areq-sz    aqu-sz     await     %util
04:22:33 PM IST   nvme0n1      0.00      0.00      0.00      0.00      0.00      0.00      0.00      0.00
04:22:33 PM IST       sda   1209.00      0.00   7224.00      0.00      5.98      0.57      0.25     27.20

04:22:33 PM IST       DEV       tps     rkB/s     wkB/s     dkB/s   areq-sz    aqu-sz     await     %util
04:22:34 PM IST   nvme0n1      0.00      0.00      0.00      0.00      0.00      0.00      0.00      0.00
04:22:34 PM IST       sda   1266.00      0.00   7532.00      0.00      5.95      0.62      0.27     33.20

04:22:34 PM IST       DEV       tps     rkB/s     wkB/s     dkB/s   areq-sz    aqu-sz     await     %util
04:22:35 PM IST   nvme0n1      0.00      0.00      0.00      0.00      0.00      0.00      0.00      0.00
04:22:35 PM IST       sda   1165.00      0.00   7048.00      0.00      6.05      0.56      0.25     28.80

04:22:35 PM IST       DEV       tps     rkB/s     wkB/s     dkB/s   areq-sz    aqu-sz     await     %util
04:22:36 PM IST   nvme0n1      0.00      0.00      0.00      0.00      0.00      0.00      0.00      0.00
04:22:36 PM IST       sda   1183.00      0.00   7104.00      0.00      6.01      0.57      0.26     26.40

04:22:36 PM IST       DEV       tps     rkB/s     wkB/s     dkB/s   areq-sz    aqu-sz     await     %util
04:22:37 PM IST   nvme0n1      0.00      0.00      0.00      0.00      0.00      0.00      0.00      0.00
04:22:37 PM IST       sda   1205.00      0.00   7232.00      0.00      6.00      0.58      0.26     27.60

04:22:37 PM IST       DEV       tps     rkB/s     wkB/s     dkB/s   areq-sz    aqu-sz     await     %util
04:22:38 PM IST   nvme0n1      0.00      0.00      0.00      0.00      0.00      0.00      0.00      0.00
04:22:38 PM IST       sda   1183.00      0.00   7116.00      0.00      6.02      0.58      0.26     29.60

04:22:38 PM IST       DEV       tps     rkB/s     wkB/s     dkB/s   areq-sz    aqu-sz     await     %util
04:22:39 PM IST   nvme0n1      0.00      0.00      0.00      0.00      0.00      0.00      0.00      0.00
04:22:39 PM IST       sda   1163.00      0.00   7060.00      0.00      6.07      0.59      0.27     37.60

04:22:39 PM IST       DEV       tps     rkB/s     wkB/s     dkB/s   areq-sz    aqu-sz     await     %util
04:22:40 PM IST   nvme0n1      0.00      0.00      0.00      0.00      0.00      0.00      0.00      0.00
04:22:40 PM IST       sda   1148.00      4.00  16316.00      0.00     14.22      0.71      0.38     34.80

04:22:40 PM IST       DEV       tps     rkB/s     wkB/s     dkB/s   areq-sz    aqu-sz     await     %util
04:22:41 PM IST   nvme0n1      0.00      0.00      0.00      0.00      0.00      0.00      0.00      0.00
04:22:41 PM IST       sda   1135.00      0.00   7056.00      0.00      6.22      0.61      0.29     30.40

04:22:41 PM IST       DEV       tps     rkB/s     wkB/s     dkB/s   areq-sz    aqu-sz     await     %util
04:22:42 PM IST   nvme0n1      0.00      0.00      0.00      0.00      0.00      0.00      0.00      0.00
04:22:42 PM IST       sda   1135.00      0.00   6888.00      0.00      6.07      0.62      0.29     35.20

04:22:42 PM IST       DEV       tps     rkB/s     wkB/s     dkB/s   areq-sz    aqu-sz     await     %util
04:22:43 PM IST   nvme0n1      0.00      0.00      0.00      0.00      0.00      0.00      0.00      0.00
04:22:43 PM IST       sda   1154.00      0.00   6968.00      0.00      6.04      0.63      0.29     34.00

04:22:43 PM IST       DEV       tps     rkB/s     wkB/s     dkB/s   areq-sz    aqu-sz     await     %util
04:22:44 PM IST   nvme0n1      0.00      0.00      0.00      0.00      0.00      0.00      0.00      0.00
04:22:44 PM IST       sda   1143.00      0.00   6968.00      0.00      6.10      0.63      0.29     30.80

04:22:44 PM IST       DEV       tps     rkB/s     wkB/s     dkB/s   areq-sz    aqu-sz     await     %util
04:22:45 PM IST   nvme0n1      0.00      0.00      0.00      0.00      0.00      0.00      0.00      0.00
04:22:45 PM IST       sda   1167.00      0.00   7112.00      0.00      6.09      0.60      0.28     30.00

04:22:45 PM IST       DEV       tps     rkB/s     wkB/s     dkB/s   areq-sz    aqu-sz     await     %util
04:22:46 PM IST   nvme0n1      0.00      0.00      0.00      0.00      0.00      0.00      0.00      0.00
04:22:46 PM IST       sda   1178.00      0.00   7064.00      0.00      6.00      0.59      0.27     32.80

04:22:46 PM IST       DEV       tps     rkB/s     wkB/s     dkB/s   areq-sz    aqu-sz     await     %util
04:22:47 PM IST   nvme0n1      0.00      0.00      0.00      0.00      0.00      0.00      0.00      0.00
04:22:47 PM IST       sda   1184.00      0.00   7120.00      0.00      6.01      0.56      0.25     31.20

04:22:47 PM IST       DEV       tps     rkB/s     wkB/s     dkB/s   areq-sz    aqu-sz     await     %util
04:22:48 PM IST   nvme0n1      0.00      0.00      0.00      0.00      0.00      0.00      0.00      0.00
04:22:48 PM IST       sda   1187.00      0.00   7160.00      0.00      6.03      0.57      0.26     24.00

04:22:48 PM IST       DEV       tps     rkB/s     wkB/s     dkB/s   areq-sz    aqu-sz     await     %util
04:22:49 PM IST   nvme0n1      0.00      0.00      0.00      0.00      0.00      0.00      0.00      0.00
04:22:49 PM IST       sda   1189.00      0.00   7176.00      0.00      6.04      0.57      0.25     27.60

04:22:49 PM IST       DEV       tps     rkB/s     wkB/s     dkB/s   areq-sz    aqu-sz     await     %util
04:22:50 PM IST   nvme0n1      0.00      0.00      0.00      0.00      0.00      0.00      0.00      0.00
04:22:50 PM IST       sda   1199.00      0.00   7152.00      0.00      5.96      0.60      0.27     33.20

04:22:50 PM IST       DEV       tps     rkB/s     wkB/s     dkB/s   areq-sz    aqu-sz     await     %util
04:22:51 PM IST   nvme0n1      0.00      0.00      0.00      0.00      0.00      0.00      0.00      0.00
04:22:51 PM IST       sda   1196.00      0.00   7168.00      0.00      5.99      0.58      0.26     30.40

04:22:51 PM IST       DEV       tps     rkB/s     wkB/s     dkB/s   areq-sz    aqu-sz     await     %util
04:22:52 PM IST   nvme0n1      0.00      0.00      0.00      0.00      0.00      0.00      0.00      0.00
04:22:52 PM IST       sda   1177.00      0.00   7116.00      0.00      6.05      0.56      0.25     29.20

04:22:52 PM IST       DEV       tps     rkB/s     wkB/s     dkB/s   areq-sz    aqu-sz     await     %util
04:22:53 PM IST   nvme0n1      0.00      0.00      0.00      0.00      0.00      0.00      0.00      0.00
04:22:53 PM IST       sda   1221.00      0.00   7356.00      0.00      6.02      0.59      0.26     29.60

04:22:53 PM IST       DEV       tps     rkB/s     wkB/s     dkB/s   areq-sz    aqu-sz     await     %util
04:22:54 PM IST   nvme0n1      0.00      0.00      0.00      0.00      0.00      0.00      0.00      0.00
04:22:54 PM IST       sda   1168.00      0.00   7120.00      0.00      6.10      0.58      0.27     33.20

04:22:54 PM IST       DEV       tps     rkB/s     wkB/s     dkB/s   areq-sz    aqu-sz     await     %util
04:22:55 PM IST   nvme0n1      0.00      0.00      0.00      0.00      0.00      0.00      0.00      0.00
04:22:55 PM IST       sda   1179.00      8.00   7204.00      0.00      6.12      0.60      0.27     30.00

04:22:55 PM IST       DEV       tps     rkB/s     wkB/s     dkB/s   areq-sz    aqu-sz     await     %util
04:22:56 PM IST   nvme0n1      0.00      0.00      0.00      0.00      0.00      0.00      0.00      0.00
04:22:56 PM IST       sda   1162.00      0.00   7008.00      0.00      6.03      0.60      0.27     31.60

04:22:56 PM IST       DEV       tps     rkB/s     wkB/s     dkB/s   areq-sz    aqu-sz     await     %util
04:22:57 PM IST   nvme0n1      0.00      0.00      0.00      0.00      0.00      0.00      0.00      0.00
04:22:57 PM IST       sda   1171.00      0.00   7112.00      0.00      6.07      0.57      0.26     32.40

04:22:57 PM IST       DEV       tps     rkB/s     wkB/s     dkB/s   areq-sz    aqu-sz     await     %util
04:22:58 PM IST   nvme0n1      0.00      0.00      0.00      0.00      0.00      0.00      0.00      0.00
04:22:58 PM IST       sda   1098.00      4.00   8700.00      0.00      7.93      0.62      0.31     30.40
