Linux 6.12.33+kali-amd64 (two94) 	23/11/25 	_x86_64_	(12 CPU)

02:53:15 PM IST       DEV       tps     rkB/s     wkB/s     dkB/s   areq-sz    aqu-sz     await     %util
02:53:16 PM IST   nvme0n1      0.00      0.00      0.00      0.00      0.00      0.00      0.00      0.00
02:53:16 PM IST       sda    178.00      0.00   6396.00      0.00     35.93      0.10      0.34      5.60

02:53:16 PM IST       DEV       tps     rkB/s     wkB/s     dkB/s   areq-sz    aqu-sz     await     %util
02:53:17 PM IST   nvme0n1      0.00      0.00      0.00      0.00      0.00      0.00      0.00      0.00
02:53:17 PM IST       sda     91.00      0.00    400.00      0.00      4.40      0.01      0.14      0.40

02:53:17 PM IST       DEV       tps     rkB/s     wkB/s     dkB/s   areq-sz    aqu-sz     await     %util
02:53:18 PM IST   nvme0n1      0.00      0.00      0.00      0.00      0.00      0.00      0.00      0.00
02:53:18 PM IST       sda      2.00      0.00      8.00      0.00      4.00      0.00      0.50      0.00

02:53:18 PM IST       DEV       tps     rkB/s     wkB/s     dkB/s   areq-sz    aqu-sz     await     %util
02:53:19 PM IST   nvme0n1      0.00      0.00      0.00      0.00      0.00      0.00      0.00      0.00
02:53:19 PM IST       sda      2.00      0.00     88.00      0.00     44.00      0.00      0.50      0.00

02:53:19 PM IST       DEV       tps     rkB/s     wkB/s     dkB/s   areq-sz    aqu-sz     await     %util
02:53:20 PM IST   nvme0n1      0.00      0.00      0.00      0.00      0.00      0.00      0.00      0.00
02:53:20 PM IST       sda      0.00      0.00      0.00      0.00      0.00      0.00      0.00      0.00

02:53:20 PM IST       DEV       tps     rkB/s     wkB/s     dkB/s   areq-sz    aqu-sz     await     %util
02:53:21 PM IST   nvme0n1      0.00      0.00      0.00      0.00      0.00      0.00      0.00      0.00
02:53:21 PM IST       sda      2.00      0.00     24.00      0.00     12.00      0.00      1.00      0.40

02:53:21 PM IST       DEV       tps     rkB/s     wkB/s     dkB/s   areq-sz    aqu-sz     await     %util
02:53:22 PM IST   nvme0n1      0.00      0.00      0.00      0.00      0.00      0.00      0.00      0.00
02:53:22 PM IST       sda      4.00      0.00     56.00      0.00     14.00      0.00      0.75      0.00

02:53:22 PM IST       DEV       tps     rkB/s     wkB/s     dkB/s   areq-sz    aqu-sz     await     %util
02:53:23 PM IST   nvme0n1      0.00      0.00      0.00      0.00      0.00      0.00      0.00      0.00
02:53:23 PM IST       sda     25.00      0.00    112.00      0.00      4.48      0.00      0.16      0.00

02:53:23 PM IST       DEV       tps     rkB/s     wkB/s     dkB/s   areq-sz    aqu-sz     await     %util
02:53:24 PM IST   nvme0n1      0.00      0.00      0.00      0.00      0.00      0.00      0.00      0.00
02:53:24 PM IST       sda      2.00      0.00     56.00      0.00     28.00      0.00      0.50      0.40

02:53:24 PM IST       DEV       tps     rkB/s     wkB/s     dkB/s   areq-sz    aqu-sz     await     %util
02:53:25 PM IST   nvme0n1      0.00      0.00      0.00      0.00      0.00      0.00      0.00      0.00
02:53:25 PM IST       sda      0.00      0.00      0.00      0.00      0.00      0.00      0.00      0.00

02:53:25 PM IST       DEV       tps     rkB/s     wkB/s     dkB/s   areq-sz    aqu-sz     await     %util
02:53:26 PM IST   nvme0n1      0.00      0.00      0.00      0.00      0.00      0.00      0.00      0.00
02:53:26 PM IST       sda      6.00      0.00     36.00      0.00      6.00      0.00      0.33      0.40

02:53:26 PM IST       DEV       tps     rkB/s     wkB/s     dkB/s   areq-sz    aqu-sz     await     %util
02:53:27 PM IST   nvme0n1      0.00      0.00      0.00      0.00      0.00      0.00      0.00      0.00
02:53:27 PM IST       sda      5.00      0.00    104.00      0.00     20.80      0.00      0.60      0.40

02:53:27 PM IST       DEV       tps     rkB/s     wkB/s     dkB/s   areq-sz    aqu-sz     await     %util
02:53:28 PM IST   nvme0n1      0.00      0.00      0.00      0.00      0.00      0.00      0.00      0.00
02:53:28 PM IST       sda      0.00      0.00      0.00      0.00      0.00      0.00      0.00      0.00

02:53:28 PM IST       DEV       tps     rkB/s     wkB/s     dkB/s   areq-sz    aqu-sz     await     %util
02:53:29 PM IST   nvme0n1      0.00      0.00      0.00      0.00      0.00      0.00      0.00      0.00
02:53:29 PM IST       sda      0.00      0.00      0.00      0.00      0.00      0.00      0.00      0.00

02:53:29 PM IST       DEV       tps     rkB/s     wkB/s     dkB/s   areq-sz    aqu-sz     await     %util
02:53:30 PM IST   nvme0n1      0.00      0.00      0.00      0.00      0.00      0.00      0.00      0.00
02:53:30 PM IST       sda      0.00      0.00      0.00      0.00      0.00      0.00      0.00      0.00

02:53:30 PM IST       DEV       tps     rkB/s     wkB/s     dkB/s   areq-sz    aqu-sz     await     %util
02:53:31 PM IST   nvme0n1      0.00      0.00      0.00      0.00      0.00      0.00      0.00      0.00
02:53:31 PM IST       sda      0.00      0.00      0.00      0.00      0.00      0.00      0.00      0.00

02:53:31 PM IST       DEV       tps     rkB/s     wkB/s     dkB/s   areq-sz    aqu-sz     await     %util
02:53:32 PM IST   nvme0n1      0.00      0.00      0.00      0.00      0.00      0.00      0.00      0.00
02:53:32 PM IST       sda      6.00     12.00     44.00      0.00      9.33      0.01      0.67      0.80

02:53:32 PM IST       DEV       tps     rkB/s     wkB/s     dkB/s   areq-sz    aqu-sz     await     %util
02:53:33 PM IST   nvme0n1      0.00      0.00      0.00      0.00      0.00      0.00      0.00      0.00
02:53:33 PM IST       sda      0.00      0.00      0.00      0.00      0.00      0.00      0.00      0.00

02:53:33 PM IST       DEV       tps     rkB/s     wkB/s     dkB/s   areq-sz    aqu-sz     await     %util
02:53:34 PM IST   nvme0n1      0.00      0.00      0.00      0.00      0.00      0.00      0.00      0.00
02:53:34 PM IST       sda      2.00      8.00      0.00      0.00      4.00      0.00      0.50      0.00

02:53:34 PM IST       DEV       tps     rkB/s     wkB/s     dkB/s   areq-sz    aqu-sz     await     %util
02:53:35 PM IST   nvme0n1      0.00      0.00      0.00      0.00      0.00      0.00      0.00      0.00
02:53:35 PM IST       sda      0.00      0.00      0.00      0.00      0.00      0.00      0.00      0.00

02:53:35 PM IST       DEV       tps     rkB/s     wkB/s     dkB/s   areq-sz    aqu-sz     await     %util
02:53:36 PM IST   nvme0n1      0.00      0.00      0.00      0.00      0.00      0.00      0.00      0.00
02:53:36 PM IST       sda      2.00      0.00      8.00      0.00      4.00      0.00      0.50      0.00

02:53:36 PM IST       DEV       tps     rkB/s     wkB/s     dkB/s   areq-sz    aqu-sz     await     %util
02:53:37 PM IST   nvme0n1      0.00      0.00      0.00      0.00      0.00      0.00      0.00      0.00
02:53:37 PM IST       sda      4.00      0.00     56.00      0.00     14.00      0.00      0.50      0.40

02:53:37 PM IST       DEV       tps     rkB/s     wkB/s     dkB/s   areq-sz    aqu-sz     await     %util
02:53:38 PM IST   nvme0n1      0.00      0.00      0.00      0.00      0.00      0.00      0.00      0.00
02:53:38 PM IST       sda      1.00      0.00      4.00      0.00      4.00      0.00      1.00      0.00

02:53:38 PM IST       DEV       tps     rkB/s     wkB/s     dkB/s   areq-sz    aqu-sz     await     %util
02:53:39 PM IST   nvme0n1      0.00      0.00      0.00      0.00      0.00      0.00      0.00      0.00
02:53:39 PM IST       sda      0.00      0.00      0.00      0.00      0.00      0.00      0.00      0.00

02:53:39 PM IST       DEV       tps     rkB/s     wkB/s     dkB/s   areq-sz    aqu-sz     await     %util
02:53:40 PM IST   nvme0n1      0.00      0.00      0.00      0.00      0.00      0.00      0.00      0.00
02:53:40 PM IST       sda      5.00      0.00    100.00      0.00     20.00      0.01      0.60      0.40

02:53:40 PM IST       DEV       tps     rkB/s     wkB/s     dkB/s   areq-sz    aqu-sz     await     %util
02:53:41 PM IST   nvme0n1      0.00      0.00      0.00      0.00      0.00      0.00      0.00      0.00
02:53:41 PM IST       sda      0.00      0.00      0.00      0.00      0.00      0.00      0.00      0.00

02:53:41 PM IST       DEV       tps     rkB/s     wkB/s     dkB/s   areq-sz    aqu-sz     await     %util
02:53:42 PM IST   nvme0n1      0.00      0.00      0.00      0.00      0.00      0.00      0.00      0.00
02:53:42 PM IST       sda      0.00      0.00      0.00      0.00      0.00      0.00      0.00      0.00

02:53:42 PM IST       DEV       tps     rkB/s     wkB/s     dkB/s   areq-sz    aqu-sz     await     %util
02:53:43 PM IST   nvme0n1      0.00      0.00      0.00      0.00      0.00      0.00      0.00      0.00
02:53:43 PM IST       sda      2.00      0.00     16.00      0.00      8.00      0.00      1.00      0.40

02:53:43 PM IST       DEV       tps     rkB/s     wkB/s     dkB/s   areq-sz    aqu-sz     await     %util
02:53:44 PM IST   nvme0n1      0.00      0.00      0.00      0.00      0.00      0.00      0.00      0.00
02:53:44 PM IST       sda      0.00      0.00      0.00      0.00      0.00      0.00      0.00      0.00

02:53:44 PM IST       DEV       tps     rkB/s     wkB/s     dkB/s   areq-sz    aqu-sz     await     %util
02:53:45 PM IST   nvme0n1      0.00      0.00      0.00      0.00      0.00      0.00      0.00      0.00
02:53:45 PM IST       sda      0.00      0.00      0.00      0.00      0.00      0.00      0.00      0.00

02:53:45 PM IST       DEV       tps     rkB/s     wkB/s     dkB/s   areq-sz    aqu-sz     await     %util
02:53:46 PM IST   nvme0n1      0.00      0.00      0.00      0.00      0.00      0.00      0.00      0.00
02:53:46 PM IST       sda     20.00      0.00    108.00      0.00      5.40      0.01      0.20      0.00

02:53:46 PM IST       DEV       tps     rkB/s     wkB/s     dkB/s   areq-sz    aqu-sz     await     %util
02:53:47 PM IST   nvme0n1      0.00      0.00      0.00      0.00      0.00      0.00      0.00      0.00
02:53:47 PM IST       sda      1.00      0.00      4.00      0.00      4.00      0.00      0.00      0.00

02:53:47 PM IST       DEV       tps     rkB/s     wkB/s     dkB/s   areq-sz    aqu-sz     await     %util
02:53:48 PM IST   nvme0n1      0.00      0.00      0.00      0.00      0.00      0.00      0.00      0.00
02:53:48 PM IST       sda    105.00      0.00    460.00      0.00      4.38      0.02      0.15      0.00

02:53:48 PM IST       DEV       tps     rkB/s     wkB/s     dkB/s   areq-sz    aqu-sz     await     %util
02:53:49 PM IST   nvme0n1      0.00      0.00      0.00      0.00      0.00      0.00      0.00      0.00
02:53:49 PM IST       sda      0.00      0.00      0.00      0.00      0.00      0.00      0.00      0.00

02:53:49 PM IST       DEV       tps     rkB/s     wkB/s     dkB/s   areq-sz    aqu-sz     await     %util
02:53:50 PM IST   nvme0n1      0.00      0.00      0.00      0.00      0.00      0.00      0.00      0.00
02:53:50 PM IST       sda      0.00      0.00      0.00      0.00      0.00      0.00      0.00      0.00

02:53:50 PM IST       DEV       tps     rkB/s     wkB/s     dkB/s   areq-sz    aqu-sz     await     %util
02:53:51 PM IST   nvme0n1      0.00      0.00      0.00      0.00      0.00      0.00      0.00      0.00
02:53:51 PM IST       sda      2.00      0.00     76.00      0.00     38.00      0.00      0.50      0.00

02:53:51 PM IST       DEV       tps     rkB/s     wkB/s     dkB/s   areq-sz    aqu-sz     await     %util
02:53:52 PM IST   nvme0n1      0.00      0.00      0.00      0.00      0.00      0.00      0.00      0.00
02:53:52 PM IST       sda      0.00      0.00      0.00      0.00      0.00      0.00      0.00      0.00

02:53:52 PM IST       DEV       tps     rkB/s     wkB/s     dkB/s   areq-sz    aqu-sz     await     %util
02:53:53 PM IST   nvme0n1      0.00      0.00      0.00      0.00      0.00      0.00      0.00      0.00
02:53:53 PM IST       sda      9.00      0.00    192.00      0.00     21.33      0.01      0.67      0.00

02:53:53 PM IST       DEV       tps     rkB/s     wkB/s     dkB/s   areq-sz    aqu-sz     await     %util
02:53:54 PM IST   nvme0n1      0.00      0.00      0.00      0.00      0.00      0.00      0.00      0.00
02:53:54 PM IST       sda      2.00      0.00     24.00      0.00     12.00      0.00      0.50      0.00

02:53:54 PM IST       DEV       tps     rkB/s     wkB/s     dkB/s   areq-sz    aqu-sz     await     %util
02:53:55 PM IST   nvme0n1      0.00      0.00      0.00      0.00      0.00      0.00      0.00      0.00
02:53:55 PM IST       sda     26.00      0.00    112.00      0.00      4.31      0.00      0.15      0.00

02:53:55 PM IST       DEV       tps     rkB/s     wkB/s     dkB/s   areq-sz    aqu-sz     await     %util
02:53:56 PM IST   nvme0n1      0.00      0.00      0.00      0.00      0.00      0.00      0.00      0.00
02:53:56 PM IST       sda      0.00      0.00      0.00      0.00      0.00      0.00      0.00      0.00

02:53:56 PM IST       DEV       tps     rkB/s     wkB/s     dkB/s   areq-sz    aqu-sz     await     %util
02:53:57 PM IST   nvme0n1      0.00      0.00      0.00      0.00      0.00      0.00      0.00      0.00
02:53:57 PM IST       sda      0.00      0.00      0.00      0.00      0.00      0.00      0.00      0.00

02:53:57 PM IST       DEV       tps     rkB/s     wkB/s     dkB/s   areq-sz    aqu-sz     await     %util
02:53:58 PM IST   nvme0n1      0.00      0.00      0.00      0.00      0.00      0.00      0.00      0.00
02:53:58 PM IST       sda      0.00      0.00      0.00      0.00      0.00      0.00      0.00      0.00

02:53:58 PM IST       DEV       tps     rkB/s     wkB/s     dkB/s   areq-sz    aqu-sz     await     %util
02:53:59 PM IST   nvme0n1      0.00      0.00      0.00      0.00      0.00      0.00      0.00      0.00
02:53:59 PM IST       sda     93.00      0.00    408.00      0.00      4.39      0.01      0.12      0.40

02:53:59 PM IST       DEV       tps     rkB/s     wkB/s     dkB/s   areq-sz    aqu-sz     await     %util
02:54:00 PM IST   nvme0n1      0.00      0.00      0.00      0.00      0.00      0.00      0.00      0.00
02:54:00 PM IST       sda      2.00      0.00     24.00      0.00     12.00      0.00      0.50      0.00

02:54:00 PM IST       DEV       tps     rkB/s     wkB/s     dkB/s   areq-sz    aqu-sz     await     %util
02:54:01 PM IST   nvme0n1      0.00      0.00      0.00      0.00      0.00      0.00      0.00      0.00
02:54:01 PM IST       sda      0.00      0.00      0.00      0.00      0.00      0.00      0.00      0.00

02:54:01 PM IST       DEV       tps     rkB/s     wkB/s     dkB/s   areq-sz    aqu-sz     await     %util
02:54:02 PM IST   nvme0n1      0.00      0.00      0.00      0.00      0.00      0.00      0.00      0.00
02:54:02 PM IST       sda      5.00      0.00     20.00      0.00      4.00      0.00      0.80      0.00

02:54:02 PM IST       DEV       tps     rkB/s     wkB/s     dkB/s   areq-sz    aqu-sz     await     %util
02:54:03 PM IST   nvme0n1      0.00      0.00      0.00      0.00      0.00      0.00      0.00      0.00
02:54:03 PM IST       sda      1.00      0.00     24.00      0.00     24.00      0.00      0.00      0.00

02:54:03 PM IST       DEV       tps     rkB/s     wkB/s     dkB/s   areq-sz    aqu-sz     await     %util
02:54:04 PM IST   nvme0n1      0.00      0.00      0.00      0.00      0.00      0.00      0.00      0.00
02:54:04 PM IST       sda     13.00      0.00    104.00      0.00      8.00      0.01      0.38      0.80

02:54:04 PM IST       DEV       tps     rkB/s     wkB/s     dkB/s   areq-sz    aqu-sz     await     %util
02:54:05 PM IST   nvme0n1      0.00      0.00      0.00      0.00      0.00      0.00      0.00      0.00
02:54:05 PM IST       sda      0.00      0.00      0.00      0.00      0.00      0.00      0.00      0.00

02:54:05 PM IST       DEV       tps     rkB/s     wkB/s     dkB/s   areq-sz    aqu-sz     await     %util
02:54:06 PM IST   nvme0n1      0.00      0.00      0.00      0.00      0.00      0.00      0.00      0.00
02:54:06 PM IST       sda      3.00      0.00     32.00      0.00     10.67      0.00      0.67      0.40

02:54:06 PM IST       DEV       tps     rkB/s     wkB/s     dkB/s   areq-sz    aqu-sz     await     %util
02:54:07 PM IST   nvme0n1      0.00      0.00      0.00      0.00      0.00      0.00      0.00      0.00
02:54:07 PM IST       sda      5.00      0.00    100.00      0.00     20.00      0.01      0.40      0.00

02:54:07 PM IST       DEV       tps     rkB/s     wkB/s     dkB/s   areq-sz    aqu-sz     await     %util
02:54:08 PM IST   nvme0n1      0.00      0.00      0.00      0.00      0.00      0.00      0.00      0.00
02:54:08 PM IST       sda      0.00      0.00      0.00      0.00      0.00      0.00      0.00      0.00

02:54:08 PM IST       DEV       tps     rkB/s     wkB/s     dkB/s   areq-sz    aqu-sz     await     %util
02:54:09 PM IST   nvme0n1      0.00      0.00      0.00      0.00      0.00      0.00      0.00      0.00
02:54:09 PM IST       sda      1.00      0.00      8.00      0.00      8.00      0.00      1.00      0.00

02:54:09 PM IST       DEV       tps     rkB/s     wkB/s     dkB/s   areq-sz    aqu-sz     await     %util
02:54:11 PM IST   nvme0n1      0.00      0.00      0.00      0.00      0.00      0.00      0.00      0.00
02:54:11 PM IST       sda      0.00      0.00      0.00      0.00      0.00      0.00      0.00      0.00

02:54:11 PM IST       DEV       tps     rkB/s     wkB/s     dkB/s   areq-sz    aqu-sz     await     %util
02:54:12 PM IST   nvme0n1      0.00      0.00      0.00      0.00      0.00      0.00      0.00      0.00
02:54:12 PM IST       sda      2.00      0.00     16.00      0.00      8.00      0.00      1.00      0.00

02:54:12 PM IST       DEV       tps     rkB/s     wkB/s     dkB/s   areq-sz    aqu-sz     await     %util
02:54:13 PM IST   nvme0n1      0.00      0.00      0.00      0.00      0.00      0.00      0.00      0.00
02:54:13 PM IST       sda      2.00      0.00     40.00      0.00     20.00      0.00      0.50      0.40

02:54:13 PM IST       DEV       tps     rkB/s     wkB/s     dkB/s   areq-sz    aqu-sz     await     %util
02:54:14 PM IST   nvme0n1      0.00      0.00      0.00      0.00      0.00      0.00      0.00      0.00
02:54:14 PM IST       sda      0.00      0.00      0.00      0.00      0.00      0.00      0.00      0.00

02:54:14 PM IST       DEV       tps     rkB/s     wkB/s     dkB/s   areq-sz    aqu-sz     await     %util
02:54:15 PM IST   nvme0n1      0.00      0.00      0.00      0.00      0.00      0.00      0.00      0.00
02:54:15 PM IST       sda      0.00      0.00      0.00      0.00      0.00      0.00      0.00      0.00

02:54:15 PM IST       DEV       tps     rkB/s     wkB/s     dkB/s   areq-sz    aqu-sz     await     %util
02:54:16 PM IST   nvme0n1      0.00      0.00      0.00      0.00      0.00      0.00      0.00      0.00
02:54:16 PM IST       sda      0.00      0.00      0.00      0.00      0.00      0.00      0.00      0.00

02:54:16 PM IST       DEV       tps     rkB/s     wkB/s     dkB/s   areq-sz    aqu-sz     await     %util
02:54:17 PM IST   nvme0n1      0.00      0.00      0.00      0.00      0.00      0.00      0.00      0.00
02:54:17 PM IST       sda      0.00      0.00      0.00      0.00      0.00      0.00      0.00      0.00

02:54:17 PM IST       DEV       tps     rkB/s     wkB/s     dkB/s   areq-sz    aqu-sz     await     %util
02:54:18 PM IST   nvme0n1      0.00      0.00      0.00      0.00      0.00      0.00      0.00      0.00
02:54:18 PM IST       sda      4.00      0.00     40.00      0.00     10.00      0.01      0.75      0.40

02:54:18 PM IST       DEV       tps     rkB/s     wkB/s     dkB/s   areq-sz    aqu-sz     await     %util
02:54:19 PM IST   nvme0n1      0.00      0.00      0.00      0.00      0.00      0.00      0.00      0.00
02:54:19 PM IST       sda      0.00      0.00      0.00      0.00      0.00      0.00      0.00      0.00

02:54:19 PM IST       DEV       tps     rkB/s     wkB/s     dkB/s   areq-sz    aqu-sz     await     %util
02:54:20 PM IST   nvme0n1      0.00      0.00      0.00      0.00      0.00      0.00      0.00      0.00
02:54:20 PM IST       sda      3.00      0.00     28.00      0.00      9.33      0.00      0.67      0.00

02:54:20 PM IST       DEV       tps     rkB/s     wkB/s     dkB/s   areq-sz    aqu-sz     await     %util
02:54:21 PM IST   nvme0n1      0.00      0.00      0.00      0.00      0.00      0.00      0.00      0.00
02:54:21 PM IST       sda      5.00      0.00    108.00      0.00     21.60      0.01      0.60      0.40

02:54:21 PM IST       DEV       tps     rkB/s     wkB/s     dkB/s   areq-sz    aqu-sz     await     %util
02:54:22 PM IST   nvme0n1      0.00      0.00      0.00      0.00      0.00      0.00      0.00      0.00
02:54:22 PM IST       sda      0.00      0.00      0.00      0.00      0.00      0.00      0.00      0.00

02:54:22 PM IST       DEV       tps     rkB/s     wkB/s     dkB/s   areq-sz    aqu-sz     await     %util
02:54:23 PM IST   nvme0n1      0.00      0.00      0.00      0.00      0.00      0.00      0.00      0.00
02:54:23 PM IST       sda     12.00      0.00     60.00      0.00      5.00      0.01      0.50      0.00

02:54:23 PM IST       DEV       tps     rkB/s     wkB/s     dkB/s   areq-sz    aqu-sz     await     %util
02:54:24 PM IST   nvme0n1      0.00      0.00      0.00      0.00      0.00      0.00      0.00      0.00
02:54:24 PM IST       sda      2.00      0.00     16.00      0.00      8.00      0.00      1.00      0.00

02:54:24 PM IST       DEV       tps     rkB/s     wkB/s     dkB/s   areq-sz    aqu-sz     await     %util
02:54:25 PM IST   nvme0n1      0.00      0.00      0.00      0.00      0.00      0.00      0.00      0.00
02:54:25 PM IST       sda     37.00      0.00   9708.00      0.00    262.38      0.24      5.30      6.00

02:54:25 PM IST       DEV       tps     rkB/s     wkB/s     dkB/s   areq-sz    aqu-sz     await     %util
02:54:26 PM IST   nvme0n1      0.00      0.00      0.00      0.00      0.00      0.00      0.00      0.00
02:54:26 PM IST       sda      0.00      0.00      0.00      0.00      0.00      0.00      0.00      0.00

02:54:26 PM IST       DEV       tps     rkB/s     wkB/s     dkB/s   areq-sz    aqu-sz     await     %util
02:54:27 PM IST   nvme0n1      0.00      0.00      0.00      0.00      0.00      0.00      0.00      0.00
02:54:27 PM IST       sda      0.00      0.00      0.00      0.00      0.00      0.00      0.00      0.00

02:54:27 PM IST       DEV       tps     rkB/s     wkB/s     dkB/s   areq-sz    aqu-sz     await     %util
02:54:28 PM IST   nvme0n1      0.00      0.00      0.00      0.00      0.00      0.00      0.00      0.00
02:54:28 PM IST       sda      0.00      0.00      0.00      0.00      0.00      0.00      0.00      0.00

02:54:28 PM IST       DEV       tps     rkB/s     wkB/s     dkB/s   areq-sz    aqu-sz     await     %util
02:54:29 PM IST   nvme0n1      0.00      0.00      0.00      0.00      0.00      0.00      0.00      0.00
02:54:29 PM IST       sda      0.00      0.00      0.00      0.00      0.00      0.00      0.00      0.00

02:54:29 PM IST       DEV       tps     rkB/s     wkB/s     dkB/s   areq-sz    aqu-sz     await     %util
02:54:30 PM IST   nvme0n1      0.00      0.00      0.00      0.00      0.00      0.00      0.00      0.00
02:54:30 PM IST       sda    133.00      0.00    636.00      0.00      4.78      0.02      0.15      0.40

02:54:30 PM IST       DEV       tps     rkB/s     wkB/s     dkB/s   areq-sz    aqu-sz     await     %util
02:54:31 PM IST   nvme0n1      0.00      0.00      0.00      0.00      0.00      0.00      0.00      0.00
02:54:31 PM IST       sda      2.00      0.00     88.00      0.00     44.00      0.00      0.50      0.00

02:54:31 PM IST       DEV       tps     rkB/s     wkB/s     dkB/s   areq-sz    aqu-sz     await     %util
02:54:32 PM IST   nvme0n1      0.00      0.00      0.00      0.00      0.00      0.00      0.00      0.00
02:54:32 PM IST       sda      0.00      0.00      0.00      0.00      0.00      0.00      0.00      0.00

02:54:32 PM IST       DEV       tps     rkB/s     wkB/s     dkB/s   areq-sz    aqu-sz     await     %util
02:54:33 PM IST   nvme0n1      0.00      0.00      0.00      0.00      0.00      0.00      0.00      0.00
02:54:33 PM IST       sda      0.00      0.00      0.00      0.00      0.00      0.00      0.00      0.00

02:54:33 PM IST       DEV       tps     rkB/s     wkB/s     dkB/s   areq-sz    aqu-sz     await     %util
02:54:34 PM IST   nvme0n1      0.00      0.00      0.00      0.00      0.00      0.00      0.00      0.00
02:54:34 PM IST       sda      5.00      0.00    100.00      0.00     20.00      0.01      1.00      0.80

02:54:34 PM IST       DEV       tps     rkB/s     wkB/s     dkB/s   areq-sz    aqu-sz     await     %util
02:54:35 PM IST   nvme0n1      0.00      0.00      0.00      0.00      0.00      0.00      0.00      0.00
02:54:35 PM IST       sda      3.00      8.00      4.00      0.00      4.00      0.00      0.00      0.00

02:54:35 PM IST       DEV       tps     rkB/s     wkB/s     dkB/s   areq-sz    aqu-sz     await     %util
02:54:36 PM IST   nvme0n1      0.00      0.00      0.00      0.00      0.00      0.00      0.00      0.00
02:54:36 PM IST       sda      2.00      0.00     24.00      0.00     12.00      0.00      0.50      0.00

02:54:36 PM IST       DEV       tps     rkB/s     wkB/s     dkB/s   areq-sz    aqu-sz     await     %util
02:54:37 PM IST   nvme0n1      0.00      0.00      0.00      0.00      0.00      0.00      0.00      0.00
02:54:37 PM IST       sda      2.00      0.00      8.00      0.00      4.00      0.00      0.50      0.00

02:54:37 PM IST       DEV       tps     rkB/s     wkB/s     dkB/s   areq-sz    aqu-sz     await     %util
02:54:38 PM IST   nvme0n1      0.00      0.00      0.00      0.00      0.00      0.00      0.00      0.00
02:54:38 PM IST       sda      0.00      0.00      0.00      0.00      0.00      0.00      0.00      0.00

02:54:38 PM IST       DEV       tps     rkB/s     wkB/s     dkB/s   areq-sz    aqu-sz     await     %util
02:54:39 PM IST   nvme0n1      0.00      0.00      0.00      0.00      0.00      0.00      0.00      0.00
02:54:39 PM IST       sda      0.00      0.00      0.00      0.00      0.00      0.00      0.00      0.00

02:54:39 PM IST       DEV       tps     rkB/s     wkB/s     dkB/s   areq-sz    aqu-sz     await     %util
02:54:40 PM IST   nvme0n1      0.00      0.00      0.00      0.00      0.00      0.00      0.00      0.00
02:54:40 PM IST       sda      2.00      0.00     32.00      0.00     16.00      0.00      1.00      0.00

02:54:40 PM IST       DEV       tps     rkB/s     wkB/s     dkB/s   areq-sz    aqu-sz     await     %util
02:54:41 PM IST   nvme0n1      0.00      0.00      0.00      0.00      0.00      0.00      0.00      0.00
02:54:41 PM IST       sda     66.00      0.00    276.00      0.00      4.18      0.01      0.11      0.00

02:54:41 PM IST       DEV       tps     rkB/s     wkB/s     dkB/s   areq-sz    aqu-sz     await     %util
02:54:42 PM IST   nvme0n1      0.00      0.00      0.00      0.00      0.00      0.00      0.00      0.00
02:54:42 PM IST       sda      2.00      0.00     16.00      0.00      8.00      0.00      1.00      0.40

02:54:42 PM IST       DEV       tps     rkB/s     wkB/s     dkB/s   areq-sz    aqu-sz     await     %util
02:54:43 PM IST   nvme0n1      0.00      0.00      0.00      0.00      0.00      0.00      0.00      0.00
02:54:43 PM IST       sda      0.00      0.00      0.00      0.00      0.00      0.00      0.00      0.00

02:54:43 PM IST       DEV       tps     rkB/s     wkB/s     dkB/s   areq-sz    aqu-sz     await     %util
02:54:44 PM IST   nvme0n1      0.00      0.00      0.00      0.00      0.00      0.00      0.00      0.00
02:54:44 PM IST       sda      1.00      0.00      4.00      0.00      4.00      0.00      1.00      0.00

02:54:44 PM IST       DEV       tps     rkB/s     wkB/s     dkB/s   areq-sz    aqu-sz     await     %util
02:54:45 PM IST   nvme0n1      0.00      0.00      0.00      0.00      0.00      0.00      0.00      0.00
02:54:45 PM IST       sda      2.00      0.00     80.00      0.00     40.00      0.00      0.50      0.00

02:54:45 PM IST       DEV       tps     rkB/s     wkB/s     dkB/s   areq-sz    aqu-sz     await     %util
02:54:46 PM IST   nvme0n1      0.00      0.00      0.00      0.00      0.00      0.00      0.00      0.00
02:54:46 PM IST       sda     45.00      0.00    192.00      0.00      4.27      0.01      0.31      0.00

02:54:46 PM IST       DEV       tps     rkB/s     wkB/s     dkB/s   areq-sz    aqu-sz     await     %util
02:54:47 PM IST   nvme0n1      0.00      0.00      0.00      0.00      0.00      0.00      0.00      0.00
02:54:47 PM IST       sda      7.00      0.00    124.00      0.00     17.71      0.01      0.57      0.40

02:54:47 PM IST       DEV       tps     rkB/s     wkB/s     dkB/s   areq-sz    aqu-sz     await     %util
02:54:48 PM IST   nvme0n1      0.00      0.00      0.00      0.00      0.00      0.00      0.00      0.00
02:54:48 PM IST       sda      0.00      0.00      0.00      0.00      0.00      0.00      0.00      0.00

02:54:48 PM IST       DEV       tps     rkB/s     wkB/s     dkB/s   areq-sz    aqu-sz     await     %util
02:54:49 PM IST   nvme0n1      0.00      0.00      0.00      0.00      0.00      0.00      0.00      0.00
02:54:49 PM IST       sda      0.00      0.00      0.00      0.00      0.00      0.00      0.00      0.00

02:54:49 PM IST       DEV       tps     rkB/s     wkB/s     dkB/s   areq-sz    aqu-sz     await     %util
02:54:50 PM IST   nvme0n1      0.00      0.00      0.00      0.00      0.00      0.00      0.00      0.00
02:54:50 PM IST       sda      0.00      0.00      0.00      0.00      0.00      0.00      0.00      0.00

02:54:50 PM IST       DEV       tps     rkB/s     wkB/s     dkB/s   areq-sz    aqu-sz     await     %util
02:54:51 PM IST   nvme0n1      0.00      0.00      0.00      0.00      0.00      0.00      0.00      0.00
02:54:51 PM IST       sda      0.00      0.00      0.00      0.00      0.00      0.00      0.00      0.00

02:54:51 PM IST       DEV       tps     rkB/s     wkB/s     dkB/s   areq-sz    aqu-sz     await     %util
02:54:52 PM IST   nvme0n1      0.00      0.00      0.00      0.00      0.00      0.00      0.00      0.00
02:54:52 PM IST       sda     60.00      0.00    248.00      0.00      4.13      0.01      0.18      0.00

02:54:52 PM IST       DEV       tps     rkB/s     wkB/s     dkB/s   areq-sz    aqu-sz     await     %util
02:54:53 PM IST   nvme0n1      0.00      0.00      0.00      0.00      0.00      0.00      0.00      0.00
02:54:53 PM IST       sda      4.00      0.00     40.00      0.00     10.00      0.00      0.50      0.40

02:54:53 PM IST       DEV       tps     rkB/s     wkB/s     dkB/s   areq-sz    aqu-sz     await     %util
02:54:54 PM IST   nvme0n1      0.00      0.00      0.00      0.00      0.00      0.00      0.00      0.00
02:54:54 PM IST       sda      0.00      0.00      0.00      0.00      0.00      0.00      0.00      0.00

02:54:54 PM IST       DEV       tps     rkB/s     wkB/s     dkB/s   areq-sz    aqu-sz     await     %util
02:54:55 PM IST   nvme0n1      0.00      0.00      0.00      0.00      0.00      0.00      0.00      0.00
02:54:55 PM IST       sda     26.00      0.00   2208.00      0.00     84.92      0.03      1.00      0.40

02:54:55 PM IST       DEV       tps     rkB/s     wkB/s     dkB/s   areq-sz    aqu-sz     await     %util
02:54:56 PM IST   nvme0n1      0.00      0.00      0.00      0.00      0.00      0.00      0.00      0.00
02:54:56 PM IST       sda      3.00      0.00     32.00      0.00     10.67      0.00      0.00      0.00

02:54:56 PM IST       DEV       tps     rkB/s     wkB/s     dkB/s   areq-sz    aqu-sz     await     %util
02:54:57 PM IST   nvme0n1      0.00      0.00      0.00      0.00      0.00      0.00      0.00      0.00
02:54:57 PM IST       sda     45.00      0.00    192.00      0.00      4.27      0.01      0.22      0.00

02:54:57 PM IST       DEV       tps     rkB/s     wkB/s     dkB/s   areq-sz    aqu-sz     await     %util
02:54:58 PM IST   nvme0n1      0.00      0.00      0.00      0.00      0.00      0.00      0.00      0.00
02:54:58 PM IST       sda      4.00      0.00     88.00      0.00     22.00      0.00      0.50      0.40

02:54:58 PM IST       DEV       tps     rkB/s     wkB/s     dkB/s   areq-sz    aqu-sz     await     %util
02:54:59 PM IST   nvme0n1      0.00      0.00      0.00      0.00      0.00      0.00      0.00      0.00
02:54:59 PM IST       sda      0.00      0.00      0.00      0.00      0.00      0.00      0.00      0.00

02:54:59 PM IST       DEV       tps     rkB/s     wkB/s     dkB/s   areq-sz    aqu-sz     await     %util
02:55:00 PM IST   nvme0n1      0.00      0.00      0.00      0.00      0.00      0.00      0.00      0.00
02:55:00 PM IST       sda      0.00      0.00      0.00      0.00      0.00      0.00      0.00      0.00

02:55:00 PM IST       DEV       tps     rkB/s     wkB/s     dkB/s   areq-sz    aqu-sz     await     %util
02:55:01 PM IST   nvme0n1      0.00      0.00      0.00      0.00      0.00      0.00      0.00      0.00
02:55:01 PM IST       sda     40.00      0.00    284.00      0.00      7.10      0.01      0.25      0.40

02:55:01 PM IST       DEV       tps     rkB/s     wkB/s     dkB/s   areq-sz    aqu-sz     await     %util
02:55:02 PM IST   nvme0n1      0.00      0.00      0.00      0.00      0.00      0.00      0.00      0.00
02:55:02 PM IST       sda      0.00      0.00      0.00      0.00      0.00      0.00      0.00      0.00

02:55:02 PM IST       DEV       tps     rkB/s     wkB/s     dkB/s   areq-sz    aqu-sz     await     %util
02:55:03 PM IST   nvme0n1      0.00      0.00      0.00      0.00      0.00      0.00      0.00      0.00
02:55:03 PM IST       sda      0.00      0.00      0.00      0.00      0.00      0.00      0.00      0.00

02:55:03 PM IST       DEV       tps     rkB/s     wkB/s     dkB/s   areq-sz    aqu-sz     await     %util
02:55:04 PM IST   nvme0n1      0.00      0.00      0.00      0.00      0.00      0.00      0.00      0.00
02:55:04 PM IST       sda      2.00      0.00     20.00      0.00     10.00      0.00      1.00      0.40

02:55:04 PM IST       DEV       tps     rkB/s     wkB/s     dkB/s   areq-sz    aqu-sz     await     %util
02:55:05 PM IST   nvme0n1      0.00      0.00      0.00      0.00      0.00      0.00      0.00      0.00
02:55:05 PM IST       sda     14.00     40.00    120.00      0.00     11.43      0.01      0.36      0.40

02:55:05 PM IST       DEV       tps     rkB/s     wkB/s     dkB/s   areq-sz    aqu-sz     await     %util
02:55:06 PM IST   nvme0n1      0.00      0.00      0.00      0.00      0.00      0.00      0.00      0.00
02:55:06 PM IST       sda      6.00     28.00     60.00      0.00     14.67      0.00      0.17      0.00

02:55:06 PM IST       DEV       tps     rkB/s     wkB/s     dkB/s   areq-sz    aqu-sz     await     %util
02:55:07 PM IST   nvme0n1      0.00      0.00      0.00      0.00      0.00      0.00      0.00      0.00
02:55:07 PM IST       sda      0.00      0.00      0.00      0.00      0.00      0.00      0.00      0.00

02:55:07 PM IST       DEV       tps     rkB/s     wkB/s     dkB/s   areq-sz    aqu-sz     await     %util
02:55:08 PM IST   nvme0n1      0.00      0.00      0.00      0.00      0.00      0.00      0.00      0.00
02:55:08 PM IST       sda      4.00      4.00     80.00      0.00     21.00      0.00      0.75      0.00

02:55:08 PM IST       DEV       tps     rkB/s     wkB/s     dkB/s   areq-sz    aqu-sz     await     %util
02:55:09 PM IST   nvme0n1      0.00      0.00      0.00      0.00      0.00      0.00      0.00      0.00
02:55:09 PM IST       sda      0.00      0.00      0.00      0.00      0.00      0.00      0.00      0.00

02:55:09 PM IST       DEV       tps     rkB/s     wkB/s     dkB/s   areq-sz    aqu-sz     await     %util
02:55:10 PM IST   nvme0n1      0.00      0.00      0.00      0.00      0.00      0.00      0.00      0.00
02:55:10 PM IST       sda      2.00      0.00     16.00      0.00      8.00      0.00      0.50      0.00

02:55:10 PM IST       DEV       tps     rkB/s     wkB/s     dkB/s   areq-sz    aqu-sz     await     %util
02:55:11 PM IST   nvme0n1      0.00      0.00      0.00      0.00      0.00      0.00      0.00      0.00
02:55:11 PM IST       sda      0.00      0.00      0.00      0.00      0.00      0.00      0.00      0.00

02:55:11 PM IST       DEV       tps     rkB/s     wkB/s     dkB/s   areq-sz    aqu-sz     await     %util
02:55:12 PM IST   nvme0n1      0.00      0.00      0.00      0.00      0.00      0.00      0.00      0.00
02:55:12 PM IST       sda      5.00      0.00     84.00      0.00     16.80      0.00      0.20      0.00

02:55:12 PM IST       DEV       tps     rkB/s     wkB/s     dkB/s   areq-sz    aqu-sz     await     %util
02:55:13 PM IST   nvme0n1      0.00      0.00      0.00      0.00      0.00      0.00      0.00      0.00
02:55:13 PM IST       sda      0.00      0.00      0.00      0.00      0.00      0.00      0.00      0.00

02:55:13 PM IST       DEV       tps     rkB/s     wkB/s     dkB/s   areq-sz    aqu-sz     await     %util
02:55:14 PM IST   nvme0n1      0.00      0.00      0.00      0.00      0.00      0.00      0.00      0.00
02:55:14 PM IST       sda      7.00      0.00    208.00      0.00     29.71      0.01      0.71      0.40

02:55:14 PM IST       DEV       tps     rkB/s     wkB/s     dkB/s   areq-sz    aqu-sz     await     %util
02:55:15 PM IST   nvme0n1      0.00      0.00      0.00      0.00      0.00      0.00      0.00      0.00
02:55:15 PM IST       sda      2.00      0.00     20.00      0.00     10.00      0.00      0.50      0.40

02:55:15 PM IST       DEV       tps     rkB/s     wkB/s     dkB/s   areq-sz    aqu-sz     await     %util
02:55:16 PM IST   nvme0n1      0.00      0.00      0.00      0.00      0.00      0.00      0.00      0.00
02:55:16 PM IST       sda      0.00      0.00      0.00      0.00      0.00      0.00      0.00      0.00

02:55:16 PM IST       DEV       tps     rkB/s     wkB/s     dkB/s   areq-sz    aqu-sz     await     %util
02:55:17 PM IST   nvme0n1      0.00      0.00      0.00      0.00      0.00      0.00      0.00      0.00
02:55:17 PM IST       sda      0.00      0.00      0.00      0.00      0.00      0.00      0.00      0.00

02:55:17 PM IST       DEV       tps     rkB/s     wkB/s     dkB/s   areq-sz    aqu-sz     await     %util
02:55:18 PM IST   nvme0n1      0.00      0.00      0.00      0.00      0.00      0.00      0.00      0.00
02:55:18 PM IST       sda      0.00      0.00      0.00      0.00      0.00      0.00      0.00      0.00

02:55:18 PM IST       DEV       tps     rkB/s     wkB/s     dkB/s   areq-sz    aqu-sz     await     %util
02:55:19 PM IST   nvme0n1      0.00      0.00      0.00      0.00      0.00      0.00      0.00      0.00
02:55:19 PM IST       sda      0.00      0.00      0.00      0.00      0.00      0.00      0.00      0.00

02:55:19 PM IST       DEV       tps     rkB/s     wkB/s     dkB/s   areq-sz    aqu-sz     await     %util
02:55:20 PM IST   nvme0n1      0.00      0.00      0.00      0.00      0.00      0.00      0.00      0.00
02:55:20 PM IST       sda      2.00      0.00     28.00      0.00     14.00      0.00      1.00      0.00

02:55:20 PM IST       DEV       tps     rkB/s     wkB/s     dkB/s   areq-sz    aqu-sz     await     %util
02:55:21 PM IST   nvme0n1      0.00      0.00      0.00      0.00      0.00      0.00      0.00      0.00
02:55:21 PM IST       sda      2.00      0.00     20.00      0.00     10.00      0.00      0.50      0.00

02:55:21 PM IST       DEV       tps     rkB/s     wkB/s     dkB/s   areq-sz    aqu-sz     await     %util
02:55:22 PM IST   nvme0n1      0.00      0.00      0.00      0.00      0.00      0.00      0.00      0.00
02:55:22 PM IST       sda      3.96     27.72      0.00      0.00      7.00      0.00      1.00      0.40

02:55:22 PM IST       DEV       tps     rkB/s     wkB/s     dkB/s   areq-sz    aqu-sz     await     %util
02:55:23 PM IST   nvme0n1      0.00      0.00      0.00      0.00      0.00      0.00      0.00      0.00
02:55:23 PM IST       sda      0.00      0.00      0.00      0.00      0.00      0.00      0.00      0.00

02:55:23 PM IST       DEV       tps     rkB/s     wkB/s     dkB/s   areq-sz    aqu-sz     await     %util
02:55:24 PM IST   nvme0n1      0.00      0.00      0.00      0.00      0.00      0.00      0.00      0.00
02:55:24 PM IST       sda      0.00      0.00      0.00      0.00      0.00      0.00      0.00      0.00

02:55:24 PM IST       DEV       tps     rkB/s     wkB/s     dkB/s   areq-sz    aqu-sz     await     %util
02:55:25 PM IST   nvme0n1      0.00      0.00      0.00      0.00      0.00      0.00      0.00      0.00
02:55:25 PM IST       sda      2.00      0.00     24.00      0.00     12.00      0.00      1.00      0.40

02:55:25 PM IST       DEV       tps     rkB/s     wkB/s     dkB/s   areq-sz    aqu-sz     await     %util
02:55:26 PM IST   nvme0n1      0.00      0.00      0.00      0.00      0.00      0.00      0.00      0.00
02:55:26 PM IST       sda      2.00      0.00     16.00      0.00      8.00      0.00      0.50      0.00

02:55:26 PM IST       DEV       tps     rkB/s     wkB/s     dkB/s   areq-sz    aqu-sz     await     %util
02:55:27 PM IST   nvme0n1      0.00      0.00      0.00      0.00      0.00      0.00      0.00      0.00
02:55:27 PM IST       sda      5.00      0.00    104.00      0.00     20.80      0.01      0.60      0.40

02:55:27 PM IST       DEV       tps     rkB/s     wkB/s     dkB/s   areq-sz    aqu-sz     await     %util
02:55:28 PM IST   nvme0n1      0.00      0.00      0.00      0.00      0.00      0.00      0.00      0.00
02:55:28 PM IST       sda     99.00      0.00    424.00      0.00      4.28      0.01      0.13      0.00

02:55:28 PM IST       DEV       tps     rkB/s     wkB/s     dkB/s   areq-sz    aqu-sz     await     %util
02:55:29 PM IST   nvme0n1      0.00      0.00      0.00      0.00      0.00      0.00      0.00      0.00
02:55:29 PM IST       sda      0.00      0.00      0.00      0.00      0.00      0.00      0.00      0.00

02:55:29 PM IST       DEV       tps     rkB/s     wkB/s     dkB/s   areq-sz    aqu-sz     await     %util
02:55:30 PM IST   nvme0n1      0.00      0.00      0.00      0.00      0.00      0.00      0.00      0.00
02:55:30 PM IST       sda      0.00      0.00      0.00      0.00      0.00      0.00      0.00      0.00

02:55:30 PM IST       DEV       tps     rkB/s     wkB/s     dkB/s   areq-sz    aqu-sz     await     %util
02:55:31 PM IST   nvme0n1      0.00      0.00      0.00      0.00      0.00      0.00      0.00      0.00
02:55:31 PM IST       sda     28.00      8.00    148.00      0.00      5.57      0.01      0.29      0.00

02:55:31 PM IST       DEV       tps     rkB/s     wkB/s     dkB/s   areq-sz    aqu-sz     await     %util
02:55:32 PM IST   nvme0n1      0.00      0.00      0.00      0.00      0.00      0.00      0.00      0.00
02:55:32 PM IST       sda      2.00      0.00     20.00      0.00     10.00      0.00      0.50      0.00

02:55:32 PM IST       DEV       tps     rkB/s     wkB/s     dkB/s   areq-sz    aqu-sz     await     %util
02:55:33 PM IST   nvme0n1      0.00      0.00      0.00      0.00      0.00      0.00      0.00      0.00
02:55:33 PM IST       sda     69.00      0.00    332.00      0.00      4.81      0.01      0.12      0.40

02:55:33 PM IST       DEV       tps     rkB/s     wkB/s     dkB/s   areq-sz    aqu-sz     await     %util
02:55:34 PM IST   nvme0n1      0.00      0.00      0.00      0.00      0.00      0.00      0.00      0.00
02:55:34 PM IST       sda      0.00      0.00      0.00      0.00      0.00      0.00      0.00      0.00

02:55:34 PM IST       DEV       tps     rkB/s     wkB/s     dkB/s   areq-sz    aqu-sz     await     %util
02:55:35 PM IST   nvme0n1      0.00      0.00      0.00      0.00      0.00      0.00      0.00      0.00
02:55:35 PM IST       sda      2.00      8.00      0.00      0.00      4.00      0.00      0.50      0.40

02:55:35 PM IST       DEV       tps     rkB/s     wkB/s     dkB/s   areq-sz    aqu-sz     await     %util
02:55:36 PM IST   nvme0n1      0.00      0.00      0.00      0.00      0.00      0.00      0.00      0.00
02:55:36 PM IST       sda     33.00      0.00    148.00      0.00      4.48      0.01      0.15      0.00

02:55:36 PM IST       DEV       tps     rkB/s     wkB/s     dkB/s   areq-sz    aqu-sz     await     %util
02:55:37 PM IST   nvme0n1      0.00      0.00      0.00      0.00      0.00      0.00      0.00      0.00
02:55:37 PM IST       sda      4.00      0.00     60.00      0.00     15.00      0.00      1.00      0.00

02:55:37 PM IST       DEV       tps     rkB/s     wkB/s     dkB/s   areq-sz    aqu-sz     await     %util
02:55:38 PM IST   nvme0n1      0.00      0.00      0.00      0.00      0.00      0.00      0.00      0.00
02:55:38 PM IST       sda      7.00      0.00    148.00      0.00     21.14      0.01      0.43      0.40

02:55:38 PM IST       DEV       tps     rkB/s     wkB/s     dkB/s   areq-sz    aqu-sz     await     %util
02:55:39 PM IST   nvme0n1      0.00      0.00      0.00      0.00      0.00      0.00      0.00      0.00
02:55:39 PM IST       sda      0.00      0.00      0.00      0.00      0.00      0.00      0.00      0.00

02:55:39 PM IST       DEV       tps     rkB/s     wkB/s     dkB/s   areq-sz    aqu-sz     await     %util
02:55:40 PM IST   nvme0n1      0.00      0.00      0.00      0.00      0.00      0.00      0.00      0.00
02:55:40 PM IST       sda      1.00      4.00      0.00      0.00      4.00      0.00      1.00      0.00

02:55:40 PM IST       DEV       tps     rkB/s     wkB/s     dkB/s   areq-sz    aqu-sz     await     %util
02:55:41 PM IST   nvme0n1      0.00      0.00      0.00      0.00      0.00      0.00      0.00      0.00
02:55:41 PM IST       sda      5.00      0.00    124.00      0.00     24.80      0.01      0.60      0.00

02:55:41 PM IST       DEV       tps     rkB/s     wkB/s     dkB/s   areq-sz    aqu-sz     await     %util
02:55:42 PM IST   nvme0n1      0.00      0.00      0.00      0.00      0.00      0.00      0.00      0.00
02:55:42 PM IST       sda      0.00      0.00      0.00      0.00      0.00      0.00      0.00      0.00

02:55:42 PM IST       DEV       tps     rkB/s     wkB/s     dkB/s   areq-sz    aqu-sz     await     %util
02:55:43 PM IST   nvme0n1      0.00      0.00      0.00      0.00      0.00      0.00      0.00      0.00
02:55:43 PM IST       sda      8.00     20.00     20.00      0.00      5.00      0.00      0.38      0.40

02:55:43 PM IST       DEV       tps     rkB/s     wkB/s     dkB/s   areq-sz    aqu-sz     await     %util
02:55:44 PM IST   nvme0n1      0.00      0.00      0.00      0.00      0.00      0.00      0.00      0.00
02:55:44 PM IST       sda      0.00      0.00      0.00      0.00      0.00      0.00      0.00      0.00

02:55:44 PM IST       DEV       tps     rkB/s     wkB/s     dkB/s   areq-sz    aqu-sz     await     %util
02:55:45 PM IST   nvme0n1      0.00      0.00      0.00      0.00      0.00      0.00      0.00      0.00
02:55:45 PM IST       sda      0.00      0.00      0.00      0.00      0.00      0.00      0.00      0.00

02:55:45 PM IST       DEV       tps     rkB/s     wkB/s     dkB/s   areq-sz    aqu-sz     await     %util
02:55:46 PM IST   nvme0n1      0.00      0.00      0.00      0.00      0.00      0.00      0.00      0.00
02:55:46 PM IST       sda      4.00      0.00     40.00      0.00     10.00      0.00      0.50      0.00

02:55:46 PM IST       DEV       tps     rkB/s     wkB/s     dkB/s   areq-sz    aqu-sz     await     %util
02:55:47 PM IST   nvme0n1      0.00      0.00      0.00      0.00      0.00      0.00      0.00      0.00
02:55:47 PM IST       sda      0.00      0.00      0.00      0.00      0.00      0.00      0.00      0.00

02:55:47 PM IST       DEV       tps     rkB/s     wkB/s     dkB/s   areq-sz    aqu-sz     await     %util
02:55:48 PM IST   nvme0n1      0.00      0.00      0.00      0.00      0.00      0.00      0.00      0.00
02:55:48 PM IST       sda      0.00      0.00      0.00      0.00      0.00      0.00      0.00      0.00

02:55:48 PM IST       DEV       tps     rkB/s     wkB/s     dkB/s   areq-sz    aqu-sz     await     %util
02:55:49 PM IST   nvme0n1      0.00      0.00      0.00      0.00      0.00      0.00      0.00      0.00
02:55:49 PM IST       sda      3.00      0.00     20.00      0.00      6.67      0.00      0.67      0.40

02:55:49 PM IST       DEV       tps     rkB/s     wkB/s     dkB/s   areq-sz    aqu-sz     await     %util
02:55:50 PM IST   nvme0n1      0.00      0.00      0.00      0.00      0.00      0.00      0.00      0.00
02:55:50 PM IST       sda      0.00      0.00      0.00      0.00      0.00      0.00      0.00      0.00

02:55:50 PM IST       DEV       tps     rkB/s     wkB/s     dkB/s   areq-sz    aqu-sz     await     %util
02:55:51 PM IST   nvme0n1      0.00      0.00      0.00      0.00      0.00      0.00      0.00      0.00
02:55:51 PM IST       sda      2.00      0.00     28.00      0.00     14.00      0.00      1.00      0.00

02:55:51 PM IST       DEV       tps     rkB/s     wkB/s     dkB/s   areq-sz    aqu-sz     await     %util
02:55:52 PM IST   nvme0n1      0.00      0.00      0.00      0.00      0.00      0.00      0.00      0.00
02:55:52 PM IST       sda      2.00      8.00      0.00      0.00      4.00      0.00      0.00      0.00

02:55:52 PM IST       DEV       tps     rkB/s     wkB/s     dkB/s   areq-sz    aqu-sz     await     %util
02:55:53 PM IST   nvme0n1      0.00      0.00      0.00      0.00      0.00      0.00      0.00      0.00
02:55:53 PM IST       sda      0.00      0.00      0.00      0.00      0.00      0.00      0.00      0.00

02:55:53 PM IST       DEV       tps     rkB/s     wkB/s     dkB/s   areq-sz    aqu-sz     await     %util
02:55:54 PM IST   nvme0n1      0.00      0.00      0.00      0.00      0.00      0.00      0.00      0.00
02:55:54 PM IST       sda      5.00      0.00    100.00      0.00     20.00      0.01      0.60      0.40

02:55:54 PM IST       DEV       tps     rkB/s     wkB/s     dkB/s   areq-sz    aqu-sz     await     %util
02:55:55 PM IST   nvme0n1      0.00      0.00      0.00      0.00      0.00      0.00      0.00      0.00
02:55:55 PM IST       sda      2.00      0.00     16.00      0.00      8.00      0.00      0.50      0.00

02:55:55 PM IST       DEV       tps     rkB/s     wkB/s     dkB/s   areq-sz    aqu-sz     await     %util
02:55:56 PM IST   nvme0n1      0.00      0.00      0.00      0.00      0.00      0.00      0.00      0.00
02:55:56 PM IST       sda      0.00      0.00      0.00      0.00      0.00      0.00      0.00      0.00

02:55:56 PM IST       DEV       tps     rkB/s     wkB/s     dkB/s   areq-sz    aqu-sz     await     %util
02:55:57 PM IST   nvme0n1      0.00      0.00      0.00      0.00      0.00      0.00      0.00      0.00
02:55:57 PM IST       sda      0.00      0.00      0.00      0.00      0.00      0.00      0.00      0.00

02:55:57 PM IST       DEV       tps     rkB/s     wkB/s     dkB/s   areq-sz    aqu-sz     await     %util
02:55:58 PM IST   nvme0n1      0.00      0.00      0.00      0.00      0.00      0.00      0.00      0.00
02:55:58 PM IST       sda      0.00      0.00      0.00      0.00      0.00      0.00      0.00      0.00

02:55:58 PM IST       DEV       tps     rkB/s     wkB/s     dkB/s   areq-sz    aqu-sz     await     %util
02:55:59 PM IST   nvme0n1      0.00      0.00      0.00      0.00      0.00      0.00      0.00      0.00
02:55:59 PM IST       sda     97.00      0.00    448.00      0.00      4.62      0.02      0.16      0.00

02:55:59 PM IST       DEV       tps     rkB/s     wkB/s     dkB/s   areq-sz    aqu-sz     await     %util
02:56:00 PM IST   nvme0n1      0.00      0.00      0.00      0.00      0.00      0.00      0.00      0.00
02:56:00 PM IST       sda      2.00      0.00     24.00      0.00     12.00      0.00      0.50      0.40

02:56:00 PM IST       DEV       tps     rkB/s     wkB/s     dkB/s   areq-sz    aqu-sz     await     %util
02:56:01 PM IST   nvme0n1      0.00      0.00      0.00      0.00      0.00      0.00      0.00      0.00
02:56:01 PM IST       sda      0.00      0.00      0.00      0.00      0.00      0.00      0.00      0.00

02:56:01 PM IST       DEV       tps     rkB/s     wkB/s     dkB/s   areq-sz    aqu-sz     await     %util
02:56:02 PM IST   nvme0n1      0.00      0.00      0.00      0.00      0.00      0.00      0.00      0.00
02:56:02 PM IST       sda      6.00     60.00     24.00      0.00     14.00      0.00      0.67      0.00

02:56:02 PM IST       DEV       tps     rkB/s     wkB/s     dkB/s   areq-sz    aqu-sz     await     %util
02:56:03 PM IST   nvme0n1      0.00      0.00      0.00      0.00      0.00      0.00      0.00      0.00
02:56:03 PM IST       sda     18.00      0.00     84.00      0.00      4.67      0.00      0.06      0.00

02:56:03 PM IST       DEV       tps     rkB/s     wkB/s     dkB/s   areq-sz    aqu-sz     await     %util
02:56:04 PM IST   nvme0n1      0.00      0.00      0.00      0.00      0.00      0.00      0.00      0.00
02:56:04 PM IST       sda      2.00      0.00     48.00      0.00     24.00      0.00      1.00      0.00

02:56:04 PM IST       DEV       tps     rkB/s     wkB/s     dkB/s   areq-sz    aqu-sz     await     %util
02:56:05 PM IST   nvme0n1      0.00      0.00      0.00      0.00      0.00      0.00      0.00      0.00
02:56:05 PM IST       sda     12.00      0.00    112.00      0.00      9.33      0.01      0.33      0.40

02:56:05 PM IST       DEV       tps     rkB/s     wkB/s     dkB/s   areq-sz    aqu-sz     await     %util
02:56:06 PM IST   nvme0n1      0.00      0.00      0.00      0.00      0.00      0.00      0.00      0.00
02:56:06 PM IST       sda      2.00      0.00     16.00      0.00      8.00      0.00      0.50      0.00

02:56:06 PM IST       DEV       tps     rkB/s     wkB/s     dkB/s   areq-sz    aqu-sz     await     %util
02:56:07 PM IST   nvme0n1      0.00      0.00      0.00      0.00      0.00      0.00      0.00      0.00
02:56:07 PM IST       sda     12.00      0.00    160.00      0.00     13.33      0.01      0.42      0.40

02:56:07 PM IST       DEV       tps     rkB/s     wkB/s     dkB/s   areq-sz    aqu-sz     await     %util
02:56:08 PM IST   nvme0n1      0.00      0.00      0.00      0.00      0.00      0.00      0.00      0.00
02:56:08 PM IST       sda     34.00     56.00    140.00      0.00      5.76      0.01      0.26      0.40

02:56:08 PM IST       DEV       tps     rkB/s     wkB/s     dkB/s   areq-sz    aqu-sz     await     %util
02:56:09 PM IST   nvme0n1      0.00      0.00      0.00      0.00      0.00      0.00      0.00      0.00
02:56:09 PM IST       sda     24.00      0.00    104.00      0.00      4.33      0.00      0.08      0.00

02:56:09 PM IST       DEV       tps     rkB/s     wkB/s     dkB/s   areq-sz    aqu-sz     await     %util
02:56:10 PM IST   nvme0n1      0.00      0.00      0.00      0.00      0.00      0.00      0.00      0.00
02:56:10 PM IST       sda      0.00      0.00      0.00      0.00      0.00      0.00      0.00      0.00

02:56:10 PM IST       DEV       tps     rkB/s     wkB/s     dkB/s   areq-sz    aqu-sz     await     %util
02:56:11 PM IST   nvme0n1      0.00      0.00      0.00      0.00      0.00      0.00      0.00      0.00
02:56:11 PM IST       sda      2.00      0.00     20.00      0.00     10.00      0.00      1.00      0.40

02:56:11 PM IST       DEV       tps     rkB/s     wkB/s     dkB/s   areq-sz    aqu-sz     await     %util
02:56:12 PM IST   nvme0n1      0.00      0.00      0.00      0.00      0.00      0.00      0.00      0.00
02:56:12 PM IST       sda      0.00      0.00      0.00      0.00      0.00      0.00      0.00      0.00

02:56:12 PM IST       DEV       tps     rkB/s     wkB/s     dkB/s   areq-sz    aqu-sz     await     %util
02:56:13 PM IST   nvme0n1      0.00      0.00      0.00      0.00      0.00      0.00      0.00      0.00
02:56:13 PM IST       sda      2.00      0.00     56.00      0.00     28.00      0.00      0.50      0.00

02:56:13 PM IST       DEV       tps     rkB/s     wkB/s     dkB/s   areq-sz    aqu-sz     await     %util
02:56:14 PM IST   nvme0n1      0.00      0.00      0.00      0.00      0.00      0.00      0.00      0.00
02:56:14 PM IST       sda      1.00      0.00      8.00      0.00      8.00      0.00      1.00      0.00

02:56:14 PM IST       DEV       tps     rkB/s     wkB/s     dkB/s   areq-sz    aqu-sz     await     %util
02:56:15 PM IST   nvme0n1      0.00      0.00      0.00      0.00      0.00      0.00      0.00      0.00
02:56:15 PM IST       sda      0.00      0.00      0.00      0.00      0.00      0.00      0.00      0.00

02:56:15 PM IST       DEV       tps     rkB/s     wkB/s     dkB/s   areq-sz    aqu-sz     await     %util
02:56:16 PM IST   nvme0n1      0.00      0.00      0.00      0.00      0.00      0.00      0.00      0.00
02:56:16 PM IST       sda      0.00      0.00      0.00      0.00      0.00      0.00      0.00      0.00

02:56:16 PM IST       DEV       tps     rkB/s     wkB/s     dkB/s   areq-sz    aqu-sz     await     %util
02:56:17 PM IST   nvme0n1      0.00      0.00      0.00      0.00      0.00      0.00      0.00      0.00
02:56:17 PM IST       sda      2.00      0.00     16.00      0.00      8.00      0.00      1.00      0.40

02:56:17 PM IST       DEV       tps     rkB/s     wkB/s     dkB/s   areq-sz    aqu-sz     await     %util
02:56:18 PM IST   nvme0n1      0.00      0.00      0.00      0.00      0.00      0.00      0.00      0.00
02:56:18 PM IST       sda      2.00      0.00     40.00      0.00     20.00      0.00      0.50      0.00

02:56:18 PM IST       DEV       tps     rkB/s     wkB/s     dkB/s   areq-sz    aqu-sz     await     %util
02:56:19 PM IST   nvme0n1      0.00      0.00      0.00      0.00      0.00      0.00      0.00      0.00
02:56:19 PM IST       sda      3.00      0.00     12.00      0.00      4.00      0.00      0.67      0.00

02:56:19 PM IST       DEV       tps     rkB/s     wkB/s     dkB/s   areq-sz    aqu-sz     await     %util
02:56:20 PM IST   nvme0n1      0.00      0.00      0.00      0.00      0.00      0.00      0.00      0.00
02:56:20 PM IST       sda      5.00      0.00    100.00      0.00     20.00      0.01      0.60      0.40

02:56:20 PM IST       DEV       tps     rkB/s     wkB/s     dkB/s   areq-sz    aqu-sz     await     %util
02:56:21 PM IST   nvme0n1      0.00      0.00      0.00      0.00      0.00      0.00      0.00      0.00
02:56:21 PM IST       sda      0.00      0.00      0.00      0.00      0.00      0.00      0.00      0.00

02:56:21 PM IST       DEV       tps     rkB/s     wkB/s     dkB/s   areq-sz    aqu-sz     await     %util
02:56:22 PM IST   nvme0n1      0.00      0.00      0.00      0.00      0.00      0.00      0.00      0.00
02:56:22 PM IST       sda      2.00      0.00     16.00      0.00      8.00      0.00      0.50      0.40

02:56:22 PM IST       DEV       tps     rkB/s     wkB/s     dkB/s   areq-sz    aqu-sz     await     %util
02:56:23 PM IST   nvme0n1      0.00      0.00      0.00      0.00      0.00      0.00      0.00      0.00
02:56:23 PM IST       sda      0.00      0.00      0.00      0.00      0.00      0.00      0.00      0.00

02:56:23 PM IST       DEV       tps     rkB/s     wkB/s     dkB/s   areq-sz    aqu-sz     await     %util
02:56:24 PM IST   nvme0n1      0.00      0.00      0.00      0.00      0.00      0.00      0.00      0.00
02:56:24 PM IST       sda      0.00      0.00      0.00      0.00      0.00      0.00      0.00      0.00

02:56:24 PM IST       DEV       tps     rkB/s     wkB/s     dkB/s   areq-sz    aqu-sz     await     %util
02:56:25 PM IST   nvme0n1      0.00      0.00      0.00      0.00      0.00      0.00      0.00      0.00
02:56:25 PM IST       sda      0.00      0.00      0.00      0.00      0.00      0.00      0.00      0.00

02:56:25 PM IST       DEV       tps     rkB/s     wkB/s     dkB/s   areq-sz    aqu-sz     await     %util
02:56:26 PM IST   nvme0n1      0.00      0.00      0.00      0.00      0.00      0.00      0.00      0.00
02:56:26 PM IST       sda      2.00      0.00     24.00      0.00     12.00      0.00      1.00      0.40

02:56:26 PM IST       DEV       tps     rkB/s     wkB/s     dkB/s   areq-sz    aqu-sz     await     %util
02:56:27 PM IST   nvme0n1      0.00      0.00      0.00      0.00      0.00      0.00      0.00      0.00
02:56:27 PM IST       sda      0.00      0.00      0.00      0.00      0.00      0.00      0.00      0.00

02:56:27 PM IST       DEV       tps     rkB/s     wkB/s     dkB/s   areq-sz    aqu-sz     await     %util
02:56:28 PM IST   nvme0n1      0.00      0.00      0.00      0.00      0.00      0.00      0.00      0.00
02:56:28 PM IST       sda      2.00      0.00     16.00      0.00      8.00      0.00      1.00      0.40

02:56:28 PM IST       DEV       tps     rkB/s     wkB/s     dkB/s   areq-sz    aqu-sz     await     %util
02:56:29 PM IST   nvme0n1      0.00      0.00      0.00      0.00      0.00      0.00      0.00      0.00
02:56:29 PM IST       sda     98.00      0.00    416.00      0.00      4.24      0.01      0.15      0.00

02:56:29 PM IST       DEV       tps     rkB/s     wkB/s     dkB/s   areq-sz    aqu-sz     await     %util
02:56:30 PM IST   nvme0n1      0.00      0.00      0.00      0.00      0.00      0.00      0.00      0.00
02:56:30 PM IST       sda      0.00      0.00      0.00      0.00      0.00      0.00      0.00      0.00

02:56:30 PM IST       DEV       tps     rkB/s     wkB/s     dkB/s   areq-sz    aqu-sz     await     %util
02:56:31 PM IST   nvme0n1      0.00      0.00      0.00      0.00      0.00      0.00      0.00      0.00
02:56:31 PM IST       sda      2.00      0.00     28.00      0.00     14.00      0.00      1.00      0.40

02:56:31 PM IST       DEV       tps     rkB/s     wkB/s     dkB/s   areq-sz    aqu-sz     await     %util
02:56:32 PM IST   nvme0n1      0.00      0.00      0.00      0.00      0.00      0.00      0.00      0.00
02:56:32 PM IST       sda      0.00      0.00      0.00      0.00      0.00      0.00      0.00      0.00

02:56:32 PM IST       DEV       tps     rkB/s     wkB/s     dkB/s   areq-sz    aqu-sz     await     %util
02:56:33 PM IST   nvme0n1      0.00      0.00      0.00      0.00      0.00      0.00      0.00      0.00
02:56:33 PM IST       sda      6.00      0.00     32.00      0.00      5.33      0.00      0.67      0.00

02:56:33 PM IST       DEV       tps     rkB/s     wkB/s     dkB/s   areq-sz    aqu-sz     await     %util
02:56:34 PM IST   nvme0n1      0.00      0.00      0.00      0.00      0.00      0.00      0.00      0.00
02:56:34 PM IST       sda      7.00      0.00    148.00      0.00     21.14      0.01      0.57      0.40

02:56:34 PM IST       DEV       tps     rkB/s     wkB/s     dkB/s   areq-sz    aqu-sz     await     %util
02:56:35 PM IST   nvme0n1      0.00      0.00      0.00      0.00      0.00      0.00      0.00      0.00
02:56:35 PM IST       sda      2.00      8.00      0.00      0.00      4.00      0.00      0.50      0.40

02:56:35 PM IST       DEV       tps     rkB/s     wkB/s     dkB/s   areq-sz    aqu-sz     await     %util
02:56:36 PM IST   nvme0n1      0.00      0.00      0.00      0.00      0.00      0.00      0.00      0.00
02:56:36 PM IST       sda      0.00      0.00      0.00      0.00      0.00      0.00      0.00      0.00

02:56:36 PM IST       DEV       tps     rkB/s     wkB/s     dkB/s   areq-sz    aqu-sz     await     %util
02:56:37 PM IST   nvme0n1      0.00      0.00      0.00      0.00      0.00      0.00      0.00      0.00
02:56:37 PM IST       sda      0.00      0.00      0.00      0.00      0.00      0.00      0.00      0.00

02:56:37 PM IST       DEV       tps     rkB/s     wkB/s     dkB/s   areq-sz    aqu-sz     await     %util
02:56:38 PM IST   nvme0n1      0.00      0.00      0.00      0.00      0.00      0.00      0.00      0.00
02:56:38 PM IST       sda      4.00      0.00     60.00      0.00     15.00      0.00      0.75      0.00

02:56:38 PM IST       DEV       tps     rkB/s     wkB/s     dkB/s   areq-sz    aqu-sz     await     %util
02:56:39 PM IST   nvme0n1      0.00      0.00      0.00      0.00      0.00      0.00      0.00      0.00
02:56:39 PM IST       sda     22.00      0.00    200.00      0.00      9.09      0.01      0.18      0.00

02:56:39 PM IST       DEV       tps     rkB/s     wkB/s     dkB/s   areq-sz    aqu-sz     await     %util
02:56:40 PM IST   nvme0n1      0.00      0.00      0.00      0.00      0.00      0.00      0.00      0.00
02:56:40 PM IST       sda      2.00      0.00     16.00      0.00      8.00      0.00      0.50      0.00

02:56:40 PM IST       DEV       tps     rkB/s     wkB/s     dkB/s   areq-sz    aqu-sz     await     %util
02:56:41 PM IST   nvme0n1      0.00      0.00      0.00      0.00      0.00      0.00      0.00      0.00
02:56:41 PM IST       sda      0.00      0.00      0.00      0.00      0.00      0.00      0.00      0.00

02:56:41 PM IST       DEV       tps     rkB/s     wkB/s     dkB/s   areq-sz    aqu-sz     await     %util
02:56:42 PM IST   nvme0n1      0.00      0.00      0.00      0.00      0.00      0.00      0.00      0.00
02:56:42 PM IST       sda      0.00      0.00      0.00      0.00      0.00      0.00      0.00      0.00

02:56:42 PM IST       DEV       tps     rkB/s     wkB/s     dkB/s   areq-sz    aqu-sz     await     %util
02:56:43 PM IST   nvme0n1      0.00      0.00      0.00      0.00      0.00      0.00      0.00      0.00
02:56:43 PM IST       sda     22.00      0.00    104.00      0.00      4.73      0.01      0.36      0.00

02:56:43 PM IST       DEV       tps     rkB/s     wkB/s     dkB/s   areq-sz    aqu-sz     await     %util
02:56:44 PM IST   nvme0n1      0.00      0.00      0.00      0.00      0.00      0.00      0.00      0.00
02:56:44 PM IST       sda      2.00      0.00     28.00      0.00     14.00      0.00      0.50      0.00

02:56:44 PM IST       DEV       tps     rkB/s     wkB/s     dkB/s   areq-sz    aqu-sz     await     %util
02:56:45 PM IST   nvme0n1      0.00      0.00      0.00      0.00      0.00      0.00      0.00      0.00
02:56:45 PM IST       sda      1.00      0.00      8.00      0.00      8.00      0.00      0.00      0.00

02:56:45 PM IST       DEV       tps     rkB/s     wkB/s     dkB/s   areq-sz    aqu-sz     await     %util
02:56:46 PM IST   nvme0n1      0.00      0.00      0.00      0.00      0.00      0.00      0.00      0.00
02:56:46 PM IST       sda      2.00      0.00     16.00      0.00      8.00      0.00      0.50      0.00

02:56:46 PM IST       DEV       tps     rkB/s     wkB/s     dkB/s   areq-sz    aqu-sz     await     %util
02:56:47 PM IST   nvme0n1      0.00      0.00      0.00      0.00      0.00      0.00      0.00      0.00
02:56:47 PM IST       sda      6.00      0.00    144.00      0.00     24.00      0.01      0.67      0.40

02:56:47 PM IST       DEV       tps     rkB/s     wkB/s     dkB/s   areq-sz    aqu-sz     await     %util
02:56:48 PM IST   nvme0n1      0.00      0.00      0.00      0.00      0.00      0.00      0.00      0.00
02:56:48 PM IST       sda      0.00      0.00      0.00      0.00      0.00      0.00      0.00      0.00

02:56:48 PM IST       DEV       tps     rkB/s     wkB/s     dkB/s   areq-sz    aqu-sz     await     %util
02:56:49 PM IST   nvme0n1      0.00      0.00      0.00      0.00      0.00      0.00      0.00      0.00
02:56:49 PM IST       sda      0.00      0.00      0.00      0.00      0.00      0.00      0.00      0.00

02:56:49 PM IST       DEV       tps     rkB/s     wkB/s     dkB/s   areq-sz    aqu-sz     await     %util
02:56:50 PM IST   nvme0n1      0.00      0.00      0.00      0.00      0.00      0.00      0.00      0.00
02:56:50 PM IST       sda      0.00      0.00      0.00      0.00      0.00      0.00      0.00      0.00

02:56:50 PM IST       DEV       tps     rkB/s     wkB/s     dkB/s   areq-sz    aqu-sz     await     %util
02:56:51 PM IST   nvme0n1      0.00      0.00      0.00      0.00      0.00      0.00      0.00      0.00
02:56:51 PM IST       sda      2.00      0.00     16.00      0.00      8.00      0.00      0.50      0.40

02:56:51 PM IST       DEV       tps     rkB/s     wkB/s     dkB/s   areq-sz    aqu-sz     await     %util
02:56:52 PM IST   nvme0n1      0.00      0.00      0.00      0.00      0.00      0.00      0.00      0.00
02:56:52 PM IST       sda      2.00      0.00     28.00      0.00     14.00      0.00      0.50      0.00

02:56:52 PM IST       DEV       tps     rkB/s     wkB/s     dkB/s   areq-sz    aqu-sz     await     %util
02:56:53 PM IST   nvme0n1      0.00      0.00      0.00      0.00      0.00      0.00      0.00      0.00
02:56:53 PM IST       sda      1.00      0.00      4.00      0.00      4.00      0.00      1.00      0.00

02:56:53 PM IST       DEV       tps     rkB/s     wkB/s     dkB/s   areq-sz    aqu-sz     await     %util
02:56:54 PM IST   nvme0n1      0.00      0.00      0.00      0.00      0.00      0.00      0.00      0.00
02:56:54 PM IST       sda      0.00      0.00      0.00      0.00      0.00      0.00      0.00      0.00

02:56:54 PM IST       DEV       tps     rkB/s     wkB/s     dkB/s   areq-sz    aqu-sz     await     %util
02:56:55 PM IST   nvme0n1      0.00      0.00      0.00      0.00      0.00      0.00      0.00      0.00
02:56:55 PM IST       sda      0.00      0.00      0.00      0.00      0.00      0.00      0.00      0.00

02:56:55 PM IST       DEV       tps     rkB/s     wkB/s     dkB/s   areq-sz    aqu-sz     await     %util
02:56:56 PM IST   nvme0n1      0.00      0.00      0.00      0.00      0.00      0.00      0.00      0.00
02:56:56 PM IST       sda      0.00      0.00      0.00      0.00      0.00      0.00      0.00      0.00

02:56:56 PM IST       DEV       tps     rkB/s     wkB/s     dkB/s   areq-sz    aqu-sz     await     %util
02:56:57 PM IST   nvme0n1      0.00      0.00      0.00      0.00      0.00      0.00      0.00      0.00
02:56:57 PM IST       sda      2.00      0.00     16.00      0.00      8.00      0.00      1.00      0.40

02:56:57 PM IST       DEV       tps     rkB/s     wkB/s     dkB/s   areq-sz    aqu-sz     await     %util
02:56:58 PM IST   nvme0n1      0.00      0.00      0.00      0.00      0.00      0.00      0.00      0.00
02:56:58 PM IST       sda      2.00      0.00     36.00      0.00     18.00      0.00      0.50      0.00

02:56:58 PM IST       DEV       tps     rkB/s     wkB/s     dkB/s   areq-sz    aqu-sz     await     %util
02:56:59 PM IST   nvme0n1      0.00      0.00      0.00      0.00      0.00      0.00      0.00      0.00
02:56:59 PM IST       sda      0.00      0.00      0.00      0.00      0.00      0.00      0.00      0.00

02:56:59 PM IST       DEV       tps     rkB/s     wkB/s     dkB/s   areq-sz    aqu-sz     await     %util
02:57:00 PM IST   nvme0n1      0.00      0.00      0.00      0.00      0.00      0.00      0.00      0.00
02:57:00 PM IST       sda     98.00      0.00    504.00      0.00      5.14      0.02      0.14      0.80

02:57:00 PM IST       DEV       tps     rkB/s     wkB/s     dkB/s   areq-sz    aqu-sz     await     %util
02:57:01 PM IST   nvme0n1      0.00      0.00      0.00      0.00      0.00      0.00      0.00      0.00
02:57:01 PM IST       sda      0.00      0.00      0.00      0.00      0.00      0.00      0.00      0.00

02:57:01 PM IST       DEV       tps     rkB/s     wkB/s     dkB/s   areq-sz    aqu-sz     await     %util
02:57:02 PM IST   nvme0n1      0.00      0.00      0.00      0.00      0.00      0.00      0.00      0.00
02:57:02 PM IST       sda      0.00      0.00      0.00      0.00      0.00      0.00      0.00      0.00

02:57:02 PM IST       DEV       tps     rkB/s     wkB/s     dkB/s   areq-sz    aqu-sz     await     %util
02:57:03 PM IST   nvme0n1      0.00      0.00      0.00      0.00      0.00      0.00      0.00      0.00
02:57:03 PM IST       sda      2.00      0.00     20.00      0.00     10.00      0.00      1.00      0.40

02:57:03 PM IST       DEV       tps     rkB/s     wkB/s     dkB/s   areq-sz    aqu-sz     await     %util
02:57:04 PM IST   nvme0n1      0.00      0.00      0.00      0.00      0.00      0.00      0.00      0.00
02:57:04 PM IST       sda      5.00      0.00     24.00      0.00      4.80      0.00      0.20      0.00

02:57:04 PM IST       DEV       tps     rkB/s     wkB/s     dkB/s   areq-sz    aqu-sz     await     %util
02:57:05 PM IST   nvme0n1      0.00      0.00      0.00      0.00      0.00      0.00      0.00      0.00
02:57:05 PM IST       sda     12.00      0.00    124.00      0.00     10.33      0.01      0.33      0.40

02:57:05 PM IST       DEV       tps     rkB/s     wkB/s     dkB/s   areq-sz    aqu-sz     await     %util
02:57:06 PM IST   nvme0n1      0.00      0.00      0.00      0.00      0.00      0.00      0.00      0.00
02:57:06 PM IST       sda      0.00      0.00      0.00      0.00      0.00      0.00      0.00      0.00

02:57:06 PM IST       DEV       tps     rkB/s     wkB/s     dkB/s   areq-sz    aqu-sz     await     %util
02:57:07 PM IST   nvme0n1      0.00      0.00      0.00      0.00      0.00      0.00      0.00      0.00
02:57:07 PM IST       sda      0.00      0.00      0.00      0.00      0.00      0.00      0.00      0.00

02:57:07 PM IST       DEV       tps     rkB/s     wkB/s     dkB/s   areq-sz    aqu-sz     await     %util
02:57:08 PM IST   nvme0n1      0.00      0.00      0.00      0.00      0.00      0.00      0.00      0.00
02:57:08 PM IST       sda      2.00      0.00     20.00      0.00     10.00      0.00      1.00      0.40

02:57:08 PM IST       DEV       tps     rkB/s     wkB/s     dkB/s   areq-sz    aqu-sz     await     %util
02:57:09 PM IST   nvme0n1      0.00      0.00      0.00      0.00      0.00      0.00      0.00      0.00
02:57:09 PM IST       sda     11.00      0.00     64.00      0.00      5.82      0.00      0.09      0.00

02:57:09 PM IST       DEV       tps     rkB/s     wkB/s     dkB/s   areq-sz    aqu-sz     await     %util
02:57:10 PM IST   nvme0n1      0.00      0.00      0.00      0.00      0.00      0.00      0.00      0.00
02:57:10 PM IST       sda      2.00      0.00     36.00      0.00     18.00      0.00      0.50      0.00

02:57:10 PM IST       DEV       tps     rkB/s     wkB/s     dkB/s   areq-sz    aqu-sz     await     %util
02:57:11 PM IST   nvme0n1      0.00      0.00      0.00      0.00      0.00      0.00      0.00      0.00
02:57:11 PM IST       sda      0.00      0.00      0.00      0.00      0.00      0.00      0.00      0.00

02:57:11 PM IST       DEV       tps     rkB/s     wkB/s     dkB/s   areq-sz    aqu-sz     await     %util
02:57:12 PM IST   nvme0n1      0.00      0.00      0.00      0.00      0.00      0.00      0.00      0.00
02:57:12 PM IST       sda      0.00      0.00      0.00      0.00      0.00      0.00      0.00      0.00

02:57:12 PM IST       DEV       tps     rkB/s     wkB/s     dkB/s   areq-sz    aqu-sz     await     %util
02:57:13 PM IST   nvme0n1      0.00      0.00      0.00      0.00      0.00      0.00      0.00      0.00
02:57:13 PM IST       sda      1.00      4.00      0.00      0.00      4.00      0.00      1.00      0.00

02:57:13 PM IST       DEV       tps     rkB/s     wkB/s     dkB/s   areq-sz    aqu-sz     await     %util
02:57:14 PM IST   nvme0n1      0.00      0.00      0.00      0.00      0.00      0.00      0.00      0.00
02:57:14 PM IST       sda     10.00      0.00    176.00      0.00     17.60      0.01      0.50      0.40

02:57:14 PM IST       DEV       tps     rkB/s     wkB/s     dkB/s   areq-sz    aqu-sz     await     %util
02:57:15 PM IST   nvme0n1      0.00      0.00      0.00      0.00      0.00      0.00      0.00      0.00
02:57:15 PM IST       sda     28.00      0.00    112.00      0.00      4.00      0.01      0.50      0.00

02:57:15 PM IST       DEV       tps     rkB/s     wkB/s     dkB/s   areq-sz    aqu-sz     await     %util
02:57:16 PM IST   nvme0n1      0.00      0.00      0.00      0.00      0.00      0.00      0.00      0.00
02:57:16 PM IST       sda      1.00      0.00      8.00      0.00      8.00      0.00      0.00      0.00

02:57:16 PM IST       DEV       tps     rkB/s     wkB/s     dkB/s   areq-sz    aqu-sz     await     %util
02:57:17 PM IST   nvme0n1      0.00      0.00      0.00      0.00      0.00      0.00      0.00      0.00
02:57:17 PM IST       sda      0.00      0.00      0.00      0.00      0.00      0.00      0.00      0.00

02:57:17 PM IST       DEV       tps     rkB/s     wkB/s     dkB/s   areq-sz    aqu-sz     await     %util
02:57:18 PM IST   nvme0n1      0.00      0.00      0.00      0.00      0.00      0.00      0.00      0.00
02:57:18 PM IST       sda      0.00      0.00      0.00      0.00      0.00      0.00      0.00      0.00

02:57:18 PM IST       DEV       tps     rkB/s     wkB/s     dkB/s   areq-sz    aqu-sz     await     %util
02:57:19 PM IST   nvme0n1      0.00      0.00      0.00      0.00      0.00      0.00      0.00      0.00
02:57:19 PM IST       sda      2.00      0.00     56.00      0.00     28.00      0.00      1.00      0.00

02:57:19 PM IST       DEV       tps     rkB/s     wkB/s     dkB/s   areq-sz    aqu-sz     await     %util
02:57:20 PM IST   nvme0n1      0.00      0.00      0.00      0.00      0.00      0.00      0.00      0.00
02:57:20 PM IST       sda      2.00      0.00     16.00      0.00      8.00      0.00      0.50      0.00

02:57:20 PM IST       DEV       tps     rkB/s     wkB/s     dkB/s   areq-sz    aqu-sz     await     %util
02:57:21 PM IST   nvme0n1      0.00      0.00      0.00      0.00      0.00      0.00      0.00      0.00
02:57:21 PM IST       sda      0.00      0.00      0.00      0.00      0.00      0.00      0.00      0.00

02:57:21 PM IST       DEV       tps     rkB/s     wkB/s     dkB/s   areq-sz    aqu-sz     await     %util
02:57:22 PM IST   nvme0n1      0.00      0.00      0.00      0.00      0.00      0.00      0.00      0.00
02:57:22 PM IST       sda      0.00      0.00      0.00      0.00      0.00      0.00      0.00      0.00

02:57:22 PM IST       DEV       tps     rkB/s     wkB/s     dkB/s   areq-sz    aqu-sz     await     %util
02:57:23 PM IST   nvme0n1      0.00      0.00      0.00      0.00      0.00      0.00      0.00      0.00
02:57:23 PM IST       sda      0.00      0.00      0.00      0.00      0.00      0.00      0.00      0.00

02:57:23 PM IST       DEV       tps     rkB/s     wkB/s     dkB/s   areq-sz    aqu-sz     await     %util
02:57:24 PM IST   nvme0n1      0.00      0.00      0.00      0.00      0.00      0.00      0.00      0.00
02:57:24 PM IST       sda      7.00      0.00    148.00      0.00     21.14      0.01      0.43      0.00

02:57:24 PM IST       DEV       tps     rkB/s     wkB/s     dkB/s   areq-sz    aqu-sz     await     %util
02:57:25 PM IST   nvme0n1      0.00      0.00      0.00      0.00      0.00      0.00      0.00      0.00
02:57:25 PM IST       sda      0.00      0.00      0.00      0.00      0.00      0.00      0.00      0.00

02:57:25 PM IST       DEV       tps     rkB/s     wkB/s     dkB/s   areq-sz    aqu-sz     await     %util
02:57:26 PM IST   nvme0n1      0.00      0.00      0.00      0.00      0.00      0.00      0.00      0.00
02:57:26 PM IST       sda      2.00      0.00     16.00      0.00      8.00      0.00      1.00      0.40

02:57:26 PM IST       DEV       tps     rkB/s     wkB/s     dkB/s   areq-sz    aqu-sz     await     %util
02:57:27 PM IST   nvme0n1      0.00      0.00      0.00      0.00      0.00      0.00      0.00      0.00
02:57:27 PM IST       sda      8.00      0.00    140.00      0.00     17.50      0.01      0.38      0.40

02:57:27 PM IST       DEV       tps     rkB/s     wkB/s     dkB/s   areq-sz    aqu-sz     await     %util
02:57:28 PM IST   nvme0n1      0.00      0.00      0.00      0.00      0.00      0.00      0.00      0.00
02:57:28 PM IST       sda      0.00      0.00      0.00      0.00      0.00      0.00      0.00      0.00

02:57:28 PM IST       DEV       tps     rkB/s     wkB/s     dkB/s   areq-sz    aqu-sz     await     %util
02:57:29 PM IST   nvme0n1      0.00      0.00      0.00      0.00      0.00      0.00      0.00      0.00
02:57:29 PM IST       sda      0.00      0.00      0.00      0.00      0.00      0.00      0.00      0.00

02:57:29 PM IST       DEV       tps     rkB/s     wkB/s     dkB/s   areq-sz    aqu-sz     await     %util
02:57:30 PM IST   nvme0n1      0.00      0.00      0.00      0.00      0.00      0.00      0.00      0.00
02:57:30 PM IST       sda      6.00      0.00     68.00      0.00     11.33      0.01      0.67      0.40

02:57:30 PM IST       DEV       tps     rkB/s     wkB/s     dkB/s   areq-sz    aqu-sz     await     %util
02:57:31 PM IST   nvme0n1      0.00      0.00      0.00      0.00      0.00      0.00      0.00      0.00
02:57:31 PM IST       sda     98.00      0.00    416.00      0.00      4.24      0.01      0.11      0.00

02:57:31 PM IST       DEV       tps     rkB/s     wkB/s     dkB/s   areq-sz    aqu-sz     await     %util
02:57:32 PM IST   nvme0n1      0.00      0.00      0.00      0.00      0.00      0.00      0.00      0.00
02:57:32 PM IST       sda      0.00      0.00      0.00      0.00      0.00      0.00      0.00      0.00

02:57:32 PM IST       DEV       tps     rkB/s     wkB/s     dkB/s   areq-sz    aqu-sz     await     %util
02:57:33 PM IST   nvme0n1      0.00      0.00      0.00      0.00      0.00      0.00      0.00      0.00
02:57:33 PM IST       sda      0.00      0.00      0.00      0.00      0.00      0.00      0.00      0.00

02:57:33 PM IST       DEV       tps     rkB/s     wkB/s     dkB/s   areq-sz    aqu-sz     await     %util
02:57:34 PM IST   nvme0n1      0.00      0.00      0.00      0.00      0.00      0.00      0.00      0.00
02:57:34 PM IST       sda      0.00      0.00      0.00      0.00      0.00      0.00      0.00      0.00

02:57:34 PM IST       DEV       tps     rkB/s     wkB/s     dkB/s   areq-sz    aqu-sz     await     %util
02:57:35 PM IST   nvme0n1      0.00      0.00      0.00      0.00      0.00      0.00      0.00      0.00
02:57:35 PM IST       sda      2.00      8.00      0.00      0.00      4.00      0.00      0.50      0.00

02:57:35 PM IST       DEV       tps     rkB/s     wkB/s     dkB/s   areq-sz    aqu-sz     await     %util
02:57:36 PM IST   nvme0n1      0.00      0.00      0.00      0.00      0.00      0.00      0.00      0.00
02:57:36 PM IST       sda      4.00      0.00     88.00      0.00     22.00      0.00      0.50      0.00

02:57:36 PM IST       DEV       tps     rkB/s     wkB/s     dkB/s   areq-sz    aqu-sz     await     %util
02:57:37 PM IST   nvme0n1      0.00      0.00      0.00      0.00      0.00      0.00      0.00      0.00
02:57:37 PM IST       sda      0.00      0.00      0.00      0.00      0.00      0.00      0.00      0.00

02:57:37 PM IST       DEV       tps     rkB/s     wkB/s     dkB/s   areq-sz    aqu-sz     await     %util
02:57:38 PM IST   nvme0n1      0.00      0.00      0.00      0.00      0.00      0.00      0.00      0.00
02:57:38 PM IST       sda      0.00      0.00      0.00      0.00      0.00      0.00      0.00      0.00

02:57:38 PM IST       DEV       tps     rkB/s     wkB/s     dkB/s   areq-sz    aqu-sz     await     %util
02:57:39 PM IST   nvme0n1      0.00      0.00      0.00      0.00      0.00      0.00      0.00      0.00
02:57:39 PM IST       sda    108.00      0.00    480.00      0.00      4.44      0.04      0.36      0.40

02:57:39 PM IST       DEV       tps     rkB/s     wkB/s     dkB/s   areq-sz    aqu-sz     await     %util
02:57:40 PM IST   nvme0n1      0.00      0.00      0.00      0.00      0.00      0.00      0.00      0.00
02:57:40 PM IST       sda      8.00      0.00    132.00      0.00     16.50      0.01      0.50      0.00

02:57:40 PM IST       DEV       tps     rkB/s     wkB/s     dkB/s   areq-sz    aqu-sz     await     %util
02:57:41 PM IST   nvme0n1      0.00      0.00      0.00      0.00      0.00      0.00      0.00      0.00
02:57:41 PM IST       sda      0.00      0.00      0.00      0.00      0.00      0.00      0.00      0.00

02:57:41 PM IST       DEV       tps     rkB/s     wkB/s     dkB/s   areq-sz    aqu-sz     await     %util
02:57:42 PM IST   nvme0n1      0.00      0.00      0.00      0.00      0.00      0.00      0.00      0.00
02:57:42 PM IST       sda      0.00      0.00      0.00      0.00      0.00      0.00      0.00      0.00

02:57:42 PM IST       DEV       tps     rkB/s     wkB/s     dkB/s   areq-sz    aqu-sz     await     %util
02:57:43 PM IST   nvme0n1      0.00      0.00      0.00      0.00      0.00      0.00      0.00      0.00
02:57:43 PM IST       sda      3.00      0.00     20.00      0.00      6.67      0.00      0.67      0.00

02:57:43 PM IST       DEV       tps     rkB/s     wkB/s     dkB/s   areq-sz    aqu-sz     await     %util
02:57:44 PM IST   nvme0n1      0.00      0.00      0.00      0.00      0.00      0.00      0.00      0.00
02:57:44 PM IST       sda      0.00      0.00      0.00      0.00      0.00      0.00      0.00      0.00

02:57:44 PM IST       DEV       tps     rkB/s     wkB/s     dkB/s   areq-sz    aqu-sz     await     %util
02:57:45 PM IST   nvme0n1      0.00      0.00      0.00      0.00      0.00      0.00      0.00      0.00
02:57:45 PM IST       sda     27.00      0.00    156.00      0.00      5.78      0.01      0.30      0.00

02:57:45 PM IST       DEV       tps     rkB/s     wkB/s     dkB/s   areq-sz    aqu-sz     await     %util
02:57:46 PM IST   nvme0n1      0.00      0.00      0.00      0.00      0.00      0.00      0.00      0.00
02:57:46 PM IST       sda      2.00      0.00     64.00      0.00     32.00      0.00      0.50      0.00

02:57:46 PM IST       DEV       tps     rkB/s     wkB/s     dkB/s   areq-sz    aqu-sz     await     %util
02:57:47 PM IST   nvme0n1      0.00      0.00      0.00      0.00      0.00      0.00      0.00      0.00
02:57:47 PM IST       sda      5.00     20.00      4.00      0.00      4.80      0.00      0.20      0.00

02:57:47 PM IST       DEV       tps     rkB/s     wkB/s     dkB/s   areq-sz    aqu-sz     await     %util
02:57:48 PM IST   nvme0n1      0.00      0.00      0.00      0.00      0.00      0.00      0.00      0.00
02:57:48 PM IST       sda      2.00      0.00     16.00      0.00      8.00      0.00      1.00      0.00

02:57:48 PM IST       DEV       tps     rkB/s     wkB/s     dkB/s   areq-sz    aqu-sz     await     %util
02:57:49 PM IST   nvme0n1      0.00      0.00      0.00      0.00      0.00      0.00      0.00      0.00
02:57:49 PM IST       sda     37.00      0.00    168.00      0.00      4.54      0.01      0.38      0.00

02:57:49 PM IST       DEV       tps     rkB/s     wkB/s     dkB/s   areq-sz    aqu-sz     await     %util
02:57:50 PM IST   nvme0n1      0.00      0.00      0.00      0.00      0.00      0.00      0.00      0.00
02:57:50 PM IST       sda      0.00      0.00      0.00      0.00      0.00      0.00      0.00      0.00

02:57:50 PM IST       DEV       tps     rkB/s     wkB/s     dkB/s   areq-sz    aqu-sz     await     %util
02:57:51 PM IST   nvme0n1      0.00      0.00      0.00      0.00      0.00      0.00      0.00      0.00
02:57:51 PM IST       sda      2.00      0.00     28.00      0.00     14.00      0.00      0.50      0.00

02:57:51 PM IST       DEV       tps     rkB/s     wkB/s     dkB/s   areq-sz    aqu-sz     await     %util
02:57:52 PM IST   nvme0n1      0.00      0.00      0.00      0.00      0.00      0.00      0.00      0.00
02:57:52 PM IST       sda      0.00      0.00      0.00      0.00      0.00      0.00      0.00      0.00

02:57:52 PM IST       DEV       tps     rkB/s     wkB/s     dkB/s   areq-sz    aqu-sz     await     %util
02:57:53 PM IST   nvme0n1      0.00      0.00      0.00      0.00      0.00      0.00      0.00      0.00
02:57:53 PM IST       sda      5.00      0.00    100.00      0.00     20.00      0.00      0.60      0.40

02:57:53 PM IST       DEV       tps     rkB/s     wkB/s     dkB/s   areq-sz    aqu-sz     await     %util
02:57:54 PM IST   nvme0n1      0.00      0.00      0.00      0.00      0.00      0.00      0.00      0.00
02:57:54 PM IST       sda      3.00      0.00     28.00      0.00      9.33      0.00      0.33      0.00

02:57:54 PM IST       DEV       tps     rkB/s     wkB/s     dkB/s   areq-sz    aqu-sz     await     %util
02:57:55 PM IST   nvme0n1      0.00      0.00      0.00      0.00      0.00      0.00      0.00      0.00
02:57:55 PM IST       sda      0.00      0.00      0.00      0.00      0.00      0.00      0.00      0.00

02:57:55 PM IST       DEV       tps     rkB/s     wkB/s     dkB/s   areq-sz    aqu-sz     await     %util
02:57:56 PM IST   nvme0n1      0.00      0.00      0.00      0.00      0.00      0.00      0.00      0.00
02:57:56 PM IST       sda      0.00      0.00      0.00      0.00      0.00      0.00      0.00      0.00

02:57:56 PM IST       DEV       tps     rkB/s     wkB/s     dkB/s   areq-sz    aqu-sz     await     %util
02:57:57 PM IST   nvme0n1      0.00      0.00      0.00      0.00      0.00      0.00      0.00      0.00
02:57:57 PM IST       sda      0.00      0.00      0.00      0.00      0.00      0.00      0.00      0.00

02:57:57 PM IST       DEV       tps     rkB/s     wkB/s     dkB/s   areq-sz    aqu-sz     await     %util
02:57:58 PM IST   nvme0n1      0.00      0.00      0.00      0.00      0.00      0.00      0.00      0.00
02:57:58 PM IST       sda      0.00      0.00      0.00      0.00      0.00      0.00      0.00      0.00

02:57:58 PM IST       DEV       tps     rkB/s     wkB/s     dkB/s   areq-sz    aqu-sz     await     %util
02:57:59 PM IST   nvme0n1      0.00      0.00      0.00      0.00      0.00      0.00      0.00      0.00
02:57:59 PM IST       sda      4.00      0.00     40.00      0.00     10.00      0.01      0.75      0.40

02:57:59 PM IST       DEV       tps     rkB/s     wkB/s     dkB/s   areq-sz    aqu-sz     await     %util
02:58:00 PM IST   nvme0n1      0.00      0.00      0.00      0.00      0.00      0.00      0.00      0.00
02:58:00 PM IST       sda      0.00      0.00      0.00      0.00      0.00      0.00      0.00      0.00

02:58:00 PM IST       DEV       tps     rkB/s     wkB/s     dkB/s   areq-sz    aqu-sz     await     %util
02:58:01 PM IST   nvme0n1      0.00      0.00      0.00      0.00      0.00      0.00      0.00      0.00
02:58:01 PM IST       sda      0.00      0.00      0.00      0.00      0.00      0.00      0.00      0.00

02:58:01 PM IST       DEV       tps     rkB/s     wkB/s     dkB/s   areq-sz    aqu-sz     await     %util
02:58:02 PM IST   nvme0n1      0.00      0.00      0.00      0.00      0.00      0.00      0.00      0.00
02:58:02 PM IST       sda     86.00      0.00    360.00      0.00      4.19      0.01      0.16      0.00

02:58:02 PM IST       DEV       tps     rkB/s     wkB/s     dkB/s   areq-sz    aqu-sz     await     %util
02:58:03 PM IST   nvme0n1      0.00      0.00      0.00      0.00      0.00      0.00      0.00      0.00
02:58:03 PM IST       sda      0.00      0.00      0.00      0.00      0.00      0.00      0.00      0.00

02:58:03 PM IST       DEV       tps     rkB/s     wkB/s     dkB/s   areq-sz    aqu-sz     await     %util
02:58:04 PM IST   nvme0n1      0.00      0.00      0.00      0.00      0.00      0.00      0.00      0.00
02:58:04 PM IST       sda      2.00      0.00     28.00      0.00     14.00      0.00      0.50      0.40

02:58:04 PM IST       DEV       tps     rkB/s     wkB/s     dkB/s   areq-sz    aqu-sz     await     %util
02:58:05 PM IST   nvme0n1      0.00      0.00      0.00      0.00      0.00      0.00      0.00      0.00
02:58:05 PM IST       sda     14.00      0.00    128.00      0.00      9.14      0.01      0.36      0.40

02:58:05 PM IST       DEV       tps     rkB/s     wkB/s     dkB/s   areq-sz    aqu-sz     await     %util
02:58:06 PM IST   nvme0n1      0.00      0.00      0.00      0.00      0.00      0.00      0.00      0.00
02:58:06 PM IST       sda      1.00      0.00     12.00      0.00     12.00      0.00      1.00      0.00

02:58:06 PM IST       DEV       tps     rkB/s     wkB/s     dkB/s   areq-sz    aqu-sz     await     %util
02:58:07 PM IST   nvme0n1      0.00      0.00      0.00      0.00      0.00      0.00      0.00      0.00
02:58:07 PM IST       sda      5.00      0.00    100.00      0.00     20.00      0.01      0.60      0.00

02:58:07 PM IST       DEV       tps     rkB/s     wkB/s     dkB/s   areq-sz    aqu-sz     await     %util
02:58:08 PM IST   nvme0n1      0.00      0.00      0.00      0.00      0.00      0.00      0.00      0.00
02:58:08 PM IST       sda      0.00      0.00      0.00      0.00      0.00      0.00      0.00      0.00

02:58:08 PM IST       DEV       tps     rkB/s     wkB/s     dkB/s   areq-sz    aqu-sz     await     %util
02:58:09 PM IST   nvme0n1      0.00      0.00      0.00      0.00      0.00      0.00      0.00      0.00
02:58:09 PM IST       sda      0.00      0.00      0.00      0.00      0.00      0.00      0.00      0.00

02:58:09 PM IST       DEV       tps     rkB/s     wkB/s     dkB/s   areq-sz    aqu-sz     await     %util
02:58:10 PM IST   nvme0n1      0.00      0.00      0.00      0.00      0.00      0.00      0.00      0.00
02:58:10 PM IST       sda      6.00      0.00     48.00      0.00      8.00      0.00      0.50      0.00

02:58:10 PM IST       DEV       tps     rkB/s     wkB/s     dkB/s   areq-sz    aqu-sz     await     %util
02:58:11 PM IST   nvme0n1      0.00      0.00      0.00      0.00      0.00      0.00      0.00      0.00
02:58:11 PM IST       sda      0.00      0.00      0.00      0.00      0.00      0.00      0.00      0.00

02:58:11 PM IST       DEV       tps     rkB/s     wkB/s     dkB/s   areq-sz    aqu-sz     await     %util
02:58:12 PM IST   nvme0n1      0.00      0.00      0.00      0.00      0.00      0.00      0.00      0.00
02:58:12 PM IST       sda      2.00      0.00     52.00      0.00     26.00      0.00      0.50      0.40

02:58:12 PM IST       DEV       tps     rkB/s     wkB/s     dkB/s   areq-sz    aqu-sz     await     %util
02:58:13 PM IST   nvme0n1      0.00      0.00      0.00      0.00      0.00      0.00      0.00      0.00
02:58:13 PM IST       sda      0.00      0.00      0.00      0.00      0.00      0.00      0.00      0.00

02:58:13 PM IST       DEV       tps     rkB/s     wkB/s     dkB/s   areq-sz    aqu-sz     await     %util
02:58:14 PM IST   nvme0n1      0.00      0.00      0.00      0.00      0.00      0.00      0.00      0.00
02:58:14 PM IST       sda      0.00      0.00      0.00      0.00      0.00      0.00      0.00      0.00

02:58:14 PM IST       DEV       tps     rkB/s     wkB/s     dkB/s   areq-sz    aqu-sz     await     %util
02:58:15 PM IST   nvme0n1      0.00      0.00      0.00      0.00      0.00      0.00      0.00      0.00
02:58:15 PM IST       sda      4.00      0.00     60.00      0.00     15.00      0.00      0.75      0.00

02:58:15 PM IST       DEV       tps     rkB/s     wkB/s     dkB/s   areq-sz    aqu-sz     await     %util
02:58:16 PM IST   nvme0n1      0.00      0.00      0.00      0.00      0.00      0.00      0.00      0.00
02:58:16 PM IST       sda     14.00      0.00    148.00      0.00     10.57      0.01      0.50      0.40

02:58:16 PM IST       DEV       tps     rkB/s     wkB/s     dkB/s   areq-sz    aqu-sz     await     %util
02:58:17 PM IST   nvme0n1      0.00      0.00      0.00      0.00      0.00      0.00      0.00      0.00
02:58:17 PM IST       sda     24.00      0.00    156.00      0.00      6.50      0.01      0.17      0.00

02:58:17 PM IST       DEV       tps     rkB/s     wkB/s     dkB/s   areq-sz    aqu-sz     await     %util
02:58:18 PM IST   nvme0n1      0.00      0.00      0.00      0.00      0.00      0.00      0.00      0.00
02:58:18 PM IST       sda      1.00      0.00      8.00      0.00      8.00      0.00      1.00      0.00
