Linux 6.12.33+kali-amd64 (two94) 	23/11/25 	_x86_64_	(12 CPU)

03:46:52 PM IST       DEV       tps     rkB/s     wkB/s     dkB/s   areq-sz    aqu-sz     await     %util
03:46:53 PM IST   nvme0n1      0.00      0.00      0.00      0.00      0.00      0.00      0.00      0.00
03:46:53 PM IST       sda    173.00    124.00   2840.00      0.00     17.13      0.09      0.30      5.20

03:46:53 PM IST       DEV       tps     rkB/s     wkB/s     dkB/s   areq-sz    aqu-sz     await     %util
03:46:54 PM IST   nvme0n1      0.00      0.00      0.00      0.00      0.00      0.00      0.00      0.00
03:46:54 PM IST       sda      2.00      8.00      0.00      0.00      4.00      0.00      0.50      0.00

03:46:54 PM IST       DEV       tps     rkB/s     wkB/s     dkB/s   areq-sz    aqu-sz     await     %util
03:46:55 PM IST   nvme0n1      0.00      0.00      0.00      0.00      0.00      0.00      0.00      0.00
03:46:55 PM IST       sda      5.00      0.00    184.00      0.00     36.80      0.00      0.40      0.40

03:46:55 PM IST       DEV       tps     rkB/s     wkB/s     dkB/s   areq-sz    aqu-sz     await     %util
03:46:56 PM IST   nvme0n1      0.00      0.00      0.00      0.00      0.00      0.00      0.00      0.00
03:46:56 PM IST       sda     34.00      0.00    268.00      0.00      7.88      0.01      0.24      0.00

03:46:56 PM IST       DEV       tps     rkB/s     wkB/s     dkB/s   areq-sz    aqu-sz     await     %util
03:46:57 PM IST   nvme0n1      0.00      0.00      0.00      0.00      0.00      0.00      0.00      0.00
03:46:57 PM IST       sda     11.00      0.00    144.00      0.00     13.09      0.01      0.27      0.00

03:46:57 PM IST       DEV       tps     rkB/s     wkB/s     dkB/s   areq-sz    aqu-sz     await     %util
03:46:58 PM IST   nvme0n1      0.00      0.00      0.00      0.00      0.00      0.00      0.00      0.00
03:46:58 PM IST       sda      7.00      0.00    132.00      0.00     18.86      0.01      0.71      0.80

03:46:58 PM IST       DEV       tps     rkB/s     wkB/s     dkB/s   areq-sz    aqu-sz     await     %util
03:46:59 PM IST   nvme0n1      0.00      0.00      0.00      0.00      0.00      0.00      0.00      0.00
03:46:59 PM IST       sda     97.00      0.00    408.00      0.00      4.21      0.01      0.13      0.00

03:46:59 PM IST       DEV       tps     rkB/s     wkB/s     dkB/s   areq-sz    aqu-sz     await     %util
03:47:00 PM IST   nvme0n1      0.00      0.00      0.00      0.00      0.00      0.00      0.00      0.00
03:47:00 PM IST       sda      0.00      0.00      0.00      0.00      0.00      0.00      0.00      0.00

03:47:00 PM IST       DEV       tps     rkB/s     wkB/s     dkB/s   areq-sz    aqu-sz     await     %util
03:47:01 PM IST   nvme0n1      0.00      0.00      0.00      0.00      0.00      0.00      0.00      0.00
03:47:01 PM IST       sda     71.00      0.00    508.00      0.00      7.15      0.01      0.23      0.00

03:47:01 PM IST       DEV       tps     rkB/s     wkB/s     dkB/s   areq-sz    aqu-sz     await     %util
03:47:02 PM IST   nvme0n1      0.00      0.00      0.00      0.00      0.00      0.00      0.00      0.00
03:47:02 PM IST       sda     22.00      0.00    324.00      0.00     14.73      0.01      0.23      0.40

03:47:02 PM IST       DEV       tps     rkB/s     wkB/s     dkB/s   areq-sz    aqu-sz     await     %util
03:47:03 PM IST   nvme0n1      0.00      0.00      0.00      0.00      0.00      0.00      0.00      0.00
03:47:03 PM IST       sda      2.00      0.00     24.00      0.00     12.00      0.00      0.50      0.00

03:47:03 PM IST       DEV       tps     rkB/s     wkB/s     dkB/s   areq-sz    aqu-sz     await     %util
03:47:04 PM IST   nvme0n1      0.00      0.00      0.00      0.00      0.00      0.00      0.00      0.00
03:47:04 PM IST       sda      0.00      0.00      0.00      0.00      0.00      0.00      0.00      0.00

03:47:04 PM IST       DEV       tps     rkB/s     wkB/s     dkB/s   areq-sz    aqu-sz     await     %util
03:47:05 PM IST   nvme0n1      0.00      0.00      0.00      0.00      0.00      0.00      0.00      0.00
03:47:05 PM IST       sda      0.00      0.00      0.00      0.00      0.00      0.00      0.00      0.00

03:47:05 PM IST       DEV       tps     rkB/s     wkB/s     dkB/s   areq-sz    aqu-sz     await     %util
03:47:06 PM IST   nvme0n1      0.00      0.00      0.00      0.00      0.00      0.00      0.00      0.00
03:47:06 PM IST       sda     61.00      0.00    692.00      0.00     11.34      0.03      0.36      0.80

03:47:06 PM IST       DEV       tps     rkB/s     wkB/s     dkB/s   areq-sz    aqu-sz     await     %util
03:47:07 PM IST   nvme0n1      0.00      0.00      0.00      0.00      0.00      0.00      0.00      0.00
03:47:07 PM IST       sda     18.00      0.00    236.00      0.00     13.11      0.01      0.33      0.40

03:47:07 PM IST       DEV       tps     rkB/s     wkB/s     dkB/s   areq-sz    aqu-sz     await     %util
03:47:08 PM IST   nvme0n1      0.00      0.00      0.00      0.00      0.00      0.00      0.00      0.00
03:47:08 PM IST       sda     59.00      0.00    696.00      0.00     11.80      0.02      0.29      0.00

03:47:08 PM IST       DEV       tps     rkB/s     wkB/s     dkB/s   areq-sz    aqu-sz     await     %util
03:47:09 PM IST   nvme0n1      0.00      0.00      0.00      0.00      0.00      0.00      0.00      0.00
03:47:09 PM IST       sda      2.00      0.00     16.00      0.00      8.00      0.00      0.50      0.00

03:47:09 PM IST       DEV       tps     rkB/s     wkB/s     dkB/s   areq-sz    aqu-sz     await     %util
03:47:10 PM IST   nvme0n1      0.00      0.00      0.00      0.00      0.00      0.00      0.00      0.00
03:47:10 PM IST       sda      6.00    496.00    192.00      0.00    114.67      0.01      1.17      0.40

03:47:10 PM IST       DEV       tps     rkB/s     wkB/s     dkB/s   areq-sz    aqu-sz     await     %util
03:47:11 PM IST   nvme0n1      0.00      0.00      0.00      0.00      0.00      0.00      0.00      0.00
03:47:11 PM IST       sda     72.00      0.00    888.00      0.00     12.33      0.02      0.22      0.80

03:47:11 PM IST       DEV       tps     rkB/s     wkB/s     dkB/s   areq-sz    aqu-sz     await     %util
03:47:12 PM IST   nvme0n1      0.00      0.00      0.00      0.00      0.00      0.00      0.00      0.00
03:47:12 PM IST       sda     28.00    472.00      0.00      0.00     16.86      0.01      0.39      0.00

03:47:12 PM IST       DEV       tps     rkB/s     wkB/s     dkB/s   areq-sz    aqu-sz     await     %util
03:47:13 PM IST   nvme0n1      0.00      0.00      0.00      0.00      0.00      0.00      0.00      0.00
03:47:13 PM IST       sda     62.00      0.00    520.00      0.00      8.39      0.01      0.16      0.40

03:47:13 PM IST       DEV       tps     rkB/s     wkB/s     dkB/s   areq-sz    aqu-sz     await     %util
03:47:14 PM IST   nvme0n1      0.00      0.00      0.00      0.00      0.00      0.00      0.00      0.00
03:47:14 PM IST       sda      2.00      0.00     24.00      0.00     12.00      0.00      1.00      0.00

03:47:14 PM IST       DEV       tps     rkB/s     wkB/s     dkB/s   areq-sz    aqu-sz     await     %util
03:47:15 PM IST   nvme0n1      0.00      0.00      0.00      0.00      0.00      0.00      0.00      0.00
03:47:15 PM IST       sda     21.00     20.00    340.00      0.00     17.14      0.01      0.33      0.80

03:47:15 PM IST       DEV       tps     rkB/s     wkB/s     dkB/s   areq-sz    aqu-sz     await     %util
03:47:16 PM IST   nvme0n1      0.00      0.00      0.00      0.00      0.00      0.00      0.00      0.00
03:47:16 PM IST       sda      3.00      0.00     12.00      0.00      4.00      0.00      0.33      0.00

03:47:16 PM IST       DEV       tps     rkB/s     wkB/s     dkB/s   areq-sz    aqu-sz     await     %util
03:47:17 PM IST   nvme0n1      0.00      0.00      0.00      0.00      0.00      0.00      0.00      0.00
03:47:17 PM IST       sda     59.00      0.00    504.00      0.00      8.54      0.01      0.17      0.00

03:47:17 PM IST       DEV       tps     rkB/s     wkB/s     dkB/s   areq-sz    aqu-sz     await     %util
03:47:18 PM IST   nvme0n1      0.00      0.00      0.00      0.00      0.00      0.00      0.00      0.00
03:47:18 PM IST       sda      1.00      0.00      4.00      0.00      4.00      0.00      1.00      0.00

03:47:18 PM IST       DEV       tps     rkB/s     wkB/s     dkB/s   areq-sz    aqu-sz     await     %util
03:47:19 PM IST   nvme0n1      0.00      0.00      0.00      0.00      0.00      0.00      0.00      0.00
03:47:19 PM IST       sda      5.00     48.00      0.00      0.00      9.60      0.01      1.00      0.40

03:47:19 PM IST       DEV       tps     rkB/s     wkB/s     dkB/s   areq-sz    aqu-sz     await     %util
03:47:20 PM IST   nvme0n1      0.00      0.00      0.00      0.00      0.00      0.00      0.00      0.00
03:47:20 PM IST       sda      8.00     12.00    184.00      0.00     24.50      0.01      0.38      0.00

03:47:20 PM IST       DEV       tps     rkB/s     wkB/s     dkB/s   areq-sz    aqu-sz     await     %util
03:47:21 PM IST   nvme0n1      0.00      0.00      0.00      0.00      0.00      0.00      0.00      0.00
03:47:21 PM IST       sda     10.00      0.00    128.00      0.00     12.80      0.01      0.40      0.40

03:47:21 PM IST       DEV       tps     rkB/s     wkB/s     dkB/s   areq-sz    aqu-sz     await     %util
03:47:22 PM IST   nvme0n1      0.00      0.00      0.00      0.00      0.00      0.00      0.00      0.00
03:47:22 PM IST       sda     73.00    320.00   1240.00      0.00     21.37      0.02      0.23      0.00

03:47:22 PM IST       DEV       tps     rkB/s     wkB/s     dkB/s   areq-sz    aqu-sz     await     %util
03:47:23 PM IST   nvme0n1      0.00      0.00      0.00      0.00      0.00      0.00      0.00      0.00
03:47:23 PM IST       sda     48.00      4.00    868.00      0.00     18.17      0.03      0.33      1.60

03:47:23 PM IST       DEV       tps     rkB/s     wkB/s     dkB/s   areq-sz    aqu-sz     await     %util
03:47:24 PM IST   nvme0n1      0.00      0.00      0.00      0.00      0.00      0.00      0.00      0.00
03:47:24 PM IST       sda      0.00      0.00      0.00      0.00      0.00      0.00      0.00      0.00

03:47:24 PM IST       DEV       tps     rkB/s     wkB/s     dkB/s   areq-sz    aqu-sz     await     %util
03:47:25 PM IST   nvme0n1      0.00      0.00      0.00      0.00      0.00      0.00      0.00      0.00
03:47:25 PM IST       sda      5.00      0.00    152.00      0.00     30.40      0.01      0.60      0.00

03:47:25 PM IST       DEV       tps     rkB/s     wkB/s     dkB/s   areq-sz    aqu-sz     await     %util
03:47:26 PM IST   nvme0n1      0.00      0.00      0.00      0.00      0.00      0.00      0.00      0.00
03:47:26 PM IST       sda     20.00      0.00    524.00      0.00     26.20      0.01      0.45      0.40

03:47:26 PM IST       DEV       tps     rkB/s     wkB/s     dkB/s   areq-sz    aqu-sz     await     %util
03:47:27 PM IST   nvme0n1      0.00      0.00      0.00      0.00      0.00      0.00      0.00      0.00
03:47:27 PM IST       sda    156.00      4.00   3544.00      0.00     22.74      0.06      0.35      0.80

03:47:27 PM IST       DEV       tps     rkB/s     wkB/s     dkB/s   areq-sz    aqu-sz     await     %util
03:47:28 PM IST   nvme0n1      0.00      0.00      0.00      0.00      0.00      0.00      0.00      0.00
03:47:28 PM IST       sda      0.00      0.00      0.00      0.00      0.00      0.00      0.00      0.00

03:47:28 PM IST       DEV       tps     rkB/s     wkB/s     dkB/s   areq-sz    aqu-sz     await     %util
03:47:29 PM IST   nvme0n1      0.00      0.00      0.00      0.00      0.00      0.00      0.00      0.00
03:47:29 PM IST       sda      6.00      0.00    300.00      0.00     50.00      0.01      0.67      0.40

03:47:29 PM IST       DEV       tps     rkB/s     wkB/s     dkB/s   areq-sz    aqu-sz     await     %util
03:47:30 PM IST   nvme0n1      0.00      0.00      0.00      0.00      0.00      0.00      0.00      0.00
03:47:30 PM IST       sda    100.00      0.00    432.00      0.00      4.32      0.01      0.13      0.00

03:47:30 PM IST       DEV       tps     rkB/s     wkB/s     dkB/s   areq-sz    aqu-sz     await     %util
03:47:31 PM IST   nvme0n1      0.00      0.00      0.00      0.00      0.00      0.00      0.00      0.00
03:47:31 PM IST       sda     28.00      0.00    328.00      0.00     11.71      0.02      0.36      0.40

03:47:31 PM IST       DEV       tps     rkB/s     wkB/s     dkB/s   areq-sz    aqu-sz     await     %util
03:47:32 PM IST   nvme0n1      0.00      0.00      0.00      0.00      0.00      0.00      0.00      0.00
03:47:32 PM IST       sda     75.00      0.00    620.00      0.00      8.27      0.01      0.13      0.00

03:47:32 PM IST       DEV       tps     rkB/s     wkB/s     dkB/s   areq-sz    aqu-sz     await     %util
03:47:33 PM IST   nvme0n1      0.00      0.00      0.00      0.00      0.00      0.00      0.00      0.00
03:47:33 PM IST       sda      7.00      0.00     28.00      0.00      4.00      0.00      0.14      0.00

03:47:33 PM IST       DEV       tps     rkB/s     wkB/s     dkB/s   areq-sz    aqu-sz     await     %util
03:47:34 PM IST   nvme0n1      0.00      0.00      0.00      0.00      0.00      0.00      0.00      0.00
03:47:34 PM IST       sda      0.00      0.00      0.00      0.00      0.00      0.00      0.00      0.00

03:47:34 PM IST       DEV       tps     rkB/s     wkB/s     dkB/s   areq-sz    aqu-sz     await     %util
03:47:35 PM IST   nvme0n1      0.00      0.00      0.00      0.00      0.00      0.00      0.00      0.00
03:47:35 PM IST       sda      0.00      0.00      0.00      0.00      0.00      0.00      0.00      0.00

03:47:35 PM IST       DEV       tps     rkB/s     wkB/s     dkB/s   areq-sz    aqu-sz     await     %util
03:47:36 PM IST   nvme0n1      0.00      0.00      0.00      0.00      0.00      0.00      0.00      0.00
03:47:36 PM IST       sda     24.00      0.00    268.00      0.00     11.17      0.01      0.54      0.40

03:47:36 PM IST       DEV       tps     rkB/s     wkB/s     dkB/s   areq-sz    aqu-sz     await     %util
03:47:37 PM IST   nvme0n1      0.00      0.00      0.00      0.00      0.00      0.00      0.00      0.00
03:47:37 PM IST       sda    140.00      0.00    968.00      0.00      6.91      0.05      0.29      0.40

03:47:37 PM IST       DEV       tps     rkB/s     wkB/s     dkB/s   areq-sz    aqu-sz     await     %util
03:47:38 PM IST   nvme0n1      0.00      0.00      0.00      0.00      0.00      0.00      0.00      0.00
03:47:38 PM IST       sda      5.00      0.00    120.00      0.00     24.00      0.01      0.60      0.40

03:47:38 PM IST       DEV       tps     rkB/s     wkB/s     dkB/s   areq-sz    aqu-sz     await     %util
03:47:39 PM IST   nvme0n1      0.00      0.00      0.00      0.00      0.00      0.00      0.00      0.00
03:47:39 PM IST       sda      0.00      0.00      0.00      0.00      0.00      0.00      0.00      0.00

03:47:39 PM IST       DEV       tps     rkB/s     wkB/s     dkB/s   areq-sz    aqu-sz     await     %util
03:47:40 PM IST   nvme0n1      0.00      0.00      0.00      0.00      0.00      0.00      0.00      0.00
03:47:40 PM IST       sda     37.00      0.00    156.00      0.00      4.22      0.01      0.24      0.00

03:47:40 PM IST       DEV       tps     rkB/s     wkB/s     dkB/s   areq-sz    aqu-sz     await     %util
03:47:41 PM IST   nvme0n1      0.00      0.00      0.00      0.00      0.00      0.00      0.00      0.00
03:47:41 PM IST       sda      0.00      0.00      0.00      0.00      0.00      0.00      0.00      0.00

03:47:41 PM IST       DEV       tps     rkB/s     wkB/s     dkB/s   areq-sz    aqu-sz     await     %util
03:47:42 PM IST   nvme0n1      0.00      0.00      0.00      0.00      0.00      0.00      0.00      0.00
03:47:42 PM IST       sda     18.00      0.00    204.00      0.00     11.33      0.01      0.28      0.00

03:47:42 PM IST       DEV       tps     rkB/s     wkB/s     dkB/s   areq-sz    aqu-sz     await     %util
03:47:43 PM IST   nvme0n1      0.00      0.00      0.00      0.00      0.00      0.00      0.00      0.00
03:47:43 PM IST       sda     64.00      0.00    408.00      0.00      6.38      0.01      0.17      0.00

03:47:43 PM IST       DEV       tps     rkB/s     wkB/s     dkB/s   areq-sz    aqu-sz     await     %util
03:47:44 PM IST   nvme0n1      0.00      0.00      0.00      0.00      0.00      0.00      0.00      0.00
03:47:44 PM IST       sda      0.00      0.00      0.00      0.00      0.00      0.00      0.00      0.00

03:47:44 PM IST       DEV       tps     rkB/s     wkB/s     dkB/s   areq-sz    aqu-sz     await     %util
03:47:45 PM IST   nvme0n1      0.00      0.00      0.00      0.00      0.00      0.00      0.00      0.00
03:47:45 PM IST       sda     19.00      8.00    288.00      0.00     15.58      0.01      0.42      0.40

03:47:45 PM IST       DEV       tps     rkB/s     wkB/s     dkB/s   areq-sz    aqu-sz     await     %util
03:47:46 PM IST   nvme0n1      0.00      0.00      0.00      0.00      0.00      0.00      0.00      0.00
03:47:46 PM IST       sda      1.00      0.00      4.00      0.00      4.00      0.00      1.00      0.00

03:47:46 PM IST       DEV       tps     rkB/s     wkB/s     dkB/s   areq-sz    aqu-sz     await     %util
03:47:47 PM IST   nvme0n1      0.00      0.00      0.00      0.00      0.00      0.00      0.00      0.00
03:47:47 PM IST       sda      3.00      0.00     96.00      0.00     32.00      0.00      0.67      0.40

03:47:47 PM IST       DEV       tps     rkB/s     wkB/s     dkB/s   areq-sz    aqu-sz     await     %util
03:47:48 PM IST   nvme0n1      0.00      0.00      0.00      0.00      0.00      0.00      0.00      0.00
03:47:48 PM IST       sda     62.00      0.00    616.00      0.00      9.94      0.02      0.24      0.00

03:47:48 PM IST       DEV       tps     rkB/s     wkB/s     dkB/s   areq-sz    aqu-sz     await     %util
03:47:49 PM IST   nvme0n1      0.00      0.00      0.00      0.00      0.00      0.00      0.00      0.00
03:47:49 PM IST       sda      1.00      0.00      8.00      0.00      8.00      0.00      0.00      0.00

03:47:49 PM IST       DEV       tps     rkB/s     wkB/s     dkB/s   areq-sz    aqu-sz     await     %util
03:47:50 PM IST   nvme0n1      0.00      0.00      0.00      0.00      0.00      0.00      0.00      0.00
03:47:50 PM IST       sda     26.00      0.00    116.00      0.00      4.46      0.01      0.54      0.00

03:47:50 PM IST       DEV       tps     rkB/s     wkB/s     dkB/s   areq-sz    aqu-sz     await     %util
03:47:51 PM IST   nvme0n1      0.00      0.00      0.00      0.00      0.00      0.00      0.00      0.00
03:47:51 PM IST       sda      5.00      0.00    244.00      0.00     48.80      0.01      0.60      0.40

03:47:51 PM IST       DEV       tps     rkB/s     wkB/s     dkB/s   areq-sz    aqu-sz     await     %util
03:47:52 PM IST   nvme0n1      0.00      0.00      0.00      0.00      0.00      0.00      0.00      0.00
03:47:52 PM IST       sda      0.00      0.00      0.00      0.00      0.00      0.00      0.00      0.00

03:47:52 PM IST       DEV       tps     rkB/s     wkB/s     dkB/s   areq-sz    aqu-sz     await     %util
03:47:53 PM IST   nvme0n1      0.00      0.00      0.00      0.00      0.00      0.00      0.00      0.00
03:47:53 PM IST       sda     10.00      0.00     80.00      0.00      8.00      0.01      0.40      0.00

03:47:53 PM IST       DEV       tps     rkB/s     wkB/s     dkB/s   areq-sz    aqu-sz     await     %util
03:47:54 PM IST   nvme0n1      0.00      0.00      0.00      0.00      0.00      0.00      0.00      0.00
03:47:54 PM IST       sda      3.00      8.00     12.00      0.00      6.67      0.00      0.00      0.00

03:47:54 PM IST       DEV       tps     rkB/s     wkB/s     dkB/s   areq-sz    aqu-sz     await     %util
03:47:55 PM IST   nvme0n1      0.00      0.00      0.00      0.00      0.00      0.00      0.00      0.00
03:47:55 PM IST       sda      6.00      0.00    272.00      0.00     45.33      0.01      0.67      0.40

03:47:55 PM IST       DEV       tps     rkB/s     wkB/s     dkB/s   areq-sz    aqu-sz     await     %util
03:47:56 PM IST   nvme0n1      0.00      0.00      0.00      0.00      0.00      0.00      0.00      0.00
03:47:56 PM IST       sda     49.00      0.00    216.00      0.00      4.41      0.02      0.45      0.00

03:47:56 PM IST       DEV       tps     rkB/s     wkB/s     dkB/s   areq-sz    aqu-sz     await     %util
03:47:57 PM IST   nvme0n1      0.00      0.00      0.00      0.00      0.00      0.00      0.00      0.00
03:47:57 PM IST       sda      0.00      0.00      0.00      0.00      0.00      0.00      0.00      0.00

03:47:57 PM IST       DEV       tps     rkB/s     wkB/s     dkB/s   areq-sz    aqu-sz     await     %util
03:47:58 PM IST   nvme0n1      0.00      0.00      0.00      0.00      0.00      0.00      0.00      0.00
03:47:58 PM IST       sda     45.00      0.00    340.00      0.00      7.56      0.02      0.29      0.40

03:47:58 PM IST       DEV       tps     rkB/s     wkB/s     dkB/s   areq-sz    aqu-sz     await     %util
03:47:59 PM IST   nvme0n1      0.00      0.00      0.00      0.00      0.00      0.00      0.00      0.00
03:47:59 PM IST       sda      2.00      0.00     16.00      0.00      8.00      0.00      0.50      0.00

03:47:59 PM IST       DEV       tps     rkB/s     wkB/s     dkB/s   areq-sz    aqu-sz     await     %util
03:48:00 PM IST   nvme0n1      0.00      0.00      0.00      0.00      0.00      0.00      0.00      0.00
03:48:00 PM IST       sda      2.00     48.00      0.00      0.00     24.00      0.00      0.50      0.00

03:48:00 PM IST       DEV       tps     rkB/s     wkB/s     dkB/s   areq-sz    aqu-sz     await     %util
03:48:01 PM IST   nvme0n1      0.00      0.00      0.00      0.00      0.00      0.00      0.00      0.00
03:48:01 PM IST       sda    106.00      0.00    468.00      0.00      4.42      0.02      0.15      0.00

03:48:01 PM IST       DEV       tps     rkB/s     wkB/s     dkB/s   areq-sz    aqu-sz     await     %util
03:48:02 PM IST   nvme0n1      0.00      0.00      0.00      0.00      0.00      0.00      0.00      0.00
03:48:02 PM IST       sda      0.00      0.00      0.00      0.00      0.00      0.00      0.00      0.00

03:48:02 PM IST       DEV       tps     rkB/s     wkB/s     dkB/s   areq-sz    aqu-sz     await     %util
03:48:03 PM IST   nvme0n1      0.00      0.00      0.00      0.00      0.00      0.00      0.00      0.00
03:48:03 PM IST       sda     47.00      0.00    376.00      0.00      8.00      0.01      0.28      0.00

03:48:03 PM IST       DEV       tps     rkB/s     wkB/s     dkB/s   areq-sz    aqu-sz     await     %util
03:48:04 PM IST   nvme0n1      0.00      0.00      0.00      0.00      0.00      0.00      0.00      0.00
03:48:04 PM IST       sda     56.00      0.00    612.00      0.00     10.93      0.01      0.18      0.00

03:48:04 PM IST       DEV       tps     rkB/s     wkB/s     dkB/s   areq-sz    aqu-sz     await     %util
03:48:05 PM IST   nvme0n1      0.00      0.00      0.00      0.00      0.00      0.00      0.00      0.00
03:48:05 PM IST       sda      7.00      0.00    156.00      0.00     22.29      0.01      0.57      0.40

03:48:05 PM IST       DEV       tps     rkB/s     wkB/s     dkB/s   areq-sz    aqu-sz     await     %util
03:48:06 PM IST   nvme0n1      0.00      0.00      0.00      0.00      0.00      0.00      0.00      0.00
03:48:06 PM IST       sda      0.00      0.00      0.00      0.00      0.00      0.00      0.00      0.00

03:48:06 PM IST       DEV       tps     rkB/s     wkB/s     dkB/s   areq-sz    aqu-sz     await     %util
03:48:07 PM IST   nvme0n1      0.00      0.00      0.00      0.00      0.00      0.00      0.00      0.00
03:48:07 PM IST       sda      2.00      0.00      8.00      0.00      4.00      0.00      0.50      0.00

03:48:07 PM IST       DEV       tps     rkB/s     wkB/s     dkB/s   areq-sz    aqu-sz     await     %util
03:48:08 PM IST   nvme0n1      0.00      0.00      0.00      0.00      0.00      0.00      0.00      0.00
03:48:08 PM IST       sda     24.00     36.00     92.00      0.00      5.33      0.01      0.17      0.00

03:48:08 PM IST       DEV       tps     rkB/s     wkB/s     dkB/s   areq-sz    aqu-sz     await     %util
03:48:09 PM IST   nvme0n1      0.00      0.00      0.00      0.00      0.00      0.00      0.00      0.00
03:48:09 PM IST       sda     11.00      0.00     44.00      0.00      4.00      0.01      0.55      0.00

03:48:09 PM IST       DEV       tps     rkB/s     wkB/s     dkB/s   areq-sz    aqu-sz     await     %util
03:48:10 PM IST   nvme0n1      0.00      0.00      0.00      0.00      0.00      0.00      0.00      0.00
03:48:10 PM IST       sda     31.68      0.00    736.63      0.00     23.25      0.02      0.41      0.79

03:48:10 PM IST       DEV       tps     rkB/s     wkB/s     dkB/s   areq-sz    aqu-sz     await     %util
03:48:11 PM IST   nvme0n1      0.00      0.00      0.00      0.00      0.00      0.00      0.00      0.00
03:48:11 PM IST       sda      3.00      0.00     12.00      0.00      4.00      0.00      0.00      0.00

03:48:11 PM IST       DEV       tps     rkB/s     wkB/s     dkB/s   areq-sz    aqu-sz     await     %util
03:48:12 PM IST   nvme0n1      0.00      0.00      0.00      0.00      0.00      0.00      0.00      0.00
03:48:12 PM IST       sda     14.00      0.00    160.00      0.00     11.43      0.01      0.36      0.40

03:48:12 PM IST       DEV       tps     rkB/s     wkB/s     dkB/s   areq-sz    aqu-sz     await     %util
03:48:13 PM IST   nvme0n1      0.00      0.00      0.00      0.00      0.00      0.00      0.00      0.00
03:48:13 PM IST       sda      0.00      0.00      0.00      0.00      0.00      0.00      0.00      0.00

03:48:13 PM IST       DEV       tps     rkB/s     wkB/s     dkB/s   areq-sz    aqu-sz     await     %util
03:48:14 PM IST   nvme0n1      0.00      0.00      0.00      0.00      0.00      0.00      0.00      0.00
03:48:14 PM IST       sda     54.00      0.00  18304.00      0.00    338.96      0.58     10.70     10.40

03:48:14 PM IST       DEV       tps     rkB/s     wkB/s     dkB/s   areq-sz    aqu-sz     await     %util
03:48:15 PM IST   nvme0n1      0.00      0.00      0.00      0.00      0.00      0.00      0.00      0.00
03:48:15 PM IST       sda     29.00      0.00    128.00      0.00      4.41      0.01      0.21      0.00

03:48:15 PM IST       DEV       tps     rkB/s     wkB/s     dkB/s   areq-sz    aqu-sz     await     %util
03:48:16 PM IST   nvme0n1      0.00      0.00      0.00      0.00      0.00      0.00      0.00      0.00
03:48:16 PM IST       sda      2.00      0.00     20.00      0.00     10.00      0.00      1.00      0.40

03:48:16 PM IST       DEV       tps     rkB/s     wkB/s     dkB/s   areq-sz    aqu-sz     await     %util
03:48:17 PM IST   nvme0n1      0.00      0.00      0.00      0.00      0.00      0.00      0.00      0.00
03:48:17 PM IST       sda      2.00      0.00     76.00      0.00     38.00      0.00      1.00      0.00

03:48:17 PM IST       DEV       tps     rkB/s     wkB/s     dkB/s   areq-sz    aqu-sz     await     %util
03:48:18 PM IST   nvme0n1      0.00      0.00      0.00      0.00      0.00      0.00      0.00      0.00
03:48:18 PM IST       sda      6.00      4.00     92.00      0.00     16.00      0.01      0.33      0.40

03:48:18 PM IST       DEV       tps     rkB/s     wkB/s     dkB/s   areq-sz    aqu-sz     await     %util
03:48:19 PM IST   nvme0n1      0.00      0.00      0.00      0.00      0.00      0.00      0.00      0.00
03:48:19 PM IST       sda     10.00      0.00     84.00      0.00      8.40      0.01      0.50      0.00

03:48:19 PM IST       DEV       tps     rkB/s     wkB/s     dkB/s   areq-sz    aqu-sz     await     %util
03:48:20 PM IST   nvme0n1      0.00      0.00      0.00      0.00      0.00      0.00      0.00      0.00
03:48:20 PM IST       sda     19.00      0.00    120.00      0.00      6.32      0.00      0.16      0.00

03:48:20 PM IST       DEV       tps     rkB/s     wkB/s     dkB/s   areq-sz    aqu-sz     await     %util
03:48:21 PM IST   nvme0n1      0.00      0.00      0.00      0.00      0.00      0.00      0.00      0.00
03:48:21 PM IST       sda      0.00      0.00      0.00      0.00      0.00      0.00      0.00      0.00

03:48:21 PM IST       DEV       tps     rkB/s     wkB/s     dkB/s   areq-sz    aqu-sz     await     %util
03:48:22 PM IST   nvme0n1      0.00      0.00      0.00      0.00      0.00      0.00      0.00      0.00
03:48:22 PM IST       sda     13.00      0.00     72.00      0.00      5.54      0.00      0.23      0.40

03:48:22 PM IST       DEV       tps     rkB/s     wkB/s     dkB/s   areq-sz    aqu-sz     await     %util
03:48:23 PM IST   nvme0n1      0.00      0.00      0.00      0.00      0.00      0.00      0.00      0.00
03:48:23 PM IST       sda      2.00      0.00    108.00      0.00     54.00      0.00      0.50      0.00

03:48:23 PM IST       DEV       tps     rkB/s     wkB/s     dkB/s   areq-sz    aqu-sz     await     %util
03:48:24 PM IST   nvme0n1      0.00      0.00      0.00      0.00      0.00      0.00      0.00      0.00
03:48:24 PM IST       sda      1.00      0.00     12.00      0.00     12.00      0.00      1.00      0.00

03:48:24 PM IST       DEV       tps     rkB/s     wkB/s     dkB/s   areq-sz    aqu-sz     await     %util
03:48:25 PM IST   nvme0n1      0.00      0.00      0.00      0.00      0.00      0.00      0.00      0.00
03:48:25 PM IST       sda      0.00      0.00      0.00      0.00      0.00      0.00      0.00      0.00

03:48:25 PM IST       DEV       tps     rkB/s     wkB/s     dkB/s   areq-sz    aqu-sz     await     %util
03:48:26 PM IST   nvme0n1      0.00      0.00      0.00      0.00      0.00      0.00      0.00      0.00
03:48:26 PM IST       sda     11.00      0.00     44.00      0.00      4.00      0.01      0.55      0.00

03:48:26 PM IST       DEV       tps     rkB/s     wkB/s     dkB/s   areq-sz    aqu-sz     await     %util
03:48:27 PM IST   nvme0n1      0.00      0.00      0.00      0.00      0.00      0.00      0.00      0.00
03:48:27 PM IST       sda      0.00      0.00      0.00      0.00      0.00      0.00      0.00      0.00

03:48:27 PM IST       DEV       tps     rkB/s     wkB/s     dkB/s   areq-sz    aqu-sz     await     %util
03:48:28 PM IST   nvme0n1      0.00      0.00      0.00      0.00      0.00      0.00      0.00      0.00
03:48:28 PM IST       sda     36.00      0.00    224.00      0.00      6.22      0.01      0.31      0.00

03:48:28 PM IST       DEV       tps     rkB/s     wkB/s     dkB/s   areq-sz    aqu-sz     await     %util
03:48:29 PM IST   nvme0n1      0.00      0.00      0.00      0.00      0.00      0.00      0.00      0.00
03:48:29 PM IST       sda      5.00      0.00     20.00      0.00      4.00      0.00      0.20      0.00

03:48:29 PM IST       DEV       tps     rkB/s     wkB/s     dkB/s   areq-sz    aqu-sz     await     %util
03:48:30 PM IST   nvme0n1      0.00      0.00      0.00      0.00      0.00      0.00      0.00      0.00
03:48:30 PM IST       sda     13.00      0.00    276.00      0.00     21.23      0.01      0.46      0.40

03:48:30 PM IST       DEV       tps     rkB/s     wkB/s     dkB/s   areq-sz    aqu-sz     await     %util
03:48:31 PM IST   nvme0n1      0.00      0.00      0.00      0.00      0.00      0.00      0.00      0.00
03:48:31 PM IST       sda    102.00      0.00    556.00      0.00      5.45      0.01      0.13      0.40

03:48:31 PM IST       DEV       tps     rkB/s     wkB/s     dkB/s   areq-sz    aqu-sz     await     %util
03:48:32 PM IST   nvme0n1      0.00      0.00      0.00      0.00      0.00      0.00      0.00      0.00
03:48:32 PM IST       sda     19.00      0.00     96.00      0.00      5.05      0.00      0.11      0.00

03:48:32 PM IST       DEV       tps     rkB/s     wkB/s     dkB/s   areq-sz    aqu-sz     await     %util
03:48:33 PM IST   nvme0n1      0.00      0.00      0.00      0.00      0.00      0.00      0.00      0.00
03:48:33 PM IST       sda      5.00      0.00    104.00      0.00     20.80      0.00      0.60      0.40

03:48:33 PM IST       DEV       tps     rkB/s     wkB/s     dkB/s   areq-sz    aqu-sz     await     %util
03:48:34 PM IST   nvme0n1      0.00      0.00      0.00      0.00      0.00      0.00      0.00      0.00
03:48:34 PM IST       sda     20.00      0.00     96.00      0.00      4.80      0.00      0.10      0.00

03:48:34 PM IST       DEV       tps     rkB/s     wkB/s     dkB/s   areq-sz    aqu-sz     await     %util
03:48:35 PM IST   nvme0n1      0.00      0.00      0.00      0.00      0.00      0.00      0.00      0.00
03:48:35 PM IST       sda     27.00      0.00    116.00      0.00      4.30      0.01      0.22      0.00

03:48:35 PM IST       DEV       tps     rkB/s     wkB/s     dkB/s   areq-sz    aqu-sz     await     %util
03:48:36 PM IST   nvme0n1      0.00      0.00      0.00      0.00      0.00      0.00      0.00      0.00
03:48:36 PM IST       sda      0.00      0.00      0.00      0.00      0.00      0.00      0.00      0.00

03:48:36 PM IST       DEV       tps     rkB/s     wkB/s     dkB/s   areq-sz    aqu-sz     await     %util
03:48:37 PM IST   nvme0n1      0.00      0.00      0.00      0.00      0.00      0.00      0.00      0.00
03:48:37 PM IST       sda      0.00      0.00      0.00      0.00      0.00      0.00      0.00      0.00

03:48:37 PM IST       DEV       tps     rkB/s     wkB/s     dkB/s   areq-sz    aqu-sz     await     %util
03:48:38 PM IST   nvme0n1      0.00      0.00      0.00      0.00      0.00      0.00      0.00      0.00
03:48:38 PM IST       sda     42.00      0.00    424.00      0.00     10.10      0.01      0.26      0.00

03:48:38 PM IST       DEV       tps     rkB/s     wkB/s     dkB/s   areq-sz    aqu-sz     await     %util
03:48:39 PM IST   nvme0n1      0.00      0.00      0.00      0.00      0.00      0.00      0.00      0.00
03:48:39 PM IST       sda      3.00      4.00     20.00      0.00      8.00      0.00      0.67      0.00

03:48:39 PM IST       DEV       tps     rkB/s     wkB/s     dkB/s   areq-sz    aqu-sz     await     %util
03:48:40 PM IST   nvme0n1      0.00      0.00      0.00      0.00      0.00      0.00      0.00      0.00
03:48:40 PM IST       sda      0.00      0.00      0.00      0.00      0.00      0.00      0.00      0.00

03:48:40 PM IST       DEV       tps     rkB/s     wkB/s     dkB/s   areq-sz    aqu-sz     await     %util
03:48:41 PM IST   nvme0n1      0.00      0.00      0.00      0.00      0.00      0.00      0.00      0.00
03:48:41 PM IST       sda     24.00      0.00    100.00      0.00      4.17      0.01      0.29      0.00

03:48:41 PM IST       DEV       tps     rkB/s     wkB/s     dkB/s   areq-sz    aqu-sz     await     %util
03:48:42 PM IST   nvme0n1      0.00      0.00      0.00      0.00      0.00      0.00      0.00      0.00
03:48:42 PM IST       sda      0.00      0.00      0.00      0.00      0.00      0.00      0.00      0.00

03:48:42 PM IST       DEV       tps     rkB/s     wkB/s     dkB/s   areq-sz    aqu-sz     await     %util
03:48:43 PM IST   nvme0n1      0.00      0.00      0.00      0.00      0.00      0.00      0.00      0.00
03:48:43 PM IST       sda     38.00      0.00    212.00      0.00      5.58      0.01      0.29      0.00

03:48:43 PM IST       DEV       tps     rkB/s     wkB/s     dkB/s   areq-sz    aqu-sz     await     %util
03:48:44 PM IST   nvme0n1      0.00      0.00      0.00      0.00      0.00      0.00      0.00      0.00
03:48:44 PM IST       sda      5.00      0.00    100.00      0.00     20.00      0.00      0.40      0.00

03:48:44 PM IST       DEV       tps     rkB/s     wkB/s     dkB/s   areq-sz    aqu-sz     await     %util
03:48:45 PM IST   nvme0n1      0.00      0.00      0.00      0.00      0.00      0.00      0.00      0.00
03:48:45 PM IST       sda      2.00      0.00     20.00      0.00     10.00      0.00      0.50      0.00

03:48:45 PM IST       DEV       tps     rkB/s     wkB/s     dkB/s   areq-sz    aqu-sz     await     %util
03:48:46 PM IST   nvme0n1      0.00      0.00      0.00      0.00      0.00      0.00      0.00      0.00
03:48:46 PM IST       sda      0.00      0.00      0.00      0.00      0.00      0.00      0.00      0.00

03:48:46 PM IST       DEV       tps     rkB/s     wkB/s     dkB/s   areq-sz    aqu-sz     await     %util
03:48:47 PM IST   nvme0n1      0.00      0.00      0.00      0.00      0.00      0.00      0.00      0.00
03:48:47 PM IST       sda     15.00     16.00     96.00      0.00      7.47      0.01      0.40      0.40

03:48:47 PM IST       DEV       tps     rkB/s     wkB/s     dkB/s   areq-sz    aqu-sz     await     %util
03:48:48 PM IST   nvme0n1      0.00      0.00      0.00      0.00      0.00      0.00      0.00      0.00
03:48:48 PM IST       sda     33.00      0.00    168.00      0.00      5.09      0.01      0.15      0.00

03:48:48 PM IST       DEV       tps     rkB/s     wkB/s     dkB/s   areq-sz    aqu-sz     await     %util
03:48:49 PM IST   nvme0n1      0.00      0.00      0.00      0.00      0.00      0.00      0.00      0.00
03:48:49 PM IST       sda      3.00      0.00     60.00      0.00     20.00      0.00      0.67      0.40

03:48:49 PM IST       DEV       tps     rkB/s     wkB/s     dkB/s   areq-sz    aqu-sz     await     %util
03:48:50 PM IST   nvme0n1      0.00      0.00      0.00      0.00      0.00      0.00      0.00      0.00
03:48:50 PM IST       sda     11.00      0.00     92.00      0.00      8.36      0.01      0.91      0.00

03:48:50 PM IST       DEV       tps     rkB/s     wkB/s     dkB/s   areq-sz    aqu-sz     await     %util
03:48:51 PM IST   nvme0n1      0.00      0.00      0.00      0.00      0.00      0.00      0.00      0.00
03:48:51 PM IST       sda      3.00      0.00     28.00      0.00      9.33      0.00      0.67      0.00

03:48:51 PM IST       DEV       tps     rkB/s     wkB/s     dkB/s   areq-sz    aqu-sz     await     %util
03:48:52 PM IST   nvme0n1      0.00      0.00      0.00      0.00      0.00      0.00      0.00      0.00
03:48:52 PM IST       sda      1.00      0.00      4.00      0.00      4.00      0.00      0.00      0.00

03:48:52 PM IST       DEV       tps     rkB/s     wkB/s     dkB/s   areq-sz    aqu-sz     await     %util
03:48:53 PM IST   nvme0n1      0.00      0.00      0.00      0.00      0.00      0.00      0.00      0.00
03:48:53 PM IST       sda      0.00      0.00      0.00      0.00      0.00      0.00      0.00      0.00

03:48:53 PM IST       DEV       tps     rkB/s     wkB/s     dkB/s   areq-sz    aqu-sz     await     %util
03:48:54 PM IST   nvme0n1      0.00      0.00      0.00      0.00      0.00      0.00      0.00      0.00
03:48:54 PM IST       sda     64.00     80.00   1676.00      0.00     27.44      0.02      0.36      0.40

03:48:54 PM IST       DEV       tps     rkB/s     wkB/s     dkB/s   areq-sz    aqu-sz     await     %util
03:48:55 PM IST   nvme0n1      0.00      0.00      0.00      0.00      0.00      0.00      0.00      0.00
03:48:55 PM IST       sda      3.00      0.00    136.00      0.00     45.33      0.00      0.33      0.00

03:48:55 PM IST       DEV       tps     rkB/s     wkB/s     dkB/s   areq-sz    aqu-sz     await     %util
03:48:56 PM IST   nvme0n1      0.00      0.00      0.00      0.00      0.00      0.00      0.00      0.00
03:48:56 PM IST       sda      2.00      0.00     16.00      0.00      8.00      0.00      0.50      0.00

03:48:56 PM IST       DEV       tps     rkB/s     wkB/s     dkB/s   areq-sz    aqu-sz     await     %util
03:48:57 PM IST   nvme0n1      0.00      0.00      0.00      0.00      0.00      0.00      0.00      0.00
03:48:57 PM IST       sda      0.00      0.00      0.00      0.00      0.00      0.00      0.00      0.00

03:48:57 PM IST       DEV       tps     rkB/s     wkB/s     dkB/s   areq-sz    aqu-sz     await     %util
03:48:58 PM IST   nvme0n1      0.00      0.00      0.00      0.00      0.00      0.00      0.00      0.00
03:48:58 PM IST       sda      5.00      0.00    120.00      0.00     24.00      0.01      0.60      0.40

03:48:58 PM IST       DEV       tps     rkB/s     wkB/s     dkB/s   areq-sz    aqu-sz     await     %util
03:48:59 PM IST   nvme0n1      0.00      0.00      0.00      0.00      0.00      0.00      0.00      0.00
03:48:59 PM IST       sda     93.00      0.00    628.00      0.00      6.75      0.02      0.18      0.40

03:48:59 PM IST       DEV       tps     rkB/s     wkB/s     dkB/s   areq-sz    aqu-sz     await     %util
03:49:00 PM IST   nvme0n1      0.00      0.00      0.00      0.00      0.00      0.00      0.00      0.00
03:49:00 PM IST       sda      0.00      0.00      0.00      0.00      0.00      0.00      0.00      0.00

03:49:00 PM IST       DEV       tps     rkB/s     wkB/s     dkB/s   areq-sz    aqu-sz     await     %util
03:49:01 PM IST   nvme0n1      0.00      0.00      0.00      0.00      0.00      0.00      0.00      0.00
03:49:01 PM IST       sda      2.00      0.00     20.00      0.00     10.00      0.00      0.50      0.00

03:49:01 PM IST       DEV       tps     rkB/s     wkB/s     dkB/s   areq-sz    aqu-sz     await     %util
03:49:02 PM IST   nvme0n1      0.00      0.00      0.00      0.00      0.00      0.00      0.00      0.00
03:49:02 PM IST       sda    105.00      0.00    456.00      0.00      4.34      0.01      0.10      0.00

03:49:02 PM IST       DEV       tps     rkB/s     wkB/s     dkB/s   areq-sz    aqu-sz     await     %util
03:49:03 PM IST   nvme0n1      0.00      0.00      0.00      0.00      0.00      0.00      0.00      0.00
03:49:03 PM IST       sda      0.00      0.00      0.00      0.00      0.00      0.00      0.00      0.00

03:49:03 PM IST       DEV       tps     rkB/s     wkB/s     dkB/s   areq-sz    aqu-sz     await     %util
03:49:04 PM IST   nvme0n1      0.00      0.00      0.00      0.00      0.00      0.00      0.00      0.00
03:49:04 PM IST       sda     54.00      0.00    396.00      0.00      7.33      0.01      0.26      0.00

03:49:04 PM IST       DEV       tps     rkB/s     wkB/s     dkB/s   areq-sz    aqu-sz     await     %util
03:49:05 PM IST   nvme0n1      0.00      0.00      0.00      0.00      0.00      0.00      0.00      0.00
03:49:05 PM IST       sda     26.00      0.00    124.00      0.00      4.77      0.00      0.12      0.00

03:49:05 PM IST       DEV       tps     rkB/s     wkB/s     dkB/s   areq-sz    aqu-sz     await     %util
03:49:06 PM IST   nvme0n1      0.00      0.00      0.00      0.00      0.00      0.00      0.00      0.00
03:49:06 PM IST       sda      2.00      0.00     16.00      0.00      8.00      0.00      0.50      0.00

03:49:06 PM IST       DEV       tps     rkB/s     wkB/s     dkB/s   areq-sz    aqu-sz     await     %util
03:49:07 PM IST   nvme0n1      0.00      0.00      0.00      0.00      0.00      0.00      0.00      0.00
03:49:07 PM IST       sda      2.00      0.00     20.00      0.00     10.00      0.00      1.00      0.00

03:49:07 PM IST       DEV       tps     rkB/s     wkB/s     dkB/s   areq-sz    aqu-sz     await     %util
03:49:08 PM IST   nvme0n1      0.00      0.00      0.00      0.00      0.00      0.00      0.00      0.00
03:49:08 PM IST       sda      0.00      0.00      0.00      0.00      0.00      0.00      0.00      0.00

03:49:08 PM IST       DEV       tps     rkB/s     wkB/s     dkB/s   areq-sz    aqu-sz     await     %util
03:49:09 PM IST   nvme0n1      0.00      0.00      0.00      0.00      0.00      0.00      0.00      0.00
03:49:09 PM IST       sda     73.00      0.00    744.00      0.00     10.19      0.02      0.19      0.40

03:49:09 PM IST       DEV       tps     rkB/s     wkB/s     dkB/s   areq-sz    aqu-sz     await     %util
03:49:10 PM IST   nvme0n1      0.00      0.00      0.00      0.00      0.00      0.00      0.00      0.00
03:49:10 PM IST       sda      0.00      0.00      0.00      0.00      0.00      0.00      0.00      0.00

03:49:10 PM IST       DEV       tps     rkB/s     wkB/s     dkB/s   areq-sz    aqu-sz     await     %util
03:49:11 PM IST   nvme0n1      0.00      0.00      0.00      0.00      0.00      0.00      0.00      0.00
03:49:11 PM IST       sda     28.00      0.00    392.00      0.00     14.00      0.02      0.50      1.60

03:49:11 PM IST       DEV       tps     rkB/s     wkB/s     dkB/s   areq-sz    aqu-sz     await     %util
03:49:12 PM IST   nvme0n1      0.00      0.00      0.00      0.00      0.00      0.00      0.00      0.00
03:49:12 PM IST       sda      0.00      0.00      0.00      0.00      0.00      0.00      0.00      0.00

03:49:12 PM IST       DEV       tps     rkB/s     wkB/s     dkB/s   areq-sz    aqu-sz     await     %util
03:49:13 PM IST   nvme0n1      0.00      0.00      0.00      0.00      0.00      0.00      0.00      0.00
03:49:13 PM IST       sda      5.00      0.00    140.00      0.00     28.00      0.01      0.60      0.40

03:49:13 PM IST       DEV       tps     rkB/s     wkB/s     dkB/s   areq-sz    aqu-sz     await     %util
03:49:14 PM IST   nvme0n1      0.00      0.00      0.00      0.00      0.00      0.00      0.00      0.00
03:49:14 PM IST       sda    105.00      0.00   1060.00      0.00     10.10      0.02      0.23      0.00

03:49:14 PM IST       DEV       tps     rkB/s     wkB/s     dkB/s   areq-sz    aqu-sz     await     %util
03:49:15 PM IST   nvme0n1      0.00      0.00      0.00      0.00      0.00      0.00      0.00      0.00
03:49:15 PM IST       sda      3.00      0.00    188.00      0.00     62.67      0.00      0.33      0.00

03:49:15 PM IST       DEV       tps     rkB/s     wkB/s     dkB/s   areq-sz    aqu-sz     await     %util
03:49:16 PM IST   nvme0n1      0.00      0.00      0.00      0.00      0.00      0.00      0.00      0.00
03:49:16 PM IST       sda      9.00      0.00    104.00      0.00     11.56      0.01      0.44      0.40

03:49:16 PM IST       DEV       tps     rkB/s     wkB/s     dkB/s   areq-sz    aqu-sz     await     %util
03:49:17 PM IST   nvme0n1      0.00      0.00      0.00      0.00      0.00      0.00      0.00      0.00
03:49:17 PM IST       sda      0.00      0.00      0.00      0.00      0.00      0.00      0.00      0.00

03:49:17 PM IST       DEV       tps     rkB/s     wkB/s     dkB/s   areq-sz    aqu-sz     await     %util
03:49:18 PM IST   nvme0n1      0.00      0.00      0.00      0.00      0.00      0.00      0.00      0.00
03:49:18 PM IST       sda      2.00      0.00     24.00      0.00     12.00      0.00      1.00      0.40

03:49:18 PM IST       DEV       tps     rkB/s     wkB/s     dkB/s   areq-sz    aqu-sz     await     %util
03:49:19 PM IST   nvme0n1      0.00      0.00      0.00      0.00      0.00      0.00      0.00      0.00
03:49:19 PM IST       sda     44.00      0.00    440.00      0.00     10.00      0.01      0.16      0.00

03:49:19 PM IST       DEV       tps     rkB/s     wkB/s     dkB/s   areq-sz    aqu-sz     await     %util
03:49:20 PM IST   nvme0n1      0.00      0.00      0.00      0.00      0.00      0.00      0.00      0.00
03:49:20 PM IST       sda      0.00      0.00      0.00      0.00      0.00      0.00      0.00      0.00

03:49:20 PM IST       DEV       tps     rkB/s     wkB/s     dkB/s   areq-sz    aqu-sz     await     %util
03:49:21 PM IST   nvme0n1      0.00      0.00      0.00      0.00      0.00      0.00      0.00      0.00
03:49:21 PM IST       sda     78.00      4.00   1056.00      0.00     13.59      0.02      0.24      0.40

03:49:21 PM IST       DEV       tps     rkB/s     wkB/s     dkB/s   areq-sz    aqu-sz     await     %util
03:49:22 PM IST   nvme0n1      0.00      0.00      0.00      0.00      0.00      0.00      0.00      0.00
03:49:22 PM IST       sda      2.00      0.00     68.00      0.00     34.00      0.00      0.00      0.00

03:49:22 PM IST       DEV       tps     rkB/s     wkB/s     dkB/s   areq-sz    aqu-sz     await     %util
03:49:23 PM IST   nvme0n1      0.00      0.00      0.00      0.00      0.00      0.00      0.00      0.00
03:49:23 PM IST       sda     65.00    672.00   1164.00      0.00     28.25      0.03      0.48      0.80

03:49:23 PM IST       DEV       tps     rkB/s     wkB/s     dkB/s   areq-sz    aqu-sz     await     %util
03:49:24 PM IST   nvme0n1      0.00      0.00      0.00      0.00      0.00      0.00      0.00      0.00
03:49:24 PM IST       sda     46.00    148.00   1028.00      0.00     25.57      0.02      0.35      0.00

03:49:24 PM IST       DEV       tps     rkB/s     wkB/s     dkB/s   areq-sz    aqu-sz     await     %util
03:49:25 PM IST   nvme0n1      0.00      0.00      0.00      0.00      0.00      0.00      0.00      0.00
03:49:25 PM IST       sda     93.00      0.00   2172.00      0.00     23.35      0.04      0.39      0.80

03:49:25 PM IST       DEV       tps     rkB/s     wkB/s     dkB/s   areq-sz    aqu-sz     await     %util
03:49:26 PM IST   nvme0n1      0.00      0.00      0.00      0.00      0.00      0.00      0.00      0.00
03:49:26 PM IST       sda    128.00      4.00   2368.00      0.00     18.53      0.04      0.27      0.40

03:49:26 PM IST       DEV       tps     rkB/s     wkB/s     dkB/s   areq-sz    aqu-sz     await     %util
03:49:27 PM IST   nvme0n1      0.00      0.00      0.00      0.00      0.00      0.00      0.00      0.00
03:49:27 PM IST       sda      0.00      0.00      0.00      0.00      0.00      0.00      0.00      0.00

03:49:27 PM IST       DEV       tps     rkB/s     wkB/s     dkB/s   areq-sz    aqu-sz     await     %util
03:49:28 PM IST   nvme0n1      0.00      0.00      0.00      0.00      0.00      0.00      0.00      0.00
03:49:28 PM IST       sda     16.00    108.00    304.00      0.00     25.75      0.01      0.50      0.40

03:49:28 PM IST       DEV       tps     rkB/s     wkB/s     dkB/s   areq-sz    aqu-sz     await     %util
03:49:29 PM IST   nvme0n1      0.00      0.00      0.00      0.00      0.00      0.00      0.00      0.00
03:49:29 PM IST       sda     14.00      0.00    116.00      0.00      8.29      0.01      0.29      0.00

03:49:29 PM IST       DEV       tps     rkB/s     wkB/s     dkB/s   areq-sz    aqu-sz     await     %util
03:49:30 PM IST   nvme0n1      0.00      0.00      0.00      0.00      0.00      0.00      0.00      0.00
03:49:30 PM IST       sda     23.00      0.00    296.00      0.00     12.87      0.01      0.22      0.40

03:49:30 PM IST       DEV       tps     rkB/s     wkB/s     dkB/s   areq-sz    aqu-sz     await     %util
03:49:31 PM IST   nvme0n1      0.00      0.00      0.00      0.00      0.00      0.00      0.00      0.00
03:49:31 PM IST       sda      0.00      0.00      0.00      0.00      0.00      0.00      0.00      0.00

03:49:31 PM IST       DEV       tps     rkB/s     wkB/s     dkB/s   areq-sz    aqu-sz     await     %util
03:49:32 PM IST   nvme0n1      0.00      0.00      0.00      0.00      0.00      0.00      0.00      0.00
03:49:32 PM IST       sda      0.00      0.00      0.00      0.00      0.00      0.00      0.00      0.00

03:49:32 PM IST       DEV       tps     rkB/s     wkB/s     dkB/s   areq-sz    aqu-sz     await     %util
03:49:33 PM IST   nvme0n1      0.00      0.00      0.00      0.00      0.00      0.00      0.00      0.00
03:49:33 PM IST       sda    133.00      0.00    732.00      0.00      5.50      0.02      0.15      0.40

03:49:33 PM IST       DEV       tps     rkB/s     wkB/s     dkB/s   areq-sz    aqu-sz     await     %util
03:49:34 PM IST   nvme0n1      0.00      0.00      0.00      0.00      0.00      0.00      0.00      0.00
03:49:34 PM IST       sda      0.00      0.00      0.00      0.00      0.00      0.00      0.00      0.00

03:49:34 PM IST       DEV       tps     rkB/s     wkB/s     dkB/s   areq-sz    aqu-sz     await     %util
03:49:35 PM IST   nvme0n1      0.00      0.00      0.00      0.00      0.00      0.00      0.00      0.00
03:49:35 PM IST       sda      7.00     16.00     44.00      0.00      8.57      0.00      0.29      0.40

03:49:35 PM IST       DEV       tps     rkB/s     wkB/s     dkB/s   areq-sz    aqu-sz     await     %util
03:49:36 PM IST   nvme0n1      0.00      0.00      0.00      0.00      0.00      0.00      0.00      0.00
03:49:36 PM IST       sda     27.00      0.00    144.00      0.00      5.33      0.01      0.15      0.00

03:49:36 PM IST       DEV       tps     rkB/s     wkB/s     dkB/s   areq-sz    aqu-sz     await     %util
03:49:37 PM IST   nvme0n1      0.00      0.00      0.00      0.00      0.00      0.00      0.00      0.00
03:49:37 PM IST       sda      0.00      0.00      0.00      0.00      0.00      0.00      0.00      0.00

03:49:37 PM IST       DEV       tps     rkB/s     wkB/s     dkB/s   areq-sz    aqu-sz     await     %util
03:49:38 PM IST   nvme0n1      0.00      0.00      0.00      0.00      0.00      0.00      0.00      0.00
03:49:38 PM IST       sda     92.00      0.00    892.00      0.00      9.70      0.03      0.28      0.80

03:49:38 PM IST       DEV       tps     rkB/s     wkB/s     dkB/s   areq-sz    aqu-sz     await     %util
03:49:39 PM IST   nvme0n1      0.00      0.00      0.00      0.00      0.00      0.00      0.00      0.00
03:49:39 PM IST       sda     11.00      0.00    196.00      0.00     17.82      0.01      0.36      0.00

03:49:39 PM IST       DEV       tps     rkB/s     wkB/s     dkB/s   areq-sz    aqu-sz     await     %util
03:49:40 PM IST   nvme0n1      0.00      0.00      0.00      0.00      0.00      0.00      0.00      0.00
03:49:40 PM IST       sda     58.00      4.00   4760.00      0.00     82.14      0.57      9.78      5.20

03:49:40 PM IST       DEV       tps     rkB/s     wkB/s     dkB/s   areq-sz    aqu-sz     await     %util
03:49:41 PM IST   nvme0n1      0.00      0.00      0.00      0.00      0.00      0.00      0.00      0.00
03:49:41 PM IST       sda     18.00     24.00    256.00      0.00     15.56      0.01      0.39      1.20

03:49:41 PM IST       DEV       tps     rkB/s     wkB/s     dkB/s   areq-sz    aqu-sz     await     %util
03:49:42 PM IST   nvme0n1      0.00      0.00      0.00      0.00      0.00      0.00      0.00      0.00
03:49:42 PM IST       sda      2.00      0.00     20.00      0.00     10.00      0.00      0.50      0.00

03:49:42 PM IST       DEV       tps     rkB/s     wkB/s     dkB/s   areq-sz    aqu-sz     await     %util
03:49:43 PM IST   nvme0n1      0.00      0.00      0.00      0.00      0.00      0.00      0.00      0.00
03:49:43 PM IST       sda     45.00      0.00    276.00      0.00      6.13      0.02      0.38      0.40

03:49:43 PM IST       DEV       tps     rkB/s     wkB/s     dkB/s   areq-sz    aqu-sz     await     %util
03:49:44 PM IST   nvme0n1      0.00      0.00      0.00      0.00      0.00      0.00      0.00      0.00
03:49:44 PM IST       sda      0.00      0.00      0.00      0.00      0.00      0.00      0.00      0.00

03:49:44 PM IST       DEV       tps     rkB/s     wkB/s     dkB/s   areq-sz    aqu-sz     await     %util
03:49:45 PM IST   nvme0n1      0.00      0.00      0.00      0.00      0.00      0.00      0.00      0.00
03:49:45 PM IST       sda     21.00     12.00    156.00      0.00      8.00      0.01      0.38      0.40

03:49:45 PM IST       DEV       tps     rkB/s     wkB/s     dkB/s   areq-sz    aqu-sz     await     %util
03:49:46 PM IST   nvme0n1      0.00      0.00      0.00      0.00      0.00      0.00      0.00      0.00
03:49:46 PM IST       sda      0.00      0.00      0.00      0.00      0.00      0.00      0.00      0.00

03:49:46 PM IST       DEV       tps     rkB/s     wkB/s     dkB/s   areq-sz    aqu-sz     await     %util
03:49:47 PM IST   nvme0n1      0.00      0.00      0.00      0.00      0.00      0.00      0.00      0.00
03:49:47 PM IST       sda      2.00      0.00     20.00      0.00     10.00      0.00      1.00      0.40

03:49:47 PM IST       DEV       tps     rkB/s     wkB/s     dkB/s   areq-sz    aqu-sz     await     %util
03:49:48 PM IST   nvme0n1      0.00      0.00      0.00      0.00      0.00      0.00      0.00      0.00
03:49:48 PM IST       sda     34.00      0.00    140.00      0.00      4.12      0.00      0.09      0.00

03:49:48 PM IST       DEV       tps     rkB/s     wkB/s     dkB/s   areq-sz    aqu-sz     await     %util
03:49:49 PM IST   nvme0n1      0.00      0.00      0.00      0.00      0.00      0.00      0.00      0.00
03:49:49 PM IST       sda     17.00      0.00    316.00      0.00     18.59      0.01      0.47      0.80

03:49:49 PM IST       DEV       tps     rkB/s     wkB/s     dkB/s   areq-sz    aqu-sz     await     %util
03:49:50 PM IST   nvme0n1      0.00      0.00      0.00      0.00      0.00      0.00      0.00      0.00
03:49:50 PM IST       sda      8.00      0.00     40.00      0.00      5.00      0.00      0.12      0.00

03:49:50 PM IST       DEV       tps     rkB/s     wkB/s     dkB/s   areq-sz    aqu-sz     await     %util
03:49:51 PM IST   nvme0n1      0.00      0.00      0.00      0.00      0.00      0.00      0.00      0.00
03:49:51 PM IST       sda     13.00     36.00    124.00      0.00     12.31      0.01      0.31      0.40

03:49:51 PM IST       DEV       tps     rkB/s     wkB/s     dkB/s   areq-sz    aqu-sz     await     %util
03:49:52 PM IST   nvme0n1      0.00      0.00      0.00      0.00      0.00      0.00      0.00      0.00
03:49:52 PM IST       sda      6.00      0.00     80.00      0.00     13.33      0.00      0.67      0.00

03:49:52 PM IST       DEV       tps     rkB/s     wkB/s     dkB/s   areq-sz    aqu-sz     await     %util
03:49:53 PM IST   nvme0n1      0.00      0.00      0.00      0.00      0.00      0.00      0.00      0.00
03:49:53 PM IST       sda      3.00      0.00     28.00      0.00      9.33      0.00      0.33      0.00

03:49:53 PM IST       DEV       tps     rkB/s     wkB/s     dkB/s   areq-sz    aqu-sz     await     %util
03:49:54 PM IST   nvme0n1      0.00      0.00      0.00      0.00      0.00      0.00      0.00      0.00
03:49:54 PM IST       sda      2.00      8.00      0.00      0.00      4.00      0.00      0.50      0.00

03:49:54 PM IST       DEV       tps     rkB/s     wkB/s     dkB/s   areq-sz    aqu-sz     await     %util
03:49:55 PM IST   nvme0n1      0.00      0.00      0.00      0.00      0.00      0.00      0.00      0.00
03:49:55 PM IST       sda     53.00      0.00    288.00      0.00      5.43      0.01      0.26      0.00

03:49:55 PM IST       DEV       tps     rkB/s     wkB/s     dkB/s   areq-sz    aqu-sz     await     %util
03:49:56 PM IST   nvme0n1      0.00      0.00      0.00      0.00      0.00      0.00      0.00      0.00
03:49:56 PM IST       sda     25.00      0.00    364.00      0.00     14.56      0.01      0.20      0.00

03:49:56 PM IST       DEV       tps     rkB/s     wkB/s     dkB/s   areq-sz    aqu-sz     await     %util
03:49:57 PM IST   nvme0n1      0.00      0.00      0.00      0.00      0.00      0.00      0.00      0.00
03:49:57 PM IST       sda     12.00      8.00    108.00      0.00      9.67      0.01      0.42      0.00

03:49:57 PM IST       DEV       tps     rkB/s     wkB/s     dkB/s   areq-sz    aqu-sz     await     %util
03:49:58 PM IST   nvme0n1      0.00      0.00      0.00      0.00      0.00      0.00      0.00      0.00
03:49:58 PM IST       sda     10.00      0.00    188.00      0.00     18.80      0.01      0.40      0.00

03:49:58 PM IST       DEV       tps     rkB/s     wkB/s     dkB/s   areq-sz    aqu-sz     await     %util
03:49:59 PM IST   nvme0n1      0.00      0.00      0.00      0.00      0.00      0.00      0.00      0.00
03:49:59 PM IST       sda      1.00      0.00     28.00      0.00     28.00      0.00      1.00      0.40

03:49:59 PM IST       DEV       tps     rkB/s     wkB/s     dkB/s   areq-sz    aqu-sz     await     %util
03:50:00 PM IST   nvme0n1      0.00      0.00      0.00      0.00      0.00      0.00      0.00      0.00
03:50:00 PM IST       sda     11.00      0.00    148.00      0.00     13.45      0.01      0.27      0.40

03:50:00 PM IST       DEV       tps     rkB/s     wkB/s     dkB/s   areq-sz    aqu-sz     await     %util
03:50:01 PM IST   nvme0n1      0.00      0.00      0.00      0.00      0.00      0.00      0.00      0.00
03:50:01 PM IST       sda     50.00      0.00    216.00      0.00      4.32      0.01      0.14      0.00

03:50:01 PM IST       DEV       tps     rkB/s     wkB/s     dkB/s   areq-sz    aqu-sz     await     %util
03:50:02 PM IST   nvme0n1      0.00      0.00      0.00      0.00      0.00      0.00      0.00      0.00
03:50:02 PM IST       sda      1.00      0.00      4.00      0.00      4.00      0.00      0.00      0.00

03:50:02 PM IST       DEV       tps     rkB/s     wkB/s     dkB/s   areq-sz    aqu-sz     await     %util
03:50:03 PM IST   nvme0n1      0.00      0.00      0.00      0.00      0.00      0.00      0.00      0.00
03:50:03 PM IST       sda      1.00      4.00      0.00      0.00      4.00      0.00      1.00      0.00

03:50:03 PM IST       DEV       tps     rkB/s     wkB/s     dkB/s   areq-sz    aqu-sz     await     %util
03:50:04 PM IST   nvme0n1      0.00      0.00      0.00      0.00      0.00      0.00      0.00      0.00
03:50:04 PM IST       sda    126.00      4.00    640.00      0.00      5.11      0.03      0.21      0.40

03:50:04 PM IST       DEV       tps     rkB/s     wkB/s     dkB/s   areq-sz    aqu-sz     await     %util
03:50:05 PM IST   nvme0n1      0.00      0.00      0.00      0.00      0.00      0.00      0.00      0.00
03:50:05 PM IST       sda      3.00      0.00     80.00      0.00     26.67      0.00      0.33      0.00

03:50:05 PM IST       DEV       tps     rkB/s     wkB/s     dkB/s   areq-sz    aqu-sz     await     %util
03:50:06 PM IST   nvme0n1      0.00      0.00      0.00      0.00      0.00      0.00      0.00      0.00
03:50:06 PM IST       sda     27.00      0.00    172.00      0.00      6.37      0.00      0.15      0.00

03:50:06 PM IST       DEV       tps     rkB/s     wkB/s     dkB/s   areq-sz    aqu-sz     await     %util
03:50:07 PM IST   nvme0n1      0.00      0.00      0.00      0.00      0.00      0.00      0.00      0.00
03:50:07 PM IST       sda     51.00      0.00    460.00      0.00      9.02      0.01      0.14      0.00

03:50:07 PM IST       DEV       tps     rkB/s     wkB/s     dkB/s   areq-sz    aqu-sz     await     %util
03:50:08 PM IST   nvme0n1      0.00      0.00      0.00      0.00      0.00      0.00      0.00      0.00
03:50:08 PM IST       sda      0.00      0.00      0.00      0.00      0.00      0.00      0.00      0.00

03:50:08 PM IST       DEV       tps     rkB/s     wkB/s     dkB/s   areq-sz    aqu-sz     await     %util
03:50:09 PM IST   nvme0n1      0.00      0.00      0.00      0.00      0.00      0.00      0.00      0.00
03:50:09 PM IST       sda     21.00      0.00    288.00      0.00     13.71      0.01      0.38      0.00

03:50:09 PM IST       DEV       tps     rkB/s     wkB/s     dkB/s   areq-sz    aqu-sz     await     %util
03:50:10 PM IST   nvme0n1      0.00      0.00      0.00      0.00      0.00      0.00      0.00      0.00
03:50:10 PM IST       sda      0.00      0.00      0.00      0.00      0.00      0.00      0.00      0.00

03:50:10 PM IST       DEV       tps     rkB/s     wkB/s     dkB/s   areq-sz    aqu-sz     await     %util
03:50:11 PM IST   nvme0n1      0.00      0.00      0.00      0.00      0.00      0.00      0.00      0.00
03:50:11 PM IST       sda      1.00     64.00      0.00      0.00     64.00      0.00      1.00      0.00

03:50:11 PM IST       DEV       tps     rkB/s     wkB/s     dkB/s   areq-sz    aqu-sz     await     %util
03:50:12 PM IST   nvme0n1      0.00      0.00      0.00      0.00      0.00      0.00      0.00      0.00
03:50:12 PM IST       sda     30.00      0.00    168.00      0.00      5.60      0.00      0.10      0.00

03:50:12 PM IST       DEV       tps     rkB/s     wkB/s     dkB/s   areq-sz    aqu-sz     await     %util
03:50:13 PM IST   nvme0n1      0.00      0.00      0.00      0.00      0.00      0.00      0.00      0.00
03:50:13 PM IST       sda      6.00      8.00    772.00      0.00    130.00      0.00      0.50      0.00

03:50:13 PM IST       DEV       tps     rkB/s     wkB/s     dkB/s   areq-sz    aqu-sz     await     %util
03:50:14 PM IST   nvme0n1      0.00      0.00      0.00      0.00      0.00      0.00      0.00      0.00
03:50:14 PM IST       sda      2.00      0.00     16.00      0.00      8.00      0.00      0.00      0.00

03:50:14 PM IST       DEV       tps     rkB/s     wkB/s     dkB/s   areq-sz    aqu-sz     await     %util
03:50:15 PM IST   nvme0n1      0.00      0.00      0.00      0.00      0.00      0.00      0.00      0.00
03:50:15 PM IST       sda     37.00      0.00    292.00      0.00      7.89      0.01      0.32      0.00

03:50:15 PM IST       DEV       tps     rkB/s     wkB/s     dkB/s   areq-sz    aqu-sz     await     %util
03:50:16 PM IST   nvme0n1      0.00      0.00      0.00      0.00      0.00      0.00      0.00      0.00
03:50:16 PM IST       sda      0.00      0.00      0.00      0.00      0.00      0.00      0.00      0.00

03:50:16 PM IST       DEV       tps     rkB/s     wkB/s     dkB/s   areq-sz    aqu-sz     await     %util
03:50:17 PM IST   nvme0n1      0.00      0.00      0.00      0.00      0.00      0.00      0.00      0.00
03:50:17 PM IST       sda     33.00      0.00    400.00      0.00     12.12      0.01      0.24      0.40

03:50:17 PM IST       DEV       tps     rkB/s     wkB/s     dkB/s   areq-sz    aqu-sz     await     %util
03:50:18 PM IST   nvme0n1      0.00      0.00      0.00      0.00      0.00      0.00      0.00      0.00
03:50:18 PM IST       sda      0.00      0.00      0.00      0.00      0.00      0.00      0.00      0.00

03:50:18 PM IST       DEV       tps     rkB/s     wkB/s     dkB/s   areq-sz    aqu-sz     await     %util
03:50:19 PM IST   nvme0n1      0.00      0.00      0.00      0.00      0.00      0.00      0.00      0.00
03:50:19 PM IST       sda      0.00      0.00      0.00      0.00      0.00      0.00      0.00      0.00

03:50:19 PM IST       DEV       tps     rkB/s     wkB/s     dkB/s   areq-sz    aqu-sz     await     %util
03:50:20 PM IST   nvme0n1      0.00      0.00      0.00      0.00      0.00      0.00      0.00      0.00
03:50:20 PM IST       sda      2.00      0.00     16.00      0.00      8.00      0.00      1.00      0.40

03:50:20 PM IST       DEV       tps     rkB/s     wkB/s     dkB/s   areq-sz    aqu-sz     await     %util
03:50:21 PM IST   nvme0n1      0.00      0.00      0.00      0.00      0.00      0.00      0.00      0.00
03:50:21 PM IST       sda     26.00     76.00    104.00      0.00      6.92      0.01      0.27      0.00

03:50:21 PM IST       DEV       tps     rkB/s     wkB/s     dkB/s   areq-sz    aqu-sz     await     %util
03:50:22 PM IST   nvme0n1      0.00      0.00      0.00      0.00      0.00      0.00      0.00      0.00
03:50:22 PM IST       sda      0.00      0.00      0.00      0.00      0.00      0.00      0.00      0.00

03:50:22 PM IST       DEV       tps     rkB/s     wkB/s     dkB/s   areq-sz    aqu-sz     await     %util
03:50:23 PM IST   nvme0n1      0.00      0.00      0.00      0.00      0.00      0.00      0.00      0.00
03:50:23 PM IST       sda     58.00      0.00    640.00      0.00     11.03      0.01      0.21      0.00

03:50:23 PM IST       DEV       tps     rkB/s     wkB/s     dkB/s   areq-sz    aqu-sz     await     %util
03:50:24 PM IST   nvme0n1      0.00      0.00      0.00      0.00      0.00      0.00      0.00      0.00
03:50:24 PM IST       sda    121.00      0.00    536.00      0.00      4.43      0.04      0.31      0.80

03:50:24 PM IST       DEV       tps     rkB/s     wkB/s     dkB/s   areq-sz    aqu-sz     await     %util
03:50:25 PM IST   nvme0n1      0.00      0.00      0.00      0.00      0.00      0.00      0.00      0.00
03:50:25 PM IST       sda      0.00      0.00      0.00      0.00      0.00      0.00      0.00      0.00

03:50:25 PM IST       DEV       tps     rkB/s     wkB/s     dkB/s   areq-sz    aqu-sz     await     %util
03:50:26 PM IST   nvme0n1      0.00      0.00      0.00      0.00      0.00      0.00      0.00      0.00
03:50:26 PM IST       sda      9.00      0.00     40.00      0.00      4.44      0.00      0.22      0.40

03:50:26 PM IST       DEV       tps     rkB/s     wkB/s     dkB/s   areq-sz    aqu-sz     await     %util
03:50:27 PM IST   nvme0n1      0.00      0.00      0.00      0.00      0.00      0.00      0.00      0.00
03:50:27 PM IST       sda      1.00      0.00     12.00      0.00     12.00      0.00      0.00      0.00

03:50:27 PM IST       DEV       tps     rkB/s     wkB/s     dkB/s   areq-sz    aqu-sz     await     %util
03:50:28 PM IST   nvme0n1      0.00      0.00      0.00      0.00      0.00      0.00      0.00      0.00
03:50:28 PM IST       sda     61.00      0.00    972.00      0.00     15.93      0.01      0.23      0.00

03:50:28 PM IST       DEV       tps     rkB/s     wkB/s     dkB/s   areq-sz    aqu-sz     await     %util
03:50:29 PM IST   nvme0n1      0.00      0.00      0.00      0.00      0.00      0.00      0.00      0.00
03:50:29 PM IST       sda     12.00      0.00    116.00      0.00      9.67      0.01      0.33      0.40

03:50:29 PM IST       DEV       tps     rkB/s     wkB/s     dkB/s   areq-sz    aqu-sz     await     %util
03:50:30 PM IST   nvme0n1      0.00      0.00      0.00      0.00      0.00      0.00      0.00      0.00
03:50:30 PM IST       sda     16.00      0.00    244.00      0.00     15.25      0.01      0.38      0.40

03:50:30 PM IST       DEV       tps     rkB/s     wkB/s     dkB/s   areq-sz    aqu-sz     await     %util
03:50:31 PM IST   nvme0n1      0.00      0.00      0.00      0.00      0.00      0.00      0.00      0.00
03:50:31 PM IST       sda     67.00      0.00    428.00      0.00      6.39      0.02      0.22      0.40

03:50:31 PM IST       DEV       tps     rkB/s     wkB/s     dkB/s   areq-sz    aqu-sz     await     %util
03:50:32 PM IST   nvme0n1      0.00      0.00      0.00      0.00      0.00      0.00      0.00      0.00
03:50:32 PM IST       sda      0.00      0.00      0.00      0.00      0.00      0.00      0.00      0.00

03:50:32 PM IST       DEV       tps     rkB/s     wkB/s     dkB/s   areq-sz    aqu-sz     await     %util
03:50:33 PM IST   nvme0n1      0.00      0.00      0.00      0.00      0.00      0.00      0.00      0.00
03:50:33 PM IST       sda      0.00      0.00      0.00      0.00      0.00      0.00      0.00      0.00

03:50:33 PM IST       DEV       tps     rkB/s     wkB/s     dkB/s   areq-sz    aqu-sz     await     %util
03:50:34 PM IST   nvme0n1      0.00      0.00      0.00      0.00      0.00      0.00      0.00      0.00
03:50:34 PM IST       sda     33.00      0.00    320.00      0.00      9.70      0.01      0.21      0.40

03:50:34 PM IST       DEV       tps     rkB/s     wkB/s     dkB/s   areq-sz    aqu-sz     await     %util
03:50:35 PM IST   nvme0n1      0.00      0.00      0.00      0.00      0.00      0.00      0.00      0.00
03:50:35 PM IST       sda     79.00      0.00    408.00      0.00      5.16      0.01      0.14      0.00

03:50:35 PM IST       DEV       tps     rkB/s     wkB/s     dkB/s   areq-sz    aqu-sz     await     %util
03:50:36 PM IST   nvme0n1      0.00      0.00      0.00      0.00      0.00      0.00      0.00      0.00
03:50:36 PM IST       sda     17.00      0.00    232.00      0.00     13.65      0.01      0.29      0.40

03:50:36 PM IST       DEV       tps     rkB/s     wkB/s     dkB/s   areq-sz    aqu-sz     await     %util
03:50:37 PM IST   nvme0n1      0.00      0.00      0.00      0.00      0.00      0.00      0.00      0.00
03:50:37 PM IST       sda     19.00      0.00     96.00      0.00      5.05      0.00      0.11      0.00

03:50:37 PM IST       DEV       tps     rkB/s     wkB/s     dkB/s   areq-sz    aqu-sz     await     %util
03:50:38 PM IST   nvme0n1      0.00      0.00      0.00      0.00      0.00      0.00      0.00      0.00
03:50:38 PM IST       sda      0.00      0.00      0.00      0.00      0.00      0.00      0.00      0.00

03:50:38 PM IST       DEV       tps     rkB/s     wkB/s     dkB/s   areq-sz    aqu-sz     await     %util
03:50:39 PM IST   nvme0n1      0.00      0.00      0.00      0.00      0.00      0.00      0.00      0.00
03:50:39 PM IST       sda     48.00      0.00    288.00      0.00      6.00      0.01      0.23      0.00

03:50:39 PM IST       DEV       tps     rkB/s     wkB/s     dkB/s   areq-sz    aqu-sz     await     %util
03:50:40 PM IST   nvme0n1      0.00      0.00      0.00      0.00      0.00      0.00      0.00      0.00
03:50:40 PM IST       sda      0.00      0.00      0.00      0.00      0.00      0.00      0.00      0.00

03:50:40 PM IST       DEV       tps     rkB/s     wkB/s     dkB/s   areq-sz    aqu-sz     await     %util
03:50:41 PM IST   nvme0n1      0.00      0.00      0.00      0.00      0.00      0.00      0.00      0.00
03:50:41 PM IST       sda      4.00      0.00     72.00      0.00     18.00      0.00      0.50      0.40

03:50:41 PM IST       DEV       tps     rkB/s     wkB/s     dkB/s   areq-sz    aqu-sz     await     %util
03:50:42 PM IST   nvme0n1      0.00      0.00      0.00      0.00      0.00      0.00      0.00      0.00
03:50:42 PM IST       sda      0.00      0.00      0.00      0.00      0.00      0.00      0.00      0.00

03:50:42 PM IST       DEV       tps     rkB/s     wkB/s     dkB/s   areq-sz    aqu-sz     await     %util
03:50:43 PM IST   nvme0n1      0.00      0.00      0.00      0.00      0.00      0.00      0.00      0.00
03:50:43 PM IST       sda      0.00      0.00      0.00      0.00      0.00      0.00      0.00      0.00

03:50:43 PM IST       DEV       tps     rkB/s     wkB/s     dkB/s   areq-sz    aqu-sz     await     %util
03:50:44 PM IST   nvme0n1      0.00      0.00      0.00      0.00      0.00      0.00      0.00      0.00
03:50:44 PM IST       sda     31.00      0.00    428.00      0.00     13.81      0.01      0.23      0.00

03:50:44 PM IST       DEV       tps     rkB/s     wkB/s     dkB/s   areq-sz    aqu-sz     await     %util
03:50:45 PM IST   nvme0n1      0.00      0.00      0.00      0.00      0.00      0.00      0.00      0.00
03:50:45 PM IST       sda      2.00      0.00      8.00      0.00      4.00      0.00      0.00      0.00

03:50:45 PM IST       DEV       tps     rkB/s     wkB/s     dkB/s   areq-sz    aqu-sz     await     %util
03:50:46 PM IST   nvme0n1      0.00      0.00      0.00      0.00      0.00      0.00      0.00      0.00
03:50:46 PM IST       sda      0.00      0.00      0.00      0.00      0.00      0.00      0.00      0.00

03:50:46 PM IST       DEV       tps     rkB/s     wkB/s     dkB/s   areq-sz    aqu-sz     await     %util
03:50:47 PM IST   nvme0n1      0.00      0.00      0.00      0.00      0.00      0.00      0.00      0.00
03:50:47 PM IST       sda     26.00      0.00    148.00      0.00      5.69      0.01      0.23      0.00

03:50:47 PM IST       DEV       tps     rkB/s     wkB/s     dkB/s   areq-sz    aqu-sz     await     %util
03:50:48 PM IST   nvme0n1      0.00      0.00      0.00      0.00      0.00      0.00      0.00      0.00
03:50:48 PM IST       sda     20.00    324.00      0.00      0.00     16.20      0.01      0.35      0.40

03:50:48 PM IST       DEV       tps     rkB/s     wkB/s     dkB/s   areq-sz    aqu-sz     await     %util
03:50:49 PM IST   nvme0n1      0.00      0.00      0.00      0.00      0.00      0.00      0.00      0.00
03:50:49 PM IST       sda    318.00   8336.00   1848.00      0.00     32.03      0.16      0.49      6.40

03:50:49 PM IST       DEV       tps     rkB/s     wkB/s     dkB/s   areq-sz    aqu-sz     await     %util
03:50:50 PM IST   nvme0n1      0.00      0.00      0.00      0.00      0.00      0.00      0.00      0.00
03:50:50 PM IST       sda     15.00     12.00    132.00      0.00      9.60      0.01      0.40      0.40

03:50:50 PM IST       DEV       tps     rkB/s     wkB/s     dkB/s   areq-sz    aqu-sz     await     %util
03:50:51 PM IST   nvme0n1      0.00      0.00      0.00      0.00      0.00      0.00      0.00      0.00
03:50:51 PM IST       sda      0.00      0.00      0.00      0.00      0.00      0.00      0.00      0.00

03:50:51 PM IST       DEV       tps     rkB/s     wkB/s     dkB/s   areq-sz    aqu-sz     await     %util
03:50:52 PM IST   nvme0n1      0.00      0.00      0.00      0.00      0.00      0.00      0.00      0.00
03:50:52 PM IST       sda    283.00     24.00  16760.00      0.00     59.31      0.25      0.90      2.40

03:50:52 PM IST       DEV       tps     rkB/s     wkB/s     dkB/s   areq-sz    aqu-sz     await     %util
03:50:53 PM IST   nvme0n1      0.00      0.00      0.00      0.00      0.00      0.00      0.00      0.00
03:50:53 PM IST       sda     35.00     64.00   2400.00      0.00     70.40      0.27      7.57      6.80

03:50:53 PM IST       DEV       tps     rkB/s     wkB/s     dkB/s   areq-sz    aqu-sz     await     %util
03:50:54 PM IST   nvme0n1      0.00      0.00      0.00      0.00      0.00      0.00      0.00      0.00
03:50:54 PM IST       sda    154.00      4.00   4316.00      0.00     28.05      0.05      0.32      0.40

03:50:54 PM IST       DEV       tps     rkB/s     wkB/s     dkB/s   areq-sz    aqu-sz     await     %util
03:50:55 PM IST   nvme0n1      0.00      0.00      0.00      0.00      0.00      0.00      0.00      0.00
03:50:55 PM IST       sda     14.00      8.00    348.00      0.00     25.43      0.01      0.29      0.00

03:50:55 PM IST       DEV       tps     rkB/s     wkB/s     dkB/s   areq-sz    aqu-sz     await     %util
03:50:56 PM IST   nvme0n1      0.00      0.00      0.00      0.00      0.00      0.00      0.00      0.00
03:50:56 PM IST       sda     14.00      0.00    408.00      0.00     29.14      0.01      0.29      0.40

03:50:56 PM IST       DEV       tps     rkB/s     wkB/s     dkB/s   areq-sz    aqu-sz     await     %util
03:50:57 PM IST   nvme0n1      0.00      0.00      0.00      0.00      0.00      0.00      0.00      0.00
03:50:57 PM IST       sda     44.00      4.00   4508.00      0.00    102.55      0.27      3.73     12.40

03:50:57 PM IST       DEV       tps     rkB/s     wkB/s     dkB/s   areq-sz    aqu-sz     await     %util
03:50:58 PM IST   nvme0n1      0.00      0.00      0.00      0.00      0.00      0.00      0.00      0.00
03:50:58 PM IST       sda      9.00    208.00      0.00      0.00     23.11      0.01      0.67      0.40

03:50:58 PM IST       DEV       tps     rkB/s     wkB/s     dkB/s   areq-sz    aqu-sz     await     %util
03:50:59 PM IST   nvme0n1      0.00      0.00      0.00      0.00      0.00      0.00      0.00      0.00
03:50:59 PM IST       sda      3.00      0.00    256.00      0.00     85.33      0.00      1.00      0.40

03:50:59 PM IST       DEV       tps     rkB/s     wkB/s     dkB/s   areq-sz    aqu-sz     await     %util
03:51:00 PM IST   nvme0n1      0.00      0.00      0.00      0.00      0.00      0.00      0.00      0.00
03:51:00 PM IST       sda      2.00      0.00     28.00      0.00     14.00      0.00      0.50      0.00

03:51:00 PM IST       DEV       tps     rkB/s     wkB/s     dkB/s   areq-sz    aqu-sz     await     %util
03:51:01 PM IST   nvme0n1      0.00      0.00      0.00      0.00      0.00      0.00      0.00      0.00
03:51:01 PM IST       sda     18.00      0.00    168.00      0.00      9.33      0.01      0.22      0.40

03:51:01 PM IST       DEV       tps     rkB/s     wkB/s     dkB/s   areq-sz    aqu-sz     await     %util
03:51:02 PM IST   nvme0n1      0.00      0.00      0.00      0.00      0.00      0.00      0.00      0.00
03:51:02 PM IST       sda      0.00      0.00      0.00      0.00      0.00      0.00      0.00      0.00

03:51:02 PM IST       DEV       tps     rkB/s     wkB/s     dkB/s   areq-sz    aqu-sz     await     %util
03:51:03 PM IST   nvme0n1      0.00      0.00      0.00      0.00      0.00      0.00      0.00      0.00
03:51:03 PM IST       sda      9.00      0.00    256.00      0.00     28.44      0.01      0.89      0.00

03:51:03 PM IST       DEV       tps     rkB/s     wkB/s     dkB/s   areq-sz    aqu-sz     await     %util
03:51:04 PM IST   nvme0n1      0.00      0.00      0.00      0.00      0.00      0.00      0.00      0.00
03:51:04 PM IST       sda     14.00      0.00    112.00      0.00      8.00      0.01      0.21      0.40

03:51:04 PM IST       DEV       tps     rkB/s     wkB/s     dkB/s   areq-sz    aqu-sz     await     %util
03:51:05 PM IST   nvme0n1      0.00      0.00      0.00      0.00      0.00      0.00      0.00      0.00
03:51:05 PM IST       sda      2.00      0.00     24.00      0.00     12.00      0.00      1.00      0.40

03:51:05 PM IST       DEV       tps     rkB/s     wkB/s     dkB/s   areq-sz    aqu-sz     await     %util
03:51:06 PM IST   nvme0n1      0.00      0.00      0.00      0.00      0.00      0.00      0.00      0.00
03:51:06 PM IST       sda    124.00      0.00    668.00      0.00      5.39      0.01      0.11      0.00

03:51:06 PM IST       DEV       tps     rkB/s     wkB/s     dkB/s   areq-sz    aqu-sz     await     %util
03:51:07 PM IST   nvme0n1      0.00      0.00      0.00      0.00      0.00      0.00      0.00      0.00
03:51:07 PM IST       sda      0.00      0.00      0.00      0.00      0.00      0.00      0.00      0.00

03:51:07 PM IST       DEV       tps     rkB/s     wkB/s     dkB/s   areq-sz    aqu-sz     await     %util
03:51:08 PM IST   nvme0n1      0.00      0.00      0.00      0.00      0.00      0.00      0.00      0.00
03:51:08 PM IST       sda     23.00      0.00    120.00      0.00      5.22      0.01      0.30      0.00

03:51:08 PM IST       DEV       tps     rkB/s     wkB/s     dkB/s   areq-sz    aqu-sz     await     %util
03:51:09 PM IST   nvme0n1      0.00      0.00      0.00      0.00      0.00      0.00      0.00      0.00
03:51:09 PM IST       sda     32.00     20.00    256.00      0.00      8.62      0.00      0.09      0.00

03:51:09 PM IST       DEV       tps     rkB/s     wkB/s     dkB/s   areq-sz    aqu-sz     await     %util
03:51:10 PM IST   nvme0n1      0.00      0.00      0.00      0.00      0.00      0.00      0.00      0.00
03:51:10 PM IST       sda     65.00      0.00    636.00      0.00      9.78      0.02      0.22      0.80

03:51:10 PM IST       DEV       tps     rkB/s     wkB/s     dkB/s   areq-sz    aqu-sz     await     %util
03:51:11 PM IST   nvme0n1      0.00      0.00      0.00      0.00      0.00      0.00      0.00      0.00
03:51:11 PM IST       sda      3.00      0.00     40.00      0.00     13.33      0.00      0.33      0.40

03:51:11 PM IST       DEV       tps     rkB/s     wkB/s     dkB/s   areq-sz    aqu-sz     await     %util
03:51:12 PM IST   nvme0n1      0.00      0.00      0.00      0.00      0.00      0.00      0.00      0.00
03:51:12 PM IST       sda     21.00      0.00    256.00      0.00     12.19      0.01      0.33      0.00

03:51:12 PM IST       DEV       tps     rkB/s     wkB/s     dkB/s   areq-sz    aqu-sz     await     %util
03:51:13 PM IST   nvme0n1      0.00      0.00      0.00      0.00      0.00      0.00      0.00      0.00
03:51:13 PM IST       sda    198.00      0.00   5836.00      0.00     29.47      0.11      0.58      0.80

03:51:13 PM IST       DEV       tps     rkB/s     wkB/s     dkB/s   areq-sz    aqu-sz     await     %util
03:51:14 PM IST   nvme0n1      0.00      0.00      0.00      0.00      0.00      0.00      0.00      0.00
03:51:14 PM IST       sda      1.00      0.00     12.00      0.00     12.00      0.00      0.00      0.00

03:51:14 PM IST       DEV       tps     rkB/s     wkB/s     dkB/s   areq-sz    aqu-sz     await     %util
03:51:15 PM IST   nvme0n1      0.00      0.00      0.00      0.00      0.00      0.00      0.00      0.00
03:51:15 PM IST       sda     51.00      0.00    752.00      0.00     14.75      0.02      0.29      0.80

03:51:15 PM IST       DEV       tps     rkB/s     wkB/s     dkB/s   areq-sz    aqu-sz     await     %util
03:51:16 PM IST   nvme0n1      0.00      0.00      0.00      0.00      0.00      0.00      0.00      0.00
03:51:16 PM IST       sda      0.00      0.00      0.00      0.00      0.00      0.00      0.00      0.00

03:51:16 PM IST       DEV       tps     rkB/s     wkB/s     dkB/s   areq-sz    aqu-sz     await     %util
03:51:17 PM IST   nvme0n1      0.00      0.00      0.00      0.00      0.00      0.00      0.00      0.00
03:51:17 PM IST       sda     25.00      0.00    112.00      0.00      4.48      0.01      0.32      0.00

03:51:17 PM IST       DEV       tps     rkB/s     wkB/s     dkB/s   areq-sz    aqu-sz     await     %util
03:51:18 PM IST   nvme0n1      0.00      0.00      0.00      0.00      0.00      0.00      0.00      0.00
03:51:18 PM IST       sda      4.00      0.00   2056.00      0.00    514.00      0.01      2.75      0.40

03:51:18 PM IST       DEV       tps     rkB/s     wkB/s     dkB/s   areq-sz    aqu-sz     await     %util
03:51:19 PM IST   nvme0n1      0.00      0.00      0.00      0.00      0.00      0.00      0.00      0.00
03:51:19 PM IST       sda     38.00      8.00    384.00      0.00     10.32      0.02      0.47      0.80

03:51:19 PM IST       DEV       tps     rkB/s     wkB/s     dkB/s   areq-sz    aqu-sz     await     %util
03:51:20 PM IST   nvme0n1      0.00      0.00      0.00      0.00      0.00      0.00      0.00      0.00
03:51:20 PM IST       sda     36.00      0.00    216.00      0.00      6.00      0.00      0.11      0.00

03:51:20 PM IST       DEV       tps     rkB/s     wkB/s     dkB/s   areq-sz    aqu-sz     await     %util
03:51:21 PM IST   nvme0n1      0.00      0.00      0.00      0.00      0.00      0.00      0.00      0.00
03:51:21 PM IST       sda     12.00     16.00    116.00      0.00     11.00      0.01      0.50      0.80

03:51:21 PM IST       DEV       tps     rkB/s     wkB/s     dkB/s   areq-sz    aqu-sz     await     %util
03:51:22 PM IST   nvme0n1      0.00      0.00      0.00      0.00      0.00      0.00      0.00      0.00
03:51:22 PM IST       sda      0.00      0.00      0.00      0.00      0.00      0.00      0.00      0.00

03:51:22 PM IST       DEV       tps     rkB/s     wkB/s     dkB/s   areq-sz    aqu-sz     await     %util
03:51:23 PM IST   nvme0n1      0.00      0.00      0.00      0.00      0.00      0.00      0.00      0.00
03:51:23 PM IST       sda      0.00      0.00      0.00      0.00      0.00      0.00      0.00      0.00

03:51:23 PM IST       DEV       tps     rkB/s     wkB/s     dkB/s   areq-sz    aqu-sz     await     %util
03:51:24 PM IST   nvme0n1      0.00      0.00      0.00      0.00      0.00      0.00      0.00      0.00
03:51:24 PM IST       sda     23.00      0.00    176.00      0.00      7.65      0.01      0.22      0.40

03:51:24 PM IST       DEV       tps     rkB/s     wkB/s     dkB/s   areq-sz    aqu-sz     await     %util
03:51:25 PM IST   nvme0n1      0.00      0.00      0.00      0.00      0.00      0.00      0.00      0.00
03:51:25 PM IST       sda     37.00      0.00    216.00      0.00      5.84      0.00      0.11      0.00

03:51:25 PM IST       DEV       tps     rkB/s     wkB/s     dkB/s   areq-sz    aqu-sz     await     %util
03:51:26 PM IST   nvme0n1      0.00      0.00      0.00      0.00      0.00      0.00      0.00      0.00
03:51:26 PM IST       sda      7.00      0.00    124.00      0.00     17.71      0.00      0.29      0.00

03:51:26 PM IST       DEV       tps     rkB/s     wkB/s     dkB/s   areq-sz    aqu-sz     await     %util
03:51:27 PM IST   nvme0n1      0.00      0.00      0.00      0.00      0.00      0.00      0.00      0.00
03:51:27 PM IST       sda      2.00      0.00      8.00      0.00      4.00      0.00      0.50      0.40

03:51:27 PM IST       DEV       tps     rkB/s     wkB/s     dkB/s   areq-sz    aqu-sz     await     %util
03:51:28 PM IST   nvme0n1      0.00      0.00      0.00      0.00      0.00      0.00      0.00      0.00
03:51:28 PM IST       sda     30.00      0.00    148.00      0.00      4.93      0.01      0.20      0.00

03:51:28 PM IST       DEV       tps     rkB/s     wkB/s     dkB/s   areq-sz    aqu-sz     await     %util
03:51:29 PM IST   nvme0n1      0.00      0.00      0.00      0.00      0.00      0.00      0.00      0.00
03:51:29 PM IST       sda      3.00      0.00    144.00      0.00     48.00      0.00      0.67      0.40

03:51:29 PM IST       DEV       tps     rkB/s     wkB/s     dkB/s   areq-sz    aqu-sz     await     %util
03:51:30 PM IST   nvme0n1      0.00      0.00      0.00      0.00      0.00      0.00      0.00      0.00
03:51:30 PM IST       sda     34.00      0.00    328.00      0.00      9.65      0.01      0.15      0.00

03:51:30 PM IST       DEV       tps     rkB/s     wkB/s     dkB/s   areq-sz    aqu-sz     await     %util
03:51:31 PM IST   nvme0n1      0.00      0.00      0.00      0.00      0.00      0.00      0.00      0.00
03:51:31 PM IST       sda     13.00      0.00    160.00      0.00     12.31      0.01      0.38      0.40

03:51:31 PM IST       DEV       tps     rkB/s     wkB/s     dkB/s   areq-sz    aqu-sz     await     %util
03:51:32 PM IST   nvme0n1      0.00      0.00      0.00      0.00      0.00      0.00      0.00      0.00
03:51:32 PM IST       sda      0.00      0.00      0.00      0.00      0.00      0.00      0.00      0.00

03:51:32 PM IST       DEV       tps     rkB/s     wkB/s     dkB/s   areq-sz    aqu-sz     await     %util
03:51:33 PM IST   nvme0n1      0.00      0.00      0.00      0.00      0.00      0.00      0.00      0.00
03:51:33 PM IST       sda      0.00      0.00      0.00      0.00      0.00      0.00      0.00      0.00

03:51:33 PM IST       DEV       tps     rkB/s     wkB/s     dkB/s   areq-sz    aqu-sz     await     %util
03:51:34 PM IST   nvme0n1      0.00      0.00      0.00      0.00      0.00      0.00      0.00      0.00
03:51:34 PM IST       sda     29.00      0.00    140.00      0.00      4.83      0.01      0.48      0.00

03:51:34 PM IST       DEV       tps     rkB/s     wkB/s     dkB/s   areq-sz    aqu-sz     await     %util
03:51:35 PM IST   nvme0n1      0.00      0.00      0.00      0.00      0.00      0.00      0.00      0.00
03:51:35 PM IST       sda      3.00     24.00      0.00      0.00      8.00      0.00      0.00      0.00

03:51:35 PM IST       DEV       tps     rkB/s     wkB/s     dkB/s   areq-sz    aqu-sz     await     %util
03:51:36 PM IST   nvme0n1      0.00      0.00      0.00      0.00      0.00      0.00      0.00      0.00
03:51:36 PM IST       sda     52.00      0.00    652.00      0.00     12.54      0.01      0.25      0.00

03:51:36 PM IST       DEV       tps     rkB/s     wkB/s     dkB/s   areq-sz    aqu-sz     await     %util
03:51:37 PM IST   nvme0n1      0.00      0.00      0.00      0.00      0.00      0.00      0.00      0.00
03:51:37 PM IST       sda    111.00      0.00    576.00      0.00      5.19      0.03      0.23      0.00

03:51:37 PM IST       DEV       tps     rkB/s     wkB/s     dkB/s   areq-sz    aqu-sz     await     %util
03:51:38 PM IST   nvme0n1      0.00      0.00      0.00      0.00      0.00      0.00      0.00      0.00
03:51:38 PM IST       sda     21.00      0.00    108.00      0.00      5.14      0.01      0.33      0.00

03:51:38 PM IST       DEV       tps     rkB/s     wkB/s     dkB/s   areq-sz    aqu-sz     await     %util
03:51:39 PM IST   nvme0n1      0.00      0.00      0.00      0.00      0.00      0.00      0.00      0.00
03:51:39 PM IST       sda      1.00      0.00      4.00      0.00      4.00      0.00      0.00      0.00

03:51:39 PM IST       DEV       tps     rkB/s     wkB/s     dkB/s   areq-sz    aqu-sz     await     %util
03:51:40 PM IST   nvme0n1      0.00      0.00      0.00      0.00      0.00      0.00      0.00      0.00
03:51:40 PM IST       sda     75.00     24.00   6568.00      0.00     87.89      0.09      1.20      1.20

03:51:40 PM IST       DEV       tps     rkB/s     wkB/s     dkB/s   areq-sz    aqu-sz     await     %util
03:51:41 PM IST   nvme0n1      0.00      0.00      0.00      0.00      0.00      0.00      0.00      0.00
03:51:41 PM IST       sda      0.00      0.00      0.00      0.00      0.00      0.00      0.00      0.00

03:51:41 PM IST       DEV       tps     rkB/s     wkB/s     dkB/s   areq-sz    aqu-sz     await     %util
03:51:42 PM IST   nvme0n1      0.00      0.00      0.00      0.00      0.00      0.00      0.00      0.00
03:51:42 PM IST       sda     38.00      0.00    388.00      0.00     10.21      0.02      0.53      0.00

03:51:42 PM IST       DEV       tps     rkB/s     wkB/s     dkB/s   areq-sz    aqu-sz     await     %util
03:51:43 PM IST   nvme0n1      0.00      0.00      0.00      0.00      0.00      0.00      0.00      0.00
03:51:43 PM IST       sda      0.00      0.00      0.00      0.00      0.00      0.00      0.00      0.00

03:51:43 PM IST       DEV       tps     rkB/s     wkB/s     dkB/s   areq-sz    aqu-sz     await     %util
03:51:44 PM IST   nvme0n1      0.00      0.00      0.00      0.00      0.00      0.00      0.00      0.00
03:51:44 PM IST       sda      0.00      0.00      0.00      0.00      0.00      0.00      0.00      0.00

03:51:44 PM IST       DEV       tps     rkB/s     wkB/s     dkB/s   areq-sz    aqu-sz     await     %util
03:51:45 PM IST   nvme0n1      0.00      0.00      0.00      0.00      0.00      0.00      0.00      0.00
03:51:45 PM IST       sda      0.00      0.00      0.00      0.00      0.00      0.00      0.00      0.00

03:51:45 PM IST       DEV       tps     rkB/s     wkB/s     dkB/s   areq-sz    aqu-sz     await     %util
03:51:46 PM IST   nvme0n1      0.00      0.00      0.00      0.00      0.00      0.00      0.00      0.00
03:51:46 PM IST       sda      0.00      0.00      0.00      0.00      0.00      0.00      0.00      0.00

03:51:46 PM IST       DEV       tps     rkB/s     wkB/s     dkB/s   areq-sz    aqu-sz     await     %util
03:51:47 PM IST   nvme0n1      0.00      0.00      0.00      0.00      0.00      0.00      0.00      0.00
03:51:47 PM IST       sda     51.00      0.00    416.00      0.00      8.16      0.01      0.25      0.00

03:51:47 PM IST       DEV       tps     rkB/s     wkB/s     dkB/s   areq-sz    aqu-sz     await     %util
03:51:48 PM IST   nvme0n1      0.00      0.00      0.00      0.00      0.00      0.00      0.00      0.00
03:51:48 PM IST       sda      3.00      0.00     88.00      0.00     29.33      0.00      0.33      0.00

03:51:48 PM IST       DEV       tps     rkB/s     wkB/s     dkB/s   areq-sz    aqu-sz     await     %util
03:51:49 PM IST   nvme0n1      0.00      0.00      0.00      0.00      0.00      0.00      0.00      0.00
03:51:49 PM IST       sda      1.00      4.00      0.00      0.00      4.00      0.00      1.00      0.00

03:51:49 PM IST       DEV       tps     rkB/s     wkB/s     dkB/s   areq-sz    aqu-sz     await     %util
03:51:50 PM IST   nvme0n1      0.00      0.00      0.00      0.00      0.00      0.00      0.00      0.00
03:51:50 PM IST       sda     24.00      4.00    276.00      0.00     11.67      0.01      0.25      0.40

03:51:50 PM IST       DEV       tps     rkB/s     wkB/s     dkB/s   areq-sz    aqu-sz     await     %util
03:51:51 PM IST   nvme0n1      0.00      0.00      0.00      0.00      0.00      0.00      0.00      0.00
03:51:51 PM IST       sda      0.00      0.00      0.00      0.00      0.00      0.00      0.00      0.00

03:51:51 PM IST       DEV       tps     rkB/s     wkB/s     dkB/s   areq-sz    aqu-sz     await     %util
03:51:52 PM IST   nvme0n1      0.00      0.00      0.00      0.00      0.00      0.00      0.00      0.00
03:51:52 PM IST       sda     75.00      0.00    444.00      0.00      5.92      0.02      0.21      0.00

03:51:52 PM IST       DEV       tps     rkB/s     wkB/s     dkB/s   areq-sz    aqu-sz     await     %util
03:51:53 PM IST   nvme0n1      0.00      0.00      0.00      0.00      0.00      0.00      0.00      0.00
03:51:53 PM IST       sda      2.00      0.00     24.00      0.00     12.00      0.00      0.50      0.00
