Linux 6.12.33+kali-amd64 (two94) 	23/11/25 	_x86_64_	(12 CPU)

04:28:19 PM IST       DEV       tps     rkB/s     wkB/s     dkB/s   areq-sz    aqu-sz     await     %util
04:28:20 PM IST   nvme0n1      0.00      0.00      0.00      0.00      0.00      0.00      0.00      0.00
04:28:20 PM IST       sda     69.00      0.00    944.00      0.00     13.68      2.10     18.74     74.00

04:28:20 PM IST       DEV       tps     rkB/s     wkB/s     dkB/s   areq-sz    aqu-sz     await     %util
04:28:21 PM IST   nvme0n1      0.00      0.00      0.00      0.00      0.00      0.00      0.00      0.00
04:28:21 PM IST       sda     50.00      0.00    460.00      0.00      9.20      2.13     22.30    100.80

04:28:21 PM IST       DEV       tps     rkB/s     wkB/s     dkB/s   areq-sz    aqu-sz     await     %util
04:28:22 PM IST   nvme0n1      0.00      0.00      0.00      0.00      0.00      0.00      0.00      0.00
04:28:22 PM IST       sda    755.00      0.00   4632.00      0.00      6.14      0.97      0.66     48.40

04:28:22 PM IST       DEV       tps     rkB/s     wkB/s     dkB/s   areq-sz    aqu-sz     await     %util
04:28:23 PM IST   nvme0n1      0.00      0.00      0.00      0.00      0.00      0.00      0.00      0.00
04:28:23 PM IST       sda   1087.00      0.00   6888.00      0.00      6.34      0.58      0.28     29.20

04:28:23 PM IST       DEV       tps     rkB/s     wkB/s     dkB/s   areq-sz    aqu-sz     await     %util
04:28:24 PM IST   nvme0n1      0.00      0.00      0.00      0.00      0.00      0.00      0.00      0.00
04:28:24 PM IST       sda   1151.00      0.00   6976.00      0.00      6.06      0.54      0.25     28.00

04:28:24 PM IST       DEV       tps     rkB/s     wkB/s     dkB/s   areq-sz    aqu-sz     await     %util
04:28:25 PM IST   nvme0n1      0.00      0.00      0.00      0.00      0.00      0.00      0.00      0.00
04:28:25 PM IST       sda   1293.00      0.00   7384.00      0.00      5.71      0.61      0.25     34.00

04:28:25 PM IST       DEV       tps     rkB/s     wkB/s     dkB/s   areq-sz    aqu-sz     await     %util
04:28:26 PM IST   nvme0n1      0.00      0.00      0.00      0.00      0.00      0.00      0.00      0.00
04:28:26 PM IST       sda   1348.00      0.00   8444.00      0.00      6.26      0.66      0.26     33.60

04:28:26 PM IST       DEV       tps     rkB/s     wkB/s     dkB/s   areq-sz    aqu-sz     await     %util
04:28:27 PM IST   nvme0n1      0.00      0.00      0.00      0.00      0.00      0.00      0.00      0.00
04:28:27 PM IST       sda   1117.00      0.00   7088.00      0.00      6.35      0.55      0.26     30.00

04:28:27 PM IST       DEV       tps     rkB/s     wkB/s     dkB/s   areq-sz    aqu-sz     await     %util
04:28:28 PM IST   nvme0n1      0.00      0.00      0.00      0.00      0.00      0.00      0.00      0.00
04:28:28 PM IST       sda   1150.00      0.00   7040.00      0.00      6.12      0.55      0.26     31.60

04:28:28 PM IST       DEV       tps     rkB/s     wkB/s     dkB/s   areq-sz    aqu-sz     await     %util
04:28:29 PM IST   nvme0n1      0.00      0.00      0.00      0.00      0.00      0.00      0.00      0.00
04:28:29 PM IST       sda   1080.00      0.00   6664.00      0.00      6.17      0.52      0.26     23.60

04:28:29 PM IST       DEV       tps     rkB/s     wkB/s     dkB/s   areq-sz    aqu-sz     await     %util
04:28:30 PM IST   nvme0n1      0.00      0.00      0.00      0.00      0.00      0.00      0.00      0.00
04:28:30 PM IST       sda   1147.00      0.00   7232.00      0.00      6.31      0.55      0.25     28.00

04:28:30 PM IST       DEV       tps     rkB/s     wkB/s     dkB/s   areq-sz    aqu-sz     await     %util
04:28:31 PM IST   nvme0n1      0.00      0.00      0.00      0.00      0.00      0.00      0.00      0.00
04:28:31 PM IST       sda   1129.00      0.00   6896.00      0.00      6.11      0.57      0.27     33.20

04:28:31 PM IST       DEV       tps     rkB/s     wkB/s     dkB/s   areq-sz    aqu-sz     await     %util
04:28:32 PM IST   nvme0n1      0.00      0.00      0.00      0.00      0.00      0.00      0.00      0.00
04:28:32 PM IST       sda   1100.00      0.00   6644.00      0.00      6.04      0.54      0.26     24.80

04:28:32 PM IST       DEV       tps     rkB/s     wkB/s     dkB/s   areq-sz    aqu-sz     await     %util
04:28:33 PM IST   nvme0n1      0.00      0.00      0.00      0.00      0.00      0.00      0.00      0.00
04:28:33 PM IST       sda    999.00    884.00   6072.00      0.00      6.96      0.50      0.29     24.00

04:28:33 PM IST       DEV       tps     rkB/s     wkB/s     dkB/s   areq-sz    aqu-sz     await     %util
04:28:34 PM IST   nvme0n1      0.00      0.00      0.00      0.00      0.00      0.00      0.00      0.00
04:28:34 PM IST       sda   1090.00   1672.00   6136.00      0.00      7.16      0.51      0.27     27.60

04:28:34 PM IST       DEV       tps     rkB/s     wkB/s     dkB/s   areq-sz    aqu-sz     await     %util
04:28:35 PM IST   nvme0n1      0.00      0.00      0.00      0.00      0.00      0.00      0.00      0.00
04:28:35 PM IST       sda   1166.00    340.00   6964.00      0.00      6.26      0.61      0.28     28.40

04:28:35 PM IST       DEV       tps     rkB/s     wkB/s     dkB/s   areq-sz    aqu-sz     await     %util
04:28:36 PM IST   nvme0n1      0.00      0.00      0.00      0.00      0.00      0.00      0.00      0.00
04:28:36 PM IST       sda   1104.00      4.00   7412.00      0.00      6.72      0.61      0.30     28.80

04:28:36 PM IST       DEV       tps     rkB/s     wkB/s     dkB/s   areq-sz    aqu-sz     await     %util
04:28:37 PM IST   nvme0n1      0.00      0.00      0.00      0.00      0.00      0.00      0.00      0.00
04:28:37 PM IST       sda   1119.00      0.00   6824.00      0.00      6.10      0.61      0.29     30.40

04:28:37 PM IST       DEV       tps     rkB/s     wkB/s     dkB/s   areq-sz    aqu-sz     await     %util
04:28:38 PM IST   nvme0n1      0.00      0.00      0.00      0.00      0.00      0.00      0.00      0.00
04:28:38 PM IST       sda   1120.00      0.00   6884.00      0.00      6.15      0.63      0.30     28.40

04:28:38 PM IST       DEV       tps     rkB/s     wkB/s     dkB/s   areq-sz    aqu-sz     await     %util
04:28:39 PM IST   nvme0n1      0.00      0.00      0.00      0.00      0.00      0.00      0.00      0.00
04:28:39 PM IST       sda   1121.00      0.00   6764.00      0.00      6.03      0.57      0.27     28.80

04:28:39 PM IST       DEV       tps     rkB/s     wkB/s     dkB/s   areq-sz    aqu-sz     await     %util
04:28:40 PM IST   nvme0n1      0.00      0.00      0.00      0.00      0.00      0.00      0.00      0.00
04:28:40 PM IST       sda    991.00      0.00   6352.00      0.00      6.41      0.50      0.27     25.60

04:28:40 PM IST       DEV       tps     rkB/s     wkB/s     dkB/s   areq-sz    aqu-sz     await     %util
04:28:41 PM IST   nvme0n1      0.00      0.00      0.00      0.00      0.00      0.00      0.00      0.00
04:28:41 PM IST       sda   1132.00      0.00   6872.00      0.00      6.07      0.54      0.26     30.40

04:28:41 PM IST       DEV       tps     rkB/s     wkB/s     dkB/s   areq-sz    aqu-sz     await     %util
04:28:42 PM IST   nvme0n1      0.00      0.00      0.00      0.00      0.00      0.00      0.00      0.00
04:28:42 PM IST       sda   1300.00      0.00   7668.00      0.00      5.90      0.56      0.24     26.40

04:28:42 PM IST       DEV       tps     rkB/s     wkB/s     dkB/s   areq-sz    aqu-sz     await     %util
04:28:43 PM IST   nvme0n1      0.00      0.00      0.00      0.00      0.00      0.00      0.00      0.00
04:28:43 PM IST       sda   1175.00      0.00   7388.00      0.00      6.29      0.54      0.25     29.20

04:28:43 PM IST       DEV       tps     rkB/s     wkB/s     dkB/s   areq-sz    aqu-sz     await     %util
04:28:44 PM IST   nvme0n1      0.00      0.00      0.00      0.00      0.00      0.00      0.00      0.00
04:28:44 PM IST       sda   1085.00      0.00   6616.00      0.00      6.10      0.57      0.28     28.00

04:28:44 PM IST       DEV       tps     rkB/s     wkB/s     dkB/s   areq-sz    aqu-sz     await     %util
04:28:45 PM IST   nvme0n1      0.00      0.00      0.00      0.00      0.00      0.00      0.00      0.00
04:28:45 PM IST       sda   1109.00      0.00   6676.00      0.00      6.02      0.53      0.26     24.00

04:28:45 PM IST       DEV       tps     rkB/s     wkB/s     dkB/s   areq-sz    aqu-sz     await     %util
04:28:46 PM IST   nvme0n1      0.00      0.00      0.00      0.00      0.00      0.00      0.00      0.00
04:28:46 PM IST       sda   1075.00      0.00   6728.00      0.00      6.26      0.51      0.25     29.20

04:28:46 PM IST       DEV       tps     rkB/s     wkB/s     dkB/s   areq-sz    aqu-sz     await     %util
04:28:47 PM IST   nvme0n1      0.00      0.00      0.00      0.00      0.00      0.00      0.00      0.00
04:28:47 PM IST       sda    986.00      0.00   5984.00      0.00      6.07      0.47      0.25     25.60

04:28:47 PM IST       DEV       tps     rkB/s     wkB/s     dkB/s   areq-sz    aqu-sz     await     %util
04:28:48 PM IST   nvme0n1      0.00      0.00      0.00      0.00      0.00      0.00      0.00      0.00
04:28:48 PM IST       sda    926.00     16.00   5652.00      0.00      6.12      0.45      0.26     16.00

04:28:48 PM IST       DEV       tps     rkB/s     wkB/s     dkB/s   areq-sz    aqu-sz     await     %util
04:28:49 PM IST   nvme0n1      0.00      0.00      0.00      0.00      0.00      0.00      0.00      0.00
04:28:49 PM IST       sda   1144.00      0.00   7128.00      0.00      6.23      0.57      0.26     35.20

04:28:49 PM IST       DEV       tps     rkB/s     wkB/s     dkB/s   areq-sz    aqu-sz     await     %util
04:28:50 PM IST   nvme0n1      0.00      0.00      0.00      0.00      0.00      0.00      0.00      0.00
04:28:50 PM IST       sda   1122.00      4.00   6872.00      0.00      6.13      0.56      0.27     26.80

04:28:50 PM IST       DEV       tps     rkB/s     wkB/s     dkB/s   areq-sz    aqu-sz     await     %util
04:28:51 PM IST   nvme0n1      0.00      0.00      0.00      0.00      0.00      0.00      0.00      0.00
04:28:51 PM IST       sda   1030.00      0.00   6396.00      0.00      6.21      0.52      0.27     25.20

04:28:51 PM IST       DEV       tps     rkB/s     wkB/s     dkB/s   areq-sz    aqu-sz     await     %util
04:28:52 PM IST   nvme0n1      0.00      0.00      0.00      0.00      0.00      0.00      0.00      0.00
04:28:52 PM IST       sda    949.00     16.00   6008.00      0.00      6.35      0.45      0.26     24.80

04:28:52 PM IST       DEV       tps     rkB/s     wkB/s     dkB/s   areq-sz    aqu-sz     await     %util
04:28:53 PM IST   nvme0n1      0.00      0.00      0.00      0.00      0.00      0.00      0.00      0.00
04:28:53 PM IST       sda   1100.00    192.00   6784.00      0.00      6.34      0.60      0.29     32.00

04:28:53 PM IST       DEV       tps     rkB/s     wkB/s     dkB/s   areq-sz    aqu-sz     await     %util
04:28:54 PM IST   nvme0n1      0.00      0.00      0.00      0.00      0.00      0.00      0.00      0.00
04:28:54 PM IST       sda   1085.00      0.00   6600.00      0.00      6.08      0.59      0.29     34.40

04:28:54 PM IST       DEV       tps     rkB/s     wkB/s     dkB/s   areq-sz    aqu-sz     await     %util
04:28:55 PM IST   nvme0n1      0.00      0.00      0.00      0.00      0.00      0.00      0.00      0.00
04:28:55 PM IST       sda   1154.00      0.00   7068.00      0.00      6.12      0.62      0.29     31.20

04:28:55 PM IST       DEV       tps     rkB/s     wkB/s     dkB/s   areq-sz    aqu-sz     await     %util
04:28:56 PM IST   nvme0n1      0.00      0.00      0.00      0.00      0.00      0.00      0.00      0.00
04:28:56 PM IST       sda   1019.00     64.00   6424.00      0.00      6.37      0.56      0.29     33.60

04:28:56 PM IST       DEV       tps     rkB/s     wkB/s     dkB/s   areq-sz    aqu-sz     await     %util
04:28:57 PM IST   nvme0n1      0.00      0.00      0.00      0.00      0.00      0.00      0.00      0.00
04:28:57 PM IST       sda   1049.00      0.00   6372.00      0.00      6.07      0.55      0.28     31.20

04:28:57 PM IST       DEV       tps     rkB/s     wkB/s     dkB/s   areq-sz    aqu-sz     await     %util
04:28:58 PM IST   nvme0n1      0.00      0.00      0.00      0.00      0.00      0.00      0.00      0.00
04:28:58 PM IST       sda    987.00      0.00   6028.00      0.00      6.11      0.52      0.28     22.00

04:28:58 PM IST       DEV       tps     rkB/s     wkB/s     dkB/s   areq-sz    aqu-sz     await     %util
04:28:59 PM IST   nvme0n1      0.00      0.00      0.00      0.00      0.00      0.00      0.00      0.00
04:28:59 PM IST       sda   1149.00      0.00   7248.00      0.00      6.31      0.54      0.25     26.00

04:28:59 PM IST       DEV       tps     rkB/s     wkB/s     dkB/s   areq-sz    aqu-sz     await     %util
04:29:00 PM IST   nvme0n1      0.00      0.00      0.00      0.00      0.00      0.00      0.00      0.00
04:29:00 PM IST       sda   1150.00      0.00   7020.00      0.00      6.10      0.55      0.26     29.20

04:29:00 PM IST       DEV       tps     rkB/s     wkB/s     dkB/s   areq-sz    aqu-sz     await     %util
04:29:01 PM IST   nvme0n1      0.00      0.00      0.00      0.00      0.00      0.00      0.00      0.00
04:29:01 PM IST       sda   1158.00      0.00   7240.00      0.00      6.25      0.55      0.25     30.40

04:29:01 PM IST       DEV       tps     rkB/s     wkB/s     dkB/s   areq-sz    aqu-sz     await     %util
04:29:02 PM IST   nvme0n1      0.00      0.00      0.00      0.00      0.00      0.00      0.00      0.00
04:29:02 PM IST       sda   1132.00      0.00   7288.00      0.00      6.44      0.55      0.26     27.60

04:29:02 PM IST       DEV       tps     rkB/s     wkB/s     dkB/s   areq-sz    aqu-sz     await     %util
04:29:03 PM IST   nvme0n1      0.00      0.00      0.00      0.00      0.00      0.00      0.00      0.00
04:29:03 PM IST       sda   1257.00      0.00   7420.00      0.00      5.90      0.58      0.26     26.40

04:29:03 PM IST       DEV       tps     rkB/s     wkB/s     dkB/s   areq-sz    aqu-sz     await     %util
04:29:04 PM IST   nvme0n1      0.00      0.00      0.00      0.00      0.00      0.00      0.00      0.00
04:29:04 PM IST       sda   1148.00      0.00   6964.00      0.00      6.07      0.55      0.25     29.60

04:29:04 PM IST       DEV       tps     rkB/s     wkB/s     dkB/s   areq-sz    aqu-sz     await     %util
04:29:05 PM IST   nvme0n1      0.00      0.00      0.00      0.00      0.00      0.00      0.00      0.00
04:29:05 PM IST       sda   1117.00      0.00   7056.00      0.00      6.32      0.53      0.26     31.60

04:29:05 PM IST       DEV       tps     rkB/s     wkB/s     dkB/s   areq-sz    aqu-sz     await     %util
04:29:06 PM IST   nvme0n1      0.00      0.00      0.00      0.00      0.00      0.00      0.00      0.00
04:29:06 PM IST       sda   1151.00      0.00   7392.00      0.00      6.42      0.55      0.26     26.80

04:29:06 PM IST       DEV       tps     rkB/s     wkB/s     dkB/s   areq-sz    aqu-sz     await     %util
04:29:07 PM IST   nvme0n1      0.00      0.00      0.00      0.00      0.00      0.00      0.00      0.00
04:29:07 PM IST       sda   1118.00      0.00   6800.00      0.00      6.08      0.59      0.28     32.00

04:29:07 PM IST       DEV       tps     rkB/s     wkB/s     dkB/s   areq-sz    aqu-sz     await     %util
04:29:08 PM IST   nvme0n1      0.00      0.00      0.00      0.00      0.00      0.00      0.00      0.00
04:29:08 PM IST       sda   1141.00      0.00   6960.00      0.00      6.10      0.56      0.26     34.00

04:29:08 PM IST       DEV       tps     rkB/s     wkB/s     dkB/s   areq-sz    aqu-sz     await     %util
04:29:09 PM IST   nvme0n1      0.00      0.00      0.00      0.00      0.00      0.00      0.00      0.00
04:29:09 PM IST       sda   1121.00      0.00   7000.00      0.00      6.24      0.57      0.27     27.60

04:29:09 PM IST       DEV       tps     rkB/s     wkB/s     dkB/s   areq-sz    aqu-sz     await     %util
04:29:10 PM IST   nvme0n1      0.00      0.00      0.00      0.00      0.00      0.00      0.00      0.00
04:29:10 PM IST       sda   1146.00      0.00   6936.00      0.00      6.05      0.57      0.26     32.00

04:29:10 PM IST       DEV       tps     rkB/s     wkB/s     dkB/s   areq-sz    aqu-sz     await     %util
04:29:11 PM IST   nvme0n1      0.00      0.00      0.00      0.00      0.00      0.00      0.00      0.00
04:29:11 PM IST       sda   1153.00      0.00   7092.00      0.00      6.15      0.62      0.29     39.20

04:29:11 PM IST       DEV       tps     rkB/s     wkB/s     dkB/s   areq-sz    aqu-sz     await     %util
04:29:12 PM IST   nvme0n1      0.00      0.00      0.00      0.00      0.00      0.00      0.00      0.00
04:29:12 PM IST       sda   1108.00      0.00   7248.00      0.00      6.54      0.59      0.28     30.00

04:29:12 PM IST       DEV       tps     rkB/s     wkB/s     dkB/s   areq-sz    aqu-sz     await     %util
04:29:13 PM IST   nvme0n1      0.00      0.00      0.00      0.00      0.00      0.00      0.00      0.00
04:29:13 PM IST       sda   1200.00      0.00   7144.00      0.00      5.95      0.61      0.28     26.80

04:29:13 PM IST       DEV       tps     rkB/s     wkB/s     dkB/s   areq-sz    aqu-sz     await     %util
04:29:14 PM IST   nvme0n1      0.00      0.00      0.00      0.00      0.00      0.00      0.00      0.00
04:29:14 PM IST       sda   1105.00      0.00   6760.00      0.00      6.12      0.60      0.29     29.60

04:29:14 PM IST       DEV       tps     rkB/s     wkB/s     dkB/s   areq-sz    aqu-sz     await     %util
04:29:15 PM IST   nvme0n1      0.00      0.00      0.00      0.00      0.00      0.00      0.00      0.00
04:29:15 PM IST       sda   1167.00      0.00   7380.00      0.00      6.32      0.58      0.27     31.20

04:29:15 PM IST       DEV       tps     rkB/s     wkB/s     dkB/s   areq-sz    aqu-sz     await     %util
04:29:16 PM IST   nvme0n1      0.00      0.00      0.00      0.00      0.00      0.00      0.00      0.00
04:29:16 PM IST       sda   1117.00      0.00   6824.00      0.00      6.11      0.57      0.27     29.60

04:29:16 PM IST       DEV       tps     rkB/s     wkB/s     dkB/s   areq-sz    aqu-sz     await     %util
04:29:17 PM IST   nvme0n1      0.00      0.00      0.00      0.00      0.00      0.00      0.00      0.00
04:29:17 PM IST       sda   1134.00      0.00   7128.00      0.00      6.29      0.53      0.25     24.00

04:29:17 PM IST       DEV       tps     rkB/s     wkB/s     dkB/s   areq-sz    aqu-sz     await     %util
04:29:18 PM IST   nvme0n1      0.00      0.00      0.00      0.00      0.00      0.00      0.00      0.00
04:29:18 PM IST       sda   1124.00      0.00   7164.00      0.00      6.37      0.54      0.26     30.00

04:29:18 PM IST       DEV       tps     rkB/s     wkB/s     dkB/s   areq-sz    aqu-sz     await     %util
04:29:19 PM IST   nvme0n1      0.00      0.00      0.00      0.00      0.00      0.00      0.00      0.00
04:29:19 PM IST       sda   1123.00      0.00   6824.00      0.00      6.08      0.54      0.26     31.20

04:29:19 PM IST       DEV       tps     rkB/s     wkB/s     dkB/s   areq-sz    aqu-sz     await     %util
04:29:20 PM IST   nvme0n1      0.00      0.00      0.00      0.00      0.00      0.00      0.00      0.00
04:29:20 PM IST       sda   1107.00      0.00   6308.00      0.00      5.70      0.56      0.27     26.80

04:29:20 PM IST       DEV       tps     rkB/s     wkB/s     dkB/s   areq-sz    aqu-sz     await     %util
04:29:21 PM IST   nvme0n1      0.00      0.00      0.00      0.00      0.00      0.00      0.00      0.00
04:29:21 PM IST       sda   1075.00      0.00   6896.00      0.00      6.41      0.51      0.25     27.60

04:29:21 PM IST       DEV       tps     rkB/s     wkB/s     dkB/s   areq-sz    aqu-sz     await     %util
04:29:22 PM IST   nvme0n1      0.00      0.00      0.00      0.00      0.00      0.00      0.00      0.00
04:29:22 PM IST       sda   1100.00      0.00   6696.00      0.00      6.09      0.53      0.26     32.40

04:29:22 PM IST       DEV       tps     rkB/s     wkB/s     dkB/s   areq-sz    aqu-sz     await     %util
04:29:23 PM IST   nvme0n1      0.00      0.00      0.00      0.00      0.00      0.00      0.00      0.00
04:29:23 PM IST       sda   1107.00      0.00   6768.00      0.00      6.11      0.54      0.26     27.20

04:29:23 PM IST       DEV       tps     rkB/s     wkB/s     dkB/s   areq-sz    aqu-sz     await     %util
04:29:24 PM IST   nvme0n1      0.00      0.00      0.00      0.00      0.00      0.00      0.00      0.00
04:29:24 PM IST       sda   1107.00      0.00   6712.00      0.00      6.06      0.55      0.26     28.00

04:29:24 PM IST       DEV       tps     rkB/s     wkB/s     dkB/s   areq-sz    aqu-sz     await     %util
04:29:25 PM IST   nvme0n1      0.00      0.00      0.00      0.00      0.00      0.00      0.00      0.00
04:29:25 PM IST       sda   1319.00      0.00   7760.00      0.00      5.88      0.68      0.28     34.00

04:29:25 PM IST       DEV       tps     rkB/s     wkB/s     dkB/s   areq-sz    aqu-sz     await     %util
04:29:26 PM IST   nvme0n1      0.00      0.00      0.00      0.00      0.00      0.00      0.00      0.00
04:29:26 PM IST       sda   1388.00      0.00   8320.00      0.00      5.99      0.72      0.27     38.40

04:29:26 PM IST       DEV       tps     rkB/s     wkB/s     dkB/s   areq-sz    aqu-sz     await     %util
04:29:27 PM IST   nvme0n1      0.00      0.00      0.00      0.00      0.00      0.00      0.00      0.00
04:29:27 PM IST       sda   1149.00      0.00   7152.00      0.00      6.22      0.57      0.26     28.80

04:29:27 PM IST       DEV       tps     rkB/s     wkB/s     dkB/s   areq-sz    aqu-sz     await     %util
04:29:28 PM IST   nvme0n1      0.00      0.00      0.00      0.00      0.00      0.00      0.00      0.00
04:29:28 PM IST       sda   1101.00      0.00   7092.00      0.00      6.44      0.61      0.30     32.40

04:29:28 PM IST       DEV       tps     rkB/s     wkB/s     dkB/s   areq-sz    aqu-sz     await     %util
04:29:29 PM IST   nvme0n1      0.00      0.00      0.00      0.00      0.00      0.00      0.00      0.00
04:29:29 PM IST       sda   1110.00      0.00   6872.00      0.00      6.19      0.59      0.28     30.00

04:29:29 PM IST       DEV       tps     rkB/s     wkB/s     dkB/s   areq-sz    aqu-sz     await     %util
04:29:30 PM IST   nvme0n1      0.00      0.00      0.00      0.00      0.00      0.00      0.00      0.00
04:29:30 PM IST       sda   1097.00      0.00   6704.00      0.00      6.11      0.60      0.29     28.40

04:29:30 PM IST       DEV       tps     rkB/s     wkB/s     dkB/s   areq-sz    aqu-sz     await     %util
04:29:31 PM IST   nvme0n1      0.00      0.00      0.00      0.00      0.00      0.00      0.00      0.00
04:29:31 PM IST       sda   1104.00      0.00   7068.00      0.00      6.40      0.60      0.29     35.20

04:29:31 PM IST       DEV       tps     rkB/s     wkB/s     dkB/s   areq-sz    aqu-sz     await     %util
04:29:32 PM IST   nvme0n1      0.00      0.00      0.00      0.00      0.00      0.00      0.00      0.00
04:29:32 PM IST       sda   1127.00      0.00   7072.00      0.00      6.28      0.56      0.27     29.20

04:29:32 PM IST       DEV       tps     rkB/s     wkB/s     dkB/s   areq-sz    aqu-sz     await     %util
04:29:33 PM IST   nvme0n1      0.00      0.00      0.00      0.00      0.00      0.00      0.00      0.00
04:29:33 PM IST       sda   1100.00      0.00   6860.00      0.00      6.24      0.57      0.28     32.00

04:29:33 PM IST       DEV       tps     rkB/s     wkB/s     dkB/s   areq-sz    aqu-sz     await     %util
04:29:34 PM IST   nvme0n1      0.00      0.00      0.00      0.00      0.00      0.00      0.00      0.00
04:29:34 PM IST       sda   1142.00      0.00   7160.00      0.00      6.27      0.55      0.26     29.60

04:29:34 PM IST       DEV       tps     rkB/s     wkB/s     dkB/s   areq-sz    aqu-sz     await     %util
04:29:35 PM IST   nvme0n1      0.00      0.00      0.00      0.00      0.00      0.00      0.00      0.00
04:29:35 PM IST       sda   1131.00      0.00   6956.00      0.00      6.15      0.53      0.25     26.40

04:29:35 PM IST       DEV       tps     rkB/s     wkB/s     dkB/s   areq-sz    aqu-sz     await     %util
04:29:36 PM IST   nvme0n1      0.00      0.00      0.00      0.00      0.00      0.00      0.00      0.00
04:29:36 PM IST       sda   1125.00      0.00   6840.00      0.00      6.08      0.53      0.25     29.20

04:29:36 PM IST       DEV       tps     rkB/s     wkB/s     dkB/s   areq-sz    aqu-sz     await     %util
04:29:37 PM IST   nvme0n1      0.00      0.00      0.00      0.00      0.00      0.00      0.00      0.00
04:29:37 PM IST       sda   1133.00      0.00   7336.00      0.00      6.47      0.57      0.27     28.00

04:29:37 PM IST       DEV       tps     rkB/s     wkB/s     dkB/s   areq-sz    aqu-sz     await     %util
04:29:38 PM IST   nvme0n1      0.00      0.00      0.00      0.00      0.00      0.00      0.00      0.00
04:29:38 PM IST       sda   1131.00      0.00   6928.00      0.00      6.13      0.54      0.25     28.00

04:29:38 PM IST       DEV       tps     rkB/s     wkB/s     dkB/s   areq-sz    aqu-sz     await     %util
04:29:39 PM IST   nvme0n1      0.00      0.00      0.00      0.00      0.00      0.00      0.00      0.00
04:29:39 PM IST       sda   1113.00      0.00   6800.00      0.00      6.11      0.53      0.25     27.20

04:29:39 PM IST       DEV       tps     rkB/s     wkB/s     dkB/s   areq-sz    aqu-sz     await     %util
04:29:40 PM IST   nvme0n1      0.00      0.00      0.00      0.00      0.00      0.00      0.00      0.00
04:29:40 PM IST       sda   1132.00      0.00   6944.00      0.00      6.13      0.55      0.26     33.60

04:29:40 PM IST       DEV       tps     rkB/s     wkB/s     dkB/s   areq-sz    aqu-sz     await     %util
04:29:41 PM IST   nvme0n1      0.00      0.00      0.00      0.00      0.00      0.00      0.00      0.00
04:29:41 PM IST       sda   1184.00      0.00   7344.00      0.00      6.20      0.58      0.27     28.40

04:29:41 PM IST       DEV       tps     rkB/s     wkB/s     dkB/s   areq-sz    aqu-sz     await     %util
04:29:42 PM IST   nvme0n1      0.00      0.00      0.00      0.00      0.00      0.00      0.00      0.00
04:29:42 PM IST       sda   1107.00      0.00   6736.00      0.00      6.08      0.57      0.27     33.60

04:29:42 PM IST       DEV       tps     rkB/s     wkB/s     dkB/s   areq-sz    aqu-sz     await     %util
04:29:43 PM IST   nvme0n1      0.00      0.00      0.00      0.00      0.00      0.00      0.00      0.00
04:29:43 PM IST       sda   1166.00      0.00   7056.00      0.00      6.05      0.58      0.27     32.40

04:29:43 PM IST       DEV       tps     rkB/s     wkB/s     dkB/s   areq-sz    aqu-sz     await     %util
04:29:44 PM IST   nvme0n1      0.00      0.00      0.00      0.00      0.00      0.00      0.00      0.00
04:29:44 PM IST       sda   1211.00      0.00   7484.00      0.00      6.18      0.56      0.26     31.20

04:29:44 PM IST       DEV       tps     rkB/s     wkB/s     dkB/s   areq-sz    aqu-sz     await     %util
04:29:45 PM IST   nvme0n1      0.00      0.00      0.00      0.00      0.00      0.00      0.00      0.00
04:29:45 PM IST       sda   1126.00      0.00   6796.00      0.00      6.04      0.60      0.29     32.00

04:29:45 PM IST       DEV       tps     rkB/s     wkB/s     dkB/s   areq-sz    aqu-sz     await     %util
04:29:46 PM IST   nvme0n1      0.00      0.00      0.00      0.00      0.00      0.00      0.00      0.00
04:29:46 PM IST       sda   1095.00      0.00   6748.00      0.00      6.16      0.61      0.30     29.20

04:29:46 PM IST       DEV       tps     rkB/s     wkB/s     dkB/s   areq-sz    aqu-sz     await     %util
04:29:47 PM IST   nvme0n1      0.00      0.00      0.00      0.00      0.00      0.00      0.00      0.00
04:29:47 PM IST       sda   1117.00      0.00   7292.00      0.00      6.53      0.61      0.29     34.00

04:29:47 PM IST       DEV       tps     rkB/s     wkB/s     dkB/s   areq-sz    aqu-sz     await     %util
04:29:48 PM IST   nvme0n1      0.00      0.00      0.00      0.00      0.00      0.00      0.00      0.00
04:29:48 PM IST       sda   1096.00      0.00   6744.00      0.00      6.15      0.59      0.29     31.20

04:29:48 PM IST       DEV       tps     rkB/s     wkB/s     dkB/s   areq-sz    aqu-sz     await     %util
04:29:49 PM IST   nvme0n1      0.00      0.00      0.00      0.00      0.00      0.00      0.00      0.00
04:29:49 PM IST       sda   1107.00      0.00   6736.00      0.00      6.08      0.58      0.28     27.20

04:29:49 PM IST       DEV       tps     rkB/s     wkB/s     dkB/s   areq-sz    aqu-sz     await     %util
04:29:50 PM IST   nvme0n1      0.00      0.00      0.00      0.00      0.00      0.00      0.00      0.00
04:29:50 PM IST       sda   1131.00      0.00   7072.00      0.00      6.25      0.57      0.27     29.20

04:29:50 PM IST       DEV       tps     rkB/s     wkB/s     dkB/s   areq-sz    aqu-sz     await     %util
04:29:51 PM IST   nvme0n1      0.00      0.00      0.00      0.00      0.00      0.00      0.00      0.00
04:29:51 PM IST       sda   1124.00      0.00   6860.00      0.00      6.10      0.54      0.26     29.60

04:29:51 PM IST       DEV       tps     rkB/s     wkB/s     dkB/s   areq-sz    aqu-sz     await     %util
04:29:52 PM IST   nvme0n1      0.00      0.00      0.00      0.00      0.00      0.00      0.00      0.00
04:29:52 PM IST       sda   1130.00      0.00   6900.00      0.00      6.11      0.54      0.26     33.60

04:29:52 PM IST       DEV       tps     rkB/s     wkB/s     dkB/s   areq-sz    aqu-sz     await     %util
04:29:53 PM IST   nvme0n1      0.00      0.00      0.00      0.00      0.00      0.00      0.00      0.00
04:29:53 PM IST       sda   1142.00     12.00   7208.00      0.00      6.32      0.54      0.25     28.40

04:29:53 PM IST       DEV       tps     rkB/s     wkB/s     dkB/s   areq-sz    aqu-sz     await     %util
04:29:54 PM IST   nvme0n1      0.00      0.00      0.00      0.00      0.00      0.00      0.00      0.00
04:29:54 PM IST       sda   1160.00      0.00   7168.00      0.00      6.18      0.57      0.27     36.00

04:29:54 PM IST       DEV       tps     rkB/s     wkB/s     dkB/s   areq-sz    aqu-sz     await     %util
04:29:55 PM IST   nvme0n1      0.00      0.00      0.00      0.00      0.00      0.00      0.00      0.00
04:29:55 PM IST       sda   1129.00      8.00   6948.00      0.00      6.16      0.56      0.26     28.40

04:29:55 PM IST       DEV       tps     rkB/s     wkB/s     dkB/s   areq-sz    aqu-sz     await     %util
04:29:56 PM IST   nvme0n1      0.00      0.00      0.00      0.00      0.00      0.00      0.00      0.00
04:29:56 PM IST       sda   1122.00      0.00   6824.00      0.00      6.08      0.54      0.25     24.00

04:29:56 PM IST       DEV       tps     rkB/s     wkB/s     dkB/s   areq-sz    aqu-sz     await     %util
04:29:57 PM IST   nvme0n1      0.00      0.00      0.00      0.00      0.00      0.00      0.00      0.00
04:29:57 PM IST       sda   1146.00      0.00   7112.00      0.00      6.21      0.55      0.26     29.20

04:29:57 PM IST       DEV       tps     rkB/s     wkB/s     dkB/s   areq-sz    aqu-sz     await     %util
04:29:58 PM IST   nvme0n1      0.00      0.00      0.00      0.00      0.00      0.00      0.00      0.00
04:29:58 PM IST       sda   1127.00      0.00   7120.00      0.00      6.32      0.54      0.26     28.80

04:29:58 PM IST       DEV       tps     rkB/s     wkB/s     dkB/s   areq-sz    aqu-sz     await     %util
04:29:59 PM IST   nvme0n1      0.00      0.00      0.00      0.00      0.00      0.00      0.00      0.00
04:29:59 PM IST       sda   1131.00      0.00   6920.00      0.00      6.12      0.59      0.28     27.20

04:29:59 PM IST       DEV       tps     rkB/s     wkB/s     dkB/s   areq-sz    aqu-sz     await     %util
04:30:00 PM IST   nvme0n1      0.00      0.00      0.00      0.00      0.00      0.00      0.00      0.00
04:30:00 PM IST       sda   1151.00      0.00   7136.00      0.00      6.20      0.56      0.26     30.40

04:30:00 PM IST       DEV       tps     rkB/s     wkB/s     dkB/s   areq-sz    aqu-sz     await     %util
04:30:01 PM IST   nvme0n1      0.00      0.00      0.00      0.00      0.00      0.00      0.00      0.00
04:30:01 PM IST       sda   1122.00      0.00   6800.00      0.00      6.06      0.57      0.27     32.00

04:30:01 PM IST       DEV       tps     rkB/s     wkB/s     dkB/s   areq-sz    aqu-sz     await     %util
04:30:02 PM IST   nvme0n1      0.00      0.00      0.00      0.00      0.00      0.00      0.00      0.00
04:30:02 PM IST       sda   1163.00      0.00   7028.00      0.00      6.04      0.58      0.27     33.60

04:30:02 PM IST       DEV       tps     rkB/s     wkB/s     dkB/s   areq-sz    aqu-sz     await     %util
04:30:03 PM IST   nvme0n1      0.00      0.00      0.00      0.00      0.00      0.00      0.00      0.00
04:30:03 PM IST       sda   1132.00      0.00   7288.00      0.00      6.44      0.64      0.30     32.80

04:30:03 PM IST       DEV       tps     rkB/s     wkB/s     dkB/s   areq-sz    aqu-sz     await     %util
04:30:04 PM IST   nvme0n1      0.00      0.00      0.00      0.00      0.00      0.00      0.00      0.00
04:30:04 PM IST       sda   1115.00      0.00   6784.00      0.00      6.08      0.60      0.29     32.40

04:30:04 PM IST       DEV       tps     rkB/s     wkB/s     dkB/s   areq-sz    aqu-sz     await     %util
04:30:05 PM IST   nvme0n1      0.00      0.00      0.00      0.00      0.00      0.00      0.00      0.00
04:30:05 PM IST       sda   1096.00      0.00   6692.00      0.00      6.11      0.60      0.29     34.00

04:30:05 PM IST       DEV       tps     rkB/s     wkB/s     dkB/s   areq-sz    aqu-sz     await     %util
04:30:06 PM IST   nvme0n1      0.00      0.00      0.00      0.00      0.00      0.00      0.00      0.00
04:30:06 PM IST       sda   1068.00      0.00   6560.00      0.00      6.14      0.58      0.29     33.60

04:30:06 PM IST       DEV       tps     rkB/s     wkB/s     dkB/s   areq-sz    aqu-sz     await     %util
04:30:07 PM IST   nvme0n1      0.00      0.00      0.00      0.00      0.00      0.00      0.00      0.00
04:30:07 PM IST       sda   1143.00      0.00   7096.00      0.00      6.21      0.56      0.27     26.80

04:30:07 PM IST       DEV       tps     rkB/s     wkB/s     dkB/s   areq-sz    aqu-sz     await     %util
04:30:08 PM IST   nvme0n1      0.00      0.00      0.00      0.00      0.00      0.00      0.00      0.00
04:30:08 PM IST       sda   1103.00      0.00   6832.00      0.00      6.19      0.55      0.27     26.00

04:30:08 PM IST       DEV       tps     rkB/s     wkB/s     dkB/s   areq-sz    aqu-sz     await     %util
04:30:09 PM IST   nvme0n1      0.00      0.00      0.00      0.00      0.00      0.00      0.00      0.00
04:30:09 PM IST       sda   1155.00      0.00   6972.00      0.00      6.04      0.55      0.25     29.60

04:30:09 PM IST       DEV       tps     rkB/s     wkB/s     dkB/s   areq-sz    aqu-sz     await     %util
04:30:10 PM IST   nvme0n1      0.00      0.00      0.00      0.00      0.00      0.00      0.00      0.00
04:30:10 PM IST       sda   1147.00      0.00   7136.00      0.00      6.22      0.54      0.25     29.20

04:30:10 PM IST       DEV       tps     rkB/s     wkB/s     dkB/s   areq-sz    aqu-sz     await     %util
04:30:11 PM IST   nvme0n1      0.00      0.00      0.00      0.00      0.00      0.00      0.00      0.00
04:30:11 PM IST       sda   1289.00      0.00   7896.00      0.00      6.13      0.64      0.27     31.60

04:30:11 PM IST       DEV       tps     rkB/s     wkB/s     dkB/s   areq-sz    aqu-sz     await     %util
04:30:12 PM IST   nvme0n1      0.00      0.00      0.00      0.00      0.00      0.00      0.00      0.00
04:30:12 PM IST       sda   1148.00      0.00   6948.00      0.00      6.05      0.57      0.26     28.00

04:30:12 PM IST       DEV       tps     rkB/s     wkB/s     dkB/s   areq-sz    aqu-sz     await     %util
04:30:13 PM IST   nvme0n1      0.00      0.00      0.00      0.00      0.00      0.00      0.00      0.00
04:30:13 PM IST       sda   1153.00      0.00   7048.00      0.00      6.11      0.55      0.25     29.20

04:30:13 PM IST       DEV       tps     rkB/s     wkB/s     dkB/s   areq-sz    aqu-sz     await     %util
04:30:14 PM IST   nvme0n1      0.00      0.00      0.00      0.00      0.00      0.00      0.00      0.00
04:30:14 PM IST       sda   1124.00      0.00   6856.00      0.00      6.10      0.54      0.26     29.60

04:30:14 PM IST       DEV       tps     rkB/s     wkB/s     dkB/s   areq-sz    aqu-sz     await     %util
04:30:15 PM IST   nvme0n1      0.00      0.00      0.00      0.00      0.00      0.00      0.00      0.00
04:30:15 PM IST       sda   1248.00      0.00   7460.00      0.00      5.98      0.57      0.25     31.20

04:30:15 PM IST       DEV       tps     rkB/s     wkB/s     dkB/s   areq-sz    aqu-sz     await     %util
04:30:16 PM IST   nvme0n1      0.00      0.00      0.00      0.00      0.00      0.00      0.00      0.00
04:30:16 PM IST       sda   1132.00      0.00   6928.00      0.00      6.12      0.58      0.27     25.20

04:30:16 PM IST       DEV       tps     rkB/s     wkB/s     dkB/s   areq-sz    aqu-sz     await     %util
04:30:17 PM IST   nvme0n1      0.00      0.00      0.00      0.00      0.00      0.00      0.00      0.00
04:30:17 PM IST       sda   1136.00      0.00   6876.00      0.00      6.05      0.57      0.27     28.40

04:30:17 PM IST       DEV       tps     rkB/s     wkB/s     dkB/s   areq-sz    aqu-sz     await     %util
04:30:18 PM IST   nvme0n1      0.00      0.00      0.00      0.00      0.00      0.00      0.00      0.00
04:30:18 PM IST       sda   1141.00      0.00   6864.00      0.00      6.02      0.59      0.27     32.40

04:30:18 PM IST       DEV       tps     rkB/s     wkB/s     dkB/s   areq-sz    aqu-sz     await     %util
04:30:19 PM IST   nvme0n1      0.00      0.00      0.00      0.00      0.00      0.00      0.00      0.00
04:30:19 PM IST       sda   1127.00      0.00   6824.00      0.00      6.06      0.55      0.26     30.00

04:30:19 PM IST       DEV       tps     rkB/s     wkB/s     dkB/s   areq-sz    aqu-sz     await     %util
04:30:20 PM IST   nvme0n1      0.00      0.00      0.00      0.00      0.00      0.00      0.00      0.00
04:30:20 PM IST       sda    997.00     64.00   5740.00      0.00      5.82      0.55      0.29     28.80

04:30:20 PM IST       DEV       tps     rkB/s     wkB/s     dkB/s   areq-sz    aqu-sz     await     %util
04:30:21 PM IST   nvme0n1      0.00      0.00      0.00      0.00      0.00      0.00      0.00      0.00
04:30:21 PM IST       sda    863.00      0.00   5288.00      0.00      6.13      0.49      0.30     30.00

04:30:21 PM IST       DEV       tps     rkB/s     wkB/s     dkB/s   areq-sz    aqu-sz     await     %util
04:30:22 PM IST   nvme0n1      0.00      0.00      0.00      0.00      0.00      0.00      0.00      0.00
04:30:22 PM IST       sda    912.00      0.00   5520.00      0.00      6.05      0.50      0.29     24.40

04:30:22 PM IST       DEV       tps     rkB/s     wkB/s     dkB/s   areq-sz    aqu-sz     await     %util
04:30:23 PM IST   nvme0n1      0.00      0.00      0.00      0.00      0.00      0.00      0.00      0.00
04:30:23 PM IST       sda    963.00      0.00   5880.00      0.00      6.11      0.53      0.29     24.00

04:30:23 PM IST       DEV       tps     rkB/s     wkB/s     dkB/s   areq-sz    aqu-sz     await     %util
04:30:24 PM IST   nvme0n1      0.00      0.00      0.00      0.00      0.00      0.00      0.00      0.00
04:30:24 PM IST       sda   1046.00      0.00   6360.00      0.00      6.08      0.57      0.29     27.60

04:30:24 PM IST       DEV       tps     rkB/s     wkB/s     dkB/s   areq-sz    aqu-sz     await     %util
04:30:25 PM IST   nvme0n1      0.00      0.00      0.00      0.00      0.00      0.00      0.00      0.00
04:30:25 PM IST       sda   1068.00      0.00   6116.00      0.00      5.73      0.55      0.27     27.20

04:30:25 PM IST       DEV       tps     rkB/s     wkB/s     dkB/s   areq-sz    aqu-sz     await     %util
04:30:26 PM IST   nvme0n1      0.00      0.00      0.00      0.00      0.00      0.00      0.00      0.00
04:30:26 PM IST       sda   1181.00      8.00   6716.00      0.00      5.69      0.60      0.27     30.40

04:30:26 PM IST       DEV       tps     rkB/s     wkB/s     dkB/s   areq-sz    aqu-sz     await     %util
04:30:27 PM IST   nvme0n1      0.00      0.00      0.00      0.00      0.00      0.00      0.00      0.00
04:30:27 PM IST       sda   1061.00      0.00   6420.00      0.00      6.05      0.50      0.25     24.00

04:30:27 PM IST       DEV       tps     rkB/s     wkB/s     dkB/s   areq-sz    aqu-sz     await     %util
04:30:28 PM IST   nvme0n1      0.00      0.00      0.00      0.00      0.00      0.00      0.00      0.00
04:30:28 PM IST       sda    983.00      0.00   6012.00      0.00      6.12      0.46      0.25     23.20

04:30:28 PM IST       DEV       tps     rkB/s     wkB/s     dkB/s   areq-sz    aqu-sz     await     %util
04:30:29 PM IST   nvme0n1      0.00      0.00      0.00      0.00      0.00      0.00      0.00      0.00
04:30:29 PM IST       sda   1067.00     36.00   6584.00      0.00      6.20      0.51      0.25     24.80

04:30:29 PM IST       DEV       tps     rkB/s     wkB/s     dkB/s   areq-sz    aqu-sz     await     %util
04:30:30 PM IST   nvme0n1      0.00      0.00      0.00      0.00      0.00      0.00      0.00      0.00
04:30:30 PM IST       sda   1061.00      0.00   6448.00      0.00      6.08      0.53      0.27     26.40

04:30:30 PM IST       DEV       tps     rkB/s     wkB/s     dkB/s   areq-sz    aqu-sz     await     %util
04:30:31 PM IST   nvme0n1      0.00      0.00      0.00      0.00      0.00      0.00      0.00      0.00
04:30:31 PM IST       sda    972.00    184.00   5848.00      0.00      6.21      0.48      0.27     22.80

04:30:31 PM IST       DEV       tps     rkB/s     wkB/s     dkB/s   areq-sz    aqu-sz     await     %util
04:30:32 PM IST   nvme0n1      0.00      0.00      0.00      0.00      0.00      0.00      0.00      0.00
04:30:32 PM IST       sda    918.00    360.00   5724.00      0.00      6.63      0.45      0.27     28.40

04:30:32 PM IST       DEV       tps     rkB/s     wkB/s     dkB/s   areq-sz    aqu-sz     await     %util
04:30:33 PM IST   nvme0n1      0.00      0.00      0.00      0.00      0.00      0.00      0.00      0.00
04:30:33 PM IST       sda   1043.00      4.00   8324.00      0.00      7.98      0.52      0.29     23.60

04:30:33 PM IST       DEV       tps     rkB/s     wkB/s     dkB/s   areq-sz    aqu-sz     await     %util
04:30:34 PM IST   nvme0n1      0.00      0.00      0.00      0.00      0.00      0.00      0.00      0.00
04:30:34 PM IST       sda    928.00      0.00   5600.00      0.00      6.03      0.45      0.26     23.20

04:30:34 PM IST       DEV       tps     rkB/s     wkB/s     dkB/s   areq-sz    aqu-sz     await     %util
04:30:35 PM IST   nvme0n1      0.00      0.00      0.00      0.00      0.00      0.00      0.00      0.00
04:30:35 PM IST       sda   1020.00    772.00   6316.00      0.00      6.95      0.60      0.38     24.00

04:30:35 PM IST       DEV       tps     rkB/s     wkB/s     dkB/s   areq-sz    aqu-sz     await     %util
04:30:36 PM IST   nvme0n1      0.00      0.00      0.00      0.00      0.00      0.00      0.00      0.00
04:30:36 PM IST       sda   1092.08      3.96   6605.94      0.00      6.05      0.57      0.28     31.29

04:30:36 PM IST       DEV       tps     rkB/s     wkB/s     dkB/s   areq-sz    aqu-sz     await     %util
04:30:37 PM IST   nvme0n1      0.00      0.00      0.00      0.00      0.00      0.00      0.00      0.00
04:30:37 PM IST       sda   1143.00      0.00   7272.00      0.00      6.36      0.56      0.27     33.60

04:30:37 PM IST       DEV       tps     rkB/s     wkB/s     dkB/s   areq-sz    aqu-sz     await     %util
04:30:38 PM IST   nvme0n1      0.00      0.00      0.00      0.00      0.00      0.00      0.00      0.00
04:30:38 PM IST       sda   1124.00      0.00   7024.00      0.00      6.25      0.55      0.26     27.20

04:30:38 PM IST       DEV       tps     rkB/s     wkB/s     dkB/s   areq-sz    aqu-sz     await     %util
04:30:39 PM IST   nvme0n1      0.00      0.00      0.00      0.00      0.00      0.00      0.00      0.00
04:30:39 PM IST       sda   1114.00      0.00   6912.00      0.00      6.20      0.59      0.29     28.00

04:30:39 PM IST       DEV       tps     rkB/s     wkB/s     dkB/s   areq-sz    aqu-sz     await     %util
04:30:40 PM IST   nvme0n1      0.00      0.00      0.00      0.00      0.00      0.00      0.00      0.00
04:30:40 PM IST       sda   1083.00      0.00   6608.00      0.00      6.10      0.62      0.30     28.00

04:30:40 PM IST       DEV       tps     rkB/s     wkB/s     dkB/s   areq-sz    aqu-sz     await     %util
04:30:41 PM IST   nvme0n1      0.00      0.00      0.00      0.00      0.00      0.00      0.00      0.00
04:30:41 PM IST       sda   1101.00      0.00   6712.00      0.00      6.10      0.59      0.29     27.60

04:30:41 PM IST       DEV       tps     rkB/s     wkB/s     dkB/s   areq-sz    aqu-sz     await     %util
04:30:42 PM IST   nvme0n1      0.00      0.00      0.00      0.00      0.00      0.00      0.00      0.00
04:30:42 PM IST       sda   1103.00      0.00   6988.00      0.00      6.34      0.61      0.30     33.60

04:30:42 PM IST       DEV       tps     rkB/s     wkB/s     dkB/s   areq-sz    aqu-sz     await     %util
04:30:43 PM IST   nvme0n1      0.00      0.00      0.00      0.00      0.00      0.00      0.00      0.00
04:30:43 PM IST       sda   1084.00      4.00   7244.00      0.00      6.69      0.56      0.29     27.20

04:30:43 PM IST       DEV       tps     rkB/s     wkB/s     dkB/s   areq-sz    aqu-sz     await     %util
04:30:44 PM IST   nvme0n1      0.00      0.00      0.00      0.00      0.00      0.00      0.00      0.00
04:30:44 PM IST       sda    943.00     40.00   6036.00      0.00      6.44      0.50      0.28     27.20

04:30:44 PM IST       DEV       tps     rkB/s     wkB/s     dkB/s   areq-sz    aqu-sz     await     %util
04:30:45 PM IST   nvme0n1      0.00      0.00      0.00      0.00      0.00      0.00      0.00      0.00
04:30:45 PM IST       sda   1057.00    108.00   6436.00      0.00      6.19      0.52      0.27     28.40

04:30:45 PM IST       DEV       tps     rkB/s     wkB/s     dkB/s   areq-sz    aqu-sz     await     %util
04:30:46 PM IST   nvme0n1      0.00      0.00      0.00      0.00      0.00      0.00      0.00      0.00
04:30:46 PM IST       sda   1205.00      0.00   7180.00      0.00      5.96      0.55      0.25     22.80

04:30:46 PM IST       DEV       tps     rkB/s     wkB/s     dkB/s   areq-sz    aqu-sz     await     %util
04:30:47 PM IST   nvme0n1      0.00      0.00      0.00      0.00      0.00      0.00      0.00      0.00
04:30:47 PM IST       sda   1135.00      0.00   6872.00      0.00      6.05      0.53      0.25     29.60

04:30:47 PM IST       DEV       tps     rkB/s     wkB/s     dkB/s   areq-sz    aqu-sz     await     %util
04:30:48 PM IST   nvme0n1      0.00      0.00      0.00      0.00      0.00      0.00      0.00      0.00
04:30:48 PM IST       sda   1187.00      0.00   7548.00      0.00      6.36      0.56      0.26     30.80

04:30:48 PM IST       DEV       tps     rkB/s     wkB/s     dkB/s   areq-sz    aqu-sz     await     %util
04:30:49 PM IST   nvme0n1      0.00      0.00      0.00      0.00      0.00      0.00      0.00      0.00
04:30:49 PM IST       sda   1112.00      0.00   6896.00      0.00      6.20      0.57      0.28     36.00

04:30:49 PM IST       DEV       tps     rkB/s     wkB/s     dkB/s   areq-sz    aqu-sz     await     %util
04:30:50 PM IST   nvme0n1      0.00      0.00      0.00      0.00      0.00      0.00      0.00      0.00
04:30:50 PM IST       sda   1009.00      0.00   6184.00      0.00      6.13      0.48      0.25     26.00

04:30:50 PM IST       DEV       tps     rkB/s     wkB/s     dkB/s   areq-sz    aqu-sz     await     %util
04:30:51 PM IST   nvme0n1      0.00      0.00      0.00      0.00      0.00      0.00      0.00      0.00
04:30:51 PM IST       sda    917.00    112.00   5368.00      0.00      5.98      0.44      0.26     22.00

04:30:51 PM IST       DEV       tps     rkB/s     wkB/s     dkB/s   areq-sz    aqu-sz     await     %util
04:30:52 PM IST   nvme0n1      0.00      0.00      0.00      0.00      0.00      0.00      0.00      0.00
04:30:52 PM IST       sda    700.00    580.00   4564.00      0.00      7.35      0.34      0.27     18.00

04:30:52 PM IST       DEV       tps     rkB/s     wkB/s     dkB/s   areq-sz    aqu-sz     await     %util
04:30:53 PM IST   nvme0n1      0.00      0.00      0.00      0.00      0.00      0.00      0.00      0.00
04:30:53 PM IST       sda    927.00      0.00   7664.00      0.00      8.27      0.45      0.29     16.40

04:30:53 PM IST       DEV       tps     rkB/s     wkB/s     dkB/s   areq-sz    aqu-sz     await     %util
04:30:54 PM IST   nvme0n1      0.00      0.00      0.00      0.00      0.00      0.00      0.00      0.00
04:30:54 PM IST       sda   1067.00      0.00   6832.00      0.00      6.40      0.59      0.30     30.40

04:30:54 PM IST       DEV       tps     rkB/s     wkB/s     dkB/s   areq-sz    aqu-sz     await     %util
04:30:55 PM IST   nvme0n1      0.00      0.00      0.00      0.00      0.00      0.00      0.00      0.00
04:30:55 PM IST       sda   1015.00     16.00   6356.00      0.00      6.28      0.49      0.26     28.00

04:30:55 PM IST       DEV       tps     rkB/s     wkB/s     dkB/s   areq-sz    aqu-sz     await     %util
04:30:56 PM IST   nvme0n1      0.00      0.00      0.00      0.00      0.00      0.00      0.00      0.00
04:30:56 PM IST       sda    943.00     28.00   5932.00      0.00      6.32      0.48      0.28     28.40

04:30:56 PM IST       DEV       tps     rkB/s     wkB/s     dkB/s   areq-sz    aqu-sz     await     %util
04:30:57 PM IST   nvme0n1      0.00      0.00      0.00      0.00      0.00      0.00      0.00      0.00
04:30:57 PM IST       sda   1012.00      0.00   6096.00      0.00      6.02      0.50      0.26     24.00

04:30:57 PM IST       DEV       tps     rkB/s     wkB/s     dkB/s   areq-sz    aqu-sz     await     %util
04:30:58 PM IST   nvme0n1      0.00      0.00      0.00      0.00      0.00      0.00      0.00      0.00
04:30:58 PM IST       sda   1129.00      0.00   8120.00      0.00      7.19      0.61      0.30     32.40

04:30:58 PM IST       DEV       tps     rkB/s     wkB/s     dkB/s   areq-sz    aqu-sz     await     %util
04:30:59 PM IST   nvme0n1      0.00      0.00      0.00      0.00      0.00      0.00      0.00      0.00
04:30:59 PM IST       sda   1055.00      0.00   6760.00      0.00      6.41      0.58      0.29     32.40

04:30:59 PM IST       DEV       tps     rkB/s     wkB/s     dkB/s   areq-sz    aqu-sz     await     %util
04:31:00 PM IST   nvme0n1      0.00      0.00      0.00      0.00      0.00      0.00      0.00      0.00
04:31:00 PM IST       sda    978.00      0.00   5976.00      0.00      6.11      0.54      0.29     24.00

04:31:00 PM IST       DEV       tps     rkB/s     wkB/s     dkB/s   areq-sz    aqu-sz     await     %util
04:31:01 PM IST   nvme0n1      0.00      0.00      0.00      0.00      0.00      0.00      0.00      0.00
04:31:01 PM IST       sda    953.00      0.00   6100.00      0.00      6.40      0.52      0.29     29.60

04:31:01 PM IST       DEV       tps     rkB/s     wkB/s     dkB/s   areq-sz    aqu-sz     await     %util
04:31:02 PM IST   nvme0n1      0.00      0.00      0.00      0.00      0.00      0.00      0.00      0.00
04:31:02 PM IST       sda   1096.00      0.00   6692.00      0.00      6.11      0.57      0.28     27.20

04:31:02 PM IST       DEV       tps     rkB/s     wkB/s     dkB/s   areq-sz    aqu-sz     await     %util
04:31:03 PM IST   nvme0n1      0.00      0.00      0.00      0.00      0.00      0.00      0.00      0.00
04:31:03 PM IST       sda   1012.00      0.00   6144.00      0.00      6.07      0.52      0.27     24.40

04:31:03 PM IST       DEV       tps     rkB/s     wkB/s     dkB/s   areq-sz    aqu-sz     await     %util
04:31:04 PM IST   nvme0n1      0.00      0.00      0.00      0.00      0.00      0.00      0.00      0.00
04:31:04 PM IST       sda   1048.00      0.00   6488.00      0.00      6.19      0.50      0.26     23.20

04:31:04 PM IST       DEV       tps     rkB/s     wkB/s     dkB/s   areq-sz    aqu-sz     await     %util
04:31:05 PM IST   nvme0n1      0.00      0.00      0.00      0.00      0.00      0.00      0.00      0.00
04:31:05 PM IST       sda    918.00    596.00   8632.00      0.00     10.05      0.49      0.31     19.20

04:31:05 PM IST       DEV       tps     rkB/s     wkB/s     dkB/s   areq-sz    aqu-sz     await     %util
04:31:06 PM IST   nvme0n1      0.00      0.00      0.00      0.00      0.00      0.00      0.00      0.00
04:31:06 PM IST       sda    928.00     20.00   6068.00      0.00      6.56      0.44      0.26     22.00

04:31:06 PM IST       DEV       tps     rkB/s     wkB/s     dkB/s   areq-sz    aqu-sz     await     %util
04:31:07 PM IST   nvme0n1      0.00      0.00      0.00      0.00      0.00      0.00      0.00      0.00
04:31:07 PM IST       sda    958.00      0.00   5784.00      0.00      6.04      0.48      0.27     27.20

04:31:07 PM IST       DEV       tps     rkB/s     wkB/s     dkB/s   areq-sz    aqu-sz     await     %util
04:31:08 PM IST   nvme0n1      0.00      0.00      0.00      0.00      0.00      0.00      0.00      0.00
04:31:08 PM IST       sda    952.00      0.00   5784.00      0.00      6.08      0.53      0.29     26.80

04:31:08 PM IST       DEV       tps     rkB/s     wkB/s     dkB/s   areq-sz    aqu-sz     await     %util
04:31:09 PM IST   nvme0n1      0.00      0.00      0.00      0.00      0.00      0.00      0.00      0.00
04:31:09 PM IST       sda   1132.00      0.00   7940.00      0.00      7.01      0.54      0.27     27.60

04:31:09 PM IST       DEV       tps     rkB/s     wkB/s     dkB/s   areq-sz    aqu-sz     await     %util
04:31:10 PM IST   nvme0n1      0.00      0.00      0.00      0.00      0.00      0.00      0.00      0.00
04:31:10 PM IST       sda   1186.00      0.00   7396.00      0.00      6.24      0.56      0.26     32.00

04:31:10 PM IST       DEV       tps     rkB/s     wkB/s     dkB/s   areq-sz    aqu-sz     await     %util
04:31:11 PM IST   nvme0n1      0.00      0.00      0.00      0.00      0.00      0.00      0.00      0.00
04:31:11 PM IST       sda   1135.00      0.00   7156.00      0.00      6.30      0.55      0.26     31.60

04:31:11 PM IST       DEV       tps     rkB/s     wkB/s     dkB/s   areq-sz    aqu-sz     await     %util
04:31:12 PM IST   nvme0n1      0.00      0.00      0.00      0.00      0.00      0.00      0.00      0.00
04:31:12 PM IST       sda   1102.00      0.00   6736.00      0.00      6.11      0.57      0.27     30.40

04:31:12 PM IST       DEV       tps     rkB/s     wkB/s     dkB/s   areq-sz    aqu-sz     await     %util
04:31:13 PM IST   nvme0n1      0.00      0.00      0.00      0.00      0.00      0.00      0.00      0.00
04:31:13 PM IST       sda   1176.00      0.00   7312.00      0.00      6.22      0.59      0.27     29.60

04:31:13 PM IST       DEV       tps     rkB/s     wkB/s     dkB/s   areq-sz    aqu-sz     await     %util
04:31:14 PM IST   nvme0n1      0.00      0.00      0.00      0.00      0.00      0.00      0.00      0.00
04:31:14 PM IST       sda   1167.00      0.00   7116.00      0.00      6.10      0.61      0.28     35.20

04:31:14 PM IST       DEV       tps     rkB/s     wkB/s     dkB/s   areq-sz    aqu-sz     await     %util
04:31:15 PM IST   nvme0n1      0.00      0.00      0.00      0.00      0.00      0.00      0.00      0.00
04:31:15 PM IST       sda   1275.00      0.00  10344.00      0.00      8.11      0.69      0.33     33.20

04:31:15 PM IST       DEV       tps     rkB/s     wkB/s     dkB/s   areq-sz    aqu-sz     await     %util
04:31:16 PM IST   nvme0n1      0.00      0.00      0.00      0.00      0.00      0.00      0.00      0.00
04:31:16 PM IST       sda   1098.00      0.00   6964.00      0.00      6.34      0.65      0.31     39.20

04:31:16 PM IST       DEV       tps     rkB/s     wkB/s     dkB/s   areq-sz    aqu-sz     await     %util
04:31:17 PM IST   nvme0n1      0.00      0.00      0.00      0.00      0.00      0.00      0.00      0.00
04:31:17 PM IST       sda   1250.00      0.00   7376.00      0.00      5.90      0.64      0.28     34.00

04:31:17 PM IST       DEV       tps     rkB/s     wkB/s     dkB/s   areq-sz    aqu-sz     await     %util
04:31:18 PM IST   nvme0n1      0.00      0.00      0.00      0.00      0.00      0.00      0.00      0.00
04:31:18 PM IST       sda   1126.00      0.00   6840.00      0.00      6.07      0.62      0.29     36.00

04:31:18 PM IST       DEV       tps     rkB/s     wkB/s     dkB/s   areq-sz    aqu-sz     await     %util
04:31:19 PM IST   nvme0n1      0.00      0.00      0.00      0.00      0.00      0.00      0.00      0.00
04:31:19 PM IST       sda   1165.00      0.00   7544.00      0.00      6.48      0.62      0.29     32.40

04:31:19 PM IST       DEV       tps     rkB/s     wkB/s     dkB/s   areq-sz    aqu-sz     await     %util
04:31:20 PM IST   nvme0n1      0.00      0.00      0.00      0.00      0.00      0.00      0.00      0.00
04:31:20 PM IST       sda   1009.00      0.00   6056.00      0.00      6.00      0.51      0.27     25.20

04:31:20 PM IST       DEV       tps     rkB/s     wkB/s     dkB/s   areq-sz    aqu-sz     await     %util
04:31:21 PM IST   nvme0n1      0.00      0.00      0.00      0.00      0.00      0.00      0.00      0.00
04:31:21 PM IST       sda   1066.00      0.00   6556.00      0.00      6.15      0.54      0.27     25.60

04:31:21 PM IST       DEV       tps     rkB/s     wkB/s     dkB/s   areq-sz    aqu-sz     await     %util
04:31:22 PM IST   nvme0n1      0.00      0.00      0.00      0.00      0.00      0.00      0.00      0.00
04:31:22 PM IST       sda   1076.00      0.00   6480.00      0.00      6.02      0.51      0.25     26.00

04:31:22 PM IST       DEV       tps     rkB/s     wkB/s     dkB/s   areq-sz    aqu-sz     await     %util
04:31:23 PM IST   nvme0n1      0.00      0.00      0.00      0.00      0.00      0.00      0.00      0.00
04:31:23 PM IST       sda   1126.00      0.00   6900.00      0.00      6.13      0.54      0.26     30.80

04:31:23 PM IST       DEV       tps     rkB/s     wkB/s     dkB/s   areq-sz    aqu-sz     await     %util
04:31:24 PM IST   nvme0n1      0.00      0.00      0.00      0.00      0.00      0.00      0.00      0.00
04:31:24 PM IST       sda   1146.00      0.00   6996.00      0.00      6.10      0.54      0.25     26.00

04:31:24 PM IST       DEV       tps     rkB/s     wkB/s     dkB/s   areq-sz    aqu-sz     await     %util
04:31:25 PM IST   nvme0n1      0.00      0.00      0.00      0.00      0.00      0.00      0.00      0.00
04:31:25 PM IST       sda   1173.00      0.00   7024.00      0.00      5.99      0.60      0.27     29.20

04:31:25 PM IST       DEV       tps     rkB/s     wkB/s     dkB/s   areq-sz    aqu-sz     await     %util
04:31:26 PM IST   nvme0n1      0.00      0.00      0.00      0.00      0.00      0.00      0.00      0.00
04:31:26 PM IST       sda   1429.00      0.00   8324.00      0.00      5.83      0.68      0.26     30.40

04:31:26 PM IST       DEV       tps     rkB/s     wkB/s     dkB/s   areq-sz    aqu-sz     await     %util
04:31:27 PM IST   nvme0n1      0.00      0.00      0.00      0.00      0.00      0.00      0.00      0.00
04:31:27 PM IST       sda   1215.00      0.00   7236.00      0.00      5.96      0.57      0.25     29.20

04:31:27 PM IST       DEV       tps     rkB/s     wkB/s     dkB/s   areq-sz    aqu-sz     await     %util
04:31:28 PM IST   nvme0n1      0.00      0.00      0.00      0.00      0.00      0.00      0.00      0.00
04:31:28 PM IST       sda   1160.00      0.00   7016.00      0.00      6.05      0.56      0.26     31.20

04:31:28 PM IST       DEV       tps     rkB/s     wkB/s     dkB/s   areq-sz    aqu-sz     await     %util
04:31:29 PM IST   nvme0n1      0.00      0.00      0.00      0.00      0.00      0.00      0.00      0.00
04:31:29 PM IST       sda   1169.00      0.00   7344.00      0.00      6.28      0.60      0.28     30.40

04:31:29 PM IST       DEV       tps     rkB/s     wkB/s     dkB/s   areq-sz    aqu-sz     await     %util
04:31:30 PM IST   nvme0n1      0.00      0.00      0.00      0.00      0.00      0.00      0.00      0.00
04:31:30 PM IST       sda   1103.00      0.00   6784.00      0.00      6.15      0.54      0.26     27.20

04:31:30 PM IST       DEV       tps     rkB/s     wkB/s     dkB/s   areq-sz    aqu-sz     await     %util
04:31:31 PM IST   nvme0n1      0.00      0.00      0.00      0.00      0.00      0.00      0.00      0.00
04:31:31 PM IST       sda   1143.00      0.00   6924.00      0.00      6.06      0.58      0.27     32.80

04:31:31 PM IST       DEV       tps     rkB/s     wkB/s     dkB/s   areq-sz    aqu-sz     await     %util
04:31:32 PM IST   nvme0n1      0.00      0.00      0.00      0.00      0.00      0.00      0.00      0.00
04:31:32 PM IST       sda   1164.00      0.00   7148.00      0.00      6.14      0.57      0.26     31.20

04:31:32 PM IST       DEV       tps     rkB/s     wkB/s     dkB/s   areq-sz    aqu-sz     await     %util
04:31:33 PM IST   nvme0n1      0.00      0.00      0.00      0.00      0.00      0.00      0.00      0.00
04:31:33 PM IST       sda   1127.00      0.00   6884.00      0.00      6.11      0.62      0.29     36.00

04:31:33 PM IST       DEV       tps     rkB/s     wkB/s     dkB/s   areq-sz    aqu-sz     await     %util
04:31:34 PM IST   nvme0n1      0.00      0.00      0.00      0.00      0.00      0.00      0.00      0.00
04:31:34 PM IST       sda   1187.00      0.00   7152.00      0.00      6.03      0.62      0.28     30.00

04:31:34 PM IST       DEV       tps     rkB/s     wkB/s     dkB/s   areq-sz    aqu-sz     await     %util
04:31:35 PM IST   nvme0n1      0.00      0.00      0.00      0.00      0.00      0.00      0.00      0.00
04:31:35 PM IST       sda   1135.00      0.00   7280.00      0.00      6.41      0.61      0.29     30.00

04:31:35 PM IST       DEV       tps     rkB/s     wkB/s     dkB/s   areq-sz    aqu-sz     await     %util
04:31:36 PM IST   nvme0n1      0.00      0.00      0.00      0.00      0.00      0.00      0.00      0.00
04:31:36 PM IST       sda   1104.00      0.00   6744.00      0.00      6.11      0.60      0.29     32.80

04:31:36 PM IST       DEV       tps     rkB/s     wkB/s     dkB/s   areq-sz    aqu-sz     await     %util
04:31:37 PM IST   nvme0n1      0.00      0.00      0.00      0.00      0.00      0.00      0.00      0.00
04:31:37 PM IST       sda   1130.00      0.00   6856.00      0.00      6.07      0.57      0.27     31.20

04:31:37 PM IST       DEV       tps     rkB/s     wkB/s     dkB/s   areq-sz    aqu-sz     await     %util
04:31:38 PM IST   nvme0n1      0.00      0.00      0.00      0.00      0.00      0.00      0.00      0.00
04:31:38 PM IST       sda   1145.00      0.00   6928.00      0.00      6.05      0.58      0.27     30.80

04:31:38 PM IST       DEV       tps     rkB/s     wkB/s     dkB/s   areq-sz    aqu-sz     await     %util
04:31:39 PM IST   nvme0n1      0.00      0.00      0.00      0.00      0.00      0.00      0.00      0.00
04:31:39 PM IST       sda   1153.00      0.00   6976.00      0.00      6.05      0.54      0.25     30.80

04:31:39 PM IST       DEV       tps     rkB/s     wkB/s     dkB/s   areq-sz    aqu-sz     await     %util
04:31:40 PM IST   nvme0n1      0.00      0.00      0.00      0.00      0.00      0.00      0.00      0.00
04:31:40 PM IST       sda   1171.00      0.00   7396.00      0.00      6.32      0.56      0.26     29.60

04:31:40 PM IST       DEV       tps     rkB/s     wkB/s     dkB/s   areq-sz    aqu-sz     await     %util
04:31:41 PM IST   nvme0n1      0.00      0.00      0.00      0.00      0.00      0.00      0.00      0.00
04:31:41 PM IST       sda   1153.00      0.00   7064.00      0.00      6.13      0.55      0.25     30.00

04:31:41 PM IST       DEV       tps     rkB/s     wkB/s     dkB/s   areq-sz    aqu-sz     await     %util
04:31:42 PM IST   nvme0n1      0.00      0.00      0.00      0.00      0.00      0.00      0.00      0.00
04:31:42 PM IST       sda   1118.00      0.00   6816.00      0.00      6.10      0.57      0.27     30.00

04:31:42 PM IST       DEV       tps     rkB/s     wkB/s     dkB/s   areq-sz    aqu-sz     await     %util
04:31:43 PM IST   nvme0n1      0.00      0.00      0.00      0.00      0.00      0.00      0.00      0.00
04:31:43 PM IST       sda   1159.00      0.00   6992.00      0.00      6.03      0.55      0.25     33.20

04:31:43 PM IST       DEV       tps     rkB/s     wkB/s     dkB/s   areq-sz    aqu-sz     await     %util
04:31:44 PM IST   nvme0n1      0.00      0.00      0.00      0.00      0.00      0.00      0.00      0.00
04:31:44 PM IST       sda   1134.00      0.00   6904.00      0.00      6.09      0.53      0.25     32.80

04:31:44 PM IST       DEV       tps     rkB/s     wkB/s     dkB/s   areq-sz    aqu-sz     await     %util
04:31:45 PM IST   nvme0n1      0.00      0.00      0.00      0.00      0.00      0.00      0.00      0.00
04:31:45 PM IST       sda   1173.00      0.00   7344.00      0.00      6.26      0.56      0.26     32.00

04:31:45 PM IST       DEV       tps     rkB/s     wkB/s     dkB/s   areq-sz    aqu-sz     await     %util
04:31:46 PM IST   nvme0n1      0.00      0.00      0.00      0.00      0.00      0.00      0.00      0.00
04:31:46 PM IST       sda   1163.00      0.00   7152.00      0.00      6.15      0.56      0.26     30.00

04:31:46 PM IST       DEV       tps     rkB/s     wkB/s     dkB/s   areq-sz    aqu-sz     await     %util
04:31:47 PM IST   nvme0n1      0.00      0.00      0.00      0.00      0.00      0.00      0.00      0.00
04:31:47 PM IST       sda   1208.00      0.00   7208.00      0.00      5.97      0.58      0.26     28.00

04:31:47 PM IST       DEV       tps     rkB/s     wkB/s     dkB/s   areq-sz    aqu-sz     await     %util
04:31:48 PM IST   nvme0n1      0.00      0.00      0.00      0.00      0.00      0.00      0.00      0.00
04:31:48 PM IST       sda   1119.00      0.00   6840.00      0.00      6.11      0.57      0.27     32.40

04:31:48 PM IST       DEV       tps     rkB/s     wkB/s     dkB/s   areq-sz    aqu-sz     await     %util
04:31:49 PM IST   nvme0n1      0.00      0.00      0.00      0.00      0.00      0.00      0.00      0.00
04:31:49 PM IST       sda   1128.00      0.00   6888.00      0.00      6.11      0.55      0.26     31.60

04:31:49 PM IST       DEV       tps     rkB/s     wkB/s     dkB/s   areq-sz    aqu-sz     await     %util
04:31:50 PM IST   nvme0n1      0.00      0.00      0.00      0.00      0.00      0.00      0.00      0.00
04:31:50 PM IST       sda   1123.00      0.00   6856.00      0.00      6.11      0.61      0.29     29.60

04:31:50 PM IST       DEV       tps     rkB/s     wkB/s     dkB/s   areq-sz    aqu-sz     await     %util
04:31:51 PM IST   nvme0n1      0.00      0.00      0.00      0.00      0.00      0.00      0.00      0.00
04:31:51 PM IST       sda   1090.00      0.00   6716.00      0.00      6.16      0.60      0.29     34.40

04:31:51 PM IST       DEV       tps     rkB/s     wkB/s     dkB/s   areq-sz    aqu-sz     await     %util
04:31:52 PM IST   nvme0n1      0.00      0.00      0.00      0.00      0.00      0.00      0.00      0.00
04:31:52 PM IST       sda   1163.00      0.00   7016.00      0.00      6.03      0.62      0.28     31.20

04:31:52 PM IST       DEV       tps     rkB/s     wkB/s     dkB/s   areq-sz    aqu-sz     await     %util
04:31:53 PM IST   nvme0n1      0.00      0.00      0.00      0.00      0.00      0.00      0.00      0.00
04:31:53 PM IST       sda   1122.00      0.00   6816.00      0.00      6.07      0.61      0.29     32.00

04:31:53 PM IST       DEV       tps     rkB/s     wkB/s     dkB/s   areq-sz    aqu-sz     await     %util
04:31:54 PM IST   nvme0n1      0.00      0.00      0.00      0.00      0.00      0.00      0.00      0.00
04:31:54 PM IST       sda   1125.00      0.00   6868.00      0.00      6.10      0.59      0.28     36.00

04:31:54 PM IST       DEV       tps     rkB/s     wkB/s     dkB/s   areq-sz    aqu-sz     await     %util
04:31:55 PM IST   nvme0n1      0.00      0.00      0.00      0.00      0.00      0.00      0.00      0.00
04:31:55 PM IST       sda   1167.00      0.00   7496.00      0.00      6.42      0.58      0.27     30.80

04:31:55 PM IST       DEV       tps     rkB/s     wkB/s     dkB/s   areq-sz    aqu-sz     await     %util
04:31:56 PM IST   nvme0n1      0.00      0.00      0.00      0.00      0.00      0.00      0.00      0.00
04:31:56 PM IST       sda   1136.00      0.00   6920.00      0.00      6.09      0.55      0.26     29.20

04:31:56 PM IST       DEV       tps     rkB/s     wkB/s     dkB/s   areq-sz    aqu-sz     await     %util
04:31:57 PM IST   nvme0n1      0.00      0.00      0.00      0.00      0.00      0.00      0.00      0.00
04:31:57 PM IST       sda   1156.00      0.00   7000.00      0.00      6.06      0.56      0.26     27.20

04:31:57 PM IST       DEV       tps     rkB/s     wkB/s     dkB/s   areq-sz    aqu-sz     await     %util
04:31:58 PM IST   nvme0n1      0.00      0.00      0.00      0.00      0.00      0.00      0.00      0.00
04:31:58 PM IST       sda   1146.00      0.00   6952.00      0.00      6.07      0.53      0.25     25.20

04:31:58 PM IST       DEV       tps     rkB/s     wkB/s     dkB/s   areq-sz    aqu-sz     await     %util
04:31:59 PM IST   nvme0n1      0.00      0.00      0.00      0.00      0.00      0.00      0.00      0.00
04:31:59 PM IST       sda   1090.00      0.00   6724.00      0.00      6.17      0.65      0.31     32.80

04:31:59 PM IST       DEV       tps     rkB/s     wkB/s     dkB/s   areq-sz    aqu-sz     await     %util
04:32:00 PM IST   nvme0n1      0.00      0.00      0.00      0.00      0.00      0.00      0.00      0.00
04:32:00 PM IST       sda   1161.00      0.00   7204.00      0.00      6.20      0.56      0.26     22.40

04:32:00 PM IST       DEV       tps     rkB/s     wkB/s     dkB/s   areq-sz    aqu-sz     await     %util
04:32:01 PM IST   nvme0n1      0.00      0.00      0.00      0.00      0.00      0.00      0.00      0.00
04:32:01 PM IST       sda   1133.00      0.00   7152.00      0.00      6.31      0.54      0.25     30.00

04:32:01 PM IST       DEV       tps     rkB/s     wkB/s     dkB/s   areq-sz    aqu-sz     await     %util
04:32:02 PM IST   nvme0n1      0.00      0.00      0.00      0.00      0.00      0.00      0.00      0.00
04:32:02 PM IST       sda   1164.00      0.00   7040.00      0.00      6.05      0.56      0.26     30.40

04:32:02 PM IST       DEV       tps     rkB/s     wkB/s     dkB/s   areq-sz    aqu-sz     await     %util
04:32:03 PM IST   nvme0n1      0.00      0.00      0.00      0.00      0.00      0.00      0.00      0.00
04:32:03 PM IST       sda   1130.00      0.00   6896.00      0.00      6.10      0.55      0.26     27.20

04:32:03 PM IST       DEV       tps     rkB/s     wkB/s     dkB/s   areq-sz    aqu-sz     await     %util
04:32:04 PM IST   nvme0n1      0.00      0.00      0.00      0.00      0.00      0.00      0.00      0.00
04:32:04 PM IST       sda   1168.00      0.00   7080.00      0.00      6.06      0.61      0.28     31.20

04:32:04 PM IST       DEV       tps     rkB/s     wkB/s     dkB/s   areq-sz    aqu-sz     await     %util
04:32:05 PM IST   nvme0n1      0.00      0.00      0.00      0.00      0.00      0.00      0.00      0.00
04:32:05 PM IST       sda   1148.00      4.00   7004.00      0.00      6.10      0.56      0.26     28.80

04:32:05 PM IST       DEV       tps     rkB/s     wkB/s     dkB/s   areq-sz    aqu-sz     await     %util
04:32:06 PM IST   nvme0n1      0.00      0.00      0.00      0.00      0.00      0.00      0.00      0.00
04:32:06 PM IST       sda   1151.00      0.00   7252.00      0.00      6.30      0.57      0.26     35.20

04:32:06 PM IST       DEV       tps     rkB/s     wkB/s     dkB/s   areq-sz    aqu-sz     await     %util
04:32:07 PM IST   nvme0n1      0.00      0.00      0.00      0.00      0.00      0.00      0.00      0.00
04:32:07 PM IST       sda   1130.00      8.00   6872.00      0.00      6.09      0.58      0.28     30.40

04:32:07 PM IST       DEV       tps     rkB/s     wkB/s     dkB/s   areq-sz    aqu-sz     await     %util
04:32:08 PM IST   nvme0n1      0.00      0.00      0.00      0.00      0.00      0.00      0.00      0.00
04:32:08 PM IST       sda   1090.00      0.00   6648.00      0.00      6.10      0.61      0.30     34.80

04:32:08 PM IST       DEV       tps     rkB/s     wkB/s     dkB/s   areq-sz    aqu-sz     await     %util
04:32:09 PM IST   nvme0n1      0.00      0.00      0.00      0.00      0.00      0.00      0.00      0.00
04:32:09 PM IST       sda   1130.00      0.00   6856.00      0.00      6.07      0.62      0.29     28.80

04:32:09 PM IST       DEV       tps     rkB/s     wkB/s     dkB/s   areq-sz    aqu-sz     await     %util
04:32:10 PM IST   nvme0n1      0.00      0.00      0.00      0.00      0.00      0.00      0.00      0.00
04:32:10 PM IST       sda   1112.00      0.00   6828.00      0.00      6.14      0.60      0.29     31.60

04:32:10 PM IST       DEV       tps     rkB/s     wkB/s     dkB/s   areq-sz    aqu-sz     await     %util
04:32:11 PM IST   nvme0n1      0.00      0.00      0.00      0.00      0.00      0.00      0.00      0.00
04:32:11 PM IST       sda   1141.00      0.00   7168.00      0.00      6.28      0.61      0.28     33.60

04:32:11 PM IST       DEV       tps     rkB/s     wkB/s     dkB/s   areq-sz    aqu-sz     await     %util
04:32:12 PM IST   nvme0n1      0.00      0.00      0.00      0.00      0.00      0.00      0.00      0.00
04:32:12 PM IST       sda   1157.00      0.00  13988.00      0.00     12.09      0.61      0.29     29.20

04:32:12 PM IST       DEV       tps     rkB/s     wkB/s     dkB/s   areq-sz    aqu-sz     await     %util
04:32:13 PM IST   nvme0n1      0.00      0.00      0.00      0.00      0.00      0.00      0.00      0.00
04:32:13 PM IST       sda   1159.00      0.00   7432.00      0.00      6.41      0.55      0.25     33.60

04:32:13 PM IST       DEV       tps     rkB/s     wkB/s     dkB/s   areq-sz    aqu-sz     await     %util
04:32:14 PM IST   nvme0n1      0.00      0.00      0.00      0.00      0.00      0.00      0.00      0.00
04:32:14 PM IST       sda   1149.00      0.00   7024.00      0.00      6.11      0.55      0.26     27.20

04:32:14 PM IST       DEV       tps     rkB/s     wkB/s     dkB/s   areq-sz    aqu-sz     await     %util
04:32:15 PM IST   nvme0n1      0.00      0.00      0.00      0.00      0.00      0.00      0.00      0.00
04:32:15 PM IST       sda   1139.00      0.00   7040.00      0.00      6.18      0.54      0.25     28.00

04:32:15 PM IST       DEV       tps     rkB/s     wkB/s     dkB/s   areq-sz    aqu-sz     await     %util
04:32:16 PM IST   nvme0n1      0.00      0.00      0.00      0.00      0.00      0.00      0.00      0.00
04:32:16 PM IST       sda   1135.00      0.00   7144.00      0.00      6.29      0.58      0.27     32.00

04:32:16 PM IST       DEV       tps     rkB/s     wkB/s     dkB/s   areq-sz    aqu-sz     await     %util
04:32:17 PM IST   nvme0n1      0.00      0.00      0.00      0.00      0.00      0.00      0.00      0.00
04:32:17 PM IST       sda   1200.00      0.00   7500.00      0.00      6.25      0.57      0.26     28.40

04:32:17 PM IST       DEV       tps     rkB/s     wkB/s     dkB/s   areq-sz    aqu-sz     await     %util
04:32:18 PM IST   nvme0n1      0.00      0.00      0.00      0.00      0.00      0.00      0.00      0.00
04:32:18 PM IST       sda   1254.00      0.00   7404.00      0.00      5.90      0.58      0.26     29.20

04:32:18 PM IST       DEV       tps     rkB/s     wkB/s     dkB/s   areq-sz    aqu-sz     await     %util
04:32:19 PM IST   nvme0n1      0.00      0.00      0.00      0.00      0.00      0.00      0.00      0.00
04:32:19 PM IST       sda   1160.00      0.00   7016.00      0.00      6.05      0.56      0.26     29.20

04:32:19 PM IST       DEV       tps     rkB/s     wkB/s     dkB/s   areq-sz    aqu-sz     await     %util
04:32:20 PM IST   nvme0n1      0.00      0.00      0.00      0.00      0.00      0.00      0.00      0.00
04:32:20 PM IST       sda    953.00      0.00   5872.00      0.00      6.16      0.49      0.28     31.20

04:32:20 PM IST       DEV       tps     rkB/s     wkB/s     dkB/s   areq-sz    aqu-sz     await     %util
04:32:21 PM IST   nvme0n1      0.00      0.00      0.00      0.00      0.00      0.00      0.00      0.00
04:32:21 PM IST       sda   1094.00      0.00   6856.00      0.00      6.27      0.56      0.27     29.20

04:32:21 PM IST       DEV       tps     rkB/s     wkB/s     dkB/s   areq-sz    aqu-sz     await     %util
04:32:22 PM IST   nvme0n1      0.00      0.00      0.00      0.00      0.00      0.00      0.00      0.00
04:32:22 PM IST       sda   1122.00      0.00   6872.00      0.00      6.12      0.57      0.27     32.80

04:32:22 PM IST       DEV       tps     rkB/s     wkB/s     dkB/s   areq-sz    aqu-sz     await     %util
04:32:23 PM IST   nvme0n1      0.00      0.00      0.00      0.00      0.00      0.00      0.00      0.00
04:32:23 PM IST       sda   1123.00      0.00   7048.00      0.00      6.28      0.55      0.26     28.40

04:32:23 PM IST       DEV       tps     rkB/s     wkB/s     dkB/s   areq-sz    aqu-sz     await     %util
04:32:24 PM IST   nvme0n1      0.00      0.00      0.00      0.00      0.00      0.00      0.00      0.00
04:32:24 PM IST       sda   1094.00      0.00   6696.00      0.00      6.12      0.58      0.28     34.00

04:32:24 PM IST       DEV       tps     rkB/s     wkB/s     dkB/s   areq-sz    aqu-sz     await     %util
04:32:25 PM IST   nvme0n1      0.00      0.00      0.00      0.00      0.00      0.00      0.00      0.00
04:32:25 PM IST       sda   1247.00      0.00   7312.00      0.00      5.86      0.70      0.30     28.40

04:32:25 PM IST       DEV       tps     rkB/s     wkB/s     dkB/s   areq-sz    aqu-sz     await     %util
04:32:26 PM IST   nvme0n1      0.00      0.00      0.00      0.00      0.00      0.00      0.00      0.00
04:32:26 PM IST       sda   1335.00      0.00   8512.00      0.00      6.38      0.74      0.29     40.00

04:32:26 PM IST       DEV       tps     rkB/s     wkB/s     dkB/s   areq-sz    aqu-sz     await     %util
04:32:27 PM IST   nvme0n1      0.00      0.00      0.00      0.00      0.00      0.00      0.00      0.00
04:32:27 PM IST       sda   1090.00      0.00   6740.00      0.00      6.18      0.59      0.29     34.40

04:32:27 PM IST       DEV       tps     rkB/s     wkB/s     dkB/s   areq-sz    aqu-sz     await     %util
04:32:28 PM IST   nvme0n1      0.00      0.00      0.00      0.00      0.00      0.00      0.00      0.00
04:32:28 PM IST       sda   1120.00      0.00   6840.00      0.00      6.11      0.57      0.27     27.20

04:32:28 PM IST       DEV       tps     rkB/s     wkB/s     dkB/s   areq-sz    aqu-sz     await     %util
04:32:29 PM IST   nvme0n1      0.00      0.00      0.00      0.00      0.00      0.00      0.00      0.00
04:32:29 PM IST       sda   1125.00      0.00   7296.00      0.00      6.49      0.57      0.27     33.60

04:32:29 PM IST       DEV       tps     rkB/s     wkB/s     dkB/s   areq-sz    aqu-sz     await     %util
04:32:30 PM IST   nvme0n1      0.00      0.00      0.00      0.00      0.00      0.00      0.00      0.00
04:32:30 PM IST       sda   1180.00      0.00   7192.00      0.00      6.09      0.55      0.25     30.80

04:32:30 PM IST       DEV       tps     rkB/s     wkB/s     dkB/s   areq-sz    aqu-sz     await     %util
04:32:31 PM IST   nvme0n1      0.00      0.00      0.00      0.00      0.00      0.00      0.00      0.00
04:32:31 PM IST       sda   1144.00      0.00   7164.00      0.00      6.26      0.55      0.26     28.40

04:32:31 PM IST       DEV       tps     rkB/s     wkB/s     dkB/s   areq-sz    aqu-sz     await     %util
04:32:32 PM IST   nvme0n1      0.00      0.00      0.00      0.00      0.00      0.00      0.00      0.00
04:32:32 PM IST       sda   1149.00      0.00   7012.00      0.00      6.10      0.55      0.26     34.80

04:32:32 PM IST       DEV       tps     rkB/s     wkB/s     dkB/s   areq-sz    aqu-sz     await     %util
04:32:33 PM IST   nvme0n1      0.00      0.00      0.00      0.00      0.00      0.00      0.00      0.00
04:32:33 PM IST       sda   1132.00      0.00   7104.00      0.00      6.28      0.60      0.28     30.00

04:32:33 PM IST       DEV       tps     rkB/s     wkB/s     dkB/s   areq-sz    aqu-sz     await     %util
04:32:34 PM IST   nvme0n1      0.00      0.00      0.00      0.00      0.00      0.00      0.00      0.00
04:32:34 PM IST       sda   1151.00      0.00   7000.00      0.00      6.08      0.55      0.26     33.20

04:32:34 PM IST       DEV       tps     rkB/s     wkB/s     dkB/s   areq-sz    aqu-sz     await     %util
04:32:35 PM IST   nvme0n1      0.00      0.00      0.00      0.00      0.00      0.00      0.00      0.00
04:32:35 PM IST       sda   1197.00      0.00   7336.00      0.00      6.13      0.56      0.25     26.80

04:32:35 PM IST       DEV       tps     rkB/s     wkB/s     dkB/s   areq-sz    aqu-sz     await     %util
04:32:36 PM IST   nvme0n1      0.00      0.00      0.00      0.00      0.00      0.00      0.00      0.00
04:32:36 PM IST       sda   1151.00      0.00   7520.00      0.00      6.53      0.56      0.26     27.60

04:32:36 PM IST       DEV       tps     rkB/s     wkB/s     dkB/s   areq-sz    aqu-sz     await     %util
04:32:37 PM IST   nvme0n1      0.00      0.00      0.00      0.00      0.00      0.00      0.00      0.00
04:32:37 PM IST       sda   1162.00      0.00   7152.00      0.00      6.15      0.60      0.28     36.00

04:32:37 PM IST       DEV       tps     rkB/s     wkB/s     dkB/s   areq-sz    aqu-sz     await     %util
04:32:38 PM IST   nvme0n1      0.00      0.00      0.00      0.00      0.00      0.00      0.00      0.00
04:32:38 PM IST       sda   1100.00      0.00   6752.00      0.00      6.14      0.57      0.27     33.20

04:32:38 PM IST       DEV       tps     rkB/s     wkB/s     dkB/s   areq-sz    aqu-sz     await     %util
04:32:39 PM IST   nvme0n1      0.00      0.00      0.00      0.00      0.00      0.00      0.00      0.00
04:32:39 PM IST       sda   1133.00      0.00   7204.00      0.00      6.36      0.58      0.27     29.60

04:32:39 PM IST       DEV       tps     rkB/s     wkB/s     dkB/s   areq-sz    aqu-sz     await     %util
04:32:40 PM IST   nvme0n1      0.00      0.00      0.00      0.00      0.00      0.00      0.00      0.00
04:32:40 PM IST       sda   1208.00      0.00   7256.00      0.00      6.01      0.59      0.27     31.20

04:32:40 PM IST       DEV       tps     rkB/s     wkB/s     dkB/s   areq-sz    aqu-sz     await     %util
04:32:41 PM IST   nvme0n1      0.00      0.00      0.00      0.00      0.00      0.00      0.00      0.00
04:32:41 PM IST       sda   1115.84      0.00   6764.36      0.00      6.06      0.60      0.29     34.06

04:32:41 PM IST       DEV       tps     rkB/s     wkB/s     dkB/s   areq-sz    aqu-sz     await     %util
04:32:42 PM IST   nvme0n1      0.00      0.00      0.00      0.00      0.00      0.00      0.00      0.00
04:32:42 PM IST       sda   1109.00      0.00   7052.00      0.00      6.36      0.64      0.30     32.80

04:32:42 PM IST       DEV       tps     rkB/s     wkB/s     dkB/s   areq-sz    aqu-sz     await     %util
04:32:43 PM IST   nvme0n1      0.00      0.00      0.00      0.00      0.00      0.00      0.00      0.00
04:32:43 PM IST       sda   1103.00      0.00   6760.00      0.00      6.13      0.60      0.29     33.20

04:32:43 PM IST       DEV       tps     rkB/s     wkB/s     dkB/s   areq-sz    aqu-sz     await     %util
04:32:44 PM IST   nvme0n1      0.00      0.00      0.00      0.00      0.00      0.00      0.00      0.00
04:32:44 PM IST       sda   1170.00      0.00   7020.00      0.00      6.00      0.64      0.29     37.20

04:32:44 PM IST       DEV       tps     rkB/s     wkB/s     dkB/s   areq-sz    aqu-sz     await     %util
04:32:45 PM IST   nvme0n1      0.00      0.00      0.00      0.00      0.00      0.00      0.00      0.00
04:32:45 PM IST       sda   1135.00      0.00   7204.00      0.00      6.35      0.59      0.28     30.80

04:32:45 PM IST       DEV       tps     rkB/s     wkB/s     dkB/s   areq-sz    aqu-sz     await     %util
04:32:46 PM IST   nvme0n1      0.00      0.00      0.00      0.00      0.00      0.00      0.00      0.00
04:32:46 PM IST       sda   1111.00      0.00   6800.00      0.00      6.12      0.56      0.27     32.00

04:32:46 PM IST       DEV       tps     rkB/s     wkB/s     dkB/s   areq-sz    aqu-sz     await     %util
04:32:47 PM IST   nvme0n1      0.00      0.00      0.00      0.00      0.00      0.00      0.00      0.00
04:32:47 PM IST       sda   1166.00      0.00   7484.00      0.00      6.42      0.56      0.25     31.20

04:32:47 PM IST       DEV       tps     rkB/s     wkB/s     dkB/s   areq-sz    aqu-sz     await     %util
04:32:48 PM IST   nvme0n1      0.00      0.00      0.00      0.00      0.00      0.00      0.00      0.00
04:32:48 PM IST       sda   1176.00      0.00   7084.00      0.00      6.02      0.56      0.25     27.20

04:32:48 PM IST       DEV       tps     rkB/s     wkB/s     dkB/s   areq-sz    aqu-sz     await     %util
04:32:49 PM IST   nvme0n1      0.00      0.00      0.00      0.00      0.00      0.00      0.00      0.00
04:32:49 PM IST       sda   1226.00      0.00   7468.00      0.00      6.09      0.54      0.24     27.60

04:32:49 PM IST       DEV       tps     rkB/s     wkB/s     dkB/s   areq-sz    aqu-sz     await     %util
04:32:50 PM IST   nvme0n1      0.00      0.00      0.00      0.00      0.00      0.00      0.00      0.00
04:32:50 PM IST       sda   1127.00      0.00   6864.00      0.00      6.09      0.59      0.28     32.40

04:32:50 PM IST       DEV       tps     rkB/s     wkB/s     dkB/s   areq-sz    aqu-sz     await     %util
04:32:51 PM IST   nvme0n1      0.00      0.00      0.00      0.00      0.00      0.00      0.00      0.00
04:32:51 PM IST       sda   1175.00      0.00   7124.00      0.00      6.06      0.55      0.25     28.80

04:32:51 PM IST       DEV       tps     rkB/s     wkB/s     dkB/s   areq-sz    aqu-sz     await     %util
04:32:52 PM IST   nvme0n1      0.00      0.00      0.00      0.00      0.00      0.00      0.00      0.00
04:32:52 PM IST       sda   1165.00      0.00   7672.00      0.00      6.59      0.55      0.26     34.80

04:32:52 PM IST       DEV       tps     rkB/s     wkB/s     dkB/s   areq-sz    aqu-sz     await     %util
04:32:53 PM IST   nvme0n1      0.00      0.00      0.00      0.00      0.00      0.00      0.00      0.00
04:32:53 PM IST       sda   1143.00      0.00   6936.00      0.00      6.07      0.55      0.26     29.60

04:32:53 PM IST       DEV       tps     rkB/s     wkB/s     dkB/s   areq-sz    aqu-sz     await     %util
04:32:54 PM IST   nvme0n1      0.00      0.00      0.00      0.00      0.00      0.00      0.00      0.00
04:32:54 PM IST       sda   1124.00      0.00   6880.00      0.00      6.12      0.53      0.25     28.80

04:32:54 PM IST       DEV       tps     rkB/s     wkB/s     dkB/s   areq-sz    aqu-sz     await     %util
04:32:55 PM IST   nvme0n1      0.00      0.00      0.00      0.00      0.00      0.00      0.00      0.00
04:32:55 PM IST       sda   1128.00      0.00   7200.00      0.00      6.38      0.61      0.29     32.80

04:32:55 PM IST       DEV       tps     rkB/s     wkB/s     dkB/s   areq-sz    aqu-sz     await     %util
04:32:56 PM IST   nvme0n1      0.00      0.00      0.00      0.00      0.00      0.00      0.00      0.00
04:32:56 PM IST       sda   1147.00      0.00   6928.00      0.00      6.04      0.57      0.27     31.20

04:32:56 PM IST       DEV       tps     rkB/s     wkB/s     dkB/s   areq-sz    aqu-sz     await     %util
04:32:57 PM IST   nvme0n1      0.00      0.00      0.00      0.00      0.00      0.00      0.00      0.00
04:32:57 PM IST       sda   1173.00      0.00   7392.00      0.00      6.30      0.56      0.26     32.40

04:32:57 PM IST       DEV       tps     rkB/s     wkB/s     dkB/s   areq-sz    aqu-sz     await     %util
04:32:58 PM IST   nvme0n1      0.00      0.00      0.00      0.00      0.00      0.00      0.00      0.00
04:32:58 PM IST       sda   1139.00      0.00   7152.00      0.00      6.28      0.60      0.28     35.20

04:32:58 PM IST       DEV       tps     rkB/s     wkB/s     dkB/s   areq-sz    aqu-sz     await     %util
04:32:59 PM IST   nvme0n1      0.00      0.00      0.00      0.00      0.00      0.00      0.00      0.00
04:32:59 PM IST       sda   1107.00      0.00   6744.00      0.00      6.09      0.62      0.29     32.80

04:32:59 PM IST       DEV       tps     rkB/s     wkB/s     dkB/s   areq-sz    aqu-sz     await     %util
04:33:00 PM IST   nvme0n1      0.00      0.00      0.00      0.00      0.00      0.00      0.00      0.00
04:33:00 PM IST       sda   1126.00      0.00   6904.00      0.00      6.13      0.61      0.29     37.20

04:33:00 PM IST       DEV       tps     rkB/s     wkB/s     dkB/s   areq-sz    aqu-sz     await     %util
04:33:01 PM IST   nvme0n1      0.00      0.00      0.00      0.00      0.00      0.00      0.00      0.00
04:33:01 PM IST       sda   1123.00      0.00   6828.00      0.00      6.08      0.61      0.29     32.80

04:33:01 PM IST       DEV       tps     rkB/s     wkB/s     dkB/s   areq-sz    aqu-sz     await     %util
04:33:02 PM IST   nvme0n1      0.00      0.00      0.00      0.00      0.00      0.00      0.00      0.00
04:33:02 PM IST       sda   1133.00      0.00   7412.00      0.00      6.54      0.59      0.28     34.40

04:33:02 PM IST       DEV       tps     rkB/s     wkB/s     dkB/s   areq-sz    aqu-sz     await     %util
04:33:03 PM IST   nvme0n1      0.00      0.00      0.00      0.00      0.00      0.00      0.00      0.00
04:33:03 PM IST       sda   1133.00      0.00   6856.00      0.00      6.05      0.57      0.27     32.40

04:33:03 PM IST       DEV       tps     rkB/s     wkB/s     dkB/s   areq-sz    aqu-sz     await     %util
04:33:04 PM IST   nvme0n1      0.00      0.00      0.00      0.00      0.00      0.00      0.00      0.00
04:33:04 PM IST       sda   1167.00      0.00   7000.00      0.00      6.00      0.56      0.25     30.80

04:33:04 PM IST       DEV       tps     rkB/s     wkB/s     dkB/s   areq-sz    aqu-sz     await     %util
04:33:05 PM IST   nvme0n1      0.00      0.00      0.00      0.00      0.00      0.00      0.00      0.00
04:33:05 PM IST       sda   1171.00      0.00   7376.00      0.00      6.30      0.56      0.26     27.60

04:33:05 PM IST       DEV       tps     rkB/s     wkB/s     dkB/s   areq-sz    aqu-sz     await     %util
04:33:06 PM IST   nvme0n1      0.00      0.00      0.00      0.00      0.00      0.00      0.00      0.00
04:33:06 PM IST       sda   1157.00      0.00   7076.00      0.00      6.12      0.54      0.25     27.20

04:33:06 PM IST       DEV       tps     rkB/s     wkB/s     dkB/s   areq-sz    aqu-sz     await     %util
04:33:07 PM IST   nvme0n1      0.00      0.00      0.00      0.00      0.00      0.00      0.00      0.00
04:33:07 PM IST       sda   1145.00      0.00   7000.00      0.00      6.11      0.56      0.26     30.40

04:33:07 PM IST       DEV       tps     rkB/s     wkB/s     dkB/s   areq-sz    aqu-sz     await     %util
04:33:08 PM IST   nvme0n1      0.00      0.00      0.00      0.00      0.00      0.00      0.00      0.00
04:33:08 PM IST       sda   1150.00      8.00   7208.00      0.00      6.27      0.57      0.26     26.80

04:33:08 PM IST       DEV       tps     rkB/s     wkB/s     dkB/s   areq-sz    aqu-sz     await     %util
04:33:09 PM IST   nvme0n1      0.00      0.00      0.00      0.00      0.00      0.00      0.00      0.00
04:33:09 PM IST       sda   1166.00      0.00   7024.00      0.00      6.02      0.56      0.25     28.40

04:33:09 PM IST       DEV       tps     rkB/s     wkB/s     dkB/s   areq-sz    aqu-sz     await     %util
04:33:10 PM IST   nvme0n1      0.00      0.00      0.00      0.00      0.00      0.00      0.00      0.00
04:33:10 PM IST       sda   1144.00      0.00   6960.00      0.00      6.08      0.54      0.25     33.20

04:33:10 PM IST       DEV       tps     rkB/s     wkB/s     dkB/s   areq-sz    aqu-sz     await     %util
04:33:11 PM IST   nvme0n1      0.00      0.00      0.00      0.00      0.00      0.00      0.00      0.00
04:33:11 PM IST       sda   1166.00      0.00   7320.00      0.00      6.28      0.56      0.26     30.00

04:33:11 PM IST       DEV       tps     rkB/s     wkB/s     dkB/s   areq-sz    aqu-sz     await     %util
04:33:12 PM IST   nvme0n1      0.00      0.00      0.00      0.00      0.00      0.00      0.00      0.00
04:33:12 PM IST       sda   1137.00      0.00   7176.00      0.00      6.31      0.59      0.28     31.60

04:33:12 PM IST       DEV       tps     rkB/s     wkB/s     dkB/s   areq-sz    aqu-sz     await     %util
04:33:13 PM IST   nvme0n1      0.00      0.00      0.00      0.00      0.00      0.00      0.00      0.00
04:33:13 PM IST       sda   1158.00      0.00   6992.00      0.00      6.04      0.57      0.26     35.20

04:33:13 PM IST       DEV       tps     rkB/s     wkB/s     dkB/s   areq-sz    aqu-sz     await     %util
04:33:14 PM IST   nvme0n1      0.00      0.00      0.00      0.00      0.00      0.00      0.00      0.00
04:33:14 PM IST       sda   1117.00      0.00   7056.00      0.00      6.32      0.55      0.26     32.00

04:33:14 PM IST       DEV       tps     rkB/s     wkB/s     dkB/s   areq-sz    aqu-sz     await     %util
04:33:15 PM IST   nvme0n1      0.00      0.00      0.00      0.00      0.00      0.00      0.00      0.00
04:33:15 PM IST       sda   1135.00      0.00   7000.00      0.00      6.17      0.59      0.28     27.20

04:33:15 PM IST       DEV       tps     rkB/s     wkB/s     dkB/s   areq-sz    aqu-sz     await     %util
04:33:16 PM IST   nvme0n1      0.00      0.00      0.00      0.00      0.00      0.00      0.00      0.00
04:33:16 PM IST       sda   1102.00      0.00   6752.00      0.00      6.13      0.60      0.29     34.00

04:33:16 PM IST       DEV       tps     rkB/s     wkB/s     dkB/s   areq-sz    aqu-sz     await     %util
04:33:17 PM IST   nvme0n1      0.00      0.00      0.00      0.00      0.00      0.00      0.00      0.00
04:33:17 PM IST       sda   1125.00      0.00   7364.00      0.00      6.55      0.60      0.29     32.40

04:33:17 PM IST       DEV       tps     rkB/s     wkB/s     dkB/s   areq-sz    aqu-sz     await     %util
04:33:18 PM IST   nvme0n1      0.00      0.00      0.00      0.00      0.00      0.00      0.00      0.00
04:33:18 PM IST       sda   1130.00      0.00   7004.00      0.00      6.20      0.62      0.29     35.60

04:33:18 PM IST       DEV       tps     rkB/s     wkB/s     dkB/s   areq-sz    aqu-sz     await     %util
04:33:19 PM IST   nvme0n1      0.00      0.00      0.00      0.00      0.00      0.00      0.00      0.00
04:33:19 PM IST       sda   1111.00      0.00   6744.00      0.00      6.07      0.60      0.29     30.40
