procs -----------memory---------- ---swap-- -----io---- -system-- -------cpu-------
 r  b   swpd   free   buff  cache   si   so    bi    bo   in   cs us sy id wa st gu
 6  0 1752588 625128 104812 3982232    6   19    99   275 2046   31  5  2 93  0  0  0
 2  1 1752588 596320 104812 3982288    0    0     0   944 2572 8014  2  2 90  6  0  0
 1  1 1752588 586252 104824 3982288    0    0     0   460 2152 7299  1  1 90  8  0  0
45  0 1752588 569124 104824 3982296    0    0     0  4632 12413 80252  8  4 85  3  0  0
30  0 1752588 590212 104832 3982328    0    0     0  6888 16886 111436 10  6 83  1  0  0
50  0 1752588 585316 104832 3982368    0    0     0  6992 16578 114816 10  6 83  1  0  0
37  0 1752588 574036 104848 3982404    0    0     0  7368 17774 115708 11  6 83  1  0  0
27  0 1752588 584088 104864 3982444    0    0     0  8444 18319 118151 11  6 82  1  0  0
47  0 1752588 584312 104864 3982492    0    0     0  7088 16357 113374 11  6 82  1  0  0
50  0 1752588 584392 104872 3982552    0    0     0  7064 17631 117344 10  6 83  1  0  0
31  0 1752588 566548 104880 3984024    0    0     0  6648 18640 117179 12  6 81  1  0  0
 1  1 1752588 566980 104880 3983900    0    0     0  7232 16497 115184 11  6 83  1  0  0
47  0 1752588 570228 104880 3983300    0    0     0  6904 17186 117052 10  6 83  1  0  0
54  0 1752588 537516 104880 4007880    0    0     0  6636 18447 117189 13  6 80  1  0  0
52  0 1752332 367548 104920 4040752   24    0   884  6064 20927 120266 28  8 63  1  0  0
21  0 1752332 354784 104960 4068696    8    0  1672  6160 19149 120264 22  6 71  1  0  0
21  0 1752076 324508 104968 4068660  340    0   340  6956 18063 119538 14  6 79  1  0  0
30  0 1752076 356320 104972 4036372    0    0     4  7404 17945 115319 15  7 77  1  0  0
53  0 1752076 356664 104972 4036380    0    0     0  6832 16887 114997 11  6 83  1  0  0
47  0 1752076 350144 104980 4036428    0    0     0  6884 17140 115583 11  6 82  1  0  0
 1  1 1752076 349436 104980 4037252    0    0     0  6764 18412 116045 12  6 81  1  0  0
procs -----------memory---------- ---swap-- -----io---- -system-- -------cpu-------
 r  b   swpd   free   buff  cache   si   so    bi    bo   in   cs us sy id wa st gu
 4  1 1752076 353004 104996 4028396    0    0     0  6352 19061 114653 14  7 78  1  0  0
28  1 1752076 354336 104996 4027740    0    0     0  6880 18552 119247 11  6 82  1  0  0
32  0 1752076 386268 104996 4005492    0    0     0  7676 18221 117715 12  5 82  1  0  0
21  0 1752076 413352 105004 3984364    0    0     0  7380 18114 118821 11  6 82  1  0  0
56  0 1752076 489012 105004 3972420    0    0     0  6632 18468 117294 11  7 82  1  0  0
35  0 1752076 470032 105012 3992192    0    0     0  6668 19509 117723 12  6 81  1  0  0
49  0 1752076 464232 105012 3994992    0    0     0  6720 20273 119277 13  7 79  1  0  0
40  0 1752076 433760 105012 4029984    0    0     0  5976 20508 117529 15  7 77  1  0  0
 0  1 1752076 439176 105020 4036396    0    0    16  5660 19999 114755 16  6 76  2  0  0
 0  1 1752076 449436 105020 4024020    0    0     0  7128 18973 118088 11  6 82  1  0  0
49  0 1752076 505900 105028 3966644    0    0     4  6888 19489 119679 12  6 81  1  0  0
34  0 1752076 466952 105028 4010936    0    0     0  6388 19249 119281 13  7 79  1  0  0
18  0 1752076 265636 105028 4171940    0    0    16  6000 18760 112559 17  8 75  1  0  0
17  1 1752076 291832 105052 4135872    0    0   192  6792 18848 118680 11  6 82  1  0  0
51  0 1752076 420084 105052 4022976    0    0     0  6608 18242 116682 12  6 81  1  0  0
30  0 1752076 426272 105060 4024024    0    0     0  7060 18226 116045 12  6 81  1  0  0
46  0 1752076 440500 105060 4022676    0    0    64  6400 19979 118344 12  6 80  1  0  0
24  0 1752076 438672 105060 4020432    0    0     0  6404 19452 119413 13  6 79  1  0  0
 0  1 1752076 436020 105068 4035468    0    0     0  6044 20041 117567 14  7 78  1  0  0
28  0 1752076 433732 105068 4032232    0    0     0  7232 18255 120043 11  7 81  1  0  0
33  0 1752076 494144 105076 3967260    0    0     0  7020 17410 117018 12  5 82  1  0  0
procs -----------memory---------- ---swap-- -----io---- -system-- -------cpu-------
 r  b   swpd   free   buff  cache   si   so    bi    bo   in   cs us sy id wa st gu
33  0 1752076 501340 105076 3963580    0    0     0  7248 18145 119127 11  7 82  1  0  0
 0  1 1752076 502168 105092 3965252    0    0     0  7272 18467 118228 12  6 82  1  0  0
 7  0 1752076 502796 105100 3965168    0    0     0  7444 18716 118446 11  6 82  1  0  0
 3  1 1752076 507292 105100 3963628    0    0     0  6948 18122 118370 11  5 83  1  0  0
49  0 1752076 514124 105100 3959340    0    0     0  7080 18577 118441 11  6 82  1  0  0
46  0 1752076 517292 105116 3959644    0    0     0  7392 17538 117972 12  5 82  1  0  0
41  0 1752076 518684 105116 3959012    0    0     0  6784 17809 117487 11  6 82  1  0  0
29  0 1752076 522240 105124 3959196    0    0     0  6976 17746 118378 12  5 82  1  0  0
 5  1 1752076 520368 105124 3959436    0    0     0  6984 17431 116430 10  6 83  1  0  0
 0  1 1752076 522432 105124 3959440    0    0     0  6936 17311 116425 11  6 83  1  0  0
38  0 1752076 519404 105132 3959996    0    0     0  7100 17538 116245 10  6 82  1  0  0
35  0 1752076 523388 105132 3960132    0    0     0  7264 18160 117811 11  6 82  1  0  0
34  0 1752076 522220 105140 3959604    0    0     0  7144 17866 115564 11  6 82  1  0  0
 0  1 1752076 529492 105140 3959616    0    0     0  6752 18068 117949 10  6 83  1  0  0
38  0 1752076 528540 105148 3959496    0    0     0  7372 17697 117432 11  6 82  1  0  0
41  0 1752076 523228 105148 3959644    0    0     0  6832 17641 116562 12  6 82  1  0  0
39  0 1752076 521060 105148 3959508    0    0     0  7144 17667 117206 11  7 82  1  0  0
 2  0 1752076 524492 105156 3959996    0    0     0  7156 18244 118094 12  6 82  1  0  0
46  0 1752076 525456 105156 3960188    0    0     0  6824 18130 118548 12  6 82  1  0  0
44  0 1752076 518020 105172 3959992    0    0     0  6300 15685 93223  9  6 84  1  0  0
42  0 1752076 516940 105172 3960028    0    0     0  6896 17710 116269 10  6 83  1  0  0
procs -----------memory---------- ---swap-- -----io---- -system-- -------cpu-------
 r  b   swpd   free   buff  cache   si   so    bi    bo   in   cs us sy id wa st gu
48  0 1752076 517632 105172 3959840    0    0     0  6704 17934 116586 10  6 83  1  0  0
 2  1 1752076 527684 105180 3959724    0    0     0  6776 17081 114266 11  6 83  1  0  0
 2  0 1752076 533628 105180 3959832    0    0     0  6704 18267 116113 11  7 82  1  0  0
27  0 1752076 521496 105204 3953876    0    0     0  7784 19082 120773 11  6 82  1  0  0
 1  0 1752076 528024 105204 3954364    0    0     0  8296 19160 120972 12  6 82  0  0  0
52  0 1752076 527244 105204 3954384    0    0     0  7160 17827 116773 11  6 82  1  0  0
26  0 1752076 527904 105228 3954144    0    0     0  7092 18222 118887 11  5 82  1  0  0
29  0 1752076 527980 105236 3947696    0    0     0  6864 17321 117075 11  6 82  1  0  0
45  0 1752076 537752 105236 3948432    0    0     0  6712 17893 116957 11  5 82  1  0  0
40  0 1752076 539216 105236 3941896    0    0     0  7060 17900 116546 11  6 82  1  0  0
27  0 1752076 549824 105236 3942064    0    0     0  7080 18751 118324 12  6 81  1  0  0
27  0 1752076 544468 105260 3942632    0    0     0  6868 17957 116756 10  6 83  1  0  0
52  0 1752076 538364 105260 3942792    0    0     0  7184 18727 118609 12  6 82  1  0  0
 3  1 1752076 533872 105276 3942244    0    0     0  6932 17809 117597 12  6 82  1  0  0
41  0 1752076 536596 105276 3942416    0    0     0  6856 17876 117653 11  6 82  1  0  0
46  0 1752076 542608 105276 3942400    0    0     0  7312 17902 116756 11  6 82  1  0  0
25  0 1752076 547656 105284 3942664    0    0     0  6936 17754 117081 11  5 83  1  0  0
17  0 1752076 541712 105284 3942580    0    0     0  6800 18387 119314 11  6 83  1  0  0
45  0 1752076 537916 105292 3943036    0    0     0  6960 17920 117942 11  6 83  1  0  0
29  1 1752076 542368 105292 3943224    0    0     0  7328 17879 117053 11  6 81  1  0  0
43  0 1752076 543416 105292 3942880    0    0     0  6760 17688 116620 11  6 82  1  0  0
procs -----------memory---------- ---swap-- -----io---- -system-- -------cpu-------
 r  b   swpd   free   buff  cache   si   so    bi    bo   in   cs us sy id wa st gu
15  0 1752076 544772 105300 3942632    0    0     0  7024 17550 116393 11  6 82  1  0  0
40  0 1752076 540584 105300 3942612    0    0     0  7500 18723 120189 12  6 82  1  0  0
 0  1 1752076 539516 105308 3942688    0    0     0  6788 18151 116909 11  6 83  1  0  0
30  0 1752076 526464 105324 3943096    0    0     0  6748 17925 116975 12  6 81  1  0  0
49  0 1752076 517508 105324 3942952    0    0     0  7332 18192 118244 11  6 82  1  0  0
11  0 1752076 518620 105332 3943332    0    0     0  6720 18458 119264 11  6 83  1  0  0
 6  1 1752076 518476 105332 3943588    0    0     0  6744 17892 117489 11  6 82  1  0  0
35  0 1752076 515152 105332 3942980    0    0     0  7056 17991 117585 11  6 82  1  0  0
19  0 1752076 516992 105340 3943196    0    0     0  6876 18545 119034 11  6 82  1  0  0
32  0 1752076 542644 105340 3922192    0    0     0  6908 17790 117436 11  6 83  1  0  0
38  0 1752076 537308 105348 3924660    0    0    12  7184 17385 116450 11  6 83  1  0  0
25  0 1752076 543408 105348 3925396    0    0     0  7184 18055 118526 11  6 83  1  0  0
46  0 1752076 575720 105356 3886324    0    0     8  6948 18022 117336 11  6 82  1  0  0
25  0 1752076 582172 105356 3886196    0    0     0  6848 17374 117473 11  6 82  1  0  0
26  0 1752076 582512 105356 3886112    0    0     0  7088 17470 117242 11  6 82  1  0  0
 8  1 1752076 588088 105364 3886012    0    0     0  7128 19002 120061 11  6 82  1  0  0
27  0 1752076 586328 105380 3886024    0    0     0  6920 17464 115848 11  6 82  1  0  0
 2  0 1752076 582420 105380 3886640    0    0     0  7104 17705 117562 11  6 83  1  0  0
20  0 1752076 587060 105380 3886692    0    0     0  6832 17990 117664 11  6 82  1  0  0
47  0 1752076 582632 105380 3886516    0    0     0  7020 18191 118460 12  6 82  1  0  0
32  0 1752076 588620 105388 3886728    0    0     0  7304 17769 116533 12  6 82  1  0  0
procs -----------memory---------- ---swap-- -----io---- -system-- -------cpu-------
 r  b   swpd   free   buff  cache   si   so    bi    bo   in   cs us sy id wa st gu
32  0 1752076 587124 105396 3886744    0    0     0  6788 18088 118059 11  6 82  1  0  0
50  0 1752076 590500 105396 3886676    0    0     0  6680 18105 117330 11  6 82  1  0  0
29  0 1752076 588720 105396 3886740    0    0     0  6552 18022 117786 12  6 82  1  0  0
 4  1 1752076 578572 105396 3886432    0    0     0  7096 18344 118880 11  6 82  1  0  0
24  0 1752076 592256 105412 3866404    0    0     0  6832 18800 118971 12  6 81  1  0  0
18  0 1752076 600196 105412 3866548    0    0     0  6988 17372 116493 11  6 83  1  0  0
49  0 1752076 599172 105420 3867048    0    0     0  7252 18503 120082 11  7 82  1  0  0
40  0 1752076 611988 105780 3859004    0    0     0  7764 18976 120561 11  6 81  1  0  0
 1  0 1752076 612112 105780 3858556    0    0     0  6924 18359 117627 11  6 82  1  0  0
37  0 1752076 615076 105796 3858452    0    0     0  7056 18337 118408 12  6 82  1  0  0
44  0 1752076 611228 105796 3858916    0    0     0  6856 18007 118891 11  5 83  1  0  0
 9  1 1752076 612416 105804 3858408    0    0     0  7468 18171 117664 11  6 82  1  0  0
22  0 1752076 606724 105812 3858440    0    0     0  6928 17154 115245 11  6 82  1  0  0
11  0 1752076 606924 105812 3858608    0    0     0  6900 16881 115657 10  6 83  1  0  0
27  0 1752076 607704 105812 3858984    0    0     0  6848 17457 115517 11  6 82  1  0  0
30  0 1752076 606076 105812 3859180    0    0     0  6840 18057 118142 11  6 83  1  0  0
 4  1 1752076 606400 105820 3858852    0    0    64  5692 15448 90968 10  6 83  1  0  0
51  0 1752076 571452 105828 3904804    0    0     0  5304 20376 114185 14  6 79  1  0  0
 1  1 1752076 559480 105828 3903120    0    0     0  5576 19841 114961 13  7 79  1  0  0
35  0 1752076 537812 105832 3911768    0    0     0  5864 18969 113399 13  7 79  1  0  0
48  1 1752076 542256 105832 3904524    0    0     0  6368 19445 116635 13  7 80  1  0  0
procs -----------memory---------- ---swap-- -----io---- -system-- -------cpu-------
 r  b   swpd   free   buff  cache   si   so    bi    bo   in   cs us sy id wa st gu
52  0 1752076 557292 105848 3895400    0    0     0  6020 21078 116566 14  7 78  1  0  0
48  0 1752076 519628 105872 3936704    4    0     8  6732 20498 116846 15  7 78  1  0  0
 7  1 1752076 508724 105872 3934932    0    0     0  6484 19608 118642 13  7 80  1  0  0
46  0 1752076 397452 105872 4051108    0    0     0  6036 19628 117746 14  7 78  1  0  0
16  2 1752076 387612 105880 4055968    0    0    36  6568 18877 117266 12  6 81  1  0  0
 0  1 1752076 415100 105880 4021220    0    0     0  6472 17370 113948 11  6 81  1  0  0
39  0 1752076 438776 105888 4000044    0    0   184  5856 19876 115890 15  6 78  1  0  0
31  0 1752076 428276 105920 3981552    0    0   360  8060 22116 117357 22  8 69  1  0  0
50  0 1752076 412740 105928 3977116    0    0     4  5924 22077 122533 17  7 75  1  0  0
 6  1 1752076 399832 105928 3968020    0    0     0  5624 22568 124735 17  9 74  1  0  0
45  0 1752076 384992 105976 3919892    0    0   772  6348 23176 120330 21  9 69  1  0  0
43  0 1752076 379212 105980 3919664    0    0     4  6688 18137 117135 13  6 80  1  0  0
31  0 1752076 381636 105996 3915216    0    0     0  7272 18390 118512 13  5 81  1  0  0
41  0 1752076 381936 105996 3914868    0    0     0  6992 18057 116305 12  7 81  1  0  0
48  0 1752076 378052 106012 3915484    0    0     0  6936 18121 117775 11  7 81  1  0  0
42  0 1752076 397004 106020 3914744    0    0     0  6608 18017 116085 12  6 81  1  0  0
27  0 1752076 406668 106020 3906452    0    0     0  6688 18459 118178 12  6 81  1  0  0
49  0 1752076 405732 106056 3906092    0    0     0  7012 17675 113993 12  6 81  1  0  0
41  0 1752076 399956 106064 3910288    4    0     4  7180 20041 118406 14  7 78  1  0  0
53  0 1752076 401192 106080 3912384    0    0   148  6068 21470 118952 15  7 77  1  0  0
17  0 1752076 400724 106152 3897516    0    0     0  6476 22029 116316 18  7 74  1  0  0
procs -----------memory---------- ---swap-- -----io---- -system-- -------cpu-------
 r  b   swpd   free   buff  cache   si   so    bi    bo   in   cs us sy id wa st gu
34  0 1752076 397740 106152 3897500    0    0     0  7164 18452 118868 12  6 82  1  0  0
21  1 1752076 393732 106152 3896920    0    0     0  6880 18095 117850 11  6 83  1  0  0
10  1 1752076 386868 106152 3895896    0    0     0  7572 18569 120055 11  6 82  1  0  0
 8  0 1752076 390588 106152 3898164    0    0     0  6856 19247 116877 12  7 80  1  0  0
23  1 1752076 407476 106168 3897440    0    0     0  6184 22249 122561 14  7 78  1  0  0
30  0 1751052 310544 106176 3969936  112    0   112  5264 21712 116236 21  9 69  1  0  0
 0  1 1751052 297064 106208 3968048    0    0   580  4660 24621 112085 28 10 61  1  0  0
40  0 1751052 265248 106224 3981148    0    0     0  7680 20476 105272 31  7 61  1  0  0
49  0 1751052 296532 106280 3958232    0    0     0  6880 19897 119320 13  6 79  1  0  0
36  0 1751052 278436 106304 3950664    0    0    16  6308 20078 118887 18  6 74  1  0  0
43  0 1751052 302828 106328 3946916    0    0    28  5924 20816 118390 18  8 74  1  0  0
45  0 1751052 315956 106328 3950252    0    0     0  6136 19570 115420 19  7 74  1  0  0
40  0 1751052 329592 106328 3925080    0    0     0  8072 18597 118441 12  6 81  1  0  0
 2  1 1751052 336364 106328 3917880    0    0     0  6808 18725 118674 13  6 80  1  0  0
44  0 1751052 314004 106336 3925400    0    0     0  5920 19544 116417 17  8 74  1  0  0
49  0 1751052 300784 106344 3946592    0    0     0  6148 21088 118842 16  7 76  1  0  0
20  0 1751052 306300 106360 3937868    0    0     0  6692 18771 115949 13  6 80  1  0  0
51  0 1751052 328264 106360 3935012    0    0     0  6176 20344 117863 14  7 78  1  0  0
54  0 1751052 282892 106360 3930776    0    0     0  9244 23100 121055 17  8 74  1  0  0
53  0 1751052 200956 106464 3931768    0    0   596  6084 26138 119669 31  9 59  1  0  0
26  0 1751052 145720 106488 3939564    0    0    20  5804 21874 120809 18  7 73  1  0  0
procs -----------memory---------- ---swap-- -----io---- -system-- -------cpu-------
 r  b   swpd   free   buff  cache   si   so    bi    bo   in   cs us sy id wa st gu
27  0 1751052 162128 106488 3930724    0    0     0  5808 20527 112006 19  7 74  1  0  0
42  0 1751052 162616 106488 3928700    0    0     0  5784 20274 116799 14  7 78  1  0  0
55  0 1751052 169996 106488 3931572    0    0     0  7956 20001 120478 14  6 79  1  0  0
31  0 1751052 184304 106496 3928352    0    0     0  7404 18493 118777 11  6 82  1  0  0
43  0 1751052 161720 106504 3924692    0    0     0  7164 17257 115133 12  6 81  1  0  0
28  0 1751052 200444 106504 3912336    0    0     0  6712 18368 118268 12  6 81  1  0  0
43  0 1751052 205060 106560 3905972    0    0     0  7336 17951 118444 11  6 82  1  0  0
16  0 1751052 207152 106568 3905788    0    0     0  7132 16348 113809 11  6 82  1  0  0
34  0 1751052 211908 106640 3903768    0    0     0 10344 18566 118562 11  6 81  1  0  0
15  1 1751052 213908 106656 3904640    0    0     0  7112 17284 113854 11  7 81  1  0  0
48  0 1751052 219916 106656 3901612    0    0     0  7228 17438 115996 11  6 82  1  0  0
46  0 1751052 225392 106656 3901664    0    0     0  6832 17539 115990 11  6 82  1  0  0
22  0 1751052 223964 106672 3900948    0    0     0  7544 17728 116512 11  5 83  1  0  0
45  0 1751052 239748 106680 3900112    0    0     0  6032 15380 91380 10  6 84  0  0  0
 0  1 1751052 244460 106696 3900032    0    0     0  6556 17042 112389 11  5 83  1  0  0
27  0 1751052 274832 106696 3900240    0    0     0  6496 18195 110904 16  6 78  1  0  0
 8  0 1751052 280196 106712 3897236    0    0     0  6908 17726 116069 11  6 82  1  0  0
 2  0 1751052 284804 106720 3897344    0    0     0  7004 17742 117470 11  6 82  1  0  0
53  0 1751052 259952 106728 3923740    0    0     0  7016 20521 119240 14  6 79  1  0  0
50  0 1751052 264656 106744 3923852    0    0     0  8364 18960 117701 12  7 80  1  0  0
37  0 1751052 265940 106744 3919720    0    0     0  7220 17304 116226 11  5 83  1  0  0
procs -----------memory---------- ---swap-- -----io---- -system-- -------cpu-------
 r  b   swpd   free   buff  cache   si   so    bi    bo   in   cs us sy id wa st gu
17  0 1751052 268644 106744 3916732    0    0     0  7008 17907 117950 11  6 83  1  0  0
48  0 1751052 272840 106752 3916816    0    0     0  7320 17146 114809 12  5 82  1  0  0
33  0 1751052 271592 106760 3916840    0    0     0  6800 18125 117861 11  6 82  1  0  0
 4  0 1751052 284012 106760 3904720    0    0     0  6940 17356 116031 12  6 82  1  0  0
 0  1 1751052 287216 106776 3904400    0    0     0  7140 18107 118251 10  6 83  1  0  0
35  0 1751052 286248 106792 3904732    0    0     0  6868 17295 115609 11  6 82  1  0  0
33  1 1751052 289468 106792 3904820    0    0     0  7168 17470 115897 11  6 83  1  0  0
 0  1 1751052 286704 106808 3905400    0    0     0  7272 17946 117049 11  6 83  1  0  0
52  0 1751052 292740 106808 3902132    0    0     0  6752 18171 118862 12  5 82  1  0  0
42  0 1751052 292836 106808 3902044    0    0     0  6856 17947 118155 11  6 82  1  0  0
40  0 1751052 292444 106808 3902436    0    0     0  6944 17216 115719 11  6 82  1  0  0
 0  1 1751052 293164 106808 3901384    0    0     0  6936 17865 117707 10  6 83  1  0  0
42  0 1751052 295448 106824 3901372    0    0     0  7420 18401 119734 11  6 83  1  0  0
50  0 1751052 293804 106832 3901368    0    0     0  7056 17394 118123 11  5 83  1  0  0
 0  1 1751052 296240 106832 3898240    0    0     0  6848 17761 117413 12  5 82  1  0  0
45  1 1751052 295144 106832 3898452    0    0     0  6992 17719 118525 11  6 82  1  0  0
 5  0 1751052 301740 106832 3898508    0    0     0  6904 17999 117353 11  6 83  1  0  0
48  0 1751052 302004 106840 3898592    0    0     0  7328 18086 117788 11  6 82  1  0  0
 8  1 1751052 301172 106856 3898604    0    0     0  7168 17112 116077 10  6 83  1  0  0
34  0 1751052 301580 106856 3898628    0    0     0  7184 17871 118335 11  6 82  1  0  0
40  0 1751052 302580 106856 3898728    0    0     0  6856 16792 115865 10  7 82  1  0  0
procs -----------memory---------- ---swap-- -----io---- -system-- -------cpu-------
 r  b   swpd   free   buff  cache   si   so    bi    bo   in   cs us sy id wa st gu
24  0 1751052 301676 106856 3898772    0    0     0  6904 17424 117016 12  6 82  1  0  0
14  0 1751052 303180 106864 3899080    0    0     0  6848 17540 116030 11  6 82  1  0  0
36  0 1751052 281124 106872 3898980    0    0     0  6708 16614 112414 11  6 83  1  0  0
44  1 1751052 282344 106872 3898784    0    0     0  7016 17301 116668 12  5 82  1  0  0
42  0 1751052 277204 106872 3899276    0    0     0  6816 17539 116897 11  6 82  1  0  0
 0  1 1751052 277992 106872 3899416    0    0     0  6868 17534 117546 11  6 82  1  0  0
 2  0 1751052 275228 106904 3899424    0    0     0  7488 18250 119906 10  6 83  1  0  0
35  0 1751052 276040 106904 3899428    0    0     0  6960 17829 117578 12  6 82  1  0  0
28  0 1751052 276172 106904 3899460    0    0     0  6984 17744 117310 12  5 82  1  0  0
 8  0 1751052 271184 106904 3899508    0    0     0  6952 18040 119477 11  6 82  1  0  0
44  0 1751052 269376 106920 3899588    0    0     0  6740 17030 111820 10  5 83  1  0  0
 0  1 1751052 264696 106948 3900368    0    0     0  7196 18450 117632 14  6 80  1  0  0
 0  1 1751052 265616 106948 3900496    0    0     0  7136 18084 118555 12  6 82  1  0  0
37  0 1751052 267032 106948 3900560    0    0     0  7056 17358 118854 11  6 83  1  0  0
46  0 1751052 264552 106948 3899688    0    0     0  6896 17702 118088 12  5 82  1  0  0
26  0 1751052 264436 106948 3900720    4    0     4  7096 17547 116793 10  7 83  1  0  0
43  0 1751052 259204 106964 3904340    0    0     0  6996 18031 118166 12  6 82  1  0  0
45  0 1751052 260024 106980 3904368    0    0     0  7276 17770 117753 11  6 82  1  0  0
 0  1 1751052 259996 106980 3904288    0    0     8  6840 17327 117143 11  6 83  1  0  0
36  0 1751052 259984 106980 3904568    0    0     0  6656 17223 115080 13  6 81  1  0  0
15  0 1751052 265512 106980 3901424    0    0     0  6824 17279 114882 11  6 82  1  0  0
procs -----------memory---------- ---swap-- -----io---- -system-- -------cpu-------
 r  b   swpd   free   buff  cache   si   so    bi    bo   in   cs us sy id wa st gu
47  0 1751052 255196 106988 3904780    0    0     0  6860 17848 117885 11  6 82  1  0  0
 2  0 1751052 267776 106996 3904592    0    0     0  7348 18640 118318 11  6 82  1  0  0
22  0 1751052 268392 107068 3905248    0    0     0 13840 17560 115168 12  6 82  1  0  0
26  0 1751052 274968 107068 3902144    0    0     0  7416 18179 119643 11  5 83  1  0  0
42  0 1751052 278368 107068 3902176    0    0     0  7008 18092 119111 11  6 82  1  0  0
40  0 1751052 279576 107076 3902176    0    0     0  7032 18327 120065 11  6 83  1  0  0
45  0 1751052 280052 107076 3901880    0    0     0  7432 16861 115197 11  6 82  1  0  0
20  1 1751052 279956 107084 3902040    0    0     0  7212 17160 116498 11  6 83  1  0  0
34  0 1751052 280484 107084 3902060    0    0     0  7420 17357 116583 12  6 81  1  0  0
28  0 1751052 272700 107084 3902224    0    0     0  7024 17006 116759 11  6 82  1  0  0
39  0 1751052 265908 107092 3902016    0    0     0  5848 14885 91388 10  6 83  0  0  0
 0  1 1751052 265880 107092 3902276    0    0     0  6856 17147 112856 13  6 81  1  0  0
41  0 1751052 262924 107100 3902356    0    0     0  6888 17344 114450 11  6 82  1  0  0
46  0 1751052 263136 107100 3903012    0    0     0  7048 17312 114682 11  6 83  1  0  0
 0  1 1751052 269596 107100 3903072    0    0     0  6696 17582 115510 12  5 82  1  0  0
12  1 1751052 262472 107124 3902664    0    0     0  7368 17903 117026 11  6 83  1  0  0
47  0 1751052 268336 107124 3902508    0    0     0  8464 18654 119935 12  5 82  0  0  0
47  1 1751052 270596 107132 3902804    0    0     0  6748 17670 117227 11  6 82  1  0  0
31  0 1751052 269092 107132 3902856    0    0     0  6832 17393 117289 11  5 83  1  0  0
 0  1 1751052 269284 107148 3902908    0    0     0  7304 17838 116426 11  6 82  1  0  0
18  0 1751052 263448 107164 3902724    0    0     0  7228 17225 115154 12  6 81  1  0  0
procs -----------memory---------- ---swap-- -----io---- -system-- -------cpu-------
 r  b   swpd   free   buff  cache   si   so    bi    bo   in   cs us sy id wa st gu
46  0 1751052 264580 107164 3903052    0    0     0  7136 18029 117615 11  6 83  1  0  0
 0  1 1751052 271400 107172 3903104    0    0     0  7004 17867 118603 11  6 83  1  0  0
20  0 1751052 271132 107172 3903192    0    0     0  7120 17881 116585 11  6 81  1  0  0
 2  1 1751052 269440 107172 3903216    0    0     0  6992 17559 117848 10  7 82  1  0  0
 8  0 1751052 269156 107180 3903284    0    0     0  7352 17292 117824 11  6 83  1  0  0
30  0 1751052 267448 107180 3903120    0    0     0  7520 18034 118698 12  7 81  1  0  0
31  0 1751052 265660 107204 3903076    0    0     0  7128 17283 115794 12  6 82  1  0  0
 0  1 1751052 264304 107204 3903424    0    0     0  6728 17419 116214 11  6 82  1  0  0
41  0 1751052 270080 107220 3903620    0    0     0  7244 18047 118593 12  5 82  1  0  0
26  0 1751052 267092 107236 3903636    0    0     0  7256 17766 116864 11  6 82  1  0  0
13  1 1751052 251880 107236 3903672    0    0     0  6840 17714 116403 11  6 83  1  0  0
 5  0 1751052 254512 107244 3903716    0    0     0  7044 17044 114403 10  6 83  1  0  0
31  0 1751052 258760 107244 3903532    0    0     0  6752 17548 117387 11  6 82  1  0  0
52  0 1751052 258948 107244 3903564    0    0     0  7012 17056 115726 11  5 83  1  0  0
42  0 1751052 256960 107252 3903604    0    0     0  7228 17051 116412 10  7 83  1  0  0
44  0 1751052 260724 107252 3903644    0    0     0  6800 17272 115564 12  5 83  1  0  0
20  0 1751052 255544 107260 3903900    0    0     0  7492 18390 119534 11  6 82  1  0  0
46  0 1751052 251720 107260 3904416    0    0     0  7068 17582 117479 12  6 82  1  0  0
50  0 1751052 250284 107260 3904488    0    0     0  7476 18462 120137 11  6 83  1  0  0
48  1 1751052 248696 107268 3904184    0    0     0  6880 17761 116612 10  8 81  1  0  0
14  0 1751052 253568 107268 3904120    0    0     0  7100 17878 118269 11  5 82  1  0  0
procs -----------memory---------- ---swap-- -----io---- -system-- -------cpu-------
 r  b   swpd   free   buff  cache   si   so    bi    bo   in   cs us sy id wa st gu
39  0 1751052 254448 107292 3904268    0    0     0  7688 18075 118422 12  6 81  1  0  0
47  0 1751052 256456 107292 3904356    0    0     0  6936 17645 117919 10  5 84  1  0  0
40  0 1751052 257780 107292 3904420    0    0     0  6880 17760 119198 11  6 82  1  0  0
53  0 1751052 256044 107300 3904564    0    0     0  7216 17025 114567 10  6 83  1  0  0
18  0 1751052 252468 107300 3904628    0    0     0  6904 17841 118240 13  6 81  1  0  0
 8  1 1751052 253472 107308 3904696    0    0     0  7384 17508 117022 11  6 83  1  0  0
48  0 1751052 256364 107308 3904764    0    0     0  7176 15340 113240 11  5 83  1  0  0
25  0 1751052 255208 107308 3904816    0    0     0  6728 17174 114832 10  6 83  1  0  0
43  1 1751052 257872 107316 3904756    0    0     0  6920 18096 118394 12  6 82  1  0  0
20  0 1751052 256680 107316 3905224    0    0     0  6836 16752 114395 12  6 81  1  0  0
23  0 1751052 251564 107324 3905268    0    0     0  7396 16291 114299 11  6 82  1  0  0
 0  1 1751052 252432 107324 3904792    0    0     0  6872 16823 115435 11  6 82  1  0  0
 0  1 1751052 254720 107324 3905080    0    0     0  6984 18218 117690 12  6 81  1  0  0
28  0 1751052 251268 107340 3908340    0    0     0  7384 17709 117583 11  7 81  1  0  0
36  0 1751052 254680 107356 3908272    0    0     0  7076 18023 119209 11  7 82  1  0  0
52  0 1751052 262724 107364 3908464    0    0     0  6960 17807 117318 11  5 83  1  0  0
35  1 1751052 262168 107364 3905144    0    0     8  7264 17812 118333 12  6 81  1  0  0
27  0 1751052 260480 107364 3908612    0    0     0  7008 17948 117817 11  7 82  1  0  0
37  0 1751052 259456 107364 3909312    0    0     0  6968 18227 119636 11  6 83  1  0  0
30  0 1751052 263812 107372 3909232    0    0     0  7336 17326 116018 11  6 82  1  0  0
35  0 1751052 269616 107380 3905744    0    0     0  7168 18018 118322 11  6 82  1  0  0
procs -----------memory---------- ---swap-- -----io---- -system-- -------cpu-------
 r  b   swpd   free   buff  cache   si   so    bi    bo   in   cs us sy id wa st gu
40  0 1751052 264948 107380 3905756    0    0     0  6968 16611 111309 13  6 80  1  0  0
36  0 1751052 258704 107380 3905872    0    0     0  7064 17778 118441 11  5 83  1  0  0
37  0 1751052 256200 107388 3905880    0    0     0  7008 17691 117537 11  5 84  1  0  0
28  0 1751052 254428 107388 3905976    0    0     0  6760 17719 116544 13  6 80  1  0  0
 0  1 1751052 258252 107396 3906024    0    0     0  7364 17903 117718 11  7 82  1  0  0
30  0 1751052 256996 107412 3906084    0    0     0  6996 17910 116257 11  6 82  1  0  0
 1  0 1751052 257988 107412 3906100    0    0     0  6384 16586 108576 11  6 82  1  0  0
