Linux 6.12.33+kali-amd64 (two94) 	23/11/25 	_x86_64_	(12 CPU)

04:12:48 PM IST       DEV       tps     rkB/s     wkB/s     dkB/s   areq-sz    aqu-sz     await     %util
04:12:49 PM IST   nvme0n1      0.00      0.00      0.00      0.00      0.00      0.00      0.00      0.00
04:12:49 PM IST       sda   2966.00      0.00  20268.00      0.00      6.83      1.50      0.27     79.60

04:12:49 PM IST       DEV       tps     rkB/s     wkB/s     dkB/s   areq-sz    aqu-sz     await     %util
04:12:50 PM IST   nvme0n1      0.00      0.00      0.00      0.00      0.00      0.00      0.00      0.00
04:12:50 PM IST       sda   2967.00     64.00  13988.00      0.00      4.74      1.53      0.28     85.60

04:12:50 PM IST       DEV       tps     rkB/s     wkB/s     dkB/s   areq-sz    aqu-sz     await     %util
04:12:51 PM IST   nvme0n1      0.00      0.00      0.00      0.00      0.00      0.00      0.00      0.00
04:12:51 PM IST       sda   3289.00      0.00  15100.00      0.00      4.59      1.66      0.27     88.00

04:12:51 PM IST       DEV       tps     rkB/s     wkB/s     dkB/s   areq-sz    aqu-sz     await     %util
04:12:52 PM IST   nvme0n1      0.00      0.00      0.00      0.00      0.00      0.00      0.00      0.00
04:12:52 PM IST       sda   3297.00      0.00  16776.00      0.00      5.09      1.68      0.29     82.40

04:12:52 PM IST       DEV       tps     rkB/s     wkB/s     dkB/s   areq-sz    aqu-sz     await     %util
04:12:53 PM IST   nvme0n1      0.00      0.00      0.00      0.00      0.00      0.00      0.00      0.00
04:12:53 PM IST       sda   2886.00      8.00  15480.00      0.00      5.37      1.69      0.32     86.80

04:12:53 PM IST       DEV       tps     rkB/s     wkB/s     dkB/s   areq-sz    aqu-sz     await     %util
04:12:54 PM IST   nvme0n1      0.00      0.00      0.00      0.00      0.00      0.00      0.00      0.00
04:12:54 PM IST       sda   2841.00      4.00  13008.00      0.00      4.58      1.59      0.30     82.80

04:12:54 PM IST       DEV       tps     rkB/s     wkB/s     dkB/s   areq-sz    aqu-sz     await     %util
04:12:55 PM IST   nvme0n1      0.00      0.00      0.00      0.00      0.00      0.00      0.00      0.00
04:12:55 PM IST       sda   3308.00      0.00  15292.00      0.00      4.62      1.67      0.27     86.80

04:12:55 PM IST       DEV       tps     rkB/s     wkB/s     dkB/s   areq-sz    aqu-sz     await     %util
04:12:56 PM IST   nvme0n1      0.00      0.00      0.00      0.00      0.00      0.00      0.00      0.00
04:12:56 PM IST       sda   3349.00      0.00  15296.00      0.00      4.57      1.67      0.26     88.80

04:12:56 PM IST       DEV       tps     rkB/s     wkB/s     dkB/s   areq-sz    aqu-sz     await     %util
04:12:57 PM IST   nvme0n1      0.00      0.00      0.00      0.00      0.00      0.00      0.00      0.00
04:12:57 PM IST       sda   3264.00      0.00  14900.00      0.00      4.56      1.62      0.26     88.80

04:12:57 PM IST       DEV       tps     rkB/s     wkB/s     dkB/s   areq-sz    aqu-sz     await     %util
04:12:58 PM IST   nvme0n1      0.00      0.00      0.00      0.00      0.00      0.00      0.00      0.00
04:12:58 PM IST       sda   3161.00      0.00  14424.00      0.00      4.56      1.63      0.27     90.00

04:12:58 PM IST       DEV       tps     rkB/s     wkB/s     dkB/s   areq-sz    aqu-sz     await     %util
04:12:59 PM IST   nvme0n1      0.00      0.00      0.00      0.00      0.00      0.00      0.00      0.00
04:12:59 PM IST       sda   3215.00      0.00  14712.00      0.00      4.58      1.71      0.28     88.80

04:12:59 PM IST       DEV       tps     rkB/s     wkB/s     dkB/s   areq-sz    aqu-sz     await     %util
04:13:00 PM IST   nvme0n1      0.00      0.00      0.00      0.00      0.00      0.00      0.00      0.00
04:13:00 PM IST       sda   3020.00      0.00  13808.00      0.00      4.57      1.71      0.30     89.60

04:13:00 PM IST       DEV       tps     rkB/s     wkB/s     dkB/s   areq-sz    aqu-sz     await     %util
04:13:01 PM IST   nvme0n1      0.00      0.00      0.00      0.00      0.00      0.00      0.00      0.00
04:13:01 PM IST       sda   3106.00      8.00  14160.00      0.00      4.56      1.66      0.28     87.60

04:13:01 PM IST       DEV       tps     rkB/s     wkB/s     dkB/s   areq-sz    aqu-sz     await     %util
04:13:02 PM IST   nvme0n1      0.00      0.00      0.00      0.00      0.00      0.00      0.00      0.00
04:13:02 PM IST       sda   3244.00    104.00  14820.00      0.00      4.60      1.62      0.27     79.60

04:13:02 PM IST       DEV       tps     rkB/s     wkB/s     dkB/s   areq-sz    aqu-sz     await     %util
04:13:03 PM IST   nvme0n1      0.00      0.00      0.00      0.00      0.00      0.00      0.00      0.00
04:13:03 PM IST       sda   3207.00      0.00  14640.00      0.00      4.57      1.65      0.27     88.00

04:13:03 PM IST       DEV       tps     rkB/s     wkB/s     dkB/s   areq-sz    aqu-sz     await     %util
04:13:04 PM IST   nvme0n1      0.00      0.00      0.00      0.00      0.00      0.00      0.00      0.00
04:13:04 PM IST       sda   3363.00      0.00  15640.00      0.00      4.65      1.69      0.27     88.40

04:13:04 PM IST       DEV       tps     rkB/s     wkB/s     dkB/s   areq-sz    aqu-sz     await     %util
04:13:05 PM IST   nvme0n1      0.00      0.00      0.00      0.00      0.00      0.00      0.00      0.00
04:13:05 PM IST       sda   3170.00      0.00  14496.00      0.00      4.57      1.71      0.28     90.40

04:13:05 PM IST       DEV       tps     rkB/s     wkB/s     dkB/s   areq-sz    aqu-sz     await     %util
04:13:06 PM IST   nvme0n1      0.00      0.00      0.00      0.00      0.00      0.00      0.00      0.00
04:13:06 PM IST       sda   3102.00      0.00  14152.00      0.00      4.56      1.71      0.29     90.40

04:13:06 PM IST       DEV       tps     rkB/s     wkB/s     dkB/s   areq-sz    aqu-sz     await     %util
04:13:07 PM IST   nvme0n1      0.00      0.00      0.00      0.00      0.00      0.00      0.00      0.00
04:13:07 PM IST       sda   3025.00      0.00  13824.00      0.00      4.57      1.72      0.30     89.20

04:13:07 PM IST       DEV       tps     rkB/s     wkB/s     dkB/s   areq-sz    aqu-sz     await     %util
04:13:08 PM IST   nvme0n1      0.00      0.00      0.00      0.00      0.00      0.00      0.00      0.00
04:13:08 PM IST       sda   3294.00      0.00  15052.00      0.00      4.57      1.70      0.27     89.60

04:13:08 PM IST       DEV       tps     rkB/s     wkB/s     dkB/s   areq-sz    aqu-sz     await     %util
04:13:09 PM IST   nvme0n1      0.00      0.00      0.00      0.00      0.00      0.00      0.00      0.00
04:13:09 PM IST       sda   3360.00      0.00  15540.00      0.00      4.62      1.70      0.27     91.20

04:13:09 PM IST       DEV       tps     rkB/s     wkB/s     dkB/s   areq-sz    aqu-sz     await     %util
04:13:10 PM IST   nvme0n1      0.00      0.00      0.00      0.00      0.00      0.00      0.00      0.00
04:13:10 PM IST       sda   3358.00      0.00  15328.00      0.00      4.56      1.68      0.26     90.40

04:13:10 PM IST       DEV       tps     rkB/s     wkB/s     dkB/s   areq-sz    aqu-sz     await     %util
04:13:11 PM IST   nvme0n1      0.00      0.00      0.00      0.00      0.00      0.00      0.00      0.00
04:13:11 PM IST       sda   3291.00      0.00  15032.00      0.00      4.57      1.69      0.27     88.80

04:13:11 PM IST       DEV       tps     rkB/s     wkB/s     dkB/s   areq-sz    aqu-sz     await     %util
04:13:12 PM IST   nvme0n1      0.00      0.00      0.00      0.00      0.00      0.00      0.00      0.00
04:13:12 PM IST       sda   3243.00      4.00  15156.00      0.00      4.67      1.72      0.28     89.60

04:13:12 PM IST       DEV       tps     rkB/s     wkB/s     dkB/s   areq-sz    aqu-sz     await     %util
04:13:13 PM IST   nvme0n1      0.00      0.00      0.00      0.00      0.00      0.00      0.00      0.00
04:13:13 PM IST       sda   3042.00      8.00  13888.00      0.00      4.57      1.73      0.30     88.80

04:13:13 PM IST       DEV       tps     rkB/s     wkB/s     dkB/s   areq-sz    aqu-sz     await     %util
04:13:14 PM IST   nvme0n1      0.00      0.00      0.00      0.00      0.00      0.00      0.00      0.00
04:13:14 PM IST       sda   3282.00      0.00  14988.00      0.00      4.57      1.78      0.29     88.00

04:13:14 PM IST       DEV       tps     rkB/s     wkB/s     dkB/s   areq-sz    aqu-sz     await     %util
04:13:15 PM IST   nvme0n1      0.00      0.00      0.00      0.00      0.00      0.00      0.00      0.00
04:13:15 PM IST       sda   3395.00      0.00  15516.00      0.00      4.57      1.68      0.26     88.00

04:13:15 PM IST       DEV       tps     rkB/s     wkB/s     dkB/s   areq-sz    aqu-sz     await     %util
04:13:16 PM IST   nvme0n1      0.00      0.00      0.00      0.00      0.00      0.00      0.00      0.00
04:13:16 PM IST       sda   3365.00      0.00  15544.00      0.00      4.62      1.69      0.26     87.20

04:13:16 PM IST       DEV       tps     rkB/s     wkB/s     dkB/s   areq-sz    aqu-sz     await     %util
04:13:17 PM IST   nvme0n1      0.00      0.00      0.00      0.00      0.00      0.00      0.00      0.00
04:13:17 PM IST       sda   3377.00      0.00  15616.00      0.00      4.62      1.69      0.26     84.80

04:13:17 PM IST       DEV       tps     rkB/s     wkB/s     dkB/s   areq-sz    aqu-sz     await     %util
04:13:18 PM IST   nvme0n1      0.00      0.00      0.00      0.00      0.00      0.00      0.00      0.00
04:13:18 PM IST       sda   3236.00      0.00  14816.00      0.00      4.58      1.70      0.28     86.80

04:13:18 PM IST       DEV       tps     rkB/s     wkB/s     dkB/s   areq-sz    aqu-sz     await     %util
04:13:19 PM IST   nvme0n1      0.00      0.00      0.00      0.00      0.00      0.00      0.00      0.00
04:13:19 PM IST       sda   3119.00      0.00  14288.00      0.00      4.58      1.72      0.29     89.60

04:13:19 PM IST       DEV       tps     rkB/s     wkB/s     dkB/s   areq-sz    aqu-sz     await     %util
04:13:20 PM IST   nvme0n1      0.00      0.00      0.00      0.00      0.00      0.00      0.00      0.00
04:13:20 PM IST       sda   3124.00      0.00  14380.00      0.00      4.60      1.75      0.30     91.60

04:13:20 PM IST       DEV       tps     rkB/s     wkB/s     dkB/s   areq-sz    aqu-sz     await     %util
04:13:21 PM IST   nvme0n1      0.00      0.00      0.00      0.00      0.00      0.00      0.00      0.00
04:13:21 PM IST       sda   3372.00      0.00  15412.00      0.00      4.57      1.70      0.27     88.80

04:13:21 PM IST       DEV       tps     rkB/s     wkB/s     dkB/s   areq-sz    aqu-sz     await     %util
04:13:22 PM IST   nvme0n1      0.00      0.00      0.00      0.00      0.00      0.00      0.00      0.00
04:13:22 PM IST       sda   3352.00      0.00  15368.00      0.00      4.58      1.69      0.27     89.60

04:13:22 PM IST       DEV       tps     rkB/s     wkB/s     dkB/s   areq-sz    aqu-sz     await     %util
04:13:23 PM IST   nvme0n1      0.00      0.00      0.00      0.00      0.00      0.00      0.00      0.00
04:13:23 PM IST       sda   3433.00      0.00  15768.00      0.00      4.59      1.70      0.26     89.20

04:13:23 PM IST       DEV       tps     rkB/s     wkB/s     dkB/s   areq-sz    aqu-sz     await     %util
04:13:24 PM IST   nvme0n1      0.00      0.00      0.00      0.00      0.00      0.00      0.00      0.00
04:13:24 PM IST       sda   3266.00      0.00  14948.00      0.00      4.58      1.69      0.27     89.60

04:13:24 PM IST       DEV       tps     rkB/s     wkB/s     dkB/s   areq-sz    aqu-sz     await     %util
04:13:25 PM IST   nvme0n1      0.00      0.00      0.00      0.00      0.00      0.00      0.00      0.00
04:13:25 PM IST       sda   3191.00      0.00  14544.00      0.00      4.56      1.70      0.28     88.80

04:13:25 PM IST       DEV       tps     rkB/s     wkB/s     dkB/s   areq-sz    aqu-sz     await     %util
04:13:26 PM IST   nvme0n1      0.00      0.00      0.00      0.00      0.00      0.00      0.00      0.00
04:13:26 PM IST       sda   2925.00      0.00  13344.00      0.00      4.56      1.66      0.30     85.20

04:13:26 PM IST       DEV       tps     rkB/s     wkB/s     dkB/s   areq-sz    aqu-sz     await     %util
04:13:27 PM IST   nvme0n1      0.00      0.00      0.00      0.00      0.00      0.00      0.00      0.00
04:13:27 PM IST       sda   3146.00      0.00  14344.00      0.00      4.56      1.70      0.28     84.80

04:13:27 PM IST       DEV       tps     rkB/s     wkB/s     dkB/s   areq-sz    aqu-sz     await     %util
04:13:28 PM IST   nvme0n1      0.00      0.00      0.00      0.00      0.00      0.00      0.00      0.00
04:13:28 PM IST       sda   3393.00      0.00  15516.00      0.00      4.57      1.69      0.26     88.00

04:13:28 PM IST       DEV       tps     rkB/s     wkB/s     dkB/s   areq-sz    aqu-sz     await     %util
04:13:29 PM IST   nvme0n1      0.00      0.00      0.00      0.00      0.00      0.00      0.00      0.00
04:13:29 PM IST       sda   3338.00      0.00  15588.00      0.00      4.67      1.70      0.27     88.40

04:13:29 PM IST       DEV       tps     rkB/s     wkB/s     dkB/s   areq-sz    aqu-sz     await     %util
04:13:30 PM IST   nvme0n1      0.00      0.00      0.00      0.00      0.00      0.00      0.00      0.00
04:13:30 PM IST       sda   3357.00      0.00  15524.00      0.00      4.62      1.69      0.27     88.00

04:13:30 PM IST       DEV       tps     rkB/s     wkB/s     dkB/s   areq-sz    aqu-sz     await     %util
04:13:31 PM IST   nvme0n1      0.00      0.00      0.00      0.00      0.00      0.00      0.00      0.00
04:13:31 PM IST       sda   3200.00      0.00  14624.00      0.00      4.57      1.70      0.28     92.00

04:13:31 PM IST       DEV       tps     rkB/s     wkB/s     dkB/s   areq-sz    aqu-sz     await     %util
04:13:32 PM IST   nvme0n1      0.00      0.00      0.00      0.00      0.00      0.00      0.00      0.00
04:13:32 PM IST       sda   3117.00      0.00  14316.00      0.00      4.59      1.73      0.29     90.00

04:13:32 PM IST       DEV       tps     rkB/s     wkB/s     dkB/s   areq-sz    aqu-sz     await     %util
04:13:33 PM IST   nvme0n1      0.00      0.00      0.00      0.00      0.00      0.00      0.00      0.00
04:13:33 PM IST       sda   3085.00      0.00  14084.00      0.00      4.57      1.74      0.30     88.40

04:13:33 PM IST       DEV       tps     rkB/s     wkB/s     dkB/s   areq-sz    aqu-sz     await     %util
04:13:34 PM IST   nvme0n1      0.00      0.00      0.00      0.00      0.00      0.00      0.00      0.00
04:13:34 PM IST       sda   3329.00      0.00  15252.00      0.00      4.58      1.69      0.27     85.20

04:13:34 PM IST       DEV       tps     rkB/s     wkB/s     dkB/s   areq-sz    aqu-sz     await     %util
04:13:35 PM IST   nvme0n1      0.00      0.00      0.00      0.00      0.00      0.00      0.00      0.00
04:13:35 PM IST       sda   3389.00      0.00  15472.00      0.00      4.57      1.70      0.26     84.40

04:13:35 PM IST       DEV       tps     rkB/s     wkB/s     dkB/s   areq-sz    aqu-sz     await     %util
04:13:36 PM IST   nvme0n1      0.00      0.00      0.00      0.00      0.00      0.00      0.00      0.00
04:13:36 PM IST       sda   3395.00      0.00  15480.00      0.00      4.56      1.68      0.26     91.60

04:13:36 PM IST       DEV       tps     rkB/s     wkB/s     dkB/s   areq-sz    aqu-sz     await     %util
04:13:37 PM IST   nvme0n1      0.00      0.00      0.00      0.00      0.00      0.00      0.00      0.00
04:13:37 PM IST       sda   3298.00      0.00  15056.00      0.00      4.57      1.69      0.27     90.00

04:13:37 PM IST       DEV       tps     rkB/s     wkB/s     dkB/s   areq-sz    aqu-sz     await     %util
04:13:38 PM IST   nvme0n1      0.00      0.00      0.00      0.00      0.00      0.00      0.00      0.00
04:13:38 PM IST       sda   3197.00      0.00  14644.00      0.00      4.58      1.71      0.28     88.00

04:13:38 PM IST       DEV       tps     rkB/s     wkB/s     dkB/s   areq-sz    aqu-sz     await     %util
04:13:39 PM IST   nvme0n1      0.00      0.00      0.00      0.00      0.00      0.00      0.00      0.00
04:13:39 PM IST       sda   3049.00      0.00  13964.00      0.00      4.58      1.73      0.30     88.80

04:13:39 PM IST       DEV       tps     rkB/s     wkB/s     dkB/s   areq-sz    aqu-sz     await     %util
04:13:40 PM IST   nvme0n1      0.00      0.00      0.00      0.00      0.00      0.00      0.00      0.00
04:13:40 PM IST       sda   3183.00      0.00  14792.00      0.00      4.65      1.70      0.28     86.00

04:13:40 PM IST       DEV       tps     rkB/s     wkB/s     dkB/s   areq-sz    aqu-sz     await     %util
04:13:41 PM IST   nvme0n1      0.00      0.00      0.00      0.00      0.00      0.00      0.00      0.00
04:13:41 PM IST       sda   3424.00      0.00  15648.00      0.00      4.57      1.69      0.26     88.80

04:13:41 PM IST       DEV       tps     rkB/s     wkB/s     dkB/s   areq-sz    aqu-sz     await     %util
04:13:42 PM IST   nvme0n1      0.00      0.00      0.00      0.00      0.00      0.00      0.00      0.00
04:13:42 PM IST       sda   3338.00      0.00  15240.00      0.00      4.57      1.68      0.27     89.60

04:13:42 PM IST       DEV       tps     rkB/s     wkB/s     dkB/s   areq-sz    aqu-sz     await     %util
04:13:43 PM IST   nvme0n1      0.00      0.00      0.00      0.00      0.00      0.00      0.00      0.00
04:13:43 PM IST       sda   3361.00      0.00  15396.00      0.00      4.58      1.69      0.27     91.20

04:13:43 PM IST       DEV       tps     rkB/s     wkB/s     dkB/s   areq-sz    aqu-sz     await     %util
04:13:44 PM IST   nvme0n1      0.00      0.00      0.00      0.00      0.00      0.00      0.00      0.00
04:13:44 PM IST       sda   3330.00      0.00  15312.00      0.00      4.60      1.71      0.27     90.00

04:13:44 PM IST       DEV       tps     rkB/s     wkB/s     dkB/s   areq-sz    aqu-sz     await     %util
04:13:45 PM IST   nvme0n1      0.00      0.00      0.00      0.00      0.00      0.00      0.00      0.00
04:13:45 PM IST       sda   3052.00      0.00  13944.00      0.00      4.57      1.72      0.30     90.80

04:13:45 PM IST       DEV       tps     rkB/s     wkB/s     dkB/s   areq-sz    aqu-sz     await     %util
04:13:46 PM IST   nvme0n1      0.00      0.00      0.00      0.00      0.00      0.00      0.00      0.00
04:13:46 PM IST       sda   3058.00      0.00  13976.00      0.00      4.57      1.71      0.29     94.40

04:13:46 PM IST       DEV       tps     rkB/s     wkB/s     dkB/s   areq-sz    aqu-sz     await     %util
04:13:47 PM IST   nvme0n1      0.00      0.00      0.00      0.00      0.00      0.00      0.00      0.00
04:13:47 PM IST       sda   3364.00      0.00  15368.00      0.00      4.57      1.69      0.26     88.40

04:13:47 PM IST       DEV       tps     rkB/s     wkB/s     dkB/s   areq-sz    aqu-sz     await     %util
04:13:48 PM IST   nvme0n1      0.00      0.00      0.00      0.00      0.00      0.00      0.00      0.00
04:13:48 PM IST       sda   3373.00      0.00  15464.00      0.00      4.58      1.69      0.26     89.20

04:13:48 PM IST       DEV       tps     rkB/s     wkB/s     dkB/s   areq-sz    aqu-sz     await     %util
04:13:49 PM IST   nvme0n1      0.00      0.00      0.00      0.00      0.00      0.00      0.00      0.00
04:13:49 PM IST       sda   3276.00      0.00  15056.00      0.00      4.60      1.62      0.26     89.20

04:13:49 PM IST       DEV       tps     rkB/s     wkB/s     dkB/s   areq-sz    aqu-sz     await     %util
04:13:50 PM IST   nvme0n1      0.00      0.00      0.00      0.00      0.00      0.00      0.00      0.00
04:13:50 PM IST       sda   3272.00      0.00  15180.00      0.00      4.64      1.70      0.27     86.00

04:13:50 PM IST       DEV       tps     rkB/s     wkB/s     dkB/s   areq-sz    aqu-sz     await     %util
04:13:51 PM IST   nvme0n1      0.00      0.00      0.00      0.00      0.00      0.00      0.00      0.00
04:13:51 PM IST       sda   3199.00      0.00  14632.00      0.00      4.57      1.71      0.28     89.60

04:13:51 PM IST       DEV       tps     rkB/s     wkB/s     dkB/s   areq-sz    aqu-sz     await     %util
04:13:52 PM IST   nvme0n1      0.00      0.00      0.00      0.00      0.00      0.00      0.00      0.00
04:13:52 PM IST       sda   3063.00      0.00  13968.00      0.00      4.56      1.73      0.30     91.20

04:13:52 PM IST       DEV       tps     rkB/s     wkB/s     dkB/s   areq-sz    aqu-sz     await     %util
04:13:53 PM IST   nvme0n1      0.00      0.00      0.00      0.00      0.00      0.00      0.00      0.00
04:13:53 PM IST       sda   3219.00      0.00  14856.00      0.00      4.62      1.71      0.28     92.00

04:13:53 PM IST       DEV       tps     rkB/s     wkB/s     dkB/s   areq-sz    aqu-sz     await     %util
04:13:54 PM IST   nvme0n1      0.00      0.00      0.00      0.00      0.00      0.00      0.00      0.00
04:13:54 PM IST       sda   3457.00      0.00  15832.00      0.00      4.58      1.69      0.26     84.80

04:13:54 PM IST       DEV       tps     rkB/s     wkB/s     dkB/s   areq-sz    aqu-sz     await     %util
04:13:55 PM IST   nvme0n1      0.00      0.00      0.00      0.00      0.00      0.00      0.00      0.00
04:13:55 PM IST       sda   3329.00      0.00  15460.00      0.00      4.64      1.69      0.27     88.40

04:13:55 PM IST       DEV       tps     rkB/s     wkB/s     dkB/s   areq-sz    aqu-sz     await     %util
04:13:56 PM IST   nvme0n1      0.00      0.00      0.00      0.00      0.00      0.00      0.00      0.00
04:13:56 PM IST       sda   3349.00      0.00  15416.00      0.00      4.60      1.69      0.27     87.20

04:13:56 PM IST       DEV       tps     rkB/s     wkB/s     dkB/s   areq-sz    aqu-sz     await     %util
04:13:57 PM IST   nvme0n1      0.00      0.00      0.00      0.00      0.00      0.00      0.00      0.00
04:13:57 PM IST       sda   3265.00      0.00  15004.00      0.00      4.60      1.70      0.27     89.60

04:13:57 PM IST       DEV       tps     rkB/s     wkB/s     dkB/s   areq-sz    aqu-sz     await     %util
04:13:58 PM IST   nvme0n1      0.00      0.00      0.00      0.00      0.00      0.00      0.00      0.00
04:13:58 PM IST       sda   3056.00      0.00  22452.00      0.00      7.35      1.81      0.33     89.20

04:13:58 PM IST       DEV       tps     rkB/s     wkB/s     dkB/s   areq-sz    aqu-sz     await     %util
04:13:59 PM IST   nvme0n1      0.00      0.00      0.00      0.00      0.00      0.00      0.00      0.00
04:13:59 PM IST       sda   3189.00      0.00  14624.00      0.00      4.59      1.71      0.28     91.20

04:13:59 PM IST       DEV       tps     rkB/s     wkB/s     dkB/s   areq-sz    aqu-sz     await     %util
04:14:00 PM IST   nvme0n1      0.00      0.00      0.00      0.00      0.00      0.00      0.00      0.00
04:14:00 PM IST       sda   3428.00      0.00  15656.00      0.00      4.57      1.69      0.26     84.40

04:14:00 PM IST       DEV       tps     rkB/s     wkB/s     dkB/s   areq-sz    aqu-sz     await     %util
04:14:01 PM IST   nvme0n1      0.00      0.00      0.00      0.00      0.00      0.00      0.00      0.00
04:14:01 PM IST       sda   3394.00      0.00  15484.00      0.00      4.56      1.69      0.26     85.60

04:14:01 PM IST       DEV       tps     rkB/s     wkB/s     dkB/s   areq-sz    aqu-sz     await     %util
04:14:02 PM IST   nvme0n1      0.00      0.00      0.00      0.00      0.00      0.00      0.00      0.00
04:14:02 PM IST       sda   3388.00      8.00  15488.00      0.00      4.57      1.68      0.26     90.40

04:14:02 PM IST       DEV       tps     rkB/s     wkB/s     dkB/s   areq-sz    aqu-sz     await     %util
04:14:03 PM IST   nvme0n1      0.00      0.00      0.00      0.00      0.00      0.00      0.00      0.00
04:14:03 PM IST       sda   3276.00      0.00  19116.00      0.00      5.84      1.75      0.29     91.20

04:14:03 PM IST       DEV       tps     rkB/s     wkB/s     dkB/s   areq-sz    aqu-sz     await     %util
04:14:04 PM IST   nvme0n1      0.00      0.00      0.00      0.00      0.00      0.00      0.00      0.00
04:14:04 PM IST       sda   3062.00      0.00  14008.00      0.00      4.57      1.73      0.30     88.80

04:14:04 PM IST       DEV       tps     rkB/s     wkB/s     dkB/s   areq-sz    aqu-sz     await     %util
04:14:05 PM IST   nvme0n1      0.00      0.00      0.00      0.00      0.00      0.00      0.00      0.00
04:14:05 PM IST       sda   3089.00      0.00  14368.00      0.00      4.65      1.71      0.29     92.40

04:14:05 PM IST       DEV       tps     rkB/s     wkB/s     dkB/s   areq-sz    aqu-sz     await     %util
04:14:06 PM IST   nvme0n1      0.00      0.00      0.00      0.00      0.00      0.00      0.00      0.00
04:14:06 PM IST       sda   3357.00      0.00  15332.00      0.00      4.57      1.68      0.26     91.60

04:14:06 PM IST       DEV       tps     rkB/s     wkB/s     dkB/s   areq-sz    aqu-sz     await     %util
04:14:07 PM IST   nvme0n1      0.00      0.00      0.00      0.00      0.00      0.00      0.00      0.00
04:14:07 PM IST       sda   3354.00      0.00  15320.00      0.00      4.57      1.68      0.26     88.80

04:14:07 PM IST       DEV       tps     rkB/s     wkB/s     dkB/s   areq-sz    aqu-sz     await     %util
04:14:08 PM IST   nvme0n1      0.00      0.00      0.00      0.00      0.00      0.00      0.00      0.00
04:14:08 PM IST       sda   3416.00      0.00  15612.00      0.00      4.57      1.70      0.26     86.00

04:14:08 PM IST       DEV       tps     rkB/s     wkB/s     dkB/s   areq-sz    aqu-sz     await     %util
04:14:09 PM IST   nvme0n1      0.00      0.00      0.00      0.00      0.00      0.00      0.00      0.00
04:14:09 PM IST       sda   3241.00      0.00  14848.00      0.00      4.58      1.70      0.28     90.40

04:14:09 PM IST       DEV       tps     rkB/s     wkB/s     dkB/s   areq-sz    aqu-sz     await     %util
04:14:10 PM IST   nvme0n1      0.00      0.00      0.00      0.00      0.00      0.00      0.00      0.00
04:14:10 PM IST       sda   3177.00      0.00  14872.00      0.00      4.68      1.72      0.29     90.40

04:14:10 PM IST       DEV       tps     rkB/s     wkB/s     dkB/s   areq-sz    aqu-sz     await     %util
04:14:11 PM IST   nvme0n1      0.00      0.00      0.00      0.00      0.00      0.00      0.00      0.00
04:14:11 PM IST       sda   3024.00      0.00  13816.00      0.00      4.57      1.71      0.30     92.00

04:14:11 PM IST       DEV       tps     rkB/s     wkB/s     dkB/s   areq-sz    aqu-sz     await     %util
04:14:12 PM IST   nvme0n1      0.00      0.00      0.00      0.00      0.00      0.00      0.00      0.00
04:14:12 PM IST       sda   3257.00      0.00  14880.00      0.00      4.57      1.69      0.27     90.40

04:14:12 PM IST       DEV       tps     rkB/s     wkB/s     dkB/s   areq-sz    aqu-sz     await     %util
04:14:13 PM IST   nvme0n1      0.00      0.00      0.00      0.00      0.00      0.00      0.00      0.00
04:14:13 PM IST       sda   3377.00      0.00  19524.00      0.00      5.78      1.72      0.27     88.80

04:14:13 PM IST       DEV       tps     rkB/s     wkB/s     dkB/s   areq-sz    aqu-sz     await     %util
04:14:14 PM IST   nvme0n1      0.00      0.00      0.00      0.00      0.00      0.00      0.00      0.00
04:14:14 PM IST       sda   3402.00      0.00  15600.00      0.00      4.59      1.68      0.26     86.40

04:14:14 PM IST       DEV       tps     rkB/s     wkB/s     dkB/s   areq-sz    aqu-sz     await     %util
04:14:15 PM IST   nvme0n1      0.00      0.00      0.00      0.00      0.00      0.00      0.00      0.00
04:14:15 PM IST       sda   3438.00      0.00  15716.00      0.00      4.57      1.72      0.27     86.80

04:14:15 PM IST       DEV       tps     rkB/s     wkB/s     dkB/s   areq-sz    aqu-sz     await     %util
04:14:16 PM IST   nvme0n1      0.00      0.00      0.00      0.00      0.00      0.00      0.00      0.00
04:14:16 PM IST       sda   3259.00      0.00  14964.00      0.00      4.59      1.71      0.28     89.20

04:14:16 PM IST       DEV       tps     rkB/s     wkB/s     dkB/s   areq-sz    aqu-sz     await     %util
04:14:17 PM IST   nvme0n1      0.00      0.00      0.00      0.00      0.00      0.00      0.00      0.00
04:14:17 PM IST       sda   3018.00      0.00  13784.00      0.00      4.57      1.72      0.30     91.20

04:14:17 PM IST       DEV       tps     rkB/s     wkB/s     dkB/s   areq-sz    aqu-sz     await     %util
04:14:18 PM IST   nvme0n1      0.00      0.00      0.00      0.00      0.00      0.00      0.00      0.00
04:14:18 PM IST       sda   3157.00      0.00  15664.00      0.00      4.96      1.71      0.29     84.40

04:14:18 PM IST       DEV       tps     rkB/s     wkB/s     dkB/s   areq-sz    aqu-sz     await     %util
04:14:19 PM IST   nvme0n1      0.00      0.00      0.00      0.00      0.00      0.00      0.00      0.00
04:14:19 PM IST       sda   3360.00      0.00  15388.00      0.00      4.58      1.69      0.26     84.80

04:14:19 PM IST       DEV       tps     rkB/s     wkB/s     dkB/s   areq-sz    aqu-sz     await     %util
04:14:20 PM IST   nvme0n1      0.00      0.00      0.00      0.00      0.00      0.00      0.00      0.00
04:14:20 PM IST       sda   3318.00      0.00  15156.00      0.00      4.57      1.69      0.27     88.00

04:14:20 PM IST       DEV       tps     rkB/s     wkB/s     dkB/s   areq-sz    aqu-sz     await     %util
04:14:21 PM IST   nvme0n1      0.00      0.00      0.00      0.00      0.00      0.00      0.00      0.00
04:14:21 PM IST       sda   3332.00      0.00  15512.00      0.00      4.66      1.68      0.27     90.00

04:14:21 PM IST       DEV       tps     rkB/s     wkB/s     dkB/s   areq-sz    aqu-sz     await     %util
04:14:22 PM IST   nvme0n1      0.00      0.00      0.00      0.00      0.00      0.00      0.00      0.00
04:14:22 PM IST       sda   3184.00      0.00  14528.00      0.00      4.56      1.70      0.28     89.20

04:14:22 PM IST       DEV       tps     rkB/s     wkB/s     dkB/s   areq-sz    aqu-sz     await     %util
04:14:23 PM IST   nvme0n1      0.00      0.00      0.00      0.00      0.00      0.00      0.00      0.00
04:14:23 PM IST       sda   3106.00      0.00  14276.00      0.00      4.60      1.72      0.29     90.00

04:14:23 PM IST       DEV       tps     rkB/s     wkB/s     dkB/s   areq-sz    aqu-sz     await     %util
04:14:24 PM IST   nvme0n1      0.00      0.00      0.00      0.00      0.00      0.00      0.00      0.00
04:14:24 PM IST       sda   3028.00      0.00  13980.00      0.00      4.62      1.72      0.30     89.60

04:14:24 PM IST       DEV       tps     rkB/s     wkB/s     dkB/s   areq-sz    aqu-sz     await     %util
04:14:25 PM IST   nvme0n1      0.00      0.00      0.00      0.00      0.00      0.00      0.00      0.00
04:14:25 PM IST       sda   3301.00      0.00  15076.00      0.00      4.57      1.69      0.27     87.20

04:14:25 PM IST       DEV       tps     rkB/s     wkB/s     dkB/s   areq-sz    aqu-sz     await     %util
04:14:26 PM IST   nvme0n1      0.00      0.00      0.00      0.00      0.00      0.00      0.00      0.00
04:14:26 PM IST       sda   3239.00      8.00  14756.00      0.00      4.56      1.61      0.27     76.80

04:14:26 PM IST       DEV       tps     rkB/s     wkB/s     dkB/s   areq-sz    aqu-sz     await     %util
04:14:27 PM IST   nvme0n1      0.00      0.00      0.00      0.00      0.00      0.00      0.00      0.00
04:14:27 PM IST       sda   3378.00      0.00  15440.00      0.00      4.57      1.69      0.26     87.20

04:14:27 PM IST       DEV       tps     rkB/s     wkB/s     dkB/s   areq-sz    aqu-sz     await     %util
04:14:28 PM IST   nvme0n1      0.00      0.00      0.00      0.00      0.00      0.00      0.00      0.00
04:14:28 PM IST       sda   3311.00      0.00  15128.00      0.00      4.57      1.69      0.27     88.40

04:14:28 PM IST       DEV       tps     rkB/s     wkB/s     dkB/s   areq-sz    aqu-sz     await     %util
04:14:29 PM IST   nvme0n1      0.00      0.00      0.00      0.00      0.00      0.00      0.00      0.00
04:14:29 PM IST       sda   3230.00      0.00  14816.00      0.00      4.59      1.70      0.28     92.80

04:14:29 PM IST       DEV       tps     rkB/s     wkB/s     dkB/s   areq-sz    aqu-sz     await     %util
04:14:30 PM IST   nvme0n1      0.00      0.00      0.00      0.00      0.00      0.00      0.00      0.00
04:14:30 PM IST       sda   3049.00      0.00  13916.00      0.00      4.56      1.72      0.30     92.00

04:14:30 PM IST       DEV       tps     rkB/s     wkB/s     dkB/s   areq-sz    aqu-sz     await     %util
04:14:31 PM IST   nvme0n1      0.00      0.00      0.00      0.00      0.00      0.00      0.00      0.00
04:14:31 PM IST       sda   3173.00      0.00  14752.00      0.00      4.65      1.71      0.28     92.40

04:14:31 PM IST       DEV       tps     rkB/s     wkB/s     dkB/s   areq-sz    aqu-sz     await     %util
04:14:32 PM IST   nvme0n1      0.00      0.00      0.00      0.00      0.00      0.00      0.00      0.00
04:14:32 PM IST       sda   3394.00      0.00  15504.00      0.00      4.57      1.68      0.26     90.40

04:14:32 PM IST       DEV       tps     rkB/s     wkB/s     dkB/s   areq-sz    aqu-sz     await     %util
04:14:33 PM IST   nvme0n1      0.00      0.00      0.00      0.00      0.00      0.00      0.00      0.00
04:14:33 PM IST       sda   3365.00      0.00  15384.00      0.00      4.57      1.70      0.27     90.00

04:14:33 PM IST       DEV       tps     rkB/s     wkB/s     dkB/s   areq-sz    aqu-sz     await     %util
04:14:34 PM IST   nvme0n1      0.00      0.00      0.00      0.00      0.00      0.00      0.00      0.00
04:14:34 PM IST       sda   3390.00      0.00  15696.00      0.00      4.63      1.69      0.27     86.40

04:14:34 PM IST       DEV       tps     rkB/s     wkB/s     dkB/s   areq-sz    aqu-sz     await     %util
04:14:35 PM IST   nvme0n1      0.00      0.00      0.00      0.00      0.00      0.00      0.00      0.00
04:14:35 PM IST       sda   3219.00      0.00  14692.00      0.00      4.56      1.71      0.28     91.60

04:14:35 PM IST       DEV       tps     rkB/s     wkB/s     dkB/s   areq-sz    aqu-sz     await     %util
04:14:36 PM IST   nvme0n1      0.00      0.00      0.00      0.00      0.00      0.00      0.00      0.00
04:14:36 PM IST       sda   3114.00      0.00  14584.00      0.00      4.68      1.72      0.29     90.00

04:14:36 PM IST       DEV       tps     rkB/s     wkB/s     dkB/s   areq-sz    aqu-sz     await     %util
04:14:37 PM IST   nvme0n1      0.00      0.00      0.00      0.00      0.00      0.00      0.00      0.00
04:14:37 PM IST       sda   3040.00      0.00  13996.00      0.00      4.60      1.72      0.30     86.00

04:14:37 PM IST       DEV       tps     rkB/s     wkB/s     dkB/s   areq-sz    aqu-sz     await     %util
04:14:38 PM IST   nvme0n1      0.00      0.00      0.00      0.00      0.00      0.00      0.00      0.00
04:14:38 PM IST       sda   3322.00      0.00  15176.00      0.00      4.57      1.70      0.27     83.60

04:14:38 PM IST       DEV       tps     rkB/s     wkB/s     dkB/s   areq-sz    aqu-sz     await     %util
04:14:39 PM IST   nvme0n1      0.00      0.00      0.00      0.00      0.00      0.00      0.00      0.00
04:14:39 PM IST       sda   3301.00      0.00  15132.00      0.00      4.58      1.69      0.27     92.00

04:14:39 PM IST       DEV       tps     rkB/s     wkB/s     dkB/s   areq-sz    aqu-sz     await     %util
04:14:40 PM IST   nvme0n1      0.00      0.00      0.00      0.00      0.00      0.00      0.00      0.00
04:14:40 PM IST       sda   3392.00      0.00  15508.00      0.00      4.57      1.69      0.27     87.60

04:14:40 PM IST       DEV       tps     rkB/s     wkB/s     dkB/s   areq-sz    aqu-sz     await     %util
04:14:41 PM IST   nvme0n1      0.00      0.00      0.00      0.00      0.00      0.00      0.00      0.00
04:14:41 PM IST       sda   3257.00      0.00  14892.00      0.00      4.57      1.69      0.27     90.00

04:14:41 PM IST       DEV       tps     rkB/s     wkB/s     dkB/s   areq-sz    aqu-sz     await     %util
04:14:42 PM IST   nvme0n1      0.00      0.00      0.00      0.00      0.00      0.00      0.00      0.00
04:14:42 PM IST       sda   3174.00      0.00  14504.00      0.00      4.57      1.71      0.28     90.00

04:14:42 PM IST       DEV       tps     rkB/s     wkB/s     dkB/s   areq-sz    aqu-sz     await     %util
04:14:43 PM IST   nvme0n1      0.00      0.00      0.00      0.00      0.00      0.00      0.00      0.00
04:14:43 PM IST       sda   3034.00      0.00  13856.00      0.00      4.57      1.73      0.30     92.00

04:14:43 PM IST       DEV       tps     rkB/s     wkB/s     dkB/s   areq-sz    aqu-sz     await     %util
04:14:44 PM IST   nvme0n1      0.00      0.00      0.00      0.00      0.00      0.00      0.00      0.00
04:14:44 PM IST       sda   3156.00      0.00  14452.00      0.00      4.58      1.71      0.29     91.20

04:14:44 PM IST       DEV       tps     rkB/s     wkB/s     dkB/s   areq-sz    aqu-sz     await     %util
04:14:45 PM IST   nvme0n1      0.00      0.00      0.00      0.00      0.00      0.00      0.00      0.00
04:14:45 PM IST       sda   3427.00      0.00  15656.00      0.00      4.57      1.69      0.26     87.20

04:14:45 PM IST       DEV       tps     rkB/s     wkB/s     dkB/s   areq-sz    aqu-sz     await     %util
04:14:46 PM IST   nvme0n1      0.00      0.00      0.00      0.00      0.00      0.00      0.00      0.00
04:14:46 PM IST       sda   3446.00      0.00  15992.00      0.00      4.64      1.70      0.27     84.00

04:14:46 PM IST       DEV       tps     rkB/s     wkB/s     dkB/s   areq-sz    aqu-sz     await     %util
04:14:47 PM IST   nvme0n1      0.00      0.00      0.00      0.00      0.00      0.00      0.00      0.00
04:14:47 PM IST       sda   3356.00      0.00  15372.00      0.00      4.58      1.67      0.26     90.40

04:14:47 PM IST       DEV       tps     rkB/s     wkB/s     dkB/s   areq-sz    aqu-sz     await     %util
04:14:48 PM IST   nvme0n1      0.00      0.00      0.00      0.00      0.00      0.00      0.00      0.00
04:14:48 PM IST       sda   3241.00      0.00  14808.00      0.00      4.57      1.72      0.28     91.20

04:14:48 PM IST       DEV       tps     rkB/s     wkB/s     dkB/s   areq-sz    aqu-sz     await     %util
04:14:49 PM IST   nvme0n1      0.00      0.00      0.00      0.00      0.00      0.00      0.00      0.00
04:14:49 PM IST       sda   2990.00      0.00  13712.00      0.00      4.59      1.65      0.29     87.20

04:14:49 PM IST       DEV       tps     rkB/s     wkB/s     dkB/s   areq-sz    aqu-sz     await     %util
04:14:50 PM IST   nvme0n1      0.00      0.00      0.00      0.00      0.00      0.00      0.00      0.00
04:14:50 PM IST       sda   3074.00      0.00  14144.00      0.00      4.60      1.73      0.30     88.80

04:14:50 PM IST       DEV       tps     rkB/s     wkB/s     dkB/s   areq-sz    aqu-sz     await     %util
04:14:51 PM IST   nvme0n1      0.00      0.00      0.00      0.00      0.00      0.00      0.00      0.00
04:14:51 PM IST       sda   3330.00      0.00  15520.00      0.00      4.66      1.69      0.27     91.20

04:14:51 PM IST       DEV       tps     rkB/s     wkB/s     dkB/s   areq-sz    aqu-sz     await     %util
04:14:52 PM IST   nvme0n1      0.00      0.00      0.00      0.00      0.00      0.00      0.00      0.00
04:14:52 PM IST       sda   3347.00      0.00  15276.00      0.00      4.56      1.70      0.27     92.00

04:14:52 PM IST       DEV       tps     rkB/s     wkB/s     dkB/s   areq-sz    aqu-sz     await     %util
04:14:53 PM IST   nvme0n1      0.00      0.00      0.00      0.00      0.00      0.00      0.00      0.00
04:14:53 PM IST       sda   3373.00      0.00  15400.00      0.00      4.57      1.68      0.26     87.60

04:14:53 PM IST       DEV       tps     rkB/s     wkB/s     dkB/s   areq-sz    aqu-sz     await     %util
04:14:54 PM IST   nvme0n1      0.00      0.00      0.00      0.00      0.00      0.00      0.00      0.00
04:14:54 PM IST       sda   3281.00      0.00  15032.00      0.00      4.58      1.69      0.27     87.20

04:14:54 PM IST       DEV       tps     rkB/s     wkB/s     dkB/s   areq-sz    aqu-sz     await     %util
04:14:55 PM IST   nvme0n1      0.00      0.00      0.00      0.00      0.00      0.00      0.00      0.00
04:14:55 PM IST       sda   3185.00      0.00  14588.00      0.00      4.58      1.70      0.28     90.00

04:14:55 PM IST       DEV       tps     rkB/s     wkB/s     dkB/s   areq-sz    aqu-sz     await     %util
04:14:56 PM IST   nvme0n1      0.00      0.00      0.00      0.00      0.00      0.00      0.00      0.00
04:14:56 PM IST       sda   3016.83      0.00  13897.03      0.00      4.61      1.71      0.30     90.30

04:14:56 PM IST       DEV       tps     rkB/s     wkB/s     dkB/s   areq-sz    aqu-sz     await     %util
04:14:57 PM IST   nvme0n1      0.00      0.00      0.00      0.00      0.00      0.00      0.00      0.00
04:14:57 PM IST       sda   3244.00      0.00  14824.00      0.00      4.57      1.73      0.28     83.60

04:14:57 PM IST       DEV       tps     rkB/s     wkB/s     dkB/s   areq-sz    aqu-sz     await     %util
04:14:58 PM IST   nvme0n1      0.00      0.00      0.00      0.00      0.00      0.00      0.00      0.00
04:14:58 PM IST       sda   3432.00      0.00  15704.00      0.00      4.58      1.69      0.26     85.20

04:14:58 PM IST       DEV       tps     rkB/s     wkB/s     dkB/s   areq-sz    aqu-sz     await     %util
04:14:59 PM IST   nvme0n1      0.00      0.00      0.00      0.00      0.00      0.00      0.00      0.00
04:14:59 PM IST       sda   3373.00      0.00  15420.00      0.00      4.57      1.68      0.26     90.40

04:14:59 PM IST       DEV       tps     rkB/s     wkB/s     dkB/s   areq-sz    aqu-sz     await     %util
04:15:00 PM IST   nvme0n1      0.00      0.00      0.00      0.00      0.00      0.00      0.00      0.00
04:15:00 PM IST       sda   3383.00      0.00  15436.00      0.00      4.56      1.69      0.26     90.80

04:15:00 PM IST       DEV       tps     rkB/s     wkB/s     dkB/s   areq-sz    aqu-sz     await     %util
04:15:01 PM IST   nvme0n1      0.00      0.00      0.00      0.00      0.00      0.00      0.00      0.00
04:15:01 PM IST       sda   3261.00      0.00  14948.00      0.00      4.58      1.69      0.27     89.20

04:15:01 PM IST       DEV       tps     rkB/s     wkB/s     dkB/s   areq-sz    aqu-sz     await     %util
04:15:02 PM IST   nvme0n1      0.00      0.00      0.00      0.00      0.00      0.00      0.00      0.00
04:15:02 PM IST       sda   3079.00      0.00  14316.00      0.00      4.65      1.72      0.29     90.40

04:15:02 PM IST       DEV       tps     rkB/s     wkB/s     dkB/s   areq-sz    aqu-sz     await     %util
04:15:03 PM IST   nvme0n1      0.00      0.00      0.00      0.00      0.00      0.00      0.00      0.00
04:15:03 PM IST       sda   3069.00      0.00  14112.00      0.00      4.60      1.72      0.29     91.20

04:15:03 PM IST       DEV       tps     rkB/s     wkB/s     dkB/s   areq-sz    aqu-sz     await     %util
04:15:04 PM IST   nvme0n1      0.00      0.00      0.00      0.00      0.00      0.00      0.00      0.00
04:15:04 PM IST       sda   3375.00      0.00  15464.00      0.00      4.58      1.69      0.26     91.20

04:15:04 PM IST       DEV       tps     rkB/s     wkB/s     dkB/s   areq-sz    aqu-sz     await     %util
04:15:05 PM IST   nvme0n1      0.00      0.00      0.00      0.00      0.00      0.00      0.00      0.00
04:15:05 PM IST       sda   3396.00      0.00  15536.00      0.00      4.57      1.69      0.26     85.20

04:15:05 PM IST       DEV       tps     rkB/s     wkB/s     dkB/s   areq-sz    aqu-sz     await     %util
04:15:06 PM IST   nvme0n1      0.00      0.00      0.00      0.00      0.00      0.00      0.00      0.00
04:15:06 PM IST       sda   3393.00      0.00  15512.00      0.00      4.57      1.68      0.26     89.60

04:15:06 PM IST       DEV       tps     rkB/s     wkB/s     dkB/s   areq-sz    aqu-sz     await     %util
04:15:07 PM IST   nvme0n1      0.00      0.00      0.00      0.00      0.00      0.00      0.00      0.00
04:15:07 PM IST       sda   3294.00      0.00  15040.00      0.00      4.57      1.69      0.27     90.40

04:15:07 PM IST       DEV       tps     rkB/s     wkB/s     dkB/s   areq-sz    aqu-sz     await     %util
04:15:08 PM IST   nvme0n1      0.00      0.00      0.00      0.00      0.00      0.00      0.00      0.00
04:15:08 PM IST       sda   3214.00      0.00  14720.00      0.00      4.58      1.71      0.28     89.20

04:15:08 PM IST       DEV       tps     rkB/s     wkB/s     dkB/s   areq-sz    aqu-sz     await     %util
04:15:09 PM IST   nvme0n1      0.00      0.00      0.00      0.00      0.00      0.00      0.00      0.00
04:15:09 PM IST       sda   3042.00      0.00  13932.00      0.00      4.58      1.73      0.30     90.40

04:15:09 PM IST       DEV       tps     rkB/s     wkB/s     dkB/s   areq-sz    aqu-sz     await     %util
04:15:10 PM IST   nvme0n1      0.00      0.00      0.00      0.00      0.00      0.00      0.00      0.00
04:15:10 PM IST       sda   3225.00      0.00  14720.00      0.00      4.56      1.71      0.28     92.00

04:15:10 PM IST       DEV       tps     rkB/s     wkB/s     dkB/s   areq-sz    aqu-sz     await     %util
04:15:11 PM IST   nvme0n1      0.00      0.00      0.00      0.00      0.00      0.00      0.00      0.00
04:15:11 PM IST       sda   3379.00      0.00  15440.00      0.00      4.57      1.69      0.26     90.00

04:15:11 PM IST       DEV       tps     rkB/s     wkB/s     dkB/s   areq-sz    aqu-sz     await     %util
04:15:12 PM IST   nvme0n1      0.00      0.00      0.00      0.00      0.00      0.00      0.00      0.00
04:15:12 PM IST       sda   3336.00      0.00  15504.00      0.00      4.65      1.70      0.27     85.20

04:15:12 PM IST       DEV       tps     rkB/s     wkB/s     dkB/s   areq-sz    aqu-sz     await     %util
04:15:13 PM IST   nvme0n1      0.00      0.00      0.00      0.00      0.00      0.00      0.00      0.00
04:15:13 PM IST       sda   3340.00      0.00  15280.00      0.00      4.57      1.70      0.27     90.40

04:15:13 PM IST       DEV       tps     rkB/s     wkB/s     dkB/s   areq-sz    aqu-sz     await     %util
04:15:14 PM IST   nvme0n1      0.00      0.00      0.00      0.00      0.00      0.00      0.00      0.00
04:15:14 PM IST       sda   3241.00      0.00  14856.00      0.00      4.58      1.70      0.28     89.60

04:15:14 PM IST       DEV       tps     rkB/s     wkB/s     dkB/s   areq-sz    aqu-sz     await     %util
04:15:15 PM IST   nvme0n1      0.00      0.00      0.00      0.00      0.00      0.00      0.00      0.00
04:15:15 PM IST       sda   3051.00      0.00  13944.00      0.00      4.57      1.72      0.30     92.00

04:15:15 PM IST       DEV       tps     rkB/s     wkB/s     dkB/s   areq-sz    aqu-sz     await     %util
04:15:16 PM IST   nvme0n1      0.00      0.00      0.00      0.00      0.00      0.00      0.00      0.00
04:15:16 PM IST       sda   3084.00      0.00  14292.00      0.00      4.63      1.73      0.30     90.80

04:15:16 PM IST       DEV       tps     rkB/s     wkB/s     dkB/s   areq-sz    aqu-sz     await     %util
04:15:17 PM IST   nvme0n1      0.00      0.00      0.00      0.00      0.00      0.00      0.00      0.00
04:15:17 PM IST       sda   3360.00      0.00  15600.00      0.00      4.64      1.69      0.27     86.80

04:15:17 PM IST       DEV       tps     rkB/s     wkB/s     dkB/s   areq-sz    aqu-sz     await     %util
04:15:18 PM IST   nvme0n1      0.00      0.00      0.00      0.00      0.00      0.00      0.00      0.00
04:15:18 PM IST       sda   3391.00      0.00  15504.00      0.00      4.57      1.69      0.26     87.20

04:15:18 PM IST       DEV       tps     rkB/s     wkB/s     dkB/s   areq-sz    aqu-sz     await     %util
04:15:19 PM IST   nvme0n1      0.00      0.00      0.00      0.00      0.00      0.00      0.00      0.00
04:15:19 PM IST       sda   3401.00      0.00  15576.00      0.00      4.58      1.69      0.26     92.00

04:15:19 PM IST       DEV       tps     rkB/s     wkB/s     dkB/s   areq-sz    aqu-sz     await     %util
04:15:20 PM IST   nvme0n1      0.00      0.00      0.00      0.00      0.00      0.00      0.00      0.00
04:15:20 PM IST       sda   3275.00      0.00  14960.00      0.00      4.57      1.70      0.27     89.20

04:15:20 PM IST       DEV       tps     rkB/s     wkB/s     dkB/s   areq-sz    aqu-sz     await     %util
04:15:21 PM IST   nvme0n1      0.00      0.00      0.00      0.00      0.00      0.00      0.00      0.00
04:15:21 PM IST       sda   3173.00      0.00  14536.00      0.00      4.58      1.71      0.28     88.80

04:15:21 PM IST       DEV       tps     rkB/s     wkB/s     dkB/s   areq-sz    aqu-sz     await     %util
04:15:22 PM IST   nvme0n1      0.00      0.00      0.00      0.00      0.00      0.00      0.00      0.00
04:15:22 PM IST       sda   3037.00      0.00  13888.00      0.00      4.57      1.72      0.30     88.00

04:15:22 PM IST       DEV       tps     rkB/s     wkB/s     dkB/s   areq-sz    aqu-sz     await     %util
04:15:23 PM IST   nvme0n1      0.00      0.00      0.00      0.00      0.00      0.00      0.00      0.00
04:15:23 PM IST       sda   3238.00      0.00  14768.00      0.00      4.56      1.69      0.28     86.80

04:15:23 PM IST       DEV       tps     rkB/s     wkB/s     dkB/s   areq-sz    aqu-sz     await     %util
04:15:24 PM IST   nvme0n1      0.00      0.00      0.00      0.00      0.00      0.00      0.00      0.00
04:15:24 PM IST       sda   3424.00      0.00  15648.00      0.00      4.57      1.68      0.26     91.20

04:15:24 PM IST       DEV       tps     rkB/s     wkB/s     dkB/s   areq-sz    aqu-sz     await     %util
04:15:25 PM IST   nvme0n1      0.00      0.00      0.00      0.00      0.00      0.00      0.00      0.00
04:15:25 PM IST       sda   3381.00      0.00  16512.00      0.00      4.88      1.69      0.26     85.20

04:15:25 PM IST       DEV       tps     rkB/s     wkB/s     dkB/s   areq-sz    aqu-sz     await     %util
04:15:26 PM IST   nvme0n1      0.00      0.00      0.00      0.00      0.00      0.00      0.00      0.00
04:15:26 PM IST       sda   3157.00      0.00  14420.00      0.00      4.57      1.61      0.27     80.40

04:15:26 PM IST       DEV       tps     rkB/s     wkB/s     dkB/s   areq-sz    aqu-sz     await     %util
04:15:27 PM IST   nvme0n1      0.00      0.00      0.00      0.00      0.00      0.00      0.00      0.00
04:15:27 PM IST       sda   3423.00      0.00  15924.00      0.00      4.65      1.77      0.28     90.80

04:15:27 PM IST       DEV       tps     rkB/s     wkB/s     dkB/s   areq-sz    aqu-sz     await     %util
04:15:28 PM IST   nvme0n1      0.00      0.00      0.00      0.00      0.00      0.00      0.00      0.00
04:15:28 PM IST       sda   3073.00      0.00  14008.00      0.00      4.56      1.73      0.30     88.80

04:15:28 PM IST       DEV       tps     rkB/s     wkB/s     dkB/s   areq-sz    aqu-sz     await     %util
04:15:29 PM IST   nvme0n1      0.00      0.00      0.00      0.00      0.00      0.00      0.00      0.00
04:15:29 PM IST       sda   3106.00      0.00  14200.00      0.00      4.57      1.71      0.29     94.00

04:15:29 PM IST       DEV       tps     rkB/s     wkB/s     dkB/s   areq-sz    aqu-sz     await     %util
04:15:30 PM IST   nvme0n1      0.00      0.00      0.00      0.00      0.00      0.00      0.00      0.00
04:15:30 PM IST       sda   3373.00      0.00  15540.00      0.00      4.61      1.69      0.26     86.80

04:15:30 PM IST       DEV       tps     rkB/s     wkB/s     dkB/s   areq-sz    aqu-sz     await     %util
04:15:31 PM IST   nvme0n1      0.00      0.00      0.00      0.00      0.00      0.00      0.00      0.00
04:15:31 PM IST       sda   3368.00      0.00  15392.00      0.00      4.57      1.69      0.26     89.20

04:15:31 PM IST       DEV       tps     rkB/s     wkB/s     dkB/s   areq-sz    aqu-sz     await     %util
04:15:32 PM IST   nvme0n1      0.00      0.00      0.00      0.00      0.00      0.00      0.00      0.00
04:15:32 PM IST       sda   3369.00      0.00  15744.00      0.00      4.67      1.69      0.26     91.60

04:15:32 PM IST       DEV       tps     rkB/s     wkB/s     dkB/s   areq-sz    aqu-sz     await     %util
04:15:33 PM IST   nvme0n1      0.00      0.00      0.00      0.00      0.00      0.00      0.00      0.00
04:15:33 PM IST       sda   3254.00      0.00  14888.00      0.00      4.58      1.70      0.28     89.60

04:15:33 PM IST       DEV       tps     rkB/s     wkB/s     dkB/s   areq-sz    aqu-sz     await     %util
04:15:34 PM IST   nvme0n1      0.00      0.00      0.00      0.00      0.00      0.00      0.00      0.00
04:15:34 PM IST       sda   3164.00      0.00  14464.00      0.00      4.57      1.71      0.28     90.40

04:15:34 PM IST       DEV       tps     rkB/s     wkB/s     dkB/s   areq-sz    aqu-sz     await     %util
04:15:35 PM IST   nvme0n1      0.00      0.00      0.00      0.00      0.00      0.00      0.00      0.00
04:15:35 PM IST       sda   3052.00      0.00  13968.00      0.00      4.58      1.73      0.30     91.20

04:15:35 PM IST       DEV       tps     rkB/s     wkB/s     dkB/s   areq-sz    aqu-sz     await     %util
04:15:36 PM IST   nvme0n1      0.00      0.00      0.00      0.00      0.00      0.00      0.00      0.00
04:15:36 PM IST       sda   3266.00      0.00  15052.00      0.00      4.61      1.70      0.27     90.40

04:15:36 PM IST       DEV       tps     rkB/s     wkB/s     dkB/s   areq-sz    aqu-sz     await     %util
04:15:37 PM IST   nvme0n1      0.00      0.00      0.00      0.00      0.00      0.00      0.00      0.00
04:15:37 PM IST       sda   3386.00      0.00  15508.00      0.00      4.58      1.68      0.26     90.00

04:15:37 PM IST       DEV       tps     rkB/s     wkB/s     dkB/s   areq-sz    aqu-sz     await     %util
04:15:38 PM IST   nvme0n1      0.00      0.00      0.00      0.00      0.00      0.00      0.00      0.00
04:15:38 PM IST       sda   3374.00      0.00  15416.00      0.00      4.57      1.69      0.26     87.60

04:15:38 PM IST       DEV       tps     rkB/s     wkB/s     dkB/s   areq-sz    aqu-sz     await     %util
04:15:39 PM IST   nvme0n1      0.00      0.00      0.00      0.00      0.00      0.00      0.00      0.00
04:15:39 PM IST       sda   3304.00      0.00  15104.00      0.00      4.57      1.69      0.27     90.80

04:15:39 PM IST       DEV       tps     rkB/s     wkB/s     dkB/s   areq-sz    aqu-sz     await     %util
04:15:40 PM IST   nvme0n1      0.00      0.00      0.00      0.00      0.00      0.00      0.00      0.00
04:15:40 PM IST       sda   3284.00      0.00  15008.00      0.00      4.57      1.70      0.27     87.20

04:15:40 PM IST       DEV       tps     rkB/s     wkB/s     dkB/s   areq-sz    aqu-sz     await     %util
04:15:41 PM IST   nvme0n1      0.00      0.00      0.00      0.00      0.00      0.00      0.00      0.00
04:15:41 PM IST       sda   3049.00      0.00  14004.00      0.00      4.59      1.72      0.30     90.80

04:15:41 PM IST       DEV       tps     rkB/s     wkB/s     dkB/s   areq-sz    aqu-sz     await     %util
04:15:42 PM IST   nvme0n1      0.00      0.00      0.00      0.00      0.00      0.00      0.00      0.00
04:15:42 PM IST       sda   3136.00      0.00  14616.00      0.00      4.66      1.71      0.29     86.80

04:15:42 PM IST       DEV       tps     rkB/s     wkB/s     dkB/s   areq-sz    aqu-sz     await     %util
04:15:43 PM IST   nvme0n1      0.00      0.00      0.00      0.00      0.00      0.00      0.00      0.00
04:15:43 PM IST       sda   3414.00      0.00  15684.00      0.00      4.59      1.70      0.26     90.80

04:15:43 PM IST       DEV       tps     rkB/s     wkB/s     dkB/s   areq-sz    aqu-sz     await     %util
04:15:44 PM IST   nvme0n1      0.00      0.00      0.00      0.00      0.00      0.00      0.00      0.00
04:15:44 PM IST       sda   3374.00      0.00  15416.00      0.00      4.57      1.69      0.26     90.00

04:15:44 PM IST       DEV       tps     rkB/s     wkB/s     dkB/s   areq-sz    aqu-sz     await     %util
04:15:45 PM IST   nvme0n1      0.00      0.00      0.00      0.00      0.00      0.00      0.00      0.00
04:15:45 PM IST       sda   3397.00      0.00  15520.00      0.00      4.57      1.69      0.26     90.00

04:15:45 PM IST       DEV       tps     rkB/s     wkB/s     dkB/s   areq-sz    aqu-sz     await     %util
04:15:46 PM IST   nvme0n1      0.00      0.00      0.00      0.00      0.00      0.00      0.00      0.00
04:15:46 PM IST       sda   3226.00      0.00  14728.00      0.00      4.57      1.70      0.28     92.00

04:15:46 PM IST       DEV       tps     rkB/s     wkB/s     dkB/s   areq-sz    aqu-sz     await     %util
04:15:47 PM IST   nvme0n1      0.00      0.00      0.00      0.00      0.00      0.00      0.00      0.00
04:15:47 PM IST       sda   3166.00      0.00  14504.00      0.00      4.58      1.71      0.28     90.00

04:15:47 PM IST       DEV       tps     rkB/s     wkB/s     dkB/s   areq-sz    aqu-sz     await     %util
04:15:48 PM IST   nvme0n1      0.00      0.00      0.00      0.00      0.00      0.00      0.00      0.00
04:15:48 PM IST       sda   3042.00      0.00  13896.00      0.00      4.57      1.73      0.30     91.60

04:15:48 PM IST       DEV       tps     rkB/s     wkB/s     dkB/s   areq-sz    aqu-sz     await     %util
04:15:49 PM IST   nvme0n1      0.00      0.00      0.00      0.00      0.00      0.00      0.00      0.00
04:15:49 PM IST       sda   3206.00      0.00  14648.00      0.00      4.57      1.63      0.27     86.40

04:15:49 PM IST       DEV       tps     rkB/s     wkB/s     dkB/s   areq-sz    aqu-sz     await     %util
04:15:50 PM IST   nvme0n1      0.00      0.00      0.00      0.00      0.00      0.00      0.00      0.00
04:15:50 PM IST       sda   3254.00      0.00  21588.00      0.00      6.63      1.68      0.28     85.20

04:15:50 PM IST       DEV       tps     rkB/s     wkB/s     dkB/s   areq-sz    aqu-sz     await     %util
04:15:51 PM IST   nvme0n1      0.00      0.00      0.00      0.00      0.00      0.00      0.00      0.00
04:15:51 PM IST       sda   3385.00      0.00  15704.00      0.00      4.64      1.68      0.26     86.80

04:15:51 PM IST       DEV       tps     rkB/s     wkB/s     dkB/s   areq-sz    aqu-sz     await     %util
04:15:52 PM IST   nvme0n1      0.00      0.00      0.00      0.00      0.00      0.00      0.00      0.00
04:15:52 PM IST       sda   3278.00      0.00  15320.00      0.00      4.67      1.69      0.27     88.40

04:15:52 PM IST       DEV       tps     rkB/s     wkB/s     dkB/s   areq-sz    aqu-sz     await     %util
04:15:53 PM IST   nvme0n1      0.00      0.00      0.00      0.00      0.00      0.00      0.00      0.00
04:15:53 PM IST       sda   3210.00      0.00  14720.00      0.00      4.59      1.71      0.28     90.40

04:15:53 PM IST       DEV       tps     rkB/s     wkB/s     dkB/s   areq-sz    aqu-sz     await     %util
04:15:54 PM IST   nvme0n1      0.00      0.00      0.00      0.00      0.00      0.00      0.00      0.00
04:15:54 PM IST       sda   3032.00      0.00  13896.00      0.00      4.58      1.72      0.30     89.20

04:15:54 PM IST       DEV       tps     rkB/s     wkB/s     dkB/s   areq-sz    aqu-sz     await     %util
04:15:55 PM IST   nvme0n1      0.00      0.00      0.00      0.00      0.00      0.00      0.00      0.00
04:15:55 PM IST       sda   3163.00      0.00  14756.00      0.00      4.67      1.69      0.28     90.00

04:15:55 PM IST       DEV       tps     rkB/s     wkB/s     dkB/s   areq-sz    aqu-sz     await     %util
04:15:56 PM IST   nvme0n1      0.00      0.00      0.00      0.00      0.00      0.00      0.00      0.00
04:15:56 PM IST       sda   3420.00      8.00  15872.00      0.00      4.64      1.69      0.26     89.60

04:15:56 PM IST       DEV       tps     rkB/s     wkB/s     dkB/s   areq-sz    aqu-sz     await     %util
04:15:57 PM IST   nvme0n1      0.00      0.00      0.00      0.00      0.00      0.00      0.00      0.00
04:15:57 PM IST       sda   3352.00      0.00  15824.00      0.00      4.72      1.69      0.27     84.80

04:15:57 PM IST       DEV       tps     rkB/s     wkB/s     dkB/s   areq-sz    aqu-sz     await     %util
04:15:58 PM IST   nvme0n1      0.00      0.00      0.00      0.00      0.00      0.00      0.00      0.00
04:15:58 PM IST       sda   3439.00      0.00  15940.00      0.00      4.64      1.71      0.27     85.20

04:15:58 PM IST       DEV       tps     rkB/s     wkB/s     dkB/s   areq-sz    aqu-sz     await     %util
04:15:59 PM IST   nvme0n1      0.00      0.00      0.00      0.00      0.00      0.00      0.00      0.00
04:15:59 PM IST       sda   3286.00      0.00  15024.00      0.00      4.57      1.71      0.27     88.00

04:15:59 PM IST       DEV       tps     rkB/s     wkB/s     dkB/s   areq-sz    aqu-sz     await     %util
04:16:00 PM IST   nvme0n1      0.00      0.00      0.00      0.00      0.00      0.00      0.00      0.00
04:16:00 PM IST       sda   3092.00      0.00  14192.00      0.00      4.59      1.73      0.29     93.20

04:16:00 PM IST       DEV       tps     rkB/s     wkB/s     dkB/s   areq-sz    aqu-sz     await     %util
04:16:01 PM IST   nvme0n1      0.00      0.00      0.00      0.00      0.00      0.00      0.00      0.00
04:16:01 PM IST       sda   3108.00      0.00  14268.00      0.00      4.59      1.73      0.29     88.00

04:16:01 PM IST       DEV       tps     rkB/s     wkB/s     dkB/s   areq-sz    aqu-sz     await     %util
04:16:02 PM IST   nvme0n1      0.00      0.00      0.00      0.00      0.00      0.00      0.00      0.00
04:16:02 PM IST       sda   3379.00      0.00  15692.00      0.00      4.64      1.69      0.26     88.40

04:16:02 PM IST       DEV       tps     rkB/s     wkB/s     dkB/s   areq-sz    aqu-sz     await     %util
04:16:03 PM IST   nvme0n1      0.00      0.00      0.00      0.00      0.00      0.00      0.00      0.00
04:16:03 PM IST       sda   3407.00      0.00  15572.00      0.00      4.57      1.70      0.26     87.60

04:16:03 PM IST       DEV       tps     rkB/s     wkB/s     dkB/s   areq-sz    aqu-sz     await     %util
04:16:04 PM IST   nvme0n1      0.00      0.00      0.00      0.00      0.00      0.00      0.00      0.00
04:16:04 PM IST       sda   3415.00      0.00  15624.00      0.00      4.58      1.69      0.26     86.40

04:16:04 PM IST       DEV       tps     rkB/s     wkB/s     dkB/s   areq-sz    aqu-sz     await     %util
04:16:05 PM IST   nvme0n1      0.00      0.00      0.00      0.00      0.00      0.00      0.00      0.00
04:16:05 PM IST       sda   3279.00      0.00  15244.00      0.00      4.65      1.69      0.27     88.00

04:16:05 PM IST       DEV       tps     rkB/s     wkB/s     dkB/s   areq-sz    aqu-sz     await     %util
04:16:06 PM IST   nvme0n1      0.00      0.00      0.00      0.00      0.00      0.00      0.00      0.00
04:16:06 PM IST       sda   3204.00      0.00  14704.00      0.00      4.59      1.71      0.28     91.60

04:16:06 PM IST       DEV       tps     rkB/s     wkB/s     dkB/s   areq-sz    aqu-sz     await     %util
04:16:07 PM IST   nvme0n1      0.00      0.00      0.00      0.00      0.00      0.00      0.00      0.00
04:16:07 PM IST       sda   3046.00      0.00  14348.00      0.00      4.71      1.72      0.30     86.80

04:16:07 PM IST       DEV       tps     rkB/s     wkB/s     dkB/s   areq-sz    aqu-sz     await     %util
04:16:08 PM IST   nvme0n1      0.00      0.00      0.00      0.00      0.00      0.00      0.00      0.00
04:16:08 PM IST       sda   3226.00      0.00  14976.00      0.00      4.64      1.70      0.28     88.00

04:16:08 PM IST       DEV       tps     rkB/s     wkB/s     dkB/s   areq-sz    aqu-sz     await     %util
04:16:09 PM IST   nvme0n1      0.00      0.00      0.00      0.00      0.00      0.00      0.00      0.00
04:16:09 PM IST       sda   3415.00      0.00  15548.00      0.00      4.55      1.70      0.26     86.80

04:16:09 PM IST       DEV       tps     rkB/s     wkB/s     dkB/s   areq-sz    aqu-sz     await     %util
04:16:10 PM IST   nvme0n1      0.00      0.00      0.00      0.00      0.00      0.00      0.00      0.00
04:16:10 PM IST       sda   3316.00      0.00  15312.00      0.00      4.62      1.70      0.27     92.40

04:16:10 PM IST       DEV       tps     rkB/s     wkB/s     dkB/s   areq-sz    aqu-sz     await     %util
04:16:11 PM IST   nvme0n1      0.00      0.00      0.00      0.00      0.00      0.00      0.00      0.00
04:16:11 PM IST       sda   3267.00      0.00  15200.00      0.00      4.65      1.69      0.27     85.20

04:16:11 PM IST       DEV       tps     rkB/s     wkB/s     dkB/s   areq-sz    aqu-sz     await     %util
04:16:12 PM IST   nvme0n1      0.00      0.00      0.00      0.00      0.00      0.00      0.00      0.00
04:16:12 PM IST       sda   3266.00      0.00  14920.00      0.00      4.57      1.71      0.27     90.40

04:16:12 PM IST       DEV       tps     rkB/s     wkB/s     dkB/s   areq-sz    aqu-sz     await     %util
04:16:13 PM IST   nvme0n1      0.00      0.00      0.00      0.00      0.00      0.00      0.00      0.00
04:16:13 PM IST       sda   3061.00      0.00  13976.00      0.00      4.57      1.74      0.30     90.80

04:16:13 PM IST       DEV       tps     rkB/s     wkB/s     dkB/s   areq-sz    aqu-sz     await     %util
04:16:14 PM IST   nvme0n1      0.00      0.00      0.00      0.00      0.00      0.00      0.00      0.00
04:16:14 PM IST       sda   3075.00      0.00  14296.00      0.00      4.65      1.71      0.29     91.60

04:16:14 PM IST       DEV       tps     rkB/s     wkB/s     dkB/s   areq-sz    aqu-sz     await     %util
04:16:15 PM IST   nvme0n1      0.00      0.00      0.00      0.00      0.00      0.00      0.00      0.00
04:16:15 PM IST       sda   3365.00      0.00  15432.00      0.00      4.59      1.69      0.27     82.80

04:16:15 PM IST       DEV       tps     rkB/s     wkB/s     dkB/s   areq-sz    aqu-sz     await     %util
04:16:16 PM IST   nvme0n1      0.00      0.00      0.00      0.00      0.00      0.00      0.00      0.00
04:16:16 PM IST       sda   3377.00      0.00  15524.00      0.00      4.60      1.68      0.26     91.20

04:16:16 PM IST       DEV       tps     rkB/s     wkB/s     dkB/s   areq-sz    aqu-sz     await     %util
04:16:17 PM IST   nvme0n1      0.00      0.00      0.00      0.00      0.00      0.00      0.00      0.00
04:16:17 PM IST       sda   3406.00      0.00  15576.00      0.00      4.57      1.68      0.26     89.20

04:16:17 PM IST       DEV       tps     rkB/s     wkB/s     dkB/s   areq-sz    aqu-sz     await     %util
04:16:18 PM IST   nvme0n1      0.00      0.00      0.00      0.00      0.00      0.00      0.00      0.00
04:16:18 PM IST       sda   3244.00      0.00  15312.00      0.00      4.72      1.69      0.27     89.60

04:16:18 PM IST       DEV       tps     rkB/s     wkB/s     dkB/s   areq-sz    aqu-sz     await     %util
04:16:19 PM IST   nvme0n1      0.00      0.00      0.00      0.00      0.00      0.00      0.00      0.00
04:16:19 PM IST       sda   3176.00      0.00  14520.00      0.00      4.57      1.71      0.28     88.00

04:16:19 PM IST       DEV       tps     rkB/s     wkB/s     dkB/s   areq-sz    aqu-sz     await     %util
04:16:20 PM IST   nvme0n1      0.00      0.00      0.00      0.00      0.00      0.00      0.00      0.00
04:16:20 PM IST       sda   3070.00      0.00  14072.00      0.00      4.58      1.73      0.30     91.20

04:16:20 PM IST       DEV       tps     rkB/s     wkB/s     dkB/s   areq-sz    aqu-sz     await     %util
04:16:21 PM IST   nvme0n1      0.00      0.00      0.00      0.00      0.00      0.00      0.00      0.00
04:16:21 PM IST       sda   3299.00      0.00  15392.00      0.00      4.67      1.70      0.27     88.80

04:16:21 PM IST       DEV       tps     rkB/s     wkB/s     dkB/s   areq-sz    aqu-sz     await     %util
04:16:22 PM IST   nvme0n1      0.00      0.00      0.00      0.00      0.00      0.00      0.00      0.00
04:16:22 PM IST       sda   3416.00      0.00  15632.00      0.00      4.58      1.69      0.26     88.80

04:16:22 PM IST       DEV       tps     rkB/s     wkB/s     dkB/s   areq-sz    aqu-sz     await     %util
04:16:23 PM IST   nvme0n1      0.00      0.00      0.00      0.00      0.00      0.00      0.00      0.00
04:16:23 PM IST       sda   3386.00      4.00  16040.00      0.00      4.74      1.69      0.26     89.60

04:16:23 PM IST       DEV       tps     rkB/s     wkB/s     dkB/s   areq-sz    aqu-sz     await     %util
04:16:24 PM IST   nvme0n1      0.00      0.00      0.00      0.00      0.00      0.00      0.00      0.00
04:16:24 PM IST       sda   3436.00      0.00  15808.00      0.00      4.60      1.76      0.28     87.20

04:16:24 PM IST       DEV       tps     rkB/s     wkB/s     dkB/s   areq-sz    aqu-sz     await     %util
04:16:25 PM IST   nvme0n1      0.00      0.00      0.00      0.00      0.00      0.00      0.00      0.00
04:16:25 PM IST       sda   3089.00      0.00  30524.00      0.00      9.88      1.93      0.38     84.40

04:16:25 PM IST       DEV       tps     rkB/s     wkB/s     dkB/s   areq-sz    aqu-sz     await     %util
04:16:26 PM IST   nvme0n1      0.00      0.00      0.00      0.00      0.00      0.00      0.00      0.00
04:16:26 PM IST       sda   2919.00      0.00  13316.00      0.00      4.56      1.65      0.30     80.80

04:16:26 PM IST       DEV       tps     rkB/s     wkB/s     dkB/s   areq-sz    aqu-sz     await     %util
04:16:27 PM IST   nvme0n1      0.00      0.00      0.00      0.00      0.00      0.00      0.00      0.00
04:16:27 PM IST       sda   3349.00      0.00  15556.00      0.00      4.64      1.69      0.27     91.60

04:16:27 PM IST       DEV       tps     rkB/s     wkB/s     dkB/s   areq-sz    aqu-sz     await     %util
04:16:28 PM IST   nvme0n1      0.00      0.00      0.00      0.00      0.00      0.00      0.00      0.00
04:16:28 PM IST       sda   3353.00      0.00  15320.00      0.00      4.57      1.68      0.26     85.20

04:16:28 PM IST       DEV       tps     rkB/s     wkB/s     dkB/s   areq-sz    aqu-sz     await     %util
04:16:29 PM IST   nvme0n1      0.00      0.00      0.00      0.00      0.00      0.00      0.00      0.00
04:16:29 PM IST       sda   3402.00      0.00  15552.00      0.00      4.57      1.69      0.26     88.00

04:16:29 PM IST       DEV       tps     rkB/s     wkB/s     dkB/s   areq-sz    aqu-sz     await     %util
04:16:30 PM IST   nvme0n1      0.00      0.00      0.00      0.00      0.00      0.00      0.00      0.00
04:16:30 PM IST       sda   3309.00      0.00  15392.00      0.00      4.65      1.70      0.27     90.40

04:16:30 PM IST       DEV       tps     rkB/s     wkB/s     dkB/s   areq-sz    aqu-sz     await     %util
04:16:31 PM IST   nvme0n1      0.00      0.00      0.00      0.00      0.00      0.00      0.00      0.00
04:16:31 PM IST       sda   3197.00      0.00  14632.00      0.00      4.58      1.70      0.28     90.80

04:16:31 PM IST       DEV       tps     rkB/s     wkB/s     dkB/s   areq-sz    aqu-sz     await     %util
04:16:32 PM IST   nvme0n1      0.00      0.00      0.00      0.00      0.00      0.00      0.00      0.00
04:16:32 PM IST       sda   3051.00      0.00  13988.00      0.00      4.58      1.73      0.30     88.40

04:16:32 PM IST       DEV       tps     rkB/s     wkB/s     dkB/s   areq-sz    aqu-sz     await     %util
04:16:33 PM IST   nvme0n1      0.00      0.00      0.00      0.00      0.00      0.00      0.00      0.00
04:16:33 PM IST       sda   3169.00      0.00  14712.00      0.00      4.64      1.70      0.28     89.60

04:16:33 PM IST       DEV       tps     rkB/s     wkB/s     dkB/s   areq-sz    aqu-sz     await     %util
04:16:34 PM IST   nvme0n1      0.00      0.00      0.00      0.00      0.00      0.00      0.00      0.00
04:16:34 PM IST       sda   3254.00      0.00  31480.00      0.00      9.67      1.90      0.35     83.20

04:16:34 PM IST       DEV       tps     rkB/s     wkB/s     dkB/s   areq-sz    aqu-sz     await     %util
04:16:35 PM IST   nvme0n1      0.00      0.00      0.00      0.00      0.00      0.00      0.00      0.00
04:16:35 PM IST       sda   3406.00      0.00  15552.00      0.00      4.57      1.68      0.26     91.20

04:16:35 PM IST       DEV       tps     rkB/s     wkB/s     dkB/s   areq-sz    aqu-sz     await     %util
04:16:36 PM IST   nvme0n1      0.00      0.00      0.00      0.00      0.00      0.00      0.00      0.00
04:16:36 PM IST       sda   3302.00      0.00  15300.00      0.00      4.63      1.70      0.27     91.60

04:16:36 PM IST       DEV       tps     rkB/s     wkB/s     dkB/s   areq-sz    aqu-sz     await     %util
04:16:37 PM IST   nvme0n1      0.00      0.00      0.00      0.00      0.00      0.00      0.00      0.00
04:16:37 PM IST       sda   3198.00      0.00  14828.00      0.00      4.64      1.71      0.28     85.20

04:16:37 PM IST       DEV       tps     rkB/s     wkB/s     dkB/s   areq-sz    aqu-sz     await     %util
04:16:38 PM IST   nvme0n1      0.00      0.00      0.00      0.00      0.00      0.00      0.00      0.00
04:16:38 PM IST       sda   3057.00      8.00  14224.00      0.00      4.66      1.73      0.30     90.80

04:16:38 PM IST       DEV       tps     rkB/s     wkB/s     dkB/s   areq-sz    aqu-sz     await     %util
04:16:39 PM IST   nvme0n1      0.00      0.00      0.00      0.00      0.00      0.00      0.00      0.00
04:16:39 PM IST       sda   3248.00      0.00  14880.00      0.00      4.58      1.70      0.28     88.80

04:16:39 PM IST       DEV       tps     rkB/s     wkB/s     dkB/s   areq-sz    aqu-sz     await     %util
04:16:40 PM IST   nvme0n1      0.00      0.00      0.00      0.00      0.00      0.00      0.00      0.00
04:16:40 PM IST       sda   3394.00      0.00  15760.00      0.00      4.64      1.69      0.26     88.00

04:16:40 PM IST       DEV       tps     rkB/s     wkB/s     dkB/s   areq-sz    aqu-sz     await     %util
04:16:41 PM IST   nvme0n1      0.00      0.00      0.00      0.00      0.00      0.00      0.00      0.00
04:16:41 PM IST       sda   3342.00      0.00  15256.00      0.00      4.56      1.70      0.27     88.40

04:16:41 PM IST       DEV       tps     rkB/s     wkB/s     dkB/s   areq-sz    aqu-sz     await     %util
04:16:42 PM IST   nvme0n1      0.00      0.00      0.00      0.00      0.00      0.00      0.00      0.00
04:16:42 PM IST       sda   3307.00      0.00  15116.00      0.00      4.57      1.70      0.27     87.60

04:16:42 PM IST       DEV       tps     rkB/s     wkB/s     dkB/s   areq-sz    aqu-sz     await     %util
04:16:43 PM IST   nvme0n1      0.00      0.00      0.00      0.00      0.00      0.00      0.00      0.00
04:16:43 PM IST       sda   3008.00      4.00  30368.00      0.00     10.10      1.92      0.38     84.80

04:16:43 PM IST       DEV       tps     rkB/s     wkB/s     dkB/s   areq-sz    aqu-sz     await     %util
04:16:44 PM IST   nvme0n1      0.00      0.00      0.00      0.00      0.00      0.00      0.00      0.00
04:16:44 PM IST       sda   3039.00      0.00  13888.00      0.00      4.57      1.73      0.30     88.40

04:16:44 PM IST       DEV       tps     rkB/s     wkB/s     dkB/s   areq-sz    aqu-sz     await     %util
04:16:45 PM IST   nvme0n1      0.00      0.00      0.00      0.00      0.00      0.00      0.00      0.00
04:16:45 PM IST       sda   3294.00      0.00  15096.00      0.00      4.58      1.72      0.28     89.20

04:16:45 PM IST       DEV       tps     rkB/s     wkB/s     dkB/s   areq-sz    aqu-sz     await     %util
04:16:46 PM IST   nvme0n1      0.00      0.00      0.00      0.00      0.00      0.00      0.00      0.00
04:16:46 PM IST       sda   3349.00      0.00  15596.00      0.00      4.66      1.68      0.26     90.40

04:16:46 PM IST       DEV       tps     rkB/s     wkB/s     dkB/s   areq-sz    aqu-sz     await     %util
04:16:47 PM IST   nvme0n1      0.00      0.00      0.00      0.00      0.00      0.00      0.00      0.00
04:16:47 PM IST       sda   3359.00      0.00  15336.00      0.00      4.57      1.69      0.27     86.40

04:16:47 PM IST       DEV       tps     rkB/s     wkB/s     dkB/s   areq-sz    aqu-sz     await     %util
04:16:48 PM IST   nvme0n1      0.00      0.00      0.00      0.00      0.00      0.00      0.00      0.00
04:16:48 PM IST       sda   3295.00      0.00  15332.00      0.00      4.65      1.70      0.27     91.20

04:16:48 PM IST       DEV       tps     rkB/s     wkB/s     dkB/s   areq-sz    aqu-sz     await     %util
04:16:49 PM IST   nvme0n1      0.00      0.00      0.00      0.00      0.00      0.00      0.00      0.00
04:16:49 PM IST       sda   3152.00      0.00  14492.00      0.00      4.60      1.65      0.28     86.80

04:16:49 PM IST       DEV       tps     rkB/s     wkB/s     dkB/s   areq-sz    aqu-sz     await     %util
04:16:50 PM IST   nvme0n1      0.00      0.00      0.00      0.00      0.00      0.00      0.00      0.00
04:16:50 PM IST       sda   3015.00      0.00  14024.00      0.00      4.65      1.71      0.30     91.20

04:16:50 PM IST       DEV       tps     rkB/s     wkB/s     dkB/s   areq-sz    aqu-sz     await     %util
04:16:51 PM IST   nvme0n1      0.00      0.00      0.00      0.00      0.00      0.00      0.00      0.00
04:16:51 PM IST       sda   3123.00      0.00  14276.00      0.00      4.57      1.71      0.29     87.60

04:16:51 PM IST       DEV       tps     rkB/s     wkB/s     dkB/s   areq-sz    aqu-sz     await     %util
04:16:52 PM IST   nvme0n1      0.00      0.00      0.00      0.00      0.00      0.00      0.00      0.00
04:16:52 PM IST       sda   3254.00      0.00  31240.00      0.00      9.60      1.87      0.34     88.40

04:16:52 PM IST       DEV       tps     rkB/s     wkB/s     dkB/s   areq-sz    aqu-sz     await     %util
04:16:53 PM IST   nvme0n1      0.00      0.00      0.00      0.00      0.00      0.00      0.00      0.00
04:16:53 PM IST       sda   3365.00      0.00  15652.00      0.00      4.65      1.68      0.26     88.40

04:16:53 PM IST       DEV       tps     rkB/s     wkB/s     dkB/s   areq-sz    aqu-sz     await     %util
04:16:54 PM IST   nvme0n1      0.00      0.00      0.00      0.00      0.00      0.00      0.00      0.00
04:16:54 PM IST       sda   3290.00      0.00  15040.00      0.00      4.57      1.69      0.27     89.20

04:16:54 PM IST       DEV       tps     rkB/s     wkB/s     dkB/s   areq-sz    aqu-sz     await     %util
04:16:55 PM IST   nvme0n1      0.00      0.00      0.00      0.00      0.00      0.00      0.00      0.00
04:16:55 PM IST       sda   3336.00      0.00  15212.00      0.00      4.56      1.71      0.27     88.40

04:16:55 PM IST       DEV       tps     rkB/s     wkB/s     dkB/s   areq-sz    aqu-sz     await     %util
04:16:56 PM IST   nvme0n1      0.00      0.00      0.00      0.00      0.00      0.00      0.00      0.00
04:16:56 PM IST       sda   3018.00      8.00  14120.00      0.00      4.68      1.72      0.30     86.40

04:16:56 PM IST       DEV       tps     rkB/s     wkB/s     dkB/s   areq-sz    aqu-sz     await     %util
04:16:57 PM IST   nvme0n1      0.00      0.00      0.00      0.00      0.00      0.00      0.00      0.00
04:16:57 PM IST       sda   3163.00      0.00  14504.00      0.00      4.59      1.72      0.29     86.80

04:16:57 PM IST       DEV       tps     rkB/s     wkB/s     dkB/s   areq-sz    aqu-sz     await     %util
04:16:58 PM IST   nvme0n1      0.00      0.00      0.00      0.00      0.00      0.00      0.00      0.00
04:16:58 PM IST       sda   3258.00      0.00  14896.00      0.00      4.57      1.62      0.26     84.40

04:16:58 PM IST       DEV       tps     rkB/s     wkB/s     dkB/s   areq-sz    aqu-sz     await     %util
04:16:59 PM IST   nvme0n1      0.00      0.00      0.00      0.00      0.00      0.00      0.00      0.00
04:16:59 PM IST       sda   3339.00      0.00  15760.00      0.00      4.72      1.68      0.27     85.60

04:16:59 PM IST       DEV       tps     rkB/s     wkB/s     dkB/s   areq-sz    aqu-sz     await     %util
04:17:00 PM IST   nvme0n1      0.00      0.00      0.00      0.00      0.00      0.00      0.00      0.00
04:17:00 PM IST       sda   3378.00      0.00  15440.00      0.00      4.57      1.68      0.26     90.00

04:17:00 PM IST       DEV       tps     rkB/s     wkB/s     dkB/s   areq-sz    aqu-sz     await     %util
04:17:01 PM IST   nvme0n1      0.00      0.00      0.00      0.00      0.00      0.00      0.00      0.00
04:17:01 PM IST       sda   3113.00      0.00  30588.00      0.00      9.83      1.99      0.39     92.00

04:17:01 PM IST       DEV       tps     rkB/s     wkB/s     dkB/s   areq-sz    aqu-sz     await     %util
04:17:02 PM IST   nvme0n1      0.00      0.00      0.00      0.00      0.00      0.00      0.00      0.00
04:17:02 PM IST       sda   3031.00      0.00  14096.00      0.00      4.65      1.72      0.30     94.00

04:17:02 PM IST       DEV       tps     rkB/s     wkB/s     dkB/s   areq-sz    aqu-sz     await     %util
04:17:03 PM IST   nvme0n1      0.00      0.00      0.00      0.00      0.00      0.00      0.00      0.00
04:17:03 PM IST       sda   2691.00      0.00  12424.00      0.00      4.62      1.74      0.34     90.00

04:17:03 PM IST       DEV       tps     rkB/s     wkB/s     dkB/s   areq-sz    aqu-sz     await     %util
04:17:04 PM IST   nvme0n1      0.00      0.00      0.00      0.00      0.00      0.00      0.00      0.00
04:17:04 PM IST       sda    143.56      0.00    902.97      0.00      6.29      1.93      6.78     94.65

04:17:04 PM IST       DEV       tps     rkB/s     wkB/s     dkB/s   areq-sz    aqu-sz     await     %util
04:17:05 PM IST   nvme0n1      0.00      0.00      0.00      0.00      0.00      0.00      0.00      0.00
04:17:05 PM IST       sda    172.00      0.00    816.00      0.00      4.74      2.52      8.87    100.00

04:17:05 PM IST       DEV       tps     rkB/s     wkB/s     dkB/s   areq-sz    aqu-sz     await     %util
04:17:06 PM IST   nvme0n1      0.00      0.00      0.00      0.00      0.00      0.00      0.00      0.00
04:17:06 PM IST       sda    103.00      0.00    764.00      0.00      7.42      2.00     10.11     98.40

04:17:06 PM IST       DEV       tps     rkB/s     wkB/s     dkB/s   areq-sz    aqu-sz     await     %util
04:17:07 PM IST   nvme0n1      0.00      0.00      0.00      0.00      0.00      0.00      0.00      0.00
04:17:07 PM IST       sda    103.00      0.00    472.00      0.00      4.58      2.00      9.84     99.60

04:17:07 PM IST       DEV       tps     rkB/s     wkB/s     dkB/s   areq-sz    aqu-sz     await     %util
04:17:08 PM IST   nvme0n1      0.00      0.00      0.00      0.00      0.00      0.00      0.00      0.00
04:17:08 PM IST       sda    104.00      0.00    556.00      0.00      5.35      2.02     10.02     98.80

04:17:08 PM IST       DEV       tps     rkB/s     wkB/s     dkB/s   areq-sz    aqu-sz     await     %util
04:17:09 PM IST   nvme0n1      0.00      0.00      0.00      0.00      0.00      0.00      0.00      0.00
04:17:09 PM IST       sda    113.00      0.00    768.00      0.00      6.80      1.98      8.86     97.60

04:17:09 PM IST       DEV       tps     rkB/s     wkB/s     dkB/s   areq-sz    aqu-sz     await     %util
04:17:10 PM IST   nvme0n1      0.00      0.00      0.00      0.00      0.00      0.00      0.00      0.00
04:17:10 PM IST       sda    110.00      0.00    504.00      0.00      4.58      1.97      8.96     99.20

04:17:10 PM IST       DEV       tps     rkB/s     wkB/s     dkB/s   areq-sz    aqu-sz     await     %util
04:17:11 PM IST   nvme0n1      0.00      0.00      0.00      0.00      0.00      0.00      0.00      0.00
04:17:11 PM IST       sda    184.00      0.00    832.00      0.00      4.52      3.06     11.20     99.60

04:17:11 PM IST       DEV       tps     rkB/s     wkB/s     dkB/s   areq-sz    aqu-sz     await     %util
04:17:12 PM IST   nvme0n1      0.00      0.00      0.00      0.00      0.00      0.00      0.00      0.00
04:17:12 PM IST       sda    107.00      4.00    736.00      0.00      6.92      1.97      9.49     96.00

04:17:12 PM IST       DEV       tps     rkB/s     wkB/s     dkB/s   areq-sz    aqu-sz     await     %util
04:17:13 PM IST   nvme0n1      0.00      0.00      0.00      0.00      0.00      0.00      0.00      0.00
04:17:13 PM IST       sda    139.00      0.00    688.00      0.00      4.95      2.10      7.96     94.80

04:17:13 PM IST       DEV       tps     rkB/s     wkB/s     dkB/s   areq-sz    aqu-sz     await     %util
04:17:14 PM IST   nvme0n1      0.00      0.00      0.00      0.00      0.00      0.00      0.00      0.00
04:17:14 PM IST       sda    122.00      0.00    816.00      0.00      6.69      2.08      9.10     96.40

04:17:14 PM IST       DEV       tps     rkB/s     wkB/s     dkB/s   areq-sz    aqu-sz     await     %util
04:17:15 PM IST   nvme0n1      0.00      0.00      0.00      0.00      0.00      0.00      0.00      0.00
04:17:15 PM IST       sda    113.00      0.00    768.00      0.00      6.80      1.96      8.85     98.40

04:17:15 PM IST       DEV       tps     rkB/s     wkB/s     dkB/s   areq-sz    aqu-sz     await     %util
04:17:16 PM IST   nvme0n1      0.00      0.00      0.00      0.00      0.00      0.00      0.00      0.00
04:17:16 PM IST       sda    131.00      0.00    864.00      0.00      6.60      2.33     10.29     93.60

04:17:16 PM IST       DEV       tps     rkB/s     wkB/s     dkB/s   areq-sz    aqu-sz     await     %util
04:17:17 PM IST   nvme0n1      0.00      0.00      0.00      0.00      0.00      0.00      0.00      0.00
04:17:17 PM IST       sda    108.00      0.00    496.00      0.00      4.59      2.01      9.31     98.40

04:17:17 PM IST       DEV       tps     rkB/s     wkB/s     dkB/s   areq-sz    aqu-sz     await     %util
04:17:18 PM IST   nvme0n1      0.00      0.00      0.00      0.00      0.00      0.00      0.00      0.00
04:17:18 PM IST       sda   1540.00      0.00   7048.00      0.00      4.58      1.85      0.61     92.40

04:17:18 PM IST       DEV       tps     rkB/s     wkB/s     dkB/s   areq-sz    aqu-sz     await     %util
04:17:19 PM IST   nvme0n1      0.00      0.00      0.00      0.00      0.00      0.00      0.00      0.00
04:17:19 PM IST       sda   3314.00      0.00  15640.00      0.00      4.72      1.69      0.27     89.60

04:17:19 PM IST       DEV       tps     rkB/s     wkB/s     dkB/s   areq-sz    aqu-sz     await     %util
04:17:20 PM IST   nvme0n1      0.00      0.00      0.00      0.00      0.00      0.00      0.00      0.00
04:17:20 PM IST       sda   3377.00      0.00  15416.00      0.00      4.56      1.68      0.26     86.40

04:17:20 PM IST       DEV       tps     rkB/s     wkB/s     dkB/s   areq-sz    aqu-sz     await     %util
04:17:21 PM IST   nvme0n1      0.00      0.00      0.00      0.00      0.00      0.00      0.00      0.00
04:17:21 PM IST       sda   3268.00      0.00  15008.00      0.00      4.59      1.73      0.28     88.80

04:17:21 PM IST       DEV       tps     rkB/s     wkB/s     dkB/s   areq-sz    aqu-sz     await     %util
04:17:22 PM IST   nvme0n1      0.00      0.00      0.00      0.00      0.00      0.00      0.00      0.00
04:17:22 PM IST       sda   3085.00      0.00  14328.00      0.00      4.64      1.71      0.29     89.20

04:17:22 PM IST       DEV       tps     rkB/s     wkB/s     dkB/s   areq-sz    aqu-sz     await     %util
04:17:23 PM IST   nvme0n1      0.00      0.00      0.00      0.00      0.00      0.00      0.00      0.00
04:17:23 PM IST       sda   3051.00      0.00  13960.00      0.00      4.58      1.73      0.30     91.20

04:17:23 PM IST       DEV       tps     rkB/s     wkB/s     dkB/s   areq-sz    aqu-sz     await     %util
04:17:24 PM IST   nvme0n1      0.00      0.00      0.00      0.00      0.00      0.00      0.00      0.00
04:17:24 PM IST       sda   3239.00      0.00  31256.00      0.00      9.65      2.14      0.43     92.40

04:17:24 PM IST       DEV       tps     rkB/s     wkB/s     dkB/s   areq-sz    aqu-sz     await     %util
04:17:25 PM IST   nvme0n1      0.00      0.00      0.00      0.00      0.00      0.00      0.00      0.00
04:17:25 PM IST       sda   3375.00      0.00  15572.00      0.00      4.61      1.70      0.27     88.40

04:17:25 PM IST       DEV       tps     rkB/s     wkB/s     dkB/s   areq-sz    aqu-sz     await     %util
04:17:26 PM IST   nvme0n1      0.00      0.00      0.00      0.00      0.00      0.00      0.00      0.00
04:17:26 PM IST       sda   3204.00      0.00  14584.00      0.00      4.55      1.59      0.26     81.60

04:17:26 PM IST       DEV       tps     rkB/s     wkB/s     dkB/s   areq-sz    aqu-sz     await     %util
04:17:27 PM IST   nvme0n1      0.00      0.00      0.00      0.00      0.00      0.00      0.00      0.00
04:17:27 PM IST       sda   3257.00      0.00  14872.00      0.00      4.57      1.71      0.28     94.40

04:17:27 PM IST       DEV       tps     rkB/s     wkB/s     dkB/s   areq-sz    aqu-sz     await     %util
04:17:28 PM IST   nvme0n1      0.00      0.00      0.00      0.00      0.00      0.00      0.00      0.00
04:17:28 PM IST       sda   3115.00      0.00  14516.00      0.00      4.66      1.71      0.29     90.40

04:17:28 PM IST       DEV       tps     rkB/s     wkB/s     dkB/s   areq-sz    aqu-sz     await     %util
04:17:29 PM IST   nvme0n1      0.00      0.00      0.00      0.00      0.00      0.00      0.00      0.00
04:17:29 PM IST       sda   3054.00      0.00  14312.00      0.00      4.69      1.73      0.30     88.40

04:17:29 PM IST       DEV       tps     rkB/s     wkB/s     dkB/s   areq-sz    aqu-sz     await     %util
04:17:30 PM IST   nvme0n1      0.00      0.00      0.00      0.00      0.00      0.00      0.00      0.00
04:17:30 PM IST       sda   3361.00      0.00  15464.00      0.00      4.60      1.69      0.27     89.60

04:17:30 PM IST       DEV       tps     rkB/s     wkB/s     dkB/s   areq-sz    aqu-sz     await     %util
04:17:31 PM IST   nvme0n1      0.00      0.00      0.00      0.00      0.00      0.00      0.00      0.00
04:17:31 PM IST       sda   3412.00      0.00  15860.00      0.00      4.65      1.69      0.26     89.60

04:17:31 PM IST       DEV       tps     rkB/s     wkB/s     dkB/s   areq-sz    aqu-sz     await     %util
04:17:32 PM IST   nvme0n1      0.00      0.00      0.00      0.00      0.00      0.00      0.00      0.00
04:17:32 PM IST       sda   3434.00      0.00  15672.00      0.00      4.56      1.68      0.26     87.20

04:17:32 PM IST       DEV       tps     rkB/s     wkB/s     dkB/s   areq-sz    aqu-sz     await     %util
04:17:33 PM IST   nvme0n1      0.00      0.00      0.00      0.00      0.00      0.00      0.00      0.00
04:17:33 PM IST       sda   3213.00      0.00  31028.00      0.00      9.66      1.92      0.36     84.40

04:17:33 PM IST       DEV       tps     rkB/s     wkB/s     dkB/s   areq-sz    aqu-sz     await     %util
04:17:34 PM IST   nvme0n1      0.00      0.00      0.00      0.00      0.00      0.00      0.00      0.00
04:17:34 PM IST       sda   3084.00      0.00  14132.00      0.00      4.58      1.72      0.29     92.40

04:17:34 PM IST       DEV       tps     rkB/s     wkB/s     dkB/s   areq-sz    aqu-sz     await     %util
04:17:35 PM IST   nvme0n1      0.00      0.00      0.00      0.00      0.00      0.00      0.00      0.00
04:17:35 PM IST       sda   3090.00      0.00  14440.00      0.00      4.67      1.71      0.29     88.40

04:17:35 PM IST       DEV       tps     rkB/s     wkB/s     dkB/s   areq-sz    aqu-sz     await     %util
04:17:36 PM IST   nvme0n1      0.00      0.00      0.00      0.00      0.00      0.00      0.00      0.00
04:17:36 PM IST       sda   3338.00      0.00  15264.00      0.00      4.57      1.70      0.27     88.80

04:17:36 PM IST       DEV       tps     rkB/s     wkB/s     dkB/s   areq-sz    aqu-sz     await     %util
04:17:37 PM IST   nvme0n1      0.00      0.00      0.00      0.00      0.00      0.00      0.00      0.00
04:17:37 PM IST       sda   3327.00      4.00  15200.00      0.00      4.57      1.70      0.27     88.80

04:17:37 PM IST       DEV       tps     rkB/s     wkB/s     dkB/s   areq-sz    aqu-sz     await     %util
04:17:38 PM IST   nvme0n1      0.00      0.00      0.00      0.00      0.00      0.00      0.00      0.00
04:17:38 PM IST       sda   3382.00      0.00  15856.00      0.00      4.69      1.73      0.27     87.20

04:17:38 PM IST       DEV       tps     rkB/s     wkB/s     dkB/s   areq-sz    aqu-sz     await     %util
04:17:39 PM IST   nvme0n1      0.00      0.00      0.00      0.00      0.00      0.00      0.00      0.00
04:17:39 PM IST       sda   3240.00      0.00  14792.00      0.00      4.57      1.71      0.28     91.60

04:17:39 PM IST       DEV       tps     rkB/s     wkB/s     dkB/s   areq-sz    aqu-sz     await     %util
04:17:40 PM IST   nvme0n1      0.00      0.00      0.00      0.00      0.00      0.00      0.00      0.00
04:17:40 PM IST       sda   3106.00      0.00  14240.00      0.00      4.58      1.71      0.29     87.60

04:17:40 PM IST       DEV       tps     rkB/s     wkB/s     dkB/s   areq-sz    aqu-sz     await     %util
04:17:41 PM IST   nvme0n1      0.00      0.00      0.00      0.00      0.00      0.00      0.00      0.00
04:17:41 PM IST       sda   3013.00      0.00  13784.00      0.00      4.57      1.71      0.30     88.40

04:17:41 PM IST       DEV       tps     rkB/s     wkB/s     dkB/s   areq-sz    aqu-sz     await     %util
04:17:42 PM IST   nvme0n1      0.00      0.00      0.00      0.00      0.00      0.00      0.00      0.00
04:17:42 PM IST       sda   3276.00      0.00  15036.00      0.00      4.59      1.73      0.28     88.80

04:17:42 PM IST       DEV       tps     rkB/s     wkB/s     dkB/s   areq-sz    aqu-sz     await     %util
04:17:43 PM IST   nvme0n1      0.00      0.00      0.00      0.00      0.00      0.00      0.00      0.00
04:17:43 PM IST       sda   3364.00      0.00  15456.00      0.00      4.59      1.69      0.27     90.00

04:17:43 PM IST       DEV       tps     rkB/s     wkB/s     dkB/s   areq-sz    aqu-sz     await     %util
04:17:44 PM IST   nvme0n1      0.00      0.00      0.00      0.00      0.00      0.00      0.00      0.00
04:17:44 PM IST       sda   3313.00      0.00  15164.00      0.00      4.58      1.70      0.27     88.40

04:17:44 PM IST       DEV       tps     rkB/s     wkB/s     dkB/s   areq-sz    aqu-sz     await     %util
04:17:45 PM IST   nvme0n1      0.00      0.00      0.00      0.00      0.00      0.00      0.00      0.00
04:17:45 PM IST       sda   3312.00      0.00  15112.00      0.00      4.56      1.70      0.27     88.00

04:17:45 PM IST       DEV       tps     rkB/s     wkB/s     dkB/s   areq-sz    aqu-sz     await     %util
04:17:46 PM IST   nvme0n1      0.00      0.00      0.00      0.00      0.00      0.00      0.00      0.00
04:17:46 PM IST       sda   3221.00      0.00  14744.00      0.00      4.58      1.70      0.28     88.00

04:17:46 PM IST       DEV       tps     rkB/s     wkB/s     dkB/s   areq-sz    aqu-sz     await     %util
04:17:47 PM IST   nvme0n1      0.00      0.00      0.00      0.00      0.00      0.00      0.00      0.00
04:17:47 PM IST       sda   3078.00      0.00  14096.00      0.00      4.58      1.73      0.30     88.00

04:17:47 PM IST       DEV       tps     rkB/s     wkB/s     dkB/s   areq-sz    aqu-sz     await     %util
04:17:48 PM IST   nvme0n1      0.00      0.00      0.00      0.00      0.00      0.00      0.00      0.00
04:17:48 PM IST       sda   3014.00      0.00  13836.00      0.00      4.59      1.70      0.30     82.40
