Linux 6.12.33+kali-amd64 (two94) 	23/11/25 	_x86_64_	(12 CPU)

04:54:17 PM IST       DEV       tps     rkB/s     wkB/s     dkB/s   areq-sz    aqu-sz     await     %util
04:54:18 PM IST   nvme0n1      0.00      0.00      0.00      0.00      0.00      0.00      0.00      0.00
04:54:18 PM IST       sda     48.00      0.00    304.00      0.00      6.33      1.89     19.67     94.40

04:54:18 PM IST       DEV       tps     rkB/s     wkB/s     dkB/s   areq-sz    aqu-sz     await     %util
04:54:19 PM IST   nvme0n1      0.00      0.00      0.00      0.00      0.00      0.00      0.00      0.00
04:54:19 PM IST       sda     49.00      0.00    488.00      0.00      9.96      2.17     24.43     97.60

04:54:19 PM IST       DEV       tps     rkB/s     wkB/s     dkB/s   areq-sz    aqu-sz     await     %util
04:54:20 PM IST   nvme0n1      0.00      0.00      0.00      0.00      0.00      0.00      0.00      0.00
04:54:20 PM IST       sda     51.00      0.00    436.00      0.00      8.55      2.15     22.94     97.20

04:54:20 PM IST       DEV       tps     rkB/s     wkB/s     dkB/s   areq-sz    aqu-sz     await     %util
04:54:21 PM IST   nvme0n1      0.00      0.00      0.00      0.00      0.00      0.00      0.00      0.00
04:54:21 PM IST       sda    310.00      0.00   1464.00      0.00      4.72      0.29      0.50     14.00

04:54:21 PM IST       DEV       tps     rkB/s     wkB/s     dkB/s   areq-sz    aqu-sz     await     %util
04:54:22 PM IST   nvme0n1      0.00      0.00      0.00      0.00      0.00      0.00      0.00      0.00
04:54:22 PM IST       sda    316.00      0.00   1472.00      0.00      4.66      0.18      0.31      6.00

04:54:22 PM IST       DEV       tps     rkB/s     wkB/s     dkB/s   areq-sz    aqu-sz     await     %util
04:54:23 PM IST   nvme0n1      0.00      0.00      0.00      0.00      0.00      0.00      0.00      0.00
04:54:23 PM IST       sda    284.00      0.00   1336.00      0.00      4.70      0.17      0.32      7.20

04:54:23 PM IST       DEV       tps     rkB/s     wkB/s     dkB/s   areq-sz    aqu-sz     await     %util
04:54:24 PM IST   nvme0n1      0.00      0.00      0.00      0.00      0.00      0.00      0.00      0.00
04:54:24 PM IST       sda    249.00     16.00   1200.00      0.00      4.88      0.18      0.39     11.20

04:54:24 PM IST       DEV       tps     rkB/s     wkB/s     dkB/s   areq-sz    aqu-sz     await     %util
04:54:25 PM IST   nvme0n1      0.00      0.00      0.00      0.00      0.00      0.00      0.00      0.00
04:54:25 PM IST       sda    450.00      0.00   2096.00      0.00      4.66      0.21      0.28      9.60

04:54:25 PM IST       DEV       tps     rkB/s     wkB/s     dkB/s   areq-sz    aqu-sz     await     %util
04:54:26 PM IST   nvme0n1      0.00      0.00      0.00      0.00      0.00      0.00      0.00      0.00
04:54:26 PM IST       sda    320.00      0.00   1480.00      0.00      4.62      0.18      0.31      7.60

04:54:26 PM IST       DEV       tps     rkB/s     wkB/s     dkB/s   areq-sz    aqu-sz     await     %util
04:54:27 PM IST   nvme0n1      0.00      0.00      0.00      0.00      0.00      0.00      0.00      0.00
04:54:27 PM IST       sda    363.00      0.00   1716.00      0.00      4.73      0.21      0.31     12.80

04:54:27 PM IST       DEV       tps     rkB/s     wkB/s     dkB/s   areq-sz    aqu-sz     await     %util
04:54:28 PM IST   nvme0n1      0.00      0.00      0.00      0.00      0.00      0.00      0.00      0.00
04:54:28 PM IST       sda    310.00      0.00   1416.00      0.00      4.57      0.18      0.32      9.60

04:54:28 PM IST       DEV       tps     rkB/s     wkB/s     dkB/s   areq-sz    aqu-sz     await     %util
04:54:29 PM IST   nvme0n1      0.00      0.00      0.00      0.00      0.00      0.00      0.00      0.00
04:54:29 PM IST       sda    324.00      0.00   1564.00      0.00      4.83      0.19      0.31      8.00

04:54:29 PM IST       DEV       tps     rkB/s     wkB/s     dkB/s   areq-sz    aqu-sz     await     %util
04:54:30 PM IST   nvme0n1      0.00      0.00      0.00      0.00      0.00      0.00      0.00      0.00
04:54:30 PM IST       sda    330.00      0.00   1632.00      0.00      4.95      0.19      0.31      9.60

04:54:30 PM IST       DEV       tps     rkB/s     wkB/s     dkB/s   areq-sz    aqu-sz     await     %util
04:54:31 PM IST   nvme0n1      0.00      0.00      0.00      0.00      0.00      0.00      0.00      0.00
04:54:31 PM IST       sda    308.00     20.00   1420.00      0.00      4.68      0.18      0.32     10.40

04:54:31 PM IST       DEV       tps     rkB/s     wkB/s     dkB/s   areq-sz    aqu-sz     await     %util
04:54:32 PM IST   nvme0n1      0.00      0.00      0.00      0.00      0.00      0.00      0.00      0.00
04:54:32 PM IST       sda    418.00      0.00   2340.00      0.00      5.60      0.21      0.28      9.20

04:54:32 PM IST       DEV       tps     rkB/s     wkB/s     dkB/s   areq-sz    aqu-sz     await     %util
04:54:33 PM IST   nvme0n1      0.00      0.00      0.00      0.00      0.00      0.00      0.00      0.00
04:54:33 PM IST       sda    361.00      0.00   1800.00      0.00      4.99      0.21      0.31     14.00

04:54:33 PM IST       DEV       tps     rkB/s     wkB/s     dkB/s   areq-sz    aqu-sz     await     %util
04:54:34 PM IST   nvme0n1      0.00      0.00      0.00      0.00      0.00      0.00      0.00      0.00
04:54:34 PM IST       sda    365.00      0.00   1728.00      0.00      4.73      0.20      0.30     10.80

04:54:34 PM IST       DEV       tps     rkB/s     wkB/s     dkB/s   areq-sz    aqu-sz     await     %util
04:54:35 PM IST   nvme0n1      0.00      0.00      0.00      0.00      0.00      0.00      0.00      0.00
04:54:35 PM IST       sda    472.00      0.00   2316.00      0.00      4.91      0.24      0.29     10.80

04:54:35 PM IST       DEV       tps     rkB/s     wkB/s     dkB/s   areq-sz    aqu-sz     await     %util
04:54:36 PM IST   nvme0n1      0.00      0.00      0.00      0.00      0.00      0.00      0.00      0.00
04:54:36 PM IST       sda    428.00      0.00   2020.00      0.00      4.72      0.22      0.27     10.00

04:54:36 PM IST       DEV       tps     rkB/s     wkB/s     dkB/s   areq-sz    aqu-sz     await     %util
04:54:37 PM IST   nvme0n1      0.00      0.00      0.00      0.00      0.00      0.00      0.00      0.00
04:54:37 PM IST       sda    411.00      0.00   1928.00      0.00      4.69      0.21      0.27     10.80

04:54:37 PM IST       DEV       tps     rkB/s     wkB/s     dkB/s   areq-sz    aqu-sz     await     %util
04:54:38 PM IST   nvme0n1      0.00      0.00      0.00      0.00      0.00      0.00      0.00      0.00
04:54:38 PM IST       sda    411.00      0.00   1944.00      0.00      4.73      0.26      0.34     12.80

04:54:38 PM IST       DEV       tps     rkB/s     wkB/s     dkB/s   areq-sz    aqu-sz     await     %util
04:54:39 PM IST   nvme0n1      0.00      0.00      0.00      0.00      0.00      0.00      0.00      0.00
04:54:39 PM IST       sda    432.00      0.00   2140.00      0.00      4.95      0.22      0.27     11.60

04:54:39 PM IST       DEV       tps     rkB/s     wkB/s     dkB/s   areq-sz    aqu-sz     await     %util
04:54:40 PM IST   nvme0n1      0.00      0.00      0.00      0.00      0.00      0.00      0.00      0.00
04:54:40 PM IST       sda    449.00      0.00   2212.00      0.00      4.93      0.21      0.27     10.00

04:54:40 PM IST       DEV       tps     rkB/s     wkB/s     dkB/s   areq-sz    aqu-sz     await     %util
04:54:41 PM IST   nvme0n1      0.00      0.00      0.00      0.00      0.00      0.00      0.00      0.00
04:54:41 PM IST       sda    416.00      0.00   1968.00      0.00      4.73      0.20      0.26     11.60

04:54:41 PM IST       DEV       tps     rkB/s     wkB/s     dkB/s   areq-sz    aqu-sz     await     %util
04:54:42 PM IST   nvme0n1      0.00      0.00      0.00      0.00      0.00      0.00      0.00      0.00
04:54:42 PM IST       sda    403.00      0.00   1888.00      0.00      4.68      0.20      0.26     13.60

04:54:42 PM IST       DEV       tps     rkB/s     wkB/s     dkB/s   areq-sz    aqu-sz     await     %util
04:54:43 PM IST   nvme0n1      0.00      0.00      0.00      0.00      0.00      0.00      0.00      0.00
04:54:43 PM IST       sda    431.00      0.00   2088.00      0.00      4.84      0.21      0.27     11.60

04:54:43 PM IST       DEV       tps     rkB/s     wkB/s     dkB/s   areq-sz    aqu-sz     await     %util
04:54:44 PM IST   nvme0n1      0.00      0.00      0.00      0.00      0.00      0.00      0.00      0.00
04:54:44 PM IST       sda    424.00      0.00   1992.00      0.00      4.70      0.21      0.27      9.60

04:54:44 PM IST       DEV       tps     rkB/s     wkB/s     dkB/s   areq-sz    aqu-sz     await     %util
04:54:45 PM IST   nvme0n1      0.00      0.00      0.00      0.00      0.00      0.00      0.00      0.00
04:54:45 PM IST       sda    424.00      0.00   2036.00      0.00      4.80      0.21      0.26      6.80

04:54:45 PM IST       DEV       tps     rkB/s     wkB/s     dkB/s   areq-sz    aqu-sz     await     %util
04:54:46 PM IST   nvme0n1      0.00      0.00      0.00      0.00      0.00      0.00      0.00      0.00
04:54:46 PM IST       sda    482.00      0.00   2408.00      0.00      5.00      0.23      0.26     14.00

04:54:46 PM IST       DEV       tps     rkB/s     wkB/s     dkB/s   areq-sz    aqu-sz     await     %util
04:54:47 PM IST   nvme0n1      0.00      0.00      0.00      0.00      0.00      0.00      0.00      0.00
04:54:47 PM IST       sda    430.00      0.00   1992.00      0.00      4.63      0.20      0.25     10.80

04:54:47 PM IST       DEV       tps     rkB/s     wkB/s     dkB/s   areq-sz    aqu-sz     await     %util
04:54:48 PM IST   nvme0n1      0.00      0.00      0.00      0.00      0.00      0.00      0.00      0.00
04:54:48 PM IST       sda    425.00      0.00   1992.00      0.00      4.69      0.22      0.28     12.80

04:54:48 PM IST       DEV       tps     rkB/s     wkB/s     dkB/s   areq-sz    aqu-sz     await     %util
04:54:49 PM IST   nvme0n1      0.00      0.00      0.00      0.00      0.00      0.00      0.00      0.00
04:54:49 PM IST       sda    410.00      0.00   1928.00      0.00      4.70      0.22      0.28     10.00

04:54:49 PM IST       DEV       tps     rkB/s     wkB/s     dkB/s   areq-sz    aqu-sz     await     %util
04:54:50 PM IST   nvme0n1      0.00      0.00      0.00      0.00      0.00      0.00      0.00      0.00
04:54:50 PM IST       sda    345.00      0.00   1640.00      0.00      4.75      0.22      0.33     11.20

04:54:50 PM IST       DEV       tps     rkB/s     wkB/s     dkB/s   areq-sz    aqu-sz     await     %util
04:54:51 PM IST   nvme0n1      0.00      0.00      0.00      0.00      0.00      0.00      0.00      0.00
04:54:51 PM IST       sda    440.00      0.00   2080.00      0.00      4.73      0.20      0.25     13.60

04:54:51 PM IST       DEV       tps     rkB/s     wkB/s     dkB/s   areq-sz    aqu-sz     await     %util
04:54:52 PM IST   nvme0n1      0.00      0.00      0.00      0.00      0.00      0.00      0.00      0.00
04:54:52 PM IST       sda    393.00      0.00   1852.00      0.00      4.71      0.20      0.26      8.40

04:54:52 PM IST       DEV       tps     rkB/s     wkB/s     dkB/s   areq-sz    aqu-sz     await     %util
04:54:53 PM IST   nvme0n1      0.00      0.00      0.00      0.00      0.00      0.00      0.00      0.00
04:54:53 PM IST       sda    371.00      0.00   1880.00      0.00      5.07      0.18      0.27      9.60

04:54:53 PM IST       DEV       tps     rkB/s     wkB/s     dkB/s   areq-sz    aqu-sz     await     %util
04:54:54 PM IST   nvme0n1      0.00      0.00      0.00      0.00      0.00      0.00      0.00      0.00
04:54:54 PM IST       sda    420.00      0.00   2008.00      0.00      4.78      0.21      0.26      8.40

04:54:54 PM IST       DEV       tps     rkB/s     wkB/s     dkB/s   areq-sz    aqu-sz     await     %util
04:54:55 PM IST   nvme0n1      0.00      0.00      0.00      0.00      0.00      0.00      0.00      0.00
04:54:55 PM IST       sda    407.00      0.00   2000.00      0.00      4.91      0.20      0.26     12.80

04:54:55 PM IST       DEV       tps     rkB/s     wkB/s     dkB/s   areq-sz    aqu-sz     await     %util
04:54:56 PM IST   nvme0n1      0.00      0.00      0.00      0.00      0.00      0.00      0.00      0.00
04:54:56 PM IST       sda    497.00      0.00   2248.00      0.00      4.52      0.21      0.24      8.00

04:54:56 PM IST       DEV       tps     rkB/s     wkB/s     dkB/s   areq-sz    aqu-sz     await     %util
04:54:57 PM IST   nvme0n1      0.00      0.00      0.00      0.00      0.00      0.00      0.00      0.00
04:54:57 PM IST       sda    412.00      0.00   1968.00      0.00      4.78      0.20      0.27     13.20

04:54:57 PM IST       DEV       tps     rkB/s     wkB/s     dkB/s   areq-sz    aqu-sz     await     %util
04:54:58 PM IST   nvme0n1      0.00      0.00      0.00      0.00      0.00      0.00      0.00      0.00
04:54:58 PM IST       sda    404.00      0.00   1872.00      0.00      4.63      0.20      0.27     12.40

04:54:58 PM IST       DEV       tps     rkB/s     wkB/s     dkB/s   areq-sz    aqu-sz     await     %util
04:54:59 PM IST   nvme0n1      0.00      0.00      0.00      0.00      0.00      0.00      0.00      0.00
04:54:59 PM IST       sda    390.00      0.00   1948.00      0.00      4.99      0.20      0.28      6.80

04:54:59 PM IST       DEV       tps     rkB/s     wkB/s     dkB/s   areq-sz    aqu-sz     await     %util
04:55:00 PM IST   nvme0n1      0.00      0.00      0.00      0.00      0.00      0.00      0.00      0.00
04:55:00 PM IST       sda    385.00      0.00   1916.00      0.00      4.98      0.20      0.27      9.60

04:55:00 PM IST       DEV       tps     rkB/s     wkB/s     dkB/s   areq-sz    aqu-sz     await     %util
04:55:01 PM IST   nvme0n1      0.00      0.00      0.00      0.00      0.00      0.00      0.00      0.00
04:55:01 PM IST       sda    430.00      0.00   2032.00      0.00      4.73      0.22      0.27     15.20

04:55:01 PM IST       DEV       tps     rkB/s     wkB/s     dkB/s   areq-sz    aqu-sz     await     %util
04:55:02 PM IST   nvme0n1      0.00      0.00      0.00      0.00      0.00      0.00      0.00      0.00
04:55:02 PM IST       sda    416.00      0.00   1984.00      0.00      4.77      0.20      0.26      8.40

04:55:02 PM IST       DEV       tps     rkB/s     wkB/s     dkB/s   areq-sz    aqu-sz     await     %util
04:55:03 PM IST   nvme0n1      0.00      0.00      0.00      0.00      0.00      0.00      0.00      0.00
04:55:03 PM IST       sda    424.00      0.00   2060.00      0.00      4.86      0.26      0.34     12.00

04:55:03 PM IST       DEV       tps     rkB/s     wkB/s     dkB/s   areq-sz    aqu-sz     await     %util
04:55:04 PM IST   nvme0n1      0.00      0.00      0.00      0.00      0.00      0.00      0.00      0.00
04:55:04 PM IST       sda    384.00      0.00   1932.00      0.00      5.03      0.21      0.30      7.60

04:55:04 PM IST       DEV       tps     rkB/s     wkB/s     dkB/s   areq-sz    aqu-sz     await     %util
04:55:05 PM IST   nvme0n1      0.00      0.00      0.00      0.00      0.00      0.00      0.00      0.00
04:55:05 PM IST       sda    403.00     56.00   1888.00      0.00      4.82      0.21      0.29      8.40

04:55:05 PM IST       DEV       tps     rkB/s     wkB/s     dkB/s   areq-sz    aqu-sz     await     %util
04:55:06 PM IST   nvme0n1      0.00      0.00      0.00      0.00      0.00      0.00      0.00      0.00
04:55:06 PM IST       sda    480.00      0.00   2264.00      0.00      4.72      0.22      0.25      7.60

04:55:06 PM IST       DEV       tps     rkB/s     wkB/s     dkB/s   areq-sz    aqu-sz     await     %util
04:55:07 PM IST   nvme0n1      0.00      0.00      0.00      0.00      0.00      0.00      0.00      0.00
04:55:07 PM IST       sda    388.00      0.00   1848.00      0.00      4.76      0.20      0.28     10.80

04:55:07 PM IST       DEV       tps     rkB/s     wkB/s     dkB/s   areq-sz    aqu-sz     await     %util
04:55:08 PM IST   nvme0n1      0.00      0.00      0.00      0.00      0.00      0.00      0.00      0.00
04:55:08 PM IST       sda    391.00      0.00   1868.00      0.00      4.78      0.21      0.29     14.40

04:55:08 PM IST       DEV       tps     rkB/s     wkB/s     dkB/s   areq-sz    aqu-sz     await     %util
04:55:09 PM IST   nvme0n1      0.00      0.00      0.00      0.00      0.00      0.00      0.00      0.00
04:55:09 PM IST       sda    415.00      8.00   2028.00      0.00      4.91      0.22      0.28     10.80

04:55:09 PM IST       DEV       tps     rkB/s     wkB/s     dkB/s   areq-sz    aqu-sz     await     %util
04:55:10 PM IST   nvme0n1      0.00      0.00      0.00      0.00      0.00      0.00      0.00      0.00
04:55:10 PM IST       sda    378.00      0.00   1784.00      0.00      4.72      0.20      0.28     11.60

04:55:10 PM IST       DEV       tps     rkB/s     wkB/s     dkB/s   areq-sz    aqu-sz     await     %util
04:55:11 PM IST   nvme0n1      0.00      0.00      0.00      0.00      0.00      0.00      0.00      0.00
04:55:11 PM IST       sda    422.00      8.00   1960.00      0.00      4.66      0.21      0.26     10.40

04:55:11 PM IST       DEV       tps     rkB/s     wkB/s     dkB/s   areq-sz    aqu-sz     await     %util
04:55:12 PM IST   nvme0n1      0.00      0.00      0.00      0.00      0.00      0.00      0.00      0.00
04:55:12 PM IST       sda    395.00      0.00   1856.00      0.00      4.70      0.21      0.28      8.80

04:55:12 PM IST       DEV       tps     rkB/s     wkB/s     dkB/s   areq-sz    aqu-sz     await     %util
04:55:13 PM IST   nvme0n1      0.00      0.00      0.00      0.00      0.00      0.00      0.00      0.00
04:55:13 PM IST       sda    357.00      0.00   1756.00      0.00      4.92      0.20      0.31     10.00

04:55:13 PM IST       DEV       tps     rkB/s     wkB/s     dkB/s   areq-sz    aqu-sz     await     %util
04:55:14 PM IST   nvme0n1      0.00      0.00      0.00      0.00      0.00      0.00      0.00      0.00
04:55:14 PM IST       sda    411.00      0.00   2160.00      0.00      5.26      0.21      0.29     11.20

04:55:14 PM IST       DEV       tps     rkB/s     wkB/s     dkB/s   areq-sz    aqu-sz     await     %util
04:55:15 PM IST   nvme0n1      0.00      0.00      0.00      0.00      0.00      0.00      0.00      0.00
04:55:15 PM IST       sda    375.00      0.00   1860.00      0.00      4.96      0.21      0.30     12.80

04:55:15 PM IST       DEV       tps     rkB/s     wkB/s     dkB/s   areq-sz    aqu-sz     await     %util
04:55:16 PM IST   nvme0n1      0.00      0.00      0.00      0.00      0.00      0.00      0.00      0.00
04:55:16 PM IST       sda    323.00      0.00   1520.00      0.00      4.71      0.21      0.34      9.60

04:55:16 PM IST       DEV       tps     rkB/s     wkB/s     dkB/s   areq-sz    aqu-sz     await     %util
04:55:17 PM IST   nvme0n1      0.00      0.00      0.00      0.00      0.00      0.00      0.00      0.00
04:55:17 PM IST       sda    324.00      0.00   1512.00      0.00      4.67      0.19      0.31      8.40

04:55:17 PM IST       DEV       tps     rkB/s     wkB/s     dkB/s   areq-sz    aqu-sz     await     %util
04:55:18 PM IST   nvme0n1      0.00      0.00      0.00      0.00      0.00      0.00      0.00      0.00
04:55:18 PM IST       sda    308.00      0.00   1448.00      0.00      4.70      0.17      0.30     11.60

04:55:18 PM IST       DEV       tps     rkB/s     wkB/s     dkB/s   areq-sz    aqu-sz     await     %util
04:55:19 PM IST   nvme0n1      0.00      0.00      0.00      0.00      0.00      0.00      0.00      0.00
04:55:19 PM IST       sda    341.00      0.00   1620.00      0.00      4.75      0.20      0.31     11.20

04:55:19 PM IST       DEV       tps     rkB/s     wkB/s     dkB/s   areq-sz    aqu-sz     await     %util
04:55:20 PM IST   nvme0n1      0.00      0.00      0.00      0.00      0.00      0.00      0.00      0.00
04:55:20 PM IST       sda    342.00      0.00   1664.00      0.00      4.87      0.19      0.30     10.40

04:55:20 PM IST       DEV       tps     rkB/s     wkB/s     dkB/s   areq-sz    aqu-sz     await     %util
04:55:21 PM IST   nvme0n1      0.00      0.00      0.00      0.00      0.00      0.00      0.00      0.00
04:55:21 PM IST       sda    357.00      0.00   1716.00      0.00      4.81      0.21      0.31     11.20

04:55:21 PM IST       DEV       tps     rkB/s     wkB/s     dkB/s   areq-sz    aqu-sz     await     %util
04:55:22 PM IST   nvme0n1      0.00      0.00      0.00      0.00      0.00      0.00      0.00      0.00
04:55:22 PM IST       sda    394.00      0.00   1956.00      0.00      4.96      0.20      0.29     10.00

04:55:22 PM IST       DEV       tps     rkB/s     wkB/s     dkB/s   areq-sz    aqu-sz     await     %util
04:55:23 PM IST   nvme0n1      0.00      0.00      0.00      0.00      0.00      0.00      0.00      0.00
04:55:23 PM IST       sda    332.00      0.00   1560.00      0.00      4.70      0.19      0.30     12.40

04:55:23 PM IST       DEV       tps     rkB/s     wkB/s     dkB/s   areq-sz    aqu-sz     await     %util
04:55:24 PM IST   nvme0n1      0.00      0.00      0.00      0.00      0.00      0.00      0.00      0.00
04:55:24 PM IST       sda    375.00      0.00   1856.00      0.00      4.95      0.21      0.30     14.80

04:55:24 PM IST       DEV       tps     rkB/s     wkB/s     dkB/s   areq-sz    aqu-sz     await     %util
04:55:25 PM IST   nvme0n1      0.00      0.00      0.00      0.00      0.00      0.00      0.00      0.00
04:55:25 PM IST       sda    418.00      0.00   1992.00      0.00      4.77      0.22      0.29     12.00

04:55:25 PM IST       DEV       tps     rkB/s     wkB/s     dkB/s   areq-sz    aqu-sz     await     %util
04:55:26 PM IST   nvme0n1      0.00      0.00      0.00      0.00      0.00      0.00      0.00      0.00
04:55:26 PM IST       sda    427.00      0.00   2112.00      0.00      4.95      0.24      0.30     14.80

04:55:26 PM IST       DEV       tps     rkB/s     wkB/s     dkB/s   areq-sz    aqu-sz     await     %util
04:55:27 PM IST   nvme0n1      0.00      0.00      0.00      0.00      0.00      0.00      0.00      0.00
04:55:27 PM IST       sda    540.00      0.00   2440.00      0.00      4.52      0.25      0.26     10.40

04:55:27 PM IST       DEV       tps     rkB/s     wkB/s     dkB/s   areq-sz    aqu-sz     await     %util
04:55:28 PM IST   nvme0n1      0.00      0.00      0.00      0.00      0.00      0.00      0.00      0.00
04:55:28 PM IST       sda    445.00      0.00   2192.00      0.00      4.93      0.23      0.28     12.40

04:55:28 PM IST       DEV       tps     rkB/s     wkB/s     dkB/s   areq-sz    aqu-sz     await     %util
04:55:29 PM IST   nvme0n1      0.00      0.00      0.00      0.00      0.00      0.00      0.00      0.00
04:55:29 PM IST       sda    405.94      0.00   2047.52      0.00      5.04      0.20      0.27      9.50

04:55:29 PM IST       DEV       tps     rkB/s     wkB/s     dkB/s   areq-sz    aqu-sz     await     %util
04:55:30 PM IST   nvme0n1      0.00      0.00      0.00      0.00      0.00      0.00      0.00      0.00
04:55:30 PM IST       sda    435.00      0.00   2192.00      0.00      5.04      0.27      0.33     17.60

04:55:30 PM IST       DEV       tps     rkB/s     wkB/s     dkB/s   areq-sz    aqu-sz     await     %util
04:55:31 PM IST   nvme0n1      0.00      0.00      0.00      0.00      0.00      0.00      0.00      0.00
04:55:31 PM IST       sda    429.00      0.00   2008.00      0.00      4.68      0.21      0.27     11.20

04:55:31 PM IST       DEV       tps     rkB/s     wkB/s     dkB/s   areq-sz    aqu-sz     await     %util
04:55:32 PM IST   nvme0n1      0.00      0.00      0.00      0.00      0.00      0.00      0.00      0.00
04:55:32 PM IST       sda    427.00      0.00   1984.00      0.00      4.65      0.21      0.26     13.20

04:55:32 PM IST       DEV       tps     rkB/s     wkB/s     dkB/s   areq-sz    aqu-sz     await     %util
04:55:33 PM IST   nvme0n1      0.00      0.00      0.00      0.00      0.00      0.00      0.00      0.00
04:55:33 PM IST       sda    431.00      0.00   2056.00      0.00      4.77      0.21      0.26      9.60

04:55:33 PM IST       DEV       tps     rkB/s     wkB/s     dkB/s   areq-sz    aqu-sz     await     %util
04:55:34 PM IST   nvme0n1      0.00      0.00      0.00      0.00      0.00      0.00      0.00      0.00
04:55:34 PM IST       sda    413.00      0.00   1964.00      0.00      4.76      0.21      0.27     10.00

04:55:34 PM IST       DEV       tps     rkB/s     wkB/s     dkB/s   areq-sz    aqu-sz     await     %util
04:55:35 PM IST   nvme0n1      0.00      0.00      0.00      0.00      0.00      0.00      0.00      0.00
04:55:35 PM IST       sda    425.00      0.00   2116.00      0.00      4.98      0.22      0.27     12.40

04:55:35 PM IST       DEV       tps     rkB/s     wkB/s     dkB/s   areq-sz    aqu-sz     await     %util
04:55:36 PM IST   nvme0n1      0.00      0.00      0.00      0.00      0.00      0.00      0.00      0.00
04:55:36 PM IST       sda    545.00      0.00   2608.00      0.00      4.79      0.25      0.27     11.20

04:55:36 PM IST       DEV       tps     rkB/s     wkB/s     dkB/s   areq-sz    aqu-sz     await     %util
04:55:37 PM IST   nvme0n1      0.00      0.00      0.00      0.00      0.00      0.00      0.00      0.00
04:55:37 PM IST       sda    428.00      0.00   1996.00      0.00      4.66      0.21      0.26     12.80

04:55:37 PM IST       DEV       tps     rkB/s     wkB/s     dkB/s   areq-sz    aqu-sz     await     %util
04:55:38 PM IST   nvme0n1      0.00      0.00      0.00      0.00      0.00      0.00      0.00      0.00
04:55:38 PM IST       sda    417.00      0.00   1960.00      0.00      4.70      0.20      0.26     10.80

04:55:38 PM IST       DEV       tps     rkB/s     wkB/s     dkB/s   areq-sz    aqu-sz     await     %util
04:55:39 PM IST   nvme0n1      0.00      0.00      0.00      0.00      0.00      0.00      0.00      0.00
04:55:39 PM IST       sda    431.00      0.00   2084.00      0.00      4.84      0.21      0.26     10.00

04:55:39 PM IST       DEV       tps     rkB/s     wkB/s     dkB/s   areq-sz    aqu-sz     await     %util
04:55:40 PM IST   nvme0n1      0.00      0.00      0.00      0.00      0.00      0.00      0.00      0.00
04:55:40 PM IST       sda    420.00      0.00   1960.00      0.00      4.67      0.22      0.27     12.40

04:55:40 PM IST       DEV       tps     rkB/s     wkB/s     dkB/s   areq-sz    aqu-sz     await     %util
04:55:41 PM IST   nvme0n1      0.00      0.00      0.00      0.00      0.00      0.00      0.00      0.00
04:55:41 PM IST       sda    395.00      0.00   1884.00      0.00      4.77      0.21      0.29     10.00

04:55:41 PM IST       DEV       tps     rkB/s     wkB/s     dkB/s   areq-sz    aqu-sz     await     %util
04:55:42 PM IST   nvme0n1      0.00      0.00      0.00      0.00      0.00      0.00      0.00      0.00
04:55:42 PM IST       sda    402.00      0.00   1904.00      0.00      4.74      0.24      0.32     11.60

04:55:42 PM IST       DEV       tps     rkB/s     wkB/s     dkB/s   areq-sz    aqu-sz     await     %util
04:55:43 PM IST   nvme0n1      0.00      0.00      0.00      0.00      0.00      0.00      0.00      0.00
04:55:43 PM IST       sda    409.00      0.00   1952.00      0.00      4.77      0.20      0.26     10.00

04:55:43 PM IST       DEV       tps     rkB/s     wkB/s     dkB/s   areq-sz    aqu-sz     await     %util
04:55:44 PM IST   nvme0n1      0.00      0.00      0.00      0.00      0.00      0.00      0.00      0.00
04:55:44 PM IST       sda    448.00      0.00   2096.00      0.00      4.68      0.22      0.26     11.20

04:55:44 PM IST       DEV       tps     rkB/s     wkB/s     dkB/s   areq-sz    aqu-sz     await     %util
04:55:45 PM IST   nvme0n1      0.00      0.00      0.00      0.00      0.00      0.00      0.00      0.00
04:55:45 PM IST       sda    439.00      0.00   2148.00      0.00      4.89      0.22      0.26     11.20

04:55:45 PM IST       DEV       tps     rkB/s     wkB/s     dkB/s   areq-sz    aqu-sz     await     %util
04:55:46 PM IST   nvme0n1      0.00      0.00      0.00      0.00      0.00      0.00      0.00      0.00
04:55:46 PM IST       sda    425.00      0.00   2008.00      0.00      4.72      0.21      0.26      8.40

04:55:46 PM IST       DEV       tps     rkB/s     wkB/s     dkB/s   areq-sz    aqu-sz     await     %util
04:55:47 PM IST   nvme0n1      0.00      0.00      0.00      0.00      0.00      0.00      0.00      0.00
04:55:47 PM IST       sda    425.00      0.00   2088.00      0.00      4.91      0.21      0.27     12.80

04:55:47 PM IST       DEV       tps     rkB/s     wkB/s     dkB/s   areq-sz    aqu-sz     await     %util
04:55:48 PM IST   nvme0n1      0.00      0.00      0.00      0.00      0.00      0.00      0.00      0.00
04:55:48 PM IST       sda    440.00      0.00   2048.00      0.00      4.65      0.22      0.27     14.00

04:55:48 PM IST       DEV       tps     rkB/s     wkB/s     dkB/s   areq-sz    aqu-sz     await     %util
04:55:49 PM IST   nvme0n1      0.00      0.00      0.00      0.00      0.00      0.00      0.00      0.00
04:55:49 PM IST       sda    433.00      0.00   2184.00      0.00      5.04      0.21      0.26     12.40

04:55:49 PM IST       DEV       tps     rkB/s     wkB/s     dkB/s   areq-sz    aqu-sz     await     %util
04:55:50 PM IST   nvme0n1      0.00      0.00      0.00      0.00      0.00      0.00      0.00      0.00
04:55:50 PM IST       sda    428.00      0.00   2008.00      0.00      4.69      0.21      0.27     14.00

04:55:50 PM IST       DEV       tps     rkB/s     wkB/s     dkB/s   areq-sz    aqu-sz     await     %util
04:55:51 PM IST   nvme0n1      0.00      0.00      0.00      0.00      0.00      0.00      0.00      0.00
04:55:51 PM IST       sda    433.00      0.00   2048.00      0.00      4.73      0.22      0.27     11.20

04:55:51 PM IST       DEV       tps     rkB/s     wkB/s     dkB/s   areq-sz    aqu-sz     await     %util
04:55:52 PM IST   nvme0n1      0.00      0.00      0.00      0.00      0.00      0.00      0.00      0.00
04:55:52 PM IST       sda    412.00      0.00   1980.00      0.00      4.81      0.20      0.26     10.00

04:55:52 PM IST       DEV       tps     rkB/s     wkB/s     dkB/s   areq-sz    aqu-sz     await     %util
04:55:53 PM IST   nvme0n1      0.00      0.00      0.00      0.00      0.00      0.00      0.00      0.00
04:55:53 PM IST       sda    446.00      0.00   2236.00      0.00      5.01      0.21      0.26     10.80

04:55:53 PM IST       DEV       tps     rkB/s     wkB/s     dkB/s   areq-sz    aqu-sz     await     %util
04:55:54 PM IST   nvme0n1      0.00      0.00      0.00      0.00      0.00      0.00      0.00      0.00
04:55:54 PM IST       sda    418.00      0.00   2036.00      0.00      4.87      0.23      0.29     10.40

04:55:54 PM IST       DEV       tps     rkB/s     wkB/s     dkB/s   areq-sz    aqu-sz     await     %util
04:55:55 PM IST   nvme0n1      0.00      0.00      0.00      0.00      0.00      0.00      0.00      0.00
04:55:55 PM IST       sda    414.00      0.00   2036.00      0.00      4.92      0.22      0.29     13.20

04:55:55 PM IST       DEV       tps     rkB/s     wkB/s     dkB/s   areq-sz    aqu-sz     await     %util
04:55:56 PM IST   nvme0n1      0.00      0.00      0.00      0.00      0.00      0.00      0.00      0.00
04:55:56 PM IST       sda    391.00      0.00   1824.00      0.00      4.66      0.22      0.29     10.80

04:55:56 PM IST       DEV       tps     rkB/s     wkB/s     dkB/s   areq-sz    aqu-sz     await     %util
04:55:57 PM IST   nvme0n1      0.00      0.00      0.00      0.00      0.00      0.00      0.00      0.00
04:55:57 PM IST       sda    496.00      0.00   2284.00      0.00      4.60      0.21      0.24     12.00

04:55:57 PM IST       DEV       tps     rkB/s     wkB/s     dkB/s   areq-sz    aqu-sz     await     %util
04:55:58 PM IST   nvme0n1      0.00      0.00      0.00      0.00      0.00      0.00      0.00      0.00
04:55:58 PM IST       sda    470.00      0.00   2176.00      0.00      4.63      0.23      0.28     13.20

04:55:58 PM IST       DEV       tps     rkB/s     wkB/s     dkB/s   areq-sz    aqu-sz     await     %util
04:55:59 PM IST   nvme0n1      0.00      0.00      0.00      0.00      0.00      0.00      0.00      0.00
04:55:59 PM IST       sda    401.00      0.00   1888.00      0.00      4.71      0.21      0.28     10.40

04:55:59 PM IST       DEV       tps     rkB/s     wkB/s     dkB/s   areq-sz    aqu-sz     await     %util
04:56:00 PM IST   nvme0n1      0.00      0.00      0.00      0.00      0.00      0.00      0.00      0.00
04:56:00 PM IST       sda    409.00      0.00   1956.00      0.00      4.78      0.23      0.29     11.60

04:56:00 PM IST       DEV       tps     rkB/s     wkB/s     dkB/s   areq-sz    aqu-sz     await     %util
04:56:01 PM IST   nvme0n1      0.00      0.00      0.00      0.00      0.00      0.00      0.00      0.00
04:56:01 PM IST       sda    432.00      0.00   2116.00      0.00      4.90      0.22      0.28     14.40

04:56:01 PM IST       DEV       tps     rkB/s     wkB/s     dkB/s   areq-sz    aqu-sz     await     %util
04:56:02 PM IST   nvme0n1      0.00      0.00      0.00      0.00      0.00      0.00      0.00      0.00
04:56:02 PM IST       sda    432.00     36.00   2024.00      0.00      4.77      0.21      0.26      9.60

04:56:02 PM IST       DEV       tps     rkB/s     wkB/s     dkB/s   areq-sz    aqu-sz     await     %util
04:56:03 PM IST   nvme0n1      0.00      0.00      0.00      0.00      0.00      0.00      0.00      0.00
04:56:03 PM IST       sda    400.00      0.00   1880.00      0.00      4.70      0.21      0.28     12.80

04:56:03 PM IST       DEV       tps     rkB/s     wkB/s     dkB/s   areq-sz    aqu-sz     await     %util
04:56:04 PM IST   nvme0n1      0.00      0.00      0.00      0.00      0.00      0.00      0.00      0.00
04:56:04 PM IST       sda    402.00      0.00   1948.00      0.00      4.85      0.22      0.30     10.40

04:56:04 PM IST       DEV       tps     rkB/s     wkB/s     dkB/s   areq-sz    aqu-sz     await     %util
04:56:05 PM IST   nvme0n1      0.00      0.00      0.00      0.00      0.00      0.00      0.00      0.00
04:56:05 PM IST       sda    389.00      0.00   1872.00      0.00      4.81      0.21      0.29     11.20

04:56:05 PM IST       DEV       tps     rkB/s     wkB/s     dkB/s   areq-sz    aqu-sz     await     %util
04:56:06 PM IST   nvme0n1      0.00      0.00      0.00      0.00      0.00      0.00      0.00      0.00
04:56:06 PM IST       sda    418.00      0.00   2072.00      0.00      4.96      0.24      0.30     14.00

04:56:06 PM IST       DEV       tps     rkB/s     wkB/s     dkB/s   areq-sz    aqu-sz     await     %util
04:56:07 PM IST   nvme0n1      0.00      0.00      0.00      0.00      0.00      0.00      0.00      0.00
04:56:07 PM IST       sda    383.00      0.00   1828.00      0.00      4.77      0.25      0.34     14.00

04:56:07 PM IST       DEV       tps     rkB/s     wkB/s     dkB/s   areq-sz    aqu-sz     await     %util
04:56:08 PM IST   nvme0n1      0.00      0.00      0.00      0.00      0.00      0.00      0.00      0.00
04:56:08 PM IST       sda    389.00      0.00   1856.00      0.00      4.77      0.22      0.30     10.40

04:56:08 PM IST       DEV       tps     rkB/s     wkB/s     dkB/s   areq-sz    aqu-sz     await     %util
04:56:09 PM IST   nvme0n1      0.00      0.00      0.00      0.00      0.00      0.00      0.00      0.00
04:56:09 PM IST       sda    418.00      0.00   2024.00      0.00      4.84      0.23      0.29     12.80

04:56:09 PM IST       DEV       tps     rkB/s     wkB/s     dkB/s   areq-sz    aqu-sz     await     %util
04:56:10 PM IST   nvme0n1      0.00      0.00      0.00      0.00      0.00      0.00      0.00      0.00
04:56:10 PM IST       sda    385.00      0.00   1872.00      0.00      4.86      0.22      0.30     11.60

04:56:10 PM IST       DEV       tps     rkB/s     wkB/s     dkB/s   areq-sz    aqu-sz     await     %util
04:56:11 PM IST   nvme0n1      0.00      0.00      0.00      0.00      0.00      0.00      0.00      0.00
04:56:11 PM IST       sda    418.00      0.00   2052.00      0.00      4.91      0.23      0.29     14.40

04:56:11 PM IST       DEV       tps     rkB/s     wkB/s     dkB/s   areq-sz    aqu-sz     await     %util
04:56:12 PM IST   nvme0n1      0.00      0.00      0.00      0.00      0.00      0.00      0.00      0.00
04:56:12 PM IST       sda    397.00      0.00   1888.00      0.00      4.76      0.22      0.29      8.80

04:56:12 PM IST       DEV       tps     rkB/s     wkB/s     dkB/s   areq-sz    aqu-sz     await     %util
04:56:13 PM IST   nvme0n1      0.00      0.00      0.00      0.00      0.00      0.00      0.00      0.00
04:56:13 PM IST       sda    395.00      0.00   6388.00      0.00     16.17      0.23      0.32     15.60

04:56:13 PM IST       DEV       tps     rkB/s     wkB/s     dkB/s   areq-sz    aqu-sz     await     %util
04:56:14 PM IST   nvme0n1      0.00      0.00      0.00      0.00      0.00      0.00      0.00      0.00
04:56:14 PM IST       sda    402.00      0.00   3528.00      0.00      8.78      0.23      0.30      9.20

04:56:14 PM IST       DEV       tps     rkB/s     wkB/s     dkB/s   areq-sz    aqu-sz     await     %util
04:56:15 PM IST   nvme0n1      0.00      0.00      0.00      0.00      0.00      0.00      0.00      0.00
04:56:15 PM IST       sda    433.00      0.00   2692.00      0.00      6.22      0.23      0.28     14.40

04:56:15 PM IST       DEV       tps     rkB/s     wkB/s     dkB/s   areq-sz    aqu-sz     await     %util
04:56:16 PM IST   nvme0n1      0.00      0.00      0.00      0.00      0.00      0.00      0.00      0.00
04:56:16 PM IST       sda    449.00      0.00   2424.00      0.00      5.40      0.23      0.27     10.80

04:56:16 PM IST       DEV       tps     rkB/s     wkB/s     dkB/s   areq-sz    aqu-sz     await     %util
04:56:17 PM IST   nvme0n1      0.00      0.00      0.00      0.00      0.00      0.00      0.00      0.00
04:56:17 PM IST       sda    414.00      0.00   2040.00      0.00      4.93      0.21      0.27      9.60

04:56:17 PM IST       DEV       tps     rkB/s     wkB/s     dkB/s   areq-sz    aqu-sz     await     %util
04:56:18 PM IST   nvme0n1      0.00      0.00      0.00      0.00      0.00      0.00      0.00      0.00
04:56:18 PM IST       sda    434.00      0.00   2092.00      0.00      4.82      0.24      0.29     13.20

04:56:18 PM IST       DEV       tps     rkB/s     wkB/s     dkB/s   areq-sz    aqu-sz     await     %util
04:56:19 PM IST   nvme0n1      0.00      0.00      0.00      0.00      0.00      0.00      0.00      0.00
04:56:19 PM IST       sda    439.00      0.00   2468.00      0.00      5.62      0.21      0.26     10.40

04:56:19 PM IST       DEV       tps     rkB/s     wkB/s     dkB/s   areq-sz    aqu-sz     await     %util
04:56:20 PM IST   nvme0n1      0.00      0.00      0.00      0.00      0.00      0.00      0.00      0.00
04:56:20 PM IST       sda    448.00      0.00   2228.00      0.00      4.97      0.21      0.25      7.60

04:56:20 PM IST       DEV       tps     rkB/s     wkB/s     dkB/s   areq-sz    aqu-sz     await     %util
04:56:21 PM IST   nvme0n1      0.00      0.00      0.00      0.00      0.00      0.00      0.00      0.00
04:56:21 PM IST       sda    424.00      0.00   2040.00      0.00      4.81      0.20      0.25     13.20

04:56:21 PM IST       DEV       tps     rkB/s     wkB/s     dkB/s   areq-sz    aqu-sz     await     %util
04:56:22 PM IST   nvme0n1      0.00      0.00      0.00      0.00      0.00      0.00      0.00      0.00
04:56:22 PM IST       sda    418.00      0.00   2224.00      0.00      5.32      0.20      0.26      6.40

04:56:22 PM IST       DEV       tps     rkB/s     wkB/s     dkB/s   areq-sz    aqu-sz     await     %util
04:56:23 PM IST   nvme0n1      0.00      0.00      0.00      0.00      0.00      0.00      0.00      0.00
04:56:23 PM IST       sda    423.00      0.00   2048.00      0.00      4.84      0.20      0.26      9.60

04:56:23 PM IST       DEV       tps     rkB/s     wkB/s     dkB/s   areq-sz    aqu-sz     await     %util
04:56:24 PM IST   nvme0n1      0.00      0.00      0.00      0.00      0.00      0.00      0.00      0.00
04:56:24 PM IST       sda    428.00      0.00   2060.00      0.00      4.81      0.21      0.26     10.00

04:56:24 PM IST       DEV       tps     rkB/s     wkB/s     dkB/s   areq-sz    aqu-sz     await     %util
04:56:25 PM IST   nvme0n1      0.00      0.00      0.00      0.00      0.00      0.00      0.00      0.00
04:56:25 PM IST       sda    456.00      0.00   2400.00      0.00      5.26      0.21      0.25     10.40

04:56:25 PM IST       DEV       tps     rkB/s     wkB/s     dkB/s   areq-sz    aqu-sz     await     %util
04:56:26 PM IST   nvme0n1      0.00      0.00      0.00      0.00      0.00      0.00      0.00      0.00
04:56:26 PM IST       sda    473.00      0.00   2232.00      0.00      4.72      0.22      0.25     13.20

04:56:26 PM IST       DEV       tps     rkB/s     wkB/s     dkB/s   areq-sz    aqu-sz     await     %util
04:56:27 PM IST   nvme0n1      0.00      0.00      0.00      0.00      0.00      0.00      0.00      0.00
04:56:27 PM IST       sda    464.00      0.00   2104.00      0.00      4.53      0.22      0.26     14.80

04:56:27 PM IST       DEV       tps     rkB/s     wkB/s     dkB/s   areq-sz    aqu-sz     await     %util
04:56:28 PM IST   nvme0n1      0.00      0.00      0.00      0.00      0.00      0.00      0.00      0.00
04:56:28 PM IST       sda    577.00      0.00   2668.00      0.00      4.62      0.25      0.24     10.80

04:56:28 PM IST       DEV       tps     rkB/s     wkB/s     dkB/s   areq-sz    aqu-sz     await     %util
04:56:29 PM IST   nvme0n1      0.00      0.00      0.00      0.00      0.00      0.00      0.00      0.00
04:56:29 PM IST       sda    417.00      0.00   2272.00      0.00      5.45      0.21      0.27      9.20

04:56:29 PM IST       DEV       tps     rkB/s     wkB/s     dkB/s   areq-sz    aqu-sz     await     %util
04:56:30 PM IST   nvme0n1      0.00      0.00      0.00      0.00      0.00      0.00      0.00      0.00
04:56:30 PM IST       sda    425.00      0.00   2028.00      0.00      4.77      0.25      0.31     14.40

04:56:30 PM IST       DEV       tps     rkB/s     wkB/s     dkB/s   areq-sz    aqu-sz     await     %util
04:56:31 PM IST   nvme0n1      0.00      0.00      0.00      0.00      0.00      0.00      0.00      0.00
04:56:31 PM IST       sda    439.00      0.00   2036.00      0.00      4.64      0.21      0.26     14.40

04:56:31 PM IST       DEV       tps     rkB/s     wkB/s     dkB/s   areq-sz    aqu-sz     await     %util
04:56:32 PM IST   nvme0n1      0.00      0.00      0.00      0.00      0.00      0.00      0.00      0.00
04:56:32 PM IST       sda    450.00     72.00   2404.00      0.00      5.50      0.22      0.27      8.80

04:56:32 PM IST       DEV       tps     rkB/s     wkB/s     dkB/s   areq-sz    aqu-sz     await     %util
04:56:33 PM IST   nvme0n1      0.00      0.00      0.00      0.00      0.00      0.00      0.00      0.00
04:56:33 PM IST       sda    401.00      4.00   1884.00      0.00      4.71      0.20      0.27     12.40

04:56:33 PM IST       DEV       tps     rkB/s     wkB/s     dkB/s   areq-sz    aqu-sz     await     %util
04:56:34 PM IST   nvme0n1      0.00      0.00      0.00      0.00      0.00      0.00      0.00      0.00
04:56:34 PM IST       sda    427.00      0.00   1992.00      0.00      4.67      0.20      0.26     13.20

04:56:34 PM IST       DEV       tps     rkB/s     wkB/s     dkB/s   areq-sz    aqu-sz     await     %util
04:56:35 PM IST   nvme0n1      0.00      0.00      0.00      0.00      0.00      0.00      0.00      0.00
04:56:35 PM IST       sda    381.00      0.00   2172.00      0.00      5.70      0.19      0.27     11.60

04:56:35 PM IST       DEV       tps     rkB/s     wkB/s     dkB/s   areq-sz    aqu-sz     await     %util
04:56:36 PM IST   nvme0n1      0.00      0.00      0.00      0.00      0.00      0.00      0.00      0.00
04:56:36 PM IST       sda    356.00      0.00   1672.00      0.00      4.70      0.17      0.27     10.80

04:56:36 PM IST       DEV       tps     rkB/s     wkB/s     dkB/s   areq-sz    aqu-sz     await     %util
04:56:37 PM IST   nvme0n1      0.00      0.00      0.00      0.00      0.00      0.00      0.00      0.00
04:56:37 PM IST       sda    363.00      0.00   1688.00      0.00      4.65      0.18      0.27     12.80

04:56:37 PM IST       DEV       tps     rkB/s     wkB/s     dkB/s   areq-sz    aqu-sz     await     %util
04:56:38 PM IST   nvme0n1      0.00      0.00      0.00      0.00      0.00      0.00      0.00      0.00
04:56:38 PM IST       sda    387.00      0.00   2104.00      0.00      5.44      0.19      0.26      8.80

04:56:38 PM IST       DEV       tps     rkB/s     wkB/s     dkB/s   areq-sz    aqu-sz     await     %util
04:56:39 PM IST   nvme0n1      0.00      0.00      0.00      0.00      0.00      0.00      0.00      0.00
04:56:39 PM IST       sda    437.00      0.00   2188.00      0.00      5.01      0.21      0.27      8.00

04:56:39 PM IST       DEV       tps     rkB/s     wkB/s     dkB/s   areq-sz    aqu-sz     await     %util
04:56:40 PM IST   nvme0n1      0.00      0.00      0.00      0.00      0.00      0.00      0.00      0.00
04:56:40 PM IST       sda    385.00      0.00   2072.00      0.00      5.38      0.19      0.27     10.80

04:56:40 PM IST       DEV       tps     rkB/s     wkB/s     dkB/s   areq-sz    aqu-sz     await     %util
04:56:41 PM IST   nvme0n1      0.00      0.00      0.00      0.00      0.00      0.00      0.00      0.00
04:56:41 PM IST       sda    332.00      0.00   1604.00      0.00      4.83      0.17      0.28     12.40

04:56:41 PM IST       DEV       tps     rkB/s     wkB/s     dkB/s   areq-sz    aqu-sz     await     %util
04:56:42 PM IST   nvme0n1      0.00      0.00      0.00      0.00      0.00      0.00      0.00      0.00
04:56:42 PM IST       sda    339.00      0.00   1816.00      0.00      5.36      0.17      0.27     10.00

04:56:42 PM IST       DEV       tps     rkB/s     wkB/s     dkB/s   areq-sz    aqu-sz     await     %util
04:56:43 PM IST   nvme0n1      0.00      0.00      0.00      0.00      0.00      0.00      0.00      0.00
04:56:43 PM IST       sda    392.00      0.00   1956.00      0.00      4.99      0.23      0.32     11.60

04:56:43 PM IST       DEV       tps     rkB/s     wkB/s     dkB/s   areq-sz    aqu-sz     await     %util
04:56:44 PM IST   nvme0n1      0.00      0.00      0.00      0.00      0.00      0.00      0.00      0.00
04:56:44 PM IST       sda    354.00      0.00   1664.00      0.00      4.70      0.20      0.30     10.00

04:56:44 PM IST       DEV       tps     rkB/s     wkB/s     dkB/s   areq-sz    aqu-sz     await     %util
04:56:45 PM IST   nvme0n1      0.00      0.00      0.00      0.00      0.00      0.00      0.00      0.00
04:56:45 PM IST       sda    412.00      0.00   2328.00      0.00      5.65      0.20      0.26     15.60

04:56:45 PM IST       DEV       tps     rkB/s     wkB/s     dkB/s   areq-sz    aqu-sz     await     %util
04:56:46 PM IST   nvme0n1      0.00      0.00      0.00      0.00      0.00      0.00      0.00      0.00
04:56:46 PM IST       sda    434.00      0.00   2152.00      0.00      4.96      0.21      0.26     14.00

04:56:46 PM IST       DEV       tps     rkB/s     wkB/s     dkB/s   areq-sz    aqu-sz     await     %util
04:56:47 PM IST   nvme0n1      0.00      0.00      0.00      0.00      0.00      0.00      0.00      0.00
04:56:47 PM IST       sda    420.00      0.00   1964.00      0.00      4.68      0.21      0.27     11.20

04:56:47 PM IST       DEV       tps     rkB/s     wkB/s     dkB/s   areq-sz    aqu-sz     await     %util
04:56:48 PM IST   nvme0n1      0.00      0.00      0.00      0.00      0.00      0.00      0.00      0.00
04:56:48 PM IST       sda    423.00      0.00   2240.00      0.00      5.30      0.23      0.28     10.00

04:56:48 PM IST       DEV       tps     rkB/s     wkB/s     dkB/s   areq-sz    aqu-sz     await     %util
04:56:49 PM IST   nvme0n1      0.00      0.00      0.00      0.00      0.00      0.00      0.00      0.00
04:56:49 PM IST       sda    449.00      0.00   2164.00      0.00      4.82      0.22      0.27     11.20

04:56:49 PM IST       DEV       tps     rkB/s     wkB/s     dkB/s   areq-sz    aqu-sz     await     %util
04:56:50 PM IST   nvme0n1      0.00      0.00      0.00      0.00      0.00      0.00      0.00      0.00
04:56:50 PM IST       sda    433.00      0.00   2032.00      0.00      4.69      0.21      0.26      9.20

04:56:50 PM IST       DEV       tps     rkB/s     wkB/s     dkB/s   areq-sz    aqu-sz     await     %util
04:56:51 PM IST   nvme0n1      0.00      0.00      0.00      0.00      0.00      0.00      0.00      0.00
04:56:51 PM IST       sda    412.00      0.00   2256.00      0.00      5.48      0.21      0.27      6.40

04:56:51 PM IST       DEV       tps     rkB/s     wkB/s     dkB/s   areq-sz    aqu-sz     await     %util
04:56:52 PM IST   nvme0n1      0.00      0.00      0.00      0.00      0.00      0.00      0.00      0.00
04:56:52 PM IST       sda    396.00      0.00   1872.00      0.00      4.73      0.22      0.29     12.00

04:56:52 PM IST       DEV       tps     rkB/s     wkB/s     dkB/s   areq-sz    aqu-sz     await     %util
04:56:53 PM IST   nvme0n1      0.00      0.00      0.00      0.00      0.00      0.00      0.00      0.00
04:56:53 PM IST       sda    407.00      0.00   1936.00      0.00      4.76      0.23      0.29     10.40

04:56:53 PM IST       DEV       tps     rkB/s     wkB/s     dkB/s   areq-sz    aqu-sz     await     %util
04:56:54 PM IST   nvme0n1      0.00      0.00      0.00      0.00      0.00      0.00      0.00      0.00
04:56:54 PM IST       sda    439.00    436.00   1976.00      0.00      5.49      0.24      0.30     12.40

04:56:54 PM IST       DEV       tps     rkB/s     wkB/s     dkB/s   areq-sz    aqu-sz     await     %util
04:56:55 PM IST   nvme0n1      0.00      0.00      0.00      0.00      0.00      0.00      0.00      0.00
04:56:55 PM IST       sda    388.00      0.00   2188.00      0.00      5.64      0.23      0.31     11.20

04:56:55 PM IST       DEV       tps     rkB/s     wkB/s     dkB/s   areq-sz    aqu-sz     await     %util
04:56:56 PM IST   nvme0n1      0.00      0.00      0.00      0.00      0.00      0.00      0.00      0.00
04:56:56 PM IST       sda    390.00      0.00   1808.00      0.00      4.64      0.21      0.29     11.60

04:56:56 PM IST       DEV       tps     rkB/s     wkB/s     dkB/s   areq-sz    aqu-sz     await     %util
04:56:57 PM IST   nvme0n1      0.00      0.00      0.00      0.00      0.00      0.00      0.00      0.00
04:56:57 PM IST       sda    386.00      0.00   1816.00      0.00      4.70      0.21      0.30     10.80

04:56:57 PM IST       DEV       tps     rkB/s     wkB/s     dkB/s   areq-sz    aqu-sz     await     %util
04:56:58 PM IST   nvme0n1      0.00      0.00      0.00      0.00      0.00      0.00      0.00      0.00
04:56:58 PM IST       sda    383.00      8.00   2084.00      0.00      5.46      0.22      0.30     13.20

04:56:58 PM IST       DEV       tps     rkB/s     wkB/s     dkB/s   areq-sz    aqu-sz     await     %util
04:56:59 PM IST   nvme0n1      0.00      0.00      0.00      0.00      0.00      0.00      0.00      0.00
04:56:59 PM IST       sda    499.00      0.00   2436.00      0.00      4.88      0.24      0.26     14.80

04:56:59 PM IST       DEV       tps     rkB/s     wkB/s     dkB/s   areq-sz    aqu-sz     await     %util
04:57:00 PM IST   nvme0n1      0.00      0.00      0.00      0.00      0.00      0.00      0.00      0.00
04:57:00 PM IST       sda    428.00      0.00   2040.00      0.00      4.77      0.22      0.28     10.80

04:57:00 PM IST       DEV       tps     rkB/s     wkB/s     dkB/s   areq-sz    aqu-sz     await     %util
04:57:01 PM IST   nvme0n1      0.00      0.00      0.00      0.00      0.00      0.00      0.00      0.00
04:57:01 PM IST       sda    418.00      0.00   2220.00      0.00      5.31      0.22      0.28     10.40

04:57:01 PM IST       DEV       tps     rkB/s     wkB/s     dkB/s   areq-sz    aqu-sz     await     %util
04:57:02 PM IST   nvme0n1      0.00      0.00      0.00      0.00      0.00      0.00      0.00      0.00
04:57:02 PM IST       sda    389.00      0.00   1920.00      0.00      4.94      0.22      0.30      8.80

04:57:02 PM IST       DEV       tps     rkB/s     wkB/s     dkB/s   areq-sz    aqu-sz     await     %util
04:57:03 PM IST   nvme0n1      0.00      0.00      0.00      0.00      0.00      0.00      0.00      0.00
04:57:03 PM IST       sda    368.00      0.00   1796.00      0.00      4.88      0.21      0.30     10.00

04:57:03 PM IST       DEV       tps     rkB/s     wkB/s     dkB/s   areq-sz    aqu-sz     await     %util
04:57:04 PM IST   nvme0n1      0.00      0.00      0.00      0.00      0.00      0.00      0.00      0.00
04:57:04 PM IST       sda    409.00      0.00   2176.00      0.00      5.32      0.22      0.28      9.60

04:57:04 PM IST       DEV       tps     rkB/s     wkB/s     dkB/s   areq-sz    aqu-sz     await     %util
04:57:05 PM IST   nvme0n1      0.00      0.00      0.00      0.00      0.00      0.00      0.00      0.00
04:57:05 PM IST       sda    401.00      0.00   1908.00      0.00      4.76      0.21      0.27     13.20

04:57:05 PM IST       DEV       tps     rkB/s     wkB/s     dkB/s   areq-sz    aqu-sz     await     %util
04:57:06 PM IST   nvme0n1      0.00      0.00      0.00      0.00      0.00      0.00      0.00      0.00
04:57:06 PM IST       sda    378.00      0.00   1768.00      0.00      4.68      0.19      0.27     12.40

04:57:06 PM IST       DEV       tps     rkB/s     wkB/s     dkB/s   areq-sz    aqu-sz     await     %util
04:57:07 PM IST   nvme0n1      0.00      0.00      0.00      0.00      0.00      0.00      0.00      0.00
04:57:07 PM IST       sda    407.00      0.00   1944.00      0.00      4.78      0.19      0.26      6.00

04:57:07 PM IST       DEV       tps     rkB/s     wkB/s     dkB/s   areq-sz    aqu-sz     await     %util
04:57:08 PM IST   nvme0n1      0.00      0.00      0.00      0.00      0.00      0.00      0.00      0.00
04:57:08 PM IST       sda    416.00      0.00   2304.00      0.00      5.54      0.25      0.31     11.60

04:57:08 PM IST       DEV       tps     rkB/s     wkB/s     dkB/s   areq-sz    aqu-sz     await     %util
04:57:09 PM IST   nvme0n1      0.00      0.00      0.00      0.00      0.00      0.00      0.00      0.00
04:57:09 PM IST       sda    402.00      0.00   1952.00      0.00      4.86      0.21      0.27      7.60

04:57:09 PM IST       DEV       tps     rkB/s     wkB/s     dkB/s   areq-sz    aqu-sz     await     %util
04:57:10 PM IST   nvme0n1      0.00      0.00      0.00      0.00      0.00      0.00      0.00      0.00
04:57:10 PM IST       sda    428.00      0.00   2012.00      0.00      4.70      0.20      0.26      6.40

04:57:10 PM IST       DEV       tps     rkB/s     wkB/s     dkB/s   areq-sz    aqu-sz     await     %util
04:57:11 PM IST   nvme0n1      0.00      0.00      0.00      0.00      0.00      0.00      0.00      0.00
04:57:11 PM IST       sda    361.00      0.00   1912.00      0.00      5.30      0.18      0.27      8.40

04:57:11 PM IST       DEV       tps     rkB/s     wkB/s     dkB/s   areq-sz    aqu-sz     await     %util
04:57:12 PM IST   nvme0n1      0.00      0.00      0.00      0.00      0.00      0.00      0.00      0.00
04:57:12 PM IST       sda    373.00      0.00   1824.00      0.00      4.89      0.19      0.28      9.20

04:57:12 PM IST       DEV       tps     rkB/s     wkB/s     dkB/s   areq-sz    aqu-sz     await     %util
04:57:13 PM IST   nvme0n1      0.00      0.00      0.00      0.00      0.00      0.00      0.00      0.00
04:57:13 PM IST       sda    367.00      0.00   1792.00      0.00      4.88      0.18      0.27      9.60

04:57:13 PM IST       DEV       tps     rkB/s     wkB/s     dkB/s   areq-sz    aqu-sz     await     %util
04:57:14 PM IST   nvme0n1      0.00      0.00      0.00      0.00      0.00      0.00      0.00      0.00
04:57:14 PM IST       sda    376.00      0.00   2000.00      0.00      5.32      0.19      0.27     13.20

04:57:14 PM IST       DEV       tps     rkB/s     wkB/s     dkB/s   areq-sz    aqu-sz     await     %util
04:57:15 PM IST   nvme0n1      0.00      0.00      0.00      0.00      0.00      0.00      0.00      0.00
04:57:15 PM IST       sda    390.00      0.00   2000.00      0.00      5.13      0.20      0.28      9.20

04:57:15 PM IST       DEV       tps     rkB/s     wkB/s     dkB/s   areq-sz    aqu-sz     await     %util
04:57:16 PM IST   nvme0n1      0.00      0.00      0.00      0.00      0.00      0.00      0.00      0.00
04:57:16 PM IST       sda    345.00      0.00   1752.00      0.00      5.08      0.17      0.27      9.20

04:57:16 PM IST       DEV       tps     rkB/s     wkB/s     dkB/s   areq-sz    aqu-sz     await     %util
04:57:17 PM IST   nvme0n1      0.00      0.00      0.00      0.00      0.00      0.00      0.00      0.00
04:57:17 PM IST       sda    386.00      0.00   2016.00      0.00      5.22      0.17      0.25      8.00

04:57:17 PM IST       DEV       tps     rkB/s     wkB/s     dkB/s   areq-sz    aqu-sz     await     %util
04:57:18 PM IST   nvme0n1      0.00      0.00      0.00      0.00      0.00      0.00      0.00      0.00
04:57:18 PM IST       sda    397.00      0.00   1872.00      0.00      4.72      0.20      0.27     10.40

04:57:18 PM IST       DEV       tps     rkB/s     wkB/s     dkB/s   areq-sz    aqu-sz     await     %util
04:57:19 PM IST   nvme0n1      0.00      0.00      0.00      0.00      0.00      0.00      0.00      0.00
04:57:19 PM IST       sda    420.00      0.00   1976.00      0.00      4.70      0.21      0.27     12.40

04:57:19 PM IST       DEV       tps     rkB/s     wkB/s     dkB/s   areq-sz    aqu-sz     await     %util
04:57:20 PM IST   nvme0n1      0.00      0.00      0.00      0.00      0.00      0.00      0.00      0.00
04:57:20 PM IST       sda    405.00      0.00   1896.00      0.00      4.68      0.22      0.29     12.80

04:57:20 PM IST       DEV       tps     rkB/s     wkB/s     dkB/s   areq-sz    aqu-sz     await     %util
04:57:21 PM IST   nvme0n1      0.00      0.00      0.00      0.00      0.00      0.00      0.00      0.00
04:57:21 PM IST       sda    413.00      0.00   2264.00      0.00      5.48      0.24      0.31     15.20

04:57:21 PM IST       DEV       tps     rkB/s     wkB/s     dkB/s   areq-sz    aqu-sz     await     %util
04:57:22 PM IST   nvme0n1      0.00      0.00      0.00      0.00      0.00      0.00      0.00      0.00
04:57:22 PM IST       sda    426.00      0.00   2016.00      0.00      4.73      0.21      0.26     14.00

04:57:22 PM IST       DEV       tps     rkB/s     wkB/s     dkB/s   areq-sz    aqu-sz     await     %util
04:57:23 PM IST   nvme0n1      0.00      0.00      0.00      0.00      0.00      0.00      0.00      0.00
04:57:23 PM IST       sda    418.00      0.00   1976.00      0.00      4.73      0.21      0.26     12.00

04:57:23 PM IST       DEV       tps     rkB/s     wkB/s     dkB/s   areq-sz    aqu-sz     await     %util
04:57:24 PM IST   nvme0n1      0.00      0.00      0.00      0.00      0.00      0.00      0.00      0.00
04:57:24 PM IST       sda    442.00      0.00   2296.00      0.00      5.19      0.21      0.26     10.00

04:57:24 PM IST       DEV       tps     rkB/s     wkB/s     dkB/s   areq-sz    aqu-sz     await     %util
04:57:25 PM IST   nvme0n1      0.00      0.00      0.00      0.00      0.00      0.00      0.00      0.00
04:57:25 PM IST       sda    442.00      0.00   2176.00      0.00      4.92      0.22      0.27     10.80

04:57:25 PM IST       DEV       tps     rkB/s     wkB/s     dkB/s   areq-sz    aqu-sz     await     %util
04:57:26 PM IST   nvme0n1      0.00      0.00      0.00      0.00      0.00      0.00      0.00      0.00
04:57:26 PM IST       sda    457.00      0.00   2116.00      0.00      4.63      0.22      0.26      8.40

04:57:26 PM IST       DEV       tps     rkB/s     wkB/s     dkB/s   areq-sz    aqu-sz     await     %util
04:57:27 PM IST   nvme0n1      0.00      0.00      0.00      0.00      0.00      0.00      0.00      0.00
04:57:27 PM IST       sda    461.00      0.00   2344.00      0.00      5.08      0.23      0.27     13.60

04:57:27 PM IST       DEV       tps     rkB/s     wkB/s     dkB/s   areq-sz    aqu-sz     await     %util
04:57:28 PM IST   nvme0n1      0.00      0.00      0.00      0.00      0.00      0.00      0.00      0.00
04:57:28 PM IST       sda    473.00      0.00   2392.00      0.00      5.06      0.23      0.26     11.20

04:57:28 PM IST       DEV       tps     rkB/s     wkB/s     dkB/s   areq-sz    aqu-sz     await     %util
04:57:29 PM IST   nvme0n1      0.00      0.00      0.00      0.00      0.00      0.00      0.00      0.00
04:57:29 PM IST       sda    435.00      0.00   2264.00      0.00      5.20      0.22      0.26     13.20

04:57:29 PM IST       DEV       tps     rkB/s     wkB/s     dkB/s   areq-sz    aqu-sz     await     %util
04:57:30 PM IST   nvme0n1      0.00      0.00      0.00      0.00      0.00      0.00      0.00      0.00
04:57:30 PM IST       sda    547.00      0.00   2764.00      0.00      5.05      0.23      0.24     10.40

04:57:30 PM IST       DEV       tps     rkB/s     wkB/s     dkB/s   areq-sz    aqu-sz     await     %util
04:57:31 PM IST   nvme0n1      0.00      0.00      0.00      0.00      0.00      0.00      0.00      0.00
04:57:31 PM IST       sda    432.00      0.00   2020.00      0.00      4.68      0.21      0.26     14.40

04:57:31 PM IST       DEV       tps     rkB/s     wkB/s     dkB/s   areq-sz    aqu-sz     await     %util
04:57:32 PM IST   nvme0n1      0.00      0.00      0.00      0.00      0.00      0.00      0.00      0.00
04:57:32 PM IST       sda    405.00      0.00   1912.00      0.00      4.72      0.34      0.43     16.00

04:57:32 PM IST       DEV       tps     rkB/s     wkB/s     dkB/s   areq-sz    aqu-sz     await     %util
04:57:33 PM IST   nvme0n1      0.00      0.00      0.00      0.00      0.00      0.00      0.00      0.00
04:57:33 PM IST       sda    408.00    100.00   2020.00      0.00      5.20      0.22      0.30     13.20

04:57:33 PM IST       DEV       tps     rkB/s     wkB/s     dkB/s   areq-sz    aqu-sz     await     %util
04:57:34 PM IST   nvme0n1      0.00      0.00      0.00      0.00      0.00      0.00      0.00      0.00
04:57:34 PM IST       sda    391.00     24.00   2064.00      0.00      5.34      0.21      0.29     10.80

04:57:34 PM IST       DEV       tps     rkB/s     wkB/s     dkB/s   areq-sz    aqu-sz     await     %util
04:57:35 PM IST   nvme0n1      0.00      0.00      0.00      0.00      0.00      0.00      0.00      0.00
04:57:35 PM IST       sda    432.00      0.00   2068.00      0.00      4.79      0.21      0.26     11.20

04:57:35 PM IST       DEV       tps     rkB/s     wkB/s     dkB/s   areq-sz    aqu-sz     await     %util
04:57:36 PM IST   nvme0n1      0.00      0.00      0.00      0.00      0.00      0.00      0.00      0.00
04:57:36 PM IST       sda    386.00      0.00   1808.00      0.00      4.68      0.20      0.27     13.60

04:57:36 PM IST       DEV       tps     rkB/s     wkB/s     dkB/s   areq-sz    aqu-sz     await     %util
04:57:37 PM IST   nvme0n1      0.00      0.00      0.00      0.00      0.00      0.00      0.00      0.00
04:57:37 PM IST       sda    411.00      0.00   2312.00      0.00      5.63      0.21      0.27      9.60

04:57:37 PM IST       DEV       tps     rkB/s     wkB/s     dkB/s   areq-sz    aqu-sz     await     %util
04:57:38 PM IST   nvme0n1      0.00      0.00      0.00      0.00      0.00      0.00      0.00      0.00
04:57:38 PM IST       sda    410.00      0.00   1968.00      0.00      4.80      0.22      0.29     10.00

04:57:38 PM IST       DEV       tps     rkB/s     wkB/s     dkB/s   areq-sz    aqu-sz     await     %util
04:57:39 PM IST   nvme0n1      0.00      0.00      0.00      0.00      0.00      0.00      0.00      0.00
04:57:39 PM IST       sda    433.00      0.00   2116.00      0.00      4.89      0.22      0.27     13.60

04:57:39 PM IST       DEV       tps     rkB/s     wkB/s     dkB/s   areq-sz    aqu-sz     await     %util
04:57:40 PM IST   nvme0n1      0.00      0.00      0.00      0.00      0.00      0.00      0.00      0.00
04:57:40 PM IST       sda    539.00      0.00   2736.00      0.00      5.08      0.23      0.24      6.40

04:57:40 PM IST       DEV       tps     rkB/s     wkB/s     dkB/s   areq-sz    aqu-sz     await     %util
04:57:41 PM IST   nvme0n1      0.00      0.00      0.00      0.00      0.00      0.00      0.00      0.00
04:57:41 PM IST       sda    429.00      0.00   2108.00      0.00      4.91      0.23      0.28     13.20

04:57:41 PM IST       DEV       tps     rkB/s     wkB/s     dkB/s   areq-sz    aqu-sz     await     %util
04:57:42 PM IST   nvme0n1      0.00      0.00      0.00      0.00      0.00      0.00      0.00      0.00
04:57:42 PM IST       sda    415.00      0.00   1940.00      0.00      4.67      0.23      0.29     12.80

04:57:42 PM IST       DEV       tps     rkB/s     wkB/s     dkB/s   areq-sz    aqu-sz     await     %util
04:57:43 PM IST   nvme0n1      0.00      0.00      0.00      0.00      0.00      0.00      0.00      0.00
04:57:43 PM IST       sda    381.00      0.00   2080.00      0.00      5.46      0.21      0.30      9.20

04:57:43 PM IST       DEV       tps     rkB/s     wkB/s     dkB/s   areq-sz    aqu-sz     await     %util
04:57:44 PM IST   nvme0n1      0.00      0.00      0.00      0.00      0.00      0.00      0.00      0.00
04:57:44 PM IST       sda    376.00      0.00   1792.00      0.00      4.77      0.21      0.29     14.00

04:57:44 PM IST       DEV       tps     rkB/s     wkB/s     dkB/s   areq-sz    aqu-sz     await     %util
04:57:45 PM IST   nvme0n1      0.00      0.00      0.00      0.00      0.00      0.00      0.00      0.00
04:57:45 PM IST       sda    393.00      0.00   2008.00      0.00      5.11      0.25      0.34     14.00

04:57:45 PM IST       DEV       tps     rkB/s     wkB/s     dkB/s   areq-sz    aqu-sz     await     %util
04:57:46 PM IST   nvme0n1      0.00      0.00      0.00      0.00      0.00      0.00      0.00      0.00
04:57:46 PM IST       sda    512.00      0.00   2516.00      0.00      4.91      0.25      0.27     14.00

04:57:46 PM IST       DEV       tps     rkB/s     wkB/s     dkB/s   areq-sz    aqu-sz     await     %util
04:57:47 PM IST   nvme0n1      0.00      0.00      0.00      0.00      0.00      0.00      0.00      0.00
04:57:47 PM IST       sda    414.85      0.00   2209.90      0.00      5.33      0.23      0.29     15.05

04:57:47 PM IST       DEV       tps     rkB/s     wkB/s     dkB/s   areq-sz    aqu-sz     await     %util
04:57:48 PM IST   nvme0n1      0.00      0.00      0.00      0.00      0.00      0.00      0.00      0.00
04:57:48 PM IST       sda    458.00      0.00   2272.00      0.00      4.96      0.23      0.27     12.00

04:57:48 PM IST       DEV       tps     rkB/s     wkB/s     dkB/s   areq-sz    aqu-sz     await     %util
04:57:49 PM IST   nvme0n1      0.00      0.00      0.00      0.00      0.00      0.00      0.00      0.00
04:57:49 PM IST       sda    409.00      0.00   1920.00      0.00      4.69      0.23      0.30     14.80

04:57:49 PM IST       DEV       tps     rkB/s     wkB/s     dkB/s   areq-sz    aqu-sz     await     %util
04:57:50 PM IST   nvme0n1      0.00      0.00      0.00      0.00      0.00      0.00      0.00      0.00
04:57:50 PM IST       sda    409.00      0.00   2144.00      0.00      5.24      0.23      0.29     10.40

04:57:50 PM IST       DEV       tps     rkB/s     wkB/s     dkB/s   areq-sz    aqu-sz     await     %util
04:57:51 PM IST   nvme0n1      0.00      0.00      0.00      0.00      0.00      0.00      0.00      0.00
04:57:51 PM IST       sda    387.00      0.00   1920.00      0.00      4.96      0.22      0.29     10.40

04:57:51 PM IST       DEV       tps     rkB/s     wkB/s     dkB/s   areq-sz    aqu-sz     await     %util
04:57:52 PM IST   nvme0n1      0.00      0.00      0.00      0.00      0.00      0.00      0.00      0.00
04:57:52 PM IST       sda    386.00      0.00   1908.00      0.00      4.94      0.22      0.30     16.80

04:57:52 PM IST       DEV       tps     rkB/s     wkB/s     dkB/s   areq-sz    aqu-sz     await     %util
04:57:53 PM IST   nvme0n1      0.00      0.00      0.00      0.00      0.00      0.00      0.00      0.00
04:57:53 PM IST       sda    434.00      0.00   2356.00      0.00      5.43      0.24      0.29     10.80

04:57:53 PM IST       DEV       tps     rkB/s     wkB/s     dkB/s   areq-sz    aqu-sz     await     %util
04:57:54 PM IST   nvme0n1      0.00      0.00      0.00      0.00      0.00      0.00      0.00      0.00
04:57:54 PM IST       sda    352.00    184.00   1560.00      0.00      4.95      0.18      0.28     12.40

04:57:54 PM IST       DEV       tps     rkB/s     wkB/s     dkB/s   areq-sz    aqu-sz     await     %util
04:57:55 PM IST   nvme0n1      0.00      0.00      0.00      0.00      0.00      0.00      0.00      0.00
04:57:55 PM IST       sda    363.00      0.00   1808.00      0.00      4.98      0.19      0.29     14.00

04:57:55 PM IST       DEV       tps     rkB/s     wkB/s     dkB/s   areq-sz    aqu-sz     await     %util
04:57:56 PM IST   nvme0n1      0.00      0.00      0.00      0.00      0.00      0.00      0.00      0.00
04:57:56 PM IST       sda    351.00      0.00   1860.00      0.00      5.30      0.18      0.28     10.40

04:57:56 PM IST       DEV       tps     rkB/s     wkB/s     dkB/s   areq-sz    aqu-sz     await     %util
04:57:57 PM IST   nvme0n1      0.00      0.00      0.00      0.00      0.00      0.00      0.00      0.00
04:57:57 PM IST       sda    364.00      4.00   1792.00      0.00      4.93      0.23      0.34     11.60

04:57:57 PM IST       DEV       tps     rkB/s     wkB/s     dkB/s   areq-sz    aqu-sz     await     %util
04:57:58 PM IST   nvme0n1      0.00      0.00      0.00      0.00      0.00      0.00      0.00      0.00
04:57:58 PM IST       sda    382.00      0.00   1784.00      0.00      4.67      0.19      0.27      9.20

04:57:58 PM IST       DEV       tps     rkB/s     wkB/s     dkB/s   areq-sz    aqu-sz     await     %util
04:57:59 PM IST   nvme0n1      0.00      0.00      0.00      0.00      0.00      0.00      0.00      0.00
04:57:59 PM IST       sda    363.00      0.00   1696.00      0.00      4.67      0.19      0.28     10.40

04:57:59 PM IST       DEV       tps     rkB/s     wkB/s     dkB/s   areq-sz    aqu-sz     await     %util
04:58:00 PM IST   nvme0n1      0.00      0.00      0.00      0.00      0.00      0.00      0.00      0.00
04:58:00 PM IST       sda    354.00      0.00   1872.00      0.00      5.29      0.17      0.27      6.80

04:58:00 PM IST       DEV       tps     rkB/s     wkB/s     dkB/s   areq-sz    aqu-sz     await     %util
04:58:01 PM IST   nvme0n1      0.00      0.00      0.00      0.00      0.00      0.00      0.00      0.00
04:58:01 PM IST       sda    382.00      0.00   1848.00      0.00      4.84      0.19      0.27      8.40

04:58:01 PM IST       DEV       tps     rkB/s     wkB/s     dkB/s   areq-sz    aqu-sz     await     %util
04:58:02 PM IST   nvme0n1      0.00      0.00      0.00      0.00      0.00      0.00      0.00      0.00
04:58:02 PM IST       sda    375.00      0.00   1740.00      0.00      4.64      0.19      0.27     12.40

04:58:02 PM IST       DEV       tps     rkB/s     wkB/s     dkB/s   areq-sz    aqu-sz     await     %util
04:58:03 PM IST   nvme0n1      0.00      0.00      0.00      0.00      0.00      0.00      0.00      0.00
04:58:03 PM IST       sda    405.00      0.00   2336.00      0.00      5.77      0.20      0.27     11.60

04:58:03 PM IST       DEV       tps     rkB/s     wkB/s     dkB/s   areq-sz    aqu-sz     await     %util
04:58:04 PM IST   nvme0n1      0.00      0.00      0.00      0.00      0.00      0.00      0.00      0.00
04:58:04 PM IST       sda    424.00      0.00   1984.00      0.00      4.68      0.21      0.26     12.80

04:58:04 PM IST       DEV       tps     rkB/s     wkB/s     dkB/s   areq-sz    aqu-sz     await     %util
04:58:05 PM IST   nvme0n1      0.00      0.00      0.00      0.00      0.00      0.00      0.00      0.00
04:58:05 PM IST       sda    405.00      0.00   1984.00      0.00      4.90      0.20      0.26      9.20

04:58:05 PM IST       DEV       tps     rkB/s     wkB/s     dkB/s   areq-sz    aqu-sz     await     %util
04:58:06 PM IST   nvme0n1      0.00      0.00      0.00      0.00      0.00      0.00      0.00      0.00
04:58:06 PM IST       sda    413.00      0.00   1948.00      0.00      4.72      0.20      0.26      7.20

04:58:06 PM IST       DEV       tps     rkB/s     wkB/s     dkB/s   areq-sz    aqu-sz     await     %util
04:58:07 PM IST   nvme0n1      0.00      0.00      0.00      0.00      0.00      0.00      0.00      0.00
04:58:07 PM IST       sda    419.00      0.00   1960.00      0.00      4.68      0.20      0.26     12.40

04:58:07 PM IST       DEV       tps     rkB/s     wkB/s     dkB/s   areq-sz    aqu-sz     await     %util
04:58:08 PM IST   nvme0n1      0.00      0.00      0.00      0.00      0.00      0.00      0.00      0.00
04:58:08 PM IST       sda    430.00      0.00   2084.00      0.00      4.85      0.22      0.27     13.20

04:58:08 PM IST       DEV       tps     rkB/s     wkB/s     dkB/s   areq-sz    aqu-sz     await     %util
04:58:09 PM IST   nvme0n1      0.00      0.00      0.00      0.00      0.00      0.00      0.00      0.00
04:58:09 PM IST       sda    408.00      0.00   1896.00      0.00      4.65      0.21      0.28     10.80

04:58:09 PM IST       DEV       tps     rkB/s     wkB/s     dkB/s   areq-sz    aqu-sz     await     %util
04:58:10 PM IST   nvme0n1      0.00      0.00      0.00      0.00      0.00      0.00      0.00      0.00
04:58:10 PM IST       sda    402.00      0.00   1888.00      0.00      4.70      0.24      0.31     14.40

04:58:10 PM IST       DEV       tps     rkB/s     wkB/s     dkB/s   areq-sz    aqu-sz     await     %util
04:58:11 PM IST   nvme0n1      0.00      0.00      0.00      0.00      0.00      0.00      0.00      0.00
04:58:11 PM IST       sda    528.00      0.00   2492.00      0.00      4.72      0.22      0.23     12.00

04:58:11 PM IST       DEV       tps     rkB/s     wkB/s     dkB/s   areq-sz    aqu-sz     await     %util
04:58:12 PM IST   nvme0n1      0.00      0.00      0.00      0.00      0.00      0.00      0.00      0.00
04:58:12 PM IST       sda    414.00      0.00   1960.00      0.00      4.73      0.20      0.26     13.20

04:58:12 PM IST       DEV       tps     rkB/s     wkB/s     dkB/s   areq-sz    aqu-sz     await     %util
04:58:13 PM IST   nvme0n1      0.00      0.00      0.00      0.00      0.00      0.00      0.00      0.00
04:58:13 PM IST       sda    446.00      0.00   2124.00      0.00      4.76      0.22      0.27     14.40

04:58:13 PM IST       DEV       tps     rkB/s     wkB/s     dkB/s   areq-sz    aqu-sz     await     %util
04:58:14 PM IST   nvme0n1      0.00      0.00      0.00      0.00      0.00      0.00      0.00      0.00
04:58:14 PM IST       sda    423.00      0.00   1984.00      0.00      4.69      0.21      0.26      8.00

04:58:14 PM IST       DEV       tps     rkB/s     wkB/s     dkB/s   areq-sz    aqu-sz     await     %util
04:58:15 PM IST   nvme0n1      0.00      0.00      0.00      0.00      0.00      0.00      0.00      0.00
04:58:15 PM IST       sda    443.00      0.00   2196.00      0.00      4.96      0.22      0.27     14.00

04:58:15 PM IST       DEV       tps     rkB/s     wkB/s     dkB/s   areq-sz    aqu-sz     await     %util
04:58:16 PM IST   nvme0n1      0.00      0.00      0.00      0.00      0.00      0.00      0.00      0.00
04:58:16 PM IST       sda    379.00      0.00   1888.00      0.00      4.98      0.19      0.27     11.60

04:58:16 PM IST       DEV       tps     rkB/s     wkB/s     dkB/s   areq-sz    aqu-sz     await     %util
04:58:17 PM IST   nvme0n1      0.00      0.00      0.00      0.00      0.00      0.00      0.00      0.00
04:58:17 PM IST       sda    407.00      0.00   2000.00      0.00      4.91      0.19      0.25      9.60

04:58:17 PM IST       DEV       tps     rkB/s     wkB/s     dkB/s   areq-sz    aqu-sz     await     %util
04:58:18 PM IST   nvme0n1      0.00      0.00      0.00      0.00      0.00      0.00      0.00      0.00
04:58:18 PM IST       sda    427.00      0.00   2200.00      0.00      5.15      0.20      0.26     10.40

04:58:18 PM IST       DEV       tps     rkB/s     wkB/s     dkB/s   areq-sz    aqu-sz     await     %util
04:58:19 PM IST   nvme0n1      0.00      0.00      0.00      0.00      0.00      0.00      0.00      0.00
04:58:19 PM IST       sda    434.00      0.00   2188.00      0.00      5.04      0.22      0.27     12.00

04:58:19 PM IST       DEV       tps     rkB/s     wkB/s     dkB/s   areq-sz    aqu-sz     await     %util
04:58:20 PM IST   nvme0n1      0.00      0.00      0.00      0.00      0.00      0.00      0.00      0.00
04:58:20 PM IST       sda    393.00      0.00   1840.00      0.00      4.68      0.20      0.27     10.80

04:58:20 PM IST       DEV       tps     rkB/s     wkB/s     dkB/s   areq-sz    aqu-sz     await     %util
04:58:21 PM IST   nvme0n1      0.00      0.00      0.00      0.00      0.00      0.00      0.00      0.00
04:58:21 PM IST       sda    461.00      0.00   2136.00      0.00      4.63      0.21      0.26      8.00

04:58:21 PM IST       DEV       tps     rkB/s     wkB/s     dkB/s   areq-sz    aqu-sz     await     %util
04:58:22 PM IST   nvme0n1      0.00      0.00      0.00      0.00      0.00      0.00      0.00      0.00
04:58:22 PM IST       sda    428.00      0.00   2016.00      0.00      4.71      0.20      0.26      8.40

04:58:22 PM IST       DEV       tps     rkB/s     wkB/s     dkB/s   areq-sz    aqu-sz     await     %util
04:58:23 PM IST   nvme0n1      0.00      0.00      0.00      0.00      0.00      0.00      0.00      0.00
04:58:23 PM IST       sda    406.00      0.00   1932.00      0.00      4.76      0.28      0.36     11.20

04:58:23 PM IST       DEV       tps     rkB/s     wkB/s     dkB/s   areq-sz    aqu-sz     await     %util
04:58:24 PM IST   nvme0n1      0.00      0.00      0.00      0.00      0.00      0.00      0.00      0.00
04:58:24 PM IST       sda    358.00      0.00   1804.00      0.00      5.04      0.20      0.30     10.00

04:58:24 PM IST       DEV       tps     rkB/s     wkB/s     dkB/s   areq-sz    aqu-sz     await     %util
04:58:25 PM IST   nvme0n1      0.00      0.00      0.00      0.00      0.00      0.00      0.00      0.00
04:58:25 PM IST       sda    357.00     16.00   1624.00      0.00      4.59      0.19      0.28     11.20

04:58:25 PM IST       DEV       tps     rkB/s     wkB/s     dkB/s   areq-sz    aqu-sz     await     %util
04:58:26 PM IST   nvme0n1      0.00      0.00      0.00      0.00      0.00      0.00      0.00      0.00
04:58:26 PM IST       sda    452.00     12.00   2000.00      0.00      4.45      0.20      0.25      9.20

04:58:26 PM IST       DEV       tps     rkB/s     wkB/s     dkB/s   areq-sz    aqu-sz     await     %util
04:58:27 PM IST   nvme0n1      0.00      0.00      0.00      0.00      0.00      0.00      0.00      0.00
04:58:27 PM IST       sda    411.00      0.00   1840.00      0.00      4.48      0.21      0.28     10.00

04:58:27 PM IST       DEV       tps     rkB/s     wkB/s     dkB/s   areq-sz    aqu-sz     await     %util
04:58:28 PM IST   nvme0n1      0.00      0.00      0.00      0.00      0.00      0.00      0.00      0.00
04:58:28 PM IST       sda    493.00      0.00   3288.00      0.00      6.67      0.26      0.30     13.60

04:58:28 PM IST       DEV       tps     rkB/s     wkB/s     dkB/s   areq-sz    aqu-sz     await     %util
04:58:29 PM IST   nvme0n1      0.00      0.00      0.00      0.00      0.00      0.00      0.00      0.00
04:58:29 PM IST       sda    421.00      0.00   2308.00      0.00      5.48      0.22      0.28     11.60

04:58:29 PM IST       DEV       tps     rkB/s     wkB/s     dkB/s   areq-sz    aqu-sz     await     %util
04:58:30 PM IST   nvme0n1      0.00      0.00      0.00      0.00      0.00      0.00      0.00      0.00
04:58:30 PM IST       sda    374.00      0.00   2412.00      0.00      6.45      0.19      0.28      9.60

04:58:30 PM IST       DEV       tps     rkB/s     wkB/s     dkB/s   areq-sz    aqu-sz     await     %util
04:58:31 PM IST   nvme0n1      0.00      0.00      0.00      0.00      0.00      0.00      0.00      0.00
04:58:31 PM IST       sda    419.00      0.00   2312.00      0.00      5.52      0.21      0.27     11.60

04:58:31 PM IST       DEV       tps     rkB/s     wkB/s     dkB/s   areq-sz    aqu-sz     await     %util
04:58:32 PM IST   nvme0n1      0.00      0.00      0.00      0.00      0.00      0.00      0.00      0.00
04:58:32 PM IST       sda    382.00      0.00   1948.00      0.00      5.10      0.22      0.31     12.40

04:58:32 PM IST       DEV       tps     rkB/s     wkB/s     dkB/s   areq-sz    aqu-sz     await     %util
04:58:33 PM IST   nvme0n1      0.00      0.00      0.00      0.00      0.00      0.00      0.00      0.00
04:58:33 PM IST       sda    385.00      4.00   1832.00      0.00      4.77      0.22      0.30     12.40

04:58:33 PM IST       DEV       tps     rkB/s     wkB/s     dkB/s   areq-sz    aqu-sz     await     %util
04:58:34 PM IST   nvme0n1      0.00      0.00      0.00      0.00      0.00      0.00      0.00      0.00
04:58:34 PM IST       sda    415.00      0.00   2208.00      0.00      5.32      0.23      0.30     10.00

04:58:34 PM IST       DEV       tps     rkB/s     wkB/s     dkB/s   areq-sz    aqu-sz     await     %util
04:58:35 PM IST   nvme0n1      0.00      0.00      0.00      0.00      0.00      0.00      0.00      0.00
04:58:35 PM IST       sda    395.00     68.00   1900.00      0.00      4.98      0.26      0.36     14.00

04:58:35 PM IST       DEV       tps     rkB/s     wkB/s     dkB/s   areq-sz    aqu-sz     await     %util
04:58:36 PM IST   nvme0n1      0.00      0.00      0.00      0.00      0.00      0.00      0.00      0.00
04:58:36 PM IST       sda    308.00    144.00   1416.00      0.00      5.06      0.17      0.31      7.20

04:58:36 PM IST       DEV       tps     rkB/s     wkB/s     dkB/s   areq-sz    aqu-sz     await     %util
04:58:37 PM IST   nvme0n1      0.00      0.00      0.00      0.00      0.00      0.00      0.00      0.00
04:58:37 PM IST       sda    382.00     76.00   1792.00      0.00      4.89      0.21      0.30     10.80

04:58:37 PM IST       DEV       tps     rkB/s     wkB/s     dkB/s   areq-sz    aqu-sz     await     %util
04:58:38 PM IST   nvme0n1      0.00      0.00      0.00      0.00      0.00      0.00      0.00      0.00
04:58:38 PM IST       sda    355.00      0.00   1680.00      0.00      4.73      0.20      0.30     14.40

04:58:38 PM IST       DEV       tps     rkB/s     wkB/s     dkB/s   areq-sz    aqu-sz     await     %util
04:58:39 PM IST   nvme0n1      0.00      0.00      0.00      0.00      0.00      0.00      0.00      0.00
04:58:39 PM IST       sda    369.00      0.00   1720.00      0.00      4.66      0.20      0.31      8.40

04:58:39 PM IST       DEV       tps     rkB/s     wkB/s     dkB/s   areq-sz    aqu-sz     await     %util
04:58:40 PM IST   nvme0n1      0.00      0.00      0.00      0.00      0.00      0.00      0.00      0.00
04:58:40 PM IST       sda    355.00      0.00   2108.00      0.00      5.94      0.20      0.31     11.20

04:58:40 PM IST       DEV       tps     rkB/s     wkB/s     dkB/s   areq-sz    aqu-sz     await     %util
04:58:41 PM IST   nvme0n1      0.00      0.00      0.00      0.00      0.00      0.00      0.00      0.00
04:58:41 PM IST       sda    367.00      0.00   1728.00      0.00      4.71      0.21      0.30     13.60

04:58:41 PM IST       DEV       tps     rkB/s     wkB/s     dkB/s   areq-sz    aqu-sz     await     %util
04:58:42 PM IST   nvme0n1      0.00      0.00      0.00      0.00      0.00      0.00      0.00      0.00
04:58:42 PM IST       sda    377.00      0.00   1768.00      0.00      4.69      0.21      0.30      7.20

04:58:42 PM IST       DEV       tps     rkB/s     wkB/s     dkB/s   areq-sz    aqu-sz     await     %util
04:58:43 PM IST   nvme0n1      0.00      0.00      0.00      0.00      0.00      0.00      0.00      0.00
04:58:43 PM IST       sda    479.00      0.00   3764.00      0.00      7.86      0.26      0.31     13.60

04:58:43 PM IST       DEV       tps     rkB/s     wkB/s     dkB/s   areq-sz    aqu-sz     await     %util
04:58:44 PM IST   nvme0n1      0.00      0.00      0.00      0.00      0.00      0.00      0.00      0.00
04:58:44 PM IST       sda    370.00      0.00   1744.00      0.00      4.71      0.20      0.29      8.80

04:58:44 PM IST       DEV       tps     rkB/s     wkB/s     dkB/s   areq-sz    aqu-sz     await     %util
04:58:45 PM IST   nvme0n1      0.00      0.00      0.00      0.00      0.00      0.00      0.00      0.00
04:58:45 PM IST       sda    388.00      0.00   2108.00      0.00      5.43      0.21      0.30     10.40

04:58:45 PM IST       DEV       tps     rkB/s     wkB/s     dkB/s   areq-sz    aqu-sz     await     %util
04:58:46 PM IST   nvme0n1      0.00      0.00      0.00      0.00      0.00      0.00      0.00      0.00
04:58:46 PM IST       sda    372.00      0.00   1892.00      0.00      5.09      0.19      0.28     11.20

04:58:46 PM IST       DEV       tps     rkB/s     wkB/s     dkB/s   areq-sz    aqu-sz     await     %util
04:58:47 PM IST   nvme0n1      0.00      0.00      0.00      0.00      0.00      0.00      0.00      0.00
04:58:47 PM IST       sda    422.00     12.00   1984.00      0.00      4.73      0.21      0.27     12.40

04:58:47 PM IST       DEV       tps     rkB/s     wkB/s     dkB/s   areq-sz    aqu-sz     await     %util
04:58:48 PM IST   nvme0n1      0.00      0.00      0.00      0.00      0.00      0.00      0.00      0.00
04:58:48 PM IST       sda    404.00      0.00   1920.00      0.00      4.75      0.24      0.31     12.40

04:58:48 PM IST       DEV       tps     rkB/s     wkB/s     dkB/s   areq-sz    aqu-sz     await     %util
04:58:49 PM IST   nvme0n1      0.00      0.00      0.00      0.00      0.00      0.00      0.00      0.00
04:58:49 PM IST       sda    443.00      0.00   2064.00      0.00      4.66      0.21      0.26      7.60

04:58:49 PM IST       DEV       tps     rkB/s     wkB/s     dkB/s   areq-sz    aqu-sz     await     %util
04:58:50 PM IST   nvme0n1      0.00      0.00      0.00      0.00      0.00      0.00      0.00      0.00
04:58:50 PM IST       sda    393.00      0.00   1856.00      0.00      4.72      0.20      0.27     13.20

04:58:50 PM IST       DEV       tps     rkB/s     wkB/s     dkB/s   areq-sz    aqu-sz     await     %util
04:58:51 PM IST   nvme0n1      0.00      0.00      0.00      0.00      0.00      0.00      0.00      0.00
04:58:51 PM IST       sda    382.00      0.00   1920.00      0.00      5.03      0.19      0.27     12.80

04:58:51 PM IST       DEV       tps     rkB/s     wkB/s     dkB/s   areq-sz    aqu-sz     await     %util
04:58:52 PM IST   nvme0n1      0.00      0.00      0.00      0.00      0.00      0.00      0.00      0.00
04:58:52 PM IST       sda    396.00      0.00   1968.00      0.00      4.97      0.20      0.27     12.40

04:58:52 PM IST       DEV       tps     rkB/s     wkB/s     dkB/s   areq-sz    aqu-sz     await     %util
04:58:53 PM IST   nvme0n1      0.00      0.00      0.00      0.00      0.00      0.00      0.00      0.00
04:58:53 PM IST       sda    418.00      0.00   2044.00      0.00      4.89      0.21      0.27     10.00

04:58:53 PM IST       DEV       tps     rkB/s     wkB/s     dkB/s   areq-sz    aqu-sz     await     %util
04:58:54 PM IST   nvme0n1      0.00      0.00      0.00      0.00      0.00      0.00      0.00      0.00
04:58:54 PM IST       sda    403.00      0.00   1888.00      0.00      4.68      0.20      0.27     10.80

04:58:54 PM IST       DEV       tps     rkB/s     wkB/s     dkB/s   areq-sz    aqu-sz     await     %util
04:58:55 PM IST   nvme0n1      0.00      0.00      0.00      0.00      0.00      0.00      0.00      0.00
04:58:55 PM IST       sda    440.00      0.00   2244.00      0.00      5.10      0.21      0.26     11.60

04:58:55 PM IST       DEV       tps     rkB/s     wkB/s     dkB/s   areq-sz    aqu-sz     await     %util
04:58:56 PM IST   nvme0n1      0.00      0.00      0.00      0.00      0.00      0.00      0.00      0.00
04:58:56 PM IST       sda    423.00      0.00   2048.00      0.00      4.84      0.20      0.26     10.80

04:58:56 PM IST       DEV       tps     rkB/s     wkB/s     dkB/s   areq-sz    aqu-sz     await     %util
04:58:57 PM IST   nvme0n1      0.00      0.00      0.00      0.00      0.00      0.00      0.00      0.00
04:58:57 PM IST       sda    668.00      0.00   3868.00      0.00      5.79      0.24      0.22     12.00

04:58:57 PM IST       DEV       tps     rkB/s     wkB/s     dkB/s   areq-sz    aqu-sz     await     %util
04:58:58 PM IST   nvme0n1      0.00      0.00      0.00      0.00      0.00      0.00      0.00      0.00
04:58:58 PM IST       sda    457.00      0.00   2652.00      0.00      5.80      0.21      0.25      8.00

04:58:58 PM IST       DEV       tps     rkB/s     wkB/s     dkB/s   areq-sz    aqu-sz     await     %util
04:58:59 PM IST   nvme0n1      0.00      0.00      0.00      0.00      0.00      0.00      0.00      0.00
04:58:59 PM IST       sda    390.00      0.00   1860.00      0.00      4.77      0.20      0.27     10.00

04:58:59 PM IST       DEV       tps     rkB/s     wkB/s     dkB/s   areq-sz    aqu-sz     await     %util
04:59:00 PM IST   nvme0n1      0.00      0.00      0.00      0.00      0.00      0.00      0.00      0.00
04:59:00 PM IST       sda    391.00      0.00   1932.00      0.00      4.94      0.26      0.35     14.80

04:59:00 PM IST       DEV       tps     rkB/s     wkB/s     dkB/s   areq-sz    aqu-sz     await     %util
04:59:01 PM IST   nvme0n1      0.00      0.00      0.00      0.00      0.00      0.00      0.00      0.00
04:59:01 PM IST       sda    419.00      0.00   1968.00      0.00      4.70      0.20      0.26      9.20

04:59:01 PM IST       DEV       tps     rkB/s     wkB/s     dkB/s   areq-sz    aqu-sz     await     %util
04:59:02 PM IST   nvme0n1      0.00      0.00      0.00      0.00      0.00      0.00      0.00      0.00
04:59:02 PM IST       sda    432.00      0.00   2144.00      0.00      4.96      0.21      0.26      9.60

04:59:02 PM IST       DEV       tps     rkB/s     wkB/s     dkB/s   areq-sz    aqu-sz     await     %util
04:59:03 PM IST   nvme0n1      0.00      0.00      0.00      0.00      0.00      0.00      0.00      0.00
04:59:03 PM IST       sda    445.00      0.00   2112.00      0.00      4.75      0.21      0.26     13.60

04:59:03 PM IST       DEV       tps     rkB/s     wkB/s     dkB/s   areq-sz    aqu-sz     await     %util
04:59:04 PM IST   nvme0n1      0.00      0.00      0.00      0.00      0.00      0.00      0.00      0.00
04:59:04 PM IST       sda    402.00      0.00   1960.00      0.00      4.88      0.20      0.26      8.00

04:59:04 PM IST       DEV       tps     rkB/s     wkB/s     dkB/s   areq-sz    aqu-sz     await     %util
04:59:05 PM IST   nvme0n1      0.00      0.00      0.00      0.00      0.00      0.00      0.00      0.00
04:59:05 PM IST       sda    399.00      0.00   1872.00      0.00      4.69      0.19      0.26      8.00

04:59:05 PM IST       DEV       tps     rkB/s     wkB/s     dkB/s   areq-sz    aqu-sz     await     %util
04:59:06 PM IST   nvme0n1      0.00      0.00      0.00      0.00      0.00      0.00      0.00      0.00
04:59:06 PM IST       sda    397.00      0.00   1864.00      0.00      4.70      0.20      0.26     11.60

04:59:06 PM IST       DEV       tps     rkB/s     wkB/s     dkB/s   areq-sz    aqu-sz     await     %util
04:59:07 PM IST   nvme0n1      0.00      0.00      0.00      0.00      0.00      0.00      0.00      0.00
04:59:07 PM IST       sda    375.00      8.00   1744.00      0.00      4.67      0.18      0.26      8.80

04:59:07 PM IST       DEV       tps     rkB/s     wkB/s     dkB/s   areq-sz    aqu-sz     await     %util
04:59:08 PM IST   nvme0n1      0.00      0.00      0.00      0.00      0.00      0.00      0.00      0.00
04:59:08 PM IST       sda    387.00      0.00   3000.00      0.00      7.75      0.20      0.29      6.80

04:59:08 PM IST       DEV       tps     rkB/s     wkB/s     dkB/s   areq-sz    aqu-sz     await     %util
04:59:09 PM IST   nvme0n1      0.00      0.00      0.00      0.00      0.00      0.00      0.00      0.00
04:59:09 PM IST       sda    366.00      0.00   1716.00      0.00      4.69      0.18      0.27      8.80

04:59:09 PM IST       DEV       tps     rkB/s     wkB/s     dkB/s   areq-sz    aqu-sz     await     %util
04:59:10 PM IST   nvme0n1      0.00      0.00      0.00      0.00      0.00      0.00      0.00      0.00
04:59:10 PM IST       sda    407.00      0.00   3304.00      0.00      8.12      0.20      0.28      6.80

04:59:10 PM IST       DEV       tps     rkB/s     wkB/s     dkB/s   areq-sz    aqu-sz     await     %util
04:59:11 PM IST   nvme0n1      0.00      0.00      0.00      0.00      0.00      0.00      0.00      0.00
04:59:11 PM IST       sda    391.00      0.00   1840.00      0.00      4.71      0.18      0.26      5.20

04:59:11 PM IST       DEV       tps     rkB/s     wkB/s     dkB/s   areq-sz    aqu-sz     await     %util
04:59:12 PM IST   nvme0n1      0.00      0.00      0.00      0.00      0.00      0.00      0.00      0.00
04:59:12 PM IST       sda    399.00      0.00   2052.00      0.00      5.14      0.23      0.30     10.80

04:59:12 PM IST       DEV       tps     rkB/s     wkB/s     dkB/s   areq-sz    aqu-sz     await     %util
04:59:13 PM IST   nvme0n1      0.00      0.00      0.00      0.00      0.00      0.00      0.00      0.00
04:59:13 PM IST       sda    413.00      0.00   2380.00      0.00      5.76      0.22      0.29      9.60

04:59:13 PM IST       DEV       tps     rkB/s     wkB/s     dkB/s   areq-sz    aqu-sz     await     %util
04:59:14 PM IST   nvme0n1      0.00      0.00      0.00      0.00      0.00      0.00      0.00      0.00
04:59:14 PM IST       sda    383.00      0.00   1808.00      0.00      4.72      0.21      0.29      8.80

04:59:14 PM IST       DEV       tps     rkB/s     wkB/s     dkB/s   areq-sz    aqu-sz     await     %util
04:59:15 PM IST   nvme0n1      0.00      0.00      0.00      0.00      0.00      0.00      0.00      0.00
04:59:15 PM IST       sda    472.00      0.00   2636.00      0.00      5.58      0.21      0.26      8.40

04:59:15 PM IST       DEV       tps     rkB/s     wkB/s     dkB/s   areq-sz    aqu-sz     await     %util
04:59:16 PM IST   nvme0n1      0.00      0.00      0.00      0.00      0.00      0.00      0.00      0.00
04:59:16 PM IST       sda    439.00      0.00   2064.00      0.00      4.70      0.22      0.26     12.00

04:59:16 PM IST       DEV       tps     rkB/s     wkB/s     dkB/s   areq-sz    aqu-sz     await     %util
04:59:17 PM IST   nvme0n1      0.00      0.00      0.00      0.00      0.00      0.00      0.00      0.00
04:59:17 PM IST       sda    407.00      0.00   1932.00      0.00      4.75      0.21      0.28     12.40

04:59:17 PM IST       DEV       tps     rkB/s     wkB/s     dkB/s   areq-sz    aqu-sz     await     %util
04:59:18 PM IST   nvme0n1      0.00      0.00      0.00      0.00      0.00      0.00      0.00      0.00
04:59:18 PM IST       sda    419.00      0.00   2296.00      0.00      5.48      0.22      0.28     10.40

04:59:18 PM IST       DEV       tps     rkB/s     wkB/s     dkB/s   areq-sz    aqu-sz     await     %util
04:59:19 PM IST   nvme0n1      0.00      0.00      0.00      0.00      0.00      0.00      0.00      0.00
04:59:19 PM IST       sda    333.00      0.00   1544.00      0.00      4.64      0.16      0.26      6.80
