Linux 6.12.33+kali-amd64 (two94) 	23/11/25 	_x86_64_	(12 CPU)

04:07:36 PM IST       DEV       tps     rkB/s     wkB/s     dkB/s   areq-sz    aqu-sz     await     %util
04:07:37 PM IST   nvme0n1      0.00      0.00      0.00      0.00      0.00      0.00      0.00      0.00
04:07:37 PM IST       sda    184.00      0.00   2932.00      0.00     15.93      0.09      0.27      5.60

04:07:37 PM IST       DEV       tps     rkB/s     wkB/s     dkB/s   areq-sz    aqu-sz     await     %util
04:07:38 PM IST   nvme0n1      0.00      0.00      0.00      0.00      0.00      0.00      0.00      0.00
04:07:38 PM IST       sda      0.00      0.00      0.00      0.00      0.00      0.00      0.00      0.00

04:07:38 PM IST       DEV       tps     rkB/s     wkB/s     dkB/s   areq-sz    aqu-sz     await     %util
04:07:39 PM IST   nvme0n1      0.00      0.00      0.00      0.00      0.00      0.00      0.00      0.00
04:07:39 PM IST       sda     51.00      0.00    392.00      0.00      7.69      0.01      0.20      0.40

04:07:39 PM IST       DEV       tps     rkB/s     wkB/s     dkB/s   areq-sz    aqu-sz     await     %util
04:07:40 PM IST   nvme0n1      0.00      0.00      0.00      0.00      0.00      0.00      0.00      0.00
04:07:40 PM IST       sda     24.00      0.00    128.00      0.00      5.33      0.00      0.17      0.00

04:07:40 PM IST       DEV       tps     rkB/s     wkB/s     dkB/s   areq-sz    aqu-sz     await     %util
04:07:41 PM IST   nvme0n1      0.00      0.00      0.00      0.00      0.00      0.00      0.00      0.00
04:07:41 PM IST       sda      0.00      0.00      0.00      0.00      0.00      0.00      0.00      0.00

04:07:41 PM IST       DEV       tps     rkB/s     wkB/s     dkB/s   areq-sz    aqu-sz     await     %util
04:07:42 PM IST   nvme0n1      0.00      0.00      0.00      0.00      0.00      0.00      0.00      0.00
04:07:42 PM IST       sda      2.00      0.00     20.00      0.00     10.00      0.00      1.00      0.00

04:07:42 PM IST       DEV       tps     rkB/s     wkB/s     dkB/s   areq-sz    aqu-sz     await     %util
04:07:43 PM IST   nvme0n1      0.00      0.00      0.00      0.00      0.00      0.00      0.00      0.00
04:07:43 PM IST       sda      0.00      0.00      0.00      0.00      0.00      0.00      0.00      0.00

04:07:43 PM IST       DEV       tps     rkB/s     wkB/s     dkB/s   areq-sz    aqu-sz     await     %util
04:07:44 PM IST   nvme0n1      0.00      0.00      0.00      0.00      0.00      0.00      0.00      0.00
04:07:44 PM IST       sda     19.00      0.00    332.00      0.00     17.47      0.01      0.42      0.40

04:07:44 PM IST       DEV       tps     rkB/s     wkB/s     dkB/s   areq-sz    aqu-sz     await     %util
04:07:45 PM IST   nvme0n1      0.00      0.00      0.00      0.00      0.00      0.00      0.00      0.00
04:07:45 PM IST       sda      9.90      0.00    213.86      0.00     21.60      0.01      0.30      0.40

04:07:45 PM IST       DEV       tps     rkB/s     wkB/s     dkB/s   areq-sz    aqu-sz     await     %util
04:07:46 PM IST   nvme0n1      0.00      0.00      0.00      0.00      0.00      0.00      0.00      0.00
04:07:46 PM IST       sda     63.00      0.00    828.00      0.00     13.14      0.03      0.40      0.00

04:07:46 PM IST       DEV       tps     rkB/s     wkB/s     dkB/s   areq-sz    aqu-sz     await     %util
04:07:47 PM IST   nvme0n1      0.00      0.00      0.00      0.00      0.00      0.00      0.00      0.00
04:07:47 PM IST       sda      2.00      0.00      8.00      0.00      4.00      0.00      0.50      0.00

04:07:47 PM IST       DEV       tps     rkB/s     wkB/s     dkB/s   areq-sz    aqu-sz     await     %util
04:07:48 PM IST   nvme0n1      0.00      0.00      0.00      0.00      0.00      0.00      0.00      0.00
04:07:48 PM IST       sda      2.00      0.00     24.00      0.00     12.00      0.00      1.00      0.40

04:07:48 PM IST       DEV       tps     rkB/s     wkB/s     dkB/s   areq-sz    aqu-sz     await     %util
04:07:49 PM IST   nvme0n1      0.00      0.00      0.00      0.00      0.00      0.00      0.00      0.00
04:07:49 PM IST       sda      0.00      0.00      0.00      0.00      0.00      0.00      0.00      0.00

04:07:49 PM IST       DEV       tps     rkB/s     wkB/s     dkB/s   areq-sz    aqu-sz     await     %util
04:07:50 PM IST   nvme0n1      0.00      0.00      0.00      0.00      0.00      0.00      0.00      0.00
04:07:50 PM IST       sda      3.00      0.00     84.00      0.00     28.00      0.00      0.67      0.00

04:07:50 PM IST       DEV       tps     rkB/s     wkB/s     dkB/s   areq-sz    aqu-sz     await     %util
04:07:51 PM IST   nvme0n1      0.00      0.00      0.00      0.00      0.00      0.00      0.00      0.00
04:07:51 PM IST       sda     16.00      0.00    872.00      0.00     54.50      0.01      0.56      0.00

04:07:51 PM IST       DEV       tps     rkB/s     wkB/s     dkB/s   areq-sz    aqu-sz     await     %util
04:07:52 PM IST   nvme0n1      0.00      0.00      0.00      0.00      0.00      0.00      0.00      0.00
04:07:52 PM IST       sda      0.00      0.00      0.00      0.00      0.00      0.00      0.00      0.00

04:07:52 PM IST       DEV       tps     rkB/s     wkB/s     dkB/s   areq-sz    aqu-sz     await     %util
04:07:53 PM IST   nvme0n1      0.00      0.00      0.00      0.00      0.00      0.00      0.00      0.00
04:07:53 PM IST       sda      0.00      0.00      0.00      0.00      0.00      0.00      0.00      0.00

04:07:53 PM IST       DEV       tps     rkB/s     wkB/s     dkB/s   areq-sz    aqu-sz     await     %util
04:07:54 PM IST   nvme0n1      0.00      0.00      0.00      0.00      0.00      0.00      0.00      0.00
04:07:54 PM IST       sda      7.00      0.00     80.00      0.00     11.43      0.00      0.29      0.00

04:07:54 PM IST       DEV       tps     rkB/s     wkB/s     dkB/s   areq-sz    aqu-sz     await     %util
04:07:55 PM IST   nvme0n1      0.00      0.00      0.00      0.00      0.00      0.00      0.00      0.00
04:07:55 PM IST       sda      3.00      0.00    172.00      0.00     57.33      0.00      0.67      0.00

04:07:55 PM IST       DEV       tps     rkB/s     wkB/s     dkB/s   areq-sz    aqu-sz     await     %util
04:07:56 PM IST   nvme0n1      0.00      0.00      0.00      0.00      0.00      0.00      0.00      0.00
04:07:56 PM IST       sda     28.00      0.00    316.00      0.00     11.29      0.01      0.46      0.00

04:07:56 PM IST       DEV       tps     rkB/s     wkB/s     dkB/s   areq-sz    aqu-sz     await     %util
04:07:57 PM IST   nvme0n1      0.00      0.00      0.00      0.00      0.00      0.00      0.00      0.00
04:07:57 PM IST       sda      2.00      0.00     12.00      0.00      6.00      0.00      0.50      0.00

04:07:57 PM IST       DEV       tps     rkB/s     wkB/s     dkB/s   areq-sz    aqu-sz     await     %util
04:07:58 PM IST   nvme0n1      0.00      0.00      0.00      0.00      0.00      0.00      0.00      0.00
04:07:58 PM IST       sda      5.00      0.00    164.00      0.00     32.80      0.00      0.40      0.40

04:07:58 PM IST       DEV       tps     rkB/s     wkB/s     dkB/s   areq-sz    aqu-sz     await     %util
04:07:59 PM IST   nvme0n1      0.00      0.00      0.00      0.00      0.00      0.00      0.00      0.00
04:07:59 PM IST       sda      2.00      8.00      0.00      0.00      4.00      0.00      0.50      0.00

04:07:59 PM IST       DEV       tps     rkB/s     wkB/s     dkB/s   areq-sz    aqu-sz     await     %util
04:08:00 PM IST   nvme0n1      0.00      0.00      0.00      0.00      0.00      0.00      0.00      0.00
04:08:00 PM IST       sda     41.00      0.00    324.00      0.00      7.90      0.01      0.17      0.00

04:08:00 PM IST       DEV       tps     rkB/s     wkB/s     dkB/s   areq-sz    aqu-sz     await     %util
04:08:01 PM IST   nvme0n1      0.00      0.00      0.00      0.00      0.00      0.00      0.00      0.00
04:08:01 PM IST       sda      0.00      0.00      0.00      0.00      0.00      0.00      0.00      0.00

04:08:01 PM IST       DEV       tps     rkB/s     wkB/s     dkB/s   areq-sz    aqu-sz     await     %util
04:08:02 PM IST   nvme0n1      0.00      0.00      0.00      0.00      0.00      0.00      0.00      0.00
04:08:02 PM IST       sda      0.00      0.00      0.00      0.00      0.00      0.00      0.00      0.00

04:08:02 PM IST       DEV       tps     rkB/s     wkB/s     dkB/s   areq-sz    aqu-sz     await     %util
04:08:03 PM IST   nvme0n1      0.00      0.00      0.00      0.00      0.00      0.00      0.00      0.00
04:08:03 PM IST       sda     21.00      0.00    224.00      0.00     10.67      0.02      0.71      0.00

04:08:03 PM IST       DEV       tps     rkB/s     wkB/s     dkB/s   areq-sz    aqu-sz     await     %util
04:08:04 PM IST   nvme0n1      0.00      0.00      0.00      0.00      0.00      0.00      0.00      0.00
04:08:04 PM IST       sda     96.00      0.00    408.00      0.00      4.25      0.01      0.11      0.00

04:08:04 PM IST       DEV       tps     rkB/s     wkB/s     dkB/s   areq-sz    aqu-sz     await     %util
04:08:05 PM IST   nvme0n1      0.00      0.00      0.00      0.00      0.00      0.00      0.00      0.00
04:08:05 PM IST       sda      4.00      8.00     28.00      0.00      9.00      0.01      1.00      0.40

04:08:05 PM IST       DEV       tps     rkB/s     wkB/s     dkB/s   areq-sz    aqu-sz     await     %util
04:08:06 PM IST   nvme0n1      0.00      0.00      0.00      0.00      0.00      0.00      0.00      0.00
04:08:06 PM IST       sda      0.00      0.00      0.00      0.00      0.00      0.00      0.00      0.00

04:08:06 PM IST       DEV       tps     rkB/s     wkB/s     dkB/s   areq-sz    aqu-sz     await     %util
04:08:07 PM IST   nvme0n1      0.00      0.00      0.00      0.00      0.00      0.00      0.00      0.00
04:08:07 PM IST       sda      5.00      0.00     20.00      0.00      4.00      0.00      0.60      0.00

04:08:07 PM IST       DEV       tps     rkB/s     wkB/s     dkB/s   areq-sz    aqu-sz     await     %util
04:08:08 PM IST   nvme0n1      0.00      0.00      0.00      0.00      0.00      0.00      0.00      0.00
04:08:08 PM IST       sda     23.00      0.00    256.00      0.00     11.13      0.01      0.30      0.40

04:08:08 PM IST       DEV       tps     rkB/s     wkB/s     dkB/s   areq-sz    aqu-sz     await     %util
04:08:09 PM IST   nvme0n1      0.00      0.00      0.00      0.00      0.00      0.00      0.00      0.00
04:08:09 PM IST       sda      0.00      0.00      0.00      0.00      0.00      0.00      0.00      0.00

04:08:09 PM IST       DEV       tps     rkB/s     wkB/s     dkB/s   areq-sz    aqu-sz     await     %util
04:08:10 PM IST   nvme0n1      0.00      0.00      0.00      0.00      0.00      0.00      0.00      0.00
04:08:10 PM IST       sda     43.00      0.00    316.00      0.00      7.35      0.01      0.23      0.40

04:08:10 PM IST       DEV       tps     rkB/s     wkB/s     dkB/s   areq-sz    aqu-sz     await     %util
04:08:11 PM IST   nvme0n1      0.00      0.00      0.00      0.00      0.00      0.00      0.00      0.00
04:08:11 PM IST       sda     11.00      0.00    224.00      0.00     20.36      0.01      0.55      0.00

04:08:11 PM IST       DEV       tps     rkB/s     wkB/s     dkB/s   areq-sz    aqu-sz     await     %util
04:08:12 PM IST   nvme0n1      0.00      0.00      0.00      0.00      0.00      0.00      0.00      0.00
04:08:12 PM IST       sda      0.00      0.00      0.00      0.00      0.00      0.00      0.00      0.00

04:08:12 PM IST       DEV       tps     rkB/s     wkB/s     dkB/s   areq-sz    aqu-sz     await     %util
04:08:13 PM IST   nvme0n1      0.00      0.00      0.00      0.00      0.00      0.00      0.00      0.00
04:08:13 PM IST       sda      1.00      0.00      4.00      0.00      4.00      0.00      1.00      0.00

04:08:13 PM IST       DEV       tps     rkB/s     wkB/s     dkB/s   areq-sz    aqu-sz     await     %util
04:08:14 PM IST   nvme0n1      0.00      0.00      0.00      0.00      0.00      0.00      0.00      0.00
04:08:14 PM IST       sda     11.00      0.00    120.00      0.00     10.91      0.01      0.27      0.40

04:08:14 PM IST       DEV       tps     rkB/s     wkB/s     dkB/s   areq-sz    aqu-sz     await     %util
04:08:15 PM IST   nvme0n1      0.00      0.00      0.00      0.00      0.00      0.00      0.00      0.00
04:08:15 PM IST       sda     36.00      0.00    424.00      0.00     11.78      0.01      0.31      0.00

04:08:15 PM IST       DEV       tps     rkB/s     wkB/s     dkB/s   areq-sz    aqu-sz     await     %util
04:08:16 PM IST   nvme0n1      0.00      0.00      0.00      0.00      0.00      0.00      0.00      0.00
04:08:16 PM IST       sda      2.00      0.00     20.00      0.00     10.00      0.00      0.50      0.00

04:08:16 PM IST       DEV       tps     rkB/s     wkB/s     dkB/s   areq-sz    aqu-sz     await     %util
04:08:17 PM IST   nvme0n1      0.00      0.00      0.00      0.00      0.00      0.00      0.00      0.00
04:08:17 PM IST       sda     11.00      0.00    176.00      0.00     16.00      0.01      0.36      0.40

04:08:17 PM IST       DEV       tps     rkB/s     wkB/s     dkB/s   areq-sz    aqu-sz     await     %util
04:08:18 PM IST   nvme0n1      0.00      0.00      0.00      0.00      0.00      0.00      0.00      0.00
04:08:18 PM IST       sda      0.00      0.00      0.00      0.00      0.00      0.00      0.00      0.00

04:08:18 PM IST       DEV       tps     rkB/s     wkB/s     dkB/s   areq-sz    aqu-sz     await     %util
04:08:19 PM IST   nvme0n1      0.00      0.00      0.00      0.00      0.00      0.00      0.00      0.00
04:08:19 PM IST       sda      3.00      0.00     80.00      0.00     26.67      0.00      0.67      0.00

04:08:19 PM IST       DEV       tps     rkB/s     wkB/s     dkB/s   areq-sz    aqu-sz     await     %util
04:08:20 PM IST   nvme0n1      0.00      0.00      0.00      0.00      0.00      0.00      0.00      0.00
04:08:20 PM IST       sda      0.00      0.00      0.00      0.00      0.00      0.00      0.00      0.00

04:08:20 PM IST       DEV       tps     rkB/s     wkB/s     dkB/s   areq-sz    aqu-sz     await     %util
04:08:21 PM IST   nvme0n1      0.00      0.00      0.00      0.00      0.00      0.00      0.00      0.00
04:08:21 PM IST       sda     27.00      0.00   1024.00      0.00     37.93      0.04      1.56      0.40

04:08:21 PM IST       DEV       tps     rkB/s     wkB/s     dkB/s   areq-sz    aqu-sz     await     %util
04:08:22 PM IST   nvme0n1      0.00      0.00      0.00      0.00      0.00      0.00      0.00      0.00
04:08:22 PM IST       sda      2.00      0.00     16.00      0.00      8.00      0.00      0.50      0.00

04:08:22 PM IST       DEV       tps     rkB/s     wkB/s     dkB/s   areq-sz    aqu-sz     await     %util
04:08:23 PM IST   nvme0n1      0.00      0.00      0.00      0.00      0.00      0.00      0.00      0.00
04:08:23 PM IST       sda      0.00      0.00      0.00      0.00      0.00      0.00      0.00      0.00

04:08:23 PM IST       DEV       tps     rkB/s     wkB/s     dkB/s   areq-sz    aqu-sz     await     %util
04:08:24 PM IST   nvme0n1      0.00      0.00      0.00      0.00      0.00      0.00      0.00      0.00
04:08:24 PM IST       sda      7.00      0.00    180.00      0.00     25.71      0.01      0.57      0.40

04:08:24 PM IST       DEV       tps     rkB/s     wkB/s     dkB/s   areq-sz    aqu-sz     await     %util
04:08:25 PM IST   nvme0n1      0.00      0.00      0.00      0.00      0.00      0.00      0.00      0.00
04:08:25 PM IST       sda      6.00      0.00     60.00      0.00     10.00      0.00      0.17      0.00

04:08:25 PM IST       DEV       tps     rkB/s     wkB/s     dkB/s   areq-sz    aqu-sz     await     %util
04:08:26 PM IST   nvme0n1      0.00      0.00      0.00      0.00      0.00      0.00      0.00      0.00
04:08:26 PM IST       sda     10.00      0.00    120.00      0.00     12.00      0.01      0.40      0.00

04:08:26 PM IST       DEV       tps     rkB/s     wkB/s     dkB/s   areq-sz    aqu-sz     await     %util
04:08:27 PM IST   nvme0n1      0.00      0.00      0.00      0.00      0.00      0.00      0.00      0.00
04:08:27 PM IST       sda      0.00      0.00      0.00      0.00      0.00      0.00      0.00      0.00

04:08:27 PM IST       DEV       tps     rkB/s     wkB/s     dkB/s   areq-sz    aqu-sz     await     %util
04:08:28 PM IST   nvme0n1      0.00      0.00      0.00      0.00      0.00      0.00      0.00      0.00
04:08:28 PM IST       sda      3.00      0.00     28.00      0.00      9.33      0.00      0.67      0.00

04:08:28 PM IST       DEV       tps     rkB/s     wkB/s     dkB/s   areq-sz    aqu-sz     await     %util
04:08:29 PM IST   nvme0n1      0.00      0.00      0.00      0.00      0.00      0.00      0.00      0.00
04:08:29 PM IST       sda     35.00      0.00    272.00      0.00      7.77      0.01      0.23      0.40

04:08:29 PM IST       DEV       tps     rkB/s     wkB/s     dkB/s   areq-sz    aqu-sz     await     %util
04:08:30 PM IST   nvme0n1      0.00      0.00      0.00      0.00      0.00      0.00      0.00      0.00
04:08:30 PM IST       sda      0.00      0.00      0.00      0.00      0.00      0.00      0.00      0.00

04:08:30 PM IST       DEV       tps     rkB/s     wkB/s     dkB/s   areq-sz    aqu-sz     await     %util
04:08:31 PM IST   nvme0n1      0.00      0.00      0.00      0.00      0.00      0.00      0.00      0.00
04:08:31 PM IST       sda     45.00      0.00    352.00      0.00      7.82      0.01      0.22      0.00

04:08:31 PM IST       DEV       tps     rkB/s     wkB/s     dkB/s   areq-sz    aqu-sz     await     %util
04:08:32 PM IST   nvme0n1      0.00      0.00      0.00      0.00      0.00      0.00      0.00      0.00
04:08:32 PM IST       sda      0.00      0.00      0.00      0.00      0.00      0.00      0.00      0.00

04:08:32 PM IST       DEV       tps     rkB/s     wkB/s     dkB/s   areq-sz    aqu-sz     await     %util
04:08:33 PM IST   nvme0n1      0.00      0.00      0.00      0.00      0.00      0.00      0.00      0.00
04:08:33 PM IST       sda      9.00     36.00    200.00      0.00     26.22      0.01      0.44      1.60

04:08:33 PM IST       DEV       tps     rkB/s     wkB/s     dkB/s   areq-sz    aqu-sz     await     %util
04:08:34 PM IST   nvme0n1      0.00      0.00      0.00      0.00      0.00      0.00      0.00      0.00
04:08:34 PM IST       sda    127.00      0.00    540.00      0.00      4.25      0.01      0.11      0.00

04:08:34 PM IST       DEV       tps     rkB/s     wkB/s     dkB/s   areq-sz    aqu-sz     await     %util
04:08:35 PM IST   nvme0n1      0.00      0.00      0.00      0.00      0.00      0.00      0.00      0.00
04:08:35 PM IST       sda     29.00    512.00    468.00      0.00     33.79      0.02      0.41      1.20

04:08:35 PM IST       DEV       tps     rkB/s     wkB/s     dkB/s   areq-sz    aqu-sz     await     %util
04:08:36 PM IST   nvme0n1      0.00      0.00      0.00      0.00      0.00      0.00      0.00      0.00
04:08:36 PM IST       sda      0.00      0.00      0.00      0.00      0.00      0.00      0.00      0.00

04:08:36 PM IST       DEV       tps     rkB/s     wkB/s     dkB/s   areq-sz    aqu-sz     await     %util
04:08:37 PM IST   nvme0n1      0.00      0.00      0.00      0.00      0.00      0.00      0.00      0.00
04:08:37 PM IST       sda    117.00     76.00   4292.00      0.00     37.33      0.05      0.44      1.20

04:08:37 PM IST       DEV       tps     rkB/s     wkB/s     dkB/s   areq-sz    aqu-sz     await     %util
04:08:38 PM IST   nvme0n1      0.00      0.00      0.00      0.00      0.00      0.00      0.00      0.00
04:08:38 PM IST       sda      0.00      0.00      0.00      0.00      0.00      0.00      0.00      0.00

04:08:38 PM IST       DEV       tps     rkB/s     wkB/s     dkB/s   areq-sz    aqu-sz     await     %util
04:08:39 PM IST   nvme0n1      0.00      0.00      0.00      0.00      0.00      0.00      0.00      0.00
04:08:39 PM IST       sda      2.00      0.00     24.00      0.00     12.00      0.00      1.00      0.00

04:08:39 PM IST       DEV       tps     rkB/s     wkB/s     dkB/s   areq-sz    aqu-sz     await     %util
04:08:40 PM IST   nvme0n1      0.00      0.00      0.00      0.00      0.00      0.00      0.00      0.00
04:08:40 PM IST       sda      0.00      0.00      0.00      0.00      0.00      0.00      0.00      0.00

04:08:40 PM IST       DEV       tps     rkB/s     wkB/s     dkB/s   areq-sz    aqu-sz     await     %util
04:08:41 PM IST   nvme0n1      0.00      0.00      0.00      0.00      0.00      0.00      0.00      0.00
04:08:41 PM IST       sda     36.00      0.00    392.00      0.00     10.89      0.02      0.36      0.40

04:08:41 PM IST       DEV       tps     rkB/s     wkB/s     dkB/s   areq-sz    aqu-sz     await     %util
04:08:42 PM IST   nvme0n1      0.00      0.00      0.00      0.00      0.00      0.00      0.00      0.00
04:08:42 PM IST       sda     28.00      0.00    360.00      0.00     12.86      0.01      0.29      0.00

04:08:42 PM IST       DEV       tps     rkB/s     wkB/s     dkB/s   areq-sz    aqu-sz     await     %util
04:08:43 PM IST   nvme0n1      0.00      0.00      0.00      0.00      0.00      0.00      0.00      0.00
04:08:43 PM IST       sda      0.00      0.00      0.00      0.00      0.00      0.00      0.00      0.00

04:08:43 PM IST       DEV       tps     rkB/s     wkB/s     dkB/s   areq-sz    aqu-sz     await     %util
04:08:44 PM IST   nvme0n1      0.00      0.00      0.00      0.00      0.00      0.00      0.00      0.00
04:08:44 PM IST       sda      2.00      0.00     20.00      0.00     10.00      0.00      0.50      0.00

04:08:44 PM IST       DEV       tps     rkB/s     wkB/s     dkB/s   areq-sz    aqu-sz     await     %util
04:08:45 PM IST   nvme0n1      0.00      0.00      0.00      0.00      0.00      0.00      0.00      0.00
04:08:45 PM IST       sda     15.00      0.00    120.00      0.00      8.00      0.01      0.27      0.40

04:08:45 PM IST       DEV       tps     rkB/s     wkB/s     dkB/s   areq-sz    aqu-sz     await     %util
04:08:46 PM IST   nvme0n1      0.00      0.00      0.00      0.00      0.00      0.00      0.00      0.00
04:08:46 PM IST       sda      0.00      0.00      0.00      0.00      0.00      0.00      0.00      0.00

04:08:46 PM IST       DEV       tps     rkB/s     wkB/s     dkB/s   areq-sz    aqu-sz     await     %util
04:08:47 PM IST   nvme0n1      0.00      0.00      0.00      0.00      0.00      0.00      0.00      0.00
04:08:47 PM IST       sda     13.00      0.00    120.00      0.00      9.23      0.01      0.46      0.40

04:08:47 PM IST       DEV       tps     rkB/s     wkB/s     dkB/s   areq-sz    aqu-sz     await     %util
04:08:48 PM IST   nvme0n1      0.00      0.00      0.00      0.00      0.00      0.00      0.00      0.00
04:08:48 PM IST       sda      0.00      0.00      0.00      0.00      0.00      0.00      0.00      0.00

04:08:48 PM IST       DEV       tps     rkB/s     wkB/s     dkB/s   areq-sz    aqu-sz     await     %util
04:08:49 PM IST   nvme0n1      0.00      0.00      0.00      0.00      0.00      0.00      0.00      0.00
04:08:49 PM IST       sda      0.00      0.00      0.00      0.00      0.00      0.00      0.00      0.00

04:08:49 PM IST       DEV       tps     rkB/s     wkB/s     dkB/s   areq-sz    aqu-sz     await     %util
04:08:50 PM IST   nvme0n1      0.00      0.00      0.00      0.00      0.00      0.00      0.00      0.00
04:08:50 PM IST       sda      2.00      0.00     20.00      0.00     10.00      0.00      0.50      0.00

04:08:50 PM IST       DEV       tps     rkB/s     wkB/s     dkB/s   areq-sz    aqu-sz     await     %util
04:08:51 PM IST   nvme0n1      0.00      0.00      0.00      0.00      0.00      0.00      0.00      0.00
04:08:51 PM IST       sda      5.00      0.00    104.00      0.00     20.80      0.01      0.60      0.00

04:08:51 PM IST       DEV       tps     rkB/s     wkB/s     dkB/s   areq-sz    aqu-sz     await     %util
04:08:52 PM IST   nvme0n1      0.00      0.00      0.00      0.00      0.00      0.00      0.00      0.00
04:08:52 PM IST       sda      0.00      0.00      0.00      0.00      0.00      0.00      0.00      0.00

04:08:52 PM IST       DEV       tps     rkB/s     wkB/s     dkB/s   areq-sz    aqu-sz     await     %util
04:08:53 PM IST   nvme0n1      0.00      0.00      0.00      0.00      0.00      0.00      0.00      0.00
04:08:53 PM IST       sda      0.00      0.00      0.00      0.00      0.00      0.00      0.00      0.00

04:08:53 PM IST       DEV       tps     rkB/s     wkB/s     dkB/s   areq-sz    aqu-sz     await     %util
04:08:54 PM IST   nvme0n1      0.00      0.00      0.00      0.00      0.00      0.00      0.00      0.00
04:08:54 PM IST       sda     42.00      0.00    216.00      0.00      5.14      0.01      0.24      0.40

04:08:54 PM IST       DEV       tps     rkB/s     wkB/s     dkB/s   areq-sz    aqu-sz     await     %util
04:08:55 PM IST   nvme0n1      0.00      0.00      0.00      0.00      0.00      0.00      0.00      0.00
04:08:55 PM IST       sda      3.00      0.00    160.00      0.00     53.33      0.00      0.33      0.00

04:08:55 PM IST       DEV       tps     rkB/s     wkB/s     dkB/s   areq-sz    aqu-sz     await     %util
04:08:56 PM IST   nvme0n1      0.00      0.00      0.00      0.00      0.00      0.00      0.00      0.00
04:08:56 PM IST       sda      5.00      0.00     72.00      0.00     14.40      0.00      0.60      0.40

04:08:56 PM IST       DEV       tps     rkB/s     wkB/s     dkB/s   areq-sz    aqu-sz     await     %util
04:08:57 PM IST   nvme0n1      0.00      0.00      0.00      0.00      0.00      0.00      0.00      0.00
04:08:57 PM IST       sda      2.00      0.00     80.00      0.00     40.00      0.00      0.50      0.00

04:08:57 PM IST       DEV       tps     rkB/s     wkB/s     dkB/s   areq-sz    aqu-sz     await     %util
04:08:58 PM IST   nvme0n1      0.00      0.00      0.00      0.00      0.00      0.00      0.00      0.00
04:08:58 PM IST       sda     11.00      0.00    188.00      0.00     17.09      0.01      0.36      0.40

04:08:58 PM IST       DEV       tps     rkB/s     wkB/s     dkB/s   areq-sz    aqu-sz     await     %util
04:08:59 PM IST   nvme0n1      0.00      0.00      0.00      0.00      0.00      0.00      0.00      0.00
04:08:59 PM IST       sda     38.00      8.00    160.00      0.00      4.42      0.01      0.18      0.00

04:08:59 PM IST       DEV       tps     rkB/s     wkB/s     dkB/s   areq-sz    aqu-sz     await     %util
04:09:00 PM IST   nvme0n1      0.00      0.00      0.00      0.00      0.00      0.00      0.00      0.00
04:09:00 PM IST       sda      1.00    128.00      0.00      0.00    128.00      0.00      0.00      0.00

04:09:00 PM IST       DEV       tps     rkB/s     wkB/s     dkB/s   areq-sz    aqu-sz     await     %util
04:09:01 PM IST   nvme0n1      0.00      0.00      0.00      0.00      0.00      0.00      0.00      0.00
04:09:01 PM IST       sda      6.00      0.00     40.00      0.00      6.67      0.00      0.17      0.00

04:09:01 PM IST       DEV       tps     rkB/s     wkB/s     dkB/s   areq-sz    aqu-sz     await     %util
04:09:02 PM IST   nvme0n1      0.00      0.00      0.00      0.00      0.00      0.00      0.00      0.00
04:09:02 PM IST       sda     81.00     68.00   1464.00      0.00     18.91      0.03      0.28      0.40

04:09:02 PM IST       DEV       tps     rkB/s     wkB/s     dkB/s   areq-sz    aqu-sz     await     %util
04:09:03 PM IST   nvme0n1      0.00      0.00      0.00      0.00      0.00      0.00      0.00      0.00
04:09:03 PM IST       sda      0.00      0.00      0.00      0.00      0.00      0.00      0.00      0.00

04:09:03 PM IST       DEV       tps     rkB/s     wkB/s     dkB/s   areq-sz    aqu-sz     await     %util
04:09:04 PM IST   nvme0n1      0.00      0.00      0.00      0.00      0.00      0.00      0.00      0.00
04:09:04 PM IST       sda      5.00      0.00    120.00      0.00     24.00      0.01      0.60      0.00

04:09:04 PM IST       DEV       tps     rkB/s     wkB/s     dkB/s   areq-sz    aqu-sz     await     %util
04:09:05 PM IST   nvme0n1      0.00      0.00      0.00      0.00      0.00      0.00      0.00      0.00
04:09:05 PM IST       sda    113.00      0.00    572.00      0.00      5.06      0.02      0.15      0.40

04:09:05 PM IST       DEV       tps     rkB/s     wkB/s     dkB/s   areq-sz    aqu-sz     await     %util
04:09:06 PM IST   nvme0n1      0.00      0.00      0.00      0.00      0.00      0.00      0.00      0.00
04:09:06 PM IST       sda    108.00      0.00   2696.00      0.00     24.96      0.07      0.60      0.80

04:09:06 PM IST       DEV       tps     rkB/s     wkB/s     dkB/s   areq-sz    aqu-sz     await     %util
04:09:07 PM IST   nvme0n1      0.00      0.00      0.00      0.00      0.00      0.00      0.00      0.00
04:09:07 PM IST       sda     37.00     92.00    312.00      0.00     10.92      0.02      0.51      0.40

04:09:07 PM IST       DEV       tps     rkB/s     wkB/s     dkB/s   areq-sz    aqu-sz     await     %util
04:09:08 PM IST   nvme0n1      0.00      0.00      0.00      0.00      0.00      0.00      0.00      0.00
04:09:08 PM IST       sda      6.00      0.00     24.00      0.00      4.00      0.00      0.17      0.00

04:09:08 PM IST       DEV       tps     rkB/s     wkB/s     dkB/s   areq-sz    aqu-sz     await     %util
04:09:09 PM IST   nvme0n1      0.00      0.00      0.00      0.00      0.00      0.00      0.00      0.00
04:09:09 PM IST       sda    108.00   1304.00      0.00      0.00     12.07      0.03      0.30      2.80

04:09:09 PM IST       DEV       tps     rkB/s     wkB/s     dkB/s   areq-sz    aqu-sz     await     %util
04:09:10 PM IST   nvme0n1      0.00      0.00      0.00      0.00      0.00      0.00      0.00      0.00
04:09:10 PM IST       sda      0.00      0.00      0.00      0.00      0.00      0.00      0.00      0.00

04:09:10 PM IST       DEV       tps     rkB/s     wkB/s     dkB/s   areq-sz    aqu-sz     await     %util
04:09:11 PM IST   nvme0n1      0.00      0.00      0.00      0.00      0.00      0.00      0.00      0.00
04:09:11 PM IST       sda      7.00     68.00    204.00      0.00     38.86      0.01      0.57      0.40

04:09:11 PM IST       DEV       tps     rkB/s     wkB/s     dkB/s   areq-sz    aqu-sz     await     %util
04:09:12 PM IST   nvme0n1      0.00      0.00      0.00      0.00      0.00      0.00      0.00      0.00
04:09:12 PM IST       sda     89.00      0.00    896.00      0.00     10.07      0.02      0.21      0.00

04:09:12 PM IST       DEV       tps     rkB/s     wkB/s     dkB/s   areq-sz    aqu-sz     await     %util
04:09:13 PM IST   nvme0n1      0.00      0.00      0.00      0.00      0.00      0.00      0.00      0.00
04:09:13 PM IST       sda      0.00      0.00      0.00      0.00      0.00      0.00      0.00      0.00

04:09:13 PM IST       DEV       tps     rkB/s     wkB/s     dkB/s   areq-sz    aqu-sz     await     %util
04:09:14 PM IST   nvme0n1      0.00      0.00      0.00      0.00      0.00      0.00      0.00      0.00
04:09:14 PM IST       sda     18.00      0.00    244.00      0.00     13.56      0.01      0.39      0.80

04:09:14 PM IST       DEV       tps     rkB/s     wkB/s     dkB/s   areq-sz    aqu-sz     await     %util
04:09:15 PM IST   nvme0n1      0.00      0.00      0.00      0.00      0.00      0.00      0.00      0.00
04:09:15 PM IST       sda     35.00      0.00    232.00      0.00      6.63      0.01      0.26      0.80

04:09:15 PM IST       DEV       tps     rkB/s     wkB/s     dkB/s   areq-sz    aqu-sz     await     %util
04:09:16 PM IST   nvme0n1      0.00      0.00      0.00      0.00      0.00      0.00      0.00      0.00
04:09:16 PM IST       sda     57.00     84.00    292.00      0.00      6.60      0.01      0.18      0.00

04:09:16 PM IST       DEV       tps     rkB/s     wkB/s     dkB/s   areq-sz    aqu-sz     await     %util
04:09:17 PM IST   nvme0n1      0.00      0.00      0.00      0.00      0.00      0.00      0.00      0.00
04:09:17 PM IST       sda      5.00      0.00    108.00      0.00     21.60      0.00      0.60      0.00

04:09:17 PM IST       DEV       tps     rkB/s     wkB/s     dkB/s   areq-sz    aqu-sz     await     %util
04:09:18 PM IST   nvme0n1      0.00      0.00      0.00      0.00      0.00      0.00      0.00      0.00
04:09:18 PM IST       sda     13.00      0.00    112.00      0.00      8.62      0.01      0.38      0.80

04:09:18 PM IST       DEV       tps     rkB/s     wkB/s     dkB/s   areq-sz    aqu-sz     await     %util
04:09:19 PM IST   nvme0n1      0.00      0.00      0.00      0.00      0.00      0.00      0.00      0.00
04:09:19 PM IST       sda      0.00      0.00      0.00      0.00      0.00      0.00      0.00      0.00

04:09:19 PM IST       DEV       tps     rkB/s     wkB/s     dkB/s   areq-sz    aqu-sz     await     %util
04:09:20 PM IST   nvme0n1      0.00      0.00      0.00      0.00      0.00      0.00      0.00      0.00
04:09:20 PM IST       sda      0.00      0.00      0.00      0.00      0.00      0.00      0.00      0.00

04:09:20 PM IST       DEV       tps     rkB/s     wkB/s     dkB/s   areq-sz    aqu-sz     await     %util
04:09:21 PM IST   nvme0n1      0.00      0.00      0.00      0.00      0.00      0.00      0.00      0.00
04:09:21 PM IST       sda      0.00      0.00      0.00      0.00      0.00      0.00      0.00      0.00

04:09:21 PM IST       DEV       tps     rkB/s     wkB/s     dkB/s   areq-sz    aqu-sz     await     %util
04:09:22 PM IST   nvme0n1      0.00      0.00      0.00      0.00      0.00      0.00      0.00      0.00
04:09:22 PM IST       sda     10.00      0.00     48.00      0.00      4.80      0.01      0.80      0.00

04:09:22 PM IST       DEV       tps     rkB/s     wkB/s     dkB/s   areq-sz    aqu-sz     await     %util
04:09:23 PM IST   nvme0n1      0.00      0.00      0.00      0.00      0.00      0.00      0.00      0.00
04:09:23 PM IST       sda      3.00      0.00    136.00      0.00     45.33      0.00      0.67      0.40

04:09:23 PM IST       DEV       tps     rkB/s     wkB/s     dkB/s   areq-sz    aqu-sz     await     %util
04:09:24 PM IST   nvme0n1      0.00      0.00      0.00      0.00      0.00      0.00      0.00      0.00
04:09:24 PM IST       sda      5.00      0.00    148.00      0.00     29.60      0.00      0.40      0.40

04:09:24 PM IST       DEV       tps     rkB/s     wkB/s     dkB/s   areq-sz    aqu-sz     await     %util
04:09:25 PM IST   nvme0n1      0.00      0.00      0.00      0.00      0.00      0.00      0.00      0.00
04:09:25 PM IST       sda      0.00      0.00      0.00      0.00      0.00      0.00      0.00      0.00

04:09:25 PM IST       DEV       tps     rkB/s     wkB/s     dkB/s   areq-sz    aqu-sz     await     %util
04:09:26 PM IST   nvme0n1      0.00      0.00      0.00      0.00      0.00      0.00      0.00      0.00
04:09:26 PM IST       sda      1.00      0.00      4.00      0.00      4.00      0.00      1.00      0.00

04:09:26 PM IST       DEV       tps     rkB/s     wkB/s     dkB/s   areq-sz    aqu-sz     await     %util
04:09:27 PM IST   nvme0n1      0.00      0.00      0.00      0.00      0.00      0.00      0.00      0.00
04:09:27 PM IST       sda      0.00      0.00      0.00      0.00      0.00      0.00      0.00      0.00

04:09:27 PM IST       DEV       tps     rkB/s     wkB/s     dkB/s   areq-sz    aqu-sz     await     %util
04:09:28 PM IST   nvme0n1      0.00      0.00      0.00      0.00      0.00      0.00      0.00      0.00
04:09:28 PM IST       sda     11.00      0.00    164.00      0.00     14.91      0.00      0.27      0.00

04:09:28 PM IST       DEV       tps     rkB/s     wkB/s     dkB/s   areq-sz    aqu-sz     await     %util
04:09:29 PM IST   nvme0n1      0.00      0.00      0.00      0.00      0.00      0.00      0.00      0.00
04:09:29 PM IST       sda      5.00      0.00    140.00      0.00     28.00      0.01      0.40      0.40

04:09:29 PM IST       DEV       tps     rkB/s     wkB/s     dkB/s   areq-sz    aqu-sz     await     %util
04:09:30 PM IST   nvme0n1      0.00      0.00      0.00      0.00      0.00      0.00      0.00      0.00
04:09:30 PM IST       sda      1.00      0.00      8.00      0.00      8.00      0.00      1.00      0.00

04:09:30 PM IST       DEV       tps     rkB/s     wkB/s     dkB/s   areq-sz    aqu-sz     await     %util
04:09:31 PM IST   nvme0n1      0.00      0.00      0.00      0.00      0.00      0.00      0.00      0.00
04:09:31 PM IST       sda     15.00      0.00    248.00      0.00     16.53      0.01      0.33      0.80

04:09:31 PM IST       DEV       tps     rkB/s     wkB/s     dkB/s   areq-sz    aqu-sz     await     %util
04:09:32 PM IST   nvme0n1      0.00      0.00      0.00      0.00      0.00      0.00      0.00      0.00
04:09:32 PM IST       sda     15.00     40.00    136.00      0.00     11.73      0.01      0.27      0.40

04:09:32 PM IST       DEV       tps     rkB/s     wkB/s     dkB/s   areq-sz    aqu-sz     await     %util
04:09:33 PM IST   nvme0n1      0.00      0.00      0.00      0.00      0.00      0.00      0.00      0.00
04:09:33 PM IST       sda     39.00      0.00    184.00      0.00      4.72      0.01      0.38      0.00

04:09:33 PM IST       DEV       tps     rkB/s     wkB/s     dkB/s   areq-sz    aqu-sz     await     %util
04:09:34 PM IST   nvme0n1      0.00      0.00      0.00      0.00      0.00      0.00      0.00      0.00
04:09:34 PM IST       sda     11.00    612.00      0.00      0.00     55.64      0.00      0.36      0.80

04:09:34 PM IST       DEV       tps     rkB/s     wkB/s     dkB/s   areq-sz    aqu-sz     await     %util
04:09:35 PM IST   nvme0n1      0.00      0.00      0.00      0.00      0.00      0.00      0.00      0.00
04:09:35 PM IST       sda     26.00      0.00    304.00      0.00     11.69      0.02      0.38      0.80

04:09:35 PM IST       DEV       tps     rkB/s     wkB/s     dkB/s   areq-sz    aqu-sz     await     %util
04:09:36 PM IST   nvme0n1      0.00      0.00      0.00      0.00      0.00      0.00      0.00      0.00
04:09:36 PM IST       sda    191.00      0.00    836.00      0.00      4.38      0.02      0.11      0.00

04:09:36 PM IST       DEV       tps     rkB/s     wkB/s     dkB/s   areq-sz    aqu-sz     await     %util
04:09:37 PM IST   nvme0n1      0.00      0.00      0.00      0.00      0.00      0.00      0.00      0.00
04:09:37 PM IST       sda     21.00    180.00    404.00      0.00     27.81      0.01      0.29      0.80

04:09:37 PM IST       DEV       tps     rkB/s     wkB/s     dkB/s   areq-sz    aqu-sz     await     %util
04:09:38 PM IST   nvme0n1      0.00      0.00      0.00      0.00      0.00      0.00      0.00      0.00
04:09:38 PM IST       sda     17.00      0.00    368.00      0.00     21.65      0.01      0.29      0.40

04:09:38 PM IST       DEV       tps     rkB/s     wkB/s     dkB/s   areq-sz    aqu-sz     await     %util
04:09:39 PM IST   nvme0n1      0.00      0.00      0.00      0.00      0.00      0.00      0.00      0.00
04:09:39 PM IST       sda     89.00    112.00   1052.00      0.00     13.08      0.03      0.28      0.00

04:09:39 PM IST       DEV       tps     rkB/s     wkB/s     dkB/s   areq-sz    aqu-sz     await     %util
04:09:40 PM IST   nvme0n1      0.00      0.00      0.00      0.00      0.00      0.00      0.00      0.00
04:09:40 PM IST       sda     11.00      0.00    644.00      0.00     58.55      0.01      0.55      0.40

04:09:40 PM IST       DEV       tps     rkB/s     wkB/s     dkB/s   areq-sz    aqu-sz     await     %util
04:09:41 PM IST   nvme0n1      0.00      0.00      0.00      0.00      0.00      0.00      0.00      0.00
04:09:41 PM IST       sda      0.00      0.00      0.00      0.00      0.00      0.00      0.00      0.00

04:09:41 PM IST       DEV       tps     rkB/s     wkB/s     dkB/s   areq-sz    aqu-sz     await     %util
04:09:42 PM IST   nvme0n1      0.00      0.00      0.00      0.00      0.00      0.00      0.00      0.00
04:09:42 PM IST       sda     21.00      0.00    120.00      0.00      5.71      0.01      0.33      0.00

04:09:42 PM IST       DEV       tps     rkB/s     wkB/s     dkB/s   areq-sz    aqu-sz     await     %util
04:09:43 PM IST   nvme0n1      0.00      0.00      0.00      0.00      0.00      0.00      0.00      0.00
04:09:43 PM IST       sda     48.00      0.00   1472.00      0.00     30.67      0.02      0.44      0.00

04:09:43 PM IST       DEV       tps     rkB/s     wkB/s     dkB/s   areq-sz    aqu-sz     await     %util
04:09:44 PM IST   nvme0n1      0.00      0.00      0.00      0.00      0.00      0.00      0.00      0.00
04:09:44 PM IST       sda    156.00      0.00   6664.00      0.00     42.72      1.57     10.01      8.40

04:09:44 PM IST       DEV       tps     rkB/s     wkB/s     dkB/s   areq-sz    aqu-sz     await     %util
04:09:45 PM IST   nvme0n1      0.00      0.00      0.00      0.00      0.00      0.00      0.00      0.00
04:09:45 PM IST       sda     60.00      0.00    588.00      0.00      9.80      0.04      0.38      1.60

04:09:45 PM IST       DEV       tps     rkB/s     wkB/s     dkB/s   areq-sz    aqu-sz     await     %util
04:09:46 PM IST   nvme0n1      0.00      0.00      0.00      0.00      0.00      0.00      0.00      0.00
04:09:46 PM IST       sda      2.00      0.00     20.00      0.00     10.00      0.00      0.50      0.40

04:09:46 PM IST       DEV       tps     rkB/s     wkB/s     dkB/s   areq-sz    aqu-sz     await     %util
04:09:47 PM IST   nvme0n1      0.00      0.00      0.00      0.00      0.00      0.00      0.00      0.00
04:09:47 PM IST       sda      6.00      0.00    116.00      0.00     19.33      0.00      0.33      0.00

04:09:47 PM IST       DEV       tps     rkB/s     wkB/s     dkB/s   areq-sz    aqu-sz     await     %util
04:09:48 PM IST   nvme0n1      0.00      0.00      0.00      0.00      0.00      0.00      0.00      0.00
04:09:48 PM IST       sda     12.00      0.00    180.00      0.00     15.00      0.01      0.42      0.40

04:09:48 PM IST       DEV       tps     rkB/s     wkB/s     dkB/s   areq-sz    aqu-sz     await     %util
04:09:49 PM IST   nvme0n1      0.00      0.00      0.00      0.00      0.00      0.00      0.00      0.00
04:09:49 PM IST       sda      8.00      0.00     32.00      0.00      4.00      0.00      0.12      0.00

04:09:49 PM IST       DEV       tps     rkB/s     wkB/s     dkB/s   areq-sz    aqu-sz     await     %util
04:09:50 PM IST   nvme0n1      0.00      0.00      0.00      0.00      0.00      0.00      0.00      0.00
04:09:50 PM IST       sda      0.00      0.00      0.00      0.00      0.00      0.00      0.00      0.00

04:09:50 PM IST       DEV       tps     rkB/s     wkB/s     dkB/s   areq-sz    aqu-sz     await     %util
04:09:51 PM IST   nvme0n1      0.00      0.00      0.00      0.00      0.00      0.00      0.00      0.00
04:09:51 PM IST       sda      2.00      0.00     20.00      0.00     10.00      0.00      1.00      0.00

04:09:51 PM IST       DEV       tps     rkB/s     wkB/s     dkB/s   areq-sz    aqu-sz     await     %util
04:09:52 PM IST   nvme0n1      0.00      0.00      0.00      0.00      0.00      0.00      0.00      0.00
04:09:52 PM IST       sda      0.00      0.00      0.00      0.00      0.00      0.00      0.00      0.00

04:09:52 PM IST       DEV       tps     rkB/s     wkB/s     dkB/s   areq-sz    aqu-sz     await     %util
04:09:53 PM IST   nvme0n1      0.00      0.00      0.00      0.00      0.00      0.00      0.00      0.00
04:09:53 PM IST       sda      2.00      0.00     72.00      0.00     36.00      0.00      1.00      0.40

04:09:53 PM IST       DEV       tps     rkB/s     wkB/s     dkB/s   areq-sz    aqu-sz     await     %util
04:09:54 PM IST   nvme0n1      0.00      0.00      0.00      0.00      0.00      0.00      0.00      0.00
04:09:54 PM IST       sda      2.00      0.00      8.00      0.00      4.00      0.00      0.00      0.00

04:09:54 PM IST       DEV       tps     rkB/s     wkB/s     dkB/s   areq-sz    aqu-sz     await     %util
04:09:55 PM IST   nvme0n1      0.00      0.00      0.00      0.00      0.00      0.00      0.00      0.00
04:09:55 PM IST       sda     35.00      0.00    424.00      0.00     12.11      0.02      0.31      0.40

04:09:55 PM IST       DEV       tps     rkB/s     wkB/s     dkB/s   areq-sz    aqu-sz     await     %util
04:09:56 PM IST   nvme0n1      0.00      0.00      0.00      0.00      0.00      0.00      0.00      0.00
04:09:56 PM IST       sda      0.00      0.00      0.00      0.00      0.00      0.00      0.00      0.00

04:09:56 PM IST       DEV       tps     rkB/s     wkB/s     dkB/s   areq-sz    aqu-sz     await     %util
04:09:57 PM IST   nvme0n1      0.00      0.00      0.00      0.00      0.00      0.00      0.00      0.00
04:09:57 PM IST       sda     11.00      0.00    200.00      0.00     18.18      0.01      0.45      0.00

04:09:57 PM IST       DEV       tps     rkB/s     wkB/s     dkB/s   areq-sz    aqu-sz     await     %util
04:09:58 PM IST   nvme0n1      0.00      0.00      0.00      0.00      0.00      0.00      0.00      0.00
04:09:58 PM IST       sda      7.00      0.00    132.00      0.00     18.86      0.00      0.29      0.40

04:09:58 PM IST       DEV       tps     rkB/s     wkB/s     dkB/s   areq-sz    aqu-sz     await     %util
04:09:59 PM IST   nvme0n1      0.00      0.00      0.00      0.00      0.00      0.00      0.00      0.00
04:09:59 PM IST       sda     73.00      8.00    352.00      0.00      4.93      0.02      0.32      0.00

04:09:59 PM IST       DEV       tps     rkB/s     wkB/s     dkB/s   areq-sz    aqu-sz     await     %util
04:10:00 PM IST   nvme0n1      0.00      0.00      0.00      0.00      0.00      0.00      0.00      0.00
04:10:00 PM IST       sda      1.00      0.00     12.00      0.00     12.00      0.00      0.00      0.00

04:10:00 PM IST       DEV       tps     rkB/s     wkB/s     dkB/s   areq-sz    aqu-sz     await     %util
04:10:01 PM IST   nvme0n1      0.00      0.00      0.00      0.00      0.00      0.00      0.00      0.00
04:10:01 PM IST       sda      4.00      0.00    220.00      0.00     55.00      0.00      0.50      0.00

04:10:01 PM IST       DEV       tps     rkB/s     wkB/s     dkB/s   areq-sz    aqu-sz     await     %util
04:10:02 PM IST   nvme0n1      0.00      0.00      0.00      0.00      0.00      0.00      0.00      0.00
04:10:02 PM IST       sda      0.00      0.00      0.00      0.00      0.00      0.00      0.00      0.00

04:10:02 PM IST       DEV       tps     rkB/s     wkB/s     dkB/s   areq-sz    aqu-sz     await     %util
04:10:03 PM IST   nvme0n1      0.00      0.00      0.00      0.00      0.00      0.00      0.00      0.00
04:10:03 PM IST       sda      6.00      0.00     48.00      0.00      8.00      0.00      0.33      0.00

04:10:03 PM IST       DEV       tps     rkB/s     wkB/s     dkB/s   areq-sz    aqu-sz     await     %util
04:10:04 PM IST   nvme0n1      0.00      0.00      0.00      0.00      0.00      0.00      0.00      0.00
04:10:04 PM IST       sda     14.00      0.00    168.00      0.00     12.00      0.01      0.29      0.40

04:10:04 PM IST       DEV       tps     rkB/s     wkB/s     dkB/s   areq-sz    aqu-sz     await     %util
04:10:05 PM IST   nvme0n1      0.00      0.00      0.00      0.00      0.00      0.00      0.00      0.00
04:10:05 PM IST       sda      0.00      0.00      0.00      0.00      0.00      0.00      0.00      0.00

04:10:05 PM IST       DEV       tps     rkB/s     wkB/s     dkB/s   areq-sz    aqu-sz     await     %util
04:10:06 PM IST   nvme0n1      0.00      0.00      0.00      0.00      0.00      0.00      0.00      0.00
04:10:06 PM IST       sda     39.00      0.00    216.00      0.00      5.54      0.01      0.23      0.00

04:10:06 PM IST       DEV       tps     rkB/s     wkB/s     dkB/s   areq-sz    aqu-sz     await     %util
04:10:07 PM IST   nvme0n1      0.00      0.00      0.00      0.00      0.00      0.00      0.00      0.00
04:10:07 PM IST       sda    131.00      0.00    684.00      0.00      5.22      0.03      0.17      0.40

04:10:07 PM IST       DEV       tps     rkB/s     wkB/s     dkB/s   areq-sz    aqu-sz     await     %util
04:10:08 PM IST   nvme0n1      0.00      0.00      0.00      0.00      0.00      0.00      0.00      0.00
04:10:08 PM IST       sda     16.00      0.00   1012.00      0.00     63.25      0.01      0.62      0.00

04:10:08 PM IST       DEV       tps     rkB/s     wkB/s     dkB/s   areq-sz    aqu-sz     await     %util
04:10:09 PM IST   nvme0n1      0.00      0.00      0.00      0.00      0.00      0.00      0.00      0.00
04:10:09 PM IST       sda     10.00      0.00     40.00      0.00      4.00      0.00      0.20      0.00

04:10:09 PM IST       DEV       tps     rkB/s     wkB/s     dkB/s   areq-sz    aqu-sz     await     %util
04:10:10 PM IST   nvme0n1      0.00      0.00      0.00      0.00      0.00      0.00      0.00      0.00
04:10:10 PM IST       sda      5.00      0.00    196.00      0.00     39.20      0.01      0.80      0.80

04:10:10 PM IST       DEV       tps     rkB/s     wkB/s     dkB/s   areq-sz    aqu-sz     await     %util
04:10:11 PM IST   nvme0n1      0.00      0.00      0.00      0.00      0.00      0.00      0.00      0.00
04:10:11 PM IST       sda      0.00      0.00      0.00      0.00      0.00      0.00      0.00      0.00

04:10:11 PM IST       DEV       tps     rkB/s     wkB/s     dkB/s   areq-sz    aqu-sz     await     %util
04:10:12 PM IST   nvme0n1      0.00      0.00      0.00      0.00      0.00      0.00      0.00      0.00
04:10:12 PM IST       sda     31.00      0.00    216.00      0.00      6.97      0.02      0.61      0.00

04:10:12 PM IST       DEV       tps     rkB/s     wkB/s     dkB/s   areq-sz    aqu-sz     await     %util
04:10:13 PM IST   nvme0n1      0.00      0.00      0.00      0.00      0.00      0.00      0.00      0.00
04:10:13 PM IST       sda    101.00      0.00    768.00      0.00      7.60      0.02      0.20      0.00

04:10:13 PM IST       DEV       tps     rkB/s     wkB/s     dkB/s   areq-sz    aqu-sz     await     %util
04:10:14 PM IST   nvme0n1      0.00      0.00      0.00      0.00      0.00      0.00      0.00      0.00
04:10:14 PM IST       sda     12.00      0.00     60.00      0.00      5.00      0.00      0.17      0.00

04:10:14 PM IST       DEV       tps     rkB/s     wkB/s     dkB/s   areq-sz    aqu-sz     await     %util
04:10:15 PM IST   nvme0n1      0.00      0.00      0.00      0.00      0.00      0.00      0.00      0.00
04:10:15 PM IST       sda      3.00      0.00    232.00      0.00     77.33      0.00      0.33      0.00

04:10:15 PM IST       DEV       tps     rkB/s     wkB/s     dkB/s   areq-sz    aqu-sz     await     %util
04:10:16 PM IST   nvme0n1      0.00      0.00      0.00      0.00      0.00      0.00      0.00      0.00
04:10:16 PM IST       sda      0.00      0.00      0.00      0.00      0.00      0.00      0.00      0.00

04:10:16 PM IST       DEV       tps     rkB/s     wkB/s     dkB/s   areq-sz    aqu-sz     await     %util
04:10:17 PM IST   nvme0n1      0.00      0.00      0.00      0.00      0.00      0.00      0.00      0.00
04:10:17 PM IST       sda      3.00      0.00    128.00      0.00     42.67      0.00      0.67      0.00

04:10:17 PM IST       DEV       tps     rkB/s     wkB/s     dkB/s   areq-sz    aqu-sz     await     %util
04:10:18 PM IST   nvme0n1      0.00      0.00      0.00      0.00      0.00      0.00      0.00      0.00
04:10:18 PM IST       sda     47.00      4.00    232.00      0.00      5.02      0.01      0.21      0.00

04:10:18 PM IST       DEV       tps     rkB/s     wkB/s     dkB/s   areq-sz    aqu-sz     await     %util
04:10:19 PM IST   nvme0n1      0.00      0.00      0.00      0.00      0.00      0.00      0.00      0.00
04:10:19 PM IST       sda     20.00      0.00    300.00      0.00     15.00      0.01      0.35      0.40

04:10:19 PM IST       DEV       tps     rkB/s     wkB/s     dkB/s   areq-sz    aqu-sz     await     %util
04:10:20 PM IST   nvme0n1      0.00      0.00      0.00      0.00      0.00      0.00      0.00      0.00
04:10:20 PM IST       sda      0.00      0.00      0.00      0.00      0.00      0.00      0.00      0.00

04:10:20 PM IST       DEV       tps     rkB/s     wkB/s     dkB/s   areq-sz    aqu-sz     await     %util
04:10:21 PM IST   nvme0n1      0.00      0.00      0.00      0.00      0.00      0.00      0.00      0.00
04:10:21 PM IST       sda      0.00      0.00      0.00      0.00      0.00      0.00      0.00      0.00

04:10:21 PM IST       DEV       tps     rkB/s     wkB/s     dkB/s   areq-sz    aqu-sz     await     %util
04:10:22 PM IST   nvme0n1      0.00      0.00      0.00      0.00      0.00      0.00      0.00      0.00
04:10:22 PM IST       sda      1.98      0.00      7.92      0.00      4.00      0.00      0.50      0.00

04:10:22 PM IST       DEV       tps     rkB/s     wkB/s     dkB/s   areq-sz    aqu-sz     await     %util
04:10:23 PM IST   nvme0n1      0.00      0.00      0.00      0.00      0.00      0.00      0.00      0.00
04:10:23 PM IST       sda     32.00      0.00    176.00      0.00      5.50      0.01      0.25      0.00

04:10:23 PM IST       DEV       tps     rkB/s     wkB/s     dkB/s   areq-sz    aqu-sz     await     %util
04:10:24 PM IST   nvme0n1      0.00      0.00      0.00      0.00      0.00      0.00      0.00      0.00
04:10:24 PM IST       sda      5.00      0.00    184.00      0.00     36.80      0.00      0.40      0.40

04:10:24 PM IST       DEV       tps     rkB/s     wkB/s     dkB/s   areq-sz    aqu-sz     await     %util
04:10:25 PM IST   nvme0n1      0.00      0.00      0.00      0.00      0.00      0.00      0.00      0.00
04:10:25 PM IST       sda      2.00      0.00     24.00      0.00     12.00      0.00      1.00      0.00

04:10:25 PM IST       DEV       tps     rkB/s     wkB/s     dkB/s   areq-sz    aqu-sz     await     %util
04:10:26 PM IST   nvme0n1      0.00      0.00      0.00      0.00      0.00      0.00      0.00      0.00
04:10:26 PM IST       sda    149.00      0.00    764.00      0.00      5.13      0.07      0.41      1.20

04:10:26 PM IST       DEV       tps     rkB/s     wkB/s     dkB/s   areq-sz    aqu-sz     await     %util
04:10:27 PM IST   nvme0n1      0.00      0.00      0.00      0.00      0.00      0.00      0.00      0.00
04:10:27 PM IST       sda     29.00      0.00    412.00      0.00     14.21      0.02      0.31      0.80

04:10:27 PM IST       DEV       tps     rkB/s     wkB/s     dkB/s   areq-sz    aqu-sz     await     %util
04:10:28 PM IST   nvme0n1      0.00      0.00      0.00      0.00      0.00      0.00      0.00      0.00
04:10:28 PM IST       sda      1.00      0.00      8.00      0.00      8.00      0.00      2.00      0.00

04:10:28 PM IST       DEV       tps     rkB/s     wkB/s     dkB/s   areq-sz    aqu-sz     await     %util
04:10:29 PM IST   nvme0n1      0.00      0.00      0.00      0.00      0.00      0.00      0.00      0.00
04:10:29 PM IST       sda     42.00    124.00    460.00      0.00     13.90      0.01      0.26      0.00

04:10:29 PM IST       DEV       tps     rkB/s     wkB/s     dkB/s   areq-sz    aqu-sz     await     %util
04:10:30 PM IST   nvme0n1      0.00      0.00      0.00      0.00      0.00      0.00      0.00      0.00
04:10:30 PM IST       sda      0.00      0.00      0.00      0.00      0.00      0.00      0.00      0.00

04:10:30 PM IST       DEV       tps     rkB/s     wkB/s     dkB/s   areq-sz    aqu-sz     await     %util
04:10:31 PM IST   nvme0n1      0.00      0.00      0.00      0.00      0.00      0.00      0.00      0.00
04:10:31 PM IST       sda      2.00      0.00     16.00      0.00      8.00      0.00      1.00      0.40

04:10:31 PM IST       DEV       tps     rkB/s     wkB/s     dkB/s   areq-sz    aqu-sz     await     %util
04:10:32 PM IST   nvme0n1      0.00      0.00      0.00      0.00      0.00      0.00      0.00      0.00
04:10:32 PM IST       sda      1.00      0.00      8.00      0.00      8.00      0.00      0.00      0.00

04:10:32 PM IST       DEV       tps     rkB/s     wkB/s     dkB/s   areq-sz    aqu-sz     await     %util
04:10:33 PM IST   nvme0n1      0.00      0.00      0.00      0.00      0.00      0.00      0.00      0.00
04:10:33 PM IST       sda      1.00      0.00     12.00      0.00     12.00      0.00      0.00      0.00

04:10:33 PM IST       DEV       tps     rkB/s     wkB/s     dkB/s   areq-sz    aqu-sz     await     %util
04:10:34 PM IST   nvme0n1      0.00      0.00      0.00      0.00      0.00      0.00      0.00      0.00
04:10:34 PM IST       sda    131.00      0.00   1860.00      0.00     14.20      0.05      0.40      0.00

04:10:34 PM IST       DEV       tps     rkB/s     wkB/s     dkB/s   areq-sz    aqu-sz     await     %util
04:10:35 PM IST   nvme0n1      0.00      0.00      0.00      0.00      0.00      0.00      0.00      0.00
04:10:35 PM IST       sda      2.00      0.00     16.00      0.00      8.00      0.00      0.00      0.00

04:10:35 PM IST       DEV       tps     rkB/s     wkB/s     dkB/s   areq-sz    aqu-sz     await     %util
04:10:36 PM IST   nvme0n1      0.00      0.00      0.00      0.00      0.00      0.00      0.00      0.00
04:10:36 PM IST       sda      0.00      0.00      0.00      0.00      0.00      0.00      0.00      0.00

04:10:36 PM IST       DEV       tps     rkB/s     wkB/s     dkB/s   areq-sz    aqu-sz     await     %util
04:10:37 PM IST   nvme0n1      0.00      0.00      0.00      0.00      0.00      0.00      0.00      0.00
04:10:37 PM IST       sda      7.00      0.00    212.00      0.00     30.29      0.01      0.57      0.40

04:10:37 PM IST       DEV       tps     rkB/s     wkB/s     dkB/s   areq-sz    aqu-sz     await     %util
04:10:38 PM IST   nvme0n1      0.00      0.00      0.00      0.00      0.00      0.00      0.00      0.00
04:10:38 PM IST       sda     77.00      0.00    356.00      0.00      4.62      0.01      0.12      0.00

04:10:38 PM IST       DEV       tps     rkB/s     wkB/s     dkB/s   areq-sz    aqu-sz     await     %util
04:10:39 PM IST   nvme0n1      0.00      0.00      0.00      0.00      0.00      0.00      0.00      0.00
04:10:39 PM IST       sda      0.00      0.00      0.00      0.00      0.00      0.00      0.00      0.00

04:10:39 PM IST       DEV       tps     rkB/s     wkB/s     dkB/s   areq-sz    aqu-sz     await     %util
04:10:40 PM IST   nvme0n1      0.00      0.00      0.00      0.00      0.00      0.00      0.00      0.00
04:10:40 PM IST       sda     25.00      0.00    112.00      0.00      4.48      0.01      0.56      0.00

04:10:40 PM IST       DEV       tps     rkB/s     wkB/s     dkB/s   areq-sz    aqu-sz     await     %util
04:10:41 PM IST   nvme0n1      0.00      0.00      0.00      0.00      0.00      0.00      0.00      0.00
04:10:41 PM IST       sda      0.00      0.00      0.00      0.00      0.00      0.00      0.00      0.00

04:10:41 PM IST       DEV       tps     rkB/s     wkB/s     dkB/s   areq-sz    aqu-sz     await     %util
04:10:42 PM IST   nvme0n1      0.00      0.00      0.00      0.00      0.00      0.00      0.00      0.00
04:10:42 PM IST       sda     21.00      0.00    316.00      0.00     15.05      0.01      0.38      0.80

04:10:42 PM IST       DEV       tps     rkB/s     wkB/s     dkB/s   areq-sz    aqu-sz     await     %util
04:10:43 PM IST   nvme0n1      0.00      0.00      0.00      0.00      0.00      0.00      0.00      0.00
04:10:43 PM IST       sda      1.00      0.00      8.00      0.00      8.00      0.00      0.00      0.00

04:10:43 PM IST       DEV       tps     rkB/s     wkB/s     dkB/s   areq-sz    aqu-sz     await     %util
04:10:44 PM IST   nvme0n1      0.00      0.00      0.00      0.00      0.00      0.00      0.00      0.00
04:10:44 PM IST       sda     27.00      0.00    116.00      0.00      4.30      0.00      0.15      0.00

04:10:44 PM IST       DEV       tps     rkB/s     wkB/s     dkB/s   areq-sz    aqu-sz     await     %util
04:10:45 PM IST   nvme0n1      0.00      0.00      0.00      0.00      0.00      0.00      0.00      0.00
04:10:45 PM IST       sda     55.00      0.00    768.00      0.00     13.96      0.04      0.67      0.40

04:10:45 PM IST       DEV       tps     rkB/s     wkB/s     dkB/s   areq-sz    aqu-sz     await     %util
04:10:46 PM IST   nvme0n1      0.00      0.00      0.00      0.00      0.00      0.00      0.00      0.00
04:10:46 PM IST       sda      0.00      0.00      0.00      0.00      0.00      0.00      0.00      0.00

04:10:46 PM IST       DEV       tps     rkB/s     wkB/s     dkB/s   areq-sz    aqu-sz     await     %util
04:10:47 PM IST   nvme0n1      0.00      0.00      0.00      0.00      0.00      0.00      0.00      0.00
04:10:47 PM IST       sda     11.00      0.00    236.00      0.00     21.45      0.01      0.36      0.40

04:10:47 PM IST       DEV       tps     rkB/s     wkB/s     dkB/s   areq-sz    aqu-sz     await     %util
04:10:48 PM IST   nvme0n1      0.00      0.00      0.00      0.00      0.00      0.00      0.00      0.00
04:10:48 PM IST       sda      2.00      0.00     20.00      0.00     10.00      0.00      1.00      0.40

04:10:48 PM IST       DEV       tps     rkB/s     wkB/s     dkB/s   areq-sz    aqu-sz     await     %util
04:10:49 PM IST   nvme0n1      0.00      0.00      0.00      0.00      0.00      0.00      0.00      0.00
04:10:49 PM IST       sda     28.00      0.00    380.00      0.00     13.57      0.02      0.39      0.80

04:10:49 PM IST       DEV       tps     rkB/s     wkB/s     dkB/s   areq-sz    aqu-sz     await     %util
04:10:50 PM IST   nvme0n1      0.00      0.00      0.00      0.00      0.00      0.00      0.00      0.00
04:10:50 PM IST       sda     14.00      0.00    136.00      0.00      9.71      0.01      0.57      0.00

04:10:50 PM IST       DEV       tps     rkB/s     wkB/s     dkB/s   areq-sz    aqu-sz     await     %util
04:10:51 PM IST   nvme0n1      0.00      0.00      0.00      0.00      0.00      0.00      0.00      0.00
04:10:51 PM IST       sda     55.00      0.00   4088.00      0.00     74.33      0.04      0.82      0.80

04:10:51 PM IST       DEV       tps     rkB/s     wkB/s     dkB/s   areq-sz    aqu-sz     await     %util
04:10:52 PM IST   nvme0n1      0.00      0.00      0.00      0.00      0.00      0.00      0.00      0.00
04:10:52 PM IST       sda      3.00      0.00    256.00      0.00     85.33      0.01      1.33      0.40

04:10:52 PM IST       DEV       tps     rkB/s     wkB/s     dkB/s   areq-sz    aqu-sz     await     %util
04:10:53 PM IST   nvme0n1      0.00      0.00      0.00      0.00      0.00      0.00      0.00      0.00
04:10:53 PM IST       sda      4.00      0.00     32.00      0.00      8.00      0.00      0.25      0.00

04:10:53 PM IST       DEV       tps     rkB/s     wkB/s     dkB/s   areq-sz    aqu-sz     await     %util
04:10:54 PM IST   nvme0n1      0.00      0.00      0.00      0.00      0.00      0.00      0.00      0.00
04:10:54 PM IST       sda      2.00      0.00     28.00      0.00     14.00      0.00      1.00      0.00

04:10:54 PM IST       DEV       tps     rkB/s     wkB/s     dkB/s   areq-sz    aqu-sz     await     %util
04:10:55 PM IST   nvme0n1      0.00      0.00      0.00      0.00      0.00      0.00      0.00      0.00
04:10:55 PM IST       sda     18.00      0.00    508.00      0.00     28.22      0.01      0.50      0.80

04:10:55 PM IST       DEV       tps     rkB/s     wkB/s     dkB/s   areq-sz    aqu-sz     await     %util
04:10:56 PM IST   nvme0n1      0.00      0.00      0.00      0.00      0.00      0.00      0.00      0.00
04:10:56 PM IST       sda     38.00      0.00    508.00      0.00     13.37      0.01      0.26      0.40

04:10:56 PM IST       DEV       tps     rkB/s     wkB/s     dkB/s   areq-sz    aqu-sz     await     %util
04:10:57 PM IST   nvme0n1      0.00      0.00      0.00      0.00      0.00      0.00      0.00      0.00
04:10:57 PM IST       sda      0.00      0.00      0.00      0.00      0.00      0.00      0.00      0.00

04:10:57 PM IST       DEV       tps     rkB/s     wkB/s     dkB/s   areq-sz    aqu-sz     await     %util
04:10:58 PM IST   nvme0n1      0.00      0.00      0.00      0.00      0.00      0.00      0.00      0.00
04:10:58 PM IST       sda      0.00      0.00      0.00      0.00      0.00      0.00      0.00      0.00

04:10:58 PM IST       DEV       tps     rkB/s     wkB/s     dkB/s   areq-sz    aqu-sz     await     %util
04:10:59 PM IST   nvme0n1      0.00      0.00      0.00      0.00      0.00      0.00      0.00      0.00
04:10:59 PM IST       sda      6.00      0.00    288.00      0.00     48.00      0.00      0.50      0.80

04:10:59 PM IST       DEV       tps     rkB/s     wkB/s     dkB/s   areq-sz    aqu-sz     await     %util
04:11:00 PM IST   nvme0n1      0.00      0.00      0.00      0.00      0.00      0.00      0.00      0.00
04:11:00 PM IST       sda      2.00      8.00      0.00      0.00      4.00      0.00      0.50      0.00

04:11:00 PM IST       DEV       tps     rkB/s     wkB/s     dkB/s   areq-sz    aqu-sz     await     %util
04:11:01 PM IST   nvme0n1      0.00      0.00      0.00      0.00      0.00      0.00      0.00      0.00
04:11:01 PM IST       sda      2.00      0.00    140.00      0.00     70.00      0.00      0.50      0.00

04:11:01 PM IST       DEV       tps     rkB/s     wkB/s     dkB/s   areq-sz    aqu-sz     await     %util
04:11:02 PM IST   nvme0n1      0.00      0.00      0.00      0.00      0.00      0.00      0.00      0.00
04:11:02 PM IST       sda      9.00      0.00    256.00      0.00     28.44      0.01      1.44      0.00

04:11:02 PM IST       DEV       tps     rkB/s     wkB/s     dkB/s   areq-sz    aqu-sz     await     %util
04:11:03 PM IST   nvme0n1      0.00      0.00      0.00      0.00      0.00      0.00      0.00      0.00
04:11:03 PM IST       sda    108.00      4.00   3196.00      0.00     29.63      0.06      0.54      1.20

04:11:03 PM IST       DEV       tps     rkB/s     wkB/s     dkB/s   areq-sz    aqu-sz     await     %util
04:11:04 PM IST   nvme0n1      0.00      0.00      0.00      0.00      0.00      0.00      0.00      0.00
04:11:04 PM IST       sda      2.00      0.00     24.00      0.00     12.00      0.00      1.00      0.00

04:11:04 PM IST       DEV       tps     rkB/s     wkB/s     dkB/s   areq-sz    aqu-sz     await     %util
04:11:05 PM IST   nvme0n1      0.00      0.00      0.00      0.00      0.00      0.00      0.00      0.00
04:11:05 PM IST       sda     91.00    248.00   1440.00      0.00     18.55      0.02      0.26      0.00

04:11:05 PM IST       DEV       tps     rkB/s     wkB/s     dkB/s   areq-sz    aqu-sz     await     %util
04:11:06 PM IST   nvme0n1      0.00      0.00      0.00      0.00      0.00      0.00      0.00      0.00
04:11:06 PM IST       sda      4.00     88.00      0.00      0.00     22.00      0.00      0.50      0.00

04:11:06 PM IST       DEV       tps     rkB/s     wkB/s     dkB/s   areq-sz    aqu-sz     await     %util
04:11:07 PM IST   nvme0n1      0.00      0.00      0.00      0.00      0.00      0.00      0.00      0.00
04:11:07 PM IST       sda      0.00      0.00      0.00      0.00      0.00      0.00      0.00      0.00

04:11:07 PM IST       DEV       tps     rkB/s     wkB/s     dkB/s   areq-sz    aqu-sz     await     %util
04:11:08 PM IST   nvme0n1      0.00      0.00      0.00      0.00      0.00      0.00      0.00      0.00
04:11:08 PM IST       sda      3.00      0.00    316.00      0.00    105.33      0.00      0.67      0.40

04:11:08 PM IST       DEV       tps     rkB/s     wkB/s     dkB/s   areq-sz    aqu-sz     await     %util
04:11:09 PM IST   nvme0n1      0.00      0.00      0.00      0.00      0.00      0.00      0.00      0.00
04:11:09 PM IST       sda    130.00      0.00    732.00      0.00      5.63      0.02      0.14      0.00

04:11:09 PM IST       DEV       tps     rkB/s     wkB/s     dkB/s   areq-sz    aqu-sz     await     %util
04:11:10 PM IST   nvme0n1      0.00      0.00      0.00      0.00      0.00      0.00      0.00      0.00
04:11:10 PM IST       sda      7.00    132.00    132.00      0.00     37.71      0.01      1.00      0.00

04:11:10 PM IST       DEV       tps     rkB/s     wkB/s     dkB/s   areq-sz    aqu-sz     await     %util
04:11:11 PM IST   nvme0n1      0.00      0.00      0.00      0.00      0.00      0.00      0.00      0.00
04:11:11 PM IST       sda      0.00      0.00      0.00      0.00      0.00      0.00      0.00      0.00

04:11:11 PM IST       DEV       tps     rkB/s     wkB/s     dkB/s   areq-sz    aqu-sz     await     %util
04:11:12 PM IST   nvme0n1      0.00      0.00      0.00      0.00      0.00      0.00      0.00      0.00
04:11:12 PM IST       sda     34.00      0.00    520.00      0.00     15.29      0.01      0.21      0.40

04:11:12 PM IST       DEV       tps     rkB/s     wkB/s     dkB/s   areq-sz    aqu-sz     await     %util
04:11:13 PM IST   nvme0n1      0.00      0.00      0.00      0.00      0.00      0.00      0.00      0.00
04:11:13 PM IST       sda     21.00      0.00    208.00      0.00      9.90      0.02      0.43      0.80

04:11:13 PM IST       DEV       tps     rkB/s     wkB/s     dkB/s   areq-sz    aqu-sz     await     %util
04:11:14 PM IST   nvme0n1      0.00      0.00      0.00      0.00      0.00      0.00      0.00      0.00
04:11:14 PM IST       sda    129.00      4.00   4816.00      0.00     37.36      0.04      0.34      0.80

04:11:14 PM IST       DEV       tps     rkB/s     wkB/s     dkB/s   areq-sz    aqu-sz     await     %util
04:11:15 PM IST   nvme0n1      0.00      0.00      0.00      0.00      0.00      0.00      0.00      0.00
04:11:15 PM IST       sda    105.00      0.00   1484.00      0.00     14.13      0.02      0.18      0.00

04:11:15 PM IST       DEV       tps     rkB/s     wkB/s     dkB/s   areq-sz    aqu-sz     await     %util
04:11:16 PM IST   nvme0n1      0.00      0.00      0.00      0.00      0.00      0.00      0.00      0.00
04:11:16 PM IST       sda      0.00      0.00      0.00      0.00      0.00      0.00      0.00      0.00

04:11:16 PM IST       DEV       tps     rkB/s     wkB/s     dkB/s   areq-sz    aqu-sz     await     %util
04:11:17 PM IST   nvme0n1      0.00      0.00      0.00      0.00      0.00      0.00      0.00      0.00
04:11:17 PM IST       sda      5.00      0.00    128.00      0.00     25.60      0.01      0.60      0.00

04:11:17 PM IST       DEV       tps     rkB/s     wkB/s     dkB/s   areq-sz    aqu-sz     await     %util
04:11:18 PM IST   nvme0n1      0.00      0.00      0.00      0.00      0.00      0.00      0.00      0.00
04:11:18 PM IST       sda      2.00      0.00     28.00      0.00     14.00      0.00      0.50      0.00

04:11:18 PM IST       DEV       tps     rkB/s     wkB/s     dkB/s   areq-sz    aqu-sz     await     %util
04:11:19 PM IST   nvme0n1      0.00      0.00      0.00      0.00      0.00      0.00      0.00      0.00
04:11:19 PM IST       sda     34.00      0.00    336.00      0.00      9.88      0.01      0.32      0.80

04:11:19 PM IST       DEV       tps     rkB/s     wkB/s     dkB/s   areq-sz    aqu-sz     await     %util
04:11:20 PM IST   nvme0n1      0.00      0.00      0.00      0.00      0.00      0.00      0.00      0.00
04:11:20 PM IST       sda     57.00      0.00    508.00      0.00      8.91      0.02      0.23      0.80

04:11:20 PM IST       DEV       tps     rkB/s     wkB/s     dkB/s   areq-sz    aqu-sz     await     %util
04:11:21 PM IST   nvme0n1      0.00      0.00      0.00      0.00      0.00      0.00      0.00      0.00
04:11:21 PM IST       sda      2.00      0.00      8.00      0.00      4.00      0.00      0.50      0.00

04:11:21 PM IST       DEV       tps     rkB/s     wkB/s     dkB/s   areq-sz    aqu-sz     await     %util
04:11:22 PM IST   nvme0n1      0.00      0.00      0.00      0.00      0.00      0.00      0.00      0.00
04:11:22 PM IST       sda      0.00      0.00      0.00      0.00      0.00      0.00      0.00      0.00

04:11:22 PM IST       DEV       tps     rkB/s     wkB/s     dkB/s   areq-sz    aqu-sz     await     %util
04:11:23 PM IST   nvme0n1      0.00      0.00      0.00      0.00      0.00      0.00      0.00      0.00
04:11:23 PM IST       sda      0.00      0.00      0.00      0.00      0.00      0.00      0.00      0.00

04:11:23 PM IST       DEV       tps     rkB/s     wkB/s     dkB/s   areq-sz    aqu-sz     await     %util
04:11:24 PM IST   nvme0n1      0.00      0.00      0.00      0.00      0.00      0.00      0.00      0.00
04:11:24 PM IST       sda      5.00      0.00     64.00      0.00     12.80      0.00      0.40      0.40

04:11:24 PM IST       DEV       tps     rkB/s     wkB/s     dkB/s   areq-sz    aqu-sz     await     %util
04:11:25 PM IST   nvme0n1      0.00      0.00      0.00      0.00      0.00      0.00      0.00      0.00
04:11:25 PM IST       sda    136.00      0.00   3428.00      0.00     25.21      0.59      4.35      8.00

04:11:25 PM IST       DEV       tps     rkB/s     wkB/s     dkB/s   areq-sz    aqu-sz     await     %util
04:11:26 PM IST   nvme0n1      0.00      0.00      0.00      0.00      0.00      0.00      0.00      0.00
04:11:26 PM IST       sda     14.00      0.00    168.00      0.00     12.00      0.01      0.36      0.40

04:11:26 PM IST       DEV       tps     rkB/s     wkB/s     dkB/s   areq-sz    aqu-sz     await     %util
04:11:27 PM IST   nvme0n1      0.00      0.00      0.00      0.00      0.00      0.00      0.00      0.00
04:11:27 PM IST       sda     11.00      0.00     92.00      0.00      8.36      0.01      0.36      0.00

04:11:27 PM IST       DEV       tps     rkB/s     wkB/s     dkB/s   areq-sz    aqu-sz     await     %util
04:11:28 PM IST   nvme0n1      0.00      0.00      0.00      0.00      0.00      0.00      0.00      0.00
04:11:28 PM IST       sda      0.00      0.00      0.00      0.00      0.00      0.00      0.00      0.00

04:11:28 PM IST       DEV       tps     rkB/s     wkB/s     dkB/s   areq-sz    aqu-sz     await     %util
04:11:29 PM IST   nvme0n1      0.00      0.00      0.00      0.00      0.00      0.00      0.00      0.00
04:11:29 PM IST       sda      3.00      0.00    140.00      0.00     46.67      0.00      1.00      0.00

04:11:29 PM IST       DEV       tps     rkB/s     wkB/s     dkB/s   areq-sz    aqu-sz     await     %util
04:11:30 PM IST   nvme0n1      0.00      0.00      0.00      0.00      0.00      0.00      0.00      0.00
04:11:30 PM IST       sda     55.00      0.00    476.00      0.00      8.65      0.02      0.29      0.00

04:11:30 PM IST       DEV       tps     rkB/s     wkB/s     dkB/s   areq-sz    aqu-sz     await     %util
04:11:31 PM IST   nvme0n1      0.00      0.00      0.00      0.00      0.00      0.00      0.00      0.00
04:11:31 PM IST       sda      0.00      0.00      0.00      0.00      0.00      0.00      0.00      0.00

04:11:31 PM IST       DEV       tps     rkB/s     wkB/s     dkB/s   areq-sz    aqu-sz     await     %util
04:11:32 PM IST   nvme0n1      0.00      0.00      0.00      0.00      0.00      0.00      0.00      0.00
04:11:32 PM IST       sda      0.00      0.00      0.00      0.00      0.00      0.00      0.00      0.00

04:11:32 PM IST       DEV       tps     rkB/s     wkB/s     dkB/s   areq-sz    aqu-sz     await     %util
04:11:33 PM IST   nvme0n1      0.00      0.00      0.00      0.00      0.00      0.00      0.00      0.00
04:11:33 PM IST       sda      0.00      0.00      0.00      0.00      0.00      0.00      0.00      0.00

04:11:33 PM IST       DEV       tps     rkB/s     wkB/s     dkB/s   areq-sz    aqu-sz     await     %util
04:11:34 PM IST   nvme0n1      0.00      0.00      0.00      0.00      0.00      0.00      0.00      0.00
04:11:34 PM IST       sda      2.00      0.00     16.00      0.00      8.00      0.00      1.00      0.00

04:11:34 PM IST       DEV       tps     rkB/s     wkB/s     dkB/s   areq-sz    aqu-sz     await     %util
04:11:35 PM IST   nvme0n1      0.00      0.00      0.00      0.00      0.00      0.00      0.00      0.00
04:11:35 PM IST       sda      2.00      0.00    136.00      0.00     68.00      0.00      0.50      0.00

04:11:35 PM IST       DEV       tps     rkB/s     wkB/s     dkB/s   areq-sz    aqu-sz     await     %util
04:11:36 PM IST   nvme0n1      0.00      0.00      0.00      0.00      0.00      0.00      0.00      0.00
04:11:36 PM IST       sda     32.00      0.00    268.00      0.00      8.38      0.01      0.19      0.00

04:11:36 PM IST       DEV       tps     rkB/s     wkB/s     dkB/s   areq-sz    aqu-sz     await     %util
04:11:37 PM IST   nvme0n1      0.00      0.00      0.00      0.00      0.00      0.00      0.00      0.00
04:11:37 PM IST       sda      0.00      0.00      0.00      0.00      0.00      0.00      0.00      0.00

04:11:37 PM IST       DEV       tps     rkB/s     wkB/s     dkB/s   areq-sz    aqu-sz     await     %util
04:11:38 PM IST   nvme0n1      0.00      0.00      0.00      0.00      0.00      0.00      0.00      0.00
04:11:38 PM IST       sda      0.00      0.00      0.00      0.00      0.00      0.00      0.00      0.00

04:11:38 PM IST       DEV       tps     rkB/s     wkB/s     dkB/s   areq-sz    aqu-sz     await     %util
04:11:39 PM IST   nvme0n1      0.00      0.00      0.00      0.00      0.00      0.00      0.00      0.00
04:11:39 PM IST       sda      3.00      0.00     48.00      0.00     16.00      0.00      0.67      0.00

04:11:39 PM IST       DEV       tps     rkB/s     wkB/s     dkB/s   areq-sz    aqu-sz     await     %util
04:11:40 PM IST   nvme0n1      0.00      0.00      0.00      0.00      0.00      0.00      0.00      0.00
04:11:40 PM IST       sda    177.00      4.00   1324.00      0.00      7.50      0.04      0.20      0.00

04:11:40 PM IST       DEV       tps     rkB/s     wkB/s     dkB/s   areq-sz    aqu-sz     await     %util
04:11:41 PM IST   nvme0n1      0.00      0.00      0.00      0.00      0.00      0.00      0.00      0.00
04:11:41 PM IST       sda     30.00      0.00    224.00      0.00      7.47      0.01      0.20      0.00

04:11:41 PM IST       DEV       tps     rkB/s     wkB/s     dkB/s   areq-sz    aqu-sz     await     %util
04:11:42 PM IST   nvme0n1      0.00      0.00      0.00      0.00      0.00      0.00      0.00      0.00
04:11:42 PM IST       sda     15.00      0.00    232.00      0.00     15.47      0.01      0.33      0.80

04:11:42 PM IST       DEV       tps     rkB/s     wkB/s     dkB/s   areq-sz    aqu-sz     await     %util
04:11:43 PM IST   nvme0n1      0.00      0.00      0.00      0.00      0.00      0.00      0.00      0.00
04:11:43 PM IST       sda      5.00      0.00     96.00      0.00     19.20      0.01      0.80      0.40

04:11:43 PM IST       DEV       tps     rkB/s     wkB/s     dkB/s   areq-sz    aqu-sz     await     %util
04:11:44 PM IST   nvme0n1      0.00      0.00      0.00      0.00      0.00      0.00      0.00      0.00
04:11:44 PM IST       sda      1.00      0.00      4.00      0.00      4.00      0.00      0.00      0.00

04:11:44 PM IST       DEV       tps     rkB/s     wkB/s     dkB/s   areq-sz    aqu-sz     await     %util
04:11:45 PM IST   nvme0n1      0.00      0.00      0.00      0.00      0.00      0.00      0.00      0.00
04:11:45 PM IST       sda     25.00      0.00    108.00      0.00      4.32      0.01      0.32      0.00

04:11:45 PM IST       DEV       tps     rkB/s     wkB/s     dkB/s   areq-sz    aqu-sz     await     %util
04:11:46 PM IST   nvme0n1      0.00      0.00      0.00      0.00      0.00      0.00      0.00      0.00
04:11:46 PM IST       sda     79.00      0.00   3288.00      0.00     41.62      0.13      1.71      0.40

04:11:46 PM IST       DEV       tps     rkB/s     wkB/s     dkB/s   areq-sz    aqu-sz     await     %util
04:11:47 PM IST   nvme0n1      0.00      0.00      0.00      0.00      0.00      0.00      0.00      0.00
04:11:47 PM IST       sda      2.00      0.00     20.00      0.00     10.00      0.00      0.50      0.00

04:11:47 PM IST       DEV       tps     rkB/s     wkB/s     dkB/s   areq-sz    aqu-sz     await     %util
04:11:48 PM IST   nvme0n1      0.00      0.00      0.00      0.00      0.00      0.00      0.00      0.00
04:11:48 PM IST       sda      2.00      0.00    128.00      0.00     64.00      0.00      0.50      0.00

04:11:48 PM IST       DEV       tps     rkB/s     wkB/s     dkB/s   areq-sz    aqu-sz     await     %util
04:11:49 PM IST   nvme0n1      0.00      0.00      0.00      0.00      0.00      0.00      0.00      0.00
04:11:49 PM IST       sda      3.00      0.00     92.00      0.00     30.67      0.00      0.67      0.40

04:11:49 PM IST       DEV       tps     rkB/s     wkB/s     dkB/s   areq-sz    aqu-sz     await     %util
04:11:50 PM IST   nvme0n1      0.00      0.00      0.00      0.00      0.00      0.00      0.00      0.00
04:11:50 PM IST       sda     11.00      0.00    132.00      0.00     12.00      0.01      0.36      0.40

04:11:50 PM IST       DEV       tps     rkB/s     wkB/s     dkB/s   areq-sz    aqu-sz     await     %util
04:11:51 PM IST   nvme0n1      0.00      0.00      0.00      0.00      0.00      0.00      0.00      0.00
04:11:51 PM IST       sda     33.00      0.00    228.00      0.00      6.91      0.01      0.24      0.00

04:11:51 PM IST       DEV       tps     rkB/s     wkB/s     dkB/s   areq-sz    aqu-sz     await     %util
04:11:52 PM IST   nvme0n1      0.00      0.00      0.00      0.00      0.00      0.00      0.00      0.00
04:11:52 PM IST       sda     14.00     56.00    104.00      0.00     11.43      0.01      0.36      0.40

04:11:52 PM IST       DEV       tps     rkB/s     wkB/s     dkB/s   areq-sz    aqu-sz     await     %util
04:11:53 PM IST   nvme0n1      0.00      0.00      0.00      0.00      0.00      0.00      0.00      0.00
04:11:53 PM IST       sda      2.00      0.00     16.00      0.00      8.00      0.00      1.00      0.40

04:11:53 PM IST       DEV       tps     rkB/s     wkB/s     dkB/s   areq-sz    aqu-sz     await     %util
04:11:54 PM IST   nvme0n1      0.00      0.00      0.00      0.00      0.00      0.00      0.00      0.00
04:11:54 PM IST       sda      0.00      0.00      0.00      0.00      0.00      0.00      0.00      0.00

04:11:54 PM IST       DEV       tps     rkB/s     wkB/s     dkB/s   areq-sz    aqu-sz     await     %util
04:11:55 PM IST   nvme0n1      0.00      0.00      0.00      0.00      0.00      0.00      0.00      0.00
04:11:55 PM IST       sda      8.00      0.00    188.00      0.00     23.50      0.01      0.62      0.40

04:11:55 PM IST       DEV       tps     rkB/s     wkB/s     dkB/s   areq-sz    aqu-sz     await     %util
04:11:56 PM IST   nvme0n1      0.00      0.00      0.00      0.00      0.00      0.00      0.00      0.00
04:11:56 PM IST       sda     71.00      0.00    696.00      0.00      9.80      0.02      0.24      1.20

04:11:56 PM IST       DEV       tps     rkB/s     wkB/s     dkB/s   areq-sz    aqu-sz     await     %util
04:11:57 PM IST   nvme0n1      0.00      0.00      0.00      0.00      0.00      0.00      0.00      0.00
04:11:57 PM IST       sda      0.00      0.00      0.00      0.00      0.00      0.00      0.00      0.00

04:11:57 PM IST       DEV       tps     rkB/s     wkB/s     dkB/s   areq-sz    aqu-sz     await     %util
04:11:58 PM IST   nvme0n1      0.00      0.00      0.00      0.00      0.00      0.00      0.00      0.00
04:11:58 PM IST       sda      2.00      0.00     20.00      0.00     10.00      0.00      1.00      0.00

04:11:58 PM IST       DEV       tps     rkB/s     wkB/s     dkB/s   areq-sz    aqu-sz     await     %util
04:11:59 PM IST   nvme0n1      0.00      0.00      0.00      0.00      0.00      0.00      0.00      0.00
04:11:59 PM IST       sda     50.00     88.00   3760.00      0.00     76.96      0.06      1.10      0.80

04:11:59 PM IST       DEV       tps     rkB/s     wkB/s     dkB/s   areq-sz    aqu-sz     await     %util
04:12:00 PM IST   nvme0n1      0.00      0.00      0.00      0.00      0.00      0.00      0.00      0.00
04:12:00 PM IST       sda     13.00      8.00    260.00      0.00     20.62      0.01      0.46      0.40

04:12:00 PM IST       DEV       tps     rkB/s     wkB/s     dkB/s   areq-sz    aqu-sz     await     %util
04:12:01 PM IST   nvme0n1      0.00      0.00      0.00      0.00      0.00      0.00      0.00      0.00
04:12:01 PM IST       sda     39.00      0.00    268.00      0.00      6.87      0.01      0.13      0.00

04:12:01 PM IST       DEV       tps     rkB/s     wkB/s     dkB/s   areq-sz    aqu-sz     await     %util
04:12:02 PM IST   nvme0n1      0.00      0.00      0.00      0.00      0.00      0.00      0.00      0.00
04:12:02 PM IST       sda      0.00      0.00      0.00      0.00      0.00      0.00      0.00      0.00

04:12:02 PM IST       DEV       tps     rkB/s     wkB/s     dkB/s   areq-sz    aqu-sz     await     %util
04:12:03 PM IST   nvme0n1      0.00      0.00      0.00      0.00      0.00      0.00      0.00      0.00
04:12:03 PM IST       sda      0.00      0.00      0.00      0.00      0.00      0.00      0.00      0.00

04:12:03 PM IST       DEV       tps     rkB/s     wkB/s     dkB/s   areq-sz    aqu-sz     await     %util
04:12:04 PM IST   nvme0n1      0.00      0.00      0.00      0.00      0.00      0.00      0.00      0.00
04:12:04 PM IST       sda      2.00      0.00     20.00      0.00     10.00      0.00      1.00      0.00

04:12:04 PM IST       DEV       tps     rkB/s     wkB/s     dkB/s   areq-sz    aqu-sz     await     %util
04:12:05 PM IST   nvme0n1      0.00      0.00      0.00      0.00      0.00      0.00      0.00      0.00
04:12:05 PM IST       sda      3.00      0.00    108.00      0.00     36.00      0.00      0.33      0.00

04:12:05 PM IST       DEV       tps     rkB/s     wkB/s     dkB/s   areq-sz    aqu-sz     await     %util
04:12:06 PM IST   nvme0n1      0.00      0.00      0.00      0.00      0.00      0.00      0.00      0.00
04:12:06 PM IST       sda      1.00      0.00      8.00      0.00      8.00      0.00      1.00      0.00

04:12:06 PM IST       DEV       tps     rkB/s     wkB/s     dkB/s   areq-sz    aqu-sz     await     %util
04:12:07 PM IST   nvme0n1      0.00      0.00      0.00      0.00      0.00      0.00      0.00      0.00
04:12:07 PM IST       sda     33.00      0.00    228.00      0.00      6.91      0.01      0.18      0.00

04:12:07 PM IST       DEV       tps     rkB/s     wkB/s     dkB/s   areq-sz    aqu-sz     await     %util
04:12:08 PM IST   nvme0n1      0.00      0.00      0.00      0.00      0.00      0.00      0.00      0.00
04:12:08 PM IST       sda      0.00      0.00      0.00      0.00      0.00      0.00      0.00      0.00

04:12:08 PM IST       DEV       tps     rkB/s     wkB/s     dkB/s   areq-sz    aqu-sz     await     %util
04:12:09 PM IST   nvme0n1      0.00      0.00      0.00      0.00      0.00      0.00      0.00      0.00
04:12:09 PM IST       sda      2.00      0.00     28.00      0.00     14.00      0.00      1.00      0.40

04:12:09 PM IST       DEV       tps     rkB/s     wkB/s     dkB/s   areq-sz    aqu-sz     await     %util
04:12:10 PM IST   nvme0n1      0.00      0.00      0.00      0.00      0.00      0.00      0.00      0.00
04:12:10 PM IST       sda      7.00      0.00    216.00      0.00     30.86      0.01      0.57      0.40

04:12:10 PM IST       DEV       tps     rkB/s     wkB/s     dkB/s   areq-sz    aqu-sz     await     %util
04:12:11 PM IST   nvme0n1      0.00      0.00      0.00      0.00      0.00      0.00      0.00      0.00
04:12:11 PM IST       sda     99.00      0.00    428.00      0.00      4.32      0.02      0.16      0.00

04:12:11 PM IST       DEV       tps     rkB/s     wkB/s     dkB/s   areq-sz    aqu-sz     await     %util
04:12:12 PM IST   nvme0n1      0.00      0.00      0.00      0.00      0.00      0.00      0.00      0.00
04:12:12 PM IST       sda     37.00      0.00    256.00      0.00      6.92      0.01      0.14      0.00

04:12:12 PM IST       DEV       tps     rkB/s     wkB/s     dkB/s   areq-sz    aqu-sz     await     %util
04:12:13 PM IST   nvme0n1      0.00      0.00      0.00      0.00      0.00      0.00      0.00      0.00
04:12:13 PM IST       sda      1.00      0.00      4.00      0.00      4.00      0.00      1.00      0.00

04:12:13 PM IST       DEV       tps     rkB/s     wkB/s     dkB/s   areq-sz    aqu-sz     await     %util
04:12:14 PM IST   nvme0n1      0.00      0.00      0.00      0.00      0.00      0.00      0.00      0.00
04:12:14 PM IST       sda     88.00      0.00   4352.00      0.00     49.45      0.05      0.52      1.20

04:12:14 PM IST       DEV       tps     rkB/s     wkB/s     dkB/s   areq-sz    aqu-sz     await     %util
04:12:15 PM IST   nvme0n1      0.00      0.00      0.00      0.00      0.00      0.00      0.00      0.00
04:12:15 PM IST       sda      8.00      0.00    244.00      0.00     30.50      0.01      0.38      0.40

04:12:15 PM IST       DEV       tps     rkB/s     wkB/s     dkB/s   areq-sz    aqu-sz     await     %util
04:12:16 PM IST   nvme0n1      0.00      0.00      0.00      0.00      0.00      0.00      0.00      0.00
04:12:16 PM IST       sda      0.00      0.00      0.00      0.00      0.00      0.00      0.00      0.00

04:12:16 PM IST       DEV       tps     rkB/s     wkB/s     dkB/s   areq-sz    aqu-sz     await     %util
04:12:17 PM IST   nvme0n1      0.00      0.00      0.00      0.00      0.00      0.00      0.00      0.00
04:12:17 PM IST       sda     22.00      0.00    136.00      0.00      6.18      0.01      0.41      0.00

04:12:17 PM IST       DEV       tps     rkB/s     wkB/s     dkB/s   areq-sz    aqu-sz     await     %util
04:12:18 PM IST   nvme0n1      0.00      0.00      0.00      0.00      0.00      0.00      0.00      0.00
04:12:18 PM IST       sda     38.00      0.00    256.00      0.00      6.74      0.01      0.13      0.00

04:12:18 PM IST       DEV       tps     rkB/s     wkB/s     dkB/s   areq-sz    aqu-sz     await     %util
04:12:19 PM IST   nvme0n1      0.00      0.00      0.00      0.00      0.00      0.00      0.00      0.00
04:12:19 PM IST       sda      1.00      0.00      4.00      0.00      4.00      0.00      1.00      0.00

04:12:19 PM IST       DEV       tps     rkB/s     wkB/s     dkB/s   areq-sz    aqu-sz     await     %util
04:12:20 PM IST   nvme0n1      0.00      0.00      0.00      0.00      0.00      0.00      0.00      0.00
04:12:20 PM IST       sda      8.00      0.00    152.00      0.00     19.00      0.00      0.25      0.40

04:12:20 PM IST       DEV       tps     rkB/s     wkB/s     dkB/s   areq-sz    aqu-sz     await     %util
04:12:21 PM IST   nvme0n1      0.00      0.00      0.00      0.00      0.00      0.00      0.00      0.00
04:12:21 PM IST       sda     11.00      0.00    144.00      0.00     13.09      0.01      0.36      0.40

04:12:21 PM IST       DEV       tps     rkB/s     wkB/s     dkB/s   areq-sz    aqu-sz     await     %util
04:12:22 PM IST   nvme0n1      0.00      0.00      0.00      0.00      0.00      0.00      0.00      0.00
04:12:22 PM IST       sda      0.00      0.00      0.00      0.00      0.00      0.00      0.00      0.00

04:12:22 PM IST       DEV       tps     rkB/s     wkB/s     dkB/s   areq-sz    aqu-sz     await     %util
04:12:23 PM IST   nvme0n1      0.00      0.00      0.00      0.00      0.00      0.00      0.00      0.00
04:12:23 PM IST       sda     79.00      0.00   1252.00      0.00     15.85      0.03      0.37      0.80

04:12:23 PM IST       DEV       tps     rkB/s     wkB/s     dkB/s   areq-sz    aqu-sz     await     %util
04:12:24 PM IST   nvme0n1      0.00      0.00      0.00      0.00      0.00      0.00      0.00      0.00
04:12:24 PM IST       sda      0.00      0.00      0.00      0.00      0.00      0.00      0.00      0.00

04:12:24 PM IST       DEV       tps     rkB/s     wkB/s     dkB/s   areq-sz    aqu-sz     await     %util
04:12:25 PM IST   nvme0n1      0.00      0.00      0.00      0.00      0.00      0.00      0.00      0.00
04:12:25 PM IST       sda      1.00      0.00      8.00      0.00      8.00      0.00      0.00      0.00

04:12:25 PM IST       DEV       tps     rkB/s     wkB/s     dkB/s   areq-sz    aqu-sz     await     %util
04:12:26 PM IST   nvme0n1      0.00      0.00      0.00      0.00      0.00      0.00      0.00      0.00
04:12:26 PM IST       sda     19.00      0.00    172.00      0.00      9.05      0.01      0.32      0.40

04:12:26 PM IST       DEV       tps     rkB/s     wkB/s     dkB/s   areq-sz    aqu-sz     await     %util
04:12:27 PM IST   nvme0n1      0.00      0.00      0.00      0.00      0.00      0.00      0.00      0.00
04:12:27 PM IST       sda      0.00      0.00      0.00      0.00      0.00      0.00      0.00      0.00

04:12:27 PM IST       DEV       tps     rkB/s     wkB/s     dkB/s   areq-sz    aqu-sz     await     %util
04:12:28 PM IST   nvme0n1      0.00      0.00      0.00      0.00      0.00      0.00      0.00      0.00
04:12:28 PM IST       sda     40.00      0.00    320.00      0.00      8.00      0.01      0.17      0.00

04:12:28 PM IST       DEV       tps     rkB/s     wkB/s     dkB/s   areq-sz    aqu-sz     await     %util
04:12:29 PM IST   nvme0n1      0.00      0.00      0.00      0.00      0.00      0.00      0.00      0.00
04:12:29 PM IST       sda     14.00      0.00    400.00      0.00     28.57      0.01      0.36      0.40

04:12:29 PM IST       DEV       tps     rkB/s     wkB/s     dkB/s   areq-sz    aqu-sz     await     %util
04:12:30 PM IST   nvme0n1      0.00      0.00      0.00      0.00      0.00      0.00      0.00      0.00
04:12:30 PM IST       sda     56.00      0.00    868.00      0.00     15.50      0.03      0.46      0.00

04:12:30 PM IST       DEV       tps     rkB/s     wkB/s     dkB/s   areq-sz    aqu-sz     await     %util
04:12:31 PM IST   nvme0n1      0.00      0.00      0.00      0.00      0.00      0.00      0.00      0.00
04:12:31 PM IST       sda      8.00      0.00     44.00      0.00      5.50      0.00      0.25      0.00

04:12:31 PM IST       DEV       tps     rkB/s     wkB/s     dkB/s   areq-sz    aqu-sz     await     %util
04:12:32 PM IST   nvme0n1      0.00      0.00      0.00      0.00      0.00      0.00      0.00      0.00
04:12:32 PM IST       sda     18.00      0.00    296.00      0.00     16.44      0.01      0.28      0.40

04:12:32 PM IST       DEV       tps     rkB/s     wkB/s     dkB/s   areq-sz    aqu-sz     await     %util
04:12:33 PM IST   nvme0n1      0.00      0.00      0.00      0.00      0.00      0.00      0.00      0.00
04:12:33 PM IST       sda     57.00      0.00    448.00      0.00      7.86      0.01      0.18      0.40

04:12:33 PM IST       DEV       tps     rkB/s     wkB/s     dkB/s   areq-sz    aqu-sz     await     %util
04:12:34 PM IST   nvme0n1      0.00      0.00      0.00      0.00      0.00      0.00      0.00      0.00
04:12:34 PM IST       sda      0.00      0.00      0.00      0.00      0.00      0.00      0.00      0.00

04:12:34 PM IST       DEV       tps     rkB/s     wkB/s     dkB/s   areq-sz    aqu-sz     await     %util
04:12:35 PM IST   nvme0n1      0.00      0.00      0.00      0.00      0.00      0.00      0.00      0.00
04:12:35 PM IST       sda      3.00      0.00    112.00      0.00     37.33      0.00      0.67      0.40

04:12:35 PM IST       DEV       tps     rkB/s     wkB/s     dkB/s   areq-sz    aqu-sz     await     %util
04:12:36 PM IST   nvme0n1      0.00      0.00      0.00      0.00      0.00      0.00      0.00      0.00
04:12:36 PM IST       sda     42.00      0.00    332.00      0.00      7.90      0.01      0.24      0.40

04:12:36 PM IST       DEV       tps     rkB/s     wkB/s     dkB/s   areq-sz    aqu-sz     await     %util
04:12:37 PM IST   nvme0n1      0.00      0.00      0.00      0.00      0.00      0.00      0.00      0.00
04:12:37 PM IST       sda      6.00      0.00     40.00      0.00      6.67      0.00      0.33      0.00
