procs -----------memory---------- ---swap-- -----io---- -system-- -------cpu-------
 r  b   swpd   free   buff  cache   si   so    bi    bo   in   cs us sy id wa st gu
 9  0 931436 1231204 116500 3440480    5   15   122   137 1484   25  4  2 94  0  0  0
51  0 931436 1134208 116500 3436132    0    0     0  1432 13917 52937  8  7 85  0  0  0
52  0 931436 1116540 116500 3436132    0    0     0    32 27305 175262 14  8 79  0  0  0
52  0 931436 1116548 116500 3436132    0    0     0     0 27069 175202 13  8 79  0  0  0
55  0 931436 1131632 116508 3435908    0    0     0    68 27747 175934 14  7 79  0  0  0
51  0 931436 1132388 116524 3435968    0    0     0   508 27604 176992 13  8 79  0  0  0
51  0 931436 1131472 116532 3436048    0    0     0    28 28394 175935 13  8 79  0  0  0
52  0 931436 1131544 116532 3436048    0    0     0     0 28180 175752 14  7 79  0  0  0
51  0 931436 1132980 116532 3436048    0    0     0     0 26303 174430 14  7 79  0  0  0
 3  0 931436 1131432 116532 3436044    0    0     0     0 28486 177317 14  8 79  0  0  0
52  1 931436 1129572 116540 3436036    0    0     0    20 27278 174965 13  8 79  0  0  0
52  0 931436 1129080 116548 3436044    0    0     0    16 28301 176350 13  8 79  0  0  0
53  0 931436 1122784 116548 3436048    0    0     0     4 27657 175809 14  8 78  0  0  0
50  0 931436 1123744 116548 3436048    0    0     0     0 27647 175872 14  8 79  0  0  0
50  0 931436 1119580 116564 3436048    0    0     0   116 27819 176785 13  7 80  0  0  0
53  0 931436 1112804 116564 3436100    0    0     0   192 28912 176004 14  7 79  0  0  0
52  0 931436 1116192 116564 3436040    0    0     0     0 27657 176796 13  7 79  0  0  0
52  0 931436 1118144 116572 3436568    0    0     4    20 26898 173928 14  8 79  0  0  0
52  0 931436 1117200 116572 3436580    0    0     0     0 27122 176415 13  9 78  0  0  0
52  0 931436 1116648 116588 3436192    0    0     0    96 25708 171898 14  7 79  0  0  0
55  0 931436 1114276 116588 3436136    0    0     0     0 25093 173525 14  7 79  0  0  0
procs -----------memory---------- ---swap-- -----io---- -system-- -------cpu-------
 r  b   swpd   free   buff  cache   si   so    bi    bo   in   cs us sy id wa st gu
51  0 931436 1116848 116588 3436136    0    0     0     0 28840 178215 13  7 79  0  0  0
45  0 931436 1115640 116596 3436136    0    0     0    16 27473 174910 13  8 79  0  0  0
46  0 931436 1111928 116596 3436140    0    0     0     4 27187 174552 14  7 79  0  0  0
53  0 931436 1112876 116604 3436140    0    0     0    32 24936 171721 13  8 79  0  0  0
51  0 931436 1110684 116604 3436312    0    0     0     0 26324 173111 14  8 78  0  0  0
51  0 931436 1111448 116604 3436336    0    0     0     0 26157 172410 14  7 79  0  0  0
 7  0 931436 1110124 116620 3436400    0    0     0    80 28795 176737 13  8 79  0  0  0
54  0 931436 1100156 116628 3436320    0    0     0    16 27926 176279 14  8 78  0  0  0
51  0 931436 1100632 116628 3436452    0    0     0     4 28229 177097 14  7 79  0  0  0
49  0 931436 1099676 116628 3436468    0    0     0     0 25651 172716 12  9 79  0  0  0
53  0 931436 1103008 116628 3436380    0    0     0    24 27996 176284 14  8 78  0  0  0
51  0 931436 1102372 116644 3436384    0    0     0    96 26828 174211 14  8 79  0  0  0
50  0 931436 1100996 116652 3436400    0    0     0    72 25489 171635 14  7 79  0  0  0
51  0 931436 1099556 116652 3436548    0    0     0     0 26891 174075 13  8 79  0  0  0
51  0 931436 1093452 116652 3436548    0    0     0   408 27138 174153 13  8 79  0  0  0
51  0 931436 1094984 116652 3436472    0    0     0    68 26884 174716 14  7 80  0  0  0
51  0 931436 1089400 116660 3436944    0    0     0    32 27068 177399 13  8 79  0  0  0
51  0 931436 1094024 116660 3436976    0    0     0     0 25951 173089 13  7 79  0  0  0
56  0 931436 1103700 116668 3436980    0    0     0    24 24736 158126 30  7 62  0  0  0
52  0 931436 1103536 116668 3436660    0    0     0     0 26450 174745 13  8 79  0  0  0
 1  0 931436 1101184 116668 3436724    0    0     0     0 26802 174493 13  8 79  0  0  0
procs -----------memory---------- ---swap-- -----io---- -system-- -------cpu-------
 r  b   swpd   free   buff  cache   si   so    bi    bo   in   cs us sy id wa st gu
52  0 931436 1100964 116676 3436716    0    0     0    24 27891 177124 14  7 79  0  0  0
50  0 931436 1099764 116676 3436784    0    0     0     0 25822 173420 14  7 79  0  0  0
51  0 931436 1099148 116676 3437328    0    0     8     0 28498 175945 14  8 78  0  0  0
52  0 931436 1098904 116700 3437328    0    0     0   124 27440 176662 14  7 79  0  0  0
50  0 931436 1100920 116700 3436676    0    0     0   396 28700 178292 14  7 79  0  0  0
51  0 931436 1100356 116700 3436680    0    0     0     0 26397 174545 13  8 79  0  0  0
51  0 931436 1099156 116700 3436660    0    0     0     0 29496 178363 14  7 79  0  0  0
52  0 931436 1101648 116700 3436828    0    0     0     0 25386 171595 14  7 79  0  0  0
52  0 931436 1101648 116708 3436832    0    0     0    24 23877 169207 14  8 79  0  0  0
50  0 931436 1102172 116764 3436900    0    0     8   240 27958 175891 13  8 79  0  0  0
52  0 931436 1103436 116764 3436780    0    0     0     0 28207 178143 13  8 79  0  0  0
50  0 931436 1105416 116764 3436780    0    0     0     0 27193 176423 14  7 79  0  0  0
51  0 931436 1104212 116764 3436784    0    0     0   256 28174 176415 13  8 79  0  0  0
52  0 931436 1089188 116764 3436788    0    0     0     8 27252 173959 14  8 79  0  0  0
51  0 931436 1092396 116780 3436764    0    0     0    48 28990 176142 13  8 79  0  0  0
53  0 931436 1096260 116780 3436964    0    0     0   256 26492 175661 14  7 79  0  0  0
56  0 931436 1098428 116780 3437004    0    0     0     0 27655 174521 14  8 78  0  0  0
51  0 931436 1099280 116796 3436956    0    0     0    96 29075 176632 13  8 79  0  0  0
53  0 931436 1094416 116796 3436840    0    0     0   256 28144 177218 13  8 79  0  0  0
48  0 931436 1097384 116804 3437120    0    0     0   136 28026 175794 14  7 79  0  0  0
51  0 931436 1098120 116804 3437124    0    0     0     0 28823 176655 13  8 79  0  0  0
procs -----------memory---------- ---swap-- -----io---- -system-- -------cpu-------
 r  b   swpd   free   buff  cache   si   so    bi    bo   in   cs us sy id wa st gu
51  0 931436 1096276 116804 3437124    0    0     0   256 28649 177435 13  8 79  0  0  0
51  0 931436 1095588 116812 3437124    0    0     0    92 26918 173693 14  7 79  0  0  0
50  0 931436 1095400 116812 3437124    0    0     0     0 26013 173456 13  7 79  0  0  0
51  0 931436 1094404 116820 3437052    0    0     0    20 26833 174343 14  7 80  0  0  0
52  0 931436 1094416 116836 3437084    0    0     0   376 28543 176971 14  7 79  0  0  0
45  0 931436 1085808 116836 3437100    0    0     0     0 25310 170958 14  7 79  0  0  0
50  0 931436 1084524 116860 3437272    0    0     0   400 24535 172907 14  7 79  0  0  0
53  0 931436 1085036 116860 3437276    0    0     0    60 26247 172143 13  8 79  0  0  0
 2  0 931436 1086756 116860 3437404    0    0     0     0 28347 177017 13  8 79  0  0  0
52  0 931436 1085644 116876 3437308    0    0     0   100 28496 176206 13  7 79  0  0  0
49  0 931436 1085408 116876 3437308    0    0     0     0 26187 173175 14  7 79  0  0  0
52  0 931436 1085744 116900 3437132    0    0     0   132 24389 170439 13  8 79  0  0  0
 1  0 931436 1081948 116900 3437328    0    0     0     8 27642 176222 13  8 79  0  0  0
52  0 931436 1082060 116900 3437840    0    0     0     0 27158 174819 13  8 79  0  0  0
48  0 931436 1085624 116900 3437728    0    0     0   296 27688 176267 13  7 79  0  0  0
52  0 931436 1089868 116900 3437256    0    0     0     0 26527 173806 13  8 79  0  0  0
51  0 931436 1089316 116916 3437256    0    0     0    48 27800 175049 13  8 78  0  0  0
52  0 931436 1088940 116916 3437244    0    0     0     0 28267 174164 14  7 79  0  0  0
52  0 931436 1090336 116916 3437440    0    0     0    12 26655 174836 14  7 79  0  0  0
51  0 931436 1090924 116924 3437440    0    0     0   200 25990 172900 14  7 79  0  0  0
52  0 931436 1093788 116924 3437440    0    0     0     0 26399 173123 12  8 79  0  0  0
procs -----------memory---------- ---swap-- -----io---- -system-- -------cpu-------
 r  b   swpd   free   buff  cache   si   so    bi    bo   in   cs us sy id wa st gu
 2  0 931436 1079936 116932 3437336    0    0     0    20 26230 174085 14  8 78  0  0  0
52  0 931436 1075924 116948 3437512    0    0     0    96 27229 176264 14  8 79  0  0  0
51  0 931436 1077648 116948 3437516    0    0     0     0 28256 174235 13  8 79  0  0  0
45  0 931436 1077112 116956 3437516    0    0     0    16 27878 174059 13  8 79  0  0  0
51  0 931436 1075060 116956 3437516    0    0     0     0 28591 176683 14  7 79  0  0  0
51  0 931436 1071948 116956 3437516    0    0     0     0 27074 174615 13  8 79  0  0  0
52  0 931436 1070500 116964 3437516    0    0     0    20 28428 176145 13  7 79  0  0  0
 1  0 931436 1071432 116964 3437516    0    0     0     0 27806 175026 13  8 79  0  0  0
53  0 931436 1073816 116964 3437512    0    0     0     8 28784 177692 13  8 78  0  0  0
50  0 931436 1075184 116972 3437604    0    0     0    20 26672 175397 13  7 79  0  0  0
50  0 931436 1074224 116972 3437628    0    0     0     0 28036 175228 14  8 79  0  0  0
51  0 931436 1079492 116980 3437652    0    0     0    92 28293 176246 13  8 79  0  0  0
50  0 931436 1077208 116980 3437652    0    0     0     0 24841 170731 13  7 80  0  0  0
52  0 931436 1085668 116980 3437964    0    0     0     0 27675 176320 15  7 78  0  0  0
51  0 931436 1083064 116996 3437992    0    0     0    96 28004 176483 13  8 79  0  0  0
51  0 931436 1080504 117004 3438016    0    0     0    16 24915 172764 13  8 80  0  0  0
51  0 931436 1080772 117004 3437760    0    0     0     0 28189 176019 13  7 79  0  0  0
51  0 931436 1079156 117004 3437676    0    0     0     0 26648 174891 14  8 79  0  0  0
 9  0 931436 1078520 117004 3437676    0    0     0   188 25271 174485 13  8 79  0  0  0
51  0 931436 1076704 117012 3437872    0    0     0    24 25947 173555 14  7 79  0  0  0
50  0 931436 1077100 117020 3437904    0    0     8    48 28020 176385 13  7 79  0  0  0
procs -----------memory---------- ---swap-- -----io---- -system-- -------cpu-------
 r  b   swpd   free   buff  cache   si   so    bi    bo   in   cs us sy id wa st gu
53  0 931436 1064428 117020 3437904    0    0     0     0 28013 175372 14  7 79  0  0  0
51  0 931436 1063672 117020 3437776    0    0     0     0 27033 176104 15  7 79  0  0  0
48  0 931436 1071052 117020 3437944    0    0     0   396 28263 175235 14  8 78  0  0  0
50  0 931436 1069712 117028 3438452    0    0     0    28 26893 174508 13  8 79  0  0  0
51  0 931436 1071316 117028 3438512    0    0     0     0 27957 178277 13  8 79  0  0  0
48  0 931436 1070432 117036 3438000    0    0     0    20 28404 177000 14  7 79  0  0  0
51  0 931436 1072444 117036 3438000    0    0     0     0 26880 172550 13  8 79  0  0  0
52  0 931436 1070848 117052 3438000    0    0     0    96 27095 174242 13  8 79  0  0  0
54  0 931436 1071604 117052 3437944    0    0     0     0 25487 173604 13  8 79  0  0  0
53  0 931436 1076952 117052 3437944    0    0     0     0 28555 177540 15  7 79  0  0  0
51  0 931436 1074672 117060 3437948    0    0     0    20 25639 173250 14  7 79  0  0  0
53  0 931436 1073768 117060 3437964    0    0     0     0 26908 175434 14  7 79  0  0  0
49  0 931436 1072444 117068 3438148    0    0     0    24 26794 174975 14  7 79  0  0  0
17  0 931436 1073576 117068 3438148    0    0     0   336 25518 173379 13  7 79  0  0  0
48  0 931436 1071688 117068 3438148    0    0     0     0 27013 177158 14  8 79  0  0  0
51  0 931436 1072368 117068 3438152    0    0     0     0 26638 173884 13  7 80  0  0  0
52  0 931436 1072532 117076 3438160    0    0     0    20 28109 176298 14  7 79  0  0  0
56  0 931436 1072352 117084 3438060    0    0     0    24 25802 173404 14  8 78  0  0  0
52  0 931436 1073300 117084 3438292    0    0     0     8 25810 172551 13  8 79  0  0  0
47  0 931436 1074052 117084 3438320    0    0     0     0 29142 176897 13  9 78  0  0  0
52  0 931436 1072424 117108 3438320    0    0     0   336 27945 177363 13  8 79  0  0  0
procs -----------memory---------- ---swap-- -----io---- -system-- -------cpu-------
 r  b   swpd   free   buff  cache   si   so    bi    bo   in   cs us sy id wa st gu
51  0 931436 1074296 117108 3438324    0    0     0    56 25957 174599 13  8 79  0  0  0
50  0 931436 1075172 117116 3438332    0    0     0    24 27626 175349 14  7 79  0  0  0
51  0 931436 1072092 117116 3438332    0    0     0   284 24785 172604 13  7 79  0  0  0
50  0 931436 1078720 117116 3438308    0    0     0     0 26975 177550 14  8 78  0  0  0
51  0 931436 1076132 117124 3438332    0    0     0    64 26976 176117 13  7 79  0  0  0
51  0 931436 1048948 117124 3438328    0    0     0     0 26401 172128 13  8 79  0  0  0
51  0 931436 1033796 117124 3438184    0    0     0     0 26548 175065 13  8 79  0  0  0
52  0 931436 1054340 117132 3438248    0    0     0    20 26616 174922 14  7 79  0  0  0
54  0 931436 1055628 117148 3438240    0    0     0   312 26401 175428 13  8 79  0  0  0
53  0 931436 1053728 117148 3438272    0    0     0     0 27787 175771 13  8 78  0  0  0
53  0 931436 1055088 117148 3438416    0    0     0     0 28102 176870 14  8 78  0  0  0
52  0 931436 1057856 117148 3438440    0    0     0     0 26499 173718 13  9 79  0  0  0
52  0 931436 1058456 117172 3438444    0    0     0   276 27115 176103 13  7 79  0  0  0
51  0 931436 1061508 117172 3438448    0    0     0   248 28415 176852 13  8 79  0  0  0
53  0 931436 1059340 117172 3438448    0    0     0     4 27164 174403 13  7 79  0  0  0
51  0 931436 1056400 117172 3438288    0    0     0     0 25184 177154 14  7 79  0  0  0
50  0 931436 1058244 117172 3438872    0    0     0     0 26404 174996 14  7 79  0  0  0
50  0 931436 1058628 117180 3438864    0    0     0    24 26645 174892 13  8 79  0  0  0
51  0 931436 1059300 117188 3438468    0    0     0    28 25091 172378 14  7 79  0  0  0
53  0 931436 1063112 117188 3438468    0    0     0   192 29103 179112 13  8 79  0  0  0
52  0 931436 1061264 117188 3438484    0    0     0     0 28833 177735 14  7 79  0  0  0
procs -----------memory---------- ---swap-- -----io---- -system-- -------cpu-------
 r  b   swpd   free   buff  cache   si   so    bi    bo   in   cs us sy id wa st gu
53  0 931436 1060280 117188 3438500    0    0     0     0 26300 174948 13  7 79  0  0  0
52  0 931436 1059768 117196 3438504    0    0     0    56 27838 176237 13  8 79  0  0  0
51  0 931436 1061724 117204 3438504    0    0     0    20 29603 180651 14  7 79  0  0  0
51  0 931436 1062048 117204 3438508    0    0     0   188 27100 173330 14  7 80  0  0  0
51  0 931436 1065544 117204 3438508    0    0     0     0 27052 174694 13  8 79  0  0  0
52  0 931436 1063804 117220 3438508    0    0     0   124 27242 175502 13  8 79  0  0  0
54  0 931436 1063204 117220 3438396    0    0     0     0 26138 172788 13  8 79  0  0  0
40  0 931436 1062560 117220 3438412    0    0     0    96 26337 174020 13  7 79  0  0  0
52  0 931436 1061560 117228 3438412    0    0     0    20 26733 175397 13  8 79  0  0  0
52  0 931436 1061740 117228 3438436    0    0     0   260 27823 176794 14  7 79  0  0  0
52  0 931436 1062848 117236 3438756    0    0     0    80 29052 178029 13  8 79  0  0  0
10  0 931436 1061436 117236 3438772    0    0     0     0 28059 175822 13  8 79  0  0  0
51  0 931436 1062048 117236 3438788    0    0     0     0 27289 175322 13  8 79  0  0  0
51  0 931436 1063464 117236 3438548    0    0     0     0 26399 173531 13  8 79  0  0  0
51  0 931436 1062452 117244 3438572    0    0     0    20 27263 174514 14  7 79  0  0  0
47  0 931436 1059904 117256 3438596    0    0     0    48 25424 174991 14  7 79  0  0  0
50  0 931436 1058996 117256 3438612    0    0     0     0 26845 173551 13  8 79  0  0  0
54  0 931436 1041868 117256 3438780    0    0     0     0 27989 174611 14  7 79  0  0  0
51  0 931436 1044408 117272 3438780    0    0     0   100 27856 177032 14  7 79  0  0  0
51  0 931436 1046040 117272 3438692    0    0     0     0 26019 174283 14  7 79  0  0  0
51  0 931436 1045132 117280 3438744    0    0     0    20 26370 175058 14  7 79  0  0  0
procs -----------memory---------- ---swap-- -----io---- -system-- -------cpu-------
 r  b   swpd   free   buff  cache   si   so    bi    bo   in   cs us sy id wa st gu
52  0 931436 1046536 117280 3438744    0    0     0     0 28316 176103 13  8 79  0  0  0
48  0 931436 1046360 117280 3438752    0    0     4     0 28144 176792 14  8 79  0  0  0
54  0 931436 1043960 117288 3438772    0    0     0    20 28686 175776 14  8 78  0  0  0
51  0 931436 1047332 117288 3438788    0    0     0     0 26700 175501 13  7 80  0  0  0
52  0 931436 1046560 117296 3438804    0    0     0    16 28420 176676 14  8 79  0  0  0
51  0 931436 1046852 117296 3438776    0    0     0     0 26368 173029 14  7 79  0  0  0
52  0 931436 1048320 117296 3438776    0    0     0    72 28463 175365 14  7 79  0  0  0
51  0 931436 1047676 117304 3438984    0    0     0    20 28379 177717 14  8 79  0  0  0
51  0 931436 1044148 117304 3439496    0    0     0     0 27598 175293 14  7 79  0  0  0
52  0 931436 1050940 117304 3439496    0    0     0     0 27963 176132 13  8 79  0  0  0
24  0 931436 1047132 117328 3438888    0    0     0   116 28244 175080 14  7 79  0  0  0
51  0 931436 1044804 117328 3438896    0    0     0     0 27192 176054 13  8 79  0  0  0
55  0 931436 1043904 117328 3438908    0    0     0     0 28413 176821 14  7 79  0  0  0
53  0 931436 1044504 117328 3438908    0    0     0     0 28242 177241 13  8 80  0  0  0
53  0 931436 1044268 117328 3439076    0    0     0     0 26648 174166 14  7 79  0  0  0
54  0 931436 1043732 117344 3439076    0    0     0    44 25208 175027 14  7 79  0  0  0
52  0 931436 1043392 117344 3439080    0    0     0     0 26082 173225 13  8 79  0  0  0
51  0 931436 1040800 117344 3439000    0    0     0     8 27241 174638 13  8 79  0  0  0
53  0 931436 1045444 117344 3438988    0    0     0   636 26278 176617 13  8 79  0  0  0
52  0 931436 1044656 117344 3439004    0    0     0     0 26629 173968 13  7 79  0  0  0
49  0 931436 1047016 117368 3439008    0    0     0   112 24020 172437 13  8 79  0  0  0
procs -----------memory---------- ---swap-- -----io---- -system-- -------cpu-------
 r  b   swpd   free   buff  cache   si   so    bi    bo   in   cs us sy id wa st gu
51  0 931436 1044920 117376 3439116    0    0     0    92 26390 175164 13  8 80  0  0  0
 2  0 931436 1043780 117376 3439136    0    0     0     0 26742 175285 14  8 78  0  0  0
53  0 931436 1077580 117392 3407552    0    0     0   100 26574 175259 14  7 79  0  0  0
52  0 931436 1079348 117392 3407536    0    0     0     0 26523 174737 15  7 79  0  0  0
53  0 931436 1077680 117392 3407536    0    0     0     0 26680 175910 14  7 79  0  0  0
40  0 931436 1077784 117416 3407540    0    0     0   128 25866 174565 13  7 80  0  0  0
53  0 931436 1074032 117416 3407428    0    0     0     0 27521 175833 14  7 79  0  0  0
52  0 931436 1074168 117416 3407432    0    0     0     0 23914 171824 13  8 79  0  0  0
51  0 931436 1074092 117416 3407448    0    0     0     0 26236 174683 14  8 79  0  0  0
53  0 931436 1075404 117416 3407464    0    0     0     0 27311 177353 14  7 79  0  0  0
52  0 931436 1076384 117424 3407480    0    0     0    20 28123 178747 13  8 79  0  0  0
50  0 931436 1074808 117432 3407496    0    0     0    16 24275 169269 13  8 79  0  0  0
53  0 931436 1071808 117432 3407496    0    0     0     0 25773 172966 13  8 79  0  0  0
51  0 931436 1061336 117432 3407504    0    0     0     0 28528 176110 13  7 79  0  0  0
53  0 931436 1061396 117432 3407508    0    0     0     0 27210 174411 13  8 79  0  0  0
54  0 931436 1069080 117440 3407512    0    0     0    20 27800 177383 13  8 79  0  0  0
53  0 931436 1018044 117456 3407512    0    0     0    92 27928 174562 13  8 80  0  0  0
53  0 931436 1027608 117464 3407512    0    0     0    20 26838 172371 14  7 79  0  0  0
56  0 931436 1028324 117480 3407512    0    0     0    80 28791 178309 13  8 79  0  0  0
50  0 931436 1027616 117480 3407532    0    0     0    16 26845 175421 14  7 79  0  0  0
54  0 931436 1030608 117480 3407532    0    0     0     4 26750 173056 14  7 79  0  0  0
procs -----------memory---------- ---swap-- -----io---- -system-- -------cpu-------
 r  b   swpd   free   buff  cache   si   so    bi    bo   in   cs us sy id wa st gu
52  0 931436 1027272 117480 3407552    0    0     0    68 27175 174205 14  7 79  0  0  0
52  0 931436 1028388 117488 3407556    0    0     0    16 27360 176559 13  7 80  0  0  0
55  0 931436 990388 117496 3451984    0    0     0    64 31244 178232 17  8 75  1  0  0
54  0 931436 979032 117496 3464336    0    0     0     0 30232 178156 16  8 75  1  0  0
52  0 931436 995448 117496 3447820    0    0     0     0 28076 175817 13  8 79  0  0  0
52  0 931436 1012764 117496 3426672    0    0     0     0 26703 174782 14  7 78  0  0  0
53  0 931436 1007264 117504 3425608    0    0     0    28 26316 174642 14  7 79  0  0  0
51  0 931436 1011100 117512 3426208    0    0     0   688 28767 177827 13  8 79  0  0  0
54  0 931436 1012068 117528 3426296    0    0     0    92 27839 176283 13  8 79  0  0  0
52  0 931436 1013828 117528 3426064    0    0     0    60 28105 175575 15  7 78  0  0  0
 3  0 931436 1011916 117528 3423916    0    0     0     0 26826 174664 14  7 79  0  0  0
52  0 931436 1010724 117528 3424180    0    0     0     0 26921 175493 14  7 78  0  0  0
54  0 931436 1008356 117548 3423788    0    0     0   108 27151 174179 13  8 79  0  0  0
 7  0 931436 1009712 117548 3423780    0    0     0     4 26474 173946 13  8 79  0  0  0
54  0 931436 1007924 117548 3423624    0    0     8     0 25551 173582 14  7 79  0  0  0
54  0 931436 1007804 117548 3423808    0    0     0    48 26767 175771 13  8 79  0  0  0
53  0 931436 1006272 117548 3424340    0    0     0    52 28374 174783 15  7 78  0  0  0
51  0 931436 1007036 117556 3424052    0    0     0   104 27586 176846 13  7 79  0  0  0
65  0 931436 1005948 117564 3424020    0    0     0    16 26376 173798 14  7 79  0  0  0
 2  0 931436 1019104 117564 3423916    0    0     0     0 26910 158510 31  7 62  0  0  0
52  0 931436 1026784 117564 3424088    0    0     0     0 27070 173774 13  8 79  0  0  0
procs -----------memory---------- ---swap-- -----io---- -system-- -------cpu-------
 r  b   swpd   free   buff  cache   si   so    bi    bo   in   cs us sy id wa st gu
56  0 931436 1024288 117580 3424108    0    0     0   104 28103 175772 14  7 79  0  0  0
53  0 931436 1023600 117580 3424104    0    0     0     0 28613 176411 14  8 79  0  0  0
54  0 931436 1022264 117588 3424128    0    0     0    24 27835 176505 14  8 78  0  0  0
52  0 931436 1023128 117588 3424128    0    0     0     0 26698 173866 14  7 79  0  0  0
54  0 931436 1020420 117588 3423968    0    0     0     0 28734 176299 14  8 79  0  0  0
53  0 931436 1025704 117596 3424044    0    0     0    20 28270 175758 14  8 79  0  0  0
52  0 931436 1027044 117596 3424172    0    0     0     0 27222 177689 13  8 79  0  0  0
52  0 931436 1031172 117596 3424168    0    0     0     0 27065 176860 13  8 79  0  0  0
51  0 931436 1034880 117604 3424168    0    0     0    16 28525 176502 13  7 79  0  0  0
52  0 931436 1031200 117604 3424164    0    0     0     0 27024 174705 14  7 79  0  0  0
54  0 931436 1032624 117612 3424172    0    0     0    20 26702 173642 14  8 79  0  0  0
53  0 931436 1033828 117612 3424176    0    0     0    16 27052 174811 13  8 79  0  0  0
53  0 931436 1034660 117612 3424372    0    0     0     0 25728 172399 13  8 79  0  0  0
51  0 931436 1039224 117620 3424372    0    0     0    20 27447 174979 14  7 79  0  0  0
52  0 931436 1038028 117636 3424372    0    0     0    96 27107 177351 13  7 79  0  0  0
52  0 931436 1037688 117636 3424232    0    0     0   112 26203 173737 13  7 79  0  0  0
51  0 931436 1035328 117636 3424296    0    0     0     8 27149 172083 14  7 79  0  0  0
52  0 931436 1039220 117636 3424244    0    0     0   580 28178 174756 13  8 79  0  0  0
54  0 931436 1039248 117636 3424248    0    0     0    48 28466 178168 13  8 79  0  0  0
53  0 931436 1038872 117656 3424248    0    0     0    76 26355 173175 13  7 79  0  0  0
 4  0 931436 1044528 117656 3424392    0    0     0     0 26920 176017 14  8 78  0  0  0
procs -----------memory---------- ---swap-- -----io---- -system-- -------cpu-------
 r  b   swpd   free   buff  cache   si   so    bi    bo   in   cs us sy id wa st gu
56  0 931436 1042880 117656 3424392    0    0     0     0 26877 174771 13  8 79  0  0  0
52  0 931436 1041844 117656 3424908    0    0     0     0 26288 173997 13  8 79  0  0  0
58  0 931436 1042000 117672 3424308    0    0     0   132 27965 176148 13  8 79  0  0  0
52  0 931436 1038776 117680 3424324    0    0     0   116 27445 175920 13  8 79  0  0  0
55  0 931436 998932 117680 3424444    0    0     0    12 26010 172229 13  8 79  0  0  0
53  0 931436 968756 117680 3424676    0    0     0     0 26456 173311 13  8 78  0  0  0
53  0 931436 986928 117696 3424692    0    0    16   104 25298 172619 13  7 79  0  0  0
55  0 931436 988848 117696 3424480    0    0     0     0 28759 179597 13  7 79  0  0  0
55  0 931436 991756 117696 3424488    0    0     0     0 25552 173711 13  8 79  0  0  0
54  0 931436 991936 117704 3424496    0    0     0   148 28921 177322 13  8 79  0  0  0
43  0 931436 988916 117704 3424752    0    0     0     0 28766 176593 13  7 79  0  0  0
53  0 931436 988924 117712 3424780    0    0     0    24 26652 175392 14  7 79  0  0  0
54  0 931436 988684 117712 3424780    0    0     0     0 26748 173799 13  8 79  0  0  0
54  0 931436 989648 117712 3424784    0    0     0     0 28099 175884 13  8 79  0  0  0
51  0 931436 986072 117712 3424632    0    0     0     0 24035 171467 14  7 79  0  0  0
51  0 931436 988312 117736 3424824    0    0     0   100 27830 175279 14  7 79  0  0  0
52  0 931436 988336 117736 3424824    0    0     0     0 27958 178300 13  7 80  0  0  0
53  0 931436 984508 117736 3424816    0    0     0     0 28290 178399 13  8 78  0  0  0
54  0 931436 985496 117736 3424840    0    0     0     0 27782 175576 13  8 79  0  0  0
52  0 931436 984492 117752 3424936    0    0     0    96 25424 172816 14  7 79  0  0  0
 6  0 931436 983472 117760 3424936    0    0     0    20 27716 174780 14  7 79  0  0  0
procs -----------memory---------- ---swap-- -----io---- -system-- -------cpu-------
 r  b   swpd   free   buff  cache   si   so    bi    bo   in   cs us sy id wa st gu
53  0 931436 983292 117760 3424824    0    0     0     0 26220 175190 14  8 78  0  0  0
52  0 931436 983804 117760 3424856    0    0     0     0 23121 170183 13  7 79  0  0  0
52  0 931436 982836 117760 3425000    0    0     0    16 26701 174088 14  7 79  0  0  0
54  0 931436 984968 117768 3425024    0    0     0    20 27948 176926 14  7 79  0  0  0
52  0 931436 983476 117768 3425852    0    0     0     0 26830 176681 14  7 79  0  0  0
52  0 931436 978856 117776 3425396    0    0     0    28 26445 173976 13  7 80  0  0  0
52  0 931436 981932 117776 3425272    0    0     0   684 25609 172807 13  7 79  0  0  0
50  0 931436 980852 117776 3425272    0    0     0    44 27220 174346 13  7 80  0  0  0
52  0 931436 979444 117788 3425272    0    0     0    84 26781 174291 14  7 79  0  0  0
51  0 931436 978528 117788 3425276    0    0     0    96 28304 177514 13  8 79  0  0  0
53  0 931436 980064 117796 3424960    0    0     0    20 25332 172729 13  8 79  0  0  0
53  0 931436 977692 117812 3424952    0    0     8   104 27839 175691 13  7 79  0  0  0
51  0 931436 977284 117812 3425160    0    0     0     4 25373 173499 13  8 79  0  0  0
52  0 931436 976896 117812 3425184    0    0     0     0 27337 174201 14  8 78  0  0  0
52  0 931436 978304 117812 3425212    0    0     0     0 27993 177181 14  7 79  0  0  0
52  0 931436 976580 117812 3425304    0    0     0     0 28198 177011 14  7 79  0  0  0
51  0 931436 974616 117828 3425300    0    0     0    40 27590 175122 13  8 79  0  0  0
53  0 931436 977364 117828 3425196    0    0     0     8 27637 173999 13  8 79  0  0  0
52  0 931436 977000 117828 3425364    0    0     0     0 27901 176891 13  8 79  0  0  0
50  0 931436 982156 117828 3425388    0    0     0     0 26886 175547 13  7 79  0  0  0
52  0 931436 981308 117828 3425392    0    0     0     0 27615 176765 13  8 79  0  0  0
procs -----------memory---------- ---swap-- -----io---- -system-- -------cpu-------
 r  b   swpd   free   buff  cache   si   so    bi    bo   in   cs us sy id wa st gu
51  0 931436 981336 117844 3425228    0    0     0    48 28228 175598 13  8 79  0  0  0
19  0 931436 981080 117844 3425244    0    0     0     0 28337 175383 13  8 79  0  0  0
52  0 931436 981524 117844 3425308    0    0     0     0 27167 175190 13  8 79  0  0  0
50  0 931436 986752 117844 3425300    0    0     0    96 27080 174034 13  7 79  0  0  0
50  0 931436 984812 117860 3425072    0    0     0    96 26577 174818 13  8 79  0  0  0
25  0 931436 981212 117868 3425308    0    0     0    20 26750 174361 14  8 78  0  0  0
51  0 931436 979136 117868 3425320    0    0     0     0 27489 176283 14  7 79  0  0  0
 2  0 931436 1040200 117868 3424940    0    0     0     0 19014 115776 12  6 83  0  0  0
