Linux 6.12.33+kali-amd64 (two94) 	23/11/25 	_x86_64_	(12 CPU)

03:08:54 PM IST       DEV       tps     rkB/s     wkB/s     dkB/s   areq-sz    aqu-sz     await     %util
03:08:55 PM IST   nvme0n1      0.00      0.00      0.00      0.00      0.00      0.00      0.00      0.00
03:08:55 PM IST       sda    181.00      0.00   2940.00      0.00     16.24      0.10      0.36      6.40

03:08:55 PM IST       DEV       tps     rkB/s     wkB/s     dkB/s   areq-sz    aqu-sz     await     %util
03:08:56 PM IST   nvme0n1      0.00      0.00      0.00      0.00      0.00      0.00      0.00      0.00
03:08:56 PM IST       sda     38.00      0.00    196.00      0.00      5.16      0.01      0.34      0.80

03:08:56 PM IST       DEV       tps     rkB/s     wkB/s     dkB/s   areq-sz    aqu-sz     await     %util
03:08:57 PM IST   nvme0n1      0.00      0.00      0.00      0.00      0.00      0.00      0.00      0.00
03:08:57 PM IST       sda      2.00      0.00     20.00      0.00     10.00      0.00      1.50      0.00

03:08:57 PM IST       DEV       tps     rkB/s     wkB/s     dkB/s   areq-sz    aqu-sz     await     %util
03:08:58 PM IST   nvme0n1      0.00      0.00      0.00      0.00      0.00      0.00      0.00      0.00
03:08:58 PM IST       sda      2.00      0.00    100.00      0.00     50.00      0.00      0.50      0.00

03:08:58 PM IST       DEV       tps     rkB/s     wkB/s     dkB/s   areq-sz    aqu-sz     await     %util
03:08:59 PM IST   nvme0n1      0.00      0.00      0.00      0.00      0.00      0.00      0.00      0.00
03:08:59 PM IST       sda      0.00      0.00      0.00      0.00      0.00      0.00      0.00      0.00

03:08:59 PM IST       DEV       tps     rkB/s     wkB/s     dkB/s   areq-sz    aqu-sz     await     %util
03:09:00 PM IST   nvme0n1      0.00      0.00      0.00      0.00      0.00      0.00      0.00      0.00
03:09:00 PM IST       sda      2.00      8.00      0.00      0.00      4.00      0.00      0.50      0.00

03:09:00 PM IST       DEV       tps     rkB/s     wkB/s     dkB/s   areq-sz    aqu-sz     await     %util
03:09:01 PM IST   nvme0n1      0.00      0.00      0.00      0.00      0.00      0.00      0.00      0.00
03:09:01 PM IST       sda      0.00      0.00      0.00      0.00      0.00      0.00      0.00      0.00

03:09:01 PM IST       DEV       tps     rkB/s     wkB/s     dkB/s   areq-sz    aqu-sz     await     %util
03:09:02 PM IST   nvme0n1      0.00      0.00      0.00      0.00      0.00      0.00      0.00      0.00
03:09:02 PM IST       sda      0.00      0.00      0.00      0.00      0.00      0.00      0.00      0.00

03:09:02 PM IST       DEV       tps     rkB/s     wkB/s     dkB/s   areq-sz    aqu-sz     await     %util
03:09:03 PM IST   nvme0n1      0.00      0.00      0.00      0.00      0.00      0.00      0.00      0.00
03:09:03 PM IST       sda      2.00      0.00     24.00      0.00     12.00      0.00      0.50      0.00

03:09:03 PM IST       DEV       tps     rkB/s     wkB/s     dkB/s   areq-sz    aqu-sz     await     %util
03:09:04 PM IST   nvme0n1      0.00      0.00      0.00      0.00      0.00      0.00      0.00      0.00
03:09:04 PM IST       sda     12.00      0.00    104.00      0.00      8.67      0.01      0.33      0.40

03:09:04 PM IST       DEV       tps     rkB/s     wkB/s     dkB/s   areq-sz    aqu-sz     await     %util
03:09:05 PM IST   nvme0n1      0.00      0.00      0.00      0.00      0.00      0.00      0.00      0.00
03:09:05 PM IST       sda      0.00      0.00      0.00      0.00      0.00      0.00      0.00      0.00

03:09:05 PM IST       DEV       tps     rkB/s     wkB/s     dkB/s   areq-sz    aqu-sz     await     %util
03:09:06 PM IST   nvme0n1      0.00      0.00      0.00      0.00      0.00      0.00      0.00      0.00
03:09:06 PM IST       sda      7.00      0.00    104.00      0.00     14.86      0.00      0.29      0.00

03:09:06 PM IST       DEV       tps     rkB/s     wkB/s     dkB/s   areq-sz    aqu-sz     await     %util
03:09:07 PM IST   nvme0n1      0.00      0.00      0.00      0.00      0.00      0.00      0.00      0.00
03:09:07 PM IST       sda      3.00     24.00     60.00      0.00     28.00      0.02      6.00      1.60

03:09:07 PM IST       DEV       tps     rkB/s     wkB/s     dkB/s   areq-sz    aqu-sz     await     %util
03:09:08 PM IST   nvme0n1      0.00      0.00      0.00      0.00      0.00      0.00      0.00      0.00
03:09:08 PM IST       sda      1.00      0.00      4.00      0.00      4.00      0.00      0.00      0.00

03:09:08 PM IST       DEV       tps     rkB/s     wkB/s     dkB/s   areq-sz    aqu-sz     await     %util
03:09:09 PM IST   nvme0n1      0.00      0.00      0.00      0.00      0.00      0.00      0.00      0.00
03:09:09 PM IST       sda      1.00      0.00      4.00      0.00      4.00      0.00      0.00      0.00

03:09:09 PM IST       DEV       tps     rkB/s     wkB/s     dkB/s   areq-sz    aqu-sz     await     %util
03:09:10 PM IST   nvme0n1      0.00      0.00      0.00      0.00      0.00      0.00      0.00      0.00
03:09:10 PM IST       sda      0.00      0.00      0.00      0.00      0.00      0.00      0.00      0.00

03:09:10 PM IST       DEV       tps     rkB/s     wkB/s     dkB/s   areq-sz    aqu-sz     await     %util
03:09:11 PM IST   nvme0n1      0.00      0.00      0.00      0.00      0.00      0.00      0.00      0.00
03:09:11 PM IST       sda      0.00      0.00      0.00      0.00      0.00      0.00      0.00      0.00

03:09:11 PM IST       DEV       tps     rkB/s     wkB/s     dkB/s   areq-sz    aqu-sz     await     %util
03:09:12 PM IST   nvme0n1      0.00      0.00      0.00      0.00      0.00      0.00      0.00      0.00
03:09:12 PM IST       sda      2.00      0.00     20.00      0.00     10.00      0.00      1.00      0.00

03:09:12 PM IST       DEV       tps     rkB/s     wkB/s     dkB/s   areq-sz    aqu-sz     await     %util
03:09:13 PM IST   nvme0n1      0.00      0.00      0.00      0.00      0.00      0.00      0.00      0.00
03:09:13 PM IST       sda     40.00      0.00    168.00      0.00      4.20      0.11      2.77      2.00

03:09:13 PM IST       DEV       tps     rkB/s     wkB/s     dkB/s   areq-sz    aqu-sz     await     %util
03:09:14 PM IST   nvme0n1      0.00      0.00      0.00      0.00      0.00      0.00      0.00      0.00
03:09:14 PM IST       sda      0.00      0.00      0.00      0.00      0.00      0.00      0.00      0.00

03:09:14 PM IST       DEV       tps     rkB/s     wkB/s     dkB/s   areq-sz    aqu-sz     await     %util
03:09:15 PM IST   nvme0n1      0.00      0.00      0.00      0.00      0.00      0.00      0.00      0.00
03:09:15 PM IST       sda      0.00      0.00      0.00      0.00      0.00      0.00      0.00      0.00

03:09:15 PM IST       DEV       tps     rkB/s     wkB/s     dkB/s   areq-sz    aqu-sz     await     %util
03:09:16 PM IST   nvme0n1      0.00      0.00      0.00      0.00      0.00      0.00      0.00      0.00
03:09:16 PM IST       sda      0.00      0.00      0.00      0.00      0.00      0.00      0.00      0.00

03:09:16 PM IST       DEV       tps     rkB/s     wkB/s     dkB/s   areq-sz    aqu-sz     await     %util
03:09:17 PM IST   nvme0n1      0.00      0.00      0.00      0.00      0.00      0.00      0.00      0.00
03:09:17 PM IST       sda      5.00      0.00     72.00      0.00     14.40      0.02      3.00      1.20

03:09:17 PM IST       DEV       tps     rkB/s     wkB/s     dkB/s   areq-sz    aqu-sz     await     %util
03:09:18 PM IST   nvme0n1      0.00      0.00      0.00      0.00      0.00      0.00      0.00      0.00
03:09:18 PM IST       sda      0.00      0.00      0.00      0.00      0.00      0.00      0.00      0.00

03:09:18 PM IST       DEV       tps     rkB/s     wkB/s     dkB/s   areq-sz    aqu-sz     await     %util
03:09:19 PM IST   nvme0n1      0.00      0.00      0.00      0.00      0.00      0.00      0.00      0.00
03:09:19 PM IST       sda      5.00      0.00    120.00      0.00     24.00      0.00      0.60      0.40

03:09:19 PM IST       DEV       tps     rkB/s     wkB/s     dkB/s   areq-sz    aqu-sz     await     %util
03:09:20 PM IST   nvme0n1      0.00      0.00      0.00      0.00      0.00      0.00      0.00      0.00
03:09:20 PM IST       sda      3.00      0.00     44.00      0.00     14.67      0.00      0.33      0.40

03:09:20 PM IST       DEV       tps     rkB/s     wkB/s     dkB/s   areq-sz    aqu-sz     await     %util
03:09:21 PM IST   nvme0n1      0.00      0.00      0.00      0.00      0.00      0.00      0.00      0.00
03:09:21 PM IST       sda      0.00      0.00      0.00      0.00      0.00      0.00      0.00      0.00

03:09:21 PM IST       DEV       tps     rkB/s     wkB/s     dkB/s   areq-sz    aqu-sz     await     %util
03:09:22 PM IST   nvme0n1      0.00      0.00      0.00      0.00      0.00      0.00      0.00      0.00
03:09:22 PM IST       sda      1.00      0.00      4.00      0.00      4.00      0.00      1.00      0.00

03:09:22 PM IST       DEV       tps     rkB/s     wkB/s     dkB/s   areq-sz    aqu-sz     await     %util
03:09:23 PM IST   nvme0n1      0.00      0.00      0.00      0.00      0.00      0.00      0.00      0.00
03:09:23 PM IST       sda      1.00      0.00      4.00      0.00      4.00      0.00      0.00      0.40

03:09:23 PM IST       DEV       tps     rkB/s     wkB/s     dkB/s   areq-sz    aqu-sz     await     %util
03:09:24 PM IST   nvme0n1      0.00      0.00      0.00      0.00      0.00      0.00      0.00      0.00
03:09:24 PM IST       sda      2.00      0.00     16.00      0.00      8.00      0.00      0.50      0.00

03:09:24 PM IST       DEV       tps     rkB/s     wkB/s     dkB/s   areq-sz    aqu-sz     await     %util
03:09:25 PM IST   nvme0n1      0.00      0.00      0.00      0.00      0.00      0.00      0.00      0.00
03:09:25 PM IST       sda      0.00      0.00      0.00      0.00      0.00      0.00      0.00      0.00

03:09:25 PM IST       DEV       tps     rkB/s     wkB/s     dkB/s   areq-sz    aqu-sz     await     %util
03:09:26 PM IST   nvme0n1      0.00      0.00      0.00      0.00      0.00      0.00      0.00      0.00
03:09:26 PM IST       sda      2.00      0.00     80.00      0.00     40.00      0.00      1.00      0.00

03:09:26 PM IST       DEV       tps     rkB/s     wkB/s     dkB/s   areq-sz    aqu-sz     await     %util
03:09:27 PM IST   nvme0n1      0.00      0.00      0.00      0.00      0.00      0.00      0.00      0.00
03:09:27 PM IST       sda     24.75      0.00    170.30      0.00      6.88      0.00      0.16      0.00

03:09:27 PM IST       DEV       tps     rkB/s     wkB/s     dkB/s   areq-sz    aqu-sz     await     %util
03:09:28 PM IST   nvme0n1      0.00      0.00      0.00      0.00      0.00      0.00      0.00      0.00
03:09:28 PM IST       sda     33.00      0.00    136.00      0.00      4.12      0.01      0.15      0.00

03:09:28 PM IST       DEV       tps     rkB/s     wkB/s     dkB/s   areq-sz    aqu-sz     await     %util
03:09:29 PM IST   nvme0n1      0.00      0.00      0.00      0.00      0.00      0.00      0.00      0.00
03:09:29 PM IST       sda      1.00      0.00      4.00      0.00      4.00      0.00      1.00      0.00

03:09:29 PM IST       DEV       tps     rkB/s     wkB/s     dkB/s   areq-sz    aqu-sz     await     %util
03:09:30 PM IST   nvme0n1      0.00      0.00      0.00      0.00      0.00      0.00      0.00      0.00
03:09:30 PM IST       sda      0.00      0.00      0.00      0.00      0.00      0.00      0.00      0.00

03:09:30 PM IST       DEV       tps     rkB/s     wkB/s     dkB/s   areq-sz    aqu-sz     await     %util
03:09:31 PM IST   nvme0n1      0.00      0.00      0.00      0.00      0.00      0.00      0.00      0.00
03:09:31 PM IST       sda      2.00      0.00     56.00      0.00     28.00      0.00      0.50      0.40

03:09:31 PM IST       DEV       tps     rkB/s     wkB/s     dkB/s   areq-sz    aqu-sz     await     %util
03:09:32 PM IST   nvme0n1      0.00      0.00      0.00      0.00      0.00      0.00      0.00      0.00
03:09:32 PM IST       sda      5.00      0.00     96.00      0.00     19.20      0.01      0.60      0.00

03:09:32 PM IST       DEV       tps     rkB/s     wkB/s     dkB/s   areq-sz    aqu-sz     await     %util
03:09:33 PM IST   nvme0n1      0.00      0.00      0.00      0.00      0.00      0.00      0.00      0.00
03:09:33 PM IST       sda      0.00      0.00      0.00      0.00      0.00      0.00      0.00      0.00

03:09:33 PM IST       DEV       tps     rkB/s     wkB/s     dkB/s   areq-sz    aqu-sz     await     %util
03:09:34 PM IST   nvme0n1      0.00      0.00      0.00      0.00      0.00      0.00      0.00      0.00
03:09:34 PM IST       sda     77.00      8.00    340.00      0.00      4.52      0.01      0.12      0.40

03:09:34 PM IST       DEV       tps     rkB/s     wkB/s     dkB/s   areq-sz    aqu-sz     await     %util
03:09:35 PM IST   nvme0n1      0.00      0.00      0.00      0.00      0.00      0.00      0.00      0.00
03:09:35 PM IST       sda      0.00      0.00      0.00      0.00      0.00      0.00      0.00      0.00

03:09:35 PM IST       DEV       tps     rkB/s     wkB/s     dkB/s   areq-sz    aqu-sz     await     %util
03:09:36 PM IST   nvme0n1      0.00      0.00      0.00      0.00      0.00      0.00      0.00      0.00
03:09:36 PM IST       sda      0.00      0.00      0.00      0.00      0.00      0.00      0.00      0.00

03:09:36 PM IST       DEV       tps     rkB/s     wkB/s     dkB/s   areq-sz    aqu-sz     await     %util
03:09:37 PM IST   nvme0n1      0.00      0.00      0.00      0.00      0.00      0.00      0.00      0.00
03:09:37 PM IST       sda      2.00      0.00     16.00      0.00      8.00      0.00      1.00      0.00

03:09:37 PM IST       DEV       tps     rkB/s     wkB/s     dkB/s   areq-sz    aqu-sz     await     %util
03:09:38 PM IST   nvme0n1      0.00      0.00      0.00      0.00      0.00      0.00      0.00      0.00
03:09:38 PM IST       sda      2.00      0.00     28.00      0.00     14.00      0.00      0.50      0.40

03:09:38 PM IST       DEV       tps     rkB/s     wkB/s     dkB/s   areq-sz    aqu-sz     await     %util
03:09:39 PM IST   nvme0n1      0.00      0.00      0.00      0.00      0.00      0.00      0.00      0.00
03:09:39 PM IST       sda      1.00      0.00      8.00      0.00      8.00      0.00      1.00      0.00

03:09:39 PM IST       DEV       tps     rkB/s     wkB/s     dkB/s   areq-sz    aqu-sz     await     %util
03:09:40 PM IST   nvme0n1      0.00      0.00      0.00      0.00      0.00      0.00      0.00      0.00
03:09:40 PM IST       sda      0.00      0.00      0.00      0.00      0.00      0.00      0.00      0.00

03:09:40 PM IST       DEV       tps     rkB/s     wkB/s     dkB/s   areq-sz    aqu-sz     await     %util
03:09:41 PM IST   nvme0n1      0.00      0.00      0.00      0.00      0.00      0.00      0.00      0.00
03:09:41 PM IST       sda      0.00      0.00      0.00      0.00      0.00      0.00      0.00      0.00

03:09:41 PM IST       DEV       tps     rkB/s     wkB/s     dkB/s   areq-sz    aqu-sz     await     %util
03:09:42 PM IST   nvme0n1      0.00      0.00      0.00      0.00      0.00      0.00      0.00      0.00
03:09:42 PM IST       sda      2.00      0.00     20.00      0.00     10.00      0.00      0.50      0.00

03:09:42 PM IST       DEV       tps     rkB/s     wkB/s     dkB/s   areq-sz    aqu-sz     await     %util
03:09:43 PM IST   nvme0n1      0.00      0.00      0.00      0.00      0.00      0.00      0.00      0.00
03:09:43 PM IST       sda      2.00      0.00     36.00      0.00     18.00      0.00      0.50      0.40

03:09:43 PM IST       DEV       tps     rkB/s     wkB/s     dkB/s   areq-sz    aqu-sz     await     %util
03:09:44 PM IST   nvme0n1      0.00      0.00      0.00      0.00      0.00      0.00      0.00      0.00
03:09:44 PM IST       sda      0.00      0.00      0.00      0.00      0.00      0.00      0.00      0.00

03:09:44 PM IST       DEV       tps     rkB/s     wkB/s     dkB/s   areq-sz    aqu-sz     await     %util
03:09:45 PM IST   nvme0n1      0.00      0.00      0.00      0.00      0.00      0.00      0.00      0.00
03:09:45 PM IST       sda      0.00      0.00      0.00      0.00      0.00      0.00      0.00      0.00

03:09:45 PM IST       DEV       tps     rkB/s     wkB/s     dkB/s   areq-sz    aqu-sz     await     %util
03:09:46 PM IST   nvme0n1      0.00      0.00      0.00      0.00      0.00      0.00      0.00      0.00
03:09:46 PM IST       sda      5.00      0.00     96.00      0.00     19.20      0.00      0.60      0.00

03:09:46 PM IST       DEV       tps     rkB/s     wkB/s     dkB/s   areq-sz    aqu-sz     await     %util
03:09:47 PM IST   nvme0n1      0.00      0.00      0.00      0.00      0.00      0.00      0.00      0.00
03:09:47 PM IST       sda      0.00      0.00      0.00      0.00      0.00      0.00      0.00      0.00

03:09:47 PM IST       DEV       tps     rkB/s     wkB/s     dkB/s   areq-sz    aqu-sz     await     %util
03:09:48 PM IST   nvme0n1      0.00      0.00      0.00      0.00      0.00      0.00      0.00      0.00
03:09:48 PM IST       sda      0.00      0.00      0.00      0.00      0.00      0.00      0.00      0.00

03:09:48 PM IST       DEV       tps     rkB/s     wkB/s     dkB/s   areq-sz    aqu-sz     await     %util
03:09:49 PM IST   nvme0n1      0.00      0.00      0.00      0.00      0.00      0.00      0.00      0.00
03:09:49 PM IST       sda     43.00      0.00    188.00      0.00      4.37      0.01      0.14      0.00

03:09:49 PM IST       DEV       tps     rkB/s     wkB/s     dkB/s   areq-sz    aqu-sz     await     %util
03:09:50 PM IST   nvme0n1      0.00      0.00      0.00      0.00      0.00      0.00      0.00      0.00
03:09:50 PM IST       sda      0.00      0.00      0.00      0.00      0.00      0.00      0.00      0.00

03:09:50 PM IST       DEV       tps     rkB/s     wkB/s     dkB/s   areq-sz    aqu-sz     await     %util
03:09:51 PM IST   nvme0n1      0.00      0.00      0.00      0.00      0.00      0.00      0.00      0.00
03:09:51 PM IST       sda      2.00      0.00     20.00      0.00     10.00      0.00      1.00      0.00

03:09:51 PM IST       DEV       tps     rkB/s     wkB/s     dkB/s   areq-sz    aqu-sz     await     %util
03:09:52 PM IST   nvme0n1      0.00      0.00      0.00      0.00      0.00      0.00      0.00      0.00
03:09:52 PM IST       sda      1.00      0.00      8.00      0.00      8.00      0.00      0.00      0.00

03:09:52 PM IST       DEV       tps     rkB/s     wkB/s     dkB/s   areq-sz    aqu-sz     await     %util
03:09:53 PM IST   nvme0n1      0.00      0.00      0.00      0.00      0.00      0.00      0.00      0.00
03:09:53 PM IST       sda      0.00      0.00      0.00      0.00      0.00      0.00      0.00      0.00

03:09:53 PM IST       DEV       tps     rkB/s     wkB/s     dkB/s   areq-sz    aqu-sz     await     %util
03:09:54 PM IST   nvme0n1      0.00      0.00      0.00      0.00      0.00      0.00      0.00      0.00
03:09:54 PM IST       sda      0.00      0.00      0.00      0.00      0.00      0.00      0.00      0.00

03:09:54 PM IST       DEV       tps     rkB/s     wkB/s     dkB/s   areq-sz    aqu-sz     await     %util
03:09:55 PM IST   nvme0n1      0.00      0.00      0.00      0.00      0.00      0.00      0.00      0.00
03:09:55 PM IST       sda      0.00      0.00      0.00      0.00      0.00      0.00      0.00      0.00

03:09:55 PM IST       DEV       tps     rkB/s     wkB/s     dkB/s   areq-sz    aqu-sz     await     %util
03:09:56 PM IST   nvme0n1      0.00      0.00      0.00      0.00      0.00      0.00      0.00      0.00
03:09:56 PM IST       sda      0.00      0.00      0.00      0.00      0.00      0.00      0.00      0.00

03:09:56 PM IST       DEV       tps     rkB/s     wkB/s     dkB/s   areq-sz    aqu-sz     await     %util
03:09:57 PM IST   nvme0n1      0.00      0.00      0.00      0.00      0.00      0.00      0.00      0.00
03:09:57 PM IST       sda      2.00      0.00     32.00      0.00     16.00      0.02      9.50      1.60

03:09:57 PM IST       DEV       tps     rkB/s     wkB/s     dkB/s   areq-sz    aqu-sz     await     %util
03:09:58 PM IST   nvme0n1      0.00      0.00      0.00      0.00      0.00      0.00      0.00      0.00
03:09:58 PM IST       sda     14.00      0.00     64.00      0.00      4.57      0.01      0.43      0.00

03:09:58 PM IST       DEV       tps     rkB/s     wkB/s     dkB/s   areq-sz    aqu-sz     await     %util
03:09:59 PM IST   nvme0n1      0.00      0.00      0.00      0.00      0.00      0.00      0.00      0.00
03:09:59 PM IST       sda      5.00      0.00    100.00      0.00     20.00      0.00      0.40      0.40

03:09:59 PM IST       DEV       tps     rkB/s     wkB/s     dkB/s   areq-sz    aqu-sz     await     %util
03:10:00 PM IST   nvme0n1      0.00      0.00      0.00      0.00      0.00      0.00      0.00      0.00
03:10:00 PM IST       sda      0.00      0.00      0.00      0.00      0.00      0.00      0.00      0.00

03:10:00 PM IST       DEV       tps     rkB/s     wkB/s     dkB/s   areq-sz    aqu-sz     await     %util
03:10:01 PM IST   nvme0n1      0.00      0.00      0.00      0.00      0.00      0.00      0.00      0.00
03:10:01 PM IST       sda      0.00      0.00      0.00      0.00      0.00      0.00      0.00      0.00

03:10:01 PM IST       DEV       tps     rkB/s     wkB/s     dkB/s   areq-sz    aqu-sz     await     %util
03:10:02 PM IST   nvme0n1      0.00      0.00      0.00      0.00      0.00      0.00      0.00      0.00
03:10:02 PM IST       sda      7.00      0.00     88.00      0.00     12.57      0.01      0.71      0.00

03:10:02 PM IST       DEV       tps     rkB/s     wkB/s     dkB/s   areq-sz    aqu-sz     await     %util
03:10:03 PM IST   nvme0n1      0.00      0.00      0.00      0.00      0.00      0.00      0.00      0.00
03:10:03 PM IST       sda      0.00      0.00      0.00      0.00      0.00      0.00      0.00      0.00

03:10:03 PM IST       DEV       tps     rkB/s     wkB/s     dkB/s   areq-sz    aqu-sz     await     %util
03:10:04 PM IST   nvme0n1      0.00      0.00      0.00      0.00      0.00      0.00      0.00      0.00
03:10:04 PM IST       sda     27.00      0.00    212.00      0.00      7.85      0.02      0.48      0.00

03:10:04 PM IST       DEV       tps     rkB/s     wkB/s     dkB/s   areq-sz    aqu-sz     await     %util
03:10:05 PM IST   nvme0n1      0.00      0.00      0.00      0.00      0.00      0.00      0.00      0.00
03:10:05 PM IST       sda      0.00      0.00      0.00      0.00      0.00      0.00      0.00      0.00

03:10:05 PM IST       DEV       tps     rkB/s     wkB/s     dkB/s   areq-sz    aqu-sz     await     %util
03:10:06 PM IST   nvme0n1      0.00      0.00      0.00      0.00      0.00      0.00      0.00      0.00
03:10:06 PM IST       sda      0.00      0.00      0.00      0.00      0.00      0.00      0.00      0.00

03:10:06 PM IST       DEV       tps     rkB/s     wkB/s     dkB/s   areq-sz    aqu-sz     await     %util
03:10:07 PM IST   nvme0n1      0.00      0.00      0.00      0.00      0.00      0.00      0.00      0.00
03:10:07 PM IST       sda      3.00      0.00     12.00      0.00      4.00      0.00      1.00      0.00

03:10:07 PM IST       DEV       tps     rkB/s     wkB/s     dkB/s   areq-sz    aqu-sz     await     %util
03:10:08 PM IST   nvme0n1      0.00      0.00      0.00      0.00      0.00      0.00      0.00      0.00
03:10:08 PM IST       sda      0.00      0.00      0.00      0.00      0.00      0.00      0.00      0.00

03:10:08 PM IST       DEV       tps     rkB/s     wkB/s     dkB/s   areq-sz    aqu-sz     await     %util
03:10:09 PM IST   nvme0n1      0.00      0.00      0.00      0.00      0.00      0.00      0.00      0.00
03:10:09 PM IST       sda      1.00      0.00     12.00      0.00     12.00      0.00      0.00      0.00

03:10:09 PM IST       DEV       tps     rkB/s     wkB/s     dkB/s   areq-sz    aqu-sz     await     %util
03:10:10 PM IST   nvme0n1      0.00      0.00      0.00      0.00      0.00      0.00      0.00      0.00
03:10:10 PM IST       sda      3.00      0.00     32.00      0.00     10.67      0.00      0.33      0.00

03:10:10 PM IST       DEV       tps     rkB/s     wkB/s     dkB/s   areq-sz    aqu-sz     await     %util
03:10:11 PM IST   nvme0n1      0.00      0.00      0.00      0.00      0.00      0.00      0.00      0.00
03:10:11 PM IST       sda      2.00      8.00      0.00      0.00      4.00      0.00      1.00      0.00

03:10:11 PM IST       DEV       tps     rkB/s     wkB/s     dkB/s   areq-sz    aqu-sz     await     %util
03:10:12 PM IST   nvme0n1      0.00      0.00      0.00      0.00      0.00      0.00      0.00      0.00
03:10:12 PM IST       sda      5.00      0.00    108.00      0.00     21.60      0.01      0.60      0.40

03:10:12 PM IST       DEV       tps     rkB/s     wkB/s     dkB/s   areq-sz    aqu-sz     await     %util
03:10:13 PM IST   nvme0n1      0.00      0.00      0.00      0.00      0.00      0.00      0.00      0.00
03:10:13 PM IST       sda      0.00      0.00      0.00      0.00      0.00      0.00      0.00      0.00

03:10:13 PM IST       DEV       tps     rkB/s     wkB/s     dkB/s   areq-sz    aqu-sz     await     %util
03:10:14 PM IST   nvme0n1      0.00      0.00      0.00      0.00      0.00      0.00      0.00      0.00
03:10:14 PM IST       sda      0.00      0.00      0.00      0.00      0.00      0.00      0.00      0.00

03:10:14 PM IST       DEV       tps     rkB/s     wkB/s     dkB/s   areq-sz    aqu-sz     await     %util
03:10:15 PM IST   nvme0n1      0.00      0.00      0.00      0.00      0.00      0.00      0.00      0.00
03:10:15 PM IST       sda     26.00      0.00    108.00      0.00      4.15      0.01      0.31      0.00

03:10:15 PM IST       DEV       tps     rkB/s     wkB/s     dkB/s   areq-sz    aqu-sz     await     %util
03:10:16 PM IST   nvme0n1      0.00      0.00      0.00      0.00      0.00      0.00      0.00      0.00
03:10:16 PM IST       sda      0.00      0.00      0.00      0.00      0.00      0.00      0.00      0.00

03:10:16 PM IST       DEV       tps     rkB/s     wkB/s     dkB/s   areq-sz    aqu-sz     await     %util
03:10:17 PM IST   nvme0n1      0.00      0.00      0.00      0.00      0.00      0.00      0.00      0.00
03:10:17 PM IST       sda      2.00      0.00     20.00      0.00     10.00      0.00      0.50      0.00

03:10:17 PM IST       DEV       tps     rkB/s     wkB/s     dkB/s   areq-sz    aqu-sz     await     %util
03:10:18 PM IST   nvme0n1      0.00      0.00      0.00      0.00      0.00      0.00      0.00      0.00
03:10:18 PM IST       sda      2.00      0.00     24.00      0.00     12.00      0.00      0.50      0.40

03:10:18 PM IST       DEV       tps     rkB/s     wkB/s     dkB/s   areq-sz    aqu-sz     await     %util
03:10:19 PM IST   nvme0n1      0.00      0.00      0.00      0.00      0.00      0.00      0.00      0.00
03:10:19 PM IST       sda      0.00      0.00      0.00      0.00      0.00      0.00      0.00      0.00

03:10:19 PM IST       DEV       tps     rkB/s     wkB/s     dkB/s   areq-sz    aqu-sz     await     %util
03:10:20 PM IST   nvme0n1      0.00      0.00      0.00      0.00      0.00      0.00      0.00      0.00
03:10:20 PM IST       sda      0.00      0.00      0.00      0.00      0.00      0.00      0.00      0.00

03:10:20 PM IST       DEV       tps     rkB/s     wkB/s     dkB/s   areq-sz    aqu-sz     await     %util
03:10:21 PM IST   nvme0n1      0.00      0.00      0.00      0.00      0.00      0.00      0.00      0.00
03:10:21 PM IST       sda      0.00      0.00      0.00      0.00      0.00      0.00      0.00      0.00

03:10:21 PM IST       DEV       tps     rkB/s     wkB/s     dkB/s   areq-sz    aqu-sz     await     %util
03:10:22 PM IST   nvme0n1      0.00      0.00      0.00      0.00      0.00      0.00      0.00      0.00
03:10:22 PM IST       sda      0.00      0.00      0.00      0.00      0.00      0.00      0.00      0.00

03:10:22 PM IST       DEV       tps     rkB/s     wkB/s     dkB/s   areq-sz    aqu-sz     await     %util
03:10:23 PM IST   nvme0n1      0.00      0.00      0.00      0.00      0.00      0.00      0.00      0.00
03:10:23 PM IST       sda      6.00    112.00     28.00      0.00     23.33      0.02      2.67      1.20

03:10:23 PM IST       DEV       tps     rkB/s     wkB/s     dkB/s   areq-sz    aqu-sz     await     %util
03:10:24 PM IST   nvme0n1      0.00      0.00      0.00      0.00      0.00      0.00      0.00      0.00
03:10:24 PM IST       sda      0.00      0.00      0.00      0.00      0.00      0.00      0.00      0.00

03:10:24 PM IST       DEV       tps     rkB/s     wkB/s     dkB/s   areq-sz    aqu-sz     await     %util
03:10:25 PM IST   nvme0n1      0.00      0.00      0.00      0.00      0.00      0.00      0.00      0.00
03:10:25 PM IST       sda      2.00      0.00     16.00      0.00      8.00      0.00      1.00      0.00

03:10:25 PM IST       DEV       tps     rkB/s     wkB/s     dkB/s   areq-sz    aqu-sz     await     %util
03:10:26 PM IST   nvme0n1      0.00      0.00      0.00      0.00      0.00      0.00      0.00      0.00
03:10:26 PM IST       sda      5.00      0.00    108.00      0.00     21.60      0.00      0.20      0.40

03:10:26 PM IST       DEV       tps     rkB/s     wkB/s     dkB/s   areq-sz    aqu-sz     await     %util
03:10:27 PM IST   nvme0n1      0.00      0.00      0.00      0.00      0.00      0.00      0.00      0.00
03:10:27 PM IST       sda      0.00      0.00      0.00      0.00      0.00      0.00      0.00      0.00

03:10:27 PM IST       DEV       tps     rkB/s     wkB/s     dkB/s   areq-sz    aqu-sz     await     %util
03:10:28 PM IST   nvme0n1      0.00      0.00      0.00      0.00      0.00      0.00      0.00      0.00
03:10:28 PM IST       sda      0.00      0.00      0.00      0.00      0.00      0.00      0.00      0.00

03:10:28 PM IST       DEV       tps     rkB/s     wkB/s     dkB/s   areq-sz    aqu-sz     await     %util
03:10:29 PM IST   nvme0n1      0.00      0.00      0.00      0.00      0.00      0.00      0.00      0.00
03:10:29 PM IST       sda     15.00      0.00    100.00      0.00      6.67      0.01      0.53      0.00

03:10:29 PM IST       DEV       tps     rkB/s     wkB/s     dkB/s   areq-sz    aqu-sz     await     %util
03:10:30 PM IST   nvme0n1      0.00      0.00      0.00      0.00      0.00      0.00      0.00      0.00
03:10:30 PM IST       sda     41.00      0.00    172.00      0.00      4.20      0.01      0.10      0.00

03:10:30 PM IST       DEV       tps     rkB/s     wkB/s     dkB/s   areq-sz    aqu-sz     await     %util
03:10:31 PM IST   nvme0n1      0.00      0.00      0.00      0.00      0.00      0.00      0.00      0.00
03:10:31 PM IST       sda      4.00      0.00     40.00      0.00     10.00      0.00      0.50      0.00

03:10:31 PM IST       DEV       tps     rkB/s     wkB/s     dkB/s   areq-sz    aqu-sz     await     %util
03:10:32 PM IST   nvme0n1      0.00      0.00      0.00      0.00      0.00      0.00      0.00      0.00
03:10:32 PM IST       sda      0.00      0.00      0.00      0.00      0.00      0.00      0.00      0.00

03:10:32 PM IST       DEV       tps     rkB/s     wkB/s     dkB/s   areq-sz    aqu-sz     await     %util
03:10:33 PM IST   nvme0n1      0.00      0.00      0.00      0.00      0.00      0.00      0.00      0.00
03:10:33 PM IST       sda      9.00      0.00     84.00      0.00      9.33      0.01      0.67      0.00

03:10:33 PM IST       DEV       tps     rkB/s     wkB/s     dkB/s   areq-sz    aqu-sz     await     %util
03:10:34 PM IST   nvme0n1      0.00      0.00      0.00      0.00      0.00      0.00      0.00      0.00
03:10:34 PM IST       sda      0.00      0.00      0.00      0.00      0.00      0.00      0.00      0.00

03:10:34 PM IST       DEV       tps     rkB/s     wkB/s     dkB/s   areq-sz    aqu-sz     await     %util
03:10:35 PM IST   nvme0n1      0.00      0.00      0.00      0.00      0.00      0.00      0.00      0.00
03:10:35 PM IST       sda     16.00      8.00     56.00      0.00      4.00      0.02      1.31      1.20

03:10:35 PM IST       DEV       tps     rkB/s     wkB/s     dkB/s   areq-sz    aqu-sz     await     %util
03:10:36 PM IST   nvme0n1      0.00      0.00      0.00      0.00      0.00      0.00      0.00      0.00
03:10:36 PM IST       sda      2.00      0.00     64.00      0.00     32.00      0.00      0.50      0.00

03:10:36 PM IST       DEV       tps     rkB/s     wkB/s     dkB/s   areq-sz    aqu-sz     await     %util
03:10:37 PM IST   nvme0n1      0.00      0.00      0.00      0.00      0.00      0.00      0.00      0.00
03:10:37 PM IST       sda      0.00      0.00      0.00      0.00      0.00      0.00      0.00      0.00

03:10:37 PM IST       DEV       tps     rkB/s     wkB/s     dkB/s   areq-sz    aqu-sz     await     %util
03:10:38 PM IST   nvme0n1      0.00      0.00      0.00      0.00      0.00      0.00      0.00      0.00
03:10:38 PM IST       sda      0.00      0.00      0.00      0.00      0.00      0.00      0.00      0.00

03:10:38 PM IST       DEV       tps     rkB/s     wkB/s     dkB/s   areq-sz    aqu-sz     await     %util
03:10:39 PM IST   nvme0n1      0.00      0.00      0.00      0.00      0.00      0.00      0.00      0.00
03:10:39 PM IST       sda      5.00      0.00    104.00      0.00     20.80      0.01      0.80      0.00

03:10:39 PM IST       DEV       tps     rkB/s     wkB/s     dkB/s   areq-sz    aqu-sz     await     %util
03:10:40 PM IST   nvme0n1      0.00      0.00      0.00      0.00      0.00      0.00      0.00      0.00
03:10:40 PM IST       sda      0.00      0.00      0.00      0.00      0.00      0.00      0.00      0.00

03:10:40 PM IST       DEV       tps     rkB/s     wkB/s     dkB/s   areq-sz    aqu-sz     await     %util
03:10:41 PM IST   nvme0n1      0.00      0.00      0.00      0.00      0.00      0.00      0.00      0.00
03:10:41 PM IST       sda      0.00      0.00      0.00      0.00      0.00      0.00      0.00      0.00

03:10:41 PM IST       DEV       tps     rkB/s     wkB/s     dkB/s   areq-sz    aqu-sz     await     %util
03:10:42 PM IST   nvme0n1      0.00      0.00      0.00      0.00      0.00      0.00      0.00      0.00
03:10:42 PM IST       sda      1.00      0.00      8.00      0.00      8.00      0.02     17.00      1.60

03:10:42 PM IST       DEV       tps     rkB/s     wkB/s     dkB/s   areq-sz    aqu-sz     await     %util
03:10:43 PM IST   nvme0n1      0.00      0.00      0.00      0.00      0.00      0.00      0.00      0.00
03:10:43 PM IST       sda      0.00      0.00      0.00      0.00      0.00      0.00      0.00      0.00

03:10:43 PM IST       DEV       tps     rkB/s     wkB/s     dkB/s   areq-sz    aqu-sz     await     %util
03:10:44 PM IST   nvme0n1      0.00      0.00      0.00      0.00      0.00      0.00      0.00      0.00
03:10:44 PM IST       sda      2.00      0.00     16.00      0.00      8.00      0.00      1.00      0.00

03:10:44 PM IST       DEV       tps     rkB/s     wkB/s     dkB/s   areq-sz    aqu-sz     await     %util
03:10:45 PM IST   nvme0n1      0.00      0.00      0.00      0.00      0.00      0.00      0.00      0.00
03:10:45 PM IST       sda      2.00      0.00     32.00      0.00     16.00      0.00      0.50      0.00

03:10:45 PM IST       DEV       tps     rkB/s     wkB/s     dkB/s   areq-sz    aqu-sz     await     %util
03:10:46 PM IST   nvme0n1      0.00      0.00      0.00      0.00      0.00      0.00      0.00      0.00
03:10:46 PM IST       sda      0.00      0.00      0.00      0.00      0.00      0.00      0.00      0.00

03:10:46 PM IST       DEV       tps     rkB/s     wkB/s     dkB/s   areq-sz    aqu-sz     await     %util
03:10:47 PM IST   nvme0n1      0.00      0.00      0.00      0.00      0.00      0.00      0.00      0.00
03:10:47 PM IST       sda      3.00      0.00     12.00      0.00      4.00      0.00      0.67      0.00

03:10:47 PM IST       DEV       tps     rkB/s     wkB/s     dkB/s   areq-sz    aqu-sz     await     %util
03:10:48 PM IST   nvme0n1      0.00      0.00      0.00      0.00      0.00      0.00      0.00      0.00
03:10:48 PM IST       sda      0.00      0.00      0.00      0.00      0.00      0.00      0.00      0.00

03:10:48 PM IST       DEV       tps     rkB/s     wkB/s     dkB/s   areq-sz    aqu-sz     await     %util
03:10:49 PM IST   nvme0n1      0.00      0.00      0.00      0.00      0.00      0.00      0.00      0.00
03:10:49 PM IST       sda      0.00      0.00      0.00      0.00      0.00      0.00      0.00      0.00

03:10:49 PM IST       DEV       tps     rkB/s     wkB/s     dkB/s   areq-sz    aqu-sz     await     %util
03:10:50 PM IST   nvme0n1      0.00      0.00      0.00      0.00      0.00      0.00      0.00      0.00
03:10:50 PM IST       sda      2.00      0.00     20.00      0.00     10.00      0.00      1.00      0.00

03:10:50 PM IST       DEV       tps     rkB/s     wkB/s     dkB/s   areq-sz    aqu-sz     await     %util
03:10:51 PM IST   nvme0n1      0.00      0.00      0.00      0.00      0.00      0.00      0.00      0.00
03:10:51 PM IST       sda     25.00      0.00    104.00      0.00      4.16      0.00      0.08      0.00

03:10:51 PM IST       DEV       tps     rkB/s     wkB/s     dkB/s   areq-sz    aqu-sz     await     %util
03:10:52 PM IST   nvme0n1      0.00      0.00      0.00      0.00      0.00      0.00      0.00      0.00
03:10:52 PM IST       sda      5.00      0.00     96.00      0.00     19.20      0.00      0.60      0.40

03:10:52 PM IST       DEV       tps     rkB/s     wkB/s     dkB/s   areq-sz    aqu-sz     await     %util
03:10:53 PM IST   nvme0n1      0.00      0.00      0.00      0.00      0.00      0.00      0.00      0.00
03:10:53 PM IST       sda      2.00      0.00     20.00      0.00     10.00      0.00      0.50      0.00

03:10:53 PM IST       DEV       tps     rkB/s     wkB/s     dkB/s   areq-sz    aqu-sz     await     %util
03:10:54 PM IST   nvme0n1      0.00      0.00      0.00      0.00      0.00      0.00      0.00      0.00
03:10:54 PM IST       sda      1.00      0.00      8.00      0.00      8.00      0.00      0.00      0.00

03:10:54 PM IST       DEV       tps     rkB/s     wkB/s     dkB/s   areq-sz    aqu-sz     await     %util
03:10:55 PM IST   nvme0n1      0.00      0.00      0.00      0.00      0.00      0.00      0.00      0.00
03:10:55 PM IST       sda      0.00      0.00      0.00      0.00      0.00      0.00      0.00      0.00

03:10:55 PM IST       DEV       tps     rkB/s     wkB/s     dkB/s   areq-sz    aqu-sz     await     %util
03:10:56 PM IST   nvme0n1      0.00      0.00      0.00      0.00      0.00      0.00      0.00      0.00
03:10:56 PM IST       sda      0.00      0.00      0.00      0.00      0.00      0.00      0.00      0.00

03:10:56 PM IST       DEV       tps     rkB/s     wkB/s     dkB/s   areq-sz    aqu-sz     await     %util
03:10:57 PM IST   nvme0n1      0.00      0.00      0.00      0.00      0.00      0.00      0.00      0.00
03:10:57 PM IST       sda      0.00      0.00      0.00      0.00      0.00      0.00      0.00      0.00

03:10:57 PM IST       DEV       tps     rkB/s     wkB/s     dkB/s   areq-sz    aqu-sz     await     %util
03:10:58 PM IST   nvme0n1      0.00      0.00      0.00      0.00      0.00      0.00      0.00      0.00
03:10:58 PM IST       sda      2.00      0.00     44.00      0.00     22.00      0.00      1.00      0.40

03:10:58 PM IST       DEV       tps     rkB/s     wkB/s     dkB/s   areq-sz    aqu-sz     await     %util
03:10:59 PM IST   nvme0n1      0.00      0.00      0.00      0.00      0.00      0.00      0.00      0.00
03:10:59 PM IST       sda      0.00      0.00      0.00      0.00      0.00      0.00      0.00      0.00

03:10:59 PM IST       DEV       tps     rkB/s     wkB/s     dkB/s   areq-sz    aqu-sz     await     %util
03:11:00 PM IST   nvme0n1      0.00      0.00      0.00      0.00      0.00      0.00      0.00      0.00
03:11:00 PM IST       sda      0.00      0.00      0.00      0.00      0.00      0.00      0.00      0.00

03:11:00 PM IST       DEV       tps     rkB/s     wkB/s     dkB/s   areq-sz    aqu-sz     await     %util
03:11:01 PM IST   nvme0n1      0.00      0.00      0.00      0.00      0.00      0.00      0.00      0.00
03:11:01 PM IST       sda      0.00      0.00      0.00      0.00      0.00      0.00      0.00      0.00

03:11:01 PM IST       DEV       tps     rkB/s     wkB/s     dkB/s   areq-sz    aqu-sz     await     %util
03:11:02 PM IST   nvme0n1      0.00      0.00      0.00      0.00      0.00      0.00      0.00      0.00
03:11:02 PM IST       sda      0.00      0.00      0.00      0.00      0.00      0.00      0.00      0.00

03:11:02 PM IST       DEV       tps     rkB/s     wkB/s     dkB/s   areq-sz    aqu-sz     await     %util
03:11:03 PM IST   nvme0n1      0.00      0.00      0.00      0.00      0.00      0.00      0.00      0.00
03:11:03 PM IST       sda     21.00      0.00    112.00      0.00      5.33      0.01      0.19      0.00

03:11:03 PM IST       DEV       tps     rkB/s     wkB/s     dkB/s   areq-sz    aqu-sz     await     %util
03:11:04 PM IST   nvme0n1      0.00      0.00      0.00      0.00      0.00      0.00      0.00      0.00
03:11:04 PM IST       sda     18.00      0.00    220.00      0.00     12.22      0.01      0.28      0.40

03:11:04 PM IST       DEV       tps     rkB/s     wkB/s     dkB/s   areq-sz    aqu-sz     await     %util
03:11:05 PM IST   nvme0n1      0.00      0.00      0.00      0.00      0.00      0.00      0.00      0.00
03:11:05 PM IST       sda      5.00      0.00    100.00      0.00     20.00      0.00      0.40      0.40

03:11:05 PM IST       DEV       tps     rkB/s     wkB/s     dkB/s   areq-sz    aqu-sz     await     %util
03:11:06 PM IST   nvme0n1      0.00      0.00      0.00      0.00      0.00      0.00      0.00      0.00
03:11:06 PM IST       sda     25.00      0.00    112.00      0.00      4.48      0.02      0.96      0.00

03:11:06 PM IST       DEV       tps     rkB/s     wkB/s     dkB/s   areq-sz    aqu-sz     await     %util
03:11:07 PM IST   nvme0n1      0.00      0.00      0.00      0.00      0.00      0.00      0.00      0.00
03:11:07 PM IST       sda      0.00      0.00      0.00      0.00      0.00      0.00      0.00      0.00

03:11:07 PM IST       DEV       tps     rkB/s     wkB/s     dkB/s   areq-sz    aqu-sz     await     %util
03:11:08 PM IST   nvme0n1      0.00      0.00      0.00      0.00      0.00      0.00      0.00      0.00
03:11:08 PM IST       sda      1.00      0.00     12.00      0.00     12.00      0.00      1.00      0.00

03:11:08 PM IST       DEV       tps     rkB/s     wkB/s     dkB/s   areq-sz    aqu-sz     await     %util
03:11:09 PM IST   nvme0n1      0.00      0.00      0.00      0.00      0.00      0.00      0.00      0.00
03:11:09 PM IST       sda      1.00      0.00      4.00      0.00      4.00      0.00      0.00      0.00

03:11:09 PM IST       DEV       tps     rkB/s     wkB/s     dkB/s   areq-sz    aqu-sz     await     %util
03:11:10 PM IST   nvme0n1      0.00      0.00      0.00      0.00      0.00      0.00      0.00      0.00
03:11:10 PM IST       sda      2.00      0.00     16.00      0.00      8.00      0.00      0.50      0.00

03:11:10 PM IST       DEV       tps     rkB/s     wkB/s     dkB/s   areq-sz    aqu-sz     await     %util
03:11:11 PM IST   nvme0n1      0.00      0.00      0.00      0.00      0.00      0.00      0.00      0.00
03:11:11 PM IST       sda     42.00      0.00    196.00      0.00      4.67      0.01      0.14      0.40

03:11:11 PM IST       DEV       tps     rkB/s     wkB/s     dkB/s   areq-sz    aqu-sz     await     %util
03:11:12 PM IST   nvme0n1      0.00      0.00      0.00      0.00      0.00      0.00      0.00      0.00
03:11:12 PM IST       sda      0.00      0.00      0.00      0.00      0.00      0.00      0.00      0.00

03:11:12 PM IST       DEV       tps     rkB/s     wkB/s     dkB/s   areq-sz    aqu-sz     await     %util
03:11:13 PM IST   nvme0n1      0.00      0.00      0.00      0.00      0.00      0.00      0.00      0.00
03:11:13 PM IST       sda      1.00      0.00      4.00      0.00      4.00      0.00      0.00      0.00

03:11:13 PM IST       DEV       tps     rkB/s     wkB/s     dkB/s   areq-sz    aqu-sz     await     %util
03:11:14 PM IST   nvme0n1      0.00      0.00      0.00      0.00      0.00      0.00      0.00      0.00
03:11:14 PM IST       sda      0.00      0.00      0.00      0.00      0.00      0.00      0.00      0.00

03:11:14 PM IST       DEV       tps     rkB/s     wkB/s     dkB/s   areq-sz    aqu-sz     await     %util
03:11:15 PM IST   nvme0n1      0.00      0.00      0.00      0.00      0.00      0.00      0.00      0.00
03:11:15 PM IST       sda      0.00      0.00      0.00      0.00      0.00      0.00      0.00      0.00

03:11:15 PM IST       DEV       tps     rkB/s     wkB/s     dkB/s   areq-sz    aqu-sz     await     %util
03:11:16 PM IST   nvme0n1      0.00      0.00      0.00      0.00      0.00      0.00      0.00      0.00
03:11:16 PM IST       sda      2.00      0.00     24.00      0.00     12.00      0.00      1.00      0.00

03:11:16 PM IST       DEV       tps     rkB/s     wkB/s     dkB/s   areq-sz    aqu-sz     await     %util
03:11:17 PM IST   nvme0n1      0.00      0.00      0.00      0.00      0.00      0.00      0.00      0.00
03:11:17 PM IST       sda      2.00      0.00     16.00      0.00      8.00      0.00      0.50      0.00

03:11:17 PM IST       DEV       tps     rkB/s     wkB/s     dkB/s   areq-sz    aqu-sz     await     %util
03:11:18 PM IST   nvme0n1      0.00      0.00      0.00      0.00      0.00      0.00      0.00      0.00
03:11:18 PM IST       sda      0.00      0.00      0.00      0.00      0.00      0.00      0.00      0.00

03:11:18 PM IST       DEV       tps     rkB/s     wkB/s     dkB/s   areq-sz    aqu-sz     await     %util
03:11:19 PM IST   nvme0n1      0.00      0.00      0.00      0.00      0.00      0.00      0.00      0.00
03:11:19 PM IST       sda      5.00      0.00     96.00      0.00     19.20      0.00      0.40      0.00

03:11:19 PM IST       DEV       tps     rkB/s     wkB/s     dkB/s   areq-sz    aqu-sz     await     %util
03:11:20 PM IST   nvme0n1      0.00      0.00      0.00      0.00      0.00      0.00      0.00      0.00
03:11:20 PM IST       sda      0.00      0.00      0.00      0.00      0.00      0.00      0.00      0.00

03:11:20 PM IST       DEV       tps     rkB/s     wkB/s     dkB/s   areq-sz    aqu-sz     await     %util
03:11:21 PM IST   nvme0n1      0.00      0.00      0.00      0.00      0.00      0.00      0.00      0.00
03:11:21 PM IST       sda      0.00      0.00      0.00      0.00      0.00      0.00      0.00      0.00

03:11:21 PM IST       DEV       tps     rkB/s     wkB/s     dkB/s   areq-sz    aqu-sz     await     %util
03:11:22 PM IST   nvme0n1      0.00      0.00      0.00      0.00      0.00      0.00      0.00      0.00
03:11:22 PM IST       sda      0.00      0.00      0.00      0.00      0.00      0.00      0.00      0.00

03:11:22 PM IST       DEV       tps     rkB/s     wkB/s     dkB/s   areq-sz    aqu-sz     await     %util
03:11:23 PM IST   nvme0n1      0.00      0.00      0.00      0.00      0.00      0.00      0.00      0.00
03:11:23 PM IST       sda      3.00      0.00     12.00      0.00      4.00      0.00      1.33      0.00

03:11:23 PM IST       DEV       tps     rkB/s     wkB/s     dkB/s   areq-sz    aqu-sz     await     %util
03:11:24 PM IST   nvme0n1      0.00      0.00      0.00      0.00      0.00      0.00      0.00      0.00
03:11:24 PM IST       sda      4.00      0.00     36.00      0.00      9.00      0.00      0.50      0.00

03:11:24 PM IST       DEV       tps     rkB/s     wkB/s     dkB/s   areq-sz    aqu-sz     await     %util
03:11:25 PM IST   nvme0n1      0.00      0.00      0.00      0.00      0.00      0.00      0.00      0.00
03:11:25 PM IST       sda      0.00      0.00      0.00      0.00      0.00      0.00      0.00      0.00

03:11:25 PM IST       DEV       tps     rkB/s     wkB/s     dkB/s   areq-sz    aqu-sz     await     %util
03:11:26 PM IST   nvme0n1      0.00      0.00      0.00      0.00      0.00      0.00      0.00      0.00
03:11:26 PM IST       sda      0.00      0.00      0.00      0.00      0.00      0.00      0.00      0.00

03:11:26 PM IST       DEV       tps     rkB/s     wkB/s     dkB/s   areq-sz    aqu-sz     await     %util
03:11:27 PM IST   nvme0n1      0.00      0.00      0.00      0.00      0.00      0.00      0.00      0.00
03:11:27 PM IST       sda      0.00      0.00      0.00      0.00      0.00      0.00      0.00      0.00

03:11:27 PM IST       DEV       tps     rkB/s     wkB/s     dkB/s   areq-sz    aqu-sz     await     %util
03:11:28 PM IST   nvme0n1      0.00      0.00      0.00      0.00      0.00      0.00      0.00      0.00
03:11:28 PM IST       sda      0.00      0.00      0.00      0.00      0.00      0.00      0.00      0.00

03:11:28 PM IST       DEV       tps     rkB/s     wkB/s     dkB/s   areq-sz    aqu-sz     await     %util
03:11:29 PM IST   nvme0n1      0.00      0.00      0.00      0.00      0.00      0.00      0.00      0.00
03:11:29 PM IST       sda      4.00      0.00     16.00      0.00      4.00      0.00      0.50      0.00

03:11:29 PM IST       DEV       tps     rkB/s     wkB/s     dkB/s   areq-sz    aqu-sz     await     %util
03:11:30 PM IST   nvme0n1      0.00      0.00      0.00      0.00      0.00      0.00      0.00      0.00
03:11:30 PM IST       sda      2.00      0.00     24.00      0.00     12.00      0.00      0.50      0.00

03:11:30 PM IST       DEV       tps     rkB/s     wkB/s     dkB/s   areq-sz    aqu-sz     await     %util
03:11:31 PM IST   nvme0n1      0.00      0.00      0.00      0.00      0.00      0.00      0.00      0.00
03:11:31 PM IST       sda      0.00      0.00      0.00      0.00      0.00      0.00      0.00      0.00

03:11:31 PM IST       DEV       tps     rkB/s     wkB/s     dkB/s   areq-sz    aqu-sz     await     %util
03:11:32 PM IST   nvme0n1      0.00      0.00      0.00      0.00      0.00      0.00      0.00      0.00
03:11:32 PM IST       sda      5.00      0.00     96.00      0.00     19.20      0.01      0.60      0.00

03:11:32 PM IST       DEV       tps     rkB/s     wkB/s     dkB/s   areq-sz    aqu-sz     await     %util
03:11:33 PM IST   nvme0n1      0.00      0.00      0.00      0.00      0.00      0.00      0.00      0.00
03:11:33 PM IST       sda      0.00      0.00      0.00      0.00      0.00      0.00      0.00      0.00

03:11:33 PM IST       DEV       tps     rkB/s     wkB/s     dkB/s   areq-sz    aqu-sz     await     %util
03:11:34 PM IST   nvme0n1      0.00      0.00      0.00      0.00      0.00      0.00      0.00      0.00
03:11:34 PM IST       sda      0.00      0.00      0.00      0.00      0.00      0.00      0.00      0.00

03:11:34 PM IST       DEV       tps     rkB/s     wkB/s     dkB/s   areq-sz    aqu-sz     await     %util
03:11:35 PM IST   nvme0n1      0.00      0.00      0.00      0.00      0.00      0.00      0.00      0.00
03:11:35 PM IST       sda      9.00      8.00     76.00      0.00      9.33      0.00      0.22      0.00

03:11:35 PM IST       DEV       tps     rkB/s     wkB/s     dkB/s   areq-sz    aqu-sz     await     %util
03:11:36 PM IST   nvme0n1      0.00      0.00      0.00      0.00      0.00      0.00      0.00      0.00
03:11:36 PM IST       sda      0.00      0.00      0.00      0.00      0.00      0.00      0.00      0.00

03:11:36 PM IST       DEV       tps     rkB/s     wkB/s     dkB/s   areq-sz    aqu-sz     await     %util
03:11:37 PM IST   nvme0n1      0.00      0.00      0.00      0.00      0.00      0.00      0.00      0.00
03:11:37 PM IST       sda      2.00      0.00     16.00      0.00      8.00      0.02      9.50      1.60

03:11:37 PM IST       DEV       tps     rkB/s     wkB/s     dkB/s   areq-sz    aqu-sz     await     %util
03:11:38 PM IST   nvme0n1      0.00      0.00      0.00      0.00      0.00      0.00      0.00      0.00
03:11:38 PM IST       sda      2.00      0.00     76.00      0.00     38.00      0.00      0.50      0.00

03:11:38 PM IST       DEV       tps     rkB/s     wkB/s     dkB/s   areq-sz    aqu-sz     await     %util
03:11:39 PM IST   nvme0n1      0.00      0.00      0.00      0.00      0.00      0.00      0.00      0.00
03:11:39 PM IST       sda     22.00      0.00    108.00      0.00      4.91      0.01      0.32      0.00

03:11:39 PM IST       DEV       tps     rkB/s     wkB/s     dkB/s   areq-sz    aqu-sz     await     %util
03:11:40 PM IST   nvme0n1      0.00      0.00      0.00      0.00      0.00      0.00      0.00      0.00
03:11:40 PM IST       sda      0.00      0.00      0.00      0.00      0.00      0.00      0.00      0.00

03:11:40 PM IST       DEV       tps     rkB/s     wkB/s     dkB/s   areq-sz    aqu-sz     await     %util
03:11:41 PM IST   nvme0n1      0.00      0.00      0.00      0.00      0.00      0.00      0.00      0.00
03:11:41 PM IST       sda     20.00      0.00     92.00      0.00      4.60      0.01      0.55      0.00

03:11:41 PM IST       DEV       tps     rkB/s     wkB/s     dkB/s   areq-sz    aqu-sz     await     %util
03:11:42 PM IST   nvme0n1      0.00      0.00      0.00      0.00      0.00      0.00      0.00      0.00
03:11:42 PM IST       sda      3.00      0.00     52.00      0.00     17.33      0.00      0.33      0.00

03:11:42 PM IST       DEV       tps     rkB/s     wkB/s     dkB/s   areq-sz    aqu-sz     await     %util
03:11:43 PM IST   nvme0n1      0.00      0.00      0.00      0.00      0.00      0.00      0.00      0.00
03:11:43 PM IST       sda      0.00      0.00      0.00      0.00      0.00      0.00      0.00      0.00

03:11:43 PM IST       DEV       tps     rkB/s     wkB/s     dkB/s   areq-sz    aqu-sz     await     %util
03:11:44 PM IST   nvme0n1      0.00      0.00      0.00      0.00      0.00      0.00      0.00      0.00
03:11:44 PM IST       sda      1.00      0.00      8.00      0.00      8.00      0.00      1.00      0.00

03:11:44 PM IST       DEV       tps     rkB/s     wkB/s     dkB/s   areq-sz    aqu-sz     await     %util
03:11:45 PM IST   nvme0n1      0.00      0.00      0.00      0.00      0.00      0.00      0.00      0.00
03:11:45 PM IST       sda      5.00      0.00    132.00      0.00     26.40      0.00      0.40      0.00

03:11:45 PM IST       DEV       tps     rkB/s     wkB/s     dkB/s   areq-sz    aqu-sz     await     %util
03:11:46 PM IST   nvme0n1      0.00      0.00      0.00      0.00      0.00      0.00      0.00      0.00
03:11:46 PM IST       sda      0.00      0.00      0.00      0.00      0.00      0.00      0.00      0.00

03:11:46 PM IST       DEV       tps     rkB/s     wkB/s     dkB/s   areq-sz    aqu-sz     await     %util
03:11:47 PM IST   nvme0n1      0.00      0.00      0.00      0.00      0.00      0.00      0.00      0.00
03:11:47 PM IST       sda      0.00      0.00      0.00      0.00      0.00      0.00      0.00      0.00

03:11:47 PM IST       DEV       tps     rkB/s     wkB/s     dkB/s   areq-sz    aqu-sz     await     %util
03:11:48 PM IST   nvme0n1      0.00      0.00      0.00      0.00      0.00      0.00      0.00      0.00
03:11:48 PM IST       sda     41.00      0.00    172.00      0.00      4.20      0.01      0.24      0.00

03:11:48 PM IST       DEV       tps     rkB/s     wkB/s     dkB/s   areq-sz    aqu-sz     await     %util
03:11:49 PM IST   nvme0n1      0.00      0.00      0.00      0.00      0.00      0.00      0.00      0.00
03:11:49 PM IST       sda      0.00      0.00      0.00      0.00      0.00      0.00      0.00      0.00

03:11:49 PM IST       DEV       tps     rkB/s     wkB/s     dkB/s   areq-sz    aqu-sz     await     %util
03:11:50 PM IST   nvme0n1      0.00      0.00      0.00      0.00      0.00      0.00      0.00      0.00
03:11:50 PM IST       sda      2.00      0.00     16.00      0.00      8.00      0.00      0.00      0.00

03:11:50 PM IST       DEV       tps     rkB/s     wkB/s     dkB/s   areq-sz    aqu-sz     await     %util
03:11:51 PM IST   nvme0n1      0.00      0.00      0.00      0.00      0.00      0.00      0.00      0.00
03:11:51 PM IST       sda      2.00      0.00     24.00      0.00     12.00      0.00      1.00      0.00

03:11:51 PM IST       DEV       tps     rkB/s     wkB/s     dkB/s   areq-sz    aqu-sz     await     %util
03:11:52 PM IST   nvme0n1      0.00      0.00      0.00      0.00      0.00      0.00      0.00      0.00
03:11:52 PM IST       sda      0.00      0.00      0.00      0.00      0.00      0.00      0.00      0.00

03:11:52 PM IST       DEV       tps     rkB/s     wkB/s     dkB/s   areq-sz    aqu-sz     await     %util
03:11:53 PM IST   nvme0n1      0.00      0.00      0.00      0.00      0.00      0.00      0.00      0.00
03:11:53 PM IST       sda      0.00      0.00      0.00      0.00      0.00      0.00      0.00      0.00

03:11:53 PM IST       DEV       tps     rkB/s     wkB/s     dkB/s   areq-sz    aqu-sz     await     %util
03:11:54 PM IST   nvme0n1      0.00      0.00      0.00      0.00      0.00      0.00      0.00      0.00
03:11:54 PM IST       sda      2.00      0.00      8.00      0.00      4.00      0.00      0.50      0.00

03:11:54 PM IST       DEV       tps     rkB/s     wkB/s     dkB/s   areq-sz    aqu-sz     await     %util
03:11:55 PM IST   nvme0n1      0.00      0.00      0.00      0.00      0.00      0.00      0.00      0.00
03:11:55 PM IST       sda      0.00      0.00      0.00      0.00      0.00      0.00      0.00      0.00

03:11:55 PM IST       DEV       tps     rkB/s     wkB/s     dkB/s   areq-sz    aqu-sz     await     %util
03:11:56 PM IST   nvme0n1      0.00      0.00      0.00      0.00      0.00      0.00      0.00      0.00
03:11:56 PM IST       sda      2.00      0.00     20.00      0.00     10.00      0.00      1.00      0.00

03:11:56 PM IST       DEV       tps     rkB/s     wkB/s     dkB/s   areq-sz    aqu-sz     await     %util
03:11:57 PM IST   nvme0n1      0.00      0.00      0.00      0.00      0.00      0.00      0.00      0.00
03:11:57 PM IST       sda      0.00      0.00      0.00      0.00      0.00      0.00      0.00      0.00

03:11:57 PM IST       DEV       tps     rkB/s     wkB/s     dkB/s   areq-sz    aqu-sz     await     %util
03:11:58 PM IST   nvme0n1      0.00      0.00      0.00      0.00      0.00      0.00      0.00      0.00
03:11:58 PM IST       sda      0.00      0.00      0.00      0.00      0.00      0.00      0.00      0.00

03:11:58 PM IST       DEV       tps     rkB/s     wkB/s     dkB/s   areq-sz    aqu-sz     await     %util
03:11:59 PM IST   nvme0n1      0.00      0.00      0.00      0.00      0.00      0.00      0.00      0.00
03:11:59 PM IST       sda      5.00      0.00    112.00      0.00     22.40      0.00      0.40      0.00

03:11:59 PM IST       DEV       tps     rkB/s     wkB/s     dkB/s   areq-sz    aqu-sz     await     %util
03:12:00 PM IST   nvme0n1      0.00      0.00      0.00      0.00      0.00      0.00      0.00      0.00
03:12:00 PM IST       sda      1.00      0.00      8.00      0.00      8.00      0.00      0.00      0.00

03:12:00 PM IST       DEV       tps     rkB/s     wkB/s     dkB/s   areq-sz    aqu-sz     await     %util
03:12:01 PM IST   nvme0n1      0.00      0.00      0.00      0.00      0.00      0.00      0.00      0.00
03:12:01 PM IST       sda      0.00      0.00      0.00      0.00      0.00      0.00      0.00      0.00

03:12:01 PM IST       DEV       tps     rkB/s     wkB/s     dkB/s   areq-sz    aqu-sz     await     %util
03:12:02 PM IST   nvme0n1      0.00      0.00      0.00      0.00      0.00      0.00      0.00      0.00
03:12:02 PM IST       sda      0.00      0.00      0.00      0.00      0.00      0.00      0.00      0.00

03:12:02 PM IST       DEV       tps     rkB/s     wkB/s     dkB/s   areq-sz    aqu-sz     await     %util
03:12:03 PM IST   nvme0n1      0.00      0.00      0.00      0.00      0.00      0.00      0.00      0.00
03:12:03 PM IST       sda      2.00      0.00     20.00      0.00     10.00      0.00      1.00      0.00

03:12:03 PM IST       DEV       tps     rkB/s     wkB/s     dkB/s   areq-sz    aqu-sz     await     %util
03:12:04 PM IST   nvme0n1      0.00      0.00      0.00      0.00      0.00      0.00      0.00      0.00
03:12:04 PM IST       sda     14.00      0.00    128.00      0.00      9.14      0.01      0.36      0.40

03:12:04 PM IST       DEV       tps     rkB/s     wkB/s     dkB/s   areq-sz    aqu-sz     await     %util
03:12:05 PM IST   nvme0n1      0.00      0.00      0.00      0.00      0.00      0.00      0.00      0.00
03:12:05 PM IST       sda      1.00      0.00     12.00      0.00     12.00      0.00      0.00      0.00

03:12:05 PM IST       DEV       tps     rkB/s     wkB/s     dkB/s   areq-sz    aqu-sz     await     %util
03:12:06 PM IST   nvme0n1      0.00      0.00      0.00      0.00      0.00      0.00      0.00      0.00
03:12:06 PM IST       sda      0.00      0.00      0.00      0.00      0.00      0.00      0.00      0.00

03:12:06 PM IST       DEV       tps     rkB/s     wkB/s     dkB/s   areq-sz    aqu-sz     await     %util
03:12:07 PM IST   nvme0n1      0.00      0.00      0.00      0.00      0.00      0.00      0.00      0.00
03:12:07 PM IST       sda      0.00      0.00      0.00      0.00      0.00      0.00      0.00      0.00

03:12:07 PM IST       DEV       tps     rkB/s     wkB/s     dkB/s   areq-sz    aqu-sz     await     %util
03:12:08 PM IST   nvme0n1      0.00      0.00      0.00      0.00      0.00      0.00      0.00      0.00
03:12:08 PM IST       sda      0.00      0.00      0.00      0.00      0.00      0.00      0.00      0.00

03:12:08 PM IST       DEV       tps     rkB/s     wkB/s     dkB/s   areq-sz    aqu-sz     await     %util
03:12:09 PM IST   nvme0n1      0.00      0.00      0.00      0.00      0.00      0.00      0.00      0.00
03:12:09 PM IST       sda      0.00      0.00      0.00      0.00      0.00      0.00      0.00      0.00

03:12:09 PM IST       DEV       tps     rkB/s     wkB/s     dkB/s   areq-sz    aqu-sz     await     %util
03:12:10 PM IST   nvme0n1      0.00      0.00      0.00      0.00      0.00      0.00      0.00      0.00
03:12:10 PM IST       sda     10.00      0.00    112.00      0.00     11.20      0.01      0.40      0.40

03:12:10 PM IST       DEV       tps     rkB/s     wkB/s     dkB/s   areq-sz    aqu-sz     await     %util
03:12:11 PM IST   nvme0n1      0.00      0.00      0.00      0.00      0.00      0.00      0.00      0.00
03:12:11 PM IST       sda      0.00      0.00      0.00      0.00      0.00      0.00      0.00      0.00

03:12:11 PM IST       DEV       tps     rkB/s     wkB/s     dkB/s   areq-sz    aqu-sz     await     %util
03:12:12 PM IST   nvme0n1      0.00      0.00      0.00      0.00      0.00      0.00      0.00      0.00
03:12:12 PM IST       sda      5.00      0.00    148.00      0.00     29.60      0.00      0.60      0.40

03:12:12 PM IST       DEV       tps     rkB/s     wkB/s     dkB/s   areq-sz    aqu-sz     await     %util
03:12:13 PM IST   nvme0n1      0.00      0.00      0.00      0.00      0.00      0.00      0.00      0.00
03:12:13 PM IST       sda     34.00      0.00    156.00      0.00      4.59      0.01      0.15      0.00

03:12:13 PM IST       DEV       tps     rkB/s     wkB/s     dkB/s   areq-sz    aqu-sz     await     %util
03:12:14 PM IST   nvme0n1      0.00      0.00      0.00      0.00      0.00      0.00      0.00      0.00
03:12:14 PM IST       sda      0.00      0.00      0.00      0.00      0.00      0.00      0.00      0.00

03:12:14 PM IST       DEV       tps     rkB/s     wkB/s     dkB/s   areq-sz    aqu-sz     await     %util
03:12:15 PM IST   nvme0n1      0.00      0.00      0.00      0.00      0.00      0.00      0.00      0.00
03:12:15 PM IST       sda     18.00      0.00     96.00      0.00      5.33      0.00      0.22      0.00

03:12:15 PM IST       DEV       tps     rkB/s     wkB/s     dkB/s   areq-sz    aqu-sz     await     %util
03:12:16 PM IST   nvme0n1      0.00      0.00      0.00      0.00      0.00      0.00      0.00      0.00
03:12:16 PM IST       sda      0.00      0.00      0.00      0.00      0.00      0.00      0.00      0.00

03:12:16 PM IST       DEV       tps     rkB/s     wkB/s     dkB/s   areq-sz    aqu-sz     await     %util
03:12:17 PM IST   nvme0n1      0.00      0.00      0.00      0.00      0.00      0.00      0.00      0.00
03:12:17 PM IST       sda      2.00      0.00     16.00      0.00      8.00      0.00      0.50      0.00

03:12:17 PM IST       DEV       tps     rkB/s     wkB/s     dkB/s   areq-sz    aqu-sz     await     %util
03:12:18 PM IST   nvme0n1      0.00      0.00      0.00      0.00      0.00      0.00      0.00      0.00
03:12:18 PM IST       sda      2.00      0.00     36.00      0.00     18.00      0.00      0.50      0.00

03:12:18 PM IST       DEV       tps     rkB/s     wkB/s     dkB/s   areq-sz    aqu-sz     await     %util
03:12:19 PM IST   nvme0n1      0.00      0.00      0.00      0.00      0.00      0.00      0.00      0.00
03:12:19 PM IST       sda     31.00      0.00    128.00      0.00      4.13      0.05      1.48      2.00

03:12:19 PM IST       DEV       tps     rkB/s     wkB/s     dkB/s   areq-sz    aqu-sz     await     %util
03:12:20 PM IST   nvme0n1      0.00      0.00      0.00      0.00      0.00      0.00      0.00      0.00
03:12:20 PM IST       sda      9.00      0.00     88.00      0.00      9.78      0.01      0.44      0.40

03:12:20 PM IST       DEV       tps     rkB/s     wkB/s     dkB/s   areq-sz    aqu-sz     await     %util
03:12:21 PM IST   nvme0n1      0.00      0.00      0.00      0.00      0.00      0.00      0.00      0.00
03:12:21 PM IST       sda      0.00      0.00      0.00      0.00      0.00      0.00      0.00      0.00

03:12:21 PM IST       DEV       tps     rkB/s     wkB/s     dkB/s   areq-sz    aqu-sz     await     %util
03:12:22 PM IST   nvme0n1      0.00      0.00      0.00      0.00      0.00      0.00      0.00      0.00
03:12:22 PM IST       sda      0.00      0.00      0.00      0.00      0.00      0.00      0.00      0.00

03:12:22 PM IST       DEV       tps     rkB/s     wkB/s     dkB/s   areq-sz    aqu-sz     await     %util
03:12:23 PM IST   nvme0n1      0.00      0.00      0.00      0.00      0.00      0.00      0.00      0.00
03:12:23 PM IST       sda      0.00      0.00      0.00      0.00      0.00      0.00      0.00      0.00

03:12:23 PM IST       DEV       tps     rkB/s     wkB/s     dkB/s   areq-sz    aqu-sz     await     %util
03:12:24 PM IST   nvme0n1      0.00      0.00      0.00      0.00      0.00      0.00      0.00      0.00
03:12:24 PM IST       sda      0.00      0.00      0.00      0.00      0.00      0.00      0.00      0.00

03:12:24 PM IST       DEV       tps     rkB/s     wkB/s     dkB/s   areq-sz    aqu-sz     await     %util
03:12:25 PM IST   nvme0n1      0.00      0.00      0.00      0.00      0.00      0.00      0.00      0.00
03:12:25 PM IST       sda      5.00      0.00     96.00      0.00     19.20      0.00      0.40      0.00

03:12:25 PM IST       DEV       tps     rkB/s     wkB/s     dkB/s   areq-sz    aqu-sz     await     %util
03:12:26 PM IST   nvme0n1      0.00      0.00      0.00      0.00      0.00      0.00      0.00      0.00
03:12:26 PM IST       sda      0.00      0.00      0.00      0.00      0.00      0.00      0.00      0.00

03:12:26 PM IST       DEV       tps     rkB/s     wkB/s     dkB/s   areq-sz    aqu-sz     await     %util
03:12:27 PM IST   nvme0n1      0.00      0.00      0.00      0.00      0.00      0.00      0.00      0.00
03:12:27 PM IST       sda      0.00      0.00      0.00      0.00      0.00      0.00      0.00      0.00

03:12:27 PM IST       DEV       tps     rkB/s     wkB/s     dkB/s   areq-sz    aqu-sz     await     %util
03:12:28 PM IST   nvme0n1      0.00      0.00      0.00      0.00      0.00      0.00      0.00      0.00
03:12:28 PM IST       sda      0.00      0.00      0.00      0.00      0.00      0.00      0.00      0.00

03:12:28 PM IST       DEV       tps     rkB/s     wkB/s     dkB/s   areq-sz    aqu-sz     await     %util
03:12:29 PM IST   nvme0n1      0.00      0.00      0.00      0.00      0.00      0.00      0.00      0.00
03:12:29 PM IST       sda     41.00      0.00    184.00      0.00      4.49      0.01      0.32      0.00

03:12:29 PM IST       DEV       tps     rkB/s     wkB/s     dkB/s   areq-sz    aqu-sz     await     %util
03:12:30 PM IST   nvme0n1      0.00      0.00      0.00      0.00      0.00      0.00      0.00      0.00
03:12:30 PM IST       sda      6.00      0.00    108.00      0.00     18.00      0.00      0.33      0.00

03:12:30 PM IST       DEV       tps     rkB/s     wkB/s     dkB/s   areq-sz    aqu-sz     await     %util
03:12:31 PM IST   nvme0n1      0.00      0.00      0.00      0.00      0.00      0.00      0.00      0.00
03:12:31 PM IST       sda      1.00      0.00      8.00      0.00      8.00      0.00      0.00      0.00

03:12:31 PM IST       DEV       tps     rkB/s     wkB/s     dkB/s   areq-sz    aqu-sz     await     %util
03:12:32 PM IST   nvme0n1      0.00      0.00      0.00      0.00      0.00      0.00      0.00      0.00
03:12:32 PM IST       sda      0.00      0.00      0.00      0.00      0.00      0.00      0.00      0.00

03:12:32 PM IST       DEV       tps     rkB/s     wkB/s     dkB/s   areq-sz    aqu-sz     await     %util
03:12:33 PM IST   nvme0n1      0.00      0.00      0.00      0.00      0.00      0.00      0.00      0.00
03:12:33 PM IST       sda      2.00      0.00      8.00      0.00      4.00      0.00      0.50      0.00

03:12:33 PM IST       DEV       tps     rkB/s     wkB/s     dkB/s   areq-sz    aqu-sz     await     %util
03:12:34 PM IST   nvme0n1      0.00      0.00      0.00      0.00      0.00      0.00      0.00      0.00
03:12:34 PM IST       sda      0.00      0.00      0.00      0.00      0.00      0.00      0.00      0.00

03:12:34 PM IST       DEV       tps     rkB/s     wkB/s     dkB/s   areq-sz    aqu-sz     await     %util
03:12:35 PM IST   nvme0n1      0.00      0.00      0.00      0.00      0.00      0.00      0.00      0.00
03:12:35 PM IST       sda     23.00      0.00    104.00      0.00      4.52      0.01      0.22      0.00

03:12:35 PM IST       DEV       tps     rkB/s     wkB/s     dkB/s   areq-sz    aqu-sz     await     %util
03:12:36 PM IST   nvme0n1      0.00      0.00      0.00      0.00      0.00      0.00      0.00      0.00
03:12:36 PM IST       sda      2.00      0.00     72.00      0.00     36.00      0.00      1.00      0.00

03:12:36 PM IST       DEV       tps     rkB/s     wkB/s     dkB/s   areq-sz    aqu-sz     await     %util
03:12:37 PM IST   nvme0n1      0.00      0.00      0.00      0.00      0.00      0.00      0.00      0.00
03:12:37 PM IST       sda      0.00      0.00      0.00      0.00      0.00      0.00      0.00      0.00

03:12:37 PM IST       DEV       tps     rkB/s     wkB/s     dkB/s   areq-sz    aqu-sz     await     %util
03:12:38 PM IST   nvme0n1      0.00      0.00      0.00      0.00      0.00      0.00      0.00      0.00
03:12:38 PM IST       sda      5.00      0.00    124.00      0.00     24.80      0.01      0.60      0.40

03:12:38 PM IST       DEV       tps     rkB/s     wkB/s     dkB/s   areq-sz    aqu-sz     await     %util
03:12:39 PM IST   nvme0n1      0.00      0.00      0.00      0.00      0.00      0.00      0.00      0.00
03:12:39 PM IST       sda      0.00      0.00      0.00      0.00      0.00      0.00      0.00      0.00

03:12:39 PM IST       DEV       tps     rkB/s     wkB/s     dkB/s   areq-sz    aqu-sz     await     %util
03:12:40 PM IST   nvme0n1      0.00      0.00      0.00      0.00      0.00      0.00      0.00      0.00
03:12:40 PM IST       sda      2.00      8.00      0.00      0.00      4.00      0.02      9.00      1.60

03:12:40 PM IST       DEV       tps     rkB/s     wkB/s     dkB/s   areq-sz    aqu-sz     await     %util
03:12:41 PM IST   nvme0n1      0.00      0.00      0.00      0.00      0.00      0.00      0.00      0.00
03:12:41 PM IST       sda      6.00      0.00     76.00      0.00     12.67      0.00      0.83      0.00

03:12:41 PM IST       DEV       tps     rkB/s     wkB/s     dkB/s   areq-sz    aqu-sz     await     %util
03:12:42 PM IST   nvme0n1      0.00      0.00      0.00      0.00      0.00      0.00      0.00      0.00
03:12:42 PM IST       sda      0.00      0.00      0.00      0.00      0.00      0.00      0.00      0.00

03:12:42 PM IST       DEV       tps     rkB/s     wkB/s     dkB/s   areq-sz    aqu-sz     await     %util
03:12:43 PM IST   nvme0n1      0.00      0.00      0.00      0.00      0.00      0.00      0.00      0.00
03:12:43 PM IST       sda      2.00      0.00     16.00      0.00      8.00      0.00      0.50      0.00

03:12:43 PM IST       DEV       tps     rkB/s     wkB/s     dkB/s   areq-sz    aqu-sz     await     %util
03:12:44 PM IST   nvme0n1      0.00      0.00      0.00      0.00      0.00      0.00      0.00      0.00
03:12:44 PM IST       sda      2.00      0.00     84.00      0.00     42.00      0.00      0.50      0.00

03:12:44 PM IST       DEV       tps     rkB/s     wkB/s     dkB/s   areq-sz    aqu-sz     await     %util
03:12:45 PM IST   nvme0n1      0.00      0.00      0.00      0.00      0.00      0.00      0.00      0.00
03:12:45 PM IST       sda      0.00      0.00      0.00      0.00      0.00      0.00      0.00      0.00

03:12:45 PM IST       DEV       tps     rkB/s     wkB/s     dkB/s   areq-sz    aqu-sz     await     %util
03:12:46 PM IST   nvme0n1      0.00      0.00      0.00      0.00      0.00      0.00      0.00      0.00
03:12:46 PM IST       sda      1.00      0.00      8.00      0.00      8.00      0.00      1.00      0.00

03:12:46 PM IST       DEV       tps     rkB/s     wkB/s     dkB/s   areq-sz    aqu-sz     await     %util
03:12:47 PM IST   nvme0n1      0.00      0.00      0.00      0.00      0.00      0.00      0.00      0.00
03:12:47 PM IST       sda     47.00      0.00    200.00      0.00      4.26      0.02      0.45      0.40

03:12:47 PM IST       DEV       tps     rkB/s     wkB/s     dkB/s   areq-sz    aqu-sz     await     %util
03:12:48 PM IST   nvme0n1      0.00      0.00      0.00      0.00      0.00      0.00      0.00      0.00
03:12:48 PM IST       sda     28.00      0.00    124.00      0.00      4.43      0.01      0.18      0.00

03:12:48 PM IST       DEV       tps     rkB/s     wkB/s     dkB/s   areq-sz    aqu-sz     await     %util
03:12:49 PM IST   nvme0n1      0.00      0.00      0.00      0.00      0.00      0.00      0.00      0.00
03:12:49 PM IST       sda      2.00      0.00     44.00      0.00     22.00      0.00      0.50      0.00

03:12:49 PM IST       DEV       tps     rkB/s     wkB/s     dkB/s   areq-sz    aqu-sz     await     %util
03:12:50 PM IST   nvme0n1      0.00      0.00      0.00      0.00      0.00      0.00      0.00      0.00
03:12:50 PM IST       sda      0.00      0.00      0.00      0.00      0.00      0.00      0.00      0.00

03:12:50 PM IST       DEV       tps     rkB/s     wkB/s     dkB/s   areq-sz    aqu-sz     await     %util
03:12:51 PM IST   nvme0n1      0.00      0.00      0.00      0.00      0.00      0.00      0.00      0.00
03:12:51 PM IST       sda     40.00      0.00    248.00      0.00      6.20      0.01      0.25      0.40

03:12:51 PM IST       DEV       tps     rkB/s     wkB/s     dkB/s   areq-sz    aqu-sz     await     %util
03:12:52 PM IST   nvme0n1      0.00      0.00      0.00      0.00      0.00      0.00      0.00      0.00
03:12:52 PM IST       sda      5.00      0.00    100.00      0.00     20.00      0.02      4.20      2.00

03:12:52 PM IST       DEV       tps     rkB/s     wkB/s     dkB/s   areq-sz    aqu-sz     await     %util
03:12:53 PM IST   nvme0n1      0.00      0.00      0.00      0.00      0.00      0.00      0.00      0.00
03:12:53 PM IST       sda      1.00      0.00      4.00      0.00      4.00      0.00      1.00      0.00

03:12:53 PM IST       DEV       tps     rkB/s     wkB/s     dkB/s   areq-sz    aqu-sz     await     %util
03:12:54 PM IST   nvme0n1      0.00      0.00      0.00      0.00      0.00      0.00      0.00      0.00
03:12:54 PM IST       sda      0.00      0.00      0.00      0.00      0.00      0.00      0.00      0.00

03:12:54 PM IST       DEV       tps     rkB/s     wkB/s     dkB/s   areq-sz    aqu-sz     await     %util
03:12:55 PM IST   nvme0n1      0.00      0.00      0.00      0.00      0.00      0.00      0.00      0.00
03:12:55 PM IST       sda      0.00      0.00      0.00      0.00      0.00      0.00      0.00      0.00

03:12:55 PM IST       DEV       tps     rkB/s     wkB/s     dkB/s   areq-sz    aqu-sz     await     %util
03:12:56 PM IST   nvme0n1      0.00      0.00      0.00      0.00      0.00      0.00      0.00      0.00
03:12:56 PM IST       sda      0.00      0.00      0.00      0.00      0.00      0.00      0.00      0.00

03:12:56 PM IST       DEV       tps     rkB/s     wkB/s     dkB/s   areq-sz    aqu-sz     await     %util
03:12:57 PM IST   nvme0n1      0.00      0.00      0.00      0.00      0.00      0.00      0.00      0.00
03:12:57 PM IST       sda      4.00      0.00     36.00      0.00      9.00      0.00      0.75      0.40

03:12:57 PM IST       DEV       tps     rkB/s     wkB/s     dkB/s   areq-sz    aqu-sz     await     %util
03:12:58 PM IST   nvme0n1      0.00      0.00      0.00      0.00      0.00      0.00      0.00      0.00
03:12:58 PM IST       sda      0.00      0.00      0.00      0.00      0.00      0.00      0.00      0.00

03:12:58 PM IST       DEV       tps     rkB/s     wkB/s     dkB/s   areq-sz    aqu-sz     await     %util
03:12:59 PM IST   nvme0n1      0.00      0.00      0.00      0.00      0.00      0.00      0.00      0.00
03:12:59 PM IST       sda      1.00      0.00      8.00      0.00      8.00      0.00      0.00      0.00

03:12:59 PM IST       DEV       tps     rkB/s     wkB/s     dkB/s   areq-sz    aqu-sz     await     %util
03:13:00 PM IST   nvme0n1      0.00      0.00      0.00      0.00      0.00      0.00      0.00      0.00
03:13:00 PM IST       sda      1.00      0.00     12.00      0.00     12.00      0.00      0.00      0.40

03:13:00 PM IST       DEV       tps     rkB/s     wkB/s     dkB/s   areq-sz    aqu-sz     await     %util
03:13:01 PM IST   nvme0n1      0.00      0.00      0.00      0.00      0.00      0.00      0.00      0.00
03:13:01 PM IST       sda      0.00      0.00      0.00      0.00      0.00      0.00      0.00      0.00

03:13:01 PM IST       DEV       tps     rkB/s     wkB/s     dkB/s   areq-sz    aqu-sz     await     %util
03:13:02 PM IST   nvme0n1      0.00      0.00      0.00      0.00      0.00      0.00      0.00      0.00
03:13:02 PM IST       sda      1.00      0.00      8.00      0.00      8.00      0.00      1.00      0.00

03:13:02 PM IST       DEV       tps     rkB/s     wkB/s     dkB/s   areq-sz    aqu-sz     await     %util
03:13:03 PM IST   nvme0n1      0.00      0.00      0.00      0.00      0.00      0.00      0.00      0.00
03:13:03 PM IST       sda      2.00      0.00     88.00      0.00     44.00      0.00      0.50      0.00

03:13:03 PM IST       DEV       tps     rkB/s     wkB/s     dkB/s   areq-sz    aqu-sz     await     %util
03:13:04 PM IST   nvme0n1      0.00      0.00      0.00      0.00      0.00      0.00      0.00      0.00
03:13:04 PM IST       sda     14.00      0.00    128.00      0.00      9.14      0.01      0.21      0.40

03:13:04 PM IST       DEV       tps     rkB/s     wkB/s     dkB/s   areq-sz    aqu-sz     await     %util
03:13:05 PM IST   nvme0n1      0.00      0.00      0.00      0.00      0.00      0.00      0.00      0.00
03:13:05 PM IST       sda      7.00      0.00    104.00      0.00     14.86      0.00      0.29      0.00

03:13:05 PM IST       DEV       tps     rkB/s     wkB/s     dkB/s   areq-sz    aqu-sz     await     %util
03:13:06 PM IST   nvme0n1      0.00      0.00      0.00      0.00      0.00      0.00      0.00      0.00
03:13:06 PM IST       sda      0.00      0.00      0.00      0.00      0.00      0.00      0.00      0.00

03:13:06 PM IST       DEV       tps     rkB/s     wkB/s     dkB/s   areq-sz    aqu-sz     await     %util
03:13:07 PM IST   nvme0n1      0.00      0.00      0.00      0.00      0.00      0.00      0.00      0.00
03:13:07 PM IST       sda      1.00      0.00      8.00      0.00      8.00      0.00      1.00      0.00

03:13:07 PM IST       DEV       tps     rkB/s     wkB/s     dkB/s   areq-sz    aqu-sz     await     %util
03:13:08 PM IST   nvme0n1      0.00      0.00      0.00      0.00      0.00      0.00      0.00      0.00
03:13:08 PM IST       sda     39.00      0.00    164.00      0.00      4.21      0.01      0.23      0.00

03:13:08 PM IST       DEV       tps     rkB/s     wkB/s     dkB/s   areq-sz    aqu-sz     await     %util
03:13:09 PM IST   nvme0n1      0.00      0.00      0.00      0.00      0.00      0.00      0.00      0.00
03:13:09 PM IST       sda      0.00      0.00      0.00      0.00      0.00      0.00      0.00      0.00

03:13:09 PM IST       DEV       tps     rkB/s     wkB/s     dkB/s   areq-sz    aqu-sz     await     %util
03:13:10 PM IST   nvme0n1      0.00      0.00      0.00      0.00      0.00      0.00      0.00      0.00
03:13:10 PM IST       sda     14.00      0.00    136.00      0.00      9.71      0.01      0.36      0.40

03:13:10 PM IST       DEV       tps     rkB/s     wkB/s     dkB/s   areq-sz    aqu-sz     await     %util
03:13:11 PM IST   nvme0n1      0.00      0.00      0.00      0.00      0.00      0.00      0.00      0.00
03:13:11 PM IST       sda      2.00      0.00     16.00      0.00      8.00      0.00      0.00      0.00

03:13:11 PM IST       DEV       tps     rkB/s     wkB/s     dkB/s   areq-sz    aqu-sz     await     %util
03:13:12 PM IST   nvme0n1      0.00      0.00      0.00      0.00      0.00      0.00      0.00      0.00
03:13:12 PM IST       sda      8.00      0.00     68.00      0.00      8.50      0.00      0.25      0.00

03:13:12 PM IST       DEV       tps     rkB/s     wkB/s     dkB/s   areq-sz    aqu-sz     await     %util
03:13:13 PM IST   nvme0n1      0.00      0.00      0.00      0.00      0.00      0.00      0.00      0.00
03:13:13 PM IST       sda      0.00      0.00      0.00      0.00      0.00      0.00      0.00      0.00

03:13:13 PM IST       DEV       tps     rkB/s     wkB/s     dkB/s   areq-sz    aqu-sz     await     %util
03:13:14 PM IST   nvme0n1      0.00      0.00      0.00      0.00      0.00      0.00      0.00      0.00
03:13:14 PM IST       sda      0.00      0.00      0.00      0.00      0.00      0.00      0.00      0.00

03:13:14 PM IST       DEV       tps     rkB/s     wkB/s     dkB/s   areq-sz    aqu-sz     await     %util
03:13:15 PM IST   nvme0n1      0.00      0.00      0.00      0.00      0.00      0.00      0.00      0.00
03:13:15 PM IST       sda      2.00      0.00     64.00      0.00     32.00      0.00      0.50      0.00

03:13:15 PM IST       DEV       tps     rkB/s     wkB/s     dkB/s   areq-sz    aqu-sz     await     %util
03:13:16 PM IST   nvme0n1      0.00      0.00      0.00      0.00      0.00      0.00      0.00      0.00
03:13:16 PM IST       sda     13.00      0.00    124.00      0.00      9.54      0.01      0.38      0.00

03:13:16 PM IST       DEV       tps     rkB/s     wkB/s     dkB/s   areq-sz    aqu-sz     await     %util
03:13:17 PM IST   nvme0n1      0.00      0.00      0.00      0.00      0.00      0.00      0.00      0.00
03:13:17 PM IST       sda      1.00      0.00      8.00      0.00      8.00      0.00      0.00      0.00

03:13:17 PM IST       DEV       tps     rkB/s     wkB/s     dkB/s   areq-sz    aqu-sz     await     %util
03:13:18 PM IST   nvme0n1      0.00      0.00      0.00      0.00      0.00      0.00      0.00      0.00
03:13:18 PM IST       sda      5.00      0.00    108.00      0.00     21.60      0.00      0.60      0.40

03:13:18 PM IST       DEV       tps     rkB/s     wkB/s     dkB/s   areq-sz    aqu-sz     await     %util
03:13:19 PM IST   nvme0n1      0.00      0.00      0.00      0.00      0.00      0.00      0.00      0.00
03:13:19 PM IST       sda     33.00      0.00    392.00      0.00     11.88      0.01      0.21      0.00

03:13:19 PM IST       DEV       tps     rkB/s     wkB/s     dkB/s   areq-sz    aqu-sz     await     %util
03:13:20 PM IST   nvme0n1      0.00      0.00      0.00      0.00      0.00      0.00      0.00      0.00
03:13:20 PM IST       sda      0.00      0.00      0.00      0.00      0.00      0.00      0.00      0.00

03:13:20 PM IST       DEV       tps     rkB/s     wkB/s     dkB/s   areq-sz    aqu-sz     await     %util
03:13:21 PM IST   nvme0n1      0.00      0.00      0.00      0.00      0.00      0.00      0.00      0.00
03:13:21 PM IST       sda      4.00      0.00     32.00      0.00      8.00      0.00      0.50      0.00

03:13:21 PM IST       DEV       tps     rkB/s     wkB/s     dkB/s   areq-sz    aqu-sz     await     %util
03:13:22 PM IST   nvme0n1      0.00      0.00      0.00      0.00      0.00      0.00      0.00      0.00
03:13:22 PM IST       sda      1.00      0.00    256.00      0.00    256.00      0.02     17.00      1.60

03:13:22 PM IST       DEV       tps     rkB/s     wkB/s     dkB/s   areq-sz    aqu-sz     await     %util
03:13:23 PM IST   nvme0n1      0.00      0.00      0.00      0.00      0.00      0.00      0.00      0.00
03:13:23 PM IST       sda      1.00      0.00      4.00      0.00      4.00      0.00      1.00      0.00

03:13:23 PM IST       DEV       tps     rkB/s     wkB/s     dkB/s   areq-sz    aqu-sz     await     %util
03:13:24 PM IST   nvme0n1      0.00      0.00      0.00      0.00      0.00      0.00      0.00      0.00
03:13:24 PM IST       sda      2.00      0.00     20.00      0.00     10.00      0.00      0.50      0.00

03:13:24 PM IST       DEV       tps     rkB/s     wkB/s     dkB/s   areq-sz    aqu-sz     await     %util
03:13:25 PM IST   nvme0n1      0.00      0.00      0.00      0.00      0.00      0.00      0.00      0.00
03:13:25 PM IST       sda      3.00      0.00    256.00      0.00     85.33      0.00      1.00      0.00

03:13:25 PM IST       DEV       tps     rkB/s     wkB/s     dkB/s   areq-sz    aqu-sz     await     %util
03:13:26 PM IST   nvme0n1      0.00      0.00      0.00      0.00      0.00      0.00      0.00      0.00
03:13:26 PM IST       sda     13.86      0.00     71.29      0.00      5.14      0.00      0.21      0.00

03:13:26 PM IST       DEV       tps     rkB/s     wkB/s     dkB/s   areq-sz    aqu-sz     await     %util
03:13:27 PM IST   nvme0n1      0.00      0.00      0.00      0.00      0.00      0.00      0.00      0.00
03:13:27 PM IST       sda      0.00      0.00      0.00      0.00      0.00      0.00      0.00      0.00

03:13:27 PM IST       DEV       tps     rkB/s     wkB/s     dkB/s   areq-sz    aqu-sz     await     %util
03:13:28 PM IST   nvme0n1      0.00      0.00      0.00      0.00      0.00      0.00      0.00      0.00
03:13:28 PM IST       sda      0.00      0.00      0.00      0.00      0.00      0.00      0.00      0.00

03:13:28 PM IST       DEV       tps     rkB/s     wkB/s     dkB/s   areq-sz    aqu-sz     await     %util
03:13:29 PM IST   nvme0n1      0.00      0.00      0.00      0.00      0.00      0.00      0.00      0.00
03:13:29 PM IST       sda     12.00      0.00    288.00      0.00     24.00      0.01      0.33      0.40

03:13:29 PM IST       DEV       tps     rkB/s     wkB/s     dkB/s   areq-sz    aqu-sz     await     %util
03:13:30 PM IST   nvme0n1      0.00      0.00      0.00      0.00      0.00      0.00      0.00      0.00
03:13:30 PM IST       sda      0.00      0.00      0.00      0.00      0.00      0.00      0.00      0.00

03:13:30 PM IST       DEV       tps     rkB/s     wkB/s     dkB/s   areq-sz    aqu-sz     await     %util
03:13:31 PM IST   nvme0n1      0.00      0.00      0.00      0.00      0.00      0.00      0.00      0.00
03:13:31 PM IST       sda      3.00      0.00     24.00      0.00      8.00      0.00      0.67      0.00

03:13:31 PM IST       DEV       tps     rkB/s     wkB/s     dkB/s   areq-sz    aqu-sz     await     %util
03:13:32 PM IST   nvme0n1      0.00      0.00      0.00      0.00      0.00      0.00      0.00      0.00
03:13:32 PM IST       sda     33.00      0.00    364.00      0.00     11.03      0.01      0.18      0.00

03:13:32 PM IST       DEV       tps     rkB/s     wkB/s     dkB/s   areq-sz    aqu-sz     await     %util
03:13:33 PM IST   nvme0n1      0.00      0.00      0.00      0.00      0.00      0.00      0.00      0.00
03:13:33 PM IST       sda      0.00      0.00      0.00      0.00      0.00      0.00      0.00      0.00

03:13:33 PM IST       DEV       tps     rkB/s     wkB/s     dkB/s   areq-sz    aqu-sz     await     %util
03:13:34 PM IST   nvme0n1      0.00      0.00      0.00      0.00      0.00      0.00      0.00      0.00
03:13:34 PM IST       sda      0.00      0.00      0.00      0.00      0.00      0.00      0.00      0.00

03:13:34 PM IST       DEV       tps     rkB/s     wkB/s     dkB/s   areq-sz    aqu-sz     await     %util
03:13:35 PM IST   nvme0n1      0.00      0.00      0.00      0.00      0.00      0.00      0.00      0.00
03:13:35 PM IST       sda     29.00      0.00    260.00      0.00      8.97      0.01      0.17      0.00

03:13:35 PM IST       DEV       tps     rkB/s     wkB/s     dkB/s   areq-sz    aqu-sz     await     %util
03:13:36 PM IST   nvme0n1      0.00      0.00      0.00      0.00      0.00      0.00      0.00      0.00
03:13:36 PM IST       sda      2.00      0.00     12.00      0.00      6.00      0.00      0.50      0.00

03:13:36 PM IST       DEV       tps     rkB/s     wkB/s     dkB/s   areq-sz    aqu-sz     await     %util
03:13:37 PM IST   nvme0n1      0.00      0.00      0.00      0.00      0.00      0.00      0.00      0.00
03:13:37 PM IST       sda      3.00      0.00     28.00      0.00      9.33      0.00      0.33      0.00

03:13:37 PM IST       DEV       tps     rkB/s     wkB/s     dkB/s   areq-sz    aqu-sz     await     %util
03:13:38 PM IST   nvme0n1      0.00      0.00      0.00      0.00      0.00      0.00      0.00      0.00
03:13:38 PM IST       sda     21.00      0.00    256.00      0.00     12.19      0.01      0.38      0.00

03:13:38 PM IST       DEV       tps     rkB/s     wkB/s     dkB/s   areq-sz    aqu-sz     await     %util
03:13:39 PM IST   nvme0n1      0.00      0.00      0.00      0.00      0.00      0.00      0.00      0.00
03:13:39 PM IST       sda      0.00      0.00      0.00      0.00      0.00      0.00      0.00      0.00

03:13:39 PM IST       DEV       tps     rkB/s     wkB/s     dkB/s   areq-sz    aqu-sz     await     %util
03:13:40 PM IST   nvme0n1      0.00      0.00      0.00      0.00      0.00      0.00      0.00      0.00
03:13:40 PM IST       sda     11.00      0.00     56.00      0.00      5.09      0.01      0.73      0.00

03:13:40 PM IST       DEV       tps     rkB/s     wkB/s     dkB/s   areq-sz    aqu-sz     await     %util
03:13:41 PM IST   nvme0n1      0.00      0.00      0.00      0.00      0.00      0.00      0.00      0.00
03:13:41 PM IST       sda     21.00      0.00    276.00      0.00     13.14      0.00      0.19      0.00

03:13:41 PM IST       DEV       tps     rkB/s     wkB/s     dkB/s   areq-sz    aqu-sz     await     %util
03:13:42 PM IST   nvme0n1      0.00      0.00      0.00      0.00      0.00      0.00      0.00      0.00
03:13:42 PM IST       sda      0.00      0.00      0.00      0.00      0.00      0.00      0.00      0.00

03:13:42 PM IST       DEV       tps     rkB/s     wkB/s     dkB/s   areq-sz    aqu-sz     await     %util
03:13:43 PM IST   nvme0n1      0.00      0.00      0.00      0.00      0.00      0.00      0.00      0.00
03:13:43 PM IST       sda      9.00      0.00     96.00      0.00     10.67      0.01      0.33      0.00

03:13:43 PM IST       DEV       tps     rkB/s     wkB/s     dkB/s   areq-sz    aqu-sz     await     %util
03:13:44 PM IST   nvme0n1      0.00      0.00      0.00      0.00      0.00      0.00      0.00      0.00
03:13:44 PM IST       sda      0.00      0.00      0.00      0.00      0.00      0.00      0.00      0.00

03:13:44 PM IST       DEV       tps     rkB/s     wkB/s     dkB/s   areq-sz    aqu-sz     await     %util
03:13:45 PM IST   nvme0n1      0.00      0.00      0.00      0.00      0.00      0.00      0.00      0.00
03:13:45 PM IST       sda     41.00      0.00    472.00      0.00     11.51      0.02      0.34      0.40

03:13:45 PM IST       DEV       tps     rkB/s     wkB/s     dkB/s   areq-sz    aqu-sz     await     %util
03:13:46 PM IST   nvme0n1      0.00      0.00      0.00      0.00      0.00      0.00      0.00      0.00
03:13:46 PM IST       sda      0.00      0.00      0.00      0.00      0.00      0.00      0.00      0.00

03:13:46 PM IST       DEV       tps     rkB/s     wkB/s     dkB/s   areq-sz    aqu-sz     await     %util
03:13:47 PM IST   nvme0n1      0.00      0.00      0.00      0.00      0.00      0.00      0.00      0.00
03:13:47 PM IST       sda      3.00      0.00     20.00      0.00      6.67      0.00      0.67      0.00

03:13:47 PM IST       DEV       tps     rkB/s     wkB/s     dkB/s   areq-sz    aqu-sz     await     %util
03:13:48 PM IST   nvme0n1      0.00      0.00      0.00      0.00      0.00      0.00      0.00      0.00
03:13:48 PM IST       sda      0.00      0.00      0.00      0.00      0.00      0.00      0.00      0.00

03:13:48 PM IST       DEV       tps     rkB/s     wkB/s     dkB/s   areq-sz    aqu-sz     await     %util
03:13:49 PM IST   nvme0n1      0.00      0.00      0.00      0.00      0.00      0.00      0.00      0.00
03:13:49 PM IST       sda     43.00      0.00    188.00      0.00      4.37      0.01      0.33      0.00

03:13:49 PM IST       DEV       tps     rkB/s     wkB/s     dkB/s   areq-sz    aqu-sz     await     %util
03:13:50 PM IST   nvme0n1      0.00      0.00      0.00      0.00      0.00      0.00      0.00      0.00
03:13:50 PM IST       sda      4.00      0.00     32.00      0.00      8.00      0.00      0.50      0.00

03:13:50 PM IST       DEV       tps     rkB/s     wkB/s     dkB/s   areq-sz    aqu-sz     await     %util
03:13:51 PM IST   nvme0n1      0.00      0.00      0.00      0.00      0.00      0.00      0.00      0.00
03:13:51 PM IST       sda      2.00      0.00     48.00      0.00     24.00      0.00      0.50      0.00

03:13:51 PM IST       DEV       tps     rkB/s     wkB/s     dkB/s   areq-sz    aqu-sz     await     %util
03:13:52 PM IST   nvme0n1      0.00      0.00      0.00      0.00      0.00      0.00      0.00      0.00
03:13:52 PM IST       sda      5.00      0.00     64.00      0.00     12.80      0.00      0.40      0.00

03:13:52 PM IST       DEV       tps     rkB/s     wkB/s     dkB/s   areq-sz    aqu-sz     await     %util
03:13:53 PM IST   nvme0n1      0.00      0.00      0.00      0.00      0.00      0.00      0.00      0.00
03:13:53 PM IST       sda      0.00      0.00      0.00      0.00      0.00      0.00      0.00      0.00

03:13:53 PM IST       DEV       tps     rkB/s     wkB/s     dkB/s   areq-sz    aqu-sz     await     %util
03:13:54 PM IST   nvme0n1      0.00      0.00      0.00      0.00      0.00      0.00      0.00      0.00
03:13:54 PM IST       sda     16.00      0.00     76.00      0.00      4.75      0.01      0.69      0.00

03:13:54 PM IST       DEV       tps     rkB/s     wkB/s     dkB/s   areq-sz    aqu-sz     await     %util
03:13:55 PM IST   nvme0n1      0.00      0.00      0.00      0.00      0.00      0.00      0.00      0.00
03:13:55 PM IST       sda      2.00      0.00     16.00      0.00      8.00      0.00      0.50      0.00

03:13:55 PM IST       DEV       tps     rkB/s     wkB/s     dkB/s   areq-sz    aqu-sz     await     %util
03:13:56 PM IST   nvme0n1      0.00      0.00      0.00      0.00      0.00      0.00      0.00      0.00
03:13:56 PM IST       sda      2.00      0.00     20.00      0.00     10.00      0.00      0.50      0.00
