procs -----------memory---------- ---swap-- -----io---- -system-- -------cpu-------
 r  b   swpd   free   buff  cache   si   so    bi    bo   in   cs us sy id wa st gu
 3  2 931436 1351824 104484 3315704    5   15   124   137 1145   19  3  2 95  0  0  0
49  0 931436 1270864 104484 3315468    0    0     0  1288 9525 40205  8  8 84  0  0  0
 5  0 931436 1254948 104484 3310436    0    0     0     0 19577 94734 14 11 75  0  0  0
38  0 931436 1271288 104484 3285676    0    0     0     0 20271 105322 15 10 75  0  0  0
16  0 931436 1269236 104512 3302776    0    0     0   212 20937 107276 16 11 73  0  0  0
23  0 931436 1271404 104512 3302760    0    0     0     0 22158 114911 15 10 76  0  0  0
40  0 931436 1279708 104512 3283408    0    0     0     0 20027 105705 15 10 75  0  0  0
 2  0 931436 1264224 104520 3283464    0    0     0   552 21198 108802 15 10 75  0  0  0
33  0 931436 1282508 104520 3283416    0    0     0     0 21508 107767 15 12 73  0  0  0
33  0 931436 1274400 104536 3283120    0    0     0   112 19700 103045 15 10 75  0  0  0
19  0 931436 1274748 104544 3283292    0    0     0    52 20861 107876 14 11 75  0  0  0
32  0 931436 1268712 104544 3283260    0    0     0     0 21780 112582 15 10 75  0  0  0
48  0 931436 1269080 104544 3283324    0    0     0    56 21585 110932 15 10 75  0  0  0
 7  0 931436 1265464 104544 3283448    0    0     0   256 20311 105047 15 10 75  0  0  0
 1  0 931436 1277656 104552 3283952    0    0     0   208 19410 89345 33 10 57  0  0  0
22  0 931436 1281928 104552 3283672    0    0     0    32 21113 109275 15 10 74  0  0  0
19  0 931436 1271904 104560 3283524    0    0     0    24 22413 115200 16 10 74  0  0  0
 9  0 931436 1266588 104560 3283392    0    0     0     0 21693 112964 16  9 75  0  0  0
 5  0 931436 1268900 104560 3283380    0    0     0   196 20913 108036 15 10 75  0  0  0
32  0 931436 1266876 104568 3283372    0    0     0   216 23473 118132 15 10 75  0  0  0
 6  0 931436 1267816 104568 3283880    0    0     0     0 21694 110990 16 10 74  0  0  0
procs -----------memory---------- ---swap-- -----io---- -system-- -------cpu-------
 r  b   swpd   free   buff  cache   si   so    bi    bo   in   cs us sy id wa st gu
15  0 931436 1282024 104576 3283904    0    0     0    20 22344 112309 15 10 75  0  0  0
 5  0 931436 1272080 104576 3284288    0    0     0     0 22582 114063 14 11 75  0  0  0
12  0 931436 1290872 104592 3284132    0    0     0   100 22114 112569 15 11 74  0  0  0
 3  0 931436 1281692 104592 3283532    0    0     0   252 21971 110344 14 11 75  0  0  0
14  0 931436 1277060 104592 3283760    0    0     0     0 21246 108915 15 10 75  0  0  0
13  0 931436 1288932 104600 3283816    0    0     0    20 21264 109776 14 11 75  0  0  0
17  0 931436 1296760 104600 3283556    0    0     0     0 22815 116626 16 10 74  0  0  0
42  0 931436 1297076 104608 3283632    0    0     0    32 21557 111085 15 10 75  0  0  0
41  0 931436 1296768 104624 3283644    0    0     8   440 22174 112873 14 10 76  0  0  0
 4  0 931436 1276268 104624 3283948    0    0     0     0 21285 108816 14 11 75  0  0  0
23  0 931436 1315608 104624 3283912    0    0     0     0 22238 112116 15 10 74  0  0  0
 1  0 931436 1284772 104632 3283920    0    0     0    28 21793 110686 15 10 75  0  0  0
18  0 931436 1297832 104632 3284040    0    0     0     0 21205 109939 14 11 75  0  0  0
28  0 931436 1262612 104640 3284128    0    0     0    28 21298 108565 15 10 75  0  0  0
 3  0 931436 1272288 104640 3283964    0    0     0     4 22824 111028 15 10 75  0  0  0
11  0 931436 1270804 104656 3283940    0    0     0    96 21882 111764 16 10 74  0  0  0
18  0 931436 1276764 104664 3283992    0    0     0    24 21668 110206 15 10 75  0  0  0
 3  0 931436 1269576 104664 3284204    0    0     0     0 21470 110034 15 10 75  0  0  0
 5  0 931436 1272588 104664 3284084    0    0     0     0 20723 107144 15 10 75  0  0  0
23  0 931436 1270388 104664 3284084    0    0     0     0 22011 112989 15 10 75  0  0  0
44  0 931436 1286624 104672 3283964    0    0     0    24 22286 113051 15 10 75  0  0  0
procs -----------memory---------- ---swap-- -----io---- -system-- -------cpu-------
 r  b   swpd   free   buff  cache   si   so    bi    bo   in   cs us sy id wa st gu
 5  0 931436 1268652 104672 3283936    0    0     0     0 21828 108558 15 11 75  0  0  0
 4  0 931436 1259952 104696 3283960    0    0     0   116 21459 109750 15 10 75  0  0  0
13  0 931436 1275532 104696 3284292    0    0     0     0 20084 107197 15 10 75  0  0  0
44  0 931436 1272920 104696 3284156    0    0     0   132 21811 110073 15 10 75  0  0  0
 8  0 931436 1268232 104696 3284316    0    0     0    68 20912 106831 16 10 75  0  0  0
 5  0 931436 1264644 104696 3284148    0    0     0     0 21166 107863 15 10 75  0  0  0
 1  0 931436 1262496 104712 3284972    0    0     0    80 22919 113466 15 10 75  0  0  0
41  0 931436 1272864 104728 3284964    0    0     0   128 22389 112697 15 10 75  0  0  0
 5  0 931436 1258972 104728 3284996    0    0     0    88 22287 112042 15 10 75  0  0  0
 4  0 931436 1255920 104728 3284900    0    0     0     0 21144 108966 15 10 75  0  0  0
47  0 931436 1251288 104728 3284256    0    0     0     0 22287 113564 15 11 74  0  0  0
 7  0 931436 1253828 104728 3284380    0    0     0     0 22642 111842 15 10 75  0  0  0
13  0 931436 1257016 104744 3284388    0    0     0    40 21712 111268 15 10 75  0  0  0
44  0 931436 1262564 104744 3284296    0    0     0     0 21783 110682 15 10 75  0  0  0
12  0 931436 1245676 104744 3284296    0    0     0     0 21119 109104 15  9 75  0  0  0
32  0 931436 1263536 104744 3284156    0    0     0     0 22244 113105 14 11 75  0  0  0
41  0 931436 1266896 104744 3284120    0    0     0     0 21665 108932 16 10 75  0  0  0
 9  0 931436 1267664 104752 3284144    0    0     0    24 23007 116504 15  9 75  0  0  0
47  0 931436 1256320 104776 3284152    0    0     0   528 22399 113283 15 10 75  0  0  0
16  0 931436 1260036 104776 3284344    0    0     0     0 22391 111165 16  9 75  0  0  0
 3  0 931436 1258256 104792 3284264    0    0     0   112 22441 112677 15 10 75  0  0  0
procs -----------memory---------- ---swap-- -----io---- -system-- -------cpu-------
 r  b   swpd   free   buff  cache   si   so    bi    bo   in   cs us sy id wa st gu
50  0 931436 1256804 104800 3284524    0    0     0   244 22541 112743 15 10 75  0  0  0
18  0 931436 1270300 104800 3284376    0    0     0     0 21065 108066 15 10 75  0  0  0
 3  0 931436 1231148 104808 3284328    0    0     0    28 23136 114702 16  9 75  0  0  0
48  0 931436 1234576 104808 3284352    0    0     0     0 21713 110448 15 10 75  0  0  0
 9  0 931436 1237660 104808 3284368    0    0     0     0 22486 113677 15 10 75  0  0  0
13  0 931436 1243052 104816 3284296    0    0     0    84 21671 110710 15 10 75  0  0  0
19  0 931436 1239700 104816 3284404    0    0     0     0 21037 108308 15 10 75  0  0  0
49  0 931436 1238364 104816 3284572    0    0     0     0 22086 111752 15 10 75  0  0  0
 3  0 931436 1235836 104824 3284640    0    0     0    16 21362 110255 15 10 75  0  0  0
 3  0 931436 1237940 104824 3284608    0    0     0     0 21366 110809 15 10 75  0  0  0
17  0 931436 1241792 104832 3284600    0    0     0    20 22807 115258 14 10 75  0  0  0
10  0 931436 1240172 104832 3284400    0    0     0     0 21804 110145 15 10 75  0  0  0
19  0 931436 1247816 104832 3284860    0    0     0     0 23009 114074 15 10 75  0  0  0
 4  0 931436 1237080 104848 3285052    0    0     0   256 23495 119415 14 10 75  0  0  0
 3  0 931436 1235504 104856 3285052    0    0     0    76 21966 109945 15 10 75  0  0  0
40  0 931436 1252212 104856 3285196    0    0     0     4 22079 112255 14 11 75  0  0  0
43  0 931436 1238824 104856 3284724    0    0     0     0 22016 110779 15 10 75  0  0  0
49  0 931436 1236172 104856 3284696    0    0     0     0 22516 112605 15 10 75  0  0  0
 6  0 931436 1206864 104864 3284804    0    0     0    40 21809 107078 15 11 74  0  0  0
 3  0 931436 1210696 104872 3284804    0    0     0    20 22892 115361 15 10 75  0  0  0
 2  0 931436 1218812 104872 3284688    0    0     0     0 21977 111841 15 10 75  0  0  0
procs -----------memory---------- ---swap-- -----io---- -system-- -------cpu-------
 r  b   swpd   free   buff  cache   si   so    bi    bo   in   cs us sy id wa st gu
 8  0 931436 1210548 104872 3284652    0    0     0     0 21798 112868 15 10 76  0  0  0
 2  0 931436 1208812 104872 3284692    0    0     0     0 22677 111997 16  9 75  0  0  0
 2  0 931436 1209176 104880 3284752    0    0     0   128 22500 113916 15  9 76  0  0  0
17  0 931436 1223340 104880 3284548    0    0     0     0 23301 116977 14 10 75  0  0  0
20  0 931436 1212112 104888 3284784    0    0     0    24 22799 111563 15 10 75  0  0  0
 6  0 931436 1203996 104904 3284848    0    0     8   100 22972 113943 15 10 75  0  0  0
26  0 931436 1207560 104920 3284824    0    0     0   120 22227 112069 15  9 75  0  0  0
 2  0 931436 1207896 104920 3284840    0    0     0     0 22815 114289 15 11 75  0  0  0
 3  0 931436 1214292 104920 3284780    0    0     0   428 22176 111936 16  9 75  0  0  0
19  0 931436 1223332 104928 3284932    0    0     0    20 22092 110380 15 10 75  0  0  0
 8  0 931436 1218624 104928 3284952    0    0     0     0 22291 113027 15 10 75  0  0  0
 7  0 931436 1203416 104936 3285424    0    0     0    24 21813 111051 14 11 76  0  0  0
 6  0 931436 1211144 104936 3285240    0    0     0    20 21041 107436 15 11 74  0  0  0
15  0 931436 1210700 104936 3285028    0    0     0     0 22145 114043 15 10 75  0  0  0
 5  0 931436 1211192 104936 3285116    0    0     0     0 20681 107147 15 10 75  0  0  0
12  0 931436 1204896 104944 3285180    0    0     0    20 22239 113574 15 10 75  0  0  0
 3  0 931436 1181908 104952 3285068    0    0     0    24 21789 112074 15 10 75  0  0  0
 1  0 931436 1157140 104952 3285116    0    0     0    24 22469 108420 15 10 75  0  0  0
44  0 931436 1169844 104968 3285096    0    0     0    96 22310 111456 15 10 75  0  0  0
43  0 931436 1170728 104968 3285212    0    0     0     0 23089 114633 15 10 75  0  0  0
 4  0 931436 1161704 104968 3285068    0    0     0     0 21400 109935 15 10 75  0  0  0
procs -----------memory---------- ---swap-- -----io---- -system-- -------cpu-------
 r  b   swpd   free   buff  cache   si   so    bi    bo   in   cs us sy id wa st gu
11  0 931436 1180684 104976 3285468    0    0     0    20 22561 111102 15 10 75  0  0  0
50  0 931436 1173680 104976 3285804    0    0     0   156 22931 113928 15 11 74  0  0  0
 2  0 931436 1181780 104984 3285684    0    0     0   460 22092 111516 15 10 75  0  0  0
43  0 931436 1181680 104984 3285524    0    0     0    60 21725 111560 15 10 75  0  0  0
14  0 931436 1180400 104984 3285604    0    0     0     8 22705 112730 14 10 76  0  0  0
 5  0 931436 1177300 104992 3285560    0    0     0    28 23097 115217 15  9 76  0  0  0
 2  0 931436 1172088 104992 3285300    0    0     0     0 21752 108567 14 10 75  0  0  0
26  0 931436 1171252 105000 3285312    0    0     0    64 21595 108112 15 10 75  0  0  0
 7  0 931436 1168932 105000 3285368    0    0     0     0 22252 111650 15 10 75  0  0  0
24  0 931436 1185984 105000 3285320    0    0     0     0 22186 112636 16  9 75  0  0  0
26  0 931436 1185676 105000 3285424    0    0     0     0 23208 114516 15 10 74  0  0  0
 4  0 931436 1179548 105024 3285432    0    0     0   120 23452 118872 14 10 76  0  0  0
 6  0 931436 1178924 105024 3285400    0    0     0    88 21980 110148 14 10 76  0  0  0
52  0 931436 1188560 105024 3285196    0    0     0     0 22567 113284 15 10 75  0  0  0
47  0 931436 1187176 105024 3285472    0    0     0     0 22370 110914 14 11 75  0  0  0
21  0 931436 1199252 105024 3285336    0    0     0     0 23523 116621 15 10 75  0  0  0
27  0 931436 1196420 105048 3285268    0    0     0   112 22920 114284 14 10 75  0  0  0
 6  0 931436 1179512 105088 3285384    0    0     0   280 23892 117022 15 10 75  0  0  0
43  0 931436 1195404 105088 3285444    0    0     0     0 22349 112177 15 10 75  0  0  0
 3  0 931436 1185976 105088 3285420    0    0     0     0 23745 118980 15  9 76  0  0  0
 4  0 931436 1109792 105088 3285380    0    0     0   256 22088 110027 16 10 75  0  0  0
procs -----------memory---------- ---swap-- -----io---- -system-- -------cpu-------
 r  b   swpd   free   buff  cache   si   so    bi    bo   in   cs us sy id wa st gu
 5  0 931436 1148076 105096 3285304    0    0     0    24 21732 108576 15 11 75  0  0  0
27  0 931436 1171992 105104 3285592    0    0     0   104 22562 112242 14 10 75  0  0  0
 2  0 931436 1155128 105104 3285688    0    0     0   256 23516 116583 15 10 75  0  0  0
45  0 931436 1156232 105120 3285508    0    0     0   172 22896 113773 15 10 75  0  0  0
17  0 931436 1161928 105120 3285632    0    0     0     8 20582 105746 15 10 75  0  0  0
18  0 931436 1171336 105120 3285608    0    0     0   256 22639 114366 15 10 75  0  0  0
 2  0 931436 1144820 105128 3285584    0    0     0    28 21955 112976 14 10 75  0  0  0
36  0 931436 1163748 105128 3285552    0    0     0    72 22076 111971 15 10 75  0  0  0
 6  0 931436 1166952 105136 3285624    0    0     0    24 23289 116186 15 10 75  0  0  0
 2  0 931436 1162984 105136 3285420    0    0     0   256 21495 109745 15 10 75  0  0  0
 2  0 931436 1173340 105136 3285388    0    0     0     0 21639 109450 15 10 75  0  0  0
27  0 931436 1172580 105176 3285704    0    0     0   496 22310 111986 14 10 75  0  0  0
18  0 931436 1194500 105192 3285676    0    0     0   532 21511 109029 15 10 75  0  0  0
 7  0 931436 1171664 105200 3286028    0    0     0   116 22125 111200 15 11 74  0  0  0
47  0 931436 1180700 105200 3286272    0    0     0     8 22460 113568 15 10 75  0  0  0
 4  0 931436 1175152 105200 3285824    0    0     0     0 22569 110203 15 11 74  0  0  0
47  0 931436 1181636 105216 3285760    0    0     0   112 22390 113106 15 10 75  0  0  0
23  0 931436 1179000 105224 3285828    0    0     0    20 22351 112970 15 10 75  0  0  0
 6  0 931436 1185156 105224 3285832    0    0     0   140 22795 115274 14 10 75  0  0  0
32  0 931436 1176316 105224 3285672    0    0     0     0 23192 115243 14 11 75  0  0  0
38  0 931436 1183312 105224 3285608    0    0     0     0 22606 114256 14 11 75  0  0  0
procs -----------memory---------- ---swap-- -----io---- -system-- -------cpu-------
 r  b   swpd   free   buff  cache   si   so    bi    bo   in   cs us sy id wa st gu
24  0 931436 1173764 105232 3285768    0    0     0    24 22177 111777 15 10 75  0  0  0
47  0 931436 1180132 105232 3285848    0    0     0     0 22107 113098 15 10 75  0  0  0
10  0 931436 1166916 105240 3285884    0    0     0    16 22749 112797 16 10 75  0  0  0
 2  0 931436 1166920 105248 3285768    0    0     8    32 22223 112939 15 10 75  0  0  0
51  0 931436 1174524 105264 3286016    0    0     0   120 22528 114204 14 10 76  0  0  0
33  0 931436 1188332 105264 3285888    0    0     0     4 22175 112271 14 11 75  0  0  0
 4  0 931436 1170816 105264 3285900    0    0     0     0 21720 109286 14 11 76  0  0  0
15  0 931436 1184820 105264 3286044    0    0     0     0 22408 109753 15 10 75  0  0  0
 5  0 931436 1141528 105280 3285960    0    0     0   100 21738 109306 15 10 75  0  0  0
 7  0 931436 1119084 105288 3285996    0    0     0    16 23186 108183 15 10 74  0  0  0
 2  0 931436 1124172 105288 3285996    0    0     0     0 23959 118155 15 10 75  0  0  0
50  0 931436 1128372 105288 3285996    0    0     0     0 22382 112477 15 10 75  0  0  0
19  0 931436 1130568 105288 3286104    0    0     0     0 21729 108575 15 10 75  0  0  0
14  0 931436 1130600 105296 3286128    0    0     0    24 22792 115477 15 10 75  0  0  0
 9  0 931436 1125744 105296 3285960    0    0     0     0 22717 112471 15 10 75  0  0  0
 1  0 931436 1131896 105304 3286476    0    0     0    20 22911 114533 15 10 75  0  0  0
42  0 931436 1139176 105304 3286656    0    0     0    28 23164 117227 15 11 75  0  0  0
47  0 931436 1136124 105304 3286232    0    0     0     0 23882 119743 16  9 75  0  0  0
 8  0 931436 1126284 105312 3286212    0    0     0    20 21486 108222 15 10 75  0  0  0
 9  0 931436 1126116 105312 3286340    0    0     0     0 22367 112267 15 10 75  0  0  0
17  0 931436 1129216 105312 3286340    0    0     0     0 22377 112376 15 10 75  0  0  0
procs -----------memory---------- ---swap-- -----io---- -system-- -------cpu-------
 r  b   swpd   free   buff  cache   si   so    bi    bo   in   cs us sy id wa st gu
11  0 931436 1137224 105320 3286580    0    0     0    16 21768 108161 16 10 74  0  0  0
36  0 931436 1137348 105336 3286616    0    0     0   648 23685 114202 14 10 75  0  0  0
12  0 931436 1131424 105336 3286680    0    0     0    60 21981 111023 15 10 75  0  0  0
41  0 931436 1145660 105336 3286036    0    0     0     8 22296 112217 15 10 74  0  0  0
 6  0 931436 1130808 105336 3286176    0    0     0     0 22919 116270 16  9 76  0  0  0
 9  0 931436 1130812 105344 3286180    0    0     0    20 23580 117495 15  9 75  0  0  0
 7  0 931436 1150440 105352 3286404    0    0     0   188 21842 110442 15 10 75  0  0  0
35  0 931436 1135984 105352 3286492    0    0     0     0 21404 110259 15 10 75  0  0  0
 2  0 931436 1134416 105352 3286484    0    0     0     0 22735 112134 15 11 74  0  0  0
39  0 931436 1132996 105352 3286692    0    0     0     0 23006 115038 15 10 75  0  0  0
44  0 931436 1135192 105352 3286600    0    0     0     0 21588 109788 15  9 76  0  0  0
20  0 931436 1138068 105368 3286668    0    0     0   160 23467 118350 15 10 75  0  0  0
50  0 931436 1136600 105368 3286296    0    0     0     0 22026 110893 16 10 74  0  0  0
53  0 931436 1131792 105368 3286672    0    0     0     0 21924 107130 15 10 75  0  0  0
 8  0 931436 1129924 105400 3287188    0    0     0   172 23072 115517 15  9 75  0  0  0
48  0 931436 1137680 105400 3287596    0    0     0     0 21981 109854 14 10 75  0  0  0
21  0 931436 1148840 105408 3286752    0    0     0    28 22667 112537 15 10 75  0  0  0
 8  0 931436 1144528 105408 3286608    0    0     0     0 23070 115774 15 10 75  0  0  0
19  0 931436 1136332 105408 3286588    0    0     0     0 22145 111180 15  9 75  0  0  0
30  0 931436 1135652 105416 3286572    0    0     0    24 23547 116702 15  9 75  0  0  0
18  0 931436 1129220 105416 3286708    0    0     0     0 23193 115997 15 10 75  0  0  0
procs -----------memory---------- ---swap-- -----io---- -system-- -------cpu-------
 r  b   swpd   free   buff  cache   si   so    bi    bo   in   cs us sy id wa st gu
 6  0 931436 1134708 105416 3286676    0    0     0     0 23100 117071 15 10 75  0  0  0
47  0 931436 1125140 105424 3286612    0    0     0    16 23141 114263 15 10 75  0  0  0
15  0 931436 1142992 105424 3286720    0    0     0     0 23391 116873 15 10 75  0  0  0
13  0 931436 1127060 105432 3286624    0    0     0    24 22858 115148 15 10 75  0  0  0
 4  0 931436 1061056 105432 3286880    0    0     0     0 22246 109414 15 10 75  0  0  0
45  0 931436 1023756 105432 3286780    0    0     0     0 24045 117338 16 10 75  0  0  0
10  0 931436 1070068 105448 3286816    0    0     0    96 23861 109095 19 10 70  0  0  0
 1  0 931436 1081724 105456 3287192    0    0     0    20 20369 96372 29 11 60  0  0  0
 3  0 931436 1079892 105464 3287256    0    0     0   244 21882 110365 13 11 76  0  0  0
41  0 931436 1084680 105464 3287272    0    0     0    12 22531 113629 16  9 74  0  0  0
 9  0 931436 1080344 105464 3287080    0    0     0   396 22245 111936 15 10 76  0  0  0
 6  0 931436 1084636 105464 3287064    0    0     0     0 22605 112664 15 10 75  0  0  0
30  0 931436 1092192 105464 3287036    0    0     0    52 22746 114961 14 10 76  0  0  0
21  0 931436 1099808 105480 3286980    0    0     0   104 21170 107263 15 10 75  0  0  0
 5  0 931436 1098044 105480 3287244    0    0     0     0 23628 117247 15 11 75  0  0  0
40  0 931436 1118536 105480 3287116    0    0     0     0 22952 116306 15 10 75  0  0  0
27  0 931436 1102472 105480 3287068    0    0     0   172 23525 117892 16  9 75  0  0  0
28  0 931436 1110364 105480 3287232    0    0     0     0 22951 114600 16  9 75  0  0  0
 2  0 931436 1095132 105496 3287180    0    0     0    40 22174 110758 14 10 75  0  0  0
36  0 931436 1103444 105512 3287120    0    0     0    96 23273 115412 15 11 74  0  0  0
11  0 931436 1097472 105512 3287660    0    0     0     0 21884 112020 15 10 75  0  0  0
procs -----------memory---------- ---swap-- -----io---- -system-- -------cpu-------
 r  b   swpd   free   buff  cache   si   so    bi    bo   in   cs us sy id wa st gu
14  0 931436 1093684 105512 3287528    0    0     8   164 22549 113069 14 10 75  0  0  0
14  0 931436 1095248 105512 3287380    0    0     0     0 21056 107933 15 10 75  0  0  0
37  0 931436 1097376 105528 3287724    0    0     0   120 22722 114213 15 11 74  0  0  0
 7  0 931436 1105136 105536 3287736    0    0     0    16 20776 108015 16  9 75  0  0  0
 1  0 931436 1102624 105536 3287800    0    0     0     0 23802 118631 15 10 75  0  0  0
 2  0 931436 1096964 105536 3287220    0    0     0    88 22744 113041 15 10 75  0  0  0
 3  0 931436 1090716 105536 3287188    0    0     0     0 23293 115971 16 10 74  0  0  0
 7  0 931436 1108220 105544 3287288    0    0     0    24 23125 115738 15 10 75  0  0  0
11  0 931436 1099076 105544 3287224    0    0     0     0 23209 116473 15 10 76  0  0  0
24  0 931436 1089340 105552 3287436    0    0     0    16 21895 109531 15 10 75  0  0  0
37  0 931436 1110948 105552 3287436    0    0     0     0 22655 115424 14 11 75  0  0  0
23  0 931436 1099696 105552 3287292    0    0     0    36 21905 108020 15 11 74  0  0  0
47  0 931436 1095580 105568 3287540    0    0     0   100 22473 114252 16 10 74  0  0  0
36  0 931436 1097636 105568 3287412    0    0     0     0 23018 115360 16  9 75  0  0  0
39  0 931436 1101584 105576 3287416    0    0     0    16 21847 110638 15 10 75  0  0  0
13  0 931436 1101188 105576 3287352    0    0     0     0 22046 110689 15 10 75  0  0  0
45  0 931436 1111572 105576 3287368    0    0     0    80 22168 111949 15  9 75  0  0  0
 3  0 931436 1094204 105584 3287384    0    0     0    24 22439 113460 15 10 75  0  0  0
26  0 931436 1095440 105584 3287824    0    0     0     0 21628 109817 15 11 74  0  0  0
 3  0 931436 1096012 105584 3288100    0    0     0     0 22666 114876 15 10 75  0  0  0
21  0 931436 1103772 105592 3288196    0    0     0   424 22487 110848 15 10 75  0  0  0
procs -----------memory---------- ---swap-- -----io---- -system-- -------cpu-------
 r  b   swpd   free   buff  cache   si   so    bi    bo   in   cs us sy id wa st gu
29  0 931436 1112092 105592 3288012    0    0     0    40 22065 109819 16 10 74  0  0  0
10  0 931436 1117548 105600 3266972    0    0     0   128 21601 109409 16 10 75  0  0  0
 4  0 931436 1112104 105600 3267040    0    0     0     8 21521 107636 15 10 75  0  0  0
 4  0 931436 1130488 105600 3266840    0    0     0     0 21998 109293 16 10 74  0  0  0
 4  0 931436 1126472 105624 3267000    0    0     0   248 22475 111345 15 10 74  0  0  0
33  0 931436 1133524 105624 3267556    0    0     0   144 22479 113157 15 10 75  0  0  0
14  0 931436 1142620 105624 3267620    0    0     0     0 22921 113371 14 10 76  0  0  0
 4  0 931436 1127016 105624 3267096    0    0     0     0 22396 110820 15 11 75  0  0  0
48  0 931436 1125808 105624 3267356    0    0     0     0 22959 112584 15 11 74  0  0  0
19  0 931436 1125212 105632 3267100    0    0     0    24 22200 110738 15 10 75  0  0  0
42  0 931436 1057244 105640 3267132    0    0     0    16 23250 112844 15 10 74  0  0  0
14  0 931436 980404 105640 3267692    0    0     0     0 22424 111264 15 10 75  0  0  0
24  0 931436 1038092 105656 3267508    0    0     0    88 22591 108778 14 12 75  0  0  0
43  0 931436 1062280 105656 3267588    0    0     0     0 22460 113805 15 10 75  0  0  0
 5  0 931436 1055000 105656 3267492    0    0     0     0 22022 110184 15 10 75  0  0  0
43  0 931436 1072116 105664 3267492    0    0     0    20 22908 113956 14 11 75  0  0  0
 4  0 931436 1051068 105664 3267272    0    0     0     0 22735 111994 16 10 74  0  0  0
29  0 931436 1072200 105688 3267264    0    0     0   112 21323 107868 15 10 74  0  0  0
 8  0 931436 1063768 105688 3267232    0    0     0     0 20729 103904 14 10 76  0  0  0
 2  0 931436 1079908 105688 3267616    0    0     0     0 19565 101092 14 11 75  0  0  0
 3  0 931436 1076896 105688 3267412    0    0     0     0 21798 109735 15 10 75  0  0  0
procs -----------memory---------- ---swap-- -----io---- -system-- -------cpu-------
 r  b   swpd   free   buff  cache   si   so    bi    bo   in   cs us sy id wa st gu
12  0 931436 1087924 105696 3267444    0    0     0    20 22986 115293 15 10 75  0  0  0
18  0 931436 1083424 105704 3267444    0    0     0    24 22670 113457 16  9 75  0  0  0
 3  0 931436 1082080 105704 3267420    0    0     0     0 22683 113444 16  9 74  0  0  0
34  0 931436 1088040 105704 3267288    0    0     0     0 22824 112770 14 10 76  0  0  0
 6  0 931436 1084732 105704 3267228    0    0     0     0 22362 112445 15 10 75  0  0  0
 5  0 931436 1087288 105712 3267772    0    0     0    16 22428 111025 15 10 75  0  0  0
17  0 931436 1090456 105720 3267680    0    0     0    20 22296 112104 15  9 75  0  0  0
11  0 931436 1107588 105720 3267528    0    0     0     0 23191 117223 15 10 76  0  0  0
18  0 931436 1101672 105720 3267496    0    0     0     0 22579 113388 14 11 75  0  0  0
 4  0 931436 1090180 105720 3267584    0    0     0   404 21697 107735 15 11 74  0  0  0
14  0 931436 1103272 105736 3267616    0    0     0   100 21873 110196 15 11 75  0  0  0
 5  0 931436 1092164 105744 3267616    0    0     0    84 22125 112208 14 11 75  0  0  0
 6  0 931436 1093860 105744 3267608    0    0     0     8 21965 109538 15 10 75  0  0  0
 2  0 931436 1093032 105744 3267364    0    0     0     0 22598 113888 16  9 75  0  0  0
 8  0 931436 1101256 105744 3267548    0    0     0    12 21774 111227 15 10 75  0  0  0
 4  0 931436 1096620 105752 3268036    0    0     0   156 21573 110134 15 10 75  0  0  0
15  0 931436 1092156 105760 3268104    0    0     0    16 22516 115167 15 11 74  0  0  0
 5  0 931436 1112240 105760 3267584    0    0     0     0 21728 110387 16 10 74  0  0  0
25  0 931436 1110968 105760 3267588    0    0     0     0 23396 118439 15 10 75  0  0  0
34  0 931436 1108508 105760 3267492    0    0     8     0 21396 109192 16 10 75  0  0  0
 4  0 931436 1106928 105768 3267568    0    0     0   108 20902 105833 14 10 75  0  0  0
procs -----------memory---------- ---swap-- -----io---- -system-- -------cpu-------
 r  b   swpd   free   buff  cache   si   so    bi    bo   in   cs us sy id wa st gu
 5  0 931436 1100944 105784 3267480    0    0     0   116 22195 111107 15 10 75  0  0  0
28  0 931436 1110532 105796 3267540    0    0     0    48 21956 111042 15 10 74  0  0  0
45  0 931436 1110448 105812 3267680    0    0     0   100 23026 114250 15 10 74  0  0  0
27  0 931436 1108556 105812 3267828    0    0     0     0 22969 117752 15 10 75  0  0  0
21  0 931436 1114332 105812 3268112    0    0     0     0 20802 106097 14 10 75  0  0  0
 4  0 931436 1111072 105812 3267856    0    0     0     0 21454 110735 16  9 75  0  0  0
13  0 931436 1112476 105820 3267716    0    0     0    20 21689 109713 15  9 75  0  0  0
28  0 931436 1114600 105828 3267844    0    0   112    20 21711 110634 14 10 76  0  0  0
13  0 931436 1108960 105828 3268116    0    0     0     0 21523 110201 15  9 75  0  0  0
10  0 931436 1110508 105828 3267680    0    0     0     0 22467 112102 15 10 75  0  0  0
 2  0 931436 1110888 105828 3267772    0    0     0     0 22518 114560 16  9 75  0  0  0
11  0 931436 1129228 105828 3267772    0    0     0     0 22242 112958 15 10 74  0  0  0
19  0 931436 1113332 105844 3267756    0    0     0    36 22420 113757 15 10 76  0  0  0
21  0 931436 1114012 105844 3267856    0    0     0     0 22833 114047 16 10 75  0  0  0
 1  0 931436 1113116 105844 3267856    0    0     0     0 21418 109602 15 10 75  0  0  0
22  0 931436 1131652 105860 3268312    0    0     0    96 22307 112462 14 11 75  0  0  0
16  0 931436 1122164 105860 3268248    0    0     0     0 23129 115777 15 10 75  0  0  0
49  0 931436 1120256 105868 3268024    0    0     0    16 22001 110848 15 10 75  0  0  0
45  0 931436 1113900 105868 3268216    0    0     0     0 22574 115310 14 10 75  0  0  0
 4  0 931436 1108024 105868 3268312    0    0     0   400 21157 109129 16  9 75  0  0  0
41  0 931436 1129324 105876 3268344    0    0     0    24 21401 108112 15 10 75  0  0  0
procs -----------memory---------- ---swap-- -----io---- -system-- -------cpu-------
 r  b   swpd   free   buff  cache   si   so    bi    bo   in   cs us sy id wa st gu
46  0 931436 1126216 105876 3268588    0    0     0    56 22090 110183 16 10 74  0  0  0
 4  0 931436 1112432 105876 3268680    0    0     0     4 23059 115091 15 10 76  0  0  0
44  0 931436 1127068 105884 3268616    0    0     0    20 21508 108847 16  9 75  0  0  0
 6  0 931436 1131608 105892 3268680    0    0     0    68 22353 112236 15 10 75  0  0  0
11  0 931436 1103812 105892 3268744    0    0     0   152 23243 115835 15  9 75  0  0  0
46  0 931436 1132444 105892 3268460    0    0     0    36 22277 112689 15 10 75  0  0  0
46  0 931436 1019132 105892 3268236    0    0     0     0 21638 108907 16 10 74  0  0  0
 1  0 931436 994800 105916 3268548    0    0     0   144 14843 69778 12  9 79  0  0  0
 1  0 931436 994056 105916 3268352    0    0     0   244  963  975  9  0 91  0  0  0
