Linux 6.12.33+kali-amd64 (two94) 	23/11/25 	_x86_64_	(12 CPU)

04:23:09 PM IST       DEV       tps     rkB/s     wkB/s     dkB/s   areq-sz    aqu-sz     await     %util
04:23:10 PM IST   nvme0n1      0.00      0.00      0.00      0.00      0.00      0.00      0.00      0.00
04:23:10 PM IST       sda    100.00      0.00    660.00      0.00      6.60      2.72     17.91     86.80

04:23:10 PM IST       DEV       tps     rkB/s     wkB/s     dkB/s   areq-sz    aqu-sz     await     %util
04:23:11 PM IST   nvme0n1      0.00      0.00      0.00      0.00      0.00      0.00      0.00      0.00
04:23:11 PM IST       sda    894.00      0.00   5696.00      0.00      6.37      0.74      0.48     34.40

04:23:11 PM IST       DEV       tps     rkB/s     wkB/s     dkB/s   areq-sz    aqu-sz     await     %util
04:23:12 PM IST   nvme0n1      0.00      0.00      0.00      0.00      0.00      0.00      0.00      0.00
04:23:12 PM IST       sda    969.00      0.00   5944.00      0.00      6.13      0.53      0.29     27.20

04:23:12 PM IST       DEV       tps     rkB/s     wkB/s     dkB/s   areq-sz    aqu-sz     await     %util
04:23:13 PM IST   nvme0n1      0.00      0.00      0.00      0.00      0.00      0.00      0.00      0.00
04:23:13 PM IST       sda    966.00      0.00   5968.00      0.00      6.18      0.52      0.29     26.00

04:23:13 PM IST       DEV       tps     rkB/s     wkB/s     dkB/s   areq-sz    aqu-sz     await     %util
04:23:14 PM IST   nvme0n1      0.00      0.00      0.00      0.00      0.00      0.00      0.00      0.00
04:23:14 PM IST       sda   1005.00      0.00   6432.00      0.00      6.40      0.52      0.28     27.20

04:23:14 PM IST       DEV       tps     rkB/s     wkB/s     dkB/s   areq-sz    aqu-sz     await     %util
04:23:15 PM IST   nvme0n1      0.00      0.00      0.00      0.00      0.00      0.00      0.00      0.00
04:23:15 PM IST       sda    978.00      0.00   6024.00      0.00      6.16      0.54      0.29     28.80

04:23:15 PM IST       DEV       tps     rkB/s     wkB/s     dkB/s   areq-sz    aqu-sz     await     %util
04:23:16 PM IST   nvme0n1      0.00      0.00      0.00      0.00      0.00      0.00      0.00      0.00
04:23:16 PM IST       sda   1035.00      0.00   6528.00      0.00      6.31      0.50      0.26     28.40

04:23:16 PM IST       DEV       tps     rkB/s     wkB/s     dkB/s   areq-sz    aqu-sz     await     %util
04:23:17 PM IST   nvme0n1      0.00      0.00      0.00      0.00      0.00      0.00      0.00      0.00
04:23:17 PM IST       sda   1056.00      0.00   6472.00      0.00      6.13      0.51      0.26     27.60

04:23:17 PM IST       DEV       tps     rkB/s     wkB/s     dkB/s   areq-sz    aqu-sz     await     %util
04:23:18 PM IST   nvme0n1      0.00      0.00      0.00      0.00      0.00      0.00      0.00      0.00
04:23:18 PM IST       sda   1088.00      0.00   6640.00      0.00      6.10      0.51      0.25     32.40

04:23:18 PM IST       DEV       tps     rkB/s     wkB/s     dkB/s   areq-sz    aqu-sz     await     %util
04:23:19 PM IST   nvme0n1      0.00      0.00      0.00      0.00      0.00      0.00      0.00      0.00
04:23:19 PM IST       sda   1105.00      0.00   6976.00      0.00      6.31      0.54      0.26     28.40

04:23:19 PM IST       DEV       tps     rkB/s     wkB/s     dkB/s   areq-sz    aqu-sz     await     %util
04:23:20 PM IST   nvme0n1      0.00      0.00      0.00      0.00      0.00      0.00      0.00      0.00
04:23:20 PM IST       sda   1090.00      0.00   6696.00      0.00      6.14      0.54      0.26     30.80

04:23:20 PM IST       DEV       tps     rkB/s     wkB/s     dkB/s   areq-sz    aqu-sz     await     %util
04:23:21 PM IST   nvme0n1      0.00      0.00      0.00      0.00      0.00      0.00      0.00      0.00
04:23:21 PM IST       sda   1058.00      0.00   6768.00      0.00      6.40      0.51      0.26     29.60

04:23:21 PM IST       DEV       tps     rkB/s     wkB/s     dkB/s   areq-sz    aqu-sz     await     %util
04:23:22 PM IST   nvme0n1      0.00      0.00      0.00      0.00      0.00      0.00      0.00      0.00
04:23:22 PM IST       sda   1135.00      0.00   7112.00      0.00      6.27      0.54      0.25     25.20

04:23:22 PM IST       DEV       tps     rkB/s     wkB/s     dkB/s   areq-sz    aqu-sz     await     %util
04:23:23 PM IST   nvme0n1      0.00      0.00      0.00      0.00      0.00      0.00      0.00      0.00
04:23:23 PM IST       sda   1150.00      0.00   6996.00      0.00      6.08      0.55      0.26     27.60

04:23:23 PM IST       DEV       tps     rkB/s     wkB/s     dkB/s   areq-sz    aqu-sz     await     %util
04:23:24 PM IST   nvme0n1      0.00      0.00      0.00      0.00      0.00      0.00      0.00      0.00
04:23:24 PM IST       sda   1123.00      0.00   6972.00      0.00      6.21      0.57      0.27     26.00

04:23:24 PM IST       DEV       tps     rkB/s     wkB/s     dkB/s   areq-sz    aqu-sz     await     %util
04:23:25 PM IST   nvme0n1      0.00      0.00      0.00      0.00      0.00      0.00      0.00      0.00
04:23:25 PM IST       sda   1119.00      0.00   7172.00      0.00      6.41      0.56      0.27     31.20

04:23:25 PM IST       DEV       tps     rkB/s     wkB/s     dkB/s   areq-sz    aqu-sz     await     %util
04:23:26 PM IST   nvme0n1      0.00      0.00      0.00      0.00      0.00      0.00      0.00      0.00
04:23:26 PM IST       sda   1525.00      0.00   8436.00      0.00      5.53      0.79      0.28     37.60

04:23:26 PM IST       DEV       tps     rkB/s     wkB/s     dkB/s   areq-sz    aqu-sz     await     %util
04:23:27 PM IST   nvme0n1      0.00      0.00      0.00      0.00      0.00      0.00      0.00      0.00
04:23:27 PM IST       sda   1133.00      0.00   6952.00      0.00      6.14      0.57      0.27     30.80

04:23:27 PM IST       DEV       tps     rkB/s     wkB/s     dkB/s   areq-sz    aqu-sz     await     %util
04:23:28 PM IST   nvme0n1      0.00      0.00      0.00      0.00      0.00      0.00      0.00      0.00
04:23:28 PM IST       sda   1117.00      0.00   6888.00      0.00      6.17      0.62      0.29     35.60

04:23:28 PM IST       DEV       tps     rkB/s     wkB/s     dkB/s   areq-sz    aqu-sz     await     %util
04:23:29 PM IST   nvme0n1      0.00      0.00      0.00      0.00      0.00      0.00      0.00      0.00
04:23:29 PM IST       sda   1103.00      0.00   6808.00      0.00      6.17      0.59      0.28     34.80

04:23:29 PM IST       DEV       tps     rkB/s     wkB/s     dkB/s   areq-sz    aqu-sz     await     %util
04:23:30 PM IST   nvme0n1      0.00      0.00      0.00      0.00      0.00      0.00      0.00      0.00
04:23:30 PM IST       sda   1094.00      0.00   7012.00      0.00      6.41      0.60      0.29     33.20

04:23:30 PM IST       DEV       tps     rkB/s     wkB/s     dkB/s   areq-sz    aqu-sz     await     %util
04:23:31 PM IST   nvme0n1      0.00      0.00      0.00      0.00      0.00      0.00      0.00      0.00
04:23:31 PM IST       sda   1103.00      0.00   6872.00      0.00      6.23      0.60      0.29     35.20

04:23:31 PM IST       DEV       tps     rkB/s     wkB/s     dkB/s   areq-sz    aqu-sz     await     %util
04:23:32 PM IST   nvme0n1      0.00      0.00      0.00      0.00      0.00      0.00      0.00      0.00
04:23:32 PM IST       sda   1130.00      0.00   6928.00      0.00      6.13      0.56      0.26     30.00

04:23:32 PM IST       DEV       tps     rkB/s     wkB/s     dkB/s   areq-sz    aqu-sz     await     %util
04:23:33 PM IST   nvme0n1      0.00      0.00      0.00      0.00      0.00      0.00      0.00      0.00
04:23:33 PM IST       sda   1138.00      0.00   6960.00      0.00      6.12      0.57      0.27     32.00

04:23:33 PM IST       DEV       tps     rkB/s     wkB/s     dkB/s   areq-sz    aqu-sz     await     %util
04:23:34 PM IST   nvme0n1      0.00      0.00      0.00      0.00      0.00      0.00      0.00      0.00
04:23:34 PM IST       sda   1130.00      0.00   6944.00      0.00      6.15      0.54      0.25     28.80

04:23:34 PM IST       DEV       tps     rkB/s     wkB/s     dkB/s   areq-sz    aqu-sz     await     %util
04:23:35 PM IST   nvme0n1      0.00      0.00      0.00      0.00      0.00      0.00      0.00      0.00
04:23:35 PM IST       sda   1151.00      0.00   7028.00      0.00      6.11      0.54      0.25     29.60

04:23:35 PM IST       DEV       tps     rkB/s     wkB/s     dkB/s   areq-sz    aqu-sz     await     %util
04:23:36 PM IST   nvme0n1      0.00      0.00      0.00      0.00      0.00      0.00      0.00      0.00
04:23:36 PM IST       sda   1229.00      0.00   7512.00      0.00      6.11      0.56      0.25     31.20

04:23:36 PM IST       DEV       tps     rkB/s     wkB/s     dkB/s   areq-sz    aqu-sz     await     %util
04:23:37 PM IST   nvme0n1      0.00      0.00      0.00      0.00      0.00      0.00      0.00      0.00
04:23:37 PM IST       sda   1134.00      0.00   7012.00      0.00      6.18      0.59      0.28     30.00

04:23:37 PM IST       DEV       tps     rkB/s     wkB/s     dkB/s   areq-sz    aqu-sz     await     %util
04:23:38 PM IST   nvme0n1      0.00      0.00      0.00      0.00      0.00      0.00      0.00      0.00
04:23:38 PM IST       sda   1137.00      0.00   6952.00      0.00      6.11      0.54      0.25     28.40

04:23:38 PM IST       DEV       tps     rkB/s     wkB/s     dkB/s   areq-sz    aqu-sz     await     %util
04:23:39 PM IST   nvme0n1      0.00      0.00      0.00      0.00      0.00      0.00      0.00      0.00
04:23:39 PM IST       sda   1206.00      0.00   7272.00      0.00      6.03      0.56      0.25     30.40

04:23:39 PM IST       DEV       tps     rkB/s     wkB/s     dkB/s   areq-sz    aqu-sz     await     %util
04:23:40 PM IST   nvme0n1      0.00      0.00      0.00      0.00      0.00      0.00      0.00      0.00
04:23:40 PM IST       sda   1145.00      0.00   7000.00      0.00      6.11      0.55      0.26     29.20

04:23:40 PM IST       DEV       tps     rkB/s     wkB/s     dkB/s   areq-sz    aqu-sz     await     %util
04:23:41 PM IST   nvme0n1      0.00      0.00      0.00      0.00      0.00      0.00      0.00      0.00
04:23:41 PM IST       sda   1110.00      0.00   6860.00      0.00      6.18      0.56      0.27     32.80

04:23:41 PM IST       DEV       tps     rkB/s     wkB/s     dkB/s   areq-sz    aqu-sz     await     %util
04:23:42 PM IST   nvme0n1      0.00      0.00      0.00      0.00      0.00      0.00      0.00      0.00
04:23:42 PM IST       sda   1113.00      0.00   6852.00      0.00      6.16      0.57      0.27     30.00

04:23:42 PM IST       DEV       tps     rkB/s     wkB/s     dkB/s   areq-sz    aqu-sz     await     %util
04:23:43 PM IST   nvme0n1      0.00      0.00      0.00      0.00      0.00      0.00      0.00      0.00
04:23:43 PM IST       sda   1117.00      0.00   6856.00      0.00      6.14      0.56      0.27     28.40

04:23:43 PM IST       DEV       tps     rkB/s     wkB/s     dkB/s   areq-sz    aqu-sz     await     %util
04:23:44 PM IST   nvme0n1      0.00      0.00      0.00      0.00      0.00      0.00      0.00      0.00
04:23:44 PM IST       sda   1117.00      0.00   6892.00      0.00      6.17      0.54      0.26     28.00

04:23:44 PM IST       DEV       tps     rkB/s     wkB/s     dkB/s   areq-sz    aqu-sz     await     %util
04:23:45 PM IST   nvme0n1      0.00      0.00      0.00      0.00      0.00      0.00      0.00      0.00
04:23:45 PM IST       sda   1407.00   3432.00   6736.00      0.00      7.23      0.89      0.44     36.40

04:23:45 PM IST       DEV       tps     rkB/s     wkB/s     dkB/s   areq-sz    aqu-sz     await     %util
04:23:46 PM IST   nvme0n1      0.00      0.00      0.00      0.00      0.00      0.00      0.00      0.00
04:23:46 PM IST       sda   2895.00  44028.00   6852.00      0.00     17.58      1.13      0.31     59.60

04:23:46 PM IST       DEV       tps     rkB/s     wkB/s     dkB/s   areq-sz    aqu-sz     await     %util
04:23:47 PM IST   nvme0n1      0.00      0.00      0.00      0.00      0.00      0.00      0.00      0.00
04:23:47 PM IST       sda   1121.00      0.00   6928.00      0.00      6.18      0.61      0.29     30.40

04:23:47 PM IST       DEV       tps     rkB/s     wkB/s     dkB/s   areq-sz    aqu-sz     await     %util
04:23:48 PM IST   nvme0n1      0.00      0.00      0.00      0.00      0.00      0.00      0.00      0.00
04:23:48 PM IST       sda   1111.00      0.00   6824.00      0.00      6.14      0.61      0.29     34.80

04:23:48 PM IST       DEV       tps     rkB/s     wkB/s     dkB/s   areq-sz    aqu-sz     await     %util
04:23:49 PM IST   nvme0n1      0.00      0.00      0.00      0.00      0.00      0.00      0.00      0.00
04:23:49 PM IST       sda   1118.00      0.00   6864.00      0.00      6.14      0.59      0.28     32.00

04:23:49 PM IST       DEV       tps     rkB/s     wkB/s     dkB/s   areq-sz    aqu-sz     await     %util
04:23:50 PM IST   nvme0n1      0.00      0.00      0.00      0.00      0.00      0.00      0.00      0.00
04:23:50 PM IST       sda   1161.00     92.00   7268.00      0.00      6.34      0.58      0.27     30.00

04:23:50 PM IST       DEV       tps     rkB/s     wkB/s     dkB/s   areq-sz    aqu-sz     await     %util
04:23:51 PM IST   nvme0n1      0.00      0.00      0.00      0.00      0.00      0.00      0.00      0.00
04:23:51 PM IST       sda   1141.00      0.00   7032.00      0.00      6.16      0.54      0.25     27.20

04:23:51 PM IST       DEV       tps     rkB/s     wkB/s     dkB/s   areq-sz    aqu-sz     await     %util
04:23:52 PM IST   nvme0n1      0.00      0.00      0.00      0.00      0.00      0.00      0.00      0.00
04:23:52 PM IST       sda   1154.00      0.00   7040.00      0.00      6.10      0.54      0.25     24.40

04:23:52 PM IST       DEV       tps     rkB/s     wkB/s     dkB/s   areq-sz    aqu-sz     await     %util
04:23:53 PM IST   nvme0n1      0.00      0.00      0.00      0.00      0.00      0.00      0.00      0.00
04:23:53 PM IST       sda   1119.00      0.00   6912.00      0.00      6.18      0.52      0.25     28.80

04:23:53 PM IST       DEV       tps     rkB/s     wkB/s     dkB/s   areq-sz    aqu-sz     await     %util
04:23:54 PM IST   nvme0n1      0.00      0.00      0.00      0.00      0.00      0.00      0.00      0.00
04:23:54 PM IST       sda   1130.00      0.00   6960.00      0.00      6.16      0.54      0.26     26.80

04:23:54 PM IST       DEV       tps     rkB/s     wkB/s     dkB/s   areq-sz    aqu-sz     await     %util
04:23:55 PM IST   nvme0n1      0.00      0.00      0.00      0.00      0.00      0.00      0.00      0.00
04:23:55 PM IST       sda   1134.00      4.00   7228.00      0.00      6.38      0.55      0.26     26.80

04:23:55 PM IST       DEV       tps     rkB/s     wkB/s     dkB/s   areq-sz    aqu-sz     await     %util
04:23:56 PM IST   nvme0n1      0.00      0.00      0.00      0.00      0.00      0.00      0.00      0.00
04:23:56 PM IST       sda   1151.00      8.00   7176.00      0.00      6.24      0.55      0.25     26.40

04:23:56 PM IST       DEV       tps     rkB/s     wkB/s     dkB/s   areq-sz    aqu-sz     await     %util
04:23:57 PM IST   nvme0n1      0.00      0.00      0.00      0.00      0.00      0.00      0.00      0.00
04:23:57 PM IST       sda   1143.00      0.00   7008.00      0.00      6.13      0.54      0.25     34.80

04:23:57 PM IST       DEV       tps     rkB/s     wkB/s     dkB/s   areq-sz    aqu-sz     await     %util
04:23:58 PM IST   nvme0n1      0.00      0.00      0.00      0.00      0.00      0.00      0.00      0.00
04:23:58 PM IST       sda   1129.00      0.00   6904.00      0.00      6.12      0.54      0.26     29.20

04:23:58 PM IST       DEV       tps     rkB/s     wkB/s     dkB/s   areq-sz    aqu-sz     await     %util
04:23:59 PM IST   nvme0n1      0.00      0.00      0.00      0.00      0.00      0.00      0.00      0.00
04:23:59 PM IST       sda   1124.00      0.00   6904.00      0.00      6.14      0.57      0.27     33.20

04:23:59 PM IST       DEV       tps     rkB/s     wkB/s     dkB/s   areq-sz    aqu-sz     await     %util
04:24:00 PM IST   nvme0n1      0.00      0.00      0.00      0.00      0.00      0.00      0.00      0.00
04:24:00 PM IST       sda   1098.02      0.00   7017.82      0.00      6.39      0.54      0.26     26.53

04:24:00 PM IST       DEV       tps     rkB/s     wkB/s     dkB/s   areq-sz    aqu-sz     await     %util
04:24:01 PM IST   nvme0n1      0.00      0.00      0.00      0.00      0.00      0.00      0.00      0.00
04:24:01 PM IST       sda   1138.00      0.00   7060.00      0.00      6.20      0.57      0.27     30.40

04:24:01 PM IST       DEV       tps     rkB/s     wkB/s     dkB/s   areq-sz    aqu-sz     await     %util
04:24:02 PM IST   nvme0n1      0.00      0.00      0.00      0.00      0.00      0.00      0.00      0.00
04:24:02 PM IST       sda   1120.00      0.00   6896.00      0.00      6.16      0.56      0.26     31.20

04:24:02 PM IST       DEV       tps     rkB/s     wkB/s     dkB/s   areq-sz    aqu-sz     await     %util
04:24:03 PM IST   nvme0n1      0.00      0.00      0.00      0.00      0.00      0.00      0.00      0.00
04:24:03 PM IST       sda   1109.00      0.00   6904.00      0.00      6.23      0.61      0.29     28.40

04:24:03 PM IST       DEV       tps     rkB/s     wkB/s     dkB/s   areq-sz    aqu-sz     await     %util
04:24:04 PM IST   nvme0n1      0.00      0.00      0.00      0.00      0.00      0.00      0.00      0.00
04:24:04 PM IST       sda   1104.00      0.00   6824.00      0.00      6.18      0.59      0.28     33.20

04:24:04 PM IST       DEV       tps     rkB/s     wkB/s     dkB/s   areq-sz    aqu-sz     await     %util
04:24:05 PM IST   nvme0n1      0.00      0.00      0.00      0.00      0.00      0.00      0.00      0.00
04:24:05 PM IST       sda   1106.00      0.00   6808.00      0.00      6.16      0.60      0.29     32.80

04:24:05 PM IST       DEV       tps     rkB/s     wkB/s     dkB/s   areq-sz    aqu-sz     await     %util
04:24:06 PM IST   nvme0n1      0.00      0.00      0.00      0.00      0.00      0.00      0.00      0.00
04:24:06 PM IST       sda   1123.00      0.00   6892.00      0.00      6.14      0.62      0.29     36.00

04:24:06 PM IST       DEV       tps     rkB/s     wkB/s     dkB/s   areq-sz    aqu-sz     await     %util
04:24:07 PM IST   nvme0n1      0.00      0.00      0.00      0.00      0.00      0.00      0.00      0.00
04:24:07 PM IST       sda   1185.00      0.00   7200.00      0.00      6.08      0.57      0.26     32.40

04:24:07 PM IST       DEV       tps     rkB/s     wkB/s     dkB/s   areq-sz    aqu-sz     await     %util
04:24:08 PM IST   nvme0n1      0.00      0.00      0.00      0.00      0.00      0.00      0.00      0.00
04:24:08 PM IST       sda   1120.00      0.00   6856.00      0.00      6.12      0.58      0.27     30.80

04:24:08 PM IST       DEV       tps     rkB/s     wkB/s     dkB/s   areq-sz    aqu-sz     await     %util
04:24:09 PM IST   nvme0n1      0.00      0.00      0.00      0.00      0.00      0.00      0.00      0.00
04:24:09 PM IST       sda   1140.00      0.00   7032.00      0.00      6.17      0.56      0.26     29.60

04:24:09 PM IST       DEV       tps     rkB/s     wkB/s     dkB/s   areq-sz    aqu-sz     await     %util
04:24:10 PM IST   nvme0n1      0.00      0.00      0.00      0.00      0.00      0.00      0.00      0.00
04:24:10 PM IST       sda   1108.00      0.00   6216.00      0.00      5.61      0.55      0.26     27.60

04:24:10 PM IST       DEV       tps     rkB/s     wkB/s     dkB/s   areq-sz    aqu-sz     await     %util
04:24:11 PM IST   nvme0n1      0.00      0.00      0.00      0.00      0.00      0.00      0.00      0.00
04:24:11 PM IST       sda   1104.00      0.00   7044.00      0.00      6.38      0.53      0.26     24.40

04:24:11 PM IST       DEV       tps     rkB/s     wkB/s     dkB/s   areq-sz    aqu-sz     await     %util
04:24:12 PM IST   nvme0n1      0.00      0.00      0.00      0.00      0.00      0.00      0.00      0.00
04:24:12 PM IST       sda   1091.00      0.00   6680.00      0.00      6.12      0.57      0.28     30.00

04:24:12 PM IST       DEV       tps     rkB/s     wkB/s     dkB/s   areq-sz    aqu-sz     await     %util
04:24:13 PM IST   nvme0n1      0.00      0.00      0.00      0.00      0.00      0.00      0.00      0.00
04:24:13 PM IST       sda   1101.00      0.00   6784.00      0.00      6.16      0.52      0.26     25.60

04:24:13 PM IST       DEV       tps     rkB/s     wkB/s     dkB/s   areq-sz    aqu-sz     await     %util
04:24:14 PM IST   nvme0n1      0.00      0.00      0.00      0.00      0.00      0.00      0.00      0.00
04:24:14 PM IST       sda   1182.00      0.00   7132.00      0.00      6.03      0.56      0.25     27.60

04:24:14 PM IST       DEV       tps     rkB/s     wkB/s     dkB/s   areq-sz    aqu-sz     await     %util
04:24:15 PM IST   nvme0n1      0.00      0.00      0.00      0.00      0.00      0.00      0.00      0.00
04:24:15 PM IST       sda   1122.00      0.00   6840.00      0.00      6.10      0.55      0.26     30.40

04:24:15 PM IST       DEV       tps     rkB/s     wkB/s     dkB/s   areq-sz    aqu-sz     await     %util
04:24:16 PM IST   nvme0n1      0.00      0.00      0.00      0.00      0.00      0.00      0.00      0.00
04:24:16 PM IST       sda   1117.00      0.00   7256.00      0.00      6.50      0.54      0.26     28.40

04:24:16 PM IST       DEV       tps     rkB/s     wkB/s     dkB/s   areq-sz    aqu-sz     await     %util
04:24:17 PM IST   nvme0n1      0.00      0.00      0.00      0.00      0.00      0.00      0.00      0.00
04:24:17 PM IST       sda   1110.00      0.00   6968.00      0.00      6.28      0.59      0.28     30.80

04:24:17 PM IST       DEV       tps     rkB/s     wkB/s     dkB/s   areq-sz    aqu-sz     await     %util
04:24:18 PM IST   nvme0n1      0.00      0.00      0.00      0.00      0.00      0.00      0.00      0.00
04:24:18 PM IST       sda   1101.00      0.00   6800.00      0.00      6.18      0.55      0.27     25.60

04:24:18 PM IST       DEV       tps     rkB/s     wkB/s     dkB/s   areq-sz    aqu-sz     await     %util
04:24:19 PM IST   nvme0n1      0.00      0.00      0.00      0.00      0.00      0.00      0.00      0.00
04:24:19 PM IST       sda   1102.00      0.00  13616.00      0.00     12.36      0.60      0.30     32.40

04:24:19 PM IST       DEV       tps     rkB/s     wkB/s     dkB/s   areq-sz    aqu-sz     await     %util
04:24:20 PM IST   nvme0n1      0.00      0.00      0.00      0.00      0.00      0.00      0.00      0.00
04:24:20 PM IST       sda   1115.00      0.00   7216.00      0.00      6.47      0.62      0.30     30.80

04:24:20 PM IST       DEV       tps     rkB/s     wkB/s     dkB/s   areq-sz    aqu-sz     await     %util
04:24:21 PM IST   nvme0n1      0.00      0.00      0.00      0.00      0.00      0.00      0.00      0.00
04:24:21 PM IST       sda   1093.00      0.00   6864.00      0.00      6.28      0.59      0.28     33.60

04:24:21 PM IST       DEV       tps     rkB/s     wkB/s     dkB/s   areq-sz    aqu-sz     await     %util
04:24:22 PM IST   nvme0n1      0.00      0.00      0.00      0.00      0.00      0.00      0.00      0.00
04:24:22 PM IST       sda   1124.00      0.00   6896.00      0.00      6.14      0.61      0.29     34.80

04:24:22 PM IST       DEV       tps     rkB/s     wkB/s     dkB/s   areq-sz    aqu-sz     await     %util
04:24:23 PM IST   nvme0n1      0.00      0.00      0.00      0.00      0.00      0.00      0.00      0.00
04:24:23 PM IST       sda   1122.00      0.00   6888.00      0.00      6.14      0.61      0.29     31.60

04:24:23 PM IST       DEV       tps     rkB/s     wkB/s     dkB/s   areq-sz    aqu-sz     await     %util
04:24:24 PM IST   nvme0n1      0.00      0.00      0.00      0.00      0.00      0.00      0.00      0.00
04:24:24 PM IST       sda   1140.00      8.00   7304.00      0.00      6.41      0.59      0.28     32.00

04:24:24 PM IST       DEV       tps     rkB/s     wkB/s     dkB/s   areq-sz    aqu-sz     await     %util
04:24:25 PM IST   nvme0n1      0.00      0.00      0.00      0.00      0.00      0.00      0.00      0.00
04:24:25 PM IST       sda   1166.00      0.00   7160.00      0.00      6.14      0.58      0.27     27.60

04:24:25 PM IST       DEV       tps     rkB/s     wkB/s     dkB/s   areq-sz    aqu-sz     await     %util
04:24:26 PM IST   nvme0n1      0.00      0.00      0.00      0.00      0.00      0.00      0.00      0.00
04:24:26 PM IST       sda   1541.00      0.00   9456.00      0.00      6.14      0.75      0.26     38.80

04:24:26 PM IST       DEV       tps     rkB/s     wkB/s     dkB/s   areq-sz    aqu-sz     await     %util
04:24:27 PM IST   nvme0n1      0.00      0.00      0.00      0.00      0.00      0.00      0.00      0.00
04:24:27 PM IST       sda   1188.00      0.00   7456.00      0.00      6.28      0.55      0.25     28.40

04:24:27 PM IST       DEV       tps     rkB/s     wkB/s     dkB/s   areq-sz    aqu-sz     await     %util
04:24:28 PM IST   nvme0n1      0.00      0.00      0.00      0.00      0.00      0.00      0.00      0.00
04:24:28 PM IST       sda   1111.00      0.00   6840.00      0.00      6.16      0.53      0.25     25.60

04:24:28 PM IST       DEV       tps     rkB/s     wkB/s     dkB/s   areq-sz    aqu-sz     await     %util
04:24:29 PM IST   nvme0n1      0.00      0.00      0.00      0.00      0.00      0.00      0.00      0.00
04:24:29 PM IST       sda   1113.00      0.00   6868.00      0.00      6.17      0.56      0.27     28.80

04:24:29 PM IST       DEV       tps     rkB/s     wkB/s     dkB/s   areq-sz    aqu-sz     await     %util
04:24:30 PM IST   nvme0n1      0.00      0.00      0.00      0.00      0.00      0.00      0.00      0.00
04:24:30 PM IST       sda   1137.00      0.00   7288.00      0.00      6.41      0.54      0.26     29.20

04:24:30 PM IST       DEV       tps     rkB/s     wkB/s     dkB/s   areq-sz    aqu-sz     await     %util
04:24:31 PM IST   nvme0n1      0.00      0.00      0.00      0.00      0.00      0.00      0.00      0.00
04:24:31 PM IST       sda   1137.00      0.00   6964.00      0.00      6.12      0.54      0.25     31.20

04:24:31 PM IST       DEV       tps     rkB/s     wkB/s     dkB/s   areq-sz    aqu-sz     await     %util
04:24:32 PM IST   nvme0n1      0.00      0.00      0.00      0.00      0.00      0.00      0.00      0.00
04:24:32 PM IST       sda   1119.00      0.00   6864.00      0.00      6.13      0.54      0.26     31.60

04:24:32 PM IST       DEV       tps     rkB/s     wkB/s     dkB/s   areq-sz    aqu-sz     await     %util
04:24:33 PM IST   nvme0n1      0.00      0.00      0.00      0.00      0.00      0.00      0.00      0.00
04:24:33 PM IST       sda   1109.00      0.00   7064.00      0.00      6.37      0.56      0.27     32.40

04:24:33 PM IST       DEV       tps     rkB/s     wkB/s     dkB/s   areq-sz    aqu-sz     await     %util
04:24:34 PM IST   nvme0n1      0.00      0.00      0.00      0.00      0.00      0.00      0.00      0.00
04:24:34 PM IST       sda   1144.00      0.00   7064.00      0.00      6.17      0.56      0.27     35.20

04:24:34 PM IST       DEV       tps     rkB/s     wkB/s     dkB/s   areq-sz    aqu-sz     await     %util
04:24:35 PM IST   nvme0n1      0.00      0.00      0.00      0.00      0.00      0.00      0.00      0.00
04:24:35 PM IST       sda   1101.00      0.00   6944.00      0.00      6.31      0.56      0.27     26.00

04:24:35 PM IST       DEV       tps     rkB/s     wkB/s     dkB/s   areq-sz    aqu-sz     await     %util
04:24:36 PM IST   nvme0n1      0.00      0.00      0.00      0.00      0.00      0.00      0.00      0.00
04:24:36 PM IST       sda   1117.00      0.00   7428.00      0.00      6.65      0.54      0.26     32.40

04:24:36 PM IST       DEV       tps     rkB/s     wkB/s     dkB/s   areq-sz    aqu-sz     await     %util
04:24:37 PM IST   nvme0n1      0.00      0.00      0.00      0.00      0.00      0.00      0.00      0.00
04:24:37 PM IST       sda   1091.00      0.00   6712.00      0.00      6.15      0.61      0.30     33.20

04:24:37 PM IST       DEV       tps     rkB/s     wkB/s     dkB/s   areq-sz    aqu-sz     await     %util
04:24:38 PM IST   nvme0n1      0.00      0.00      0.00      0.00      0.00      0.00      0.00      0.00
04:24:38 PM IST       sda   1140.00      0.00   6944.00      0.00      6.09      0.61      0.28     29.20

04:24:38 PM IST       DEV       tps     rkB/s     wkB/s     dkB/s   areq-sz    aqu-sz     await     %util
04:24:39 PM IST   nvme0n1      0.00      0.00      0.00      0.00      0.00      0.00      0.00      0.00
04:24:39 PM IST       sda   1092.00      0.00   6748.00      0.00      6.18      0.59      0.29     28.00

04:24:39 PM IST       DEV       tps     rkB/s     wkB/s     dkB/s   areq-sz    aqu-sz     await     %util
04:24:40 PM IST   nvme0n1      0.00      0.00      0.00      0.00      0.00      0.00      0.00      0.00
04:24:40 PM IST       sda   1110.00      0.00   7072.00      0.00      6.37      0.61      0.29     34.40

04:24:40 PM IST       DEV       tps     rkB/s     wkB/s     dkB/s   areq-sz    aqu-sz     await     %util
04:24:41 PM IST   nvme0n1      0.00      0.00      0.00      0.00      0.00      0.00      0.00      0.00
04:24:41 PM IST       sda   1121.00      0.00   7192.00      0.00      6.42      0.56      0.27     34.00

04:24:41 PM IST       DEV       tps     rkB/s     wkB/s     dkB/s   areq-sz    aqu-sz     await     %util
04:24:42 PM IST   nvme0n1      0.00      0.00      0.00      0.00      0.00      0.00      0.00      0.00
04:24:42 PM IST       sda   1106.00      0.00   6832.00      0.00      6.18      0.55      0.26     27.60

04:24:42 PM IST       DEV       tps     rkB/s     wkB/s     dkB/s   areq-sz    aqu-sz     await     %util
04:24:43 PM IST   nvme0n1      0.00      0.00      0.00      0.00      0.00      0.00      0.00      0.00
04:24:43 PM IST       sda   1138.00      0.00   7288.00      0.00      6.40      0.53      0.25     25.20

04:24:43 PM IST       DEV       tps     rkB/s     wkB/s     dkB/s   areq-sz    aqu-sz     await     %util
04:24:44 PM IST   nvme0n1      0.00      0.00      0.00      0.00      0.00      0.00      0.00      0.00
04:24:44 PM IST       sda   1148.00      0.00   7040.00      0.00      6.13      0.54      0.25     31.20

04:24:44 PM IST       DEV       tps     rkB/s     wkB/s     dkB/s   areq-sz    aqu-sz     await     %util
04:24:45 PM IST   nvme0n1      0.00      0.00      0.00      0.00      0.00      0.00      0.00      0.00
04:24:45 PM IST       sda   1133.00      0.00   6948.00      0.00      6.13      0.54      0.25     26.80

04:24:45 PM IST       DEV       tps     rkB/s     wkB/s     dkB/s   areq-sz    aqu-sz     await     %util
04:24:46 PM IST   nvme0n1      0.00      0.00      0.00      0.00      0.00      0.00      0.00      0.00
04:24:46 PM IST       sda   1215.00      0.00   7760.00      0.00      6.39      0.60      0.27     30.40

04:24:46 PM IST       DEV       tps     rkB/s     wkB/s     dkB/s   areq-sz    aqu-sz     await     %util
04:24:47 PM IST   nvme0n1      0.00      0.00      0.00      0.00      0.00      0.00      0.00      0.00
04:24:47 PM IST       sda   1148.00      0.00   6984.00      0.00      6.08      0.54      0.25     30.00

04:24:47 PM IST       DEV       tps     rkB/s     wkB/s     dkB/s   areq-sz    aqu-sz     await     %util
04:24:48 PM IST   nvme0n1      0.00      0.00      0.00      0.00      0.00      0.00      0.00      0.00
04:24:48 PM IST       sda   1146.00      0.00   6992.00      0.00      6.10      0.54      0.25     30.80

04:24:48 PM IST       DEV       tps     rkB/s     wkB/s     dkB/s   areq-sz    aqu-sz     await     %util
04:24:49 PM IST   nvme0n1      0.00      0.00      0.00      0.00      0.00      0.00      0.00      0.00
04:24:49 PM IST       sda   1122.00      0.00   7212.00      0.00      6.43      0.53      0.25     27.20

04:24:49 PM IST       DEV       tps     rkB/s     wkB/s     dkB/s   areq-sz    aqu-sz     await     %util
04:24:50 PM IST   nvme0n1      0.00      0.00      0.00      0.00      0.00      0.00      0.00      0.00
04:24:50 PM IST       sda   1172.00      0.00   7100.00      0.00      6.06      0.54      0.25     31.60

04:24:50 PM IST       DEV       tps     rkB/s     wkB/s     dkB/s   areq-sz    aqu-sz     await     %util
04:24:51 PM IST   nvme0n1      0.00      0.00      0.00      0.00      0.00      0.00      0.00      0.00
04:24:51 PM IST       sda   1099.00      0.00   7372.00      0.00      6.71      0.58      0.28     34.80

04:24:51 PM IST       DEV       tps     rkB/s     wkB/s     dkB/s   areq-sz    aqu-sz     await     %util
04:24:52 PM IST   nvme0n1      0.00      0.00      0.00      0.00      0.00      0.00      0.00      0.00
04:24:52 PM IST       sda   1155.00      0.00   7052.00      0.00      6.11      0.56      0.26     33.20

04:24:52 PM IST       DEV       tps     rkB/s     wkB/s     dkB/s   areq-sz    aqu-sz     await     %util
04:24:53 PM IST   nvme0n1      0.00      0.00      0.00      0.00      0.00      0.00      0.00      0.00
04:24:53 PM IST       sda   1123.00      0.00   7060.00      0.00      6.29      0.55      0.26     29.60

04:24:53 PM IST       DEV       tps     rkB/s     wkB/s     dkB/s   areq-sz    aqu-sz     await     %util
04:24:54 PM IST   nvme0n1      0.00      0.00      0.00      0.00      0.00      0.00      0.00      0.00
04:24:54 PM IST       sda   1112.00      0.00   6872.00      0.00      6.18      0.59      0.28     26.80

04:24:54 PM IST       DEV       tps     rkB/s     wkB/s     dkB/s   areq-sz    aqu-sz     await     %util
04:24:55 PM IST   nvme0n1      0.00      0.00      0.00      0.00      0.00      0.00      0.00      0.00
04:24:55 PM IST       sda   1119.00      0.00   6912.00      0.00      6.18      0.60      0.29     33.60

04:24:55 PM IST       DEV       tps     rkB/s     wkB/s     dkB/s   areq-sz    aqu-sz     await     %util
04:24:56 PM IST   nvme0n1      0.00      0.00      0.00      0.00      0.00      0.00      0.00      0.00
04:24:56 PM IST       sda   1108.00      0.00   7140.00      0.00      6.44      0.59      0.29     26.80

04:24:56 PM IST       DEV       tps     rkB/s     wkB/s     dkB/s   areq-sz    aqu-sz     await     %util
04:24:57 PM IST   nvme0n1      0.00      0.00      0.00      0.00      0.00      0.00      0.00      0.00
04:24:57 PM IST       sda   1104.00      0.00   6880.00      0.00      6.23      0.60      0.29     27.20

04:24:57 PM IST       DEV       tps     rkB/s     wkB/s     dkB/s   areq-sz    aqu-sz     await     %util
04:24:58 PM IST   nvme0n1      0.00      0.00      0.00      0.00      0.00      0.00      0.00      0.00
04:24:58 PM IST       sda   1136.00      0.00   6904.00      0.00      6.08      0.59      0.28     32.00

04:24:58 PM IST       DEV       tps     rkB/s     wkB/s     dkB/s   areq-sz    aqu-sz     await     %util
04:24:59 PM IST   nvme0n1      0.00      0.00      0.00      0.00      0.00      0.00      0.00      0.00
04:24:59 PM IST       sda   1146.00      0.00   7256.00      0.00      6.33      0.57      0.27     31.60

04:24:59 PM IST       DEV       tps     rkB/s     wkB/s     dkB/s   areq-sz    aqu-sz     await     %util
04:25:00 PM IST   nvme0n1      0.00      0.00      0.00      0.00      0.00      0.00      0.00      0.00
04:25:00 PM IST       sda   1141.00      0.00   6960.00      0.00      6.10      0.54      0.25     28.40

04:25:00 PM IST       DEV       tps     rkB/s     wkB/s     dkB/s   areq-sz    aqu-sz     await     %util
04:25:01 PM IST   nvme0n1      0.00      0.00      0.00      0.00      0.00      0.00      0.00      0.00
04:25:01 PM IST       sda   1185.00      0.00   7388.00      0.00      6.23      0.56      0.26     29.20

04:25:01 PM IST       DEV       tps     rkB/s     wkB/s     dkB/s   areq-sz    aqu-sz     await     %util
04:25:02 PM IST   nvme0n1      0.00      0.00      0.00      0.00      0.00      0.00      0.00      0.00
04:25:02 PM IST       sda   1147.00      0.00   7260.00      0.00      6.33      0.54      0.25     29.20

04:25:02 PM IST       DEV       tps     rkB/s     wkB/s     dkB/s   areq-sz    aqu-sz     await     %util
04:25:03 PM IST   nvme0n1      0.00      0.00      0.00      0.00      0.00      0.00      0.00      0.00
04:25:03 PM IST       sda   1138.00      0.00   6948.00      0.00      6.11      0.56      0.26     29.60

04:25:03 PM IST       DEV       tps     rkB/s     wkB/s     dkB/s   areq-sz    aqu-sz     await     %util
04:25:04 PM IST   nvme0n1      0.00      0.00      0.00      0.00      0.00      0.00      0.00      0.00
04:25:04 PM IST       sda   1153.00      0.00   6988.00      0.00      6.06      0.57      0.26     28.40

04:25:04 PM IST       DEV       tps     rkB/s     wkB/s     dkB/s   areq-sz    aqu-sz     await     %util
04:25:05 PM IST   nvme0n1      0.00      0.00      0.00      0.00      0.00      0.00      0.00      0.00
04:25:05 PM IST       sda   1120.00      0.00   6904.00      0.00      6.16      0.54      0.26     28.00

04:25:05 PM IST       DEV       tps     rkB/s     wkB/s     dkB/s   areq-sz    aqu-sz     await     %util
04:25:06 PM IST   nvme0n1      0.00      0.00      0.00      0.00      0.00      0.00      0.00      0.00
04:25:06 PM IST       sda   1142.00      0.00   7516.00      0.00      6.58      0.54      0.25     27.60

04:25:06 PM IST       DEV       tps     rkB/s     wkB/s     dkB/s   areq-sz    aqu-sz     await     %util
04:25:07 PM IST   nvme0n1      0.00      0.00      0.00      0.00      0.00      0.00      0.00      0.00
04:25:07 PM IST       sda   1156.00      0.00   7108.00      0.00      6.15      0.54      0.25     28.40

04:25:07 PM IST       DEV       tps     rkB/s     wkB/s     dkB/s   areq-sz    aqu-sz     await     %util
04:25:08 PM IST   nvme0n1      0.00      0.00      0.00      0.00      0.00      0.00      0.00      0.00
04:25:08 PM IST       sda   1122.00      0.00   6824.00      0.00      6.08      0.59      0.28     36.80

04:25:08 PM IST       DEV       tps     rkB/s     wkB/s     dkB/s   areq-sz    aqu-sz     await     %util
04:25:09 PM IST   nvme0n1      0.00      0.00      0.00      0.00      0.00      0.00      0.00      0.00
04:25:09 PM IST       sda   1117.00      0.00   7172.00      0.00      6.42      0.55      0.26     27.20

04:25:09 PM IST       DEV       tps     rkB/s     wkB/s     dkB/s   areq-sz    aqu-sz     await     %util
04:25:10 PM IST   nvme0n1      0.00      0.00      0.00      0.00      0.00      0.00      0.00      0.00
04:25:10 PM IST       sda    993.00      0.00   5836.00      0.00      5.88      0.51      0.27     26.80

04:25:10 PM IST       DEV       tps     rkB/s     wkB/s     dkB/s   areq-sz    aqu-sz     await     %util
04:25:11 PM IST   nvme0n1      0.00      0.00      0.00      0.00      0.00      0.00      0.00      0.00
04:25:11 PM IST       sda   1082.00      0.00   6624.00      0.00      6.12      0.53      0.26     30.40

04:25:11 PM IST       DEV       tps     rkB/s     wkB/s     dkB/s   areq-sz    aqu-sz     await     %util
04:25:12 PM IST   nvme0n1      0.00      0.00      0.00      0.00      0.00      0.00      0.00      0.00
04:25:12 PM IST       sda   1074.00      0.00   7120.00      0.00      6.63      0.59      0.29     29.20

04:25:12 PM IST       DEV       tps     rkB/s     wkB/s     dkB/s   areq-sz    aqu-sz     await     %util
04:25:13 PM IST   nvme0n1      0.00      0.00      0.00      0.00      0.00      0.00      0.00      0.00
04:25:13 PM IST       sda   1083.00      0.00   6664.00      0.00      6.15      0.58      0.28     34.80

04:25:13 PM IST       DEV       tps     rkB/s     wkB/s     dkB/s   areq-sz    aqu-sz     await     %util
04:25:14 PM IST   nvme0n1      0.00      0.00      0.00      0.00      0.00      0.00      0.00      0.00
04:25:14 PM IST       sda   1158.00      0.00   7064.00      0.00      6.10      0.62      0.29     32.80

04:25:14 PM IST       DEV       tps     rkB/s     wkB/s     dkB/s   areq-sz    aqu-sz     await     %util
04:25:15 PM IST   nvme0n1      0.00      0.00      0.00      0.00      0.00      0.00      0.00      0.00
04:25:15 PM IST       sda   1093.00      0.00   7004.00      0.00      6.41      0.59      0.29     30.80

04:25:15 PM IST       DEV       tps     rkB/s     wkB/s     dkB/s   areq-sz    aqu-sz     await     %util
04:25:16 PM IST   nvme0n1      0.00      0.00      0.00      0.00      0.00      0.00      0.00      0.00
04:25:16 PM IST       sda   1130.00      0.00   7004.00      0.00      6.20      0.57      0.27     30.80

04:25:16 PM IST       DEV       tps     rkB/s     wkB/s     dkB/s   areq-sz    aqu-sz     await     %util
04:25:17 PM IST   nvme0n1      0.00      0.00      0.00      0.00      0.00      0.00      0.00      0.00
04:25:17 PM IST       sda   1109.00      0.00   7040.00      0.00      6.35      0.56      0.27     30.80

04:25:17 PM IST       DEV       tps     rkB/s     wkB/s     dkB/s   areq-sz    aqu-sz     await     %util
04:25:18 PM IST   nvme0n1      0.00      0.00      0.00      0.00      0.00      0.00      0.00      0.00
04:25:18 PM IST       sda   1117.00      0.00   7112.00      0.00      6.37      0.52      0.25     30.80

04:25:18 PM IST       DEV       tps     rkB/s     wkB/s     dkB/s   areq-sz    aqu-sz     await     %util
04:25:19 PM IST   nvme0n1      0.00      0.00      0.00      0.00      0.00      0.00      0.00      0.00
04:25:19 PM IST       sda   1126.00      0.00   6932.00      0.00      6.16      0.54      0.25     31.20

04:25:19 PM IST       DEV       tps     rkB/s     wkB/s     dkB/s   areq-sz    aqu-sz     await     %util
04:25:20 PM IST   nvme0n1      0.00      0.00      0.00      0.00      0.00      0.00      0.00      0.00
04:25:20 PM IST       sda   1133.00      0.00   6960.00      0.00      6.14      0.53      0.25     30.00

04:25:20 PM IST       DEV       tps     rkB/s     wkB/s     dkB/s   areq-sz    aqu-sz     await     %util
04:25:21 PM IST   nvme0n1      0.00      0.00      0.00      0.00      0.00      0.00      0.00      0.00
04:25:21 PM IST       sda   1148.00      0.00   7044.00      0.00      6.14      0.58      0.27     31.60

04:25:21 PM IST       DEV       tps     rkB/s     wkB/s     dkB/s   areq-sz    aqu-sz     await     %util
04:25:22 PM IST   nvme0n1      0.00      0.00      0.00      0.00      0.00      0.00      0.00      0.00
04:25:22 PM IST       sda   1122.00      0.00   7156.00      0.00      6.38      0.52      0.25     26.80

04:25:22 PM IST       DEV       tps     rkB/s     wkB/s     dkB/s   areq-sz    aqu-sz     await     %util
04:25:23 PM IST   nvme0n1      0.00      0.00      0.00      0.00      0.00      0.00      0.00      0.00
04:25:23 PM IST       sda   1127.00      0.00   6980.00      0.00      6.19      0.54      0.26     28.80

04:25:23 PM IST       DEV       tps     rkB/s     wkB/s     dkB/s   areq-sz    aqu-sz     await     %util
04:25:24 PM IST   nvme0n1      0.00      0.00      0.00      0.00      0.00      0.00      0.00      0.00
04:25:24 PM IST       sda   1122.00      0.00   6932.00      0.00      6.18      0.54      0.26     25.60

04:25:24 PM IST       DEV       tps     rkB/s     wkB/s     dkB/s   areq-sz    aqu-sz     await     %util
04:25:25 PM IST   nvme0n1      0.00      0.00      0.00      0.00      0.00      0.00      0.00      0.00
04:25:25 PM IST       sda   1144.00      0.00   7264.00      0.00      6.35      0.55      0.26     28.00

04:25:25 PM IST       DEV       tps     rkB/s     wkB/s     dkB/s   areq-sz    aqu-sz     await     %util
04:25:26 PM IST   nvme0n1      0.00      0.00      0.00      0.00      0.00      0.00      0.00      0.00
04:25:26 PM IST       sda   1586.00      0.00   8708.00      0.00      5.49      0.84      0.29     40.40

04:25:26 PM IST       DEV       tps     rkB/s     wkB/s     dkB/s   areq-sz    aqu-sz     await     %util
04:25:27 PM IST   nvme0n1      0.00      0.00      0.00      0.00      0.00      0.00      0.00      0.00
04:25:27 PM IST       sda   1144.00      0.00   7236.00      0.00      6.33      0.56      0.26     29.60

04:25:27 PM IST       DEV       tps     rkB/s     wkB/s     dkB/s   areq-sz    aqu-sz     await     %util
04:25:28 PM IST   nvme0n1      0.00      0.00      0.00      0.00      0.00      0.00      0.00      0.00
04:25:28 PM IST       sda   1133.00      0.00   7184.00      0.00      6.34      0.55      0.26     30.80

04:25:28 PM IST       DEV       tps     rkB/s     wkB/s     dkB/s   areq-sz    aqu-sz     await     %util
04:25:29 PM IST   nvme0n1      0.00      0.00      0.00      0.00      0.00      0.00      0.00      0.00
04:25:29 PM IST       sda   1120.00      0.00   6928.00      0.00      6.19      0.60      0.28     27.60

04:25:29 PM IST       DEV       tps     rkB/s     wkB/s     dkB/s   areq-sz    aqu-sz     await     %util
04:25:30 PM IST   nvme0n1      0.00      0.00      0.00      0.00      0.00      0.00      0.00      0.00
04:25:30 PM IST       sda   1082.00      0.00   6680.00      0.00      6.17      0.62      0.30     32.00

04:25:30 PM IST       DEV       tps     rkB/s     wkB/s     dkB/s   areq-sz    aqu-sz     await     %util
04:25:31 PM IST   nvme0n1      0.00      0.00      0.00      0.00      0.00      0.00      0.00      0.00
04:25:31 PM IST       sda   1089.00      0.00   7008.00      0.00      6.44      0.59      0.29     32.00

04:25:31 PM IST       DEV       tps     rkB/s     wkB/s     dkB/s   areq-sz    aqu-sz     await     %util
04:25:32 PM IST   nvme0n1      0.00      0.00      0.00      0.00      0.00      0.00      0.00      0.00
04:25:32 PM IST       sda   1109.00      0.00   7056.00      0.00      6.36      0.60      0.29     31.60

04:25:32 PM IST       DEV       tps     rkB/s     wkB/s     dkB/s   areq-sz    aqu-sz     await     %util
04:25:33 PM IST   nvme0n1      0.00      0.00      0.00      0.00      0.00      0.00      0.00      0.00
04:25:33 PM IST       sda   1119.00      0.00   6864.00      0.00      6.13      0.58      0.27     31.20

04:25:33 PM IST       DEV       tps     rkB/s     wkB/s     dkB/s   areq-sz    aqu-sz     await     %util
04:25:34 PM IST   nvme0n1      0.00      0.00      0.00      0.00      0.00      0.00      0.00      0.00
04:25:34 PM IST       sda   1105.00      0.00   6836.00      0.00      6.19      0.56      0.27     25.20

04:25:34 PM IST       DEV       tps     rkB/s     wkB/s     dkB/s   areq-sz    aqu-sz     await     %util
04:25:35 PM IST   nvme0n1      0.00      0.00      0.00      0.00      0.00      0.00      0.00      0.00
04:25:35 PM IST       sda   1157.00      0.00   7308.00      0.00      6.32      0.55      0.25     30.40

04:25:35 PM IST       DEV       tps     rkB/s     wkB/s     dkB/s   areq-sz    aqu-sz     await     %util
04:25:36 PM IST   nvme0n1      0.00      0.00      0.00      0.00      0.00      0.00      0.00      0.00
04:25:36 PM IST       sda   1143.00      0.00   7252.00      0.00      6.34      0.54      0.26     32.40

04:25:36 PM IST       DEV       tps     rkB/s     wkB/s     dkB/s   areq-sz    aqu-sz     await     %util
04:25:37 PM IST   nvme0n1      0.00      0.00      0.00      0.00      0.00      0.00      0.00      0.00
04:25:37 PM IST       sda   1153.00      0.00   7288.00      0.00      6.32      0.54      0.25     30.40

04:25:37 PM IST       DEV       tps     rkB/s     wkB/s     dkB/s   areq-sz    aqu-sz     await     %util
04:25:38 PM IST   nvme0n1      0.00      0.00      0.00      0.00      0.00      0.00      0.00      0.00
04:25:38 PM IST       sda   1115.00      0.00   7088.00      0.00      6.36      0.57      0.27     34.40

04:25:38 PM IST       DEV       tps     rkB/s     wkB/s     dkB/s   areq-sz    aqu-sz     await     %util
04:25:39 PM IST   nvme0n1      0.00      0.00      0.00      0.00      0.00      0.00      0.00      0.00
04:25:39 PM IST       sda   1146.00      0.00   7000.00      0.00      6.11      0.54      0.25     34.40

04:25:39 PM IST       DEV       tps     rkB/s     wkB/s     dkB/s   areq-sz    aqu-sz     await     %util
04:25:40 PM IST   nvme0n1      0.00      0.00      0.00      0.00      0.00      0.00      0.00      0.00
04:25:40 PM IST       sda   1133.00      0.00   6992.00      0.00      6.17      0.54      0.26     27.60

04:25:40 PM IST       DEV       tps     rkB/s     wkB/s     dkB/s   areq-sz    aqu-sz     await     %util
04:25:41 PM IST   nvme0n1      0.00      0.00      0.00      0.00      0.00      0.00      0.00      0.00
04:25:41 PM IST       sda   1132.00      0.00   7136.00      0.00      6.30      0.54      0.25     28.40

04:25:41 PM IST       DEV       tps     rkB/s     wkB/s     dkB/s   areq-sz    aqu-sz     await     %util
04:25:42 PM IST   nvme0n1      0.00      0.00      0.00      0.00      0.00      0.00      0.00      0.00
04:25:42 PM IST       sda   1136.00      0.00   7236.00      0.00      6.37      0.55      0.26     33.20

04:25:42 PM IST       DEV       tps     rkB/s     wkB/s     dkB/s   areq-sz    aqu-sz     await     %util
04:25:43 PM IST   nvme0n1      0.00      0.00      0.00      0.00      0.00      0.00      0.00      0.00
04:25:43 PM IST       sda   1094.06      0.00   6732.67      0.00      6.15      0.57      0.28     33.27

04:25:43 PM IST       DEV       tps     rkB/s     wkB/s     dkB/s   areq-sz    aqu-sz     await     %util
04:25:44 PM IST   nvme0n1      0.00      0.00      0.00      0.00      0.00      0.00      0.00      0.00
04:25:44 PM IST       sda   1139.00      0.00   7208.00      0.00      6.33      0.55      0.26     31.20

04:25:44 PM IST       DEV       tps     rkB/s     wkB/s     dkB/s   areq-sz    aqu-sz     await     %util
04:25:45 PM IST   nvme0n1      0.00      0.00      0.00      0.00      0.00      0.00      0.00      0.00
04:25:45 PM IST       sda   1123.00      0.00   6928.00      0.00      6.17      0.55      0.26     25.60

04:25:45 PM IST       DEV       tps     rkB/s     wkB/s     dkB/s   areq-sz    aqu-sz     await     %util
04:25:46 PM IST   nvme0n1      0.00      0.00      0.00      0.00      0.00      0.00      0.00      0.00
04:25:46 PM IST       sda   1125.00      0.00   6864.00      0.00      6.10      0.58      0.28     30.80

04:25:46 PM IST       DEV       tps     rkB/s     wkB/s     dkB/s   areq-sz    aqu-sz     await     %util
04:25:47 PM IST   nvme0n1      0.00      0.00      0.00      0.00      0.00      0.00      0.00      0.00
04:25:47 PM IST       sda   1124.00      0.00   7152.00      0.00      6.36      0.61      0.29     34.80

04:25:47 PM IST       DEV       tps     rkB/s     wkB/s     dkB/s   areq-sz    aqu-sz     await     %util
04:25:48 PM IST   nvme0n1      0.00      0.00      0.00      0.00      0.00      0.00      0.00      0.00
04:25:48 PM IST       sda   1120.00      0.00   6848.00      0.00      6.11      0.61      0.29     29.60

04:25:48 PM IST       DEV       tps     rkB/s     wkB/s     dkB/s   areq-sz    aqu-sz     await     %util
04:25:49 PM IST   nvme0n1      0.00      0.00      0.00      0.00      0.00      0.00      0.00      0.00
04:25:49 PM IST       sda   1099.00      0.00   6760.00      0.00      6.15      0.60      0.29     28.80

04:25:49 PM IST       DEV       tps     rkB/s     wkB/s     dkB/s   areq-sz    aqu-sz     await     %util
04:25:50 PM IST   nvme0n1      0.00      0.00      0.00      0.00      0.00      0.00      0.00      0.00
04:25:50 PM IST       sda   1125.00      0.00   7016.00      0.00      6.24      0.60      0.29     28.40

04:25:50 PM IST       DEV       tps     rkB/s     wkB/s     dkB/s   areq-sz    aqu-sz     await     %util
04:25:51 PM IST   nvme0n1      0.00      0.00      0.00      0.00      0.00      0.00      0.00      0.00
04:25:51 PM IST       sda   1124.00      0.00   7120.00      0.00      6.33      0.56      0.27     30.00

04:25:51 PM IST       DEV       tps     rkB/s     wkB/s     dkB/s   areq-sz    aqu-sz     await     %util
04:25:52 PM IST   nvme0n1      0.00      0.00      0.00      0.00      0.00      0.00      0.00      0.00
04:25:52 PM IST       sda   1150.00      0.00   6992.00      0.00      6.08      0.55      0.25     28.00

04:25:52 PM IST       DEV       tps     rkB/s     wkB/s     dkB/s   areq-sz    aqu-sz     await     %util
04:25:53 PM IST   nvme0n1      0.00      0.00      0.00      0.00      0.00      0.00      0.00      0.00
04:25:53 PM IST       sda   1124.00      0.00   7304.00      0.00      6.50      0.53      0.25     26.40

04:25:53 PM IST       DEV       tps     rkB/s     wkB/s     dkB/s   areq-sz    aqu-sz     await     %util
04:25:54 PM IST   nvme0n1      0.00      0.00      0.00      0.00      0.00      0.00      0.00      0.00
04:25:54 PM IST       sda   1129.00      0.00   7008.00      0.00      6.21      0.53      0.25     24.40

04:25:54 PM IST       DEV       tps     rkB/s     wkB/s     dkB/s   areq-sz    aqu-sz     await     %util
04:25:55 PM IST   nvme0n1      0.00      0.00      0.00      0.00      0.00      0.00      0.00      0.00
04:25:55 PM IST       sda   1143.00      0.00   7040.00      0.00      6.16      0.55      0.26     25.60

04:25:55 PM IST       DEV       tps     rkB/s     wkB/s     dkB/s   areq-sz    aqu-sz     await     %util
04:25:56 PM IST   nvme0n1      0.00      0.00      0.00      0.00      0.00      0.00      0.00      0.00
04:25:56 PM IST       sda   1142.00      8.00   7048.00      0.00      6.18      0.56      0.26     29.60

04:25:56 PM IST       DEV       tps     rkB/s     wkB/s     dkB/s   areq-sz    aqu-sz     await     %util
04:25:57 PM IST   nvme0n1      0.00      0.00      0.00      0.00      0.00      0.00      0.00      0.00
04:25:57 PM IST       sda   1144.00      0.00   7212.00      0.00      6.30      0.54      0.25     32.00

04:25:57 PM IST       DEV       tps     rkB/s     wkB/s     dkB/s   areq-sz    aqu-sz     await     %util
04:25:58 PM IST   nvme0n1      0.00      0.00      0.00      0.00      0.00      0.00      0.00      0.00
04:25:58 PM IST       sda   1141.00      0.00   7224.00      0.00      6.33      0.54      0.25     29.60

04:25:58 PM IST       DEV       tps     rkB/s     wkB/s     dkB/s   areq-sz    aqu-sz     await     %util
04:25:59 PM IST   nvme0n1      0.00      0.00      0.00      0.00      0.00      0.00      0.00      0.00
04:25:59 PM IST       sda   1189.00      0.00   7160.00      0.00      6.02      0.55      0.25     25.60

04:25:59 PM IST       DEV       tps     rkB/s     wkB/s     dkB/s   areq-sz    aqu-sz     await     %util
04:26:00 PM IST   nvme0n1      0.00      0.00      0.00      0.00      0.00      0.00      0.00      0.00
04:26:00 PM IST       sda   1133.00      0.00   7192.00      0.00      6.35      0.59      0.28     32.80

04:26:00 PM IST       DEV       tps     rkB/s     wkB/s     dkB/s   areq-sz    aqu-sz     await     %util
04:26:01 PM IST   nvme0n1      0.00      0.00      0.00      0.00      0.00      0.00      0.00      0.00
04:26:01 PM IST       sda   1119.00      0.00   6944.00      0.00      6.21      0.56      0.27     29.20

04:26:01 PM IST       DEV       tps     rkB/s     wkB/s     dkB/s   areq-sz    aqu-sz     await     %util
04:26:02 PM IST   nvme0n1      0.00      0.00      0.00      0.00      0.00      0.00      0.00      0.00
04:26:02 PM IST       sda   1149.00      0.00   7048.00      0.00      6.13      0.57      0.26     28.80

04:26:02 PM IST       DEV       tps     rkB/s     wkB/s     dkB/s   areq-sz    aqu-sz     await     %util
04:26:03 PM IST   nvme0n1      0.00      0.00      0.00      0.00      0.00      0.00      0.00      0.00
04:26:03 PM IST       sda   1161.00      0.00   7388.00      0.00      6.36      0.57      0.27     27.60

04:26:03 PM IST       DEV       tps     rkB/s     wkB/s     dkB/s   areq-sz    aqu-sz     await     %util
04:26:04 PM IST   nvme0n1      0.00      0.00      0.00      0.00      0.00      0.00      0.00      0.00
04:26:04 PM IST       sda   1070.00      0.00   6876.00      0.00      6.43      0.60      0.30     32.40

04:26:04 PM IST       DEV       tps     rkB/s     wkB/s     dkB/s   areq-sz    aqu-sz     await     %util
04:26:05 PM IST   nvme0n1      0.00      0.00      0.00      0.00      0.00      0.00      0.00      0.00
04:26:05 PM IST       sda   1112.00      0.00   6868.00      0.00      6.18      0.60      0.29     27.60

04:26:05 PM IST       DEV       tps     rkB/s     wkB/s     dkB/s   areq-sz    aqu-sz     await     %util
04:26:06 PM IST   nvme0n1      0.00      0.00      0.00      0.00      0.00      0.00      0.00      0.00
04:26:06 PM IST       sda   1090.00      0.00   6720.00      0.00      6.17      0.60      0.29     32.40

04:26:06 PM IST       DEV       tps     rkB/s     wkB/s     dkB/s   areq-sz    aqu-sz     await     %util
04:26:07 PM IST   nvme0n1      0.00      0.00      0.00      0.00      0.00      0.00      0.00      0.00
04:26:07 PM IST       sda   1121.00      0.00   7104.00      0.00      6.34      0.61      0.29     31.20

04:26:07 PM IST       DEV       tps     rkB/s     wkB/s     dkB/s   areq-sz    aqu-sz     await     %util
04:26:08 PM IST   nvme0n1      0.00      0.00      0.00      0.00      0.00      0.00      0.00      0.00
04:26:08 PM IST       sda   1135.00      0.00   7208.00      0.00      6.35      0.57      0.27     31.20

04:26:08 PM IST       DEV       tps     rkB/s     wkB/s     dkB/s   areq-sz    aqu-sz     await     %util
04:26:09 PM IST   nvme0n1      0.00      0.00      0.00      0.00      0.00      0.00      0.00      0.00
04:26:09 PM IST       sda   1119.00      0.00   6864.00      0.00      6.13      0.57      0.27     32.40

04:26:09 PM IST       DEV       tps     rkB/s     wkB/s     dkB/s   areq-sz    aqu-sz     await     %util
04:26:10 PM IST   nvme0n1      0.00      0.00      0.00      0.00      0.00      0.00      0.00      0.00
04:26:10 PM IST       sda    946.00      0.00   5804.00      0.00      6.14      0.45      0.26     24.40

04:26:10 PM IST       DEV       tps     rkB/s     wkB/s     dkB/s   areq-sz    aqu-sz     await     %util
04:26:11 PM IST   nvme0n1      0.00      0.00      0.00      0.00      0.00      0.00      0.00      0.00
04:26:11 PM IST       sda   1089.00      0.00   6664.00      0.00      6.12      0.52      0.26     24.80

04:26:11 PM IST       DEV       tps     rkB/s     wkB/s     dkB/s   areq-sz    aqu-sz     await     %util
04:26:12 PM IST   nvme0n1      0.00      0.00      0.00      0.00      0.00      0.00      0.00      0.00
04:26:12 PM IST       sda   1097.00      0.00   6772.00      0.00      6.17      0.51      0.25     26.80

04:26:12 PM IST       DEV       tps     rkB/s     wkB/s     dkB/s   areq-sz    aqu-sz     await     %util
04:26:13 PM IST   nvme0n1      0.00      0.00      0.00      0.00      0.00      0.00      0.00      0.00
04:26:13 PM IST       sda   1111.00      0.00   7316.00      0.00      6.59      0.56      0.27     30.80

04:26:13 PM IST       DEV       tps     rkB/s     wkB/s     dkB/s   areq-sz    aqu-sz     await     %util
04:26:14 PM IST   nvme0n1      0.00      0.00      0.00      0.00      0.00      0.00      0.00      0.00
04:26:14 PM IST       sda   1128.00      0.00   6880.00      0.00      6.10      0.53      0.25     30.80

04:26:14 PM IST       DEV       tps     rkB/s     wkB/s     dkB/s   areq-sz    aqu-sz     await     %util
04:26:15 PM IST   nvme0n1      0.00      0.00      0.00      0.00      0.00      0.00      0.00      0.00
04:26:15 PM IST       sda   1125.00      0.00   6884.00      0.00      6.12      0.54      0.26     26.40

04:26:15 PM IST       DEV       tps     rkB/s     wkB/s     dkB/s   areq-sz    aqu-sz     await     %util
04:26:16 PM IST   nvme0n1      0.00      0.00      0.00      0.00      0.00      0.00      0.00      0.00
04:26:16 PM IST       sda   1142.00      0.00   7316.00      0.00      6.41      0.54      0.25     31.60

04:26:16 PM IST       DEV       tps     rkB/s     wkB/s     dkB/s   areq-sz    aqu-sz     await     %util
04:26:17 PM IST   nvme0n1      0.00      0.00      0.00      0.00      0.00      0.00      0.00      0.00
04:26:17 PM IST       sda   1129.00      0.00   6920.00      0.00      6.13      0.55      0.26     30.40

04:26:17 PM IST       DEV       tps     rkB/s     wkB/s     dkB/s   areq-sz    aqu-sz     await     %util
04:26:18 PM IST   nvme0n1      0.00      0.00      0.00      0.00      0.00      0.00      0.00      0.00
04:26:18 PM IST       sda   1102.00      0.00   6744.00      0.00      6.12      0.58      0.28     33.20

04:26:18 PM IST       DEV       tps     rkB/s     wkB/s     dkB/s   areq-sz    aqu-sz     await     %util
04:26:19 PM IST   nvme0n1      0.00      0.00      0.00      0.00      0.00      0.00      0.00      0.00
04:26:19 PM IST       sda   1132.00      0.00   6920.00      0.00      6.11      0.56      0.26     25.60

04:26:19 PM IST       DEV       tps     rkB/s     wkB/s     dkB/s   areq-sz    aqu-sz     await     %util
04:26:20 PM IST   nvme0n1      0.00      0.00      0.00      0.00      0.00      0.00      0.00      0.00
04:26:20 PM IST       sda   1139.00      0.00   7184.00      0.00      6.31      0.57      0.27     28.40

04:26:20 PM IST       DEV       tps     rkB/s     wkB/s     dkB/s   areq-sz    aqu-sz     await     %util
04:26:21 PM IST   nvme0n1      0.00      0.00      0.00      0.00      0.00      0.00      0.00      0.00
04:26:21 PM IST       sda   1110.00      0.00   6840.00      0.00      6.16      0.56      0.27     34.40

04:26:21 PM IST       DEV       tps     rkB/s     wkB/s     dkB/s   areq-sz    aqu-sz     await     %util
04:26:22 PM IST   nvme0n1      0.00      0.00      0.00      0.00      0.00      0.00      0.00      0.00
04:26:22 PM IST       sda   1094.00      0.00   6736.00      0.00      6.16      0.59      0.29     34.40

04:26:22 PM IST       DEV       tps     rkB/s     wkB/s     dkB/s   areq-sz    aqu-sz     await     %util
04:26:23 PM IST   nvme0n1      0.00      0.00      0.00      0.00      0.00      0.00      0.00      0.00
04:26:23 PM IST       sda   1067.00      0.00   7016.00      0.00      6.58      0.58      0.29     29.20

04:26:23 PM IST       DEV       tps     rkB/s     wkB/s     dkB/s   areq-sz    aqu-sz     await     %util
04:26:24 PM IST   nvme0n1      0.00      0.00      0.00      0.00      0.00      0.00      0.00      0.00
04:26:24 PM IST       sda   1090.00      0.00   6664.00      0.00      6.11      0.59      0.29     34.80

04:26:24 PM IST       DEV       tps     rkB/s     wkB/s     dkB/s   areq-sz    aqu-sz     await     %util
04:26:25 PM IST   nvme0n1      0.00      0.00      0.00      0.00      0.00      0.00      0.00      0.00
04:26:25 PM IST       sda   1098.00      0.00   6868.00      0.00      6.26      0.60      0.29     32.00

04:26:25 PM IST       DEV       tps     rkB/s     wkB/s     dkB/s   areq-sz    aqu-sz     await     %util
04:26:26 PM IST   nvme0n1      0.00      0.00      0.00      0.00      0.00      0.00      0.00      0.00
04:26:26 PM IST       sda   1593.00      0.00   9180.00      0.00      5.76      0.87      0.30     43.60

04:26:26 PM IST       DEV       tps     rkB/s     wkB/s     dkB/s   areq-sz    aqu-sz     await     %util
04:26:27 PM IST   nvme0n1      0.00      0.00      0.00      0.00      0.00      0.00      0.00      0.00
04:26:27 PM IST       sda   1144.00      0.00   7000.00      0.00      6.12      0.54      0.25     30.80

04:26:27 PM IST       DEV       tps     rkB/s     wkB/s     dkB/s   areq-sz    aqu-sz     await     %util
04:26:28 PM IST   nvme0n1      0.00      0.00      0.00      0.00      0.00      0.00      0.00      0.00
04:26:28 PM IST       sda   1134.00      0.00   6932.00      0.00      6.11      0.55      0.26     28.80

04:26:28 PM IST       DEV       tps     rkB/s     wkB/s     dkB/s   areq-sz    aqu-sz     await     %util
04:26:29 PM IST   nvme0n1      0.00      0.00      0.00      0.00      0.00      0.00      0.00      0.00
04:26:29 PM IST       sda   1136.00      0.00   7060.00      0.00      6.21      0.55      0.26     26.40

04:26:29 PM IST       DEV       tps     rkB/s     wkB/s     dkB/s   areq-sz    aqu-sz     await     %util
04:26:30 PM IST   nvme0n1      0.00      0.00      0.00      0.00      0.00      0.00      0.00      0.00
04:26:30 PM IST       sda   1102.00      0.00   6808.00      0.00      6.18      0.53      0.26     27.20

04:26:30 PM IST       DEV       tps     rkB/s     wkB/s     dkB/s   areq-sz    aqu-sz     await     %util
04:26:31 PM IST   nvme0n1      0.00      0.00      0.00      0.00      0.00      0.00      0.00      0.00
04:26:31 PM IST       sda   1132.00      0.00   6956.00      0.00      6.14      0.56      0.26     32.40

04:26:31 PM IST       DEV       tps     rkB/s     wkB/s     dkB/s   areq-sz    aqu-sz     await     %util
04:26:32 PM IST   nvme0n1      0.00      0.00      0.00      0.00      0.00      0.00      0.00      0.00
04:26:32 PM IST       sda   1148.00      0.00   7008.00      0.00      6.10      0.54      0.25     26.40

04:26:32 PM IST       DEV       tps     rkB/s     wkB/s     dkB/s   areq-sz    aqu-sz     await     %util
04:26:33 PM IST   nvme0n1      0.00      0.00      0.00      0.00      0.00      0.00      0.00      0.00
04:26:33 PM IST       sda   1244.00      0.00   7448.00      0.00      5.99      0.57      0.25     33.20

04:26:33 PM IST       DEV       tps     rkB/s     wkB/s     dkB/s   areq-sz    aqu-sz     await     %util
04:26:34 PM IST   nvme0n1      0.00      0.00      0.00      0.00      0.00      0.00      0.00      0.00
04:26:34 PM IST       sda   1175.00      0.00   7136.00      0.00      6.07      0.55      0.25     30.40

04:26:34 PM IST       DEV       tps     rkB/s     wkB/s     dkB/s   areq-sz    aqu-sz     await     %util
04:26:35 PM IST   nvme0n1      0.00      0.00      0.00      0.00      0.00      0.00      0.00      0.00
04:26:35 PM IST       sda   1117.00      0.00   6856.00      0.00      6.14      0.60      0.28     35.60

04:26:35 PM IST       DEV       tps     rkB/s     wkB/s     dkB/s   areq-sz    aqu-sz     await     %util
04:26:36 PM IST   nvme0n1      0.00      0.00      0.00      0.00      0.00      0.00      0.00      0.00
04:26:36 PM IST       sda   1115.00      0.00   7000.00      0.00      6.28      0.55      0.26     28.00

04:26:36 PM IST       DEV       tps     rkB/s     wkB/s     dkB/s   areq-sz    aqu-sz     await     %util
04:26:37 PM IST   nvme0n1      0.00      0.00      0.00      0.00      0.00      0.00      0.00      0.00
04:26:37 PM IST       sda   1131.00      0.00   6896.00      0.00      6.10      0.57      0.27     31.60

04:26:37 PM IST       DEV       tps     rkB/s     wkB/s     dkB/s   areq-sz    aqu-sz     await     %util
04:26:38 PM IST   nvme0n1      0.00      0.00      0.00      0.00      0.00      0.00      0.00      0.00
04:26:38 PM IST       sda   1127.00      0.00   6916.00      0.00      6.14      0.55      0.26     33.60

04:26:38 PM IST       DEV       tps     rkB/s     wkB/s     dkB/s   areq-sz    aqu-sz     await     %util
04:26:39 PM IST   nvme0n1      0.00      0.00      0.00      0.00      0.00      0.00      0.00      0.00
04:26:39 PM IST       sda   1101.00      0.00   6760.00      0.00      6.14      0.60      0.29     28.00

04:26:39 PM IST       DEV       tps     rkB/s     wkB/s     dkB/s   areq-sz    aqu-sz     await     %util
04:26:40 PM IST   nvme0n1      0.00      0.00      0.00      0.00      0.00      0.00      0.00      0.00
04:26:40 PM IST       sda   1098.00      0.00   6720.00      0.00      6.12      0.58      0.28     26.40

04:26:40 PM IST       DEV       tps     rkB/s     wkB/s     dkB/s   areq-sz    aqu-sz     await     %util
04:26:41 PM IST   nvme0n1      0.00      0.00      0.00      0.00      0.00      0.00      0.00      0.00
04:26:41 PM IST       sda   1113.00      0.00   6944.00      0.00      6.24      0.60      0.29     34.00

04:26:41 PM IST       DEV       tps     rkB/s     wkB/s     dkB/s   areq-sz    aqu-sz     await     %util
04:26:42 PM IST   nvme0n1      0.00      0.00      0.00      0.00      0.00      0.00      0.00      0.00
04:26:42 PM IST       sda   1104.00      0.00   6800.00      0.00      6.16      0.60      0.29     32.00

04:26:42 PM IST       DEV       tps     rkB/s     wkB/s     dkB/s   areq-sz    aqu-sz     await     %util
04:26:43 PM IST   nvme0n1      0.00      0.00      0.00      0.00      0.00      0.00      0.00      0.00
04:26:43 PM IST       sda   1142.00      0.00   7100.00      0.00      6.22      0.57      0.27     33.60

04:26:43 PM IST       DEV       tps     rkB/s     wkB/s     dkB/s   areq-sz    aqu-sz     await     %util
04:26:44 PM IST   nvme0n1      0.00      0.00      0.00      0.00      0.00      0.00      0.00      0.00
04:26:44 PM IST       sda   1091.00      0.00   6720.00      0.00      6.16      0.55      0.27     29.60

04:26:44 PM IST       DEV       tps     rkB/s     wkB/s     dkB/s   areq-sz    aqu-sz     await     %util
04:26:45 PM IST   nvme0n1      0.00      0.00      0.00      0.00      0.00      0.00      0.00      0.00
04:26:45 PM IST       sda   1133.00      0.00   6944.00      0.00      6.13      0.54      0.25     28.00

04:26:45 PM IST       DEV       tps     rkB/s     wkB/s     dkB/s   areq-sz    aqu-sz     await     %util
04:26:46 PM IST   nvme0n1      0.00      0.00      0.00      0.00      0.00      0.00      0.00      0.00
04:26:46 PM IST       sda   1148.00      0.00   7020.00      0.00      6.11      0.55      0.26     28.00

04:26:46 PM IST       DEV       tps     rkB/s     wkB/s     dkB/s   areq-sz    aqu-sz     await     %util
04:26:47 PM IST   nvme0n1      0.00      0.00      0.00      0.00      0.00      0.00      0.00      0.00
04:26:47 PM IST       sda   1184.00      0.00   7148.00      0.00      6.04      0.53      0.24     29.20

04:26:47 PM IST       DEV       tps     rkB/s     wkB/s     dkB/s   areq-sz    aqu-sz     await     %util
04:26:48 PM IST   nvme0n1      0.00      0.00      0.00      0.00      0.00      0.00      0.00      0.00
04:26:48 PM IST       sda   1116.00      0.00   6888.00      0.00      6.17      0.57      0.27     32.00

04:26:48 PM IST       DEV       tps     rkB/s     wkB/s     dkB/s   areq-sz    aqu-sz     await     %util
04:26:49 PM IST   nvme0n1      0.00      0.00      0.00      0.00      0.00      0.00      0.00      0.00
04:26:49 PM IST       sda   1147.00      0.00   7024.00      0.00      6.12      0.54      0.25     28.40

04:26:49 PM IST       DEV       tps     rkB/s     wkB/s     dkB/s   areq-sz    aqu-sz     await     %util
04:26:50 PM IST   nvme0n1      0.00      0.00      0.00      0.00      0.00      0.00      0.00      0.00
04:26:50 PM IST       sda   1149.00      0.00   6976.00      0.00      6.07      0.55      0.26     30.40

04:26:50 PM IST       DEV       tps     rkB/s     wkB/s     dkB/s   areq-sz    aqu-sz     await     %util
04:26:51 PM IST   nvme0n1      0.00      0.00      0.00      0.00      0.00      0.00      0.00      0.00
04:26:51 PM IST       sda   1129.00      0.00   6948.00      0.00      6.15      0.54      0.26     28.40

04:26:51 PM IST       DEV       tps     rkB/s     wkB/s     dkB/s   areq-sz    aqu-sz     await     %util
04:26:52 PM IST   nvme0n1      0.00      0.00      0.00      0.00      0.00      0.00      0.00      0.00
04:26:52 PM IST       sda   1187.00      0.00   7160.00      0.00      6.03      0.55      0.25     27.60

04:26:52 PM IST       DEV       tps     rkB/s     wkB/s     dkB/s   areq-sz    aqu-sz     await     %util
04:26:53 PM IST   nvme0n1      0.00      0.00      0.00      0.00      0.00      0.00      0.00      0.00
04:26:53 PM IST       sda   1104.00     12.00   6816.00      0.00      6.18      0.58      0.28     31.60

04:26:53 PM IST       DEV       tps     rkB/s     wkB/s     dkB/s   areq-sz    aqu-sz     await     %util
04:26:54 PM IST   nvme0n1      0.00      0.00      0.00      0.00      0.00      0.00      0.00      0.00
04:26:54 PM IST       sda   1119.00      0.00   6864.00      0.00      6.13      0.55      0.26     30.80

04:26:54 PM IST       DEV       tps     rkB/s     wkB/s     dkB/s   areq-sz    aqu-sz     await     %util
04:26:55 PM IST   nvme0n1      0.00      0.00      0.00      0.00      0.00      0.00      0.00      0.00
04:26:55 PM IST       sda   1119.00      0.00   6880.00      0.00      6.15      0.55      0.26     26.40

04:26:55 PM IST       DEV       tps     rkB/s     wkB/s     dkB/s   areq-sz    aqu-sz     await     %util
04:26:56 PM IST   nvme0n1      0.00      0.00      0.00      0.00      0.00      0.00      0.00      0.00
04:26:56 PM IST       sda   1132.00      8.00   7124.00      0.00      6.30      0.59      0.28     32.00

04:26:56 PM IST       DEV       tps     rkB/s     wkB/s     dkB/s   areq-sz    aqu-sz     await     %util
04:26:57 PM IST   nvme0n1      0.00      0.00      0.00      0.00      0.00      0.00      0.00      0.00
04:26:57 PM IST       sda   1102.00      0.00   6760.00      0.00      6.13      0.60      0.29     33.60

04:26:57 PM IST       DEV       tps     rkB/s     wkB/s     dkB/s   areq-sz    aqu-sz     await     %util
04:26:58 PM IST   nvme0n1      0.00      0.00      0.00      0.00      0.00      0.00      0.00      0.00
04:26:58 PM IST       sda   1119.00      0.00   6840.00      0.00      6.11      0.60      0.29     32.40

04:26:58 PM IST       DEV       tps     rkB/s     wkB/s     dkB/s   areq-sz    aqu-sz     await     %util
04:26:59 PM IST   nvme0n1      0.00      0.00      0.00      0.00      0.00      0.00      0.00      0.00
04:26:59 PM IST       sda   1123.00      0.00   7144.00      0.00      6.36      0.61      0.29     30.00

04:26:59 PM IST       DEV       tps     rkB/s     wkB/s     dkB/s   areq-sz    aqu-sz     await     %util
04:27:00 PM IST   nvme0n1      0.00      0.00      0.00      0.00      0.00      0.00      0.00      0.00
04:27:00 PM IST       sda   1155.00      0.00   6972.00      0.00      6.04      0.60      0.28     31.60

04:27:00 PM IST       DEV       tps     rkB/s     wkB/s     dkB/s   areq-sz    aqu-sz     await     %util
04:27:01 PM IST   nvme0n1      0.00      0.00      0.00      0.00      0.00      0.00      0.00      0.00
04:27:01 PM IST       sda   1106.00      0.00   6852.00      0.00      6.20      0.55      0.26     31.60

04:27:01 PM IST       DEV       tps     rkB/s     wkB/s     dkB/s   areq-sz    aqu-sz     await     %util
04:27:02 PM IST   nvme0n1      0.00      0.00      0.00      0.00      0.00      0.00      0.00      0.00
04:27:02 PM IST       sda   1136.00      0.00   6952.00      0.00      6.12      0.56      0.26     32.00

04:27:02 PM IST       DEV       tps     rkB/s     wkB/s     dkB/s   areq-sz    aqu-sz     await     %util
04:27:03 PM IST   nvme0n1      0.00      0.00      0.00      0.00      0.00      0.00      0.00      0.00
04:27:03 PM IST       sda   1155.00      0.00   7024.00      0.00      6.08      0.55      0.25     29.60

04:27:03 PM IST       DEV       tps     rkB/s     wkB/s     dkB/s   areq-sz    aqu-sz     await     %util
04:27:04 PM IST   nvme0n1      0.00      0.00      0.00      0.00      0.00      0.00      0.00      0.00
04:27:04 PM IST       sda   1143.00      0.00   7224.00      0.00      6.32      0.54      0.25     24.80

04:27:04 PM IST       DEV       tps     rkB/s     wkB/s     dkB/s   areq-sz    aqu-sz     await     %util
04:27:05 PM IST   nvme0n1      0.00      0.00      0.00      0.00      0.00      0.00      0.00      0.00
04:27:05 PM IST       sda   1124.00      0.00   6932.00      0.00      6.17      0.53      0.25     26.00

04:27:05 PM IST       DEV       tps     rkB/s     wkB/s     dkB/s   areq-sz    aqu-sz     await     %util
04:27:06 PM IST   nvme0n1      0.00      0.00      0.00      0.00      0.00      0.00      0.00      0.00
04:27:06 PM IST       sda   1108.00      0.00   6868.00      0.00      6.20      0.56      0.27     31.60

04:27:06 PM IST       DEV       tps     rkB/s     wkB/s     dkB/s   areq-sz    aqu-sz     await     %util
04:27:07 PM IST   nvme0n1      0.00      0.00      0.00      0.00      0.00      0.00      0.00      0.00
04:27:07 PM IST       sda   1171.00      0.00   7104.00      0.00      6.07      0.56      0.26     30.40

04:27:07 PM IST       DEV       tps     rkB/s     wkB/s     dkB/s   areq-sz    aqu-sz     await     %util
04:27:08 PM IST   nvme0n1      0.00      0.00      0.00      0.00      0.00      0.00      0.00      0.00
04:27:08 PM IST       sda   1138.00      0.00   6936.00      0.00      6.09      0.54      0.25     32.40

04:27:08 PM IST       DEV       tps     rkB/s     wkB/s     dkB/s   areq-sz    aqu-sz     await     %util
04:27:09 PM IST   nvme0n1      0.00      0.00      0.00      0.00      0.00      0.00      0.00      0.00
04:27:09 PM IST       sda   1160.00      0.00   7140.00      0.00      6.16      0.55      0.26     27.60

04:27:09 PM IST       DEV       tps     rkB/s     wkB/s     dkB/s   areq-sz    aqu-sz     await     %util
04:27:10 PM IST   nvme0n1      0.00      0.00      0.00      0.00      0.00      0.00      0.00      0.00
04:27:10 PM IST       sda    949.00      0.00   5548.00      0.00      5.85      0.48      0.27     26.40

04:27:10 PM IST       DEV       tps     rkB/s     wkB/s     dkB/s   areq-sz    aqu-sz     await     %util
04:27:11 PM IST   nvme0n1      0.00      0.00      0.00      0.00      0.00      0.00      0.00      0.00
04:27:11 PM IST       sda   1069.00      0.00   6600.00      0.00      6.17      0.55      0.27     24.00

04:27:11 PM IST       DEV       tps     rkB/s     wkB/s     dkB/s   areq-sz    aqu-sz     await     %util
04:27:12 PM IST   nvme0n1      0.00      0.00      0.00      0.00      0.00      0.00      0.00      0.00
04:27:12 PM IST       sda   1116.00      0.00   6800.00      0.00      6.09      0.56      0.27     27.20

04:27:12 PM IST       DEV       tps     rkB/s     wkB/s     dkB/s   areq-sz    aqu-sz     await     %util
04:27:13 PM IST   nvme0n1      0.00      0.00      0.00      0.00      0.00      0.00      0.00      0.00
04:27:13 PM IST       sda   1131.00      0.00   6884.00      0.00      6.09      0.54      0.25     25.60

04:27:13 PM IST       DEV       tps     rkB/s     wkB/s     dkB/s   areq-sz    aqu-sz     await     %util
04:27:14 PM IST   nvme0n1      0.00      0.00      0.00      0.00      0.00      0.00      0.00      0.00
04:27:14 PM IST       sda   1099.00      0.00   7020.00      0.00      6.39      0.58      0.28     28.80

04:27:14 PM IST       DEV       tps     rkB/s     wkB/s     dkB/s   areq-sz    aqu-sz     await     %util
04:27:15 PM IST   nvme0n1      0.00      0.00      0.00      0.00      0.00      0.00      0.00      0.00
04:27:15 PM IST       sda   1077.00      0.00   6688.00      0.00      6.21      0.60      0.29     31.20

04:27:15 PM IST       DEV       tps     rkB/s     wkB/s     dkB/s   areq-sz    aqu-sz     await     %util
04:27:16 PM IST   nvme0n1      0.00      0.00      0.00      0.00      0.00      0.00      0.00      0.00
04:27:16 PM IST       sda   1079.00      0.00   6788.00      0.00      6.29      0.59      0.29     32.40

04:27:16 PM IST       DEV       tps     rkB/s     wkB/s     dkB/s   areq-sz    aqu-sz     await     %util
04:27:17 PM IST   nvme0n1      0.00      0.00      0.00      0.00      0.00      0.00      0.00      0.00
04:27:17 PM IST       sda   1118.00      0.00   6808.00      0.00      6.09      0.60      0.29     33.20

04:27:17 PM IST       DEV       tps     rkB/s     wkB/s     dkB/s   areq-sz    aqu-sz     await     %util
04:27:18 PM IST   nvme0n1      0.00      0.00      0.00      0.00      0.00      0.00      0.00      0.00
04:27:18 PM IST       sda   1113.00      0.00   6800.00      0.00      6.11      0.59      0.28     30.80

04:27:18 PM IST       DEV       tps     rkB/s     wkB/s     dkB/s   areq-sz    aqu-sz     await     %util
04:27:19 PM IST   nvme0n1      0.00      0.00      0.00      0.00      0.00      0.00      0.00      0.00
04:27:19 PM IST       sda   1121.00      0.00   6848.00      0.00      6.11      0.55      0.26     32.40

04:27:19 PM IST       DEV       tps     rkB/s     wkB/s     dkB/s   areq-sz    aqu-sz     await     %util
04:27:20 PM IST   nvme0n1      0.00      0.00      0.00      0.00      0.00      0.00      0.00      0.00
04:27:20 PM IST       sda   1143.00      0.00   7264.00      0.00      6.36      0.56      0.26     28.40

04:27:20 PM IST       DEV       tps     rkB/s     wkB/s     dkB/s   areq-sz    aqu-sz     await     %util
04:27:21 PM IST   nvme0n1      0.00      0.00      0.00      0.00      0.00      0.00      0.00      0.00
04:27:21 PM IST       sda   1118.00      0.00   6944.00      0.00      6.21      0.55      0.26     31.20

04:27:21 PM IST       DEV       tps     rkB/s     wkB/s     dkB/s   areq-sz    aqu-sz     await     %util
04:27:22 PM IST   nvme0n1      0.00      0.00      0.00      0.00      0.00      0.00      0.00      0.00
04:27:22 PM IST       sda   1143.00      0.00   6932.00      0.00      6.06      0.54      0.25     29.20

04:27:22 PM IST       DEV       tps     rkB/s     wkB/s     dkB/s   areq-sz    aqu-sz     await     %util
04:27:23 PM IST   nvme0n1      0.00      0.00      0.00      0.00      0.00      0.00      0.00      0.00
04:27:23 PM IST       sda   1126.73      0.00   6962.38      0.00      6.18      0.57      0.27     29.70

04:27:23 PM IST       DEV       tps     rkB/s     wkB/s     dkB/s   areq-sz    aqu-sz     await     %util
04:27:24 PM IST   nvme0n1      0.00      0.00      0.00      0.00      0.00      0.00      0.00      0.00
04:27:24 PM IST       sda   1116.00      0.00   6824.00      0.00      6.11      0.56      0.27     27.60

04:27:24 PM IST       DEV       tps     rkB/s     wkB/s     dkB/s   areq-sz    aqu-sz     await     %util
04:27:25 PM IST   nvme0n1      0.00      0.00      0.00      0.00      0.00      0.00      0.00      0.00
04:27:25 PM IST       sda   1158.00      0.00   7368.00      0.00      6.36      0.55      0.25     32.40

04:27:25 PM IST       DEV       tps     rkB/s     wkB/s     dkB/s   areq-sz    aqu-sz     await     %util
04:27:26 PM IST   nvme0n1      0.00      0.00      0.00      0.00      0.00      0.00      0.00      0.00
04:27:26 PM IST       sda   1520.00      0.00   8380.00      0.00      5.51      0.76      0.26     38.40

04:27:26 PM IST       DEV       tps     rkB/s     wkB/s     dkB/s   areq-sz    aqu-sz     await     %util
04:27:27 PM IST   nvme0n1      0.00      0.00      0.00      0.00      0.00      0.00      0.00      0.00
04:27:27 PM IST       sda   1224.00      0.00   7356.00      0.00      6.01      0.57      0.25     29.60

04:27:27 PM IST       DEV       tps     rkB/s     wkB/s     dkB/s   areq-sz    aqu-sz     await     %util
04:27:28 PM IST   nvme0n1      0.00      0.00      0.00      0.00      0.00      0.00      0.00      0.00
04:27:28 PM IST       sda   1123.00      0.00   6840.00      0.00      6.09      0.60      0.28     31.60

04:27:28 PM IST       DEV       tps     rkB/s     wkB/s     dkB/s   areq-sz    aqu-sz     await     %util
04:27:29 PM IST   nvme0n1      0.00      0.00      0.00      0.00      0.00      0.00      0.00      0.00
04:27:29 PM IST       sda   1143.00      0.00   6968.00      0.00      6.10      0.56      0.26     30.40

04:27:29 PM IST       DEV       tps     rkB/s     wkB/s     dkB/s   areq-sz    aqu-sz     await     %util
04:27:30 PM IST   nvme0n1      0.00      0.00      0.00      0.00      0.00      0.00      0.00      0.00
04:27:30 PM IST       sda   1127.00      0.00   7268.00      0.00      6.45      0.57      0.27     30.80

04:27:30 PM IST       DEV       tps     rkB/s     wkB/s     dkB/s   areq-sz    aqu-sz     await     %util
04:27:31 PM IST   nvme0n1      0.00      0.00      0.00      0.00      0.00      0.00      0.00      0.00
04:27:31 PM IST       sda   1139.00      0.00   6992.00      0.00      6.14      0.59      0.28     27.60

04:27:31 PM IST       DEV       tps     rkB/s     wkB/s     dkB/s   areq-sz    aqu-sz     await     %util
04:27:32 PM IST   nvme0n1      0.00      0.00      0.00      0.00      0.00      0.00      0.00      0.00
04:27:32 PM IST       sda   1132.00      0.00   6912.00      0.00      6.11      0.62      0.29     33.60

04:27:32 PM IST       DEV       tps     rkB/s     wkB/s     dkB/s   areq-sz    aqu-sz     await     %util
04:27:33 PM IST   nvme0n1      0.00      0.00      0.00      0.00      0.00      0.00      0.00      0.00
04:27:33 PM IST       sda   1118.00      0.00   6848.00      0.00      6.13      0.60      0.29     31.60

04:27:33 PM IST       DEV       tps     rkB/s     wkB/s     dkB/s   areq-sz    aqu-sz     await     %util
04:27:34 PM IST   nvme0n1      0.00      0.00      0.00      0.00      0.00      0.00      0.00      0.00
04:27:34 PM IST       sda   1114.00      0.00   6840.00      0.00      6.14      0.60      0.29     35.60

04:27:34 PM IST       DEV       tps     rkB/s     wkB/s     dkB/s   areq-sz    aqu-sz     await     %util
04:27:35 PM IST   nvme0n1      0.00      0.00      0.00      0.00      0.00      0.00      0.00      0.00
04:27:35 PM IST       sda   1128.00      0.00   6948.00      0.00      6.16      0.61      0.29     30.00

04:27:35 PM IST       DEV       tps     rkB/s     wkB/s     dkB/s   areq-sz    aqu-sz     await     %util
04:27:36 PM IST   nvme0n1      0.00      0.00      0.00      0.00      0.00      0.00      0.00      0.00
04:27:36 PM IST       sda   1140.00      0.00   7024.00      0.00      6.16      0.57      0.27     28.80

04:27:36 PM IST       DEV       tps     rkB/s     wkB/s     dkB/s   areq-sz    aqu-sz     await     %util
04:27:37 PM IST   nvme0n1      0.00      0.00      0.00      0.00      0.00      0.00      0.00      0.00
04:27:37 PM IST       sda   1143.00      0.00   6932.00      0.00      6.06      0.57      0.27     28.00

04:27:37 PM IST       DEV       tps     rkB/s     wkB/s     dkB/s   areq-sz    aqu-sz     await     %util
04:27:38 PM IST   nvme0n1      0.00      0.00      0.00      0.00      0.00      0.00      0.00      0.00
04:27:38 PM IST       sda   1103.00      0.00   6800.00      0.00      6.17      0.53      0.25     27.60

04:27:38 PM IST       DEV       tps     rkB/s     wkB/s     dkB/s   areq-sz    aqu-sz     await     %util
04:27:39 PM IST   nvme0n1      0.00      0.00      0.00      0.00      0.00      0.00      0.00      0.00
04:27:39 PM IST       sda   1135.00      0.00   6936.00      0.00      6.11      0.54      0.26     30.80

04:27:39 PM IST       DEV       tps     rkB/s     wkB/s     dkB/s   areq-sz    aqu-sz     await     %util
04:27:40 PM IST   nvme0n1      0.00      0.00      0.00      0.00      0.00      0.00      0.00      0.00
04:27:40 PM IST       sda   1174.00      0.00   7348.00      0.00      6.26      0.55      0.25     31.20

04:27:40 PM IST       DEV       tps     rkB/s     wkB/s     dkB/s   areq-sz    aqu-sz     await     %util
04:27:41 PM IST   nvme0n1      0.00      0.00      0.00      0.00      0.00      0.00      0.00      0.00
04:27:41 PM IST       sda   1125.00      0.00   6916.00      0.00      6.15      0.59      0.28     31.20

04:27:41 PM IST       DEV       tps     rkB/s     wkB/s     dkB/s   areq-sz    aqu-sz     await     %util
04:27:42 PM IST   nvme0n1      0.00      0.00      0.00      0.00      0.00      0.00      0.00      0.00
04:27:42 PM IST       sda   1132.00      0.00   6896.00      0.00      6.09      0.54      0.26     32.00

04:27:42 PM IST       DEV       tps     rkB/s     wkB/s     dkB/s   areq-sz    aqu-sz     await     %util
04:27:43 PM IST   nvme0n1      0.00      0.00      0.00      0.00      0.00      0.00      0.00      0.00
04:27:43 PM IST       sda   1122.00      0.00   6872.00      0.00      6.12      0.54      0.26     28.00

04:27:43 PM IST       DEV       tps     rkB/s     wkB/s     dkB/s   areq-sz    aqu-sz     await     %util
04:27:44 PM IST   nvme0n1      0.00      0.00      0.00      0.00      0.00      0.00      0.00      0.00
04:27:44 PM IST       sda   1136.00      0.00   6996.00      0.00      6.16      0.55      0.26     27.20

04:27:44 PM IST       DEV       tps     rkB/s     wkB/s     dkB/s   areq-sz    aqu-sz     await     %util
04:27:45 PM IST   nvme0n1      0.00      0.00      0.00      0.00      0.00      0.00      0.00      0.00
04:27:45 PM IST       sda   1179.00      0.00   7336.00      0.00      6.22      0.60      0.27     30.40

04:27:45 PM IST       DEV       tps     rkB/s     wkB/s     dkB/s   areq-sz    aqu-sz     await     %util
04:27:46 PM IST   nvme0n1      0.00      0.00      0.00      0.00      0.00      0.00      0.00      0.00
04:27:46 PM IST       sda   1153.00      0.00   7100.00      0.00      6.16      0.58      0.27     30.80

04:27:46 PM IST       DEV       tps     rkB/s     wkB/s     dkB/s   areq-sz    aqu-sz     await     %util
04:27:47 PM IST   nvme0n1      0.00      0.00      0.00      0.00      0.00      0.00      0.00      0.00
04:27:47 PM IST       sda   1124.00      0.00   6852.00      0.00      6.10      0.58      0.28     31.20

04:27:47 PM IST       DEV       tps     rkB/s     wkB/s     dkB/s   areq-sz    aqu-sz     await     %util
04:27:48 PM IST   nvme0n1      0.00      0.00      0.00      0.00      0.00      0.00      0.00      0.00
04:27:48 PM IST       sda   1159.00      0.00   7016.00      0.00      6.05      0.57      0.26     28.80

04:27:48 PM IST       DEV       tps     rkB/s     wkB/s     dkB/s   areq-sz    aqu-sz     await     %util
04:27:49 PM IST   nvme0n1      0.00      0.00      0.00      0.00      0.00      0.00      0.00      0.00
04:27:49 PM IST       sda   1103.00      0.00   6836.00      0.00      6.20      0.60      0.29     38.40

04:27:49 PM IST       DEV       tps     rkB/s     wkB/s     dkB/s   areq-sz    aqu-sz     await     %util
04:27:50 PM IST   nvme0n1      0.00      0.00      0.00      0.00      0.00      0.00      0.00      0.00
04:27:50 PM IST       sda   1095.00      0.00   6992.00      0.00      6.39      0.60      0.29     32.40

04:27:50 PM IST       DEV       tps     rkB/s     wkB/s     dkB/s   areq-sz    aqu-sz     await     %util
04:27:51 PM IST   nvme0n1      0.00      0.00      0.00      0.00      0.00      0.00      0.00      0.00
04:27:51 PM IST       sda   1112.00      0.00   6860.00      0.00      6.17      0.61      0.29     34.00

04:27:51 PM IST       DEV       tps     rkB/s     wkB/s     dkB/s   areq-sz    aqu-sz     await     %util
04:27:52 PM IST   nvme0n1      0.00      0.00      0.00      0.00      0.00      0.00      0.00      0.00
04:27:52 PM IST       sda   1098.00      0.00   6760.00      0.00      6.16      0.60      0.29     32.80

04:27:52 PM IST       DEV       tps     rkB/s     wkB/s     dkB/s   areq-sz    aqu-sz     await     %util
04:27:53 PM IST   nvme0n1      0.00      0.00      0.00      0.00      0.00      0.00      0.00      0.00
04:27:53 PM IST       sda   1139.00      0.00   6936.00      0.00      6.09      0.59      0.28     31.20

04:27:53 PM IST       DEV       tps     rkB/s     wkB/s     dkB/s   areq-sz    aqu-sz     await     %util
04:27:54 PM IST   nvme0n1      0.00      0.00      0.00      0.00      0.00      0.00      0.00      0.00
04:27:54 PM IST       sda   1128.00      0.00   6916.00      0.00      6.13      0.55      0.26     35.20

04:27:54 PM IST       DEV       tps     rkB/s     wkB/s     dkB/s   areq-sz    aqu-sz     await     %util
04:27:55 PM IST   nvme0n1      0.00      0.00      0.00      0.00      0.00      0.00      0.00      0.00
04:27:55 PM IST       sda   1159.00      0.00   7336.00      0.00      6.33      0.55      0.26     27.20

04:27:55 PM IST       DEV       tps     rkB/s     wkB/s     dkB/s   areq-sz    aqu-sz     await     %util
04:27:56 PM IST   nvme0n1      0.00      0.00      0.00      0.00      0.00      0.00      0.00      0.00
04:27:56 PM IST       sda   1151.00      8.00   7184.00      0.00      6.25      0.55      0.25     30.00

04:27:56 PM IST       DEV       tps     rkB/s     wkB/s     dkB/s   areq-sz    aqu-sz     await     %util
04:27:57 PM IST   nvme0n1      0.00      0.00      0.00      0.00      0.00      0.00      0.00      0.00
04:27:57 PM IST       sda   1144.00      0.00   6952.00      0.00      6.08      0.54      0.25     29.20

04:27:57 PM IST       DEV       tps     rkB/s     wkB/s     dkB/s   areq-sz    aqu-sz     await     %util
04:27:58 PM IST   nvme0n1      0.00      0.00      0.00      0.00      0.00      0.00      0.00      0.00
04:27:58 PM IST       sda   1124.00      0.00   6896.00      0.00      6.14      0.57      0.27     28.40

04:27:58 PM IST       DEV       tps     rkB/s     wkB/s     dkB/s   areq-sz    aqu-sz     await     %util
04:27:59 PM IST   nvme0n1      0.00      0.00      0.00      0.00      0.00      0.00      0.00      0.00
04:27:59 PM IST       sda   1132.00      0.00   6920.00      0.00      6.11      0.53      0.25     26.00

04:27:59 PM IST       DEV       tps     rkB/s     wkB/s     dkB/s   areq-sz    aqu-sz     await     %util
04:28:00 PM IST   nvme0n1      0.00      0.00      0.00      0.00      0.00      0.00      0.00      0.00
04:28:00 PM IST       sda   1133.00      0.00   6912.00      0.00      6.10      0.54      0.25     26.80

04:28:00 PM IST       DEV       tps     rkB/s     wkB/s     dkB/s   areq-sz    aqu-sz     await     %util
04:28:01 PM IST   nvme0n1      0.00      0.00      0.00      0.00      0.00      0.00      0.00      0.00
04:28:01 PM IST       sda   1139.00      0.00   7260.00      0.00      6.37      0.56      0.26     31.60

04:28:01 PM IST       DEV       tps     rkB/s     wkB/s     dkB/s   areq-sz    aqu-sz     await     %util
04:28:02 PM IST   nvme0n1      0.00      0.00      0.00      0.00      0.00      0.00      0.00      0.00
04:28:02 PM IST       sda   1127.00      0.00   6976.00      0.00      6.19      0.54      0.26     26.80

04:28:02 PM IST       DEV       tps     rkB/s     wkB/s     dkB/s   areq-sz    aqu-sz     await     %util
04:28:03 PM IST   nvme0n1      0.00      0.00      0.00      0.00      0.00      0.00      0.00      0.00
04:28:03 PM IST       sda   1138.00      0.00  13700.00      0.00     12.04      0.60      0.29     28.80

04:28:03 PM IST       DEV       tps     rkB/s     wkB/s     dkB/s   areq-sz    aqu-sz     await     %util
04:28:04 PM IST   nvme0n1      0.00      0.00      0.00      0.00      0.00      0.00      0.00      0.00
04:28:04 PM IST       sda   1126.00      0.00   7208.00      0.00      6.40      0.57      0.27     30.00

04:28:04 PM IST       DEV       tps     rkB/s     wkB/s     dkB/s   areq-sz    aqu-sz     await     %util
04:28:05 PM IST   nvme0n1      0.00      0.00      0.00      0.00      0.00      0.00      0.00      0.00
04:28:05 PM IST       sda   1142.00      0.00   7256.00      0.00      6.35      0.58      0.27     30.40

04:28:05 PM IST       DEV       tps     rkB/s     wkB/s     dkB/s   areq-sz    aqu-sz     await     %util
04:28:06 PM IST   nvme0n1      0.00      0.00      0.00      0.00      0.00      0.00      0.00      0.00
04:28:06 PM IST       sda   1074.00      0.00   6668.00      0.00      6.21      0.59      0.29     32.00

04:28:06 PM IST       DEV       tps     rkB/s     wkB/s     dkB/s   areq-sz    aqu-sz     await     %util
04:28:07 PM IST   nvme0n1      0.00      0.00      0.00      0.00      0.00      0.00      0.00      0.00
04:28:07 PM IST       sda   1118.00      0.00   6940.00      0.00      6.21      0.59      0.28     37.20

04:28:07 PM IST       DEV       tps     rkB/s     wkB/s     dkB/s   areq-sz    aqu-sz     await     %util
04:28:08 PM IST   nvme0n1      0.00      0.00      0.00      0.00      0.00      0.00      0.00      0.00
04:28:08 PM IST       sda   1114.00      0.00   7116.00      0.00      6.39      0.60      0.29     31.20

04:28:08 PM IST       DEV       tps     rkB/s     wkB/s     dkB/s   areq-sz    aqu-sz     await     %util
04:28:09 PM IST   nvme0n1      0.00      0.00      0.00      0.00      0.00      0.00      0.00      0.00
04:28:09 PM IST       sda   1087.00      0.00   6688.00      0.00      6.15      0.59      0.29     31.20
